This is pdfTeX, Version 3.141592653-2.6-1.40.23 (TeX Live 2021) (preloaded format=pdflatex 2021.9.21)  22 SEP 2021 00:13
entering extended mode
 restricted \write18 enabled.
 %&-line parsing enabled.
**MaskedPriming_revision.tex
(./MaskedPriming_revision.tex
LaTeX2e <2021-06-01> patch level 1
L3 programming layer <2021-08-27> (/home/bangele/.TinyTeX/texmf-dist/tex/latex/
apa6/apa6.cls
Document Class: apa6 2020/01/13 v2.34 APA formatting (6th edition)
(/home/bangele/.TinyTeX/texmf-dist/tex/latex/base/article.cls
Document Class: article 2021/02/12 v1.4n Standard LaTeX document class
(/home/bangele/.TinyTeX/texmf-dist/tex/latex/base/size12.clo
File: size12.clo 2021/02/12 v1.4n Standard LaTeX file (size option)
)
\c@part=\count182
\c@section=\count183
\c@subsection=\count184
\c@subsubsection=\count185
\c@paragraph=\count186
\c@subparagraph=\count187
\c@figure=\count188
\c@table=\count189
\abovecaptionskip=\skip47
\belowcaptionskip=\skip48
\bibindent=\dimen138
) (/home/bangele/.TinyTeX/texmf-dist/tex/latex/etoolbox/etoolbox.sty
Package: etoolbox 2020/10/05 v2.5k e-TeX tools for LaTeX (JAW)
\etb@tempcnta=\count190
)
Class apa6 Info: No bibliography package was specified; defaulting to (but not 
loading) Biblatex on input line 213.
(/home/bangele/.TinyTeX/texmf-dist/tex/latex/lm/lmodern.sty
Package: lmodern 2015/05/01 v1.6.1 Latin Modern Fonts
LaTeX Font Info:    Overwriting symbol font `operators' in version `normal'
(Font)                  OT1/cmr/m/n --> OT1/lmr/m/n on input line 22.
LaTeX Font Info:    Overwriting symbol font `letters' in version `normal'
(Font)                  OML/cmm/m/it --> OML/lmm/m/it on input line 23.
LaTeX Font Info:    Overwriting symbol font `symbols' in version `normal'
(Font)                  OMS/cmsy/m/n --> OMS/lmsy/m/n on input line 24.
LaTeX Font Info:    Overwriting symbol font `largesymbols' in version `normal'
(Font)                  OMX/cmex/m/n --> OMX/lmex/m/n on input line 25.
LaTeX Font Info:    Overwriting symbol font `operators' in version `bold'
(Font)                  OT1/cmr/bx/n --> OT1/lmr/bx/n on input line 26.
LaTeX Font Info:    Overwriting symbol font `letters' in version `bold'
(Font)                  OML/cmm/b/it --> OML/lmm/b/it on input line 27.
LaTeX Font Info:    Overwriting symbol font `symbols' in version `bold'
(Font)                  OMS/cmsy/b/n --> OMS/lmsy/b/n on input line 28.
LaTeX Font Info:    Overwriting symbol font `largesymbols' in version `bold'
(Font)                  OMX/cmex/m/n --> OMX/lmex/m/n on input line 29.
LaTeX Font Info:    Overwriting math alphabet `\mathbf' in version `normal'
(Font)                  OT1/cmr/bx/n --> OT1/lmr/bx/n on input line 31.
LaTeX Font Info:    Overwriting math alphabet `\mathsf' in version `normal'
(Font)                  OT1/cmss/m/n --> OT1/lmss/m/n on input line 32.
LaTeX Font Info:    Overwriting math alphabet `\mathit' in version `normal'
(Font)                  OT1/cmr/m/it --> OT1/lmr/m/it on input line 33.
LaTeX Font Info:    Overwriting math alphabet `\mathtt' in version `normal'
(Font)                  OT1/cmtt/m/n --> OT1/lmtt/m/n on input line 34.
LaTeX Font Info:    Overwriting math alphabet `\mathbf' in version `bold'
(Font)                  OT1/cmr/bx/n --> OT1/lmr/bx/n on input line 35.
LaTeX Font Info:    Overwriting math alphabet `\mathsf' in version `bold'
(Font)                  OT1/cmss/bx/n --> OT1/lmss/bx/n on input line 36.
LaTeX Font Info:    Overwriting math alphabet `\mathit' in version `bold'
(Font)                  OT1/cmr/bx/it --> OT1/lmr/bx/it on input line 37.
LaTeX Font Info:    Overwriting math alphabet `\mathtt' in version `bold'
(Font)                  OT1/cmtt/m/n --> OT1/lmtt/m/n on input line 38.
) (/home/bangele/.TinyTeX/texmf-dist/tex/latex/base/fontenc.sty
Package: fontenc 2021/04/29 v2.0v Standard LaTeX package
LaTeX Font Info:    Trying to load font information for T1+lmr on input line 11
2.
(/home/bangele/.TinyTeX/texmf-dist/tex/latex/lm/t1lmr.fd
File: t1lmr.fd 2015/05/01 v1.6.1 Font defs for Latin Modern
)) (/home/bangele/.TinyTeX/texmf-dist/tex/latex/geometry/geometry.sty
Package: geometry 2020/01/02 v5.9 Page Geometry
(/home/bangele/.TinyTeX/texmf-dist/tex/latex/graphics/keyval.sty
Package: keyval 2014/10/28 v1.15 key=value parser (DPC)
\KV@toks@=\toks16
) (/home/bangele/.TinyTeX/texmf-dist/tex/generic/iftex/ifvtex.sty
Package: ifvtex 2019/10/25 v1.7 ifvtex legacy package. Use iftex instead.
(/home/bangele/.TinyTeX/texmf-dist/tex/generic/iftex/iftex.sty
Package: iftex 2020/03/06 v1.0d TeX engine tests
))
\Gm@cnth=\count191
\Gm@cntv=\count192
\c@Gm@tempcnt=\count193
\Gm@bindingoffset=\dimen139
\Gm@wd@mp=\dimen140
\Gm@odd@mp=\dimen141
\Gm@even@mp=\dimen142
\Gm@layoutwidth=\dimen143
\Gm@layoutheight=\dimen144
\Gm@layouthoffset=\dimen145
\Gm@layoutvoffset=\dimen146
\Gm@dimlist=\toks17
) (/home/bangele/.TinyTeX/texmf-dist/tex/latex/graphics/graphicx.sty
Package: graphicx 2020/12/05 v1.2c Enhanced LaTeX Graphics (DPC,SPQR)
(/home/bangele/.TinyTeX/texmf-dist/tex/latex/graphics/graphics.sty
Package: graphics 2021/03/04 v1.4d Standard LaTeX Graphics (DPC,SPQR)
(/home/bangele/.TinyTeX/texmf-dist/tex/latex/graphics/trig.sty
Package: trig 2016/01/03 v1.10 sin cos tan (DPC)
) (/home/bangele/.TinyTeX/texmf-dist/tex/latex/graphics-cfg/graphics.cfg
File: graphics.cfg 2016/06/04 v1.11 sample graphics configuration
)
Package graphics Info: Driver file: pdftex.def on input line 107.
(/home/bangele/.TinyTeX/texmf-dist/tex/latex/graphics-def/pdftex.def
File: pdftex.def 2020/10/05 v1.2a Graphics/color driver for pdftex
))
\Gin@req@height=\dimen147
\Gin@req@width=\dimen148
) (/home/bangele/.TinyTeX/texmf-dist/tex/latex/booktabs/booktabs.sty
Package: booktabs 2020/01/12 v1.61803398 Publication quality tables
\heavyrulewidth=\dimen149
\lightrulewidth=\dimen150
\cmidrulewidth=\dimen151
\belowrulesep=\dimen152
\belowbottomsep=\dimen153
\aboverulesep=\dimen154
\abovetopsep=\dimen155
\cmidrulesep=\dimen156
\cmidrulekern=\dimen157
\defaultaddspace=\dimen158
\@cmidla=\count194
\@cmidlb=\count195
\@aboverulesep=\dimen159
\@belowrulesep=\dimen160
\@thisruleclass=\count196
\@lastruleclass=\count197
\@thisrulewidth=\dimen161
) (/home/bangele/.TinyTeX/texmf-dist/tex/latex/threeparttable/threeparttable.st
y
Package: threeparttable 2003/06/13  v 3.0
\@tempboxb=\box50
)
\b@level@one@skip=\skip49
\e@level@one@skip=\skip50
\b@level@two@skip=\skip51
\e@level@two@skip=\skip52
\b@level@three@skip=\skip53
\e@level@three@skip=\skip54
\b@level@four@skip=\skip55
\e@level@four@skip=\skip56
\b@level@five@skip=\skip57
\e@level@five@skip=\skip58
(/home/bangele/.TinyTeX/texmf-dist/tex/latex/caption/caption.sty
Package: caption 2020/10/26 v3.5g Customizing captions (AR)
(/home/bangele/.TinyTeX/texmf-dist/tex/latex/caption/caption3.sty
Package: caption3 2020/10/21 v2.2e caption3 kernel (AR)
\captionmargin=\dimen162
\captionmargin@=\dimen163
\captionwidth=\dimen164
\caption@tempdima=\dimen165
\caption@indent=\dimen166
\caption@parindent=\dimen167
\caption@hangindent=\dimen168
Package caption Info: Standard document class detected.
)
\c@caption@flags=\count198
\c@continuedfloat=\count199
Package caption Info: threeparttable package is loaded.
)
\c@APAenum=\count266
\@text@par@indent=\skip59
\gr@box=\box51
\gr@boxwidth=\skip60
\gr@boxheight=\skip61
(/home/bangele/.TinyTeX/texmf-dist/tex/latex/tools/bm.sty
Package: bm 2021/04/25 v1.2e Bold Symbol Support (DPC/FMi)
\symboldoperators=\mathgroup4
\symboldletters=\mathgroup5
\symboldsymbols=\mathgroup6
Package bm Info: No bold for \OMX/lmex/m/n, using \pmb.
LaTeX Font Info:    Redeclaring math alphabet \mathbf on input line 149.
)
\c@appendix=\count267
(/home/bangele/.TinyTeX/texmf-dist/tex/latex/fancyhdr/fancyhdr.sty
Package: fancyhdr 2021/01/28 v4.0.1 Extensive control of page headers and foote
rs
\f@nch@headwidth=\skip62
\f@nch@O@elh=\skip63
\f@nch@O@erh=\skip64
\f@nch@O@olh=\skip65
\f@nch@O@orh=\skip66
\f@nch@O@elf=\skip67
\f@nch@O@erf=\skip68
\f@nch@O@olf=\skip69
\f@nch@O@orf=\skip70
) (/home/bangele/.TinyTeX/texmf-dist/tex/latex/endfloat/endfloat.sty
Package: endfloat 2019/04/15 v2.7 LaTeX2e package puts figures and tables at en
d (jdm)
\c@posttable=\count268
\efloat@postttt=\write3
\@ef@tttopen=\count269
\c@postfigure=\count270
\efloat@postfff=\write4
\@ef@fffopen=\count271
) (/home/bangele/.TinyTeX/texmf-dist/tex/latex/float/float.sty
Package: float 2001/11/08 v1.3d Float enhancements (AL)
\c@float@type=\count272
\float@exts=\toks18
\float@box=\box52
\@float@everytoks=\toks19
\@floatcapt=\box53
)) (/home/bangele/.TinyTeX/texmf-dist/tex/latex/amsmath/amsmath.sty
Package: amsmath 2021/04/20 v2.17j AMS math features
\@mathmargin=\skip71
For additional information on amsmath, use the `?' option.
(/home/bangele/.TinyTeX/texmf-dist/tex/latex/amsmath/amstext.sty
Package: amstext 2000/06/29 v2.01 AMS text
(/home/bangele/.TinyTeX/texmf-dist/tex/latex/amsmath/amsgen.sty
File: amsgen.sty 1999/11/30 v2.0 generic functions
\@emptytoks=\toks20
\ex@=\dimen169
)) (/home/bangele/.TinyTeX/texmf-dist/tex/latex/amsmath/amsbsy.sty
Package: amsbsy 1999/11/29 v1.2d Bold Symbols
LaTeX Info: Redefining \boldsymbol on input line 28.
\pmbraise@=\dimen170
) (/home/bangele/.TinyTeX/texmf-dist/tex/latex/amsmath/amsopn.sty
Package: amsopn 2016/03/08 v2.02 operator names
)
\inf@bad=\count273
LaTeX Info: Redefining \frac on input line 234.
\uproot@=\count274
\leftroot@=\count275
LaTeX Info: Redefining \overline on input line 399.
\classnum@=\count276
\DOTSCASE@=\count277
LaTeX Info: Redefining \ldots on input line 496.
LaTeX Info: Redefining \dots on input line 499.
LaTeX Info: Redefining \cdots on input line 620.
\Mathstrutbox@=\box54
\strutbox@=\box55
\big@size=\dimen171
LaTeX Font Info:    Redeclaring font encoding OML on input line 743.
LaTeX Font Info:    Redeclaring font encoding OMS on input line 744.
\macc@depth=\count278
\c@MaxMatrixCols=\count279
\dotsspace@=\muskip16
\c@parentequation=\count280
\dspbrk@lvl=\count281
\tag@help=\toks21
\row@=\count282
\column@=\count283
\maxfields@=\count284
\andhelp@=\toks22
\eqnshift@=\dimen172
\alignsep@=\dimen173
\tagshift@=\dimen174
\tagwidth@=\dimen175
\totwidth@=\dimen176
\lineht@=\dimen177
\@envbody=\toks23
\multlinegap=\skip72
\multlinetaggap=\skip73
\mathdisplay@stack=\toks24
LaTeX Info: Redefining \[ on input line 2923.
LaTeX Info: Redefining \] on input line 2924.
) (/home/bangele/.TinyTeX/texmf-dist/tex/latex/amsfonts/amssymb.sty
Package: amssymb 2013/01/14 v3.01 AMS font symbols
(/home/bangele/.TinyTeX/texmf-dist/tex/latex/amsfonts/amsfonts.sty
Package: amsfonts 2013/01/14 v3.01 Basic AMSFonts support
\symAMSa=\mathgroup7
\symAMSb=\mathgroup8
LaTeX Font Info:    Redeclaring math symbol \hbar on input line 98.
LaTeX Font Info:    Overwriting math alphabet `\mathfrak' in version `bold'
(Font)                  U/euf/m/n --> U/euf/b/n on input line 106.
)) (/home/bangele/.TinyTeX/texmf-dist/tex/generic/iftex/ifxetex.sty
Package: ifxetex 2019/10/25 v0.7 ifxetex legacy package. Use iftex instead.
) (/home/bangele/.TinyTeX/texmf-dist/tex/generic/iftex/ifluatex.sty
Package: ifluatex 2019/10/25 v1.5 ifluatex legacy package. Use iftex instead.
) (/home/bangele/.TinyTeX/texmf-dist/tex/latex/base/fontenc.sty
Package: fontenc 2021/04/29 v2.0v Standard LaTeX package
) (/home/bangele/.TinyTeX/texmf-dist/tex/latex/base/inputenc.sty
Package: inputenc 2021/02/14 v1.3d Input encoding file
\inpenc@prehook=\toks25
\inpenc@posthook=\toks26
) (/home/bangele/.TinyTeX/texmf-dist/tex/latex/base/textcomp.sty
Package: textcomp 2020/02/02 v2.0n Standard LaTeX package
) (/home/bangele/.TinyTeX/texmf-dist/tex/latex/xcolor/xcolor.sty
Package: xcolor 2016/05/11 v2.12 LaTeX color extensions (UK)
(/home/bangele/.TinyTeX/texmf-dist/tex/latex/graphics-cfg/color.cfg
File: color.cfg 2016/01/02 v1.6 sample color configuration
)
Package xcolor Info: Driver file: pdftex.def on input line 225.
Package xcolor Info: Model `cmy' substituted by `cmy0' on input line 1348.
Package xcolor Info: Model `hsb' substituted by `rgb' on input line 1352.
Package xcolor Info: Model `RGB' extended on input line 1364.
Package xcolor Info: Model `HTML' substituted by `rgb' on input line 1366.
Package xcolor Info: Model `Hsb' substituted by `hsb' on input line 1367.
Package xcolor Info: Model `tHsb' substituted by `hsb' on input line 1368.
Package xcolor Info: Model `HSB' substituted by `hsb' on input line 1369.
Package xcolor Info: Model `Gray' substituted by `gray' on input line 1370.
Package xcolor Info: Model `wave' substituted by `hsb' on input line 1371.
) (/home/bangele/.TinyTeX/texmf-dist/tex/latex/hyperref/hyperref.sty
Package: hyperref 2021-06-07 v7.00m Hypertext links for LaTeX
(/home/bangele/.TinyTeX/texmf-dist/tex/generic/ltxcmds/ltxcmds.sty
Package: ltxcmds 2020-05-10 v1.25 LaTeX kernel commands for general use (HO)
) (/home/bangele/.TinyTeX/texmf-dist/tex/generic/pdftexcmds/pdftexcmds.sty
Package: pdftexcmds 2020-06-27 v0.33 Utility functions of pdfTeX for LuaTeX (HO
)
(/home/bangele/.TinyTeX/texmf-dist/tex/generic/infwarerr/infwarerr.sty
Package: infwarerr 2019/12/03 v1.5 Providing info/warning/error messages (HO)
)
Package pdftexcmds Info: \pdf@primitive is available.
Package pdftexcmds Info: \pdf@ifprimitive is available.
Package pdftexcmds Info: \pdfdraftmode found.
) (/home/bangele/.TinyTeX/texmf-dist/tex/generic/kvsetkeys/kvsetkeys.sty
Package: kvsetkeys 2019/12/15 v1.18 Key value parser (HO)
) (/home/bangele/.TinyTeX/texmf-dist/tex/generic/kvdefinekeys/kvdefinekeys.sty
Package: kvdefinekeys 2019-12-19 v1.6 Define keys (HO)
) (/home/bangele/.TinyTeX/texmf-dist/tex/generic/pdfescape/pdfescape.sty
Package: pdfescape 2019/12/09 v1.15 Implements pdfTeX's escape features (HO)
) (/home/bangele/.TinyTeX/texmf-dist/tex/latex/hycolor/hycolor.sty
Package: hycolor 2020-01-27 v1.10 Color options for hyperref/bookmark (HO)
) (/home/bangele/.TinyTeX/texmf-dist/tex/latex/letltxmacro/letltxmacro.sty
Package: letltxmacro 2019/12/03 v1.6 Let assignment for LaTeX macros (HO)
) (/home/bangele/.TinyTeX/texmf-dist/tex/latex/auxhook/auxhook.sty
Package: auxhook 2019-12-17 v1.6 Hooks for auxiliary files (HO)
) (/home/bangele/.TinyTeX/texmf-dist/tex/latex/kvoptions/kvoptions.sty
Package: kvoptions 2020-10-07 v3.14 Key value format for package options (HO)
)
\@linkdim=\dimen178
\Hy@linkcounter=\count285
\Hy@pagecounter=\count286
(/home/bangele/.TinyTeX/texmf-dist/tex/latex/hyperref/pd1enc.def
File: pd1enc.def 2021-06-07 v7.00m Hyperref: PDFDocEncoding definition (HO)
Now handling font encoding PD1 ...
... no UTF-8 mapping file for font encoding PD1
) (/home/bangele/.TinyTeX/texmf-dist/tex/latex/hyperref/hyperref-langpatches.de
f
File: hyperref-langpatches.def 2021-06-07 v7.00m Hyperref: patches for babel la
nguages
) (/home/bangele/.TinyTeX/texmf-dist/tex/generic/intcalc/intcalc.sty
Package: intcalc 2019/12/15 v1.3 Expandable calculations with integers (HO)
) (/home/bangele/.TinyTeX/texmf-dist/tex/generic/etexcmds/etexcmds.sty
Package: etexcmds 2019/12/15 v1.7 Avoid name clashes with e-TeX commands (HO)
)
\Hy@SavedSpaceFactor=\count287
(/home/bangele/.TinyTeX/texmf-dist/tex/latex/hyperref/puenc.def
File: puenc.def 2021-06-07 v7.00m Hyperref: PDF Unicode definition (HO)
Now handling font encoding PU ...
... no UTF-8 mapping file for font encoding PU
)
Package hyperref Info: Option `unicode' set `true' on input line 4073.
Package hyperref Info: Hyper figures OFF on input line 4192.
Package hyperref Info: Link nesting OFF on input line 4197.
Package hyperref Info: Hyper index ON on input line 4200.
Package hyperref Info: Plain pages OFF on input line 4207.
Package hyperref Info: Backreferencing OFF on input line 4212.
Package hyperref Info: Implicit mode ON; LaTeX internals redefined.
Package hyperref Info: Bookmarks ON on input line 4445.
\c@Hy@tempcnt=\count288
(/home/bangele/.TinyTeX/texmf-dist/tex/latex/url/url.sty
\Urlmuskip=\muskip17
Package: url 2013/09/16  ver 3.4  Verb mode for urls, etc.
)
LaTeX Info: Redefining \url on input line 4804.
\XeTeXLinkMargin=\dimen179
(/home/bangele/.TinyTeX/texmf-dist/tex/generic/bitset/bitset.sty
Package: bitset 2019/12/09 v1.3 Handle bit-vector datatype (HO)
(/home/bangele/.TinyTeX/texmf-dist/tex/generic/bigintcalc/bigintcalc.sty
Package: bigintcalc 2019/12/15 v1.5 Expandable calculations on big integers (HO
)
))
\Fld@menulength=\count289
\Field@Width=\dimen180
\Fld@charsize=\dimen181
Package hyperref Info: Hyper figures OFF on input line 6076.
Package hyperref Info: Link nesting OFF on input line 6081.
Package hyperref Info: Hyper index ON on input line 6084.
Package hyperref Info: backreferencing OFF on input line 6091.
Package hyperref Info: Link coloring OFF on input line 6096.
Package hyperref Info: Link coloring with OCG OFF on input line 6101.
Package hyperref Info: PDF/A mode OFF on input line 6106.
LaTeX Info: Redefining \ref on input line 6146.
LaTeX Info: Redefining \pageref on input line 6150.
(/home/bangele/.TinyTeX/texmf-dist/tex/latex/base/atbegshi-ltx.sty
Package: atbegshi-ltx 2021/01/10 v1.0c Emulation of the original atbegshi
package with kernel methods
)
\Hy@abspage=\count290
\c@Item=\count291
\c@Hfootnote=\count292
)
Package hyperref Info: Driver (autodetected): hpdftex.
(/home/bangele/.TinyTeX/texmf-dist/tex/latex/hyperref/hpdftex.def
File: hpdftex.def 2021-06-07 v7.00m Hyperref driver for pdfTeX
(/home/bangele/.TinyTeX/texmf-dist/tex/latex/base/atveryend-ltx.sty
Package: atveryend-ltx 2020/08/19 v1.0a Emulation of the original atvery packag
e
with kernel methods
)
\Fld@listcount=\count293
\c@bookmark@seq@number=\count294
(/home/bangele/.TinyTeX/texmf-dist/tex/latex/rerunfilecheck/rerunfilecheck.sty
Package: rerunfilecheck 2019/12/05 v1.9 Rerun checks for auxiliary files (HO)
(/home/bangele/.TinyTeX/texmf-dist/tex/generic/uniquecounter/uniquecounter.sty
Package: uniquecounter 2019/12/15 v1.4 Provide unlimited unique counter (HO)
)
Package uniquecounter Info: New unique counter `rerunfilecheck' on input line 2
86.
)
\Hy@SectionHShift=\skip74
) (/home/bangele/.TinyTeX/texmf-dist/tex/latex/was/upgreek.sty
Package: upgreek 2003/02/12 v2.0 (WaS)
Package upgreek Info: Using Euler Roman for upright Greek on input line 31.
\symugrf@m=\mathgroup9
LaTeX Font Info:    Overwriting symbol font `ugrf@m' in version `bold'
(Font)                  U/eur/m/n --> U/eur/b/n on input line 38.
) (/home/bangele/.TinyTeX/texmf-dist/tex/latex/tools/longtable.sty
Package: longtable 2021-05-07 v4.16 Multi-page Table package (DPC)
\LTleft=\skip75
\LTright=\skip76
\LTpre=\skip77
\LTpost=\skip78
\LTchunksize=\count295
\LTcapwidth=\dimen182
\LT@head=\box56
\LT@firsthead=\box57
\LT@foot=\box58
\LT@lastfoot=\box59
\LT@gbox=\box60
\LT@cols=\count296
\LT@rows=\count297
\c@LT@tables=\count298
\c@LT@chunks=\count299
\LT@p@ftn=\toks27
) (/home/bangele/.TinyTeX/texmf-dist/tex/latex/graphics/lscape.sty
Package: lscape 2020/05/28 v3.02 Landscape Pages (DPC)
) (/home/bangele/.TinyTeX/texmf-dist/tex/latex/multirow/multirow.sty
Package: multirow 2021/03/15 v2.8 Span multiple rows of a table
\multirow@colwidth=\skip79
\multirow@cntb=\count300
\multirow@dima=\skip80
\bigstrutjot=\dimen183
) (/home/bangele/.TinyTeX/texmf-dist/tex/latex/tools/tabularx.sty
Package: tabularx 2020/01/15 v2.11c `tabularx' package (DPC)
(/home/bangele/.TinyTeX/texmf-dist/tex/latex/tools/array.sty
Package: array 2021/04/20 v2.5e Tabular extension package (FMi)
\col@sep=\dimen184
\ar@mcellbox=\box61
\extrarowheight=\dimen185
\NC@list=\toks28
\extratabsurround=\skip81
\backup@length=\skip82
\ar@cellbox=\box62
)
\TX@col@width=\dimen186
\TX@old@table=\dimen187
\TX@old@col=\dimen188
\TX@target=\dimen189
\TX@delta=\dimen190
\TX@cols=\count301
\TX@ftn=\toks29
)
(/home/bangele/.TinyTeX/texmf-dist/tex/latex/threeparttablex/threeparttablex.st
y
Package: threeparttablex 2013/07/23 v0.3 by daleif
(/home/bangele/.TinyTeX/texmf-dist/tex/latex/environ/environ.sty
Package: environ 2014/05/04 v0.3 A new way to define environments
(/home/bangele/.TinyTeX/texmf-dist/tex/latex/trimspaces/trimspaces.sty
Package: trimspaces 2009/09/17 v1.1 Trim spaces around a token list
))
\TPTL@width=\skip83
)
\longtablewidth=\skip84
(/home/bangele/.TinyTeX/texmf-dist/tex/latex/csquotes/csquotes.sty
Package: csquotes 2021-02-22 v5.2l context-sensitive quotations (JAW)
\csq@reset=\count302
\csq@gtype=\count303
\csq@glevel=\count304
\csq@qlevel=\count305
\csq@maxlvl=\count306
\csq@tshold=\count307
\csq@ltx@everypar=\toks30
(/home/bangele/.TinyTeX/texmf-dist/tex/latex/csquotes/csquotes.def
File: csquotes.def 2021-02-22 v5.2l csquotes generic definitions (JAW)
)
Package csquotes Info: Trying to load configuration file 'csquotes.cfg'...
Package csquotes Info: ... configuration file loaded successfully.
(/home/bangele/.TinyTeX/texmf-dist/tex/latex/csquotes/csquotes.cfg
File: csquotes.cfg 
)) (/home/bangele/.TinyTeX/texmf-dist/tex/generic/babel/babel.sty
Package: babel 2021/07/22 3.63 The Babel package
(/home/bangele/.TinyTeX/texmf-dist/tex/generic/babel/babel.def
File: babel.def 2021/07/22 3.63 Babel common definitions
\babel@savecnt=\count308
\U@D=\dimen191
\l@unhyphenated=\language3
(/home/bangele/.TinyTeX/texmf-dist/tex/generic/babel/txtbabel.def)
\bbl@readstream=\read2
)
\bbl@dirlevel=\count309
(/home/bangele/.TinyTeX/texmf-dist/tex/generic/babel-english/english.ldf
Language: english 2017/06/06 v3.3r English support from the babel system
Package babel Info: Hyphen rules for 'british' set to \l@english
(babel)             (\language0). Reported on input line 82.
Package babel Info: Hyphen rules for 'UKenglish' set to \l@english
(babel)             (\language0). Reported on input line 83.
Package babel Info: Hyphen rules for 'canadian' set to \l@english
(babel)             (\language0). Reported on input line 102.
Package babel Info: Hyphen rules for 'australian' set to \l@english
(babel)             (\language0). Reported on input line 105.
Package babel Info: Hyphen rules for 'newzealand' set to \l@english
(babel)             (\language0). Reported on input line 108.
) (/home/bangele/.TinyTeX/texmf-dist/tex/generic/babel-english/english.ldf
Language: english 2017/06/06 v3.3r English support from the babel system
))
\cslhangindent=\skip85
\csllabelwidth=\skip86
(/home/bangele/.TinyTeX/texmf-dist/tex/latex/tools/calc.sty
Package: calc 2017/05/25 v4.3 Infix arithmetic (KKT,FJ)
\calc@Acount=\count310
\calc@Bcount=\count311
\calc@Adimen=\dimen192
\calc@Bdimen=\dimen193
\calc@Askip=\skip87
\calc@Bskip=\skip88
LaTeX Info: Redefining \setlength on input line 80.
LaTeX Info: Redefining \addtolength on input line 81.
\calc@Ccount=\count312
\calc@Cskip=\skip89
)
Package csquotes Info: Checking for multilingual support...
Package csquotes Info: ... found 'babel' package.
Package csquotes Info: Adjusting default style.
Package csquotes Info: Redefining alias 'default' -> 'english'.
(/home/bangele/.TinyTeX/texmf-dist/tex/latex/l3backend/l3backend-pdftex.def
File: l3backend-pdftex.def 2021-08-04 L3 backend support: PDF output (pdfTeX)
\l__color_backend_stack_int=\count313
\l__pdf_internal_box=\box63
) (./MaskedPriming_revision.aux

LaTeX Warning: Label `references' multiply defined.

)
\openout1 = `MaskedPriming_revision.aux'.

LaTeX Font Info:    Checking defaults for OML/cmm/m/it on input line 196.
LaTeX Font Info:    ... okay on input line 196.
LaTeX Font Info:    Checking defaults for OMS/cmsy/m/n on input line 196.
LaTeX Font Info:    ... okay on input line 196.
LaTeX Font Info:    Checking defaults for OT1/cmr/m/n on input line 196.
LaTeX Font Info:    ... okay on input line 196.
LaTeX Font Info:    Checking defaults for T1/cmr/m/n on input line 196.
LaTeX Font Info:    ... okay on input line 196.
LaTeX Font Info:    Checking defaults for TS1/cmr/m/n on input line 196.
LaTeX Font Info:    ... okay on input line 196.
LaTeX Font Info:    Checking defaults for OMX/cmex/m/n on input line 196.
LaTeX Font Info:    ... okay on input line 196.
LaTeX Font Info:    Checking defaults for U/cmr/m/n on input line 196.
LaTeX Font Info:    ... okay on input line 196.
LaTeX Font Info:    Checking defaults for PD1/pdf/m/n on input line 196.
LaTeX Font Info:    ... okay on input line 196.
LaTeX Font Info:    Checking defaults for PU/pdf/m/n on input line 196.
LaTeX Font Info:    ... okay on input line 196.
*geometry* driver: auto-detecting
*geometry* detected driver: pdftex
*geometry* verbose mode - [ preamble ] result:
* driver: pdftex
* paper: <default>
* layout: <same size as paper>
* layoutoffset:(h,v)=(0.0pt,0.0pt)
* modes: twoside 
* h-part:(L,W,R)=(72.26999pt, 469.75502pt, 72.26999pt)
* v-part:(T,H,B)=(72.26999pt, 650.43001pt, 72.26999pt)
* \paperwidth=614.295pt
* \paperheight=794.96999pt
* \textwidth=469.75502pt
* \textheight=650.43001pt
* \oddsidemargin=0.0pt
* \evensidemargin=0.0pt
* \topmargin=-37.0pt
* \headheight=15.2pt
* \headsep=25.0pt
* \topskip=12.0pt
* \footskip=30.0pt
* \marginparwidth=95.0pt
* \marginparsep=10.0pt
* \columnsep=10.0pt
* \skip\footins=10.8pt plus 4.0pt minus 2.0pt
* \hoffset=0.0pt
* \voffset=0.0pt
* \mag=1000
* \@twocolumnfalse
* \@twosidetrue
* \@mparswitchtrue
* \@reversemarginfalse
* (1in=72.27pt=25.4mm, 1cm=28.453pt)

(/home/bangele/.TinyTeX/texmf-dist/tex/latex/epstopdf-pkg/epstopdf-base.sty
Package: epstopdf-base 2020-01-24 v2.11 Base part for package epstopdf
Package epstopdf-base Info: Redefining graphics rule for `.eps' on input line 4
85.
(/home/bangele/.TinyTeX/texmf-dist/tex/latex/latexconfig/epstopdf-sys.cfg
File: epstopdf-sys.cfg 2010/07/13 v1.3 Configuration of (r)epstopdf for TeX Liv
e
)) (/home/bangele/.TinyTeX/texmf-dist/tex/latex/apa6/config/APAamerican.txt
File: APAamerican.txt 2012/02/23 v1.25 apa6 configuration for American English
)
Package caption Info: Begin \AtBeginDocument code.
Package caption Info: float package is loaded.
Package caption Info: hyperref package is loaded.
Package caption Info: longtable package is loaded.
(/home/bangele/.TinyTeX/texmf-dist/tex/latex/caption/ltcaption.sty
Package: ltcaption 2020/05/30 v1.4b longtable captions (AR)
)
Package caption Info: End \AtBeginDocument code.
Package hyperref Info: Link coloring OFF on input line 196.
(/home/bangele/.TinyTeX/texmf-dist/tex/latex/hyperref/nameref.sty
Package: nameref 2021-04-02 v2.47 Cross-referencing by name of section
(/home/bangele/.TinyTeX/texmf-dist/tex/latex/refcount/refcount.sty
Package: refcount 2019/12/15 v3.6 Data extraction from label references (HO)
)
(/home/bangele/.TinyTeX/texmf-dist/tex/generic/gettitlestring/gettitlestring.st
y
Package: gettitlestring 2019/12/15 v1.6 Cleanup title references (HO)
)
\c@section@level=\count314
)
LaTeX Info: Redefining \ref on input line 196.
LaTeX Info: Redefining \pageref on input line 196.
LaTeX Info: Redefining \nameref on input line 196.
(./MaskedPriming_revision.out) (./MaskedPriming_revision.out)
\@outlinefile=\write5
\openout5 = `MaskedPriming_revision.out'.

LaTeX Font Info:    Trying to load font information for OT1+lmr on input line 1
98.
(/home/bangele/.TinyTeX/texmf-dist/tex/latex/lm/ot1lmr.fd
File: ot1lmr.fd 2015/05/01 v1.6.1 Font defs for Latin Modern
)
LaTeX Font Info:    Trying to load font information for OML+lmm on input line 1
98.
(/home/bangele/.TinyTeX/texmf-dist/tex/latex/lm/omllmm.fd
File: omllmm.fd 2015/05/01 v1.6.1 Font defs for Latin Modern
)
LaTeX Font Info:    Trying to load font information for OMS+lmsy on input line 
198.
(/home/bangele/.TinyTeX/texmf-dist/tex/latex/lm/omslmsy.fd
File: omslmsy.fd 2015/05/01 v1.6.1 Font defs for Latin Modern
)
LaTeX Font Info:    Trying to load font information for OMX+lmex on input line 
198.
(/home/bangele/.TinyTeX/texmf-dist/tex/latex/lm/omxlmex.fd
File: omxlmex.fd 2015/05/01 v1.6.1 Font defs for Latin Modern
)
LaTeX Font Info:    External font `lmex10' loaded for size
(Font)              <12> on input line 198.
LaTeX Font Info:    External font `lmex10' loaded for size
(Font)              <8> on input line 198.
LaTeX Font Info:    External font `lmex10' loaded for size
(Font)              <6> on input line 198.
LaTeX Font Info:    Trying to load font information for U+msa on input line 198
.
(/home/bangele/.TinyTeX/texmf-dist/tex/latex/amsfonts/umsa.fd
File: umsa.fd 2013/01/14 v3.01 AMS symbols A
)
LaTeX Font Info:    Trying to load font information for U+msb on input line 198
.
(/home/bangele/.TinyTeX/texmf-dist/tex/latex/amsfonts/umsb.fd
File: umsb.fd 2013/01/14 v3.01 AMS symbols B
) [1{/home/bangele/.TinyTeX/texmf-var/fonts/map/pdftex/updmap/pdftex.map}

] [2

] [3]
Underfull \vbox (badness 1838) has occurred while \output is active []

[4]
Underfull \vbox (badness 10000) has occurred while \output is active []

[5] [6]
Underfull \vbox (badness 7649) has occurred while \output is active []

[7]
Underfull \vbox (badness 7649) has occurred while \output is active []

[8] [9]
Underfull \vbox (badness 7649) has occurred while \output is active []

[10] [11]
<MaskedPriming_revision_files/figure-latex/hyp-mod-dat-figure-1.pdf, id=183, 46
9.755pt x 244.915pt>
File: MaskedPriming_revision_files/figure-latex/hyp-mod-dat-figure-1.pdf Graphi
c file (type pdf)
<use MaskedPriming_revision_files/figure-latex/hyp-mod-dat-figure-1.pdf>
Package pdftex.def Info: MaskedPriming_revision_files/figure-latex/hyp-mod-dat-
figure-1.pdf  used on input line 229.
(pdftex.def)             Requested size: 469.75386pt x 244.91438pt.

Underfull \vbox (badness 1394) has occurred while \output is active []

[12 <./MaskedPriming_revision_files/figure-latex/hyp-mod-dat-figure-1.pdf>]
LaTeX Font Info:    External font `lmex10' loaded for size
(Font)              <10> on input line 255.
LaTeX Font Info:    External font `lmex10' loaded for size
(Font)              <7> on input line 255.
LaTeX Font Info:    External font `lmex10' loaded for size
(Font)              <5> on input line 255.
[13]
Underfull \vbox (badness 1043) has occurred while \output is active []

[14]
Underfull \vbox (badness 1221) has occurred while \output is active []

[15]
Overfull \hbox (33.51346pt too wide) in paragraph at lines 278--297
 [] 
 []

[16]
Underfull \vbox (badness 1028) has occurred while \output is active []

[17]
LaTeX Font Info:    External font `lmex10' loaded for size
(Font)              <10.95> on input line 321.
[18]
<MaskedPriming_revision_files/figure-latex/deltas-e1-words-1.pdf, id=257, 469.7
55pt x 325.215pt>
File: MaskedPriming_revision_files/figure-latex/deltas-e1-words-1.pdf Graphic f
ile (type pdf)
<use MaskedPriming_revision_files/figure-latex/deltas-e1-words-1.pdf>
Package pdftex.def Info: MaskedPriming_revision_files/figure-latex/deltas-e1-wo
rds-1.pdf  used on input line 352.
(pdftex.def)             Requested size: 469.75386pt x 325.2142pt.

Underfull \vbox (badness 10000) has occurred while \output is active []

[19]
Overfull \vbox (33.08955pt too high) has occurred while \output is active []

[20 <./MaskedPriming_revision_files/figure-latex/deltas-e1-words-1.pdf>]
Underfull \vbox (badness 1838) has occurred while \output is active []

[21] [22] [23] [24]
Overfull \hbox (33.51346pt too wide) in paragraph at lines 453--472
 [] 
 []


Overfull \vbox (52.53946pt too high) has occurred while \output is active []

[25]
<MaskedPriming_revision_files/figure-latex/deltas-e2-words-1.pdf, id=321, 469.7
55pt x 325.215pt>
File: MaskedPriming_revision_files/figure-latex/deltas-e2-words-1.pdf Graphic f
ile (type pdf)
<use MaskedPriming_revision_files/figure-latex/deltas-e2-words-1.pdf>
Package pdftex.def Info: MaskedPriming_revision_files/figure-latex/deltas-e2-wo
rds-1.pdf  used on input line 516.
(pdftex.def)             Requested size: 469.75386pt x 325.2142pt.
[26 <./MaskedPriming_revision_files/figure-latex/deltas-e2-words-1.pdf>]
LaTeX Font Info:    Trying to load font information for T1+lmtt on input line 5
54.
(/home/bangele/.TinyTeX/texmf-dist/tex/latex/lm/t1lmtt.fd
File: t1lmtt.fd 2015/05/01 v1.6.1 Font defs for Latin Modern
) [27] [28] [29] [30] [31] [32] [33] [34] [35] [36] [37] [38] [39] [40]
Overfull \hbox (388.5704pt too wide) in paragraph at lines 823--823
[]\T1/lmtt/m/n/12 ## Error in parse_block(g[-1], g[1], params.src, markdown_mod
e): Duplicate chunk label 'appendix_setup', which has been used for the chunk:[
] 
 []

[41]
Overfull \hbox (11.89522pt too wide) in paragraph at lines 862--862
[]\T1/lmtt/m/n/12 ##   [1] GLANCE WINTER MILDEW SLEAZY BOTHER PORTAL COURSE SOC
IAL CENSOR BACKUP[] 
 []


Overfull \hbox (11.89522pt too wide) in paragraph at lines 862--862
[]\T1/lmtt/m/n/12 ##  [11] STABLE PLAGUE OBJECT ABSENT RESIGN CREDIT STREAM WIC
KED INVOKE BEACON[] 
 []


Overfull \hbox (11.89522pt too wide) in paragraph at lines 862--862
[]\T1/lmtt/m/n/12 ##  [21] ADMIRE FACTOR PHRASE BURDEN LOUNGE TAILOR WREATH HOC
KEY SEARCH MONKEY[] 
 []


Overfull \hbox (11.89522pt too wide) in paragraph at lines 862--862
[]\T1/lmtt/m/n/12 ##  [31] INFECT VERIFY SQUEAL INTAKE PHOBIA BEHALF LIQUOR SHR
INK BUCKET VOYAGE[] 
 []


Overfull \hbox (11.89522pt too wide) in paragraph at lines 862--862
[]\T1/lmtt/m/n/12 ##  [41] MASCOT HINDER KIDNEY PERIOD VULGAR CASINO SELDOM MAS
TER MOTHER FRINGE[] 
 []


Overfull \hbox (11.89522pt too wide) in paragraph at lines 862--862
[]\T1/lmtt/m/n/12 ##  [51] EXPORT INJECT NATURE CLUMSY GRUMPY PIRATE POSTER FLO
WER LUMBER FOREST[] 
 []


Overfull \hbox (11.88821pt too wide) in paragraph at lines 862--862
[]\T1/lmtt/m/n/12 ##  [61] FRIGHT BRIDGE KNIGHT TRENCH PLUNGE BUNDLE ANCHOR ABR
UPT HUSTLE ETHNIC[] 
 []


Overfull \hbox (11.89522pt too wide) in paragraph at lines 862--862
[]\T1/lmtt/m/n/12 ##  [71] CRUISE ORANGE STRIVE ALMOST AMOUNT FAUCET CHARGE HUM
BLE PATRON BREAST[] 
 []


Overfull \hbox (11.89522pt too wide) in paragraph at lines 862--862
[]\T1/lmtt/m/n/12 ##  [81] SIMPLE JOCKEY WEALTH PRAISE DOMAIN SPRINT SCREAM COM
EDY SKETCH ORIENT[] 
 []


Overfull \hbox (11.88821pt too wide) in paragraph at lines 862--862
[]\T1/lmtt/m/n/12 ##  [91] WEAPON BUCKLE BUTLER JUNGLE SOCKET VANISH INSULT POW
DER INSECT CONVEY[] 
 []


Overfull \hbox (11.89522pt too wide) in paragraph at lines 862--862
[]\T1/lmtt/m/n/12 ## [101] SPRING CHAPEL TONGUE DANGER CLERGY SINGLE INCOME WAL
NUT SURVEY SNATCH[] 
 []


Overfull \hbox (11.89522pt too wide) in paragraph at lines 862--862
[]\T1/lmtt/m/n/12 ## [111] HUNGRY IMPOSE POLICE RAMBLE STROKE AMBUSH CHANGE FOS
TER SPLINT PENCIL[] 
 []


Overfull \hbox (11.89522pt too wide) in paragraph at lines 862--862
[]\T1/lmtt/m/n/12 ## [121] PONDER REGION LAUNCH THRONE SYMBOL GOSPEL POLICY FUM
BLE PLENTY SQUARE[] 
 []


Overfull \hbox (11.89522pt too wide) in paragraph at lines 862--862
[]\T1/lmtt/m/n/12 ## [131] GARDEN BRIGHT SOURCE PLAQUE TROPHY EXOTIC RACKET COL
UMN THEORY FAMILY[] 
 []


Overfull \hbox (11.89522pt too wide) in paragraph at lines 862--862
[]\T1/lmtt/m/n/12 ## [141] FRIEND STIGMA RESULT MORTAL SPRAWL RODENT FILTER HUN
GER PERMIT RELISH[] 
 []


Overfull \hbox (11.89522pt too wide) in paragraph at lines 862--862
[]\T1/lmtt/m/n/12 ## [151] EXPAND STRAND PUBLIC TRAVEL THREAD IGNORE CLIENT BEL
ONG FLUENT CARBON[] 
 []


Overfull \hbox (11.88821pt too wide) in paragraph at lines 862--862
[]\T1/lmtt/m/n/12 ## [161] WRENCH DIRECT BOUNCE STUDIO NUMBER RANSOM SLOGAN REC
KON WONDER POLITE[] 
 []


Overfull \hbox (11.89522pt too wide) in paragraph at lines 862--862
[]\T1/lmtt/m/n/12 ## [171] INDUCE BREATH CHORUS PLACID GUITAR TUMBLE BRANCH FLI
GHT SPIDER STRAIN[] 
 []


Overfull \hbox (11.89522pt too wide) in paragraph at lines 862--862
[]\T1/lmtt/m/n/12 ## [181] THRIVE LINGER STRIKE BLOUSE NICKEL ENOUGH CASTLE SEN
IOR MARVEL STUPID[] 
 []


Overfull \hbox (11.88821pt too wide) in paragraph at lines 862--862
[]\T1/lmtt/m/n/12 ## [191] QUENCH STRONG CHROME STAPLE IMPORT BLEACH FINGER MEL
ODY DEBRIS PRINCE[] 
 []


Overfull \hbox (11.89522pt too wide) in paragraph at lines 862--862
[]\T1/lmtt/m/n/12 ## [201] ORPHAN SPRUCE REASON SPONGE PARISH COUPLE GARLIC CUS
TOM INVADE RANDOM[] 
 []


Overfull \hbox (11.89522pt too wide) in paragraph at lines 862--862
[]\T1/lmtt/m/n/12 ## [211] MYSTIC ROCKET BEHOLD AUTHOR LIZARD CRADLE DRAGON ISL
AND DETAIL VIOLET[] 
 []


Overfull \hbox (11.89522pt too wide) in paragraph at lines 862--862
[]\T1/lmtt/m/n/12 ## [221] PASTOR CANDLE STRING MARKET INVEST STARCH DESIGN ANS
WER GENIUS POUNCE[] 
 []


Overfull \hbox (11.89522pt too wide) in paragraph at lines 862--862
[]\T1/lmtt/m/n/12 ## [231] DEPART PATROL SHOWER TURKEY FABRIC STRIFE ADVENT INF
ORM BASKET SILENT[] 
 []


Underfull \vbox (badness 1838) has occurred while \output is active []

[42


]
Overfull \hbox (11.89522pt too wide) in paragraph at lines 892--892
[]\T1/lmtt/m/n/12 ##   [1] KNISMA ALCOUD STRELD PRAILE FRUDGE URIVEL SCHIND TAN
DLY FUNTLE CAROEY[] 
 []


Overfull \hbox (11.89522pt too wide) in paragraph at lines 892--892
[]\T1/lmtt/m/n/12 ##  [11] CHRUMS LUNKER DRANCE PITROM IMPURB FRUTAN SNAPEL BAI
TCH LIMPOR SARIDE[] 
 []


Overfull \hbox (11.89522pt too wide) in paragraph at lines 892--892
[]\T1/lmtt/m/n/12 ##  [21] RASTOE ABOUNE DORSEX JAUNCE MINKEL RUNAMO GIRCUE SAD
ENT BRUNGE PHRECT[] 
 []


Overfull \hbox (11.89522pt too wide) in paragraph at lines 892--892
[]\T1/lmtt/m/n/12 ##  [31] CAINKY SURDEN BOLVIS SCOUGE TONDLE BROGET WANIGH BAR
CET BAFENT MINGAR[] 
 []


Overfull \hbox (11.89522pt too wide) in paragraph at lines 892--892
[]\T1/lmtt/m/n/12 ##  [41] JUSTRE ABSULT KISPEL CHAITE WHIVEX HOCITE GORBIE WIC
TOR PADIFS CRUDIO[] 
 []


Overfull \hbox (11.89522pt too wide) in paragraph at lines 892--892
[]\T1/lmtt/m/n/12 ##  [51] NOBEST CIGNEY CRIBLE HABLIN PEBRIC JOSTED PHOTIE ACR
ISE LOBUSH ROBULY[] 
 []


Overfull \hbox (11.88821pt too wide) in paragraph at lines 892--892
[]\T1/lmtt/m/n/12 ##  [61] SMENCO UNWERT MUSIED EATRIC ANOUGS PIATON BLARGE STR
OLE BATROL MILTED[] 
 []


Overfull \hbox (11.89522pt too wide) in paragraph at lines 892--892
[]\T1/lmtt/m/n/12 ##  [71] LUPICT STAPOD RESAIT VAROSH APIGHT INLORS VENIOD POL
UTH SOUDAL UNJECT[] 
 []


Overfull \hbox (11.89522pt too wide) in paragraph at lines 892--892
[]\T1/lmtt/m/n/12 ##  [81] STUNCH QUILEW DOLICA VACKEL DISTAR VARMIT PASINK PAC
KES ORCHET WRIMSY[] 
 []


Overfull \hbox (11.88821pt too wide) in paragraph at lines 892--892
[]\T1/lmtt/m/n/12 ##  [91] AUBRID DAMILT SORTEL FUMBLO SLEIRT YARMON PETAIN UNI
GHS CELOND CURBOL[] 
 []


Overfull \hbox (11.89522pt too wide) in paragraph at lines 892--892
[]\T1/lmtt/m/n/12 ## [101] MELATY PORLEX VERALF SHAPLE PRUDGE RELDON NYMBEL YAC
EUP STARBY SPLINO[] 
 []


Overfull \hbox (11.89522pt too wide) in paragraph at lines 892--892
[]\T1/lmtt/m/n/12 ## [111] PRETCH ABLINT SWANCE INHORT GLEATH BEINCH FERTIC PIE
RGY STURCH YARION[] 
 []


Overfull \hbox (11.89522pt too wide) in paragraph at lines 892--892
[]\T1/lmtt/m/n/12 ## [121] FAINCH MILUER FIREAM CLUDIE FORGLE SOUNGE KIRAFE PSE
TCH AMILOY DANIET[] 
 []


Overfull \hbox (11.89522pt too wide) in paragraph at lines 892--892
[]\T1/lmtt/m/n/12 ## [131] SPROLY NERAWL PAURSE SPRINE LASTON SCREGM WORBAL REA
GLY ZOMBER JOCKAL[] 
 []


Overfull \hbox (11.89522pt too wide) in paragraph at lines 892--892
[]\T1/lmtt/m/n/12 ## [141] MIATOR SLANCH ROSAIL STEIKH THRUSE IGUADE PLENAC BRO
AKE YARIKE KENSOM[] 
 []


Overfull \hbox (11.89522pt too wide) in paragraph at lines 892--892
[]\T1/lmtt/m/n/12 ## [151] GILFEW VANGUE CATRIE WATMEG DESION GHODUS REJOLS WRE
ASH FACHOW FIATCH[] 
 []


Overfull \hbox (11.88821pt too wide) in paragraph at lines 892--892
[]\T1/lmtt/m/n/12 ## [161] MYRTIE RANDOW AIMOSY SCRILY ABSEND SAUDIC KERIFT DUM
PLE ASYLEN NAGURS[] 
 []


Overfull \hbox (11.89522pt too wide) in paragraph at lines 892--892
[]\T1/lmtt/m/n/12 ## [171] TIESCH TRINGE CLUREY VIRLEX ZINGLY OTHNIS DERAIN FLE
ACK FONVER DESORY[] 
 []


Overfull \hbox (11.89522pt too wide) in paragraph at lines 892--892
[]\T1/lmtt/m/n/12 ## [181] PAUCHE TIREAU BREALI IMPOTE GUAIRT TOSHEL SLIQUE HOR
NAL WRONCH SLEACT[] 
 []


Overfull \hbox (11.88821pt too wide) in paragraph at lines 892--892
[]\T1/lmtt/m/n/12 ## [191] GEILOY RAMILY BIGENT SLIANT YORQUE IGUARE INJORE SHR
ILE AUTING CAVORY[] 
 []


Overfull \hbox (11.89522pt too wide) in paragraph at lines 892--892
[]\T1/lmtt/m/n/12 ## [201] HUNIEK SARLEY AUNGRE GUESCO VEIGMA ANCUST GRONCE CRA
GIN WITMER HATRUS[] 
 []


Overfull \hbox (11.89522pt too wide) in paragraph at lines 892--892
[]\T1/lmtt/m/n/12 ## [211] THELDY ROUNCY GANOUS SPAQUX COLURY FLENGY CAMBLE BLU
NDE FOURET WEAROX[] 
 []


Overfull \hbox (11.89522pt too wide) in paragraph at lines 892--892
[]\T1/lmtt/m/n/12 ## [221] MUSTIL SYNTIC BRUATS CLUIRM FLUMNI NOUPLY SUIVER HUR
NIA ELOPIA TUNORY[] 
 []


Overfull \hbox (11.89522pt too wide) in paragraph at lines 892--892
[]\T1/lmtt/m/n/12 ## [231] ORCHIN JILUER EQUATS SERBOL HIGSTA PATHEL EAROUD SUI
DLE SLOUNT GUSHOP[] 
 []

[43] [44


] [45] [46] [47]pdfTeX warning (ext4): destination with the same identifier (na
me{references}) has been already used, duplicate ignored
<to be read again> 
                   \relax 
l.1075 \subsection{References}\label{references}}
                                                  AED endfloat: Processing end 
Figures and Tables [48] (./MaskedPriming_revision.aux)

LaTeX Warning: There were multiply-defined labels.

Package rerunfilecheck Info: File `MaskedPriming_revision.out' has not changed.

(rerunfilecheck)             Checksum: A209A94C71C33A0E8A9B01153D7613C8;3326.
 ) 
Here is how much of TeX's memory you used:
 14947 strings out of 480559
 225824 string characters out of 5903131
 566463 words of memory out of 5000000
 32064 multiletter control sequences out of 15000+600000
 490284 words of font info for 102 fonts, out of 8000000 for 9000
 14 hyphenation exceptions out of 8191
 72i,13n,80p,3380b,626s stack positions out of 5000i,500n,10000p,200000b,80000s
{/home/bangele/.TinyTeX/texmf-dist/fonts/enc/dvips/lm/lm-rm.enc}{/home/bangel
e/.TinyTeX/texmf-dist/fonts/enc/dvips/lm/lm-ec.enc}{/home/bangele/.TinyTeX/texm
f-dist/fonts/enc/dvips/lm/lm-mathit.enc}{/home/bangele/.TinyTeX/texmf-dist/font
s/enc/dvips/lm/lm-mathsy.enc}</home/bangele/.TinyTeX/texmf-dist/fonts/type1/pub
lic/lm/lmbx12.pfb></home/bangele/.TinyTeX/texmf-dist/fonts/type1/public/lm/lmbx
i10.pfb></home/bangele/.TinyTeX/texmf-dist/fonts/type1/public/lm/lmmi10.pfb></h
ome/bangele/.TinyTeX/texmf-dist/fonts/type1/public/lm/lmmi12.pfb></home/bangele
/.TinyTeX/texmf-dist/fonts/type1/public/lm/lmmi8.pfb></home/bangele/.TinyTeX/te
xmf-dist/fonts/type1/public/lm/lmr10.pfb></home/bangele/.TinyTeX/texmf-dist/fon
ts/type1/public/lm/lmr12.pfb></home/bangele/.TinyTeX/texmf-dist/fonts/type1/pub
lic/lm/lmr7.pfb></home/bangele/.TinyTeX/texmf-dist/fonts/type1/public/lm/lmr8.p
fb></home/bangele/.TinyTeX/texmf-dist/fonts/type1/public/lm/lmri10.pfb></home/b
angele/.TinyTeX/texmf-dist/fonts/type1/public/lm/lmri12.pfb></home/bangele/.Tin
yTeX/texmf-dist/fonts/type1/public/lm/lmsy10.pfb></home/bangele/.TinyTeX/texmf-
dist/fonts/type1/public/lm/lmtt12.pfb>
Output written on MaskedPriming_revision.pdf (48 pages, 402461 bytes).
PDF statistics:
 714 PDF objects out of 1000 (max. 8388607)
 622 compressed objects within 7 object streams
 212 named destinations out of 1000 (max. 500000)
 256 words of extra memory for PDF output out of 10000 (max. 10000000)

