0.16900000000000004	EXP	Created Window = Window( name=Window, fullscr=true, color=#ffffff, units=height, waitBlanking=true, autoLog=true, size=[1924,1008] )
2.257	EXP	Created instructions = TextStim( name=instructions, win=Window( name=Window, fullscr=true, color=#ffffff, ~), autoDraw=null, autoLog=true, units=height, ori=null, opacity=1, pos=[0,0], size=undefined, text=default text, font=Courier New, color=#000000, contrast=1, height=0.035, bold=null, italic=null, alignHoriz=left, alignVert=center, wrapWidth=1, flipHoriz=null, flipVert=null )
2.265	EXP	Created instr_done_button = Rect( name=instr_done_button, win=Window( name=Window, fullscr=true, color=#ffffff, ~), autoDraw=null, autoLog=true, units=height, ori=null, opacity=1, pos=[0,-0.4], size=[1,1], lineWidth=1, lineColor=#000000, fillColor=#FFFFFF, vertices=[[-0.2,-0.05],[0.2,-0.05],[0.2,0.05],[-0.2,0.05]], closeShape=true, contrast=1, depth=-2, interpolate=true, width=0.4, height=0.1 )
2.266	EXP	Created instr_done_label = TextStim( name=instr_done_label, win=Window( name=Window, fullscr=true, color=#ffffff, ~), autoDraw=null, autoLog=true, units=height, ori=null, opacity=1, pos=[0,-0.4], size=undefined, text=Continue, font=Courier New, color=#000000, contrast=1, height=0.05, bold=null, italic=null, alignHoriz=left, alignVert=center, wrapWidth=1, flipHoriz=null, flipVert=null )
2.269	EXP	Created instructions_image = ImageStim( name=instructions_image, win=Window( name=Window, fullscr=true, color=#ffffff, ~), autoDraw=null, autoLog=true, units=height, ori=null, opacity=1, pos=[0,0], size=[0.4,0.3], image=undefined, mask=undefined, color=#ffffff, contrast=1, texRes=128, interpolate=true, depth=-6, flipHoriz=null, flipVert=null )
2.27	EXP	Created fixation_mask = TextStim( name=fixation_mask, win=Window( name=Window, fullscr=true, color=#ffffff, ~), autoDraw=null, autoLog=true, units=height, ori=null, opacity=1, pos=[0,0], size=undefined, text=######, font=Courier New, color=#000000, contrast=1, height=0.1, bold=null, italic=null, alignHoriz=left, alignVert=center, wrapWidth=1, flipHoriz=null, flipVert=null )
2.271	EXP	Created prime_text = TextStim( name=prime_text, win=Window( name=Window, fullscr=true, color=#ffffff, ~), autoDraw=null, autoLog=true, units=height, ori=null, opacity=1, pos=[0,0], size=undefined, text=default text, font=Courier New, color=#000000, contrast=1, height=0.1, bold=null, italic=null, alignHoriz=left, alignVert=center, wrapWidth=1, flipHoriz=null, flipVert=null )
2.272	EXP	Created target = TextStim( name=target, win=Window( name=Window, fullscr=true, color=#ffffff, ~), autoDraw=null, autoLog=true, units=height, ori=null, opacity=1, pos=[0,0], size=undefined, text=default text, font=Arial, color=#000000, contrast=1, height=0.1, bold=null, italic=null, alignHoriz=left, alignVert=center, wrapWidth=1, flipHoriz=null, flipVert=null )
2.278	EXP	Created button_left = Rect( name=button_left, win=Window( name=Window, fullscr=true, color=#ffffff, ~), autoDraw=null, autoLog=true, units=height, ori=null, opacity=1, pos=[-0.4,-0.3], size=[1,1], lineWidth=1, lineColor=#000000, fillColor=#FFFFFF, vertices=[[-0.2,-0.1],[0.2,-0.1],[0.2,0.1],[-0.2,0.1]], closeShape=true, contrast=1, depth=-5, interpolate=true, width=0.4, height=0.2 )
2.282	EXP	Created button_right = Rect( name=button_right, win=Window( name=Window, fullscr=true, color=#ffffff, ~), autoDraw=null, autoLog=true, units=height, ori=null, opacity=1, pos=[0.4,-0.3], size=[1,1], lineWidth=1, lineColor=#000000, fillColor=#FFFFFF, vertices=[[-0.2,-0.1],[0.2,-0.1],[0.2,0.1],[-0.2,0.1]], closeShape=true, contrast=1, depth=-6, interpolate=true, width=0.4, height=0.2 )
2.282	EXP	Created trial_label_right = TextStim( name=trial_label_right, win=Window( name=Window, fullscr=true, color=#ffffff, ~), autoDraw=null, autoLog=true, units=height, ori=null, opacity=1, pos=[0.4,-0.3], size=undefined, text=M = Word, font=Courier New, color=#000000, contrast=1, height=0.05, bold=null, italic=null, alignHoriz=left, alignVert=center, wrapWidth=1, flipHoriz=null, flipVert=null )
2.284	EXP	Created trial_label_left_new = TextStim( name=trial_label_left_new, win=Window( name=Window, fullscr=true, color=#ffffff, ~), autoDraw=null, autoLog=true, units=height, ori=null, opacity=1, pos=[-0.4,-0.3], size=undefined, text=Z = Nonword, font=Courier New, color=#000000, contrast=1, height=0.05, bold=null, italic=null, alignHoriz=left, alignVert=center, wrapWidth=1, flipHoriz=null, flipVert=null )
2.285	EXP	Created feedback_text = TextStim( name=feedback_text, win=Window( name=Window, fullscr=true, color=#ffffff, ~), autoDraw=null, autoLog=true, units=height, ori=null, opacity=1, pos=[0,0], size=undefined, text=default text, font=Courier New, color=#FFFFFF, contrast=1, height=0.05, bold=null, italic=null, alignHoriz=left, alignVert=center, wrapWidth=1, flipHoriz=null, flipVert=null )
2.287	EXP	Created button_left_2 = Rect( name=button_left_2, win=Window( name=Window, fullscr=true, color=#ffffff, ~), autoDraw=null, autoLog=true, units=height, ori=null, opacity=1, pos=[-0.4,-0.3], size=[1,1], lineWidth=1, lineColor=#000000, fillColor=#FFFFFF, vertices=[[-0.2,-0.1],[0.2,-0.1],[0.2,0.1],[-0.2,0.1]], closeShape=true, contrast=1, depth=-2, interpolate=true, width=0.4, height=0.2 )
2.296	EXP	Created button_right_2 = Rect( name=button_right_2, win=Window( name=Window, fullscr=true, color=#ffffff, ~), autoDraw=null, autoLog=true, units=height, ori=null, opacity=1, pos=[0.4,-0.3], size=[1,1], lineWidth=1, lineColor=#000000, fillColor=#FFFFFF, vertices=[[-0.2,-0.1],[0.2,-0.1],[0.2,0.1],[-0.2,0.1]], closeShape=true, contrast=1, depth=-3, interpolate=true, width=0.4, height=0.2 )
2.297	EXP	Created trial_label_left_2 = TextStim( name=trial_label_left_2, win=Window( name=Window, fullscr=true, color=#ffffff, ~), autoDraw=null, autoLog=true, units=height, ori=null, opacity=1, pos=[-0.4,-0.3], size=undefined, text=Z = Nonword, font=Courier New, color=#000000, contrast=1, height=0.05, bold=null, italic=null, alignHoriz=left, alignVert=center, wrapWidth=1, flipHoriz=null, flipVert=null )
2.299	EXP	Created trial_label_right_2 = TextStim( name=trial_label_right_2, win=Window( name=Window, fullscr=true, color=#ffffff, ~), autoDraw=null, autoLog=true, units=height, ori=null, opacity=1, pos=[0.4,-0.3], size=undefined, text=M = Word, font=Courier New, color=#000000, contrast=1, height=0.05, bold=null, italic=null, alignHoriz=left, alignVert=center, wrapWidth=1, flipHoriz=null, flipVert=null )
2.3	EXP	Created instructions = TextStim( name=instructions, win=Window( name=Window, fullscr=true, color=#ffffff, ~), autoDraw=null, autoLog=true, units=height, ori=null, opacity=1, pos=[0,0], size=undefined, text=default text, font=Courier New, color=#000000, contrast=1, height=0.035, bold=null, italic=null, alignHoriz=left, alignVert=center, wrapWidth=1, flipHoriz=null, flipVert=null )
2.302	EXP	Created instr_done_button = Rect( name=instr_done_button, win=Window( name=Window, fullscr=true, color=#ffffff, ~), autoDraw=null, autoLog=true, units=height, ori=null, opacity=1, pos=[0,-0.4], size=[1,1], lineWidth=1, lineColor=#000000, fillColor=#FFFFFF, vertices=[[-0.2,-0.05],[0.2,-0.05],[0.2,0.05],[-0.2,0.05]], closeShape=true, contrast=1, depth=-2, interpolate=true, width=0.4, height=0.1 )
2.304	EXP	Created instr_done_label = TextStim( name=instr_done_label, win=Window( name=Window, fullscr=true, color=#ffffff, ~), autoDraw=null, autoLog=true, units=height, ori=null, opacity=1, pos=[0,-0.4], size=undefined, text=Continue, font=Courier New, color=#000000, contrast=1, height=0.05, bold=null, italic=null, alignHoriz=left, alignVert=center, wrapWidth=1, flipHoriz=null, flipVert=null )
2.306	EXP	Created instructions_image = ImageStim( name=instructions_image, win=Window( name=Window, fullscr=true, color=#ffffff, ~), autoDraw=null, autoLog=true, units=height, ori=null, opacity=1, pos=[0,0], size=[0.4,0.3], image=undefined, mask=undefined, color=#ffffff, contrast=1, texRes=128, interpolate=true, depth=-6, flipHoriz=null, flipVert=null )
2.307	EXP	Created fixation_mask = TextStim( name=fixation_mask, win=Window( name=Window, fullscr=true, color=#ffffff, ~), autoDraw=null, autoLog=true, units=height, ori=null, opacity=1, pos=[0,0], size=undefined, text=######, font=Courier New, color=#000000, contrast=1, height=0.1, bold=null, italic=null, alignHoriz=left, alignVert=center, wrapWidth=1, flipHoriz=null, flipVert=null )
2.311	EXP	Created prime_text = TextStim( name=prime_text, win=Window( name=Window, fullscr=true, color=#ffffff, ~), autoDraw=null, autoLog=true, units=height, ori=null, opacity=1, pos=[0,0], size=undefined, text=default text, font=Courier New, color=#000000, contrast=1, height=0.1, bold=null, italic=null, alignHoriz=left, alignVert=center, wrapWidth=1, flipHoriz=null, flipVert=null )
2.312	EXP	Created target = TextStim( name=target, win=Window( name=Window, fullscr=true, color=#ffffff, ~), autoDraw=null, autoLog=true, units=height, ori=null, opacity=1, pos=[0,0], size=undefined, text=default text, font=Arial, color=#000000, contrast=1, height=0.1, bold=null, italic=null, alignHoriz=left, alignVert=center, wrapWidth=1, flipHoriz=null, flipVert=null )
2.316	EXP	Created button_left = Rect( name=button_left, win=Window( name=Window, fullscr=true, color=#ffffff, ~), autoDraw=null, autoLog=true, units=height, ori=null, opacity=1, pos=[-0.4,-0.3], size=[1,1], lineWidth=1, lineColor=#000000, fillColor=#FFFFFF, vertices=[[-0.2,-0.1],[0.2,-0.1],[0.2,0.1],[-0.2,0.1]], closeShape=true, contrast=1, depth=-5, interpolate=true, width=0.4, height=0.2 )
2.317	EXP	Created button_right = Rect( name=button_right, win=Window( name=Window, fullscr=true, color=#ffffff, ~), autoDraw=null, autoLog=true, units=height, ori=null, opacity=1, pos=[0.4,-0.3], size=[1,1], lineWidth=1, lineColor=#000000, fillColor=#FFFFFF, vertices=[[-0.2,-0.1],[0.2,-0.1],[0.2,0.1],[-0.2,0.1]], closeShape=true, contrast=1, depth=-6, interpolate=true, width=0.4, height=0.2 )
2.318	EXP	Created trial_label_right = TextStim( name=trial_label_right, win=Window( name=Window, fullscr=true, color=#ffffff, ~), autoDraw=null, autoLog=true, units=height, ori=null, opacity=1, pos=[0.4,-0.3], size=undefined, text=M = Word, font=Courier New, color=#000000, contrast=1, height=0.05, bold=null, italic=null, alignHoriz=left, alignVert=center, wrapWidth=1, flipHoriz=null, flipVert=null )
2.319	EXP	Created trial_label_left_new = TextStim( name=trial_label_left_new, win=Window( name=Window, fullscr=true, color=#ffffff, ~), autoDraw=null, autoLog=true, units=height, ori=null, opacity=1, pos=[-0.4,-0.3], size=undefined, text=Z = Nonword, font=Courier New, color=#000000, contrast=1, height=0.05, bold=null, italic=null, alignHoriz=left, alignVert=center, wrapWidth=1, flipHoriz=null, flipVert=null )
2.319	EXP	Created feedback_text = TextStim( name=feedback_text, win=Window( name=Window, fullscr=true, color=#ffffff, ~), autoDraw=null, autoLog=true, units=height, ori=null, opacity=1, pos=[0,0], size=undefined, text=default text, font=Courier New, color=#FFFFFF, contrast=1, height=0.05, bold=null, italic=null, alignHoriz=left, alignVert=center, wrapWidth=1, flipHoriz=null, flipVert=null )
2.322	EXP	Created button_left_2 = Rect( name=button_left_2, win=Window( name=Window, fullscr=true, color=#ffffff, ~), autoDraw=null, autoLog=true, units=height, ori=null, opacity=1, pos=[-0.4,-0.3], size=[1,1], lineWidth=1, lineColor=#000000, fillColor=#FFFFFF, vertices=[[-0.2,-0.1],[0.2,-0.1],[0.2,0.1],[-0.2,0.1]], closeShape=true, contrast=1, depth=-2, interpolate=true, width=0.4, height=0.2 )
2.325	EXP	Created button_right_2 = Rect( name=button_right_2, win=Window( name=Window, fullscr=true, color=#ffffff, ~), autoDraw=null, autoLog=true, units=height, ori=null, opacity=1, pos=[0.4,-0.3], size=[1,1], lineWidth=1, lineColor=#000000, fillColor=#FFFFFF, vertices=[[-0.2,-0.1],[0.2,-0.1],[0.2,0.1],[-0.2,0.1]], closeShape=true, contrast=1, depth=-3, interpolate=true, width=0.4, height=0.2 )
2.327	EXP	Created trial_label_left_2 = TextStim( name=trial_label_left_2, win=Window( name=Window, fullscr=true, color=#ffffff, ~), autoDraw=null, autoLog=true, units=height, ori=null, opacity=1, pos=[-0.4,-0.3], size=undefined, text=Z = Nonword, font=Courier New, color=#000000, contrast=1, height=0.05, bold=null, italic=null, alignHoriz=left, alignVert=center, wrapWidth=1, flipHoriz=null, flipVert=null )
2.328	EXP	Created trial_label_right_2 = TextStim( name=trial_label_right_2, win=Window( name=Window, fullscr=true, color=#ffffff, ~), autoDraw=null, autoLog=true, units=height, ori=null, opacity=1, pos=[0.4,-0.3], size=undefined, text=M = Word, font=Courier New, color=#000000, contrast=1, height=0.05, bold=null, italic=null, alignHoriz=left, alignVert=center, wrapWidth=1, flipHoriz=null, flipVert=null )
2.3289999999999997	EXP	Created break_text = TextStim( name=break_text, win=Window( name=Window, fullscr=true, color=#ffffff, ~), autoDraw=null, autoLog=true, units=height, ori=null, opacity=1, pos=[0,0], size=undefined, text=default text, font=Courier New, color=#000000, contrast=1, height=0.05, bold=null, italic=null, alignHoriz=left, alignVert=center, wrapWidth=1, flipHoriz=null, flipVert=null )
2.3329999999999997	EXP	Created break_done_button = Rect( name=break_done_button, win=Window( name=Window, fullscr=true, color=#ffffff, ~), autoDraw=null, autoLog=true, units=height, ori=null, opacity=1, pos=[0,-0.4], size=[1,1], lineWidth=1, lineColor=#000000, fillColor=#FFFFFF, vertices=[[-0.2,-0.05],[0.2,-0.05],[0.2,0.05],[-0.2,0.05]], closeShape=true, contrast=1, depth=-4, interpolate=true, width=0.4, height=0.1 )
2.335	EXP	Created break_done_button_label = TextStim( name=break_done_button_label, win=Window( name=Window, fullscr=true, color=#ffffff, ~), autoDraw=null, autoLog=true, units=height, ori=null, opacity=1, pos=[0,-0.4], size=undefined, text=Continue, font=Courier New, color=#000000, contrast=1, height=0.05, bold=null, italic=null, alignHoriz=left, alignVert=center, wrapWidth=1, flipHoriz=null, flipVert=null )
2.335	EXP	Created thank_you = TextStim( name=thank_you, win=Window( name=Window, fullscr=true, color=#ffffff, ~), autoDraw=null, autoLog=true, units=height, ori=null, opacity=1, pos=[0,0], size=undefined, text=This is the end of the experiment.

Please do not ~, font=Courier New, color=#000000, contrast=1, height=1, bold=null, italic=null, alignHoriz=left, alignVert=center, wrapWidth=1, flipHoriz=null, flipVert=null )
2.4579999999999997	EXP	instructions: units = "height"
2.4579999999999997	EXP	instructions: ori = 0
2.4579999999999997	EXP	instructions: opacity = 1
2.4579999999999997	EXP	instructions: pos = [0,0]
2.4579999999999997	EXP	instructions: size = undefined
2.4579999999999997	EXP	instructions: text = "default text"
2.4579999999999997	EXP	instructions: font = "Courier New"
2.4579999999999997	EXP	instructions: color = {"_hex":"#000000","_rgb":[0,0,0]}
2.4579999999999997	EXP	instructions: contrast = 1
2.4579999999999997	EXP	instructions: height = 0.035
2.4579999999999997	EXP	instructions: bold = false
2.4579999999999997	EXP	instructions: italic = false
2.4579999999999997	EXP	instructions: alignHoriz = "left"
2.4579999999999997	EXP	instructions: alignVert = "center"
2.4579999999999997	EXP	instructions: wrapWidth = 1
2.4579999999999997	EXP	instructions: flipHoriz = false
2.4579999999999997	EXP	instructions: flipVert = false
2.4579999999999997	EXP	instr_done_button: units = "height"
2.4579999999999997	EXP	instr_done_button: ori = 0
2.4579999999999997	EXP	instr_done_button: opacity = 1
2.4579999999999997	EXP	instr_done_button: pos = [0,-0.4]
2.4579999999999997	EXP	instr_done_button: size = [1,1]
2.4579999999999997	EXP	instr_done_button: lineWidth = 1
2.4579999999999997	EXP	instr_done_button: lineColor = {"_hex":"#000000","_rgb":[0,0,0]}
2.4579999999999997	EXP	instr_done_button: fillColor = {"_hex":"#FFFFFF","_rgb":[1,1,1]}
2.4579999999999997	EXP	instr_done_button: vertices = [[-0.5,0],[0,0.5],[0.5,0]]
2.4579999999999997	EXP	instr_done_button: closeShape = true
2.4579999999999997	EXP	instr_done_button: contrast = 1
2.4579999999999997	EXP	instr_done_button: depth = -2
2.4579999999999997	EXP	instr_done_button: interpolate = true
2.4579999999999997	EXP	instr_done_button: width = 0.4
2.4579999999999997	EXP	instr_done_button: vertices = [[-0.2,null],[0.2,null],[0.2,null],[-0.2,null]]
2.4579999999999997	EXP	instr_done_button: height = 0.1
2.4579999999999997	EXP	instr_done_button: vertices = [[-0.2,-0.05],[0.2,-0.05],[0.2,0.05],[-0.2,0.05]]
2.4579999999999997	EXP	instr_done_button: vertices = [[-0.2,-0.05],[0.2,-0.05],[0.2,0.05],[-0.2,0.05]]
2.4579999999999997	EXP	instr_done_label: units = "height"
2.4579999999999997	EXP	instr_done_label: ori = 0
2.4579999999999997	EXP	instr_done_label: opacity = 1
2.4579999999999997	EXP	instr_done_label: pos = [0,-0.4]
2.4579999999999997	EXP	instr_done_label: size = undefined
2.4579999999999997	EXP	instr_done_label: text = "Continue"
2.4579999999999997	EXP	instr_done_label: font = "Courier New"
2.4579999999999997	EXP	instr_done_label: color = {"_hex":"#000000","_rgb":[0,0,0]}
2.4579999999999997	EXP	instr_done_label: contrast = 1
2.4579999999999997	EXP	instr_done_label: height = 0.05
2.4579999999999997	EXP	instr_done_label: bold = false
2.4579999999999997	EXP	instr_done_label: italic = false
2.4579999999999997	EXP	instr_done_label: alignHoriz = "left"
2.4579999999999997	EXP	instr_done_label: alignVert = "center"
2.4579999999999997	EXP	instr_done_label: wrapWidth = 1
2.4579999999999997	EXP	instr_done_label: flipHoriz = false
2.4579999999999997	EXP	instr_done_label: flipVert = false
2.4579999999999997	EXP	instructions_image: units = "height"
2.4579999999999997	EXP	instructions_image: ori = 0
2.4579999999999997	EXP	instructions_image: opacity = 1
2.4579999999999997	EXP	instructions_image: pos = [0,0]
2.4579999999999997	EXP	instructions_image: size = [0.4,0.3]
2.4579999999999997	EXP	instructions_image: image = undefined
2.4579999999999997	EXP	instructions_image: mask = undefined
2.4579999999999997	EXP	instructions_image: color = {"_rgb":[1,1,1]}
2.4579999999999997	EXP	instructions_image: contrast = 1
2.4579999999999997	EXP	instructions_image: texRes = 128
2.4579999999999997	EXP	instructions_image: interpolate = true
2.4579999999999997	EXP	instructions_image: depth = -6
2.4579999999999997	EXP	instructions_image: flipHoriz = false
2.4579999999999997	EXP	instructions_image: flipVert = false
2.4579999999999997	EXP	fixation_mask: units = "height"
2.4579999999999997	EXP	fixation_mask: ori = 0
2.4579999999999997	EXP	fixation_mask: opacity = 1
2.4579999999999997	EXP	fixation_mask: pos = [0,0]
2.4579999999999997	EXP	fixation_mask: size = undefined
2.4579999999999997	EXP	fixation_mask: text = "######"
2.4579999999999997	EXP	fixation_mask: font = "Courier New"
2.4579999999999997	EXP	fixation_mask: color = {"_hex":"#000000","_rgb":[0,0,0]}
2.4579999999999997	EXP	fixation_mask: contrast = 1
2.4579999999999997	EXP	fixation_mask: height = 0.1
2.4579999999999997	EXP	fixation_mask: bold = false
2.4579999999999997	EXP	fixation_mask: italic = false
2.4579999999999997	EXP	fixation_mask: alignHoriz = "left"
2.4579999999999997	EXP	fixation_mask: alignVert = "center"
2.4579999999999997	EXP	fixation_mask: wrapWidth = 1
2.4579999999999997	EXP	fixation_mask: flipHoriz = false
2.4579999999999997	EXP	fixation_mask: flipVert = false
2.4579999999999997	EXP	prime_text: units = "height"
2.4579999999999997	EXP	prime_text: ori = 0
2.4579999999999997	EXP	prime_text: opacity = 1
2.4579999999999997	EXP	prime_text: pos = [0,0]
2.4579999999999997	EXP	prime_text: size = undefined
2.4579999999999997	EXP	prime_text: text = "default text"
2.4579999999999997	EXP	prime_text: font = "Courier New"
2.4579999999999997	EXP	prime_text: color = {"_hex":"#000000","_rgb":[0,0,0]}
2.4579999999999997	EXP	prime_text: contrast = 1
2.4579999999999997	EXP	prime_text: height = 0.1
2.4579999999999997	EXP	prime_text: bold = false
2.4579999999999997	EXP	prime_text: italic = false
2.4579999999999997	EXP	prime_text: alignHoriz = "left"
2.4579999999999997	EXP	prime_text: alignVert = "center"
2.4579999999999997	EXP	prime_text: wrapWidth = 1
2.4579999999999997	EXP	prime_text: flipHoriz = false
2.4579999999999997	EXP	prime_text: flipVert = false
2.4579999999999997	EXP	target: units = "height"
2.4579999999999997	EXP	target: ori = 0
2.4579999999999997	EXP	target: opacity = 1
2.4579999999999997	EXP	target: pos = [0,0]
2.4579999999999997	EXP	target: size = undefined
2.4579999999999997	EXP	target: text = "default text"
2.4579999999999997	EXP	target: font = "Arial"
2.4579999999999997	EXP	target: color = {"_hex":"#000000","_rgb":[0,0,0]}
2.4579999999999997	EXP	target: contrast = 1
2.4579999999999997	EXP	target: height = 0.1
2.4579999999999997	EXP	target: bold = false
2.4579999999999997	EXP	target: italic = false
2.4579999999999997	EXP	target: alignHoriz = "left"
2.4579999999999997	EXP	target: alignVert = "center"
2.4579999999999997	EXP	target: wrapWidth = 1
2.4579999999999997	EXP	target: flipHoriz = false
2.4579999999999997	EXP	target: flipVert = false
2.4579999999999997	EXP	button_left: units = "height"
2.4579999999999997	EXP	button_left: ori = 0
2.4579999999999997	EXP	button_left: opacity = 1
2.4579999999999997	EXP	button_left: pos = [-0.4,-0.3]
2.4579999999999997	EXP	button_left: size = [1,1]
2.4579999999999997	EXP	button_left: lineWidth = 1
2.4579999999999997	EXP	button_left: lineColor = {"_hex":"#000000","_rgb":[0,0,0]}
2.4579999999999997	EXP	button_left: fillColor = {"_hex":"#FFFFFF","_rgb":[1,1,1]}
2.4579999999999997	EXP	button_left: vertices = [[-0.5,0],[0,0.5],[0.5,0]]
2.4579999999999997	EXP	button_left: closeShape = true
2.4579999999999997	EXP	button_left: contrast = 1
2.4579999999999997	EXP	button_left: depth = -5
2.4579999999999997	EXP	button_left: interpolate = true
2.4579999999999997	EXP	button_left: width = 0.4
2.4579999999999997	EXP	button_left: vertices = [[-0.2,null],[0.2,null],[0.2,null],[-0.2,null]]
2.4579999999999997	EXP	button_left: height = 0.2
2.4579999999999997	EXP	button_left: vertices = [[-0.2,-0.1],[0.2,-0.1],[0.2,0.1],[-0.2,0.1]]
2.4579999999999997	EXP	button_left: vertices = [[-0.2,-0.1],[0.2,-0.1],[0.2,0.1],[-0.2,0.1]]
2.4579999999999997	EXP	button_right: units = "height"
2.4579999999999997	EXP	button_right: ori = 0
2.4579999999999997	EXP	button_right: opacity = 1
2.4579999999999997	EXP	button_right: pos = [0.4,-0.3]
2.4579999999999997	EXP	button_right: size = [1,1]
2.4579999999999997	EXP	button_right: lineWidth = 1
2.4579999999999997	EXP	button_right: lineColor = {"_hex":"#000000","_rgb":[0,0,0]}
2.4579999999999997	EXP	button_right: fillColor = {"_hex":"#FFFFFF","_rgb":[1,1,1]}
2.4579999999999997	EXP	button_right: vertices = [[-0.5,0],[0,0.5],[0.5,0]]
2.4579999999999997	EXP	button_right: closeShape = true
2.4579999999999997	EXP	button_right: contrast = 1
2.4579999999999997	EXP	button_right: depth = -6
2.4579999999999997	EXP	button_right: interpolate = true
2.4579999999999997	EXP	button_right: width = 0.4
2.4579999999999997	EXP	button_right: vertices = [[-0.2,null],[0.2,null],[0.2,null],[-0.2,null]]
2.4579999999999997	EXP	button_right: height = 0.2
2.4579999999999997	EXP	button_right: vertices = [[-0.2,-0.1],[0.2,-0.1],[0.2,0.1],[-0.2,0.1]]
2.4579999999999997	EXP	button_right: vertices = [[-0.2,-0.1],[0.2,-0.1],[0.2,0.1],[-0.2,0.1]]
2.4579999999999997	EXP	trial_label_right: units = "height"
2.4579999999999997	EXP	trial_label_right: ori = 0
2.4579999999999997	EXP	trial_label_right: opacity = 1
2.4579999999999997	EXP	trial_label_right: pos = [0.4,-0.3]
2.4579999999999997	EXP	trial_label_right: size = undefined
2.4579999999999997	EXP	trial_label_right: text = "M = Word"
2.4579999999999997	EXP	trial_label_right: font = "Courier New"
2.4579999999999997	EXP	trial_label_right: color = {"_hex":"#000000","_rgb":[0,0,0]}
2.4579999999999997	EXP	trial_label_right: contrast = 1
2.4579999999999997	EXP	trial_label_right: height = 0.05
2.4579999999999997	EXP	trial_label_right: bold = false
2.4579999999999997	EXP	trial_label_right: italic = false
2.4579999999999997	EXP	trial_label_right: alignHoriz = "left"
2.4579999999999997	EXP	trial_label_right: alignVert = "center"
2.4579999999999997	EXP	trial_label_right: wrapWidth = 1
2.4579999999999997	EXP	trial_label_right: flipHoriz = false
2.4579999999999997	EXP	trial_label_right: flipVert = false
2.4579999999999997	EXP	trial_label_left_new: units = "height"
2.4579999999999997	EXP	trial_label_left_new: ori = 0
2.4579999999999997	EXP	trial_label_left_new: opacity = 1
2.4579999999999997	EXP	trial_label_left_new: pos = [-0.4,-0.3]
2.4579999999999997	EXP	trial_label_left_new: size = undefined
2.4579999999999997	EXP	trial_label_left_new: text = "Z = Nonword"
2.4579999999999997	EXP	trial_label_left_new: font = "Courier New"
2.4579999999999997	EXP	trial_label_left_new: color = {"_hex":"#000000","_rgb":[0,0,0]}
2.4579999999999997	EXP	trial_label_left_new: contrast = 1
2.4579999999999997	EXP	trial_label_left_new: height = 0.05
2.4579999999999997	EXP	trial_label_left_new: bold = false
2.4579999999999997	EXP	trial_label_left_new: italic = false
2.4579999999999997	EXP	trial_label_left_new: alignHoriz = "left"
2.4579999999999997	EXP	trial_label_left_new: alignVert = "center"
2.4579999999999997	EXP	trial_label_left_new: wrapWidth = 1
2.4579999999999997	EXP	trial_label_left_new: flipHoriz = false
2.4579999999999997	EXP	trial_label_left_new: flipVert = false
2.4579999999999997	EXP	feedback_text: units = "height"
2.4579999999999997	EXP	feedback_text: ori = 0
2.4579999999999997	EXP	feedback_text: opacity = 1
2.4579999999999997	EXP	feedback_text: pos = [0,0]
2.4579999999999997	EXP	feedback_text: size = undefined
2.4579999999999997	EXP	feedback_text: text = "default text"
2.4579999999999997	EXP	feedback_text: font = "Courier New"
2.4579999999999997	EXP	feedback_text: color = {"_hex":"#FFFFFF","_rgb":[1,1,1]}
2.4579999999999997	EXP	feedback_text: contrast = 1
2.4579999999999997	EXP	feedback_text: height = 0.05
2.4579999999999997	EXP	feedback_text: bold = false
2.4579999999999997	EXP	feedback_text: italic = false
2.4579999999999997	EXP	feedback_text: alignHoriz = "left"
2.4579999999999997	EXP	feedback_text: alignVert = "center"
2.4579999999999997	EXP	feedback_text: wrapWidth = 1
2.4579999999999997	EXP	feedback_text: flipHoriz = false
2.4579999999999997	EXP	feedback_text: flipVert = false
2.4579999999999997	EXP	button_left_2: units = "height"
2.4579999999999997	EXP	button_left_2: ori = 0
2.4579999999999997	EXP	button_left_2: opacity = 1
2.4579999999999997	EXP	button_left_2: pos = [-0.4,-0.3]
2.4579999999999997	EXP	button_left_2: size = [1,1]
2.4579999999999997	EXP	button_left_2: lineWidth = 1
2.4579999999999997	EXP	button_left_2: lineColor = {"_hex":"#000000","_rgb":[0,0,0]}
2.4579999999999997	EXP	button_left_2: fillColor = {"_hex":"#FFFFFF","_rgb":[1,1,1]}
2.4579999999999997	EXP	button_left_2: vertices = [[-0.5,0],[0,0.5],[0.5,0]]
2.4579999999999997	EXP	button_left_2: closeShape = true
2.4579999999999997	EXP	button_left_2: contrast = 1
2.4579999999999997	EXP	button_left_2: depth = -2
2.4579999999999997	EXP	button_left_2: interpolate = true
2.4579999999999997	EXP	button_left_2: width = 0.4
2.4579999999999997	EXP	button_left_2: vertices = [[-0.2,null],[0.2,null],[0.2,null],[-0.2,null]]
2.4579999999999997	EXP	button_left_2: height = 0.2
2.4579999999999997	EXP	button_left_2: vertices = [[-0.2,-0.1],[0.2,-0.1],[0.2,0.1],[-0.2,0.1]]
2.4579999999999997	EXP	button_left_2: vertices = [[-0.2,-0.1],[0.2,-0.1],[0.2,0.1],[-0.2,0.1]]
2.4579999999999997	EXP	button_right_2: units = "height"
2.4579999999999997	EXP	button_right_2: ori = 0
2.4579999999999997	EXP	button_right_2: opacity = 1
2.4579999999999997	EXP	button_right_2: pos = [0.4,-0.3]
2.4579999999999997	EXP	button_right_2: size = [1,1]
2.4579999999999997	EXP	button_right_2: lineWidth = 1
2.4579999999999997	EXP	button_right_2: lineColor = {"_hex":"#000000","_rgb":[0,0,0]}
2.4579999999999997	EXP	button_right_2: fillColor = {"_hex":"#FFFFFF","_rgb":[1,1,1]}
2.4579999999999997	EXP	button_right_2: vertices = [[-0.5,0],[0,0.5],[0.5,0]]
2.4579999999999997	EXP	button_right_2: closeShape = true
2.4579999999999997	EXP	button_right_2: contrast = 1
2.4579999999999997	EXP	button_right_2: depth = -3
2.4579999999999997	EXP	button_right_2: interpolate = true
2.4579999999999997	EXP	button_right_2: width = 0.4
2.4579999999999997	EXP	button_right_2: vertices = [[-0.2,null],[0.2,null],[0.2,null],[-0.2,null]]
2.4579999999999997	EXP	button_right_2: height = 0.2
2.4579999999999997	EXP	button_right_2: vertices = [[-0.2,-0.1],[0.2,-0.1],[0.2,0.1],[-0.2,0.1]]
2.4579999999999997	EXP	button_right_2: vertices = [[-0.2,-0.1],[0.2,-0.1],[0.2,0.1],[-0.2,0.1]]
2.4579999999999997	EXP	trial_label_left_2: units = "height"
2.4579999999999997	EXP	trial_label_left_2: ori = 0
2.4579999999999997	EXP	trial_label_left_2: opacity = 1
2.4579999999999997	EXP	trial_label_left_2: pos = [-0.4,-0.3]
2.4579999999999997	EXP	trial_label_left_2: size = undefined
2.4579999999999997	EXP	trial_label_left_2: text = "Z = Nonword"
2.4579999999999997	EXP	trial_label_left_2: font = "Courier New"
2.4579999999999997	EXP	trial_label_left_2: color = {"_hex":"#000000","_rgb":[0,0,0]}
2.4579999999999997	EXP	trial_label_left_2: contrast = 1
2.4579999999999997	EXP	trial_label_left_2: height = 0.05
2.4579999999999997	EXP	trial_label_left_2: bold = false
2.4579999999999997	EXP	trial_label_left_2: italic = false
2.4579999999999997	EXP	trial_label_left_2: alignHoriz = "left"
2.4579999999999997	EXP	trial_label_left_2: alignVert = "center"
2.4579999999999997	EXP	trial_label_left_2: wrapWidth = 1
2.4579999999999997	EXP	trial_label_left_2: flipHoriz = false
2.4579999999999997	EXP	trial_label_left_2: flipVert = false
2.4579999999999997	EXP	trial_label_right_2: units = "height"
2.4579999999999997	EXP	trial_label_right_2: ori = 0
2.4579999999999997	EXP	trial_label_right_2: opacity = 1
2.4579999999999997	EXP	trial_label_right_2: pos = [0.4,-0.3]
2.4579999999999997	EXP	trial_label_right_2: size = undefined
2.4579999999999997	EXP	trial_label_right_2: text = "M = Word"
2.4579999999999997	EXP	trial_label_right_2: font = "Courier New"
2.4579999999999997	EXP	trial_label_right_2: color = {"_hex":"#000000","_rgb":[0,0,0]}
2.4579999999999997	EXP	trial_label_right_2: contrast = 1
2.4579999999999997	EXP	trial_label_right_2: height = 0.05
2.4579999999999997	EXP	trial_label_right_2: bold = false
2.4579999999999997	EXP	trial_label_right_2: italic = false
2.4579999999999997	EXP	trial_label_right_2: alignHoriz = "left"
2.4579999999999997	EXP	trial_label_right_2: alignVert = "center"
2.4579999999999997	EXP	trial_label_right_2: wrapWidth = 1
2.4579999999999997	EXP	trial_label_right_2: flipHoriz = false
2.4579999999999997	EXP	trial_label_right_2: flipVert = false
2.4579999999999997	EXP	instructions: units = "height"
2.4579999999999997	EXP	instructions: ori = 0
2.4579999999999997	EXP	instructions: opacity = 1
2.4579999999999997	EXP	instructions: pos = [0,0]
2.4579999999999997	EXP	instructions: size = undefined
2.4579999999999997	EXP	instructions: text = "default text"
2.4579999999999997	EXP	instructions: font = "Courier New"
2.4579999999999997	EXP	instructions: color = {"_hex":"#000000","_rgb":[0,0,0]}
2.4579999999999997	EXP	instructions: contrast = 1
2.4579999999999997	EXP	instructions: height = 0.035
2.4579999999999997	EXP	instructions: bold = false
2.4579999999999997	EXP	instructions: italic = false
2.4579999999999997	EXP	instructions: alignHoriz = "left"
2.4579999999999997	EXP	instructions: alignVert = "center"
2.4579999999999997	EXP	instructions: wrapWidth = 1
2.4579999999999997	EXP	instructions: flipHoriz = false
2.4579999999999997	EXP	instructions: flipVert = false
2.4579999999999997	EXP	instr_done_button: units = "height"
2.4579999999999997	EXP	instr_done_button: ori = 0
2.4579999999999997	EXP	instr_done_button: opacity = 1
2.4579999999999997	EXP	instr_done_button: pos = [0,-0.4]
2.4579999999999997	EXP	instr_done_button: size = [1,1]
2.4579999999999997	EXP	instr_done_button: lineWidth = 1
2.4579999999999997	EXP	instr_done_button: lineColor = {"_hex":"#000000","_rgb":[0,0,0]}
2.4579999999999997	EXP	instr_done_button: fillColor = {"_hex":"#FFFFFF","_rgb":[1,1,1]}
2.4579999999999997	EXP	instr_done_button: vertices = [[-0.5,0],[0,0.5],[0.5,0]]
2.4579999999999997	EXP	instr_done_button: closeShape = true
2.4579999999999997	EXP	instr_done_button: contrast = 1
2.4579999999999997	EXP	instr_done_button: depth = -2
2.4579999999999997	EXP	instr_done_button: interpolate = true
2.4579999999999997	EXP	instr_done_button: width = 0.4
2.4579999999999997	EXP	instr_done_button: vertices = [[-0.2,null],[0.2,null],[0.2,null],[-0.2,null]]
2.4579999999999997	EXP	instr_done_button: height = 0.1
2.4579999999999997	EXP	instr_done_button: vertices = [[-0.2,-0.05],[0.2,-0.05],[0.2,0.05],[-0.2,0.05]]
2.4579999999999997	EXP	instr_done_button: vertices = [[-0.2,-0.05],[0.2,-0.05],[0.2,0.05],[-0.2,0.05]]
2.4579999999999997	EXP	instr_done_label: units = "height"
2.4579999999999997	EXP	instr_done_label: ori = 0
2.4579999999999997	EXP	instr_done_label: opacity = 1
2.4579999999999997	EXP	instr_done_label: pos = [0,-0.4]
2.4579999999999997	EXP	instr_done_label: size = undefined
2.4579999999999997	EXP	instr_done_label: text = "Continue"
2.4579999999999997	EXP	instr_done_label: font = "Courier New"
2.4579999999999997	EXP	instr_done_label: color = {"_hex":"#000000","_rgb":[0,0,0]}
2.4579999999999997	EXP	instr_done_label: contrast = 1
2.4579999999999997	EXP	instr_done_label: height = 0.05
2.4579999999999997	EXP	instr_done_label: bold = false
2.4579999999999997	EXP	instr_done_label: italic = false
2.4579999999999997	EXP	instr_done_label: alignHoriz = "left"
2.4579999999999997	EXP	instr_done_label: alignVert = "center"
2.4579999999999997	EXP	instr_done_label: wrapWidth = 1
2.4579999999999997	EXP	instr_done_label: flipHoriz = false
2.4579999999999997	EXP	instr_done_label: flipVert = false
2.4579999999999997	EXP	instructions_image: units = "height"
2.4579999999999997	EXP	instructions_image: ori = 0
2.4579999999999997	EXP	instructions_image: opacity = 1
2.4579999999999997	EXP	instructions_image: pos = [0,0]
2.4579999999999997	EXP	instructions_image: size = [0.4,0.3]
2.4579999999999997	EXP	instructions_image: image = undefined
2.4579999999999997	EXP	instructions_image: mask = undefined
2.4579999999999997	EXP	instructions_image: color = {"_rgb":[1,1,1]}
2.4579999999999997	EXP	instructions_image: contrast = 1
2.4579999999999997	EXP	instructions_image: texRes = 128
2.4579999999999997	EXP	instructions_image: interpolate = true
2.4579999999999997	EXP	instructions_image: depth = -6
2.4579999999999997	EXP	instructions_image: flipHoriz = false
2.4579999999999997	EXP	instructions_image: flipVert = false
2.4579999999999997	EXP	fixation_mask: units = "height"
2.4579999999999997	EXP	fixation_mask: ori = 0
2.4579999999999997	EXP	fixation_mask: opacity = 1
2.4579999999999997	EXP	fixation_mask: pos = [0,0]
2.4579999999999997	EXP	fixation_mask: size = undefined
2.4579999999999997	EXP	fixation_mask: text = "######"
2.4579999999999997	EXP	fixation_mask: font = "Courier New"
2.4579999999999997	EXP	fixation_mask: color = {"_hex":"#000000","_rgb":[0,0,0]}
2.4579999999999997	EXP	fixation_mask: contrast = 1
2.4579999999999997	EXP	fixation_mask: height = 0.1
2.4579999999999997	EXP	fixation_mask: bold = false
2.4579999999999997	EXP	fixation_mask: italic = false
2.4579999999999997	EXP	fixation_mask: alignHoriz = "left"
2.4579999999999997	EXP	fixation_mask: alignVert = "center"
2.4579999999999997	EXP	fixation_mask: wrapWidth = 1
2.4579999999999997	EXP	fixation_mask: flipHoriz = false
2.4579999999999997	EXP	fixation_mask: flipVert = false
2.4579999999999997	EXP	prime_text: units = "height"
2.4579999999999997	EXP	prime_text: ori = 0
2.4579999999999997	EXP	prime_text: opacity = 1
2.4579999999999997	EXP	prime_text: pos = [0,0]
2.4579999999999997	EXP	prime_text: size = undefined
2.4579999999999997	EXP	prime_text: text = "default text"
2.4579999999999997	EXP	prime_text: font = "Courier New"
2.4579999999999997	EXP	prime_text: color = {"_hex":"#000000","_rgb":[0,0,0]}
2.4579999999999997	EXP	prime_text: contrast = 1
2.4579999999999997	EXP	prime_text: height = 0.1
2.4579999999999997	EXP	prime_text: bold = false
2.4579999999999997	EXP	prime_text: italic = false
2.4579999999999997	EXP	prime_text: alignHoriz = "left"
2.4579999999999997	EXP	prime_text: alignVert = "center"
2.4579999999999997	EXP	prime_text: wrapWidth = 1
2.4579999999999997	EXP	prime_text: flipHoriz = false
2.4579999999999997	EXP	prime_text: flipVert = false
2.4579999999999997	EXP	target: units = "height"
2.4579999999999997	EXP	target: ori = 0
2.4579999999999997	EXP	target: opacity = 1
2.4579999999999997	EXP	target: pos = [0,0]
2.4579999999999997	EXP	target: size = undefined
2.4579999999999997	EXP	target: text = "default text"
2.4579999999999997	EXP	target: font = "Arial"
2.4579999999999997	EXP	target: color = {"_hex":"#000000","_rgb":[0,0,0]}
2.4579999999999997	EXP	target: contrast = 1
2.4579999999999997	EXP	target: height = 0.1
2.4579999999999997	EXP	target: bold = false
2.4579999999999997	EXP	target: italic = false
2.4579999999999997	EXP	target: alignHoriz = "left"
2.4579999999999997	EXP	target: alignVert = "center"
2.4579999999999997	EXP	target: wrapWidth = 1
2.4579999999999997	EXP	target: flipHoriz = false
2.4579999999999997	EXP	target: flipVert = false
2.4579999999999997	EXP	button_left: units = "height"
2.4579999999999997	EXP	button_left: ori = 0
2.4579999999999997	EXP	button_left: opacity = 1
2.4579999999999997	EXP	button_left: pos = [-0.4,-0.3]
2.4579999999999997	EXP	button_left: size = [1,1]
2.4579999999999997	EXP	button_left: lineWidth = 1
2.4579999999999997	EXP	button_left: lineColor = {"_hex":"#000000","_rgb":[0,0,0]}
2.4579999999999997	EXP	button_left: fillColor = {"_hex":"#FFFFFF","_rgb":[1,1,1]}
2.4579999999999997	EXP	button_left: vertices = [[-0.5,0],[0,0.5],[0.5,0]]
2.4579999999999997	EXP	button_left: closeShape = true
2.4579999999999997	EXP	button_left: contrast = 1
2.4579999999999997	EXP	button_left: depth = -5
2.4579999999999997	EXP	button_left: interpolate = true
2.4579999999999997	EXP	button_left: width = 0.4
2.4579999999999997	EXP	button_left: vertices = [[-0.2,null],[0.2,null],[0.2,null],[-0.2,null]]
2.4579999999999997	EXP	button_left: height = 0.2
2.4579999999999997	EXP	button_left: vertices = [[-0.2,-0.1],[0.2,-0.1],[0.2,0.1],[-0.2,0.1]]
2.4579999999999997	EXP	button_left: vertices = [[-0.2,-0.1],[0.2,-0.1],[0.2,0.1],[-0.2,0.1]]
2.4579999999999997	EXP	button_right: units = "height"
2.4579999999999997	EXP	button_right: ori = 0
2.4579999999999997	EXP	button_right: opacity = 1
2.4579999999999997	EXP	button_right: pos = [0.4,-0.3]
2.4579999999999997	EXP	button_right: size = [1,1]
2.4579999999999997	EXP	button_right: lineWidth = 1
2.4579999999999997	EXP	button_right: lineColor = {"_hex":"#000000","_rgb":[0,0,0]}
2.4579999999999997	EXP	button_right: fillColor = {"_hex":"#FFFFFF","_rgb":[1,1,1]}
2.4579999999999997	EXP	button_right: vertices = [[-0.5,0],[0,0.5],[0.5,0]]
2.4579999999999997	EXP	button_right: closeShape = true
2.4579999999999997	EXP	button_right: contrast = 1
2.4579999999999997	EXP	button_right: depth = -6
2.4579999999999997	EXP	button_right: interpolate = true
2.4579999999999997	EXP	button_right: width = 0.4
2.4579999999999997	EXP	button_right: vertices = [[-0.2,null],[0.2,null],[0.2,null],[-0.2,null]]
2.4579999999999997	EXP	button_right: height = 0.2
2.4579999999999997	EXP	button_right: vertices = [[-0.2,-0.1],[0.2,-0.1],[0.2,0.1],[-0.2,0.1]]
2.4579999999999997	EXP	button_right: vertices = [[-0.2,-0.1],[0.2,-0.1],[0.2,0.1],[-0.2,0.1]]
2.4579999999999997	EXP	trial_label_right: units = "height"
2.4579999999999997	EXP	trial_label_right: ori = 0
2.4579999999999997	EXP	trial_label_right: opacity = 1
2.4579999999999997	EXP	trial_label_right: pos = [0.4,-0.3]
2.4579999999999997	EXP	trial_label_right: size = undefined
2.4579999999999997	EXP	trial_label_right: text = "M = Word"
2.4579999999999997	EXP	trial_label_right: font = "Courier New"
2.4579999999999997	EXP	trial_label_right: color = {"_hex":"#000000","_rgb":[0,0,0]}
2.4579999999999997	EXP	trial_label_right: contrast = 1
2.4579999999999997	EXP	trial_label_right: height = 0.05
2.4579999999999997	EXP	trial_label_right: bold = false
2.4579999999999997	EXP	trial_label_right: italic = false
2.4579999999999997	EXP	trial_label_right: alignHoriz = "left"
2.4579999999999997	EXP	trial_label_right: alignVert = "center"
2.4579999999999997	EXP	trial_label_right: wrapWidth = 1
2.4579999999999997	EXP	trial_label_right: flipHoriz = false
2.4579999999999997	EXP	trial_label_right: flipVert = false
2.4579999999999997	EXP	trial_label_left_new: units = "height"
2.4579999999999997	EXP	trial_label_left_new: ori = 0
2.4579999999999997	EXP	trial_label_left_new: opacity = 1
2.4579999999999997	EXP	trial_label_left_new: pos = [-0.4,-0.3]
2.4579999999999997	EXP	trial_label_left_new: size = undefined
2.4579999999999997	EXP	trial_label_left_new: text = "Z = Nonword"
2.4579999999999997	EXP	trial_label_left_new: font = "Courier New"
2.4579999999999997	EXP	trial_label_left_new: color = {"_hex":"#000000","_rgb":[0,0,0]}
2.4579999999999997	EXP	trial_label_left_new: contrast = 1
2.4579999999999997	EXP	trial_label_left_new: height = 0.05
2.4579999999999997	EXP	trial_label_left_new: bold = false
2.4579999999999997	EXP	trial_label_left_new: italic = false
2.4579999999999997	EXP	trial_label_left_new: alignHoriz = "left"
2.4579999999999997	EXP	trial_label_left_new: alignVert = "center"
2.4579999999999997	EXP	trial_label_left_new: wrapWidth = 1
2.4579999999999997	EXP	trial_label_left_new: flipHoriz = false
2.4579999999999997	EXP	trial_label_left_new: flipVert = false
2.4579999999999997	EXP	feedback_text: units = "height"
2.4579999999999997	EXP	feedback_text: ori = 0
2.4579999999999997	EXP	feedback_text: opacity = 1
2.4579999999999997	EXP	feedback_text: pos = [0,0]
2.4579999999999997	EXP	feedback_text: size = undefined
2.4579999999999997	EXP	feedback_text: text = "default text"
2.4579999999999997	EXP	feedback_text: font = "Courier New"
2.4579999999999997	EXP	feedback_text: color = {"_hex":"#FFFFFF","_rgb":[1,1,1]}
2.4579999999999997	EXP	feedback_text: contrast = 1
2.4579999999999997	EXP	feedback_text: height = 0.05
2.4579999999999997	EXP	feedback_text: bold = false
2.4579999999999997	EXP	feedback_text: italic = false
2.4579999999999997	EXP	feedback_text: alignHoriz = "left"
2.4579999999999997	EXP	feedback_text: alignVert = "center"
2.4579999999999997	EXP	feedback_text: wrapWidth = 1
2.4579999999999997	EXP	feedback_text: flipHoriz = false
2.4579999999999997	EXP	feedback_text: flipVert = false
2.4579999999999997	EXP	button_left_2: units = "height"
2.4579999999999997	EXP	button_left_2: ori = 0
2.4579999999999997	EXP	button_left_2: opacity = 1
2.4579999999999997	EXP	button_left_2: pos = [-0.4,-0.3]
2.4579999999999997	EXP	button_left_2: size = [1,1]
2.4579999999999997	EXP	button_left_2: lineWidth = 1
2.4579999999999997	EXP	button_left_2: lineColor = {"_hex":"#000000","_rgb":[0,0,0]}
2.4579999999999997	EXP	button_left_2: fillColor = {"_hex":"#FFFFFF","_rgb":[1,1,1]}
2.4579999999999997	EXP	button_left_2: vertices = [[-0.5,0],[0,0.5],[0.5,0]]
2.4579999999999997	EXP	button_left_2: closeShape = true
2.4579999999999997	EXP	button_left_2: contrast = 1
2.4579999999999997	EXP	button_left_2: depth = -2
2.4579999999999997	EXP	button_left_2: interpolate = true
2.4579999999999997	EXP	button_left_2: width = 0.4
2.4579999999999997	EXP	button_left_2: vertices = [[-0.2,null],[0.2,null],[0.2,null],[-0.2,null]]
2.4579999999999997	EXP	button_left_2: height = 0.2
2.4579999999999997	EXP	button_left_2: vertices = [[-0.2,-0.1],[0.2,-0.1],[0.2,0.1],[-0.2,0.1]]
2.4579999999999997	EXP	button_left_2: vertices = [[-0.2,-0.1],[0.2,-0.1],[0.2,0.1],[-0.2,0.1]]
2.4579999999999997	EXP	button_right_2: units = "height"
2.4579999999999997	EXP	button_right_2: ori = 0
2.4579999999999997	EXP	button_right_2: opacity = 1
2.4579999999999997	EXP	button_right_2: pos = [0.4,-0.3]
2.4579999999999997	EXP	button_right_2: size = [1,1]
2.4579999999999997	EXP	button_right_2: lineWidth = 1
2.4579999999999997	EXP	button_right_2: lineColor = {"_hex":"#000000","_rgb":[0,0,0]}
2.4579999999999997	EXP	button_right_2: fillColor = {"_hex":"#FFFFFF","_rgb":[1,1,1]}
2.4579999999999997	EXP	button_right_2: vertices = [[-0.5,0],[0,0.5],[0.5,0]]
2.4579999999999997	EXP	button_right_2: closeShape = true
2.4579999999999997	EXP	button_right_2: contrast = 1
2.4579999999999997	EXP	button_right_2: depth = -3
2.4579999999999997	EXP	button_right_2: interpolate = true
2.4579999999999997	EXP	button_right_2: width = 0.4
2.4579999999999997	EXP	button_right_2: vertices = [[-0.2,null],[0.2,null],[0.2,null],[-0.2,null]]
2.4579999999999997	EXP	button_right_2: height = 0.2
2.4579999999999997	EXP	button_right_2: vertices = [[-0.2,-0.1],[0.2,-0.1],[0.2,0.1],[-0.2,0.1]]
2.4579999999999997	EXP	button_right_2: vertices = [[-0.2,-0.1],[0.2,-0.1],[0.2,0.1],[-0.2,0.1]]
2.4579999999999997	EXP	trial_label_left_2: units = "height"
2.4579999999999997	EXP	trial_label_left_2: ori = 0
2.4579999999999997	EXP	trial_label_left_2: opacity = 1
2.4579999999999997	EXP	trial_label_left_2: pos = [-0.4,-0.3]
2.4579999999999997	EXP	trial_label_left_2: size = undefined
2.4579999999999997	EXP	trial_label_left_2: text = "Z = Nonword"
2.4579999999999997	EXP	trial_label_left_2: font = "Courier New"
2.4579999999999997	EXP	trial_label_left_2: color = {"_hex":"#000000","_rgb":[0,0,0]}
2.4579999999999997	EXP	trial_label_left_2: contrast = 1
2.4579999999999997	EXP	trial_label_left_2: height = 0.05
2.4579999999999997	EXP	trial_label_left_2: bold = false
2.4579999999999997	EXP	trial_label_left_2: italic = false
2.4579999999999997	EXP	trial_label_left_2: alignHoriz = "left"
2.4579999999999997	EXP	trial_label_left_2: alignVert = "center"
2.4579999999999997	EXP	trial_label_left_2: wrapWidth = 1
2.4579999999999997	EXP	trial_label_left_2: flipHoriz = false
2.4579999999999997	EXP	trial_label_left_2: flipVert = false
2.4579999999999997	EXP	trial_label_right_2: units = "height"
2.4579999999999997	EXP	trial_label_right_2: ori = 0
2.4579999999999997	EXP	trial_label_right_2: opacity = 1
2.4579999999999997	EXP	trial_label_right_2: pos = [0.4,-0.3]
2.4579999999999997	EXP	trial_label_right_2: size = undefined
2.4579999999999997	EXP	trial_label_right_2: text = "M = Word"
2.4579999999999997	EXP	trial_label_right_2: font = "Courier New"
2.4579999999999997	EXP	trial_label_right_2: color = {"_hex":"#000000","_rgb":[0,0,0]}
2.4579999999999997	EXP	trial_label_right_2: contrast = 1
2.4579999999999997	EXP	trial_label_right_2: height = 0.05
2.4579999999999997	EXP	trial_label_right_2: bold = false
2.4579999999999997	EXP	trial_label_right_2: italic = false
2.4579999999999997	EXP	trial_label_right_2: alignHoriz = "left"
2.4579999999999997	EXP	trial_label_right_2: alignVert = "center"
2.4579999999999997	EXP	trial_label_right_2: wrapWidth = 1
2.4579999999999997	EXP	trial_label_right_2: flipHoriz = false
2.4579999999999997	EXP	trial_label_right_2: flipVert = false
2.4579999999999997	EXP	break_text: units = "height"
2.4579999999999997	EXP	break_text: ori = 0
2.4579999999999997	EXP	break_text: opacity = 1
2.4579999999999997	EXP	break_text: pos = [0,0]
2.4579999999999997	EXP	break_text: size = undefined
2.4579999999999997	EXP	break_text: text = "default text"
2.4579999999999997	EXP	break_text: font = "Courier New"
2.4579999999999997	EXP	break_text: color = {"_hex":"#000000","_rgb":[0,0,0]}
2.4579999999999997	EXP	break_text: contrast = 1
2.4579999999999997	EXP	break_text: height = 0.05
2.4579999999999997	EXP	break_text: bold = false
2.4579999999999997	EXP	break_text: italic = false
2.4579999999999997	EXP	break_text: alignHoriz = "left"
2.4579999999999997	EXP	break_text: alignVert = "center"
2.4579999999999997	EXP	break_text: wrapWidth = 1
2.4579999999999997	EXP	break_text: flipHoriz = false
2.4579999999999997	EXP	break_text: flipVert = false
2.4579999999999997	EXP	break_done_button: units = "height"
2.4579999999999997	EXP	break_done_button: ori = 0
2.4579999999999997	EXP	break_done_button: opacity = 1
2.4579999999999997	EXP	break_done_button: pos = [0,-0.4]
2.4579999999999997	EXP	break_done_button: size = [1,1]
2.4579999999999997	EXP	break_done_button: lineWidth = 1
2.4579999999999997	EXP	break_done_button: lineColor = {"_hex":"#000000","_rgb":[0,0,0]}
2.4579999999999997	EXP	break_done_button: fillColor = {"_hex":"#FFFFFF","_rgb":[1,1,1]}
2.4579999999999997	EXP	break_done_button: vertices = [[-0.5,0],[0,0.5],[0.5,0]]
2.4579999999999997	EXP	break_done_button: closeShape = true
2.4579999999999997	EXP	break_done_button: contrast = 1
2.4579999999999997	EXP	break_done_button: depth = -4
2.4579999999999997	EXP	break_done_button: interpolate = true
2.4579999999999997	EXP	break_done_button: width = 0.4
2.4579999999999997	EXP	break_done_button: vertices = [[-0.2,null],[0.2,null],[0.2,null],[-0.2,null]]
2.4579999999999997	EXP	break_done_button: height = 0.1
2.4579999999999997	EXP	break_done_button: vertices = [[-0.2,-0.05],[0.2,-0.05],[0.2,0.05],[-0.2,0.05]]
2.4579999999999997	EXP	break_done_button: vertices = [[-0.2,-0.05],[0.2,-0.05],[0.2,0.05],[-0.2,0.05]]
2.4579999999999997	EXP	break_done_button_label: units = "height"
2.4579999999999997	EXP	break_done_button_label: ori = 0
2.4579999999999997	EXP	break_done_button_label: opacity = 1
2.4579999999999997	EXP	break_done_button_label: pos = [0,-0.4]
2.4579999999999997	EXP	break_done_button_label: size = undefined
2.4579999999999997	EXP	break_done_button_label: text = "Continue"
2.4579999999999997	EXP	break_done_button_label: font = "Courier New"
2.4579999999999997	EXP	break_done_button_label: color = {"_hex":"#000000","_rgb":[0,0,0]}
2.4579999999999997	EXP	break_done_button_label: contrast = 1
2.4579999999999997	EXP	break_done_button_label: height = 0.05
2.4579999999999997	EXP	break_done_button_label: bold = false
2.4579999999999997	EXP	break_done_button_label: italic = false
2.4579999999999997	EXP	break_done_button_label: alignHoriz = "left"
2.4579999999999997	EXP	break_done_button_label: alignVert = "center"
2.4579999999999997	EXP	break_done_button_label: wrapWidth = 1
2.4579999999999997	EXP	break_done_button_label: flipHoriz = false
2.4579999999999997	EXP	break_done_button_label: flipVert = false
2.4579999999999997	EXP	thank_you: units = "height"
2.4579999999999997	EXP	thank_you: ori = 0
2.4579999999999997	EXP	thank_you: opacity = 1
2.4579999999999997	EXP	thank_you: pos = [0,0]
2.4579999999999997	EXP	thank_you: size = undefined
2.4579999999999997	EXP	thank_you: text = "This is the end of the experiment.\n\nPlease do not close this window until you have been redirected to the debriefing page. \n\nYou must go to the debriefing page in order for your participation to be recorded."
2.4579999999999997	EXP	thank_you: font = "Courier New"
2.4579999999999997	EXP	thank_you: color = {"_hex":"#000000","_rgb":[0,0,0]}
2.4579999999999997	EXP	thank_you: contrast = 1
2.4579999999999997	EXP	thank_you: height = 1
2.4579999999999997	EXP	thank_you: bold = false
2.4579999999999997	EXP	thank_you: italic = false
2.4579999999999997	EXP	thank_you: alignHoriz = "left"
2.4579999999999997	EXP	thank_you: alignVert = "center"
2.4579999999999997	EXP	thank_you: wrapWidth = 1
2.4579999999999997	EXP	thank_you: flipHoriz = false
2.4579999999999997	EXP	thank_you: flipVert = false
2.4579999999999997	EXP	instructions: text = "INSTRUCTIONS\r\nAt the start of each trial, look at the hash marks (######) in the center of the screen. After a moment, a string of letters will appear. Your task is to indicate if the letter string forms a word or not (i.e., if it is a nonword). For example, AUTHOR is a word while AUTHON is a nonword.\r\n\r\nPress the space bar or touch the button below to continue."
2.4579999999999997	EXP	instructions_image: image = undefined
2.4579999999999997	EXP	instructions: autoDraw = true
2.4579999999999997	EXP	instr_done_button: autoDraw = true
2.4579999999999997	EXP	instr_done_label: autoDraw = true
4.178	DATA	Mouse: 0 button down, pos=(921,1010)
4.207	EXP	instructions: autoDraw = false
4.207	EXP	instr_done_button: autoDraw = false
4.207	EXP	instr_done_label: autoDraw = false
4.207	EXP	instructions_image: autoDraw = false
4.207	EXP	instructions: text = "If your device has a keyboard, press the 'Z' key for nonwords and the 'M' key for words.\r\n\r\n\r\n\r\n\r\n\r\nPress the space bar or touch the button below to continue."
4.207	EXP	instructions_image: image = {}
4.207	EXP	instructions: autoDraw = true
4.207	EXP	instr_done_button: autoDraw = true
4.207	EXP	instr_done_label: autoDraw = true
4.207	EXP	instructions_image: autoDraw = true
4.258	DATA	Mouse: 0 button down, pos=(921,1010)
5.312	DATA	Mouse: 0 button down, pos=(903,986)
5.35	EXP	instructions: autoDraw = false
5.35	EXP	instr_done_button: autoDraw = false
5.35	EXP	instr_done_label: autoDraw = false
5.35	EXP	instructions_image: autoDraw = false
5.35	EXP	instructions: text = "If you are using a touchscreen only device, use the buttons on the screen. Do not use the mouse.\r\n\r\n\r\n\r\n\r\n\r\nPress the space bar or touch the button below to continue."
5.35	EXP	instructions_image: image = {}
5.35	EXP	instructions: autoDraw = true
5.35	EXP	instr_done_button: autoDraw = true
5.35	EXP	instr_done_label: autoDraw = true
5.35	EXP	instructions_image: autoDraw = true
5.481	DATA	Mouse: 0 button down, pos=(903,986)
6.538	DATA	Mouse: 0 button down, pos=(903,986)
6.567	EXP	instructions: autoDraw = false
6.567	EXP	instr_done_button: autoDraw = false
6.567	EXP	instr_done_label: autoDraw = false
6.567	EXP	instructions_image: autoDraw = false
6.567	EXP	instructions: text = "It is very important that you respond as quickly and accurately as possible, as each letter string will only be on the screen for two seconds. If you do not respond within this time, the message 'Too slow!' will be displayed and the experiment will progress to the next letter string. The first 20 trials will be practice trials and you will receive feedback on your answers. \r\n\r\nPress the space bar or touch the button below to start the practice trials."
6.567	EXP	instructions_image: image = undefined
6.567	EXP	instructions: autoDraw = true
6.567	EXP	instr_done_button: autoDraw = true
6.567	EXP	instr_done_label: autoDraw = true
6.95	DATA	Mouse: 0 button down, pos=(903,986)
7.266	DATA	Mouse: 0 button down, pos=(903,986)
7.382999999999999	EXP	instructions: autoDraw = false
7.382999999999999	EXP	instr_done_button: autoDraw = false
7.382999999999999	EXP	instr_done_label: autoDraw = false
7.382999999999999	EXP	instructions_image: autoDraw = false
7.382999999999999	EXP	prime_text: text = "frenzy"
7.382999999999999	EXP	target: text = "OBTAIN"
7.382999999999999	EXP	target: font = "Courier New"
7.382999999999999	EXP	fixation_mask: autoDraw = true
7.382999999999999	EXP	button_left: autoDraw = true
7.382999999999999	EXP	button_right: autoDraw = true
7.382999999999999	EXP	trial_label_right: autoDraw = true
7.382999999999999	EXP	trial_label_left_new: autoDraw = true
7.385	DATA	Mouse: 0 button down, pos=(903,986)
7.855	EXP	fixation_mask: autoDraw = false
7.9	EXP	prime_text: autoDraw = true
7.938000000000001	EXP	prime_text: autoDraw = false
7.938000000000001	EXP	target: autoDraw = true
8.61	DATA	Mouse: 0 button down, pos=(636,885)
8.639	EXP	fixation_mask: autoDraw = false
8.639	EXP	prime_text: autoDraw = false
8.639	EXP	target: autoDraw = false
8.639	EXP	button_left: autoDraw = false
8.639	EXP	button_right: autoDraw = false
8.639	EXP	trial_label_right: autoDraw = false
8.639	EXP	trial_label_left_new: autoDraw = false
8.639	EXP	feedback_text: color = {"_hex":"#FF0000","_rgb":[1,0,0]}
8.639	EXP	feedback_text: text = "Incorrect"
8.639	EXP	feedback_text: autoDraw = true
8.639	EXP	button_left_2: autoDraw = true
8.639	EXP	button_right_2: autoDraw = true
8.639	EXP	trial_label_left_2: autoDraw = true
8.639	EXP	trial_label_right_2: autoDraw = true
8.741	DATA	Mouse: 0 button down, pos=(632,889)
9.137	EXP	feedback_text: autoDraw = false
9.137	EXP	button_left_2: autoDraw = false
9.137	EXP	button_right_2: autoDraw = false
9.137	EXP	trial_label_left_2: autoDraw = false
9.137	EXP	trial_label_right_2: autoDraw = false
9.137	EXP	feedback_text: autoDraw = false
9.137	EXP	button_left_2: autoDraw = false
9.137	EXP	button_right_2: autoDraw = false
9.137	EXP	trial_label_left_2: autoDraw = false
9.137	EXP	trial_label_right_2: autoDraw = false
9.137	EXP	prime_text: text = "aslert"
9.137	EXP	target: text = "ASLERT"
9.137	EXP	target: font = "Courier New"
9.137	EXP	fixation_mask: autoDraw = true
9.137	EXP	button_left: autoDraw = true
9.137	EXP	button_right: autoDraw = true
9.137	EXP	trial_label_right: autoDraw = true
9.137	EXP	trial_label_left_new: autoDraw = true
9.556	DATA	Mouse: 0 button down, pos=(635,889)
9.666	EXP	fixation_mask: autoDraw = false
9.666	EXP	prime_text: autoDraw = true
9.687	EXP	prime_text: autoDraw = false
9.687	EXP	target: autoDraw = true
9.738	DATA	Mouse: 0 button down, pos=(635,889)
9.956	DATA	Mouse: 0 button down, pos=(635,889)
9.989	EXP	fixation_mask: autoDraw = false
9.989	EXP	prime_text: autoDraw = false
9.989	EXP	target: autoDraw = false
9.989	EXP	button_left: autoDraw = false
9.989	EXP	button_right: autoDraw = false
9.989	EXP	trial_label_right: autoDraw = false
9.989	EXP	trial_label_left_new: autoDraw = false
9.989	EXP	feedback_text: color = {"_hex":"#FF0000","_rgb":[1,0,0]}
9.989	EXP	feedback_text: text = "Incorrect"
9.989	EXP	feedback_text: autoDraw = true
9.989	EXP	button_left_2: autoDraw = true
9.989	EXP	button_right_2: autoDraw = true
9.989	EXP	trial_label_left_2: autoDraw = true
9.989	EXP	trial_label_right_2: autoDraw = true
10.039	DATA	Mouse: 0 button down, pos=(635,889)
10.486	EXP	feedback_text: autoDraw = false
10.486	EXP	button_left_2: autoDraw = false
10.486	EXP	button_right_2: autoDraw = false
10.486	EXP	trial_label_left_2: autoDraw = false
10.486	EXP	trial_label_right_2: autoDraw = false
10.486	EXP	feedback_text: autoDraw = false
10.486	EXP	button_left_2: autoDraw = false
10.486	EXP	button_right_2: autoDraw = false
10.486	EXP	trial_label_left_2: autoDraw = false
10.486	EXP	trial_label_right_2: autoDraw = false
10.486	EXP	prime_text: text = "tropic"
10.486	EXP	target: text = "ZOMBIE"
10.486	EXP	target: font = "Courier New"
10.486	EXP	fixation_mask: autoDraw = true
10.486	EXP	button_left: autoDraw = true
10.486	EXP	button_right: autoDraw = true
10.486	EXP	trial_label_right: autoDraw = true
10.486	EXP	trial_label_left_new: autoDraw = true
10.806	DATA	Mouse: 0 button down, pos=(638,887)
10.905	DATA	Mouse: 0 button down, pos=(638,887)
10.991	EXP	fixation_mask: autoDraw = false
11.007	EXP	prime_text: autoDraw = true
11.039	EXP	prime_text: autoDraw = false
11.057	EXP	target: autoDraw = true
11.366999999999999	DATA	Mouse: 0 button down, pos=(642,887)
11.389	EXP	fixation_mask: autoDraw = false
11.389	EXP	prime_text: autoDraw = false
11.389	EXP	target: autoDraw = false
11.389	EXP	button_left: autoDraw = false
11.389	EXP	button_right: autoDraw = false
11.389	EXP	trial_label_right: autoDraw = false
11.389	EXP	trial_label_left_new: autoDraw = false
11.389	EXP	feedback_text: color = {"_hex":"#FF0000","_rgb":[1,0,0]}
11.389	EXP	feedback_text: text = "Incorrect"
11.389	EXP	feedback_text: autoDraw = true
11.389	EXP	button_left_2: autoDraw = true
11.389	EXP	button_right_2: autoDraw = true
11.389	EXP	trial_label_left_2: autoDraw = true
11.389	EXP	trial_label_right_2: autoDraw = true
11.429	DATA	Mouse: 0 button down, pos=(642,887)
11.902	EXP	feedback_text: autoDraw = false
11.902	EXP	button_left_2: autoDraw = false
11.902	EXP	button_right_2: autoDraw = false
11.902	EXP	trial_label_left_2: autoDraw = false
11.902	EXP	trial_label_right_2: autoDraw = false
11.902	EXP	feedback_text: autoDraw = false
11.902	EXP	button_left_2: autoDraw = false
11.902	EXP	button_right_2: autoDraw = false
11.902	EXP	trial_label_left_2: autoDraw = false
11.902	EXP	trial_label_right_2: autoDraw = false
11.902	EXP	prime_text: text = "matrix"
11.902	EXP	target: text = "MATRIX"
11.902	EXP	target: font = "Courier New"
11.902	EXP	fixation_mask: autoDraw = true
11.902	EXP	button_left: autoDraw = true
11.902	EXP	button_right: autoDraw = true
11.902	EXP	trial_label_right: autoDraw = true
11.902	EXP	trial_label_left_new: autoDraw = true
12.396	EXP	fixation_mask: autoDraw = false
12.42	EXP	prime_text: autoDraw = true
12.453	EXP	prime_text: autoDraw = false
12.474	EXP	target: autoDraw = true
13.784	DATA	Mouse: 0 button down, pos=(983,423)
13.886	DATA	Mouse: 0 button down, pos=(983,423)
14.455	EXP	target: autoDraw = false
14.455	EXP	button_left: autoDraw = false
14.455	EXP	button_right: autoDraw = false
14.455	EXP	trial_label_right: autoDraw = false
14.455	EXP	trial_label_left_new: autoDraw = false
14.455	EXP	fixation_mask: autoDraw = false
14.455	EXP	prime_text: autoDraw = false
14.455	EXP	target: autoDraw = false
14.455	EXP	button_left: autoDraw = false
14.455	EXP	button_right: autoDraw = false
14.455	EXP	trial_label_right: autoDraw = false
14.455	EXP	trial_label_left_new: autoDraw = false
14.455	EXP	feedback_text: color = {"_hex":"#000000","_rgb":[0,0,0]}
14.455	EXP	feedback_text: text = "Too slow!"
14.455	EXP	feedback_text: autoDraw = true
14.455	EXP	button_left_2: autoDraw = true
14.455	EXP	button_right_2: autoDraw = true
14.455	EXP	trial_label_left_2: autoDraw = true
14.455	EXP	trial_label_right_2: autoDraw = true
14.856	DATA	Mouse: 0 button down, pos=(548,849)
14.922	DATA	Mouse: 0 button down, pos=(558,849)
14.953000000000001	EXP	feedback_text: autoDraw = false
14.953000000000001	EXP	button_left_2: autoDraw = false
14.953000000000001	EXP	button_right_2: autoDraw = false
14.953000000000001	EXP	trial_label_left_2: autoDraw = false
14.953000000000001	EXP	trial_label_right_2: autoDraw = false
14.953000000000001	EXP	feedback_text: autoDraw = false
14.953000000000001	EXP	button_left_2: autoDraw = false
14.953000000000001	EXP	button_right_2: autoDraw = false
14.953000000000001	EXP	trial_label_left_2: autoDraw = false
14.953000000000001	EXP	trial_label_right_2: autoDraw = false
14.953000000000001	EXP	prime_text: text = "fariny"
14.953000000000001	EXP	target: text = "FARINY"
14.953000000000001	EXP	target: font = "Courier New"
14.953000000000001	EXP	fixation_mask: autoDraw = true
14.953000000000001	EXP	button_left: autoDraw = true
14.953000000000001	EXP	button_right: autoDraw = true
14.953000000000001	EXP	trial_label_right: autoDraw = true
14.953000000000001	EXP	trial_label_left_new: autoDraw = true
15.322999999999999	DATA	Mouse: 0 button down, pos=(1502,802)
15.408	DATA	Mouse: 0 button down, pos=(1502,802)
15.449	EXP	fixation_mask: autoDraw = false
15.488000000000001	EXP	prime_text: autoDraw = true
15.508999999999999	EXP	prime_text: autoDraw = false
15.508999999999999	EXP	target: autoDraw = true
15.761999999999999	DATA	Keydown: Escape
