0.09299999999999997	EXP	Created Window = Window( name=Window, fullscr=true, color=#ffffff, units=height, waitBlanking=true, autoLog=true, size=[1924,1008] )
1.823	EXP	Created instructions = TextStim( name=instructions, win=Window( name=Window, fullscr=true, color=#ffffff, ~), autoDraw=null, autoLog=true, units=height, ori=null, opacity=1, pos=[0,0], size=undefined, text=default text, font=Courier New, color=#000000, contrast=1, height=0.035, bold=null, italic=null, alignHoriz=left, alignVert=center, wrapWidth=1, flipHoriz=null, flipVert=null )
1.8250000000000002	EXP	Created instr_done_button = Rect( name=instr_done_button, win=Window( name=Window, fullscr=true, color=#ffffff, ~), autoDraw=null, autoLog=true, units=height, ori=null, opacity=1, pos=[0,-0.4], size=[1,1], lineWidth=1, lineColor=#000000, fillColor=#FFFFFF, vertices=[[-0.2,-0.05],[0.2,-0.05],[0.2,0.05],[-0.2,0.05]], closeShape=true, contrast=1, depth=-2, interpolate=true, width=0.4, height=0.1 )
1.826	EXP	Created instr_done_label = TextStim( name=instr_done_label, win=Window( name=Window, fullscr=true, color=#ffffff, ~), autoDraw=null, autoLog=true, units=height, ori=null, opacity=1, pos=[0,-0.4], size=undefined, text=Continue, font=Courier New, color=#000000, contrast=1, height=0.05, bold=null, italic=null, alignHoriz=left, alignVert=center, wrapWidth=1, flipHoriz=null, flipVert=null )
1.8279999999999998	EXP	Created instructions_image = ImageStim( name=instructions_image, win=Window( name=Window, fullscr=true, color=#ffffff, ~), autoDraw=null, autoLog=true, units=height, ori=null, opacity=1, pos=[0,0], size=[0.4,0.3], image=undefined, mask=undefined, color=#ffffff, contrast=1, texRes=128, interpolate=true, depth=-6, flipHoriz=null, flipVert=null )
1.8290000000000002	EXP	Created fixation_mask = TextStim( name=fixation_mask, win=Window( name=Window, fullscr=true, color=#ffffff, ~), autoDraw=null, autoLog=true, units=height, ori=null, opacity=1, pos=[0,0], size=undefined, text=######, font=Courier New, color=#000000, contrast=1, height=0.1, bold=null, italic=null, alignHoriz=left, alignVert=center, wrapWidth=1, flipHoriz=null, flipVert=null )
1.83	EXP	Created prime_text = TextStim( name=prime_text, win=Window( name=Window, fullscr=true, color=#ffffff, ~), autoDraw=null, autoLog=true, units=height, ori=null, opacity=1, pos=[0,0], size=undefined, text=default text, font=Courier New, color=#000000, contrast=1, height=0.1, bold=null, italic=null, alignHoriz=left, alignVert=center, wrapWidth=1, flipHoriz=null, flipVert=null )
1.83	EXP	Created target = TextStim( name=target, win=Window( name=Window, fullscr=true, color=#ffffff, ~), autoDraw=null, autoLog=true, units=height, ori=null, opacity=1, pos=[0,0], size=undefined, text=default text, font=Arial, color=#000000, contrast=1, height=0.1, bold=null, italic=null, alignHoriz=left, alignVert=center, wrapWidth=1, flipHoriz=null, flipVert=null )
1.8319999999999999	EXP	Created button_left = Rect( name=button_left, win=Window( name=Window, fullscr=true, color=#ffffff, ~), autoDraw=null, autoLog=true, units=height, ori=null, opacity=1, pos=[-0.4,-0.3], size=[1,1], lineWidth=1, lineColor=#000000, fillColor=#FFFFFF, vertices=[[-0.2,-0.1],[0.2,-0.1],[0.2,0.1],[-0.2,0.1]], closeShape=true, contrast=1, depth=-5, interpolate=true, width=0.4, height=0.2 )
1.8330000000000002	EXP	Created button_right = Rect( name=button_right, win=Window( name=Window, fullscr=true, color=#ffffff, ~), autoDraw=null, autoLog=true, units=height, ori=null, opacity=1, pos=[0.4,-0.3], size=[1,1], lineWidth=1, lineColor=#000000, fillColor=#FFFFFF, vertices=[[-0.2,-0.1],[0.2,-0.1],[0.2,0.1],[-0.2,0.1]], closeShape=true, contrast=1, depth=-6, interpolate=true, width=0.4, height=0.2 )
1.834	EXP	Created trial_label_right = TextStim( name=trial_label_right, win=Window( name=Window, fullscr=true, color=#ffffff, ~), autoDraw=null, autoLog=true, units=height, ori=null, opacity=1, pos=[0.4,-0.3], size=undefined, text=M = Word, font=Courier New, color=#000000, contrast=1, height=0.05, bold=null, italic=null, alignHoriz=left, alignVert=center, wrapWidth=1, flipHoriz=null, flipVert=null )
1.835	EXP	Created trial_label_left_new = TextStim( name=trial_label_left_new, win=Window( name=Window, fullscr=true, color=#ffffff, ~), autoDraw=null, autoLog=true, units=height, ori=null, opacity=1, pos=[-0.4,-0.3], size=undefined, text=Z = Nonword, font=Courier New, color=#000000, contrast=1, height=0.05, bold=null, italic=null, alignHoriz=left, alignVert=center, wrapWidth=1, flipHoriz=null, flipVert=null )
1.835	EXP	Created feedback_text = TextStim( name=feedback_text, win=Window( name=Window, fullscr=true, color=#ffffff, ~), autoDraw=null, autoLog=true, units=height, ori=null, opacity=1, pos=[0,0], size=undefined, text=default text, font=Courier New, color=#FFFFFF, contrast=1, height=0.05, bold=null, italic=null, alignHoriz=left, alignVert=center, wrapWidth=1, flipHoriz=null, flipVert=null )
1.8370000000000002	EXP	Created button_left_2 = Rect( name=button_left_2, win=Window( name=Window, fullscr=true, color=#ffffff, ~), autoDraw=null, autoLog=true, units=height, ori=null, opacity=1, pos=[-0.4,-0.3], size=[1,1], lineWidth=1, lineColor=#000000, fillColor=#FFFFFF, vertices=[[-0.2,-0.1],[0.2,-0.1],[0.2,0.1],[-0.2,0.1]], closeShape=true, contrast=1, depth=-2, interpolate=true, width=0.4, height=0.2 )
1.838	EXP	Created button_right_2 = Rect( name=button_right_2, win=Window( name=Window, fullscr=true, color=#ffffff, ~), autoDraw=null, autoLog=true, units=height, ori=null, opacity=1, pos=[0.4,-0.3], size=[1,1], lineWidth=1, lineColor=#000000, fillColor=#FFFFFF, vertices=[[-0.2,-0.1],[0.2,-0.1],[0.2,0.1],[-0.2,0.1]], closeShape=true, contrast=1, depth=-3, interpolate=true, width=0.4, height=0.2 )
1.839	EXP	Created trial_label_left_2 = TextStim( name=trial_label_left_2, win=Window( name=Window, fullscr=true, color=#ffffff, ~), autoDraw=null, autoLog=true, units=height, ori=null, opacity=1, pos=[-0.4,-0.3], size=undefined, text=Z = Nonword, font=Courier New, color=#000000, contrast=1, height=0.05, bold=null, italic=null, alignHoriz=left, alignVert=center, wrapWidth=1, flipHoriz=null, flipVert=null )
1.839	EXP	Created trial_label_right_2 = TextStim( name=trial_label_right_2, win=Window( name=Window, fullscr=true, color=#ffffff, ~), autoDraw=null, autoLog=true, units=height, ori=null, opacity=1, pos=[0.4,-0.3], size=undefined, text=M = Word, font=Courier New, color=#000000, contrast=1, height=0.05, bold=null, italic=null, alignHoriz=left, alignVert=center, wrapWidth=1, flipHoriz=null, flipVert=null )
1.8399999999999999	EXP	Created instructions = TextStim( name=instructions, win=Window( name=Window, fullscr=true, color=#ffffff, ~), autoDraw=null, autoLog=true, units=height, ori=null, opacity=1, pos=[0,0], size=undefined, text=default text, font=Courier New, color=#000000, contrast=1, height=0.035, bold=null, italic=null, alignHoriz=left, alignVert=center, wrapWidth=1, flipHoriz=null, flipVert=null )
1.842	EXP	Created instr_done_button = Rect( name=instr_done_button, win=Window( name=Window, fullscr=true, color=#ffffff, ~), autoDraw=null, autoLog=true, units=height, ori=null, opacity=1, pos=[0,-0.4], size=[1,1], lineWidth=1, lineColor=#000000, fillColor=#FFFFFF, vertices=[[-0.2,-0.05],[0.2,-0.05],[0.2,0.05],[-0.2,0.05]], closeShape=true, contrast=1, depth=-2, interpolate=true, width=0.4, height=0.1 )
1.842	EXP	Created instr_done_label = TextStim( name=instr_done_label, win=Window( name=Window, fullscr=true, color=#ffffff, ~), autoDraw=null, autoLog=true, units=height, ori=null, opacity=1, pos=[0,-0.4], size=undefined, text=Continue, font=Courier New, color=#000000, contrast=1, height=0.05, bold=null, italic=null, alignHoriz=left, alignVert=center, wrapWidth=1, flipHoriz=null, flipVert=null )
1.843	EXP	Created instructions_image = ImageStim( name=instructions_image, win=Window( name=Window, fullscr=true, color=#ffffff, ~), autoDraw=null, autoLog=true, units=height, ori=null, opacity=1, pos=[0,0], size=[0.4,0.3], image=undefined, mask=undefined, color=#ffffff, contrast=1, texRes=128, interpolate=true, depth=-6, flipHoriz=null, flipVert=null )
1.8439999999999999	EXP	Created fixation_mask = TextStim( name=fixation_mask, win=Window( name=Window, fullscr=true, color=#ffffff, ~), autoDraw=null, autoLog=true, units=height, ori=null, opacity=1, pos=[0,0], size=undefined, text=######, font=Courier New, color=#000000, contrast=1, height=0.1, bold=null, italic=null, alignHoriz=left, alignVert=center, wrapWidth=1, flipHoriz=null, flipVert=null )
1.8439999999999999	EXP	Created prime_text = TextStim( name=prime_text, win=Window( name=Window, fullscr=true, color=#ffffff, ~), autoDraw=null, autoLog=true, units=height, ori=null, opacity=1, pos=[0,0], size=undefined, text=default text, font=Courier New, color=#000000, contrast=1, height=0.1, bold=null, italic=null, alignHoriz=left, alignVert=center, wrapWidth=1, flipHoriz=null, flipVert=null )
1.8450000000000002	EXP	Created target = TextStim( name=target, win=Window( name=Window, fullscr=true, color=#ffffff, ~), autoDraw=null, autoLog=true, units=height, ori=null, opacity=1, pos=[0,0], size=undefined, text=default text, font=Arial, color=#000000, contrast=1, height=0.1, bold=null, italic=null, alignHoriz=left, alignVert=center, wrapWidth=1, flipHoriz=null, flipVert=null )
1.847	EXP	Created button_left = Rect( name=button_left, win=Window( name=Window, fullscr=true, color=#ffffff, ~), autoDraw=null, autoLog=true, units=height, ori=null, opacity=1, pos=[-0.4,-0.3], size=[1,1], lineWidth=1, lineColor=#000000, fillColor=#FFFFFF, vertices=[[-0.2,-0.1],[0.2,-0.1],[0.2,0.1],[-0.2,0.1]], closeShape=true, contrast=1, depth=-5, interpolate=true, width=0.4, height=0.2 )
1.8490000000000002	EXP	Created button_right = Rect( name=button_right, win=Window( name=Window, fullscr=true, color=#ffffff, ~), autoDraw=null, autoLog=true, units=height, ori=null, opacity=1, pos=[0.4,-0.3], size=[1,1], lineWidth=1, lineColor=#000000, fillColor=#FFFFFF, vertices=[[-0.2,-0.1],[0.2,-0.1],[0.2,0.1],[-0.2,0.1]], closeShape=true, contrast=1, depth=-6, interpolate=true, width=0.4, height=0.2 )
1.85	EXP	Created trial_label_right = TextStim( name=trial_label_right, win=Window( name=Window, fullscr=true, color=#ffffff, ~), autoDraw=null, autoLog=true, units=height, ori=null, opacity=1, pos=[0.4,-0.3], size=undefined, text=M = Word, font=Courier New, color=#000000, contrast=1, height=0.05, bold=null, italic=null, alignHoriz=left, alignVert=center, wrapWidth=1, flipHoriz=null, flipVert=null )
1.85	EXP	Created trial_label_left_new = TextStim( name=trial_label_left_new, win=Window( name=Window, fullscr=true, color=#ffffff, ~), autoDraw=null, autoLog=true, units=height, ori=null, opacity=1, pos=[-0.4,-0.3], size=undefined, text=Z = Nonword, font=Courier New, color=#000000, contrast=1, height=0.05, bold=null, italic=null, alignHoriz=left, alignVert=center, wrapWidth=1, flipHoriz=null, flipVert=null )
1.851	EXP	Created feedback_text = TextStim( name=feedback_text, win=Window( name=Window, fullscr=true, color=#ffffff, ~), autoDraw=null, autoLog=true, units=height, ori=null, opacity=1, pos=[0,0], size=undefined, text=default text, font=Courier New, color=#FFFFFF, contrast=1, height=0.05, bold=null, italic=null, alignHoriz=left, alignVert=center, wrapWidth=1, flipHoriz=null, flipVert=null )
1.8519999999999999	EXP	Created button_left_2 = Rect( name=button_left_2, win=Window( name=Window, fullscr=true, color=#ffffff, ~), autoDraw=null, autoLog=true, units=height, ori=null, opacity=1, pos=[-0.4,-0.3], size=[1,1], lineWidth=1, lineColor=#000000, fillColor=#FFFFFF, vertices=[[-0.2,-0.1],[0.2,-0.1],[0.2,0.1],[-0.2,0.1]], closeShape=true, contrast=1, depth=-2, interpolate=true, width=0.4, height=0.2 )
1.854	EXP	Created button_right_2 = Rect( name=button_right_2, win=Window( name=Window, fullscr=true, color=#ffffff, ~), autoDraw=null, autoLog=true, units=height, ori=null, opacity=1, pos=[0.4,-0.3], size=[1,1], lineWidth=1, lineColor=#000000, fillColor=#FFFFFF, vertices=[[-0.2,-0.1],[0.2,-0.1],[0.2,0.1],[-0.2,0.1]], closeShape=true, contrast=1, depth=-3, interpolate=true, width=0.4, height=0.2 )
1.854	EXP	Created trial_label_left_2 = TextStim( name=trial_label_left_2, win=Window( name=Window, fullscr=true, color=#ffffff, ~), autoDraw=null, autoLog=true, units=height, ori=null, opacity=1, pos=[-0.4,-0.3], size=undefined, text=Z = Nonword, font=Courier New, color=#000000, contrast=1, height=0.05, bold=null, italic=null, alignHoriz=left, alignVert=center, wrapWidth=1, flipHoriz=null, flipVert=null )
1.854	EXP	Created trial_label_right_2 = TextStim( name=trial_label_right_2, win=Window( name=Window, fullscr=true, color=#ffffff, ~), autoDraw=null, autoLog=true, units=height, ori=null, opacity=1, pos=[0.4,-0.3], size=undefined, text=M = Word, font=Courier New, color=#000000, contrast=1, height=0.05, bold=null, italic=null, alignHoriz=left, alignVert=center, wrapWidth=1, flipHoriz=null, flipVert=null )
1.855	EXP	Created break_text = TextStim( name=break_text, win=Window( name=Window, fullscr=true, color=#ffffff, ~), autoDraw=null, autoLog=true, units=height, ori=null, opacity=1, pos=[0,0], size=undefined, text=default text, font=Courier New, color=#000000, contrast=1, height=0.05, bold=null, italic=null, alignHoriz=left, alignVert=center, wrapWidth=1, flipHoriz=null, flipVert=null )
1.8570000000000002	EXP	Created break_done_button = Rect( name=break_done_button, win=Window( name=Window, fullscr=true, color=#ffffff, ~), autoDraw=null, autoLog=true, units=height, ori=null, opacity=1, pos=[0,-0.4], size=[1,1], lineWidth=1, lineColor=#000000, fillColor=#FFFFFF, vertices=[[-0.2,-0.05],[0.2,-0.05],[0.2,0.05],[-0.2,0.05]], closeShape=true, contrast=1, depth=-4, interpolate=true, width=0.4, height=0.1 )
1.8570000000000002	EXP	Created break_done_button_label = TextStim( name=break_done_button_label, win=Window( name=Window, fullscr=true, color=#ffffff, ~), autoDraw=null, autoLog=true, units=height, ori=null, opacity=1, pos=[0,-0.4], size=undefined, text=Continue, font=Courier New, color=#000000, contrast=1, height=0.05, bold=null, italic=null, alignHoriz=left, alignVert=center, wrapWidth=1, flipHoriz=null, flipVert=null )
1.858	EXP	Created thank_you = TextStim( name=thank_you, win=Window( name=Window, fullscr=true, color=#ffffff, ~), autoDraw=null, autoLog=true, units=height, ori=null, opacity=1, pos=[0,0], size=undefined, text=This is the end of the experiment.

Please do NOT ~, font=Courier New, color=#000000, contrast=1, height=1, bold=null, italic=null, alignHoriz=left, alignVert=center, wrapWidth=1, flipHoriz=null, flipVert=null )
1.908	EXP	instructions: units = "height"
1.908	EXP	instructions: ori = 0
1.908	EXP	instructions: opacity = 1
1.908	EXP	instructions: pos = [0,0]
1.908	EXP	instructions: size = undefined
1.908	EXP	instructions: text = "default text"
1.908	EXP	instructions: font = "Courier New"
1.908	EXP	instructions: color = {"_hex":"#000000","_rgb":[0,0,0]}
1.908	EXP	instructions: contrast = 1
1.908	EXP	instructions: height = 0.035
1.908	EXP	instructions: bold = false
1.908	EXP	instructions: italic = false
1.908	EXP	instructions: alignHoriz = "left"
1.908	EXP	instructions: alignVert = "center"
1.908	EXP	instructions: wrapWidth = 1
1.908	EXP	instructions: flipHoriz = false
1.908	EXP	instructions: flipVert = false
1.908	EXP	instr_done_button: units = "height"
1.908	EXP	instr_done_button: ori = 0
1.908	EXP	instr_done_button: opacity = 1
1.908	EXP	instr_done_button: pos = [0,-0.4]
1.908	EXP	instr_done_button: size = [1,1]
1.908	EXP	instr_done_button: lineWidth = 1
1.908	EXP	instr_done_button: lineColor = {"_hex":"#000000","_rgb":[0,0,0]}
1.908	EXP	instr_done_button: fillColor = {"_hex":"#FFFFFF","_rgb":[1,1,1]}
1.908	EXP	instr_done_button: vertices = [[-0.5,0],[0,0.5],[0.5,0]]
1.908	EXP	instr_done_button: closeShape = true
1.908	EXP	instr_done_button: contrast = 1
1.908	EXP	instr_done_button: depth = -2
1.908	EXP	instr_done_button: interpolate = true
1.908	EXP	instr_done_button: width = 0.4
1.908	EXP	instr_done_button: vertices = [[-0.2,null],[0.2,null],[0.2,null],[-0.2,null]]
1.908	EXP	instr_done_button: height = 0.1
1.908	EXP	instr_done_button: vertices = [[-0.2,-0.05],[0.2,-0.05],[0.2,0.05],[-0.2,0.05]]
1.908	EXP	instr_done_button: vertices = [[-0.2,-0.05],[0.2,-0.05],[0.2,0.05],[-0.2,0.05]]
1.908	EXP	instr_done_label: units = "height"
1.908	EXP	instr_done_label: ori = 0
1.908	EXP	instr_done_label: opacity = 1
1.908	EXP	instr_done_label: pos = [0,-0.4]
1.908	EXP	instr_done_label: size = undefined
1.908	EXP	instr_done_label: text = "Continue"
1.908	EXP	instr_done_label: font = "Courier New"
1.908	EXP	instr_done_label: color = {"_hex":"#000000","_rgb":[0,0,0]}
1.908	EXP	instr_done_label: contrast = 1
1.908	EXP	instr_done_label: height = 0.05
1.908	EXP	instr_done_label: bold = false
1.908	EXP	instr_done_label: italic = false
1.908	EXP	instr_done_label: alignHoriz = "left"
1.908	EXP	instr_done_label: alignVert = "center"
1.908	EXP	instr_done_label: wrapWidth = 1
1.908	EXP	instr_done_label: flipHoriz = false
1.908	EXP	instr_done_label: flipVert = false
1.908	EXP	instructions_image: units = "height"
1.908	EXP	instructions_image: ori = 0
1.908	EXP	instructions_image: opacity = 1
1.908	EXP	instructions_image: pos = [0,0]
1.908	EXP	instructions_image: size = [0.4,0.3]
1.908	EXP	instructions_image: image = undefined
1.908	EXP	instructions_image: mask = undefined
1.908	EXP	instructions_image: color = {"_rgb":[1,1,1]}
1.908	EXP	instructions_image: contrast = 1
1.908	EXP	instructions_image: texRes = 128
1.908	EXP	instructions_image: interpolate = true
1.908	EXP	instructions_image: depth = -6
1.908	EXP	instructions_image: flipHoriz = false
1.908	EXP	instructions_image: flipVert = false
1.908	EXP	fixation_mask: units = "height"
1.908	EXP	fixation_mask: ori = 0
1.908	EXP	fixation_mask: opacity = 1
1.908	EXP	fixation_mask: pos = [0,0]
1.908	EXP	fixation_mask: size = undefined
1.908	EXP	fixation_mask: text = "######"
1.908	EXP	fixation_mask: font = "Courier New"
1.908	EXP	fixation_mask: color = {"_hex":"#000000","_rgb":[0,0,0]}
1.908	EXP	fixation_mask: contrast = 1
1.908	EXP	fixation_mask: height = 0.1
1.908	EXP	fixation_mask: bold = false
1.908	EXP	fixation_mask: italic = false
1.908	EXP	fixation_mask: alignHoriz = "left"
1.908	EXP	fixation_mask: alignVert = "center"
1.908	EXP	fixation_mask: wrapWidth = 1
1.908	EXP	fixation_mask: flipHoriz = false
1.908	EXP	fixation_mask: flipVert = false
1.908	EXP	prime_text: units = "height"
1.908	EXP	prime_text: ori = 0
1.908	EXP	prime_text: opacity = 1
1.908	EXP	prime_text: pos = [0,0]
1.908	EXP	prime_text: size = undefined
1.908	EXP	prime_text: text = "default text"
1.908	EXP	prime_text: font = "Courier New"
1.908	EXP	prime_text: color = {"_hex":"#000000","_rgb":[0,0,0]}
1.908	EXP	prime_text: contrast = 1
1.908	EXP	prime_text: height = 0.1
1.908	EXP	prime_text: bold = false
1.908	EXP	prime_text: italic = false
1.908	EXP	prime_text: alignHoriz = "left"
1.908	EXP	prime_text: alignVert = "center"
1.908	EXP	prime_text: wrapWidth = 1
1.908	EXP	prime_text: flipHoriz = false
1.908	EXP	prime_text: flipVert = false
1.908	EXP	target: units = "height"
1.908	EXP	target: ori = 0
1.908	EXP	target: opacity = 1
1.908	EXP	target: pos = [0,0]
1.908	EXP	target: size = undefined
1.908	EXP	target: text = "default text"
1.908	EXP	target: font = "Arial"
1.908	EXP	target: color = {"_hex":"#000000","_rgb":[0,0,0]}
1.908	EXP	target: contrast = 1
1.908	EXP	target: height = 0.1
1.908	EXP	target: bold = false
1.908	EXP	target: italic = false
1.908	EXP	target: alignHoriz = "left"
1.908	EXP	target: alignVert = "center"
1.908	EXP	target: wrapWidth = 1
1.908	EXP	target: flipHoriz = false
1.908	EXP	target: flipVert = false
1.908	EXP	button_left: units = "height"
1.908	EXP	button_left: ori = 0
1.908	EXP	button_left: opacity = 1
1.908	EXP	button_left: pos = [-0.4,-0.3]
1.908	EXP	button_left: size = [1,1]
1.908	EXP	button_left: lineWidth = 1
1.908	EXP	button_left: lineColor = {"_hex":"#000000","_rgb":[0,0,0]}
1.908	EXP	button_left: fillColor = {"_hex":"#FFFFFF","_rgb":[1,1,1]}
1.908	EXP	button_left: vertices = [[-0.5,0],[0,0.5],[0.5,0]]
1.908	EXP	button_left: closeShape = true
1.908	EXP	button_left: contrast = 1
1.908	EXP	button_left: depth = -5
1.908	EXP	button_left: interpolate = true
1.908	EXP	button_left: width = 0.4
1.908	EXP	button_left: vertices = [[-0.2,null],[0.2,null],[0.2,null],[-0.2,null]]
1.908	EXP	button_left: height = 0.2
1.908	EXP	button_left: vertices = [[-0.2,-0.1],[0.2,-0.1],[0.2,0.1],[-0.2,0.1]]
1.908	EXP	button_left: vertices = [[-0.2,-0.1],[0.2,-0.1],[0.2,0.1],[-0.2,0.1]]
1.908	EXP	button_right: units = "height"
1.908	EXP	button_right: ori = 0
1.908	EXP	button_right: opacity = 1
1.908	EXP	button_right: pos = [0.4,-0.3]
1.908	EXP	button_right: size = [1,1]
1.908	EXP	button_right: lineWidth = 1
1.908	EXP	button_right: lineColor = {"_hex":"#000000","_rgb":[0,0,0]}
1.908	EXP	button_right: fillColor = {"_hex":"#FFFFFF","_rgb":[1,1,1]}
1.908	EXP	button_right: vertices = [[-0.5,0],[0,0.5],[0.5,0]]
1.908	EXP	button_right: closeShape = true
1.908	EXP	button_right: contrast = 1
1.908	EXP	button_right: depth = -6
1.908	EXP	button_right: interpolate = true
1.908	EXP	button_right: width = 0.4
1.908	EXP	button_right: vertices = [[-0.2,null],[0.2,null],[0.2,null],[-0.2,null]]
1.908	EXP	button_right: height = 0.2
1.908	EXP	button_right: vertices = [[-0.2,-0.1],[0.2,-0.1],[0.2,0.1],[-0.2,0.1]]
1.908	EXP	button_right: vertices = [[-0.2,-0.1],[0.2,-0.1],[0.2,0.1],[-0.2,0.1]]
1.908	EXP	trial_label_right: units = "height"
1.908	EXP	trial_label_right: ori = 0
1.908	EXP	trial_label_right: opacity = 1
1.908	EXP	trial_label_right: pos = [0.4,-0.3]
1.908	EXP	trial_label_right: size = undefined
1.908	EXP	trial_label_right: text = "M = Word"
1.908	EXP	trial_label_right: font = "Courier New"
1.908	EXP	trial_label_right: color = {"_hex":"#000000","_rgb":[0,0,0]}
1.908	EXP	trial_label_right: contrast = 1
1.908	EXP	trial_label_right: height = 0.05
1.908	EXP	trial_label_right: bold = false
1.908	EXP	trial_label_right: italic = false
1.908	EXP	trial_label_right: alignHoriz = "left"
1.908	EXP	trial_label_right: alignVert = "center"
1.908	EXP	trial_label_right: wrapWidth = 1
1.908	EXP	trial_label_right: flipHoriz = false
1.908	EXP	trial_label_right: flipVert = false
1.908	EXP	trial_label_left_new: units = "height"
1.908	EXP	trial_label_left_new: ori = 0
1.908	EXP	trial_label_left_new: opacity = 1
1.908	EXP	trial_label_left_new: pos = [-0.4,-0.3]
1.908	EXP	trial_label_left_new: size = undefined
1.908	EXP	trial_label_left_new: text = "Z = Nonword"
1.908	EXP	trial_label_left_new: font = "Courier New"
1.908	EXP	trial_label_left_new: color = {"_hex":"#000000","_rgb":[0,0,0]}
1.908	EXP	trial_label_left_new: contrast = 1
1.908	EXP	trial_label_left_new: height = 0.05
1.908	EXP	trial_label_left_new: bold = false
1.908	EXP	trial_label_left_new: italic = false
1.908	EXP	trial_label_left_new: alignHoriz = "left"
1.908	EXP	trial_label_left_new: alignVert = "center"
1.908	EXP	trial_label_left_new: wrapWidth = 1
1.908	EXP	trial_label_left_new: flipHoriz = false
1.908	EXP	trial_label_left_new: flipVert = false
1.908	EXP	feedback_text: units = "height"
1.908	EXP	feedback_text: ori = 0
1.908	EXP	feedback_text: opacity = 1
1.908	EXP	feedback_text: pos = [0,0]
1.908	EXP	feedback_text: size = undefined
1.908	EXP	feedback_text: text = "default text"
1.908	EXP	feedback_text: font = "Courier New"
1.908	EXP	feedback_text: color = {"_hex":"#FFFFFF","_rgb":[1,1,1]}
1.908	EXP	feedback_text: contrast = 1
1.908	EXP	feedback_text: height = 0.05
1.908	EXP	feedback_text: bold = false
1.908	EXP	feedback_text: italic = false
1.908	EXP	feedback_text: alignHoriz = "left"
1.908	EXP	feedback_text: alignVert = "center"
1.908	EXP	feedback_text: wrapWidth = 1
1.908	EXP	feedback_text: flipHoriz = false
1.908	EXP	feedback_text: flipVert = false
1.908	EXP	button_left_2: units = "height"
1.908	EXP	button_left_2: ori = 0
1.908	EXP	button_left_2: opacity = 1
1.908	EXP	button_left_2: pos = [-0.4,-0.3]
1.908	EXP	button_left_2: size = [1,1]
1.908	EXP	button_left_2: lineWidth = 1
1.908	EXP	button_left_2: lineColor = {"_hex":"#000000","_rgb":[0,0,0]}
1.908	EXP	button_left_2: fillColor = {"_hex":"#FFFFFF","_rgb":[1,1,1]}
1.908	EXP	button_left_2: vertices = [[-0.5,0],[0,0.5],[0.5,0]]
1.908	EXP	button_left_2: closeShape = true
1.908	EXP	button_left_2: contrast = 1
1.908	EXP	button_left_2: depth = -2
1.908	EXP	button_left_2: interpolate = true
1.908	EXP	button_left_2: width = 0.4
1.908	EXP	button_left_2: vertices = [[-0.2,null],[0.2,null],[0.2,null],[-0.2,null]]
1.908	EXP	button_left_2: height = 0.2
1.908	EXP	button_left_2: vertices = [[-0.2,-0.1],[0.2,-0.1],[0.2,0.1],[-0.2,0.1]]
1.908	EXP	button_left_2: vertices = [[-0.2,-0.1],[0.2,-0.1],[0.2,0.1],[-0.2,0.1]]
1.908	EXP	button_right_2: units = "height"
1.908	EXP	button_right_2: ori = 0
1.908	EXP	button_right_2: opacity = 1
1.908	EXP	button_right_2: pos = [0.4,-0.3]
1.908	EXP	button_right_2: size = [1,1]
1.908	EXP	button_right_2: lineWidth = 1
1.908	EXP	button_right_2: lineColor = {"_hex":"#000000","_rgb":[0,0,0]}
1.908	EXP	button_right_2: fillColor = {"_hex":"#FFFFFF","_rgb":[1,1,1]}
1.908	EXP	button_right_2: vertices = [[-0.5,0],[0,0.5],[0.5,0]]
1.908	EXP	button_right_2: closeShape = true
1.908	EXP	button_right_2: contrast = 1
1.908	EXP	button_right_2: depth = -3
1.908	EXP	button_right_2: interpolate = true
1.908	EXP	button_right_2: width = 0.4
1.908	EXP	button_right_2: vertices = [[-0.2,null],[0.2,null],[0.2,null],[-0.2,null]]
1.908	EXP	button_right_2: height = 0.2
1.908	EXP	button_right_2: vertices = [[-0.2,-0.1],[0.2,-0.1],[0.2,0.1],[-0.2,0.1]]
1.908	EXP	button_right_2: vertices = [[-0.2,-0.1],[0.2,-0.1],[0.2,0.1],[-0.2,0.1]]
1.908	EXP	trial_label_left_2: units = "height"
1.908	EXP	trial_label_left_2: ori = 0
1.908	EXP	trial_label_left_2: opacity = 1
1.908	EXP	trial_label_left_2: pos = [-0.4,-0.3]
1.908	EXP	trial_label_left_2: size = undefined
1.908	EXP	trial_label_left_2: text = "Z = Nonword"
1.908	EXP	trial_label_left_2: font = "Courier New"
1.908	EXP	trial_label_left_2: color = {"_hex":"#000000","_rgb":[0,0,0]}
1.908	EXP	trial_label_left_2: contrast = 1
1.908	EXP	trial_label_left_2: height = 0.05
1.908	EXP	trial_label_left_2: bold = false
1.908	EXP	trial_label_left_2: italic = false
1.908	EXP	trial_label_left_2: alignHoriz = "left"
1.908	EXP	trial_label_left_2: alignVert = "center"
1.908	EXP	trial_label_left_2: wrapWidth = 1
1.908	EXP	trial_label_left_2: flipHoriz = false
1.908	EXP	trial_label_left_2: flipVert = false
1.908	EXP	trial_label_right_2: units = "height"
1.908	EXP	trial_label_right_2: ori = 0
1.908	EXP	trial_label_right_2: opacity = 1
1.908	EXP	trial_label_right_2: pos = [0.4,-0.3]
1.908	EXP	trial_label_right_2: size = undefined
1.908	EXP	trial_label_right_2: text = "M = Word"
1.908	EXP	trial_label_right_2: font = "Courier New"
1.908	EXP	trial_label_right_2: color = {"_hex":"#000000","_rgb":[0,0,0]}
1.908	EXP	trial_label_right_2: contrast = 1
1.908	EXP	trial_label_right_2: height = 0.05
1.908	EXP	trial_label_right_2: bold = false
1.908	EXP	trial_label_right_2: italic = false
1.908	EXP	trial_label_right_2: alignHoriz = "left"
1.908	EXP	trial_label_right_2: alignVert = "center"
1.908	EXP	trial_label_right_2: wrapWidth = 1
1.908	EXP	trial_label_right_2: flipHoriz = false
1.908	EXP	trial_label_right_2: flipVert = false
1.908	EXP	instructions: units = "height"
1.908	EXP	instructions: ori = 0
1.908	EXP	instructions: opacity = 1
1.908	EXP	instructions: pos = [0,0]
1.908	EXP	instructions: size = undefined
1.908	EXP	instructions: text = "default text"
1.908	EXP	instructions: font = "Courier New"
1.908	EXP	instructions: color = {"_hex":"#000000","_rgb":[0,0,0]}
1.908	EXP	instructions: contrast = 1
1.908	EXP	instructions: height = 0.035
1.908	EXP	instructions: bold = false
1.908	EXP	instructions: italic = false
1.908	EXP	instructions: alignHoriz = "left"
1.908	EXP	instructions: alignVert = "center"
1.908	EXP	instructions: wrapWidth = 1
1.908	EXP	instructions: flipHoriz = false
1.908	EXP	instructions: flipVert = false
1.908	EXP	instr_done_button: units = "height"
1.908	EXP	instr_done_button: ori = 0
1.908	EXP	instr_done_button: opacity = 1
1.908	EXP	instr_done_button: pos = [0,-0.4]
1.908	EXP	instr_done_button: size = [1,1]
1.908	EXP	instr_done_button: lineWidth = 1
1.908	EXP	instr_done_button: lineColor = {"_hex":"#000000","_rgb":[0,0,0]}
1.908	EXP	instr_done_button: fillColor = {"_hex":"#FFFFFF","_rgb":[1,1,1]}
1.908	EXP	instr_done_button: vertices = [[-0.5,0],[0,0.5],[0.5,0]]
1.908	EXP	instr_done_button: closeShape = true
1.908	EXP	instr_done_button: contrast = 1
1.908	EXP	instr_done_button: depth = -2
1.908	EXP	instr_done_button: interpolate = true
1.908	EXP	instr_done_button: width = 0.4
1.908	EXP	instr_done_button: vertices = [[-0.2,null],[0.2,null],[0.2,null],[-0.2,null]]
1.908	EXP	instr_done_button: height = 0.1
1.908	EXP	instr_done_button: vertices = [[-0.2,-0.05],[0.2,-0.05],[0.2,0.05],[-0.2,0.05]]
1.908	EXP	instr_done_button: vertices = [[-0.2,-0.05],[0.2,-0.05],[0.2,0.05],[-0.2,0.05]]
1.908	EXP	instr_done_label: units = "height"
1.908	EXP	instr_done_label: ori = 0
1.908	EXP	instr_done_label: opacity = 1
1.908	EXP	instr_done_label: pos = [0,-0.4]
1.908	EXP	instr_done_label: size = undefined
1.908	EXP	instr_done_label: text = "Continue"
1.908	EXP	instr_done_label: font = "Courier New"
1.908	EXP	instr_done_label: color = {"_hex":"#000000","_rgb":[0,0,0]}
1.908	EXP	instr_done_label: contrast = 1
1.908	EXP	instr_done_label: height = 0.05
1.908	EXP	instr_done_label: bold = false
1.908	EXP	instr_done_label: italic = false
1.908	EXP	instr_done_label: alignHoriz = "left"
1.908	EXP	instr_done_label: alignVert = "center"
1.908	EXP	instr_done_label: wrapWidth = 1
1.908	EXP	instr_done_label: flipHoriz = false
1.908	EXP	instr_done_label: flipVert = false
1.908	EXP	instructions_image: units = "height"
1.908	EXP	instructions_image: ori = 0
1.908	EXP	instructions_image: opacity = 1
1.908	EXP	instructions_image: pos = [0,0]
1.908	EXP	instructions_image: size = [0.4,0.3]
1.908	EXP	instructions_image: image = undefined
1.908	EXP	instructions_image: mask = undefined
1.908	EXP	instructions_image: color = {"_rgb":[1,1,1]}
1.908	EXP	instructions_image: contrast = 1
1.908	EXP	instructions_image: texRes = 128
1.908	EXP	instructions_image: interpolate = true
1.908	EXP	instructions_image: depth = -6
1.908	EXP	instructions_image: flipHoriz = false
1.908	EXP	instructions_image: flipVert = false
1.908	EXP	fixation_mask: units = "height"
1.908	EXP	fixation_mask: ori = 0
1.908	EXP	fixation_mask: opacity = 1
1.908	EXP	fixation_mask: pos = [0,0]
1.908	EXP	fixation_mask: size = undefined
1.908	EXP	fixation_mask: text = "######"
1.908	EXP	fixation_mask: font = "Courier New"
1.908	EXP	fixation_mask: color = {"_hex":"#000000","_rgb":[0,0,0]}
1.908	EXP	fixation_mask: contrast = 1
1.908	EXP	fixation_mask: height = 0.1
1.908	EXP	fixation_mask: bold = false
1.908	EXP	fixation_mask: italic = false
1.908	EXP	fixation_mask: alignHoriz = "left"
1.908	EXP	fixation_mask: alignVert = "center"
1.908	EXP	fixation_mask: wrapWidth = 1
1.908	EXP	fixation_mask: flipHoriz = false
1.908	EXP	fixation_mask: flipVert = false
1.908	EXP	prime_text: units = "height"
1.908	EXP	prime_text: ori = 0
1.908	EXP	prime_text: opacity = 1
1.908	EXP	prime_text: pos = [0,0]
1.908	EXP	prime_text: size = undefined
1.908	EXP	prime_text: text = "default text"
1.908	EXP	prime_text: font = "Courier New"
1.908	EXP	prime_text: color = {"_hex":"#000000","_rgb":[0,0,0]}
1.908	EXP	prime_text: contrast = 1
1.908	EXP	prime_text: height = 0.1
1.908	EXP	prime_text: bold = false
1.908	EXP	prime_text: italic = false
1.908	EXP	prime_text: alignHoriz = "left"
1.908	EXP	prime_text: alignVert = "center"
1.908	EXP	prime_text: wrapWidth = 1
1.908	EXP	prime_text: flipHoriz = false
1.908	EXP	prime_text: flipVert = false
1.908	EXP	target: units = "height"
1.908	EXP	target: ori = 0
1.908	EXP	target: opacity = 1
1.908	EXP	target: pos = [0,0]
1.908	EXP	target: size = undefined
1.908	EXP	target: text = "default text"
1.908	EXP	target: font = "Arial"
1.908	EXP	target: color = {"_hex":"#000000","_rgb":[0,0,0]}
1.908	EXP	target: contrast = 1
1.908	EXP	target: height = 0.1
1.908	EXP	target: bold = false
1.908	EXP	target: italic = false
1.908	EXP	target: alignHoriz = "left"
1.908	EXP	target: alignVert = "center"
1.908	EXP	target: wrapWidth = 1
1.908	EXP	target: flipHoriz = false
1.908	EXP	target: flipVert = false
1.908	EXP	button_left: units = "height"
1.908	EXP	button_left: ori = 0
1.908	EXP	button_left: opacity = 1
1.908	EXP	button_left: pos = [-0.4,-0.3]
1.908	EXP	button_left: size = [1,1]
1.908	EXP	button_left: lineWidth = 1
1.908	EXP	button_left: lineColor = {"_hex":"#000000","_rgb":[0,0,0]}
1.908	EXP	button_left: fillColor = {"_hex":"#FFFFFF","_rgb":[1,1,1]}
1.908	EXP	button_left: vertices = [[-0.5,0],[0,0.5],[0.5,0]]
1.908	EXP	button_left: closeShape = true
1.908	EXP	button_left: contrast = 1
1.908	EXP	button_left: depth = -5
1.908	EXP	button_left: interpolate = true
1.908	EXP	button_left: width = 0.4
1.908	EXP	button_left: vertices = [[-0.2,null],[0.2,null],[0.2,null],[-0.2,null]]
1.908	EXP	button_left: height = 0.2
1.908	EXP	button_left: vertices = [[-0.2,-0.1],[0.2,-0.1],[0.2,0.1],[-0.2,0.1]]
1.908	EXP	button_left: vertices = [[-0.2,-0.1],[0.2,-0.1],[0.2,0.1],[-0.2,0.1]]
1.908	EXP	button_right: units = "height"
1.908	EXP	button_right: ori = 0
1.908	EXP	button_right: opacity = 1
1.908	EXP	button_right: pos = [0.4,-0.3]
1.908	EXP	button_right: size = [1,1]
1.908	EXP	button_right: lineWidth = 1
1.908	EXP	button_right: lineColor = {"_hex":"#000000","_rgb":[0,0,0]}
1.908	EXP	button_right: fillColor = {"_hex":"#FFFFFF","_rgb":[1,1,1]}
1.908	EXP	button_right: vertices = [[-0.5,0],[0,0.5],[0.5,0]]
1.908	EXP	button_right: closeShape = true
1.908	EXP	button_right: contrast = 1
1.908	EXP	button_right: depth = -6
1.908	EXP	button_right: interpolate = true
1.908	EXP	button_right: width = 0.4
1.908	EXP	button_right: vertices = [[-0.2,null],[0.2,null],[0.2,null],[-0.2,null]]
1.908	EXP	button_right: height = 0.2
1.908	EXP	button_right: vertices = [[-0.2,-0.1],[0.2,-0.1],[0.2,0.1],[-0.2,0.1]]
1.908	EXP	button_right: vertices = [[-0.2,-0.1],[0.2,-0.1],[0.2,0.1],[-0.2,0.1]]
1.908	EXP	trial_label_right: units = "height"
1.908	EXP	trial_label_right: ori = 0
1.908	EXP	trial_label_right: opacity = 1
1.908	EXP	trial_label_right: pos = [0.4,-0.3]
1.908	EXP	trial_label_right: size = undefined
1.908	EXP	trial_label_right: text = "M = Word"
1.908	EXP	trial_label_right: font = "Courier New"
1.908	EXP	trial_label_right: color = {"_hex":"#000000","_rgb":[0,0,0]}
1.908	EXP	trial_label_right: contrast = 1
1.908	EXP	trial_label_right: height = 0.05
1.908	EXP	trial_label_right: bold = false
1.908	EXP	trial_label_right: italic = false
1.908	EXP	trial_label_right: alignHoriz = "left"
1.908	EXP	trial_label_right: alignVert = "center"
1.908	EXP	trial_label_right: wrapWidth = 1
1.908	EXP	trial_label_right: flipHoriz = false
1.908	EXP	trial_label_right: flipVert = false
1.908	EXP	trial_label_left_new: units = "height"
1.908	EXP	trial_label_left_new: ori = 0
1.908	EXP	trial_label_left_new: opacity = 1
1.908	EXP	trial_label_left_new: pos = [-0.4,-0.3]
1.908	EXP	trial_label_left_new: size = undefined
1.908	EXP	trial_label_left_new: text = "Z = Nonword"
1.908	EXP	trial_label_left_new: font = "Courier New"
1.908	EXP	trial_label_left_new: color = {"_hex":"#000000","_rgb":[0,0,0]}
1.908	EXP	trial_label_left_new: contrast = 1
1.908	EXP	trial_label_left_new: height = 0.05
1.908	EXP	trial_label_left_new: bold = false
1.908	EXP	trial_label_left_new: italic = false
1.908	EXP	trial_label_left_new: alignHoriz = "left"
1.908	EXP	trial_label_left_new: alignVert = "center"
1.908	EXP	trial_label_left_new: wrapWidth = 1
1.908	EXP	trial_label_left_new: flipHoriz = false
1.908	EXP	trial_label_left_new: flipVert = false
1.908	EXP	feedback_text: units = "height"
1.908	EXP	feedback_text: ori = 0
1.908	EXP	feedback_text: opacity = 1
1.908	EXP	feedback_text: pos = [0,0]
1.908	EXP	feedback_text: size = undefined
1.908	EXP	feedback_text: text = "default text"
1.908	EXP	feedback_text: font = "Courier New"
1.908	EXP	feedback_text: color = {"_hex":"#FFFFFF","_rgb":[1,1,1]}
1.908	EXP	feedback_text: contrast = 1
1.908	EXP	feedback_text: height = 0.05
1.908	EXP	feedback_text: bold = false
1.908	EXP	feedback_text: italic = false
1.908	EXP	feedback_text: alignHoriz = "left"
1.908	EXP	feedback_text: alignVert = "center"
1.908	EXP	feedback_text: wrapWidth = 1
1.908	EXP	feedback_text: flipHoriz = false
1.908	EXP	feedback_text: flipVert = false
1.908	EXP	button_left_2: units = "height"
1.908	EXP	button_left_2: ori = 0
1.908	EXP	button_left_2: opacity = 1
1.908	EXP	button_left_2: pos = [-0.4,-0.3]
1.908	EXP	button_left_2: size = [1,1]
1.908	EXP	button_left_2: lineWidth = 1
1.908	EXP	button_left_2: lineColor = {"_hex":"#000000","_rgb":[0,0,0]}
1.908	EXP	button_left_2: fillColor = {"_hex":"#FFFFFF","_rgb":[1,1,1]}
1.908	EXP	button_left_2: vertices = [[-0.5,0],[0,0.5],[0.5,0]]
1.908	EXP	button_left_2: closeShape = true
1.908	EXP	button_left_2: contrast = 1
1.908	EXP	button_left_2: depth = -2
1.908	EXP	button_left_2: interpolate = true
1.908	EXP	button_left_2: width = 0.4
1.908	EXP	button_left_2: vertices = [[-0.2,null],[0.2,null],[0.2,null],[-0.2,null]]
1.908	EXP	button_left_2: height = 0.2
1.908	EXP	button_left_2: vertices = [[-0.2,-0.1],[0.2,-0.1],[0.2,0.1],[-0.2,0.1]]
1.908	EXP	button_left_2: vertices = [[-0.2,-0.1],[0.2,-0.1],[0.2,0.1],[-0.2,0.1]]
1.908	EXP	button_right_2: units = "height"
1.908	EXP	button_right_2: ori = 0
1.908	EXP	button_right_2: opacity = 1
1.908	EXP	button_right_2: pos = [0.4,-0.3]
1.908	EXP	button_right_2: size = [1,1]
1.908	EXP	button_right_2: lineWidth = 1
1.908	EXP	button_right_2: lineColor = {"_hex":"#000000","_rgb":[0,0,0]}
1.908	EXP	button_right_2: fillColor = {"_hex":"#FFFFFF","_rgb":[1,1,1]}
1.908	EXP	button_right_2: vertices = [[-0.5,0],[0,0.5],[0.5,0]]
1.908	EXP	button_right_2: closeShape = true
1.908	EXP	button_right_2: contrast = 1
1.908	EXP	button_right_2: depth = -3
1.908	EXP	button_right_2: interpolate = true
1.908	EXP	button_right_2: width = 0.4
1.908	EXP	button_right_2: vertices = [[-0.2,null],[0.2,null],[0.2,null],[-0.2,null]]
1.908	EXP	button_right_2: height = 0.2
1.908	EXP	button_right_2: vertices = [[-0.2,-0.1],[0.2,-0.1],[0.2,0.1],[-0.2,0.1]]
1.908	EXP	button_right_2: vertices = [[-0.2,-0.1],[0.2,-0.1],[0.2,0.1],[-0.2,0.1]]
1.908	EXP	trial_label_left_2: units = "height"
1.908	EXP	trial_label_left_2: ori = 0
1.908	EXP	trial_label_left_2: opacity = 1
1.908	EXP	trial_label_left_2: pos = [-0.4,-0.3]
1.908	EXP	trial_label_left_2: size = undefined
1.908	EXP	trial_label_left_2: text = "Z = Nonword"
1.908	EXP	trial_label_left_2: font = "Courier New"
1.908	EXP	trial_label_left_2: color = {"_hex":"#000000","_rgb":[0,0,0]}
1.908	EXP	trial_label_left_2: contrast = 1
1.908	EXP	trial_label_left_2: height = 0.05
1.908	EXP	trial_label_left_2: bold = false
1.908	EXP	trial_label_left_2: italic = false
1.908	EXP	trial_label_left_2: alignHoriz = "left"
1.908	EXP	trial_label_left_2: alignVert = "center"
1.908	EXP	trial_label_left_2: wrapWidth = 1
1.908	EXP	trial_label_left_2: flipHoriz = false
1.908	EXP	trial_label_left_2: flipVert = false
1.908	EXP	trial_label_right_2: units = "height"
1.908	EXP	trial_label_right_2: ori = 0
1.908	EXP	trial_label_right_2: opacity = 1
1.908	EXP	trial_label_right_2: pos = [0.4,-0.3]
1.908	EXP	trial_label_right_2: size = undefined
1.908	EXP	trial_label_right_2: text = "M = Word"
1.908	EXP	trial_label_right_2: font = "Courier New"
1.908	EXP	trial_label_right_2: color = {"_hex":"#000000","_rgb":[0,0,0]}
1.908	EXP	trial_label_right_2: contrast = 1
1.908	EXP	trial_label_right_2: height = 0.05
1.908	EXP	trial_label_right_2: bold = false
1.908	EXP	trial_label_right_2: italic = false
1.908	EXP	trial_label_right_2: alignHoriz = "left"
1.908	EXP	trial_label_right_2: alignVert = "center"
1.908	EXP	trial_label_right_2: wrapWidth = 1
1.908	EXP	trial_label_right_2: flipHoriz = false
1.908	EXP	trial_label_right_2: flipVert = false
1.908	EXP	break_text: units = "height"
1.908	EXP	break_text: ori = 0
1.908	EXP	break_text: opacity = 1
1.908	EXP	break_text: pos = [0,0]
1.908	EXP	break_text: size = undefined
1.908	EXP	break_text: text = "default text"
1.908	EXP	break_text: font = "Courier New"
1.908	EXP	break_text: color = {"_hex":"#000000","_rgb":[0,0,0]}
1.908	EXP	break_text: contrast = 1
1.908	EXP	break_text: height = 0.05
1.908	EXP	break_text: bold = false
1.908	EXP	break_text: italic = false
1.908	EXP	break_text: alignHoriz = "left"
1.908	EXP	break_text: alignVert = "center"
1.908	EXP	break_text: wrapWidth = 1
1.908	EXP	break_text: flipHoriz = false
1.908	EXP	break_text: flipVert = false
1.908	EXP	break_done_button: units = "height"
1.908	EXP	break_done_button: ori = 0
1.908	EXP	break_done_button: opacity = 1
1.908	EXP	break_done_button: pos = [0,-0.4]
1.908	EXP	break_done_button: size = [1,1]
1.908	EXP	break_done_button: lineWidth = 1
1.908	EXP	break_done_button: lineColor = {"_hex":"#000000","_rgb":[0,0,0]}
1.908	EXP	break_done_button: fillColor = {"_hex":"#FFFFFF","_rgb":[1,1,1]}
1.908	EXP	break_done_button: vertices = [[-0.5,0],[0,0.5],[0.5,0]]
1.908	EXP	break_done_button: closeShape = true
1.908	EXP	break_done_button: contrast = 1
1.908	EXP	break_done_button: depth = -4
1.908	EXP	break_done_button: interpolate = true
1.908	EXP	break_done_button: width = 0.4
1.908	EXP	break_done_button: vertices = [[-0.2,null],[0.2,null],[0.2,null],[-0.2,null]]
1.908	EXP	break_done_button: height = 0.1
1.908	EXP	break_done_button: vertices = [[-0.2,-0.05],[0.2,-0.05],[0.2,0.05],[-0.2,0.05]]
1.908	EXP	break_done_button: vertices = [[-0.2,-0.05],[0.2,-0.05],[0.2,0.05],[-0.2,0.05]]
1.908	EXP	break_done_button_label: units = "height"
1.908	EXP	break_done_button_label: ori = 0
1.908	EXP	break_done_button_label: opacity = 1
1.908	EXP	break_done_button_label: pos = [0,-0.4]
1.908	EXP	break_done_button_label: size = undefined
1.908	EXP	break_done_button_label: text = "Continue"
1.908	EXP	break_done_button_label: font = "Courier New"
1.908	EXP	break_done_button_label: color = {"_hex":"#000000","_rgb":[0,0,0]}
1.908	EXP	break_done_button_label: contrast = 1
1.908	EXP	break_done_button_label: height = 0.05
1.908	EXP	break_done_button_label: bold = false
1.908	EXP	break_done_button_label: italic = false
1.908	EXP	break_done_button_label: alignHoriz = "left"
1.908	EXP	break_done_button_label: alignVert = "center"
1.908	EXP	break_done_button_label: wrapWidth = 1
1.908	EXP	break_done_button_label: flipHoriz = false
1.908	EXP	break_done_button_label: flipVert = false
1.908	EXP	thank_you: units = "height"
1.908	EXP	thank_you: ori = 0
1.908	EXP	thank_you: opacity = 1
1.908	EXP	thank_you: pos = [0,0]
1.908	EXP	thank_you: size = undefined
1.908	EXP	thank_you: text = "This is the end of the experiment.\n\nPlease do NOT close this window until you have been redirected to the debrief page. \n\nPlease wait for the message “Thank you for your patience” to appear and then click OK to continue to the debrief page.\n\nYou must go to the debrief page in order for your participation to be recorded."
1.908	EXP	thank_you: font = "Courier New"
1.908	EXP	thank_you: color = {"_hex":"#000000","_rgb":[0,0,0]}
1.908	EXP	thank_you: contrast = 1
1.908	EXP	thank_you: height = 1
1.908	EXP	thank_you: bold = false
1.908	EXP	thank_you: italic = false
1.908	EXP	thank_you: alignHoriz = "left"
1.908	EXP	thank_you: alignVert = "center"
1.908	EXP	thank_you: wrapWidth = 1
1.908	EXP	thank_you: flipHoriz = false
1.908	EXP	thank_you: flipVert = false
1.908	EXP	instructions: text = "INSTRUCTIONS\r\nAt the start of each trial, look at the hash marks (######) in the center of the screen. After a moment, a string of letters will appear. Your task is to indicate if the letter string forms a word or not (i.e., if it is a nonword). For example, AUTHOR is a word while AUTHON is a nonword.\r\n\r\nPress the space bar or touch the button below to continue."
1.908	EXP	instructions_image: image = undefined
1.908	EXP	instructions: autoDraw = true
1.908	EXP	instr_done_button: autoDraw = true
1.908	EXP	instr_done_label: autoDraw = true
3.5879999999999996	DATA	Mouse: 0 button down, pos=(882,979)
3.61	EXP	instructions: autoDraw = false
3.61	EXP	instr_done_button: autoDraw = false
3.61	EXP	instr_done_label: autoDraw = false
3.61	EXP	instructions_image: autoDraw = false
3.61	EXP	instructions: text = "If your device has a keyboard, press the 'Z' key for nonwords and the 'M' key for words.\r\n\r\n\r\n\r\n\r\n\r\nPress the space bar or touch the button below to continue."
3.61	EXP	instructions_image: image = {}
3.61	EXP	instructions: autoDraw = true
3.61	EXP	instr_done_button: autoDraw = true
3.61	EXP	instr_done_label: autoDraw = true
3.61	EXP	instructions_image: autoDraw = true
3.698	DATA	Mouse: 0 button down, pos=(882,979)
4.069000000000001	DATA	Mouse: 0 button down, pos=(882,979)
4.0920000000000005	EXP	instructions: autoDraw = false
4.0920000000000005	EXP	instr_done_button: autoDraw = false
4.0920000000000005	EXP	instr_done_label: autoDraw = false
4.0920000000000005	EXP	instructions_image: autoDraw = false
4.0920000000000005	EXP	instructions: text = "If you are using a touchscreen only device, use the buttons on the screen. Do not use the mouse.\r\n\r\n\r\n\r\n\r\n\r\nPress the space bar or touch the button below to continue."
4.0920000000000005	EXP	instructions_image: image = {}
4.0920000000000005	EXP	instructions: autoDraw = true
4.0920000000000005	EXP	instr_done_button: autoDraw = true
4.0920000000000005	EXP	instr_done_label: autoDraw = true
4.0920000000000005	EXP	instructions_image: autoDraw = true
4.199	DATA	Mouse: 0 button down, pos=(882,979)
4.816000000000001	DATA	Mouse: 0 button down, pos=(882,979)
4.84	EXP	instructions: autoDraw = false
4.84	EXP	instr_done_button: autoDraw = false
4.84	EXP	instr_done_label: autoDraw = false
4.84	EXP	instructions_image: autoDraw = false
4.84	EXP	instructions: text = "It is very important that you respond as quickly and accurately as possible, as each letter string will only be on the screen for two seconds. If you do not respond within this time, the message 'Too slow!' will be displayed and the experiment will progress to the next letter string. The first 20 trials will be practice trials and you will receive feedback on your answers. \r\n\r\nPress the space bar or touch the button below to start the practice trials."
4.84	EXP	instructions_image: image = undefined
4.84	EXP	instructions: autoDraw = true
4.84	EXP	instr_done_button: autoDraw = true
4.84	EXP	instr_done_label: autoDraw = true
4.933999999999999	DATA	Mouse: 0 button down, pos=(882,979)
5.24	DATA	Mouse: 0 button down, pos=(882,979)
5.308	EXP	instructions: autoDraw = false
5.308	EXP	instr_done_button: autoDraw = false
5.308	EXP	instr_done_label: autoDraw = false
5.308	EXP	instructions_image: autoDraw = false
5.308	EXP	prime_text: text = "abound"
5.308	EXP	target: text = "SQUEAK"
5.308	EXP	target: font = "Courier New"
5.308	EXP	fixation_mask: autoDraw = true
5.308	EXP	button_left: autoDraw = true
5.308	EXP	button_right: autoDraw = true
5.308	EXP	trial_label_right: autoDraw = true
5.308	EXP	trial_label_left_new: autoDraw = true
5.353	DATA	Mouse: 0 button down, pos=(882,979)
5.782	EXP	fixation_mask: autoDraw = false
5.800000000000001	EXP	prime_text: autoDraw = true
5.817	EXP	prime_text: autoDraw = false
5.8420000000000005	EXP	target: autoDraw = true
6.332000000000001	DATA	Mouse: 0 button down, pos=(1218,911)
6.356	EXP	fixation_mask: autoDraw = false
6.356	EXP	prime_text: autoDraw = false
6.356	EXP	target: autoDraw = false
6.356	EXP	button_left: autoDraw = false
6.356	EXP	button_right: autoDraw = false
6.356	EXP	trial_label_right: autoDraw = false
6.356	EXP	trial_label_left_new: autoDraw = false
6.356	EXP	feedback_text: color = {"_hex":"#008000","_rgb":[0,0.5019607843137255,0]}
6.356	EXP	feedback_text: text = "Correct"
6.356	EXP	feedback_text: autoDraw = true
6.356	EXP	button_left_2: autoDraw = true
6.356	EXP	button_right_2: autoDraw = true
6.356	EXP	trial_label_left_2: autoDraw = true
6.356	EXP	trial_label_right_2: autoDraw = true
6.433	DATA	Mouse: 0 button down, pos=(1218,911)
6.85	EXP	feedback_text: autoDraw = false
6.85	EXP	button_left_2: autoDraw = false
6.85	EXP	button_right_2: autoDraw = false
6.85	EXP	trial_label_left_2: autoDraw = false
6.85	EXP	trial_label_right_2: autoDraw = false
6.85	EXP	feedback_text: autoDraw = false
6.85	EXP	button_left_2: autoDraw = false
6.85	EXP	button_right_2: autoDraw = false
6.85	EXP	trial_label_left_2: autoDraw = false
6.85	EXP	trial_label_right_2: autoDraw = false
6.85	EXP	prime_text: text = "aslert"
6.85	EXP	target: text = "ASLERT"
6.85	EXP	target: font = "Courier New"
6.85	EXP	fixation_mask: autoDraw = true
6.85	EXP	button_left: autoDraw = true
6.85	EXP	button_right: autoDraw = true
6.85	EXP	trial_label_right: autoDraw = true
6.85	EXP	trial_label_left_new: autoDraw = true
7.348000000000001	EXP	fixation_mask: autoDraw = false
7.366	EXP	prime_text: autoDraw = true
7.382	EXP	prime_text: autoDraw = false
7.4	EXP	target: autoDraw = true
8.257	DATA	Keydown: m
8.268	EXP	fixation_mask: autoDraw = false
8.268	EXP	prime_text: autoDraw = false
8.268	EXP	target: autoDraw = false
8.268	EXP	button_left: autoDraw = false
8.268	EXP	button_right: autoDraw = false
8.268	EXP	trial_label_right: autoDraw = false
8.268	EXP	trial_label_left_new: autoDraw = false
8.268	EXP	feedback_text: color = {"_hex":"#FF0000","_rgb":[1,0,0]}
8.268	EXP	feedback_text: text = "Incorrect"
8.268	EXP	feedback_text: autoDraw = true
8.268	EXP	button_left_2: autoDraw = true
8.268	EXP	button_right_2: autoDraw = true
8.268	EXP	trial_label_left_2: autoDraw = true
8.268	EXP	trial_label_right_2: autoDraw = true
8.766	EXP	feedback_text: autoDraw = false
8.766	EXP	button_left_2: autoDraw = false
8.766	EXP	button_right_2: autoDraw = false
8.766	EXP	trial_label_left_2: autoDraw = false
8.766	EXP	trial_label_right_2: autoDraw = false
8.766	EXP	feedback_text: autoDraw = false
8.766	EXP	button_left_2: autoDraw = false
8.766	EXP	button_right_2: autoDraw = false
8.766	EXP	trial_label_left_2: autoDraw = false
8.766	EXP	trial_label_right_2: autoDraw = false
8.766	EXP	prime_text: text = "utopia"
8.766	EXP	target: text = "UTOPIA"
8.766	EXP	target: font = "Courier New"
8.766	EXP	fixation_mask: autoDraw = true
8.766	EXP	button_left: autoDraw = true
8.766	EXP	button_right: autoDraw = true
8.766	EXP	trial_label_right: autoDraw = true
8.766	EXP	trial_label_left_new: autoDraw = true
9.286	EXP	fixation_mask: autoDraw = false
9.286	EXP	prime_text: autoDraw = true
9.308	EXP	prime_text: autoDraw = false
9.366	EXP	target: autoDraw = true
9.849	DATA	Keydown: m
9.885	EXP	fixation_mask: autoDraw = false
9.885	EXP	prime_text: autoDraw = false
9.885	EXP	target: autoDraw = false
9.885	EXP	button_left: autoDraw = false
9.885	EXP	button_right: autoDraw = false
9.885	EXP	trial_label_right: autoDraw = false
9.885	EXP	trial_label_left_new: autoDraw = false
9.885	EXP	feedback_text: color = {"_hex":"#008000","_rgb":[0,0.5019607843137255,0]}
9.885	EXP	feedback_text: text = "Correct"
9.885	EXP	feedback_text: autoDraw = true
9.885	EXP	button_left_2: autoDraw = true
9.885	EXP	button_right_2: autoDraw = true
9.885	EXP	trial_label_left_2: autoDraw = true
9.885	EXP	trial_label_right_2: autoDraw = true
10.362	EXP	feedback_text: autoDraw = false
10.362	EXP	button_left_2: autoDraw = false
10.362	EXP	button_right_2: autoDraw = false
10.362	EXP	trial_label_left_2: autoDraw = false
10.362	EXP	trial_label_right_2: autoDraw = false
10.362	EXP	feedback_text: autoDraw = false
10.362	EXP	button_left_2: autoDraw = false
10.362	EXP	button_right_2: autoDraw = false
10.362	EXP	trial_label_left_2: autoDraw = false
10.362	EXP	trial_label_right_2: autoDraw = false
10.362	EXP	prime_text: text = "miaber"
10.362	EXP	target: text = "THRALE"
10.362	EXP	target: font = "Courier New"
10.362	EXP	fixation_mask: autoDraw = true
10.362	EXP	button_left: autoDraw = true
10.362	EXP	button_right: autoDraw = true
10.362	EXP	trial_label_right: autoDraw = true
10.362	EXP	trial_label_left_new: autoDraw = true
10.864	EXP	fixation_mask: autoDraw = false
10.864	EXP	prime_text: autoDraw = true
10.912	EXP	prime_text: autoDraw = false
10.931000000000001	EXP	target: autoDraw = true
11.261000000000001	DATA	Keydown: Escape
