0.11219499999424443	EXP	Created Window = Window( name=Window, fullscr=true, color=#ffffff, units=height, waitBlanking=true, autoLog=true, size=[1920,1013] )
1.839304999972228	EXP	Created instructions = TextStim( name=instructions, win=Window( name=Window, fullscr=true, color=#ffffff, ~), autoDraw=null, autoLog=true, units=height, ori=null, opacity=1, pos=[0,0], size=undefined, text=default text, font=Courier New, color=#000000, contrast=1, height=0.035, bold=null, italic=null, alignHoriz=left, alignVert=center, wrapWidth=1, flipHoriz=null, flipVert=null )
1.8426650000037625	EXP	Created instr_done_button = Rect( name=instr_done_button, win=Window( name=Window, fullscr=true, color=#ffffff, ~), autoDraw=null, autoLog=true, units=height, ori=null, opacity=1, pos=[0,-0.4], size=[1,1], lineWidth=1, lineColor=#000000, fillColor=#FFFFFF, vertices=[[-0.2,-0.05],[0.2,-0.05],[0.2,0.05],[-0.2,0.05]], closeShape=true, contrast=1, depth=-2, interpolate=true, width=0.4, height=0.1 )
1.843364999978803	EXP	Created instr_done_label = TextStim( name=instr_done_label, win=Window( name=Window, fullscr=true, color=#ffffff, ~), autoDraw=null, autoLog=true, units=height, ori=null, opacity=1, pos=[0,-0.4], size=undefined, text=Continue, font=Courier New, color=#000000, contrast=1, height=0.05, bold=null, italic=null, alignHoriz=left, alignVert=center, wrapWidth=1, flipHoriz=null, flipVert=null )
1.8480199999758042	EXP	Created instructions_image = ImageStim( name=instructions_image, win=Window( name=Window, fullscr=true, color=#ffffff, ~), autoDraw=null, autoLog=true, units=height, ori=null, opacity=1, pos=[0,0], size=[0.4,0.3], image=undefined, mask=undefined, color=#ffffff, contrast=1, texRes=128, interpolate=true, depth=-6, flipHoriz=null, flipVert=null )
1.848699999973178	EXP	Created fixation_mask = TextStim( name=fixation_mask, win=Window( name=Window, fullscr=true, color=#ffffff, ~), autoDraw=null, autoLog=true, units=height, ori=null, opacity=1, pos=[0,0], size=undefined, text=######, font=Courier New, color=#000000, contrast=1, height=0.1, bold=null, italic=null, alignHoriz=left, alignVert=center, wrapWidth=1, flipHoriz=null, flipVert=null )
1.84935500001302	EXP	Created prime_text = TextStim( name=prime_text, win=Window( name=Window, fullscr=true, color=#ffffff, ~), autoDraw=null, autoLog=true, units=height, ori=null, opacity=1, pos=[0,0], size=undefined, text=default text, font=Courier New, color=#000000, contrast=1, height=0.1, bold=null, italic=null, alignHoriz=left, alignVert=center, wrapWidth=1, flipHoriz=null, flipVert=null )
1.8501200000173412	EXP	Created target = TextStim( name=target, win=Window( name=Window, fullscr=true, color=#ffffff, ~), autoDraw=null, autoLog=true, units=height, ori=null, opacity=1, pos=[0,0], size=undefined, text=default text, font=Arial, color=#000000, contrast=1, height=0.1, bold=null, italic=null, alignHoriz=left, alignVert=center, wrapWidth=1, flipHoriz=null, flipVert=null )
1.8524249999900348	EXP	Created button_left = Rect( name=button_left, win=Window( name=Window, fullscr=true, color=#ffffff, ~), autoDraw=null, autoLog=true, units=height, ori=null, opacity=1, pos=[-0.4,-0.3], size=[1,1], lineWidth=1, lineColor=#000000, fillColor=#FFFFFF, vertices=[[-0.2,-0.1],[0.2,-0.1],[0.2,0.1],[-0.2,0.1]], closeShape=true, contrast=1, depth=-5, interpolate=true, width=0.4, height=0.2 )
1.8542899999883957	EXP	Created button_right = Rect( name=button_right, win=Window( name=Window, fullscr=true, color=#ffffff, ~), autoDraw=null, autoLog=true, units=height, ori=null, opacity=1, pos=[0.4,-0.3], size=[1,1], lineWidth=1, lineColor=#000000, fillColor=#FFFFFF, vertices=[[-0.2,-0.1],[0.2,-0.1],[0.2,0.1],[-0.2,0.1]], closeShape=true, contrast=1, depth=-6, interpolate=true, width=0.4, height=0.2 )
1.854990000021644	EXP	Created trial_label_right = TextStim( name=trial_label_right, win=Window( name=Window, fullscr=true, color=#ffffff, ~), autoDraw=null, autoLog=true, units=height, ori=null, opacity=1, pos=[0.4,-0.3], size=undefined, text=M = Word, font=Courier New, color=#000000, contrast=1, height=0.05, bold=null, italic=null, alignHoriz=left, alignVert=center, wrapWidth=1, flipHoriz=null, flipVert=null )
1.855504999984987	EXP	Created trial_label_left_new = TextStim( name=trial_label_left_new, win=Window( name=Window, fullscr=true, color=#ffffff, ~), autoDraw=null, autoLog=true, units=height, ori=null, opacity=1, pos=[-0.4,-0.3], size=undefined, text=Z = Nonword, font=Courier New, color=#000000, contrast=1, height=0.05, bold=null, italic=null, alignHoriz=left, alignVert=center, wrapWidth=1, flipHoriz=null, flipVert=null )
1.8559450000175275	EXP	Created feedback_text = TextStim( name=feedback_text, win=Window( name=Window, fullscr=true, color=#ffffff, ~), autoDraw=null, autoLog=true, units=height, ori=null, opacity=1, pos=[0,0], size=undefined, text=default text, font=Courier New, color=#FFFFFF, contrast=1, height=0.05, bold=null, italic=null, alignHoriz=left, alignVert=center, wrapWidth=1, flipHoriz=null, flipVert=null )
1.8582150000147521	EXP	Created button_left_2 = Rect( name=button_left_2, win=Window( name=Window, fullscr=true, color=#ffffff, ~), autoDraw=null, autoLog=true, units=height, ori=null, opacity=1, pos=[-0.4,-0.3], size=[1,1], lineWidth=1, lineColor=#000000, fillColor=#FFFFFF, vertices=[[-0.2,-0.1],[0.2,-0.1],[0.2,0.1],[-0.2,0.1]], closeShape=true, contrast=1, depth=-2, interpolate=true, width=0.4, height=0.2 )
1.860515000007581	EXP	Created button_right_2 = Rect( name=button_right_2, win=Window( name=Window, fullscr=true, color=#ffffff, ~), autoDraw=null, autoLog=true, units=height, ori=null, opacity=1, pos=[0.4,-0.3], size=[1,1], lineWidth=1, lineColor=#000000, fillColor=#FFFFFF, vertices=[[-0.2,-0.1],[0.2,-0.1],[0.2,0.1],[-0.2,0.1]], closeShape=true, contrast=1, depth=-3, interpolate=true, width=0.4, height=0.2 )
1.861109999998007	EXP	Created trial_label_left_2 = TextStim( name=trial_label_left_2, win=Window( name=Window, fullscr=true, color=#ffffff, ~), autoDraw=null, autoLog=true, units=height, ori=null, opacity=1, pos=[-0.4,-0.3], size=undefined, text=Z = Nonword, font=Courier New, color=#000000, contrast=1, height=0.05, bold=null, italic=null, alignHoriz=left, alignVert=center, wrapWidth=1, flipHoriz=null, flipVert=null )
1.8616499999770895	EXP	Created trial_label_right_2 = TextStim( name=trial_label_right_2, win=Window( name=Window, fullscr=true, color=#ffffff, ~), autoDraw=null, autoLog=true, units=height, ori=null, opacity=1, pos=[0.4,-0.3], size=undefined, text=M = Word, font=Courier New, color=#000000, contrast=1, height=0.05, bold=null, italic=null, alignHoriz=left, alignVert=center, wrapWidth=1, flipHoriz=null, flipVert=null )
1.8621300000231713	EXP	Created instructions = TextStim( name=instructions, win=Window( name=Window, fullscr=true, color=#ffffff, ~), autoDraw=null, autoLog=true, units=height, ori=null, opacity=1, pos=[0,0], size=undefined, text=default text, font=Courier New, color=#000000, contrast=1, height=0.035, bold=null, italic=null, alignHoriz=left, alignVert=center, wrapWidth=1, flipHoriz=null, flipVert=null )
1.864464999991469	EXP	Created instr_done_button = Rect( name=instr_done_button, win=Window( name=Window, fullscr=true, color=#ffffff, ~), autoDraw=null, autoLog=true, units=height, ori=null, opacity=1, pos=[0,-0.4], size=[1,1], lineWidth=1, lineColor=#000000, fillColor=#FFFFFF, vertices=[[-0.2,-0.05],[0.2,-0.05],[0.2,0.05],[-0.2,0.05]], closeShape=true, contrast=1, depth=-2, interpolate=true, width=0.4, height=0.1 )
1.8652149999979883	EXP	Created instr_done_label = TextStim( name=instr_done_label, win=Window( name=Window, fullscr=true, color=#ffffff, ~), autoDraw=null, autoLog=true, units=height, ori=null, opacity=1, pos=[0,-0.4], size=undefined, text=Continue, font=Courier New, color=#000000, contrast=1, height=0.05, bold=null, italic=null, alignHoriz=left, alignVert=center, wrapWidth=1, flipHoriz=null, flipVert=null )
1.8682849999750033	EXP	Created instructions_image = ImageStim( name=instructions_image, win=Window( name=Window, fullscr=true, color=#ffffff, ~), autoDraw=null, autoLog=true, units=height, ori=null, opacity=1, pos=[0,0], size=[0.4,0.3], image=undefined, mask=undefined, color=#ffffff, contrast=1, texRes=128, interpolate=true, depth=-6, flipHoriz=null, flipVert=null )
1.86894499999471	EXP	Created fixation_mask = TextStim( name=fixation_mask, win=Window( name=Window, fullscr=true, color=#ffffff, ~), autoDraw=null, autoLog=true, units=height, ori=null, opacity=1, pos=[0,0], size=undefined, text=######, font=Courier New, color=#000000, contrast=1, height=0.1, bold=null, italic=null, alignHoriz=left, alignVert=center, wrapWidth=1, flipHoriz=null, flipVert=null )
1.869524999987334	EXP	Created prime_text = TextStim( name=prime_text, win=Window( name=Window, fullscr=true, color=#ffffff, ~), autoDraw=null, autoLog=true, units=height, ori=null, opacity=1, pos=[0,0], size=undefined, text=default text, font=Courier New, color=#000000, contrast=1, height=0.1, bold=null, italic=null, alignHoriz=left, alignVert=center, wrapWidth=1, flipHoriz=null, flipVert=null )
1.8701149999978952	EXP	Created target = TextStim( name=target, win=Window( name=Window, fullscr=true, color=#ffffff, ~), autoDraw=null, autoLog=true, units=height, ori=null, opacity=1, pos=[0,0], size=undefined, text=default text, font=Arial, color=#000000, contrast=1, height=0.1, bold=null, italic=null, alignHoriz=left, alignVert=center, wrapWidth=1, flipHoriz=null, flipVert=null )
1.872525000013411	EXP	Created button_left = Rect( name=button_left, win=Window( name=Window, fullscr=true, color=#ffffff, ~), autoDraw=null, autoLog=true, units=height, ori=null, opacity=1, pos=[-0.4,-0.3], size=[1,1], lineWidth=1, lineColor=#000000, fillColor=#FFFFFF, vertices=[[-0.2,-0.1],[0.2,-0.1],[0.2,0.1],[-0.2,0.1]], closeShape=true, contrast=1, depth=-5, interpolate=true, width=0.4, height=0.2 )
1.8748500000219792	EXP	Created button_right = Rect( name=button_right, win=Window( name=Window, fullscr=true, color=#ffffff, ~), autoDraw=null, autoLog=true, units=height, ori=null, opacity=1, pos=[0.4,-0.3], size=[1,1], lineWidth=1, lineColor=#000000, fillColor=#FFFFFF, vertices=[[-0.2,-0.1],[0.2,-0.1],[0.2,0.1],[-0.2,0.1]], closeShape=true, contrast=1, depth=-6, interpolate=true, width=0.4, height=0.2 )
1.8753150000120513	EXP	Created trial_label_right = TextStim( name=trial_label_right, win=Window( name=Window, fullscr=true, color=#ffffff, ~), autoDraw=null, autoLog=true, units=height, ori=null, opacity=1, pos=[0.4,-0.3], size=undefined, text=M = Word, font=Courier New, color=#000000, contrast=1, height=0.05, bold=null, italic=null, alignHoriz=left, alignVert=center, wrapWidth=1, flipHoriz=null, flipVert=null )
1.8761250000097789	EXP	Created trial_label_left_new = TextStim( name=trial_label_left_new, win=Window( name=Window, fullscr=true, color=#ffffff, ~), autoDraw=null, autoLog=true, units=height, ori=null, opacity=1, pos=[-0.4,-0.3], size=undefined, text=Z = Nonword, font=Courier New, color=#000000, contrast=1, height=0.05, bold=null, italic=null, alignHoriz=left, alignVert=center, wrapWidth=1, flipHoriz=null, flipVert=null )
1.8769650000031106	EXP	Created feedback_text = TextStim( name=feedback_text, win=Window( name=Window, fullscr=true, color=#ffffff, ~), autoDraw=null, autoLog=true, units=height, ori=null, opacity=1, pos=[0,0], size=undefined, text=default text, font=Courier New, color=#FFFFFF, contrast=1, height=0.05, bold=null, italic=null, alignHoriz=left, alignVert=center, wrapWidth=1, flipHoriz=null, flipVert=null )
1.879659999976866	EXP	Created button_left_2 = Rect( name=button_left_2, win=Window( name=Window, fullscr=true, color=#ffffff, ~), autoDraw=null, autoLog=true, units=height, ori=null, opacity=1, pos=[-0.4,-0.3], size=[1,1], lineWidth=1, lineColor=#000000, fillColor=#FFFFFF, vertices=[[-0.2,-0.1],[0.2,-0.1],[0.2,0.1],[-0.2,0.1]], closeShape=true, contrast=1, depth=-2, interpolate=true, width=0.4, height=0.2 )
1.882500000006985	EXP	Created button_right_2 = Rect( name=button_right_2, win=Window( name=Window, fullscr=true, color=#ffffff, ~), autoDraw=null, autoLog=true, units=height, ori=null, opacity=1, pos=[0.4,-0.3], size=[1,1], lineWidth=1, lineColor=#000000, fillColor=#FFFFFF, vertices=[[-0.2,-0.1],[0.2,-0.1],[0.2,0.1],[-0.2,0.1]], closeShape=true, contrast=1, depth=-3, interpolate=true, width=0.4, height=0.2 )
1.8832200000179	EXP	Created trial_label_left_2 = TextStim( name=trial_label_left_2, win=Window( name=Window, fullscr=true, color=#ffffff, ~), autoDraw=null, autoLog=true, units=height, ori=null, opacity=1, pos=[-0.4,-0.3], size=undefined, text=Z = Nonword, font=Courier New, color=#000000, contrast=1, height=0.05, bold=null, italic=null, alignHoriz=left, alignVert=center, wrapWidth=1, flipHoriz=null, flipVert=null )
1.8838049999903888	EXP	Created trial_label_right_2 = TextStim( name=trial_label_right_2, win=Window( name=Window, fullscr=true, color=#ffffff, ~), autoDraw=null, autoLog=true, units=height, ori=null, opacity=1, pos=[0.4,-0.3], size=undefined, text=M = Word, font=Courier New, color=#000000, contrast=1, height=0.05, bold=null, italic=null, alignHoriz=left, alignVert=center, wrapWidth=1, flipHoriz=null, flipVert=null )
1.8844050000188872	EXP	Created break_text = TextStim( name=break_text, win=Window( name=Window, fullscr=true, color=#ffffff, ~), autoDraw=null, autoLog=true, units=height, ori=null, opacity=1, pos=[0,0], size=undefined, text=default text, font=Courier New, color=#000000, contrast=1, height=0.05, bold=null, italic=null, alignHoriz=left, alignVert=center, wrapWidth=1, flipHoriz=null, flipVert=null )
1.8864900000044145	EXP	Created break_done_button = Rect( name=break_done_button, win=Window( name=Window, fullscr=true, color=#ffffff, ~), autoDraw=null, autoLog=true, units=height, ori=null, opacity=1, pos=[0,-0.4], size=[1,1], lineWidth=1, lineColor=#000000, fillColor=#FFFFFF, vertices=[[-0.2,-0.05],[0.2,-0.05],[0.2,0.05],[-0.2,0.05]], closeShape=true, contrast=1, depth=-4, interpolate=true, width=0.4, height=0.1 )
1.8870049999677576	EXP	Created break_done_button_label = TextStim( name=break_done_button_label, win=Window( name=Window, fullscr=true, color=#ffffff, ~), autoDraw=null, autoLog=true, units=height, ori=null, opacity=1, pos=[0,-0.4], size=undefined, text=Continue, font=Courier New, color=#000000, contrast=1, height=0.05, bold=null, italic=null, alignHoriz=left, alignVert=center, wrapWidth=1, flipHoriz=null, flipVert=null )
1.8876799999852665	EXP	Created thank_you = TextStim( name=thank_you, win=Window( name=Window, fullscr=true, color=#ffffff, ~), autoDraw=null, autoLog=true, units=height, ori=null, opacity=1, pos=[0,0], size=undefined, text=This is the end of the experiment.

Please do NOT ~, font=Courier New, color=#000000, contrast=1, height=1, bold=null, italic=null, alignHoriz=left, alignVert=center, wrapWidth=1, flipHoriz=null, flipVert=null )
2.0152000000234693	EXP	instructions: units = "height"
2.0152000000234693	EXP	instructions: ori = 0
2.0152000000234693	EXP	instructions: opacity = 1
2.0152000000234693	EXP	instructions: pos = [0,0]
2.0152000000234693	EXP	instructions: size = undefined
2.0152000000234693	EXP	instructions: text = "default text"
2.0152000000234693	EXP	instructions: font = "Courier New"
2.0152000000234693	EXP	instructions: color = {"_hex":"#000000","_rgb":[0,0,0]}
2.0152000000234693	EXP	instructions: contrast = 1
2.0152000000234693	EXP	instructions: height = 0.035
2.0152000000234693	EXP	instructions: bold = false
2.0152000000234693	EXP	instructions: italic = false
2.0152000000234693	EXP	instructions: alignHoriz = "left"
2.0152000000234693	EXP	instructions: alignVert = "center"
2.0152000000234693	EXP	instructions: wrapWidth = 1
2.0152000000234693	EXP	instructions: flipHoriz = false
2.0152000000234693	EXP	instructions: flipVert = false
2.0152000000234693	EXP	instr_done_button: units = "height"
2.0152000000234693	EXP	instr_done_button: ori = 0
2.0152000000234693	EXP	instr_done_button: opacity = 1
2.0152000000234693	EXP	instr_done_button: pos = [0,-0.4]
2.0152000000234693	EXP	instr_done_button: size = [1,1]
2.0152000000234693	EXP	instr_done_button: lineWidth = 1
2.0152000000234693	EXP	instr_done_button: lineColor = {"_hex":"#000000","_rgb":[0,0,0]}
2.0152000000234693	EXP	instr_done_button: fillColor = {"_hex":"#FFFFFF","_rgb":[1,1,1]}
2.0152000000234693	EXP	instr_done_button: vertices = [[-0.5,0],[0,0.5],[0.5,0]]
2.0152000000234693	EXP	instr_done_button: closeShape = true
2.0152000000234693	EXP	instr_done_button: contrast = 1
2.0152000000234693	EXP	instr_done_button: depth = -2
2.0152000000234693	EXP	instr_done_button: interpolate = true
2.0152000000234693	EXP	instr_done_button: width = 0.4
2.0152000000234693	EXP	instr_done_button: vertices = [[-0.2,null],[0.2,null],[0.2,null],[-0.2,null]]
2.0152000000234693	EXP	instr_done_button: height = 0.1
2.0152000000234693	EXP	instr_done_button: vertices = [[-0.2,-0.05],[0.2,-0.05],[0.2,0.05],[-0.2,0.05]]
2.0152000000234693	EXP	instr_done_button: vertices = [[-0.2,-0.05],[0.2,-0.05],[0.2,0.05],[-0.2,0.05]]
2.0152000000234693	EXP	instr_done_label: units = "height"
2.0152000000234693	EXP	instr_done_label: ori = 0
2.0152000000234693	EXP	instr_done_label: opacity = 1
2.0152000000234693	EXP	instr_done_label: pos = [0,-0.4]
2.0152000000234693	EXP	instr_done_label: size = undefined
2.0152000000234693	EXP	instr_done_label: text = "Continue"
2.0152000000234693	EXP	instr_done_label: font = "Courier New"
2.0152000000234693	EXP	instr_done_label: color = {"_hex":"#000000","_rgb":[0,0,0]}
2.0152000000234693	EXP	instr_done_label: contrast = 1
2.0152000000234693	EXP	instr_done_label: height = 0.05
2.0152000000234693	EXP	instr_done_label: bold = false
2.0152000000234693	EXP	instr_done_label: italic = false
2.0152000000234693	EXP	instr_done_label: alignHoriz = "left"
2.0152000000234693	EXP	instr_done_label: alignVert = "center"
2.0152000000234693	EXP	instr_done_label: wrapWidth = 1
2.0152000000234693	EXP	instr_done_label: flipHoriz = false
2.0152000000234693	EXP	instr_done_label: flipVert = false
2.0152000000234693	EXP	instructions_image: units = "height"
2.0152000000234693	EXP	instructions_image: ori = 0
2.0152000000234693	EXP	instructions_image: opacity = 1
2.0152000000234693	EXP	instructions_image: pos = [0,0]
2.0152000000234693	EXP	instructions_image: size = [0.4,0.3]
2.0152000000234693	EXP	instructions_image: image = undefined
2.0152000000234693	EXP	instructions_image: mask = undefined
2.0152000000234693	EXP	instructions_image: color = {"_rgb":[1,1,1]}
2.0152000000234693	EXP	instructions_image: contrast = 1
2.0152000000234693	EXP	instructions_image: texRes = 128
2.0152000000234693	EXP	instructions_image: interpolate = true
2.0152000000234693	EXP	instructions_image: depth = -6
2.0152000000234693	EXP	instructions_image: flipHoriz = false
2.0152000000234693	EXP	instructions_image: flipVert = false
2.0152000000234693	EXP	fixation_mask: units = "height"
2.0152000000234693	EXP	fixation_mask: ori = 0
2.0152000000234693	EXP	fixation_mask: opacity = 1
2.0152000000234693	EXP	fixation_mask: pos = [0,0]
2.0152000000234693	EXP	fixation_mask: size = undefined
2.0152000000234693	EXP	fixation_mask: text = "######"
2.0152000000234693	EXP	fixation_mask: font = "Courier New"
2.0152000000234693	EXP	fixation_mask: color = {"_hex":"#000000","_rgb":[0,0,0]}
2.0152000000234693	EXP	fixation_mask: contrast = 1
2.0152000000234693	EXP	fixation_mask: height = 0.1
2.0152000000234693	EXP	fixation_mask: bold = false
2.0152000000234693	EXP	fixation_mask: italic = false
2.0152000000234693	EXP	fixation_mask: alignHoriz = "left"
2.0152000000234693	EXP	fixation_mask: alignVert = "center"
2.0152000000234693	EXP	fixation_mask: wrapWidth = 1
2.0152000000234693	EXP	fixation_mask: flipHoriz = false
2.0152000000234693	EXP	fixation_mask: flipVert = false
2.0152000000234693	EXP	prime_text: units = "height"
2.0152000000234693	EXP	prime_text: ori = 0
2.0152000000234693	EXP	prime_text: opacity = 1
2.0152000000234693	EXP	prime_text: pos = [0,0]
2.0152000000234693	EXP	prime_text: size = undefined
2.0152000000234693	EXP	prime_text: text = "default text"
2.0152000000234693	EXP	prime_text: font = "Courier New"
2.0152000000234693	EXP	prime_text: color = {"_hex":"#000000","_rgb":[0,0,0]}
2.0152000000234693	EXP	prime_text: contrast = 1
2.0152000000234693	EXP	prime_text: height = 0.1
2.0152000000234693	EXP	prime_text: bold = false
2.0152000000234693	EXP	prime_text: italic = false
2.0152000000234693	EXP	prime_text: alignHoriz = "left"
2.0152000000234693	EXP	prime_text: alignVert = "center"
2.0152000000234693	EXP	prime_text: wrapWidth = 1
2.0152000000234693	EXP	prime_text: flipHoriz = false
2.0152000000234693	EXP	prime_text: flipVert = false
2.0152000000234693	EXP	target: units = "height"
2.0152000000234693	EXP	target: ori = 0
2.0152000000234693	EXP	target: opacity = 1
2.0152000000234693	EXP	target: pos = [0,0]
2.0152000000234693	EXP	target: size = undefined
2.0152000000234693	EXP	target: text = "default text"
2.0152000000234693	EXP	target: font = "Arial"
2.0152000000234693	EXP	target: color = {"_hex":"#000000","_rgb":[0,0,0]}
2.0152000000234693	EXP	target: contrast = 1
2.0152000000234693	EXP	target: height = 0.1
2.0152000000234693	EXP	target: bold = false
2.0152000000234693	EXP	target: italic = false
2.0152000000234693	EXP	target: alignHoriz = "left"
2.0152000000234693	EXP	target: alignVert = "center"
2.0152000000234693	EXP	target: wrapWidth = 1
2.0152000000234693	EXP	target: flipHoriz = false
2.0152000000234693	EXP	target: flipVert = false
2.0152000000234693	EXP	button_left: units = "height"
2.0152000000234693	EXP	button_left: ori = 0
2.0152000000234693	EXP	button_left: opacity = 1
2.0152000000234693	EXP	button_left: pos = [-0.4,-0.3]
2.0152000000234693	EXP	button_left: size = [1,1]
2.0152000000234693	EXP	button_left: lineWidth = 1
2.0152000000234693	EXP	button_left: lineColor = {"_hex":"#000000","_rgb":[0,0,0]}
2.0152000000234693	EXP	button_left: fillColor = {"_hex":"#FFFFFF","_rgb":[1,1,1]}
2.0152000000234693	EXP	button_left: vertices = [[-0.5,0],[0,0.5],[0.5,0]]
2.0152000000234693	EXP	button_left: closeShape = true
2.0152000000234693	EXP	button_left: contrast = 1
2.0152000000234693	EXP	button_left: depth = -5
2.0152000000234693	EXP	button_left: interpolate = true
2.0152000000234693	EXP	button_left: width = 0.4
2.0152000000234693	EXP	button_left: vertices = [[-0.2,null],[0.2,null],[0.2,null],[-0.2,null]]
2.0152000000234693	EXP	button_left: height = 0.2
2.0152000000234693	EXP	button_left: vertices = [[-0.2,-0.1],[0.2,-0.1],[0.2,0.1],[-0.2,0.1]]
2.0152000000234693	EXP	button_left: vertices = [[-0.2,-0.1],[0.2,-0.1],[0.2,0.1],[-0.2,0.1]]
2.0152000000234693	EXP	button_right: units = "height"
2.0152000000234693	EXP	button_right: ori = 0
2.0152000000234693	EXP	button_right: opacity = 1
2.0152000000234693	EXP	button_right: pos = [0.4,-0.3]
2.0152000000234693	EXP	button_right: size = [1,1]
2.0152000000234693	EXP	button_right: lineWidth = 1
2.0152000000234693	EXP	button_right: lineColor = {"_hex":"#000000","_rgb":[0,0,0]}
2.0152000000234693	EXP	button_right: fillColor = {"_hex":"#FFFFFF","_rgb":[1,1,1]}
2.0152000000234693	EXP	button_right: vertices = [[-0.5,0],[0,0.5],[0.5,0]]
2.0152000000234693	EXP	button_right: closeShape = true
2.0152000000234693	EXP	button_right: contrast = 1
2.0152000000234693	EXP	button_right: depth = -6
2.0152000000234693	EXP	button_right: interpolate = true
2.0152000000234693	EXP	button_right: width = 0.4
2.0152000000234693	EXP	button_right: vertices = [[-0.2,null],[0.2,null],[0.2,null],[-0.2,null]]
2.0152000000234693	EXP	button_right: height = 0.2
2.0152000000234693	EXP	button_right: vertices = [[-0.2,-0.1],[0.2,-0.1],[0.2,0.1],[-0.2,0.1]]
2.0152000000234693	EXP	button_right: vertices = [[-0.2,-0.1],[0.2,-0.1],[0.2,0.1],[-0.2,0.1]]
2.0152000000234693	EXP	trial_label_right: units = "height"
2.0152000000234693	EXP	trial_label_right: ori = 0
2.0152000000234693	EXP	trial_label_right: opacity = 1
2.0152000000234693	EXP	trial_label_right: pos = [0.4,-0.3]
2.0152000000234693	EXP	trial_label_right: size = undefined
2.0152000000234693	EXP	trial_label_right: text = "M = Word"
2.0152000000234693	EXP	trial_label_right: font = "Courier New"
2.0152000000234693	EXP	trial_label_right: color = {"_hex":"#000000","_rgb":[0,0,0]}
2.0152000000234693	EXP	trial_label_right: contrast = 1
2.0152000000234693	EXP	trial_label_right: height = 0.05
2.0152000000234693	EXP	trial_label_right: bold = false
2.0152000000234693	EXP	trial_label_right: italic = false
2.0152000000234693	EXP	trial_label_right: alignHoriz = "left"
2.0152000000234693	EXP	trial_label_right: alignVert = "center"
2.0152000000234693	EXP	trial_label_right: wrapWidth = 1
2.0152000000234693	EXP	trial_label_right: flipHoriz = false
2.0152000000234693	EXP	trial_label_right: flipVert = false
2.0152000000234693	EXP	trial_label_left_new: units = "height"
2.0152000000234693	EXP	trial_label_left_new: ori = 0
2.0152000000234693	EXP	trial_label_left_new: opacity = 1
2.0152000000234693	EXP	trial_label_left_new: pos = [-0.4,-0.3]
2.0152000000234693	EXP	trial_label_left_new: size = undefined
2.0152000000234693	EXP	trial_label_left_new: text = "Z = Nonword"
2.0152000000234693	EXP	trial_label_left_new: font = "Courier New"
2.0152000000234693	EXP	trial_label_left_new: color = {"_hex":"#000000","_rgb":[0,0,0]}
2.0152000000234693	EXP	trial_label_left_new: contrast = 1
2.0152000000234693	EXP	trial_label_left_new: height = 0.05
2.0152000000234693	EXP	trial_label_left_new: bold = false
2.0152000000234693	EXP	trial_label_left_new: italic = false
2.0152000000234693	EXP	trial_label_left_new: alignHoriz = "left"
2.0152000000234693	EXP	trial_label_left_new: alignVert = "center"
2.0152000000234693	EXP	trial_label_left_new: wrapWidth = 1
2.0152000000234693	EXP	trial_label_left_new: flipHoriz = false
2.0152000000234693	EXP	trial_label_left_new: flipVert = false
2.0152000000234693	EXP	feedback_text: units = "height"
2.0152000000234693	EXP	feedback_text: ori = 0
2.0152000000234693	EXP	feedback_text: opacity = 1
2.0152000000234693	EXP	feedback_text: pos = [0,0]
2.0152000000234693	EXP	feedback_text: size = undefined
2.0152000000234693	EXP	feedback_text: text = "default text"
2.0152000000234693	EXP	feedback_text: font = "Courier New"
2.0152000000234693	EXP	feedback_text: color = {"_hex":"#FFFFFF","_rgb":[1,1,1]}
2.0152000000234693	EXP	feedback_text: contrast = 1
2.0152000000234693	EXP	feedback_text: height = 0.05
2.0152000000234693	EXP	feedback_text: bold = false
2.0152000000234693	EXP	feedback_text: italic = false
2.0152000000234693	EXP	feedback_text: alignHoriz = "left"
2.0152000000234693	EXP	feedback_text: alignVert = "center"
2.0152000000234693	EXP	feedback_text: wrapWidth = 1
2.0152000000234693	EXP	feedback_text: flipHoriz = false
2.0152000000234693	EXP	feedback_text: flipVert = false
2.0152000000234693	EXP	button_left_2: units = "height"
2.0152000000234693	EXP	button_left_2: ori = 0
2.0152000000234693	EXP	button_left_2: opacity = 1
2.0152000000234693	EXP	button_left_2: pos = [-0.4,-0.3]
2.0152000000234693	EXP	button_left_2: size = [1,1]
2.0152000000234693	EXP	button_left_2: lineWidth = 1
2.0152000000234693	EXP	button_left_2: lineColor = {"_hex":"#000000","_rgb":[0,0,0]}
2.0152000000234693	EXP	button_left_2: fillColor = {"_hex":"#FFFFFF","_rgb":[1,1,1]}
2.0152000000234693	EXP	button_left_2: vertices = [[-0.5,0],[0,0.5],[0.5,0]]
2.0152000000234693	EXP	button_left_2: closeShape = true
2.0152000000234693	EXP	button_left_2: contrast = 1
2.0152000000234693	EXP	button_left_2: depth = -2
2.0152000000234693	EXP	button_left_2: interpolate = true
2.0152000000234693	EXP	button_left_2: width = 0.4
2.0152000000234693	EXP	button_left_2: vertices = [[-0.2,null],[0.2,null],[0.2,null],[-0.2,null]]
2.0152000000234693	EXP	button_left_2: height = 0.2
2.0152000000234693	EXP	button_left_2: vertices = [[-0.2,-0.1],[0.2,-0.1],[0.2,0.1],[-0.2,0.1]]
2.0152000000234693	EXP	button_left_2: vertices = [[-0.2,-0.1],[0.2,-0.1],[0.2,0.1],[-0.2,0.1]]
2.0152000000234693	EXP	button_right_2: units = "height"
2.0152000000234693	EXP	button_right_2: ori = 0
2.0152000000234693	EXP	button_right_2: opacity = 1
2.0152000000234693	EXP	button_right_2: pos = [0.4,-0.3]
2.0152000000234693	EXP	button_right_2: size = [1,1]
2.0152000000234693	EXP	button_right_2: lineWidth = 1
2.0152000000234693	EXP	button_right_2: lineColor = {"_hex":"#000000","_rgb":[0,0,0]}
2.0152000000234693	EXP	button_right_2: fillColor = {"_hex":"#FFFFFF","_rgb":[1,1,1]}
2.0152000000234693	EXP	button_right_2: vertices = [[-0.5,0],[0,0.5],[0.5,0]]
2.0152000000234693	EXP	button_right_2: closeShape = true
2.0152000000234693	EXP	button_right_2: contrast = 1
2.0152000000234693	EXP	button_right_2: depth = -3
2.0152000000234693	EXP	button_right_2: interpolate = true
2.0152000000234693	EXP	button_right_2: width = 0.4
2.0152000000234693	EXP	button_right_2: vertices = [[-0.2,null],[0.2,null],[0.2,null],[-0.2,null]]
2.0152000000234693	EXP	button_right_2: height = 0.2
2.0152000000234693	EXP	button_right_2: vertices = [[-0.2,-0.1],[0.2,-0.1],[0.2,0.1],[-0.2,0.1]]
2.0152000000234693	EXP	button_right_2: vertices = [[-0.2,-0.1],[0.2,-0.1],[0.2,0.1],[-0.2,0.1]]
2.0152000000234693	EXP	trial_label_left_2: units = "height"
2.0152000000234693	EXP	trial_label_left_2: ori = 0
2.0152000000234693	EXP	trial_label_left_2: opacity = 1
2.0152000000234693	EXP	trial_label_left_2: pos = [-0.4,-0.3]
2.0152000000234693	EXP	trial_label_left_2: size = undefined
2.0152000000234693	EXP	trial_label_left_2: text = "Z = Nonword"
2.0152000000234693	EXP	trial_label_left_2: font = "Courier New"
2.0152000000234693	EXP	trial_label_left_2: color = {"_hex":"#000000","_rgb":[0,0,0]}
2.0152000000234693	EXP	trial_label_left_2: contrast = 1
2.0152000000234693	EXP	trial_label_left_2: height = 0.05
2.0152000000234693	EXP	trial_label_left_2: bold = false
2.0152000000234693	EXP	trial_label_left_2: italic = false
2.0152000000234693	EXP	trial_label_left_2: alignHoriz = "left"
2.0152000000234693	EXP	trial_label_left_2: alignVert = "center"
2.0152000000234693	EXP	trial_label_left_2: wrapWidth = 1
2.0152000000234693	EXP	trial_label_left_2: flipHoriz = false
2.0152000000234693	EXP	trial_label_left_2: flipVert = false
2.0152000000234693	EXP	trial_label_right_2: units = "height"
2.0152000000234693	EXP	trial_label_right_2: ori = 0
2.0152000000234693	EXP	trial_label_right_2: opacity = 1
2.0152000000234693	EXP	trial_label_right_2: pos = [0.4,-0.3]
2.0152000000234693	EXP	trial_label_right_2: size = undefined
2.0152000000234693	EXP	trial_label_right_2: text = "M = Word"
2.0152000000234693	EXP	trial_label_right_2: font = "Courier New"
2.0152000000234693	EXP	trial_label_right_2: color = {"_hex":"#000000","_rgb":[0,0,0]}
2.0152000000234693	EXP	trial_label_right_2: contrast = 1
2.0152000000234693	EXP	trial_label_right_2: height = 0.05
2.0152000000234693	EXP	trial_label_right_2: bold = false
2.0152000000234693	EXP	trial_label_right_2: italic = false
2.0152000000234693	EXP	trial_label_right_2: alignHoriz = "left"
2.0152000000234693	EXP	trial_label_right_2: alignVert = "center"
2.0152000000234693	EXP	trial_label_right_2: wrapWidth = 1
2.0152000000234693	EXP	trial_label_right_2: flipHoriz = false
2.0152000000234693	EXP	trial_label_right_2: flipVert = false
2.0152000000234693	EXP	instructions: units = "height"
2.0152000000234693	EXP	instructions: ori = 0
2.0152000000234693	EXP	instructions: opacity = 1
2.0152000000234693	EXP	instructions: pos = [0,0]
2.0152000000234693	EXP	instructions: size = undefined
2.0152000000234693	EXP	instructions: text = "default text"
2.0152000000234693	EXP	instructions: font = "Courier New"
2.0152000000234693	EXP	instructions: color = {"_hex":"#000000","_rgb":[0,0,0]}
2.0152000000234693	EXP	instructions: contrast = 1
2.0152000000234693	EXP	instructions: height = 0.035
2.0152000000234693	EXP	instructions: bold = false
2.0152000000234693	EXP	instructions: italic = false
2.0152000000234693	EXP	instructions: alignHoriz = "left"
2.0152000000234693	EXP	instructions: alignVert = "center"
2.0152000000234693	EXP	instructions: wrapWidth = 1
2.0152000000234693	EXP	instructions: flipHoriz = false
2.0152000000234693	EXP	instructions: flipVert = false
2.0152000000234693	EXP	instr_done_button: units = "height"
2.0152000000234693	EXP	instr_done_button: ori = 0
2.0152000000234693	EXP	instr_done_button: opacity = 1
2.0152000000234693	EXP	instr_done_button: pos = [0,-0.4]
2.0152000000234693	EXP	instr_done_button: size = [1,1]
2.0152000000234693	EXP	instr_done_button: lineWidth = 1
2.0152000000234693	EXP	instr_done_button: lineColor = {"_hex":"#000000","_rgb":[0,0,0]}
2.0152000000234693	EXP	instr_done_button: fillColor = {"_hex":"#FFFFFF","_rgb":[1,1,1]}
2.0152000000234693	EXP	instr_done_button: vertices = [[-0.5,0],[0,0.5],[0.5,0]]
2.0152000000234693	EXP	instr_done_button: closeShape = true
2.0152000000234693	EXP	instr_done_button: contrast = 1
2.0152000000234693	EXP	instr_done_button: depth = -2
2.0152000000234693	EXP	instr_done_button: interpolate = true
2.0152000000234693	EXP	instr_done_button: width = 0.4
2.0152000000234693	EXP	instr_done_button: vertices = [[-0.2,null],[0.2,null],[0.2,null],[-0.2,null]]
2.0152000000234693	EXP	instr_done_button: height = 0.1
2.0152000000234693	EXP	instr_done_button: vertices = [[-0.2,-0.05],[0.2,-0.05],[0.2,0.05],[-0.2,0.05]]
2.0152000000234693	EXP	instr_done_button: vertices = [[-0.2,-0.05],[0.2,-0.05],[0.2,0.05],[-0.2,0.05]]
2.0152000000234693	EXP	instr_done_label: units = "height"
2.0152000000234693	EXP	instr_done_label: ori = 0
2.0152000000234693	EXP	instr_done_label: opacity = 1
2.0152000000234693	EXP	instr_done_label: pos = [0,-0.4]
2.0152000000234693	EXP	instr_done_label: size = undefined
2.0152000000234693	EXP	instr_done_label: text = "Continue"
2.0152000000234693	EXP	instr_done_label: font = "Courier New"
2.0152000000234693	EXP	instr_done_label: color = {"_hex":"#000000","_rgb":[0,0,0]}
2.0152000000234693	EXP	instr_done_label: contrast = 1
2.0152000000234693	EXP	instr_done_label: height = 0.05
2.0152000000234693	EXP	instr_done_label: bold = false
2.0152000000234693	EXP	instr_done_label: italic = false
2.0152000000234693	EXP	instr_done_label: alignHoriz = "left"
2.0152000000234693	EXP	instr_done_label: alignVert = "center"
2.0152000000234693	EXP	instr_done_label: wrapWidth = 1
2.0152000000234693	EXP	instr_done_label: flipHoriz = false
2.0152000000234693	EXP	instr_done_label: flipVert = false
2.0152000000234693	EXP	instructions_image: units = "height"
2.0152000000234693	EXP	instructions_image: ori = 0
2.0152000000234693	EXP	instructions_image: opacity = 1
2.0152000000234693	EXP	instructions_image: pos = [0,0]
2.0152000000234693	EXP	instructions_image: size = [0.4,0.3]
2.0152000000234693	EXP	instructions_image: image = undefined
2.0152000000234693	EXP	instructions_image: mask = undefined
2.0152000000234693	EXP	instructions_image: color = {"_rgb":[1,1,1]}
2.0152000000234693	EXP	instructions_image: contrast = 1
2.0152000000234693	EXP	instructions_image: texRes = 128
2.0152000000234693	EXP	instructions_image: interpolate = true
2.0152000000234693	EXP	instructions_image: depth = -6
2.0152000000234693	EXP	instructions_image: flipHoriz = false
2.0152000000234693	EXP	instructions_image: flipVert = false
2.0152000000234693	EXP	fixation_mask: units = "height"
2.0152000000234693	EXP	fixation_mask: ori = 0
2.0152000000234693	EXP	fixation_mask: opacity = 1
2.0152000000234693	EXP	fixation_mask: pos = [0,0]
2.0152000000234693	EXP	fixation_mask: size = undefined
2.0152000000234693	EXP	fixation_mask: text = "######"
2.0152000000234693	EXP	fixation_mask: font = "Courier New"
2.0152000000234693	EXP	fixation_mask: color = {"_hex":"#000000","_rgb":[0,0,0]}
2.0152000000234693	EXP	fixation_mask: contrast = 1
2.0152000000234693	EXP	fixation_mask: height = 0.1
2.0152000000234693	EXP	fixation_mask: bold = false
2.0152000000234693	EXP	fixation_mask: italic = false
2.0152000000234693	EXP	fixation_mask: alignHoriz = "left"
2.0152000000234693	EXP	fixation_mask: alignVert = "center"
2.0152000000234693	EXP	fixation_mask: wrapWidth = 1
2.0152000000234693	EXP	fixation_mask: flipHoriz = false
2.0152000000234693	EXP	fixation_mask: flipVert = false
2.0152000000234693	EXP	prime_text: units = "height"
2.0152000000234693	EXP	prime_text: ori = 0
2.0152000000234693	EXP	prime_text: opacity = 1
2.0152000000234693	EXP	prime_text: pos = [0,0]
2.0152000000234693	EXP	prime_text: size = undefined
2.0152000000234693	EXP	prime_text: text = "default text"
2.0152000000234693	EXP	prime_text: font = "Courier New"
2.0152000000234693	EXP	prime_text: color = {"_hex":"#000000","_rgb":[0,0,0]}
2.0152000000234693	EXP	prime_text: contrast = 1
2.0152000000234693	EXP	prime_text: height = 0.1
2.0152000000234693	EXP	prime_text: bold = false
2.0152000000234693	EXP	prime_text: italic = false
2.0152000000234693	EXP	prime_text: alignHoriz = "left"
2.0152000000234693	EXP	prime_text: alignVert = "center"
2.0152000000234693	EXP	prime_text: wrapWidth = 1
2.0152000000234693	EXP	prime_text: flipHoriz = false
2.0152000000234693	EXP	prime_text: flipVert = false
2.0152000000234693	EXP	target: units = "height"
2.0152000000234693	EXP	target: ori = 0
2.0152000000234693	EXP	target: opacity = 1
2.0152000000234693	EXP	target: pos = [0,0]
2.0152000000234693	EXP	target: size = undefined
2.0152000000234693	EXP	target: text = "default text"
2.0152000000234693	EXP	target: font = "Arial"
2.0152000000234693	EXP	target: color = {"_hex":"#000000","_rgb":[0,0,0]}
2.0152000000234693	EXP	target: contrast = 1
2.0152000000234693	EXP	target: height = 0.1
2.0152000000234693	EXP	target: bold = false
2.0152000000234693	EXP	target: italic = false
2.0152000000234693	EXP	target: alignHoriz = "left"
2.0152000000234693	EXP	target: alignVert = "center"
2.0152000000234693	EXP	target: wrapWidth = 1
2.0152000000234693	EXP	target: flipHoriz = false
2.0152000000234693	EXP	target: flipVert = false
2.0152000000234693	EXP	button_left: units = "height"
2.0152000000234693	EXP	button_left: ori = 0
2.0152000000234693	EXP	button_left: opacity = 1
2.0152000000234693	EXP	button_left: pos = [-0.4,-0.3]
2.0152000000234693	EXP	button_left: size = [1,1]
2.0152000000234693	EXP	button_left: lineWidth = 1
2.0152000000234693	EXP	button_left: lineColor = {"_hex":"#000000","_rgb":[0,0,0]}
2.0152000000234693	EXP	button_left: fillColor = {"_hex":"#FFFFFF","_rgb":[1,1,1]}
2.0152000000234693	EXP	button_left: vertices = [[-0.5,0],[0,0.5],[0.5,0]]
2.0152000000234693	EXP	button_left: closeShape = true
2.0152000000234693	EXP	button_left: contrast = 1
2.0152000000234693	EXP	button_left: depth = -5
2.0152000000234693	EXP	button_left: interpolate = true
2.0152000000234693	EXP	button_left: width = 0.4
2.0152000000234693	EXP	button_left: vertices = [[-0.2,null],[0.2,null],[0.2,null],[-0.2,null]]
2.0152000000234693	EXP	button_left: height = 0.2
2.0152000000234693	EXP	button_left: vertices = [[-0.2,-0.1],[0.2,-0.1],[0.2,0.1],[-0.2,0.1]]
2.0152000000234693	EXP	button_left: vertices = [[-0.2,-0.1],[0.2,-0.1],[0.2,0.1],[-0.2,0.1]]
2.0152000000234693	EXP	button_right: units = "height"
2.0152000000234693	EXP	button_right: ori = 0
2.0152000000234693	EXP	button_right: opacity = 1
2.0152000000234693	EXP	button_right: pos = [0.4,-0.3]
2.0152000000234693	EXP	button_right: size = [1,1]
2.0152000000234693	EXP	button_right: lineWidth = 1
2.0152000000234693	EXP	button_right: lineColor = {"_hex":"#000000","_rgb":[0,0,0]}
2.0152000000234693	EXP	button_right: fillColor = {"_hex":"#FFFFFF","_rgb":[1,1,1]}
2.0152000000234693	EXP	button_right: vertices = [[-0.5,0],[0,0.5],[0.5,0]]
2.0152000000234693	EXP	button_right: closeShape = true
2.0152000000234693	EXP	button_right: contrast = 1
2.0152000000234693	EXP	button_right: depth = -6
2.0152000000234693	EXP	button_right: interpolate = true
2.0152000000234693	EXP	button_right: width = 0.4
2.0152000000234693	EXP	button_right: vertices = [[-0.2,null],[0.2,null],[0.2,null],[-0.2,null]]
2.0152000000234693	EXP	button_right: height = 0.2
2.0152000000234693	EXP	button_right: vertices = [[-0.2,-0.1],[0.2,-0.1],[0.2,0.1],[-0.2,0.1]]
2.0152000000234693	EXP	button_right: vertices = [[-0.2,-0.1],[0.2,-0.1],[0.2,0.1],[-0.2,0.1]]
2.0152000000234693	EXP	trial_label_right: units = "height"
2.0152000000234693	EXP	trial_label_right: ori = 0
2.0152000000234693	EXP	trial_label_right: opacity = 1
2.0152000000234693	EXP	trial_label_right: pos = [0.4,-0.3]
2.0152000000234693	EXP	trial_label_right: size = undefined
2.0152000000234693	EXP	trial_label_right: text = "M = Word"
2.0152000000234693	EXP	trial_label_right: font = "Courier New"
2.0152000000234693	EXP	trial_label_right: color = {"_hex":"#000000","_rgb":[0,0,0]}
2.0152000000234693	EXP	trial_label_right: contrast = 1
2.0152000000234693	EXP	trial_label_right: height = 0.05
2.0152000000234693	EXP	trial_label_right: bold = false
2.0152000000234693	EXP	trial_label_right: italic = false
2.0152000000234693	EXP	trial_label_right: alignHoriz = "left"
2.0152000000234693	EXP	trial_label_right: alignVert = "center"
2.0152000000234693	EXP	trial_label_right: wrapWidth = 1
2.0152000000234693	EXP	trial_label_right: flipHoriz = false
2.0152000000234693	EXP	trial_label_right: flipVert = false
2.0152000000234693	EXP	trial_label_left_new: units = "height"
2.0152000000234693	EXP	trial_label_left_new: ori = 0
2.0152000000234693	EXP	trial_label_left_new: opacity = 1
2.0152000000234693	EXP	trial_label_left_new: pos = [-0.4,-0.3]
2.0152000000234693	EXP	trial_label_left_new: size = undefined
2.0152000000234693	EXP	trial_label_left_new: text = "Z = Nonword"
2.0152000000234693	EXP	trial_label_left_new: font = "Courier New"
2.0152000000234693	EXP	trial_label_left_new: color = {"_hex":"#000000","_rgb":[0,0,0]}
2.0152000000234693	EXP	trial_label_left_new: contrast = 1
2.0152000000234693	EXP	trial_label_left_new: height = 0.05
2.0152000000234693	EXP	trial_label_left_new: bold = false
2.0152000000234693	EXP	trial_label_left_new: italic = false
2.0152000000234693	EXP	trial_label_left_new: alignHoriz = "left"
2.0152000000234693	EXP	trial_label_left_new: alignVert = "center"
2.0152000000234693	EXP	trial_label_left_new: wrapWidth = 1
2.0152000000234693	EXP	trial_label_left_new: flipHoriz = false
2.0152000000234693	EXP	trial_label_left_new: flipVert = false
2.0152000000234693	EXP	feedback_text: units = "height"
2.0152000000234693	EXP	feedback_text: ori = 0
2.0152000000234693	EXP	feedback_text: opacity = 1
2.0152000000234693	EXP	feedback_text: pos = [0,0]
2.0152000000234693	EXP	feedback_text: size = undefined
2.0152000000234693	EXP	feedback_text: text = "default text"
2.0152000000234693	EXP	feedback_text: font = "Courier New"
2.0152000000234693	EXP	feedback_text: color = {"_hex":"#FFFFFF","_rgb":[1,1,1]}
2.0152000000234693	EXP	feedback_text: contrast = 1
2.0152000000234693	EXP	feedback_text: height = 0.05
2.0152000000234693	EXP	feedback_text: bold = false
2.0152000000234693	EXP	feedback_text: italic = false
2.0152000000234693	EXP	feedback_text: alignHoriz = "left"
2.0152000000234693	EXP	feedback_text: alignVert = "center"
2.0152000000234693	EXP	feedback_text: wrapWidth = 1
2.0152000000234693	EXP	feedback_text: flipHoriz = false
2.0152000000234693	EXP	feedback_text: flipVert = false
2.0152000000234693	EXP	button_left_2: units = "height"
2.0152000000234693	EXP	button_left_2: ori = 0
2.0152000000234693	EXP	button_left_2: opacity = 1
2.0152000000234693	EXP	button_left_2: pos = [-0.4,-0.3]
2.0152000000234693	EXP	button_left_2: size = [1,1]
2.0152000000234693	EXP	button_left_2: lineWidth = 1
2.0152000000234693	EXP	button_left_2: lineColor = {"_hex":"#000000","_rgb":[0,0,0]}
2.0152000000234693	EXP	button_left_2: fillColor = {"_hex":"#FFFFFF","_rgb":[1,1,1]}
2.0152000000234693	EXP	button_left_2: vertices = [[-0.5,0],[0,0.5],[0.5,0]]
2.0152000000234693	EXP	button_left_2: closeShape = true
2.0152000000234693	EXP	button_left_2: contrast = 1
2.0152000000234693	EXP	button_left_2: depth = -2
2.0152000000234693	EXP	button_left_2: interpolate = true
2.0152000000234693	EXP	button_left_2: width = 0.4
2.0152000000234693	EXP	button_left_2: vertices = [[-0.2,null],[0.2,null],[0.2,null],[-0.2,null]]
2.0152000000234693	EXP	button_left_2: height = 0.2
2.0152000000234693	EXP	button_left_2: vertices = [[-0.2,-0.1],[0.2,-0.1],[0.2,0.1],[-0.2,0.1]]
2.0152000000234693	EXP	button_left_2: vertices = [[-0.2,-0.1],[0.2,-0.1],[0.2,0.1],[-0.2,0.1]]
2.0152000000234693	EXP	button_right_2: units = "height"
2.0152000000234693	EXP	button_right_2: ori = 0
2.0152000000234693	EXP	button_right_2: opacity = 1
2.0152000000234693	EXP	button_right_2: pos = [0.4,-0.3]
2.0152000000234693	EXP	button_right_2: size = [1,1]
2.0152000000234693	EXP	button_right_2: lineWidth = 1
2.0152000000234693	EXP	button_right_2: lineColor = {"_hex":"#000000","_rgb":[0,0,0]}
2.0152000000234693	EXP	button_right_2: fillColor = {"_hex":"#FFFFFF","_rgb":[1,1,1]}
2.0152000000234693	EXP	button_right_2: vertices = [[-0.5,0],[0,0.5],[0.5,0]]
2.0152000000234693	EXP	button_right_2: closeShape = true
2.0152000000234693	EXP	button_right_2: contrast = 1
2.0152000000234693	EXP	button_right_2: depth = -3
2.0152000000234693	EXP	button_right_2: interpolate = true
2.0152000000234693	EXP	button_right_2: width = 0.4
2.0152000000234693	EXP	button_right_2: vertices = [[-0.2,null],[0.2,null],[0.2,null],[-0.2,null]]
2.0152000000234693	EXP	button_right_2: height = 0.2
2.0152000000234693	EXP	button_right_2: vertices = [[-0.2,-0.1],[0.2,-0.1],[0.2,0.1],[-0.2,0.1]]
2.0152000000234693	EXP	button_right_2: vertices = [[-0.2,-0.1],[0.2,-0.1],[0.2,0.1],[-0.2,0.1]]
2.0152000000234693	EXP	trial_label_left_2: units = "height"
2.0152000000234693	EXP	trial_label_left_2: ori = 0
2.0152000000234693	EXP	trial_label_left_2: opacity = 1
2.0152000000234693	EXP	trial_label_left_2: pos = [-0.4,-0.3]
2.0152000000234693	EXP	trial_label_left_2: size = undefined
2.0152000000234693	EXP	trial_label_left_2: text = "Z = Nonword"
2.0152000000234693	EXP	trial_label_left_2: font = "Courier New"
2.0152000000234693	EXP	trial_label_left_2: color = {"_hex":"#000000","_rgb":[0,0,0]}
2.0152000000234693	EXP	trial_label_left_2: contrast = 1
2.0152000000234693	EXP	trial_label_left_2: height = 0.05
2.0152000000234693	EXP	trial_label_left_2: bold = false
2.0152000000234693	EXP	trial_label_left_2: italic = false
2.0152000000234693	EXP	trial_label_left_2: alignHoriz = "left"
2.0152000000234693	EXP	trial_label_left_2: alignVert = "center"
2.0152000000234693	EXP	trial_label_left_2: wrapWidth = 1
2.0152000000234693	EXP	trial_label_left_2: flipHoriz = false
2.0152000000234693	EXP	trial_label_left_2: flipVert = false
2.0152000000234693	EXP	trial_label_right_2: units = "height"
2.0152000000234693	EXP	trial_label_right_2: ori = 0
2.0152000000234693	EXP	trial_label_right_2: opacity = 1
2.0152000000234693	EXP	trial_label_right_2: pos = [0.4,-0.3]
2.0152000000234693	EXP	trial_label_right_2: size = undefined
2.0152000000234693	EXP	trial_label_right_2: text = "M = Word"
2.0152000000234693	EXP	trial_label_right_2: font = "Courier New"
2.0152000000234693	EXP	trial_label_right_2: color = {"_hex":"#000000","_rgb":[0,0,0]}
2.0152000000234693	EXP	trial_label_right_2: contrast = 1
2.0152000000234693	EXP	trial_label_right_2: height = 0.05
2.0152000000234693	EXP	trial_label_right_2: bold = false
2.0152000000234693	EXP	trial_label_right_2: italic = false
2.0152000000234693	EXP	trial_label_right_2: alignHoriz = "left"
2.0152000000234693	EXP	trial_label_right_2: alignVert = "center"
2.0152000000234693	EXP	trial_label_right_2: wrapWidth = 1
2.0152000000234693	EXP	trial_label_right_2: flipHoriz = false
2.0152000000234693	EXP	trial_label_right_2: flipVert = false
2.0152000000234693	EXP	break_text: units = "height"
2.0152000000234693	EXP	break_text: ori = 0
2.0152000000234693	EXP	break_text: opacity = 1
2.0152000000234693	EXP	break_text: pos = [0,0]
2.0152000000234693	EXP	break_text: size = undefined
2.0152000000234693	EXP	break_text: text = "default text"
2.0152000000234693	EXP	break_text: font = "Courier New"
2.0152000000234693	EXP	break_text: color = {"_hex":"#000000","_rgb":[0,0,0]}
2.0152000000234693	EXP	break_text: contrast = 1
2.0152000000234693	EXP	break_text: height = 0.05
2.0152000000234693	EXP	break_text: bold = false
2.0152000000234693	EXP	break_text: italic = false
2.0152000000234693	EXP	break_text: alignHoriz = "left"
2.0152000000234693	EXP	break_text: alignVert = "center"
2.0152000000234693	EXP	break_text: wrapWidth = 1
2.0152000000234693	EXP	break_text: flipHoriz = false
2.0152000000234693	EXP	break_text: flipVert = false
2.0152000000234693	EXP	break_done_button: units = "height"
2.0152000000234693	EXP	break_done_button: ori = 0
2.0152000000234693	EXP	break_done_button: opacity = 1
2.0152000000234693	EXP	break_done_button: pos = [0,-0.4]
2.0152000000234693	EXP	break_done_button: size = [1,1]
2.0152000000234693	EXP	break_done_button: lineWidth = 1
2.0152000000234693	EXP	break_done_button: lineColor = {"_hex":"#000000","_rgb":[0,0,0]}
2.0152000000234693	EXP	break_done_button: fillColor = {"_hex":"#FFFFFF","_rgb":[1,1,1]}
2.0152000000234693	EXP	break_done_button: vertices = [[-0.5,0],[0,0.5],[0.5,0]]
2.0152000000234693	EXP	break_done_button: closeShape = true
2.0152000000234693	EXP	break_done_button: contrast = 1
2.0152000000234693	EXP	break_done_button: depth = -4
2.0152000000234693	EXP	break_done_button: interpolate = true
2.0152000000234693	EXP	break_done_button: width = 0.4
2.0152000000234693	EXP	break_done_button: vertices = [[-0.2,null],[0.2,null],[0.2,null],[-0.2,null]]
2.0152000000234693	EXP	break_done_button: height = 0.1
2.0152000000234693	EXP	break_done_button: vertices = [[-0.2,-0.05],[0.2,-0.05],[0.2,0.05],[-0.2,0.05]]
2.0152000000234693	EXP	break_done_button: vertices = [[-0.2,-0.05],[0.2,-0.05],[0.2,0.05],[-0.2,0.05]]
2.0152000000234693	EXP	break_done_button_label: units = "height"
2.0152000000234693	EXP	break_done_button_label: ori = 0
2.0152000000234693	EXP	break_done_button_label: opacity = 1
2.0152000000234693	EXP	break_done_button_label: pos = [0,-0.4]
2.0152000000234693	EXP	break_done_button_label: size = undefined
2.0152000000234693	EXP	break_done_button_label: text = "Continue"
2.0152000000234693	EXP	break_done_button_label: font = "Courier New"
2.0152000000234693	EXP	break_done_button_label: color = {"_hex":"#000000","_rgb":[0,0,0]}
2.0152000000234693	EXP	break_done_button_label: contrast = 1
2.0152000000234693	EXP	break_done_button_label: height = 0.05
2.0152000000234693	EXP	break_done_button_label: bold = false
2.0152000000234693	EXP	break_done_button_label: italic = false
2.0152000000234693	EXP	break_done_button_label: alignHoriz = "left"
2.0152000000234693	EXP	break_done_button_label: alignVert = "center"
2.0152000000234693	EXP	break_done_button_label: wrapWidth = 1
2.0152000000234693	EXP	break_done_button_label: flipHoriz = false
2.0152000000234693	EXP	break_done_button_label: flipVert = false
2.0152000000234693	EXP	thank_you: units = "height"
2.0152000000234693	EXP	thank_you: ori = 0
2.0152000000234693	EXP	thank_you: opacity = 1
2.0152000000234693	EXP	thank_you: pos = [0,0]
2.0152000000234693	EXP	thank_you: size = undefined
2.0152000000234693	EXP	thank_you: text = "This is the end of the experiment.\n\nPlease do NOT close this window until you have been redirected to the debrief page. \n\nPlease wait for the message Thank you for your patience to appear and then click OK to continue to the debrief page.\n\nYou must go to the debrief page in order for your participation to be recorded."
2.0152000000234693	EXP	thank_you: font = "Courier New"
2.0152000000234693	EXP	thank_you: color = {"_hex":"#000000","_rgb":[0,0,0]}
2.0152000000234693	EXP	thank_you: contrast = 1
2.0152000000234693	EXP	thank_you: height = 1
2.0152000000234693	EXP	thank_you: bold = false
2.0152000000234693	EXP	thank_you: italic = false
2.0152000000234693	EXP	thank_you: alignHoriz = "left"
2.0152000000234693	EXP	thank_you: alignVert = "center"
2.0152000000234693	EXP	thank_you: wrapWidth = 1
2.0152000000234693	EXP	thank_you: flipHoriz = false
2.0152000000234693	EXP	thank_you: flipVert = false
2.0152000000234693	EXP	instructions: text = "INSTRUCTIONS\r\nAt the start of each trial, look at the hash marks (######) in the center of the screen. After a moment, a string of letters will appear. Your task is to indicate if the letter string forms a word or not (i.e., if it is a nonword). For example, AUTHOR is a word while AUTHON is a nonword.\r\n\r\nPress the space bar or touch the button below to continue."
2.0152000000234693	EXP	instructions_image: image = undefined
2.0152000000234693	EXP	instructions: autoDraw = true
2.0152000000234693	EXP	instr_done_button: autoDraw = true
2.0152000000234693	EXP	instr_done_label: autoDraw = true
2.8733249999932013	DATA	Mouse: 0 button down, pos=(993,945)
2.891765000007581	EXP	instructions: autoDraw = false
2.891765000007581	EXP	instr_done_button: autoDraw = false
2.891765000007581	EXP	instr_done_label: autoDraw = false
2.891765000007581	EXP	instructions_image: autoDraw = false
2.891765000007581	EXP	instructions: text = "If your device has a keyboard, press the 'Z' key for nonwords and the 'M' key for words.\r\n\r\n\r\n\r\n\r\n\r\nPress the space bar or touch the button below to continue."
2.891765000007581	EXP	instructions_image: image = {}
2.891765000007581	EXP	instructions: autoDraw = true
2.891765000007581	EXP	instr_done_button: autoDraw = true
2.891765000007581	EXP	instr_done_label: autoDraw = true
2.891765000007581	EXP	instructions_image: autoDraw = true
2.9823449999676086	DATA	Mouse: 0 button down, pos=(993,945)
3.3825749999959953	DATA	Mouse: 0 button down, pos=(992,942)
3.4050549999810755	EXP	instructions: autoDraw = false
3.4050549999810755	EXP	instr_done_button: autoDraw = false
3.4050549999810755	EXP	instr_done_label: autoDraw = false
3.4050549999810755	EXP	instructions_image: autoDraw = false
3.4050549999810755	EXP	instructions: text = "If you are using a touchscreen only device, use the buttons on the screen. Do not use the mouse.\r\n\r\n\r\n\r\n\r\n\r\nPress the space bar or touch the button below to continue."
3.4050549999810755	EXP	instructions_image: image = {}
3.4050549999810755	EXP	instructions: autoDraw = true
3.4050549999810755	EXP	instr_done_button: autoDraw = true
3.4050549999810755	EXP	instr_done_label: autoDraw = true
3.4050549999810755	EXP	instructions_image: autoDraw = true
3.4659499999834225	DATA	Mouse: 0 button down, pos=(992,942)
3.7943000000086613	DATA	Mouse: wheel shift=(0,-100), pos=(928,957)
3.8037500000209548	DATA	Mouse: 0 button down, pos=(928,957)
3.8193750000209548	EXP	instructions: autoDraw = false
3.8193750000209548	EXP	instr_done_button: autoDraw = false
3.8193750000209548	EXP	instr_done_label: autoDraw = false
3.8193750000209548	EXP	instructions_image: autoDraw = false
3.8193750000209548	EXP	instructions: text = "It is very important that you respond as quickly and accurately as possible, as each letter string will only be on the screen for two seconds. If you do not respond within this time, the message 'Too slow!' will be displayed and the experiment will progress to the next letter string. The first 20 trials will be practice trials and you will receive feedback on your answers. \r\n\r\nPress the space bar or touch the button below to start the practice trials."
3.8193750000209548	EXP	instructions_image: image = undefined
3.8193750000209548	EXP	instructions: autoDraw = true
3.8193750000209548	EXP	instr_done_button: autoDraw = true
3.8193750000209548	EXP	instr_done_label: autoDraw = true
3.9042550000012852	DATA	Mouse: 0 button down, pos=(928,957)
4.1658949999837205	DATA	Mouse: 0 button down, pos=(930,958)
4.2626600000076	EXP	instructions: autoDraw = false
4.2626600000076	EXP	instr_done_button: autoDraw = false
4.2626600000076	EXP	instr_done_label: autoDraw = false
4.2626600000076	EXP	instructions_image: autoDraw = false
4.2626600000076	EXP	prime_text: text = "utopia"
4.2626600000076	EXP	target: text = "UTOPIA"
4.2626600000076	EXP	target: font = "Courier New"
4.2626600000076	EXP	fixation_mask: autoDraw = true
4.2626600000076	EXP	button_left: autoDraw = true
4.2626600000076	EXP	button_right: autoDraw = true
4.2626600000076	EXP	trial_label_right: autoDraw = true
4.2626600000076	EXP	trial_label_left_new: autoDraw = true
4.265659999975469	DATA	Mouse: 0 button down, pos=(930,958)
4.746820000000298	EXP	fixation_mask: autoDraw = false
4.766629999969155	EXP	prime_text: autoDraw = true
4.783645000017714	EXP	prime_text: autoDraw = false
4.783645000017714	EXP	target: autoDraw = true
4.998339999991003	DATA	Mouse: 0 button down, pos=(669,849)
5.023410000023432	EXP	fixation_mask: autoDraw = false
5.023410000023432	EXP	prime_text: autoDraw = false
5.023410000023432	EXP	target: autoDraw = false
5.023410000023432	EXP	button_left: autoDraw = false
5.023410000023432	EXP	button_right: autoDraw = false
5.023410000023432	EXP	trial_label_right: autoDraw = false
5.023410000023432	EXP	trial_label_left_new: autoDraw = false
5.023410000023432	EXP	feedback_text: color = {"_hex":"#FF0000","_rgb":[1,0,0]}
5.023410000023432	EXP	feedback_text: text = "Incorrect"
5.023410000023432	EXP	feedback_text: autoDraw = true
5.023410000023432	EXP	button_left_2: autoDraw = true
5.023410000023432	EXP	button_right_2: autoDraw = true
5.023410000023432	EXP	trial_label_left_2: autoDraw = true
5.023410000023432	EXP	trial_label_right_2: autoDraw = true
5.108254999970086	DATA	Mouse: 0 button down, pos=(667,849)
5.513235000020359	EXP	feedback_text: autoDraw = false
5.513235000020359	EXP	button_left_2: autoDraw = false
5.513235000020359	EXP	button_right_2: autoDraw = false
5.513235000020359	EXP	trial_label_left_2: autoDraw = false
5.513235000020359	EXP	trial_label_right_2: autoDraw = false
5.513235000020359	EXP	feedback_text: autoDraw = false
5.513235000020359	EXP	button_left_2: autoDraw = false
5.513235000020359	EXP	button_right_2: autoDraw = false
5.513235000020359	EXP	trial_label_left_2: autoDraw = false
5.513235000020359	EXP	trial_label_right_2: autoDraw = false
5.513235000020359	EXP	prime_text: text = "hurdle"
5.513235000020359	EXP	target: text = "VOLUME"
5.513235000020359	EXP	target: font = "Courier New"
5.513235000020359	EXP	fixation_mask: autoDraw = true
5.513235000020359	EXP	button_left: autoDraw = true
5.513235000020359	EXP	button_right: autoDraw = true
5.513235000020359	EXP	trial_label_right: autoDraw = true
5.513235000020359	EXP	trial_label_left_new: autoDraw = true
6.013630000001285	EXP	fixation_mask: autoDraw = false
6.035024999990128	EXP	prime_text: autoDraw = true
6.063030000019353	EXP	prime_text: autoDraw = false
6.082055000006221	EXP	target: autoDraw = true
6.605920000001788	DATA	Mouse: 0 button down, pos=(1284,877)
6.616764999984298	EXP	fixation_mask: autoDraw = false
6.616764999984298	EXP	prime_text: autoDraw = false
6.616764999984298	EXP	target: autoDraw = false
6.616764999984298	EXP	button_left: autoDraw = false
6.616764999984298	EXP	button_right: autoDraw = false
6.616764999984298	EXP	trial_label_right: autoDraw = false
6.616764999984298	EXP	trial_label_left_new: autoDraw = false
6.616764999984298	EXP	feedback_text: color = {"_hex":"#008000","_rgb":[0,0.5019607843137255,0]}
6.616764999984298	EXP	feedback_text: text = "Correct"
6.616764999984298	EXP	feedback_text: autoDraw = true
6.616764999984298	EXP	button_left_2: autoDraw = true
6.616764999984298	EXP	button_right_2: autoDraw = true
6.616764999984298	EXP	trial_label_left_2: autoDraw = true
6.616764999984298	EXP	trial_label_right_2: autoDraw = true
6.698679999972228	DATA	Mouse: 0 button down, pos=(1284,877)
7.1133999999728985	EXP	feedback_text: autoDraw = false
7.1133999999728985	EXP	button_left_2: autoDraw = false
7.1133999999728985	EXP	button_right_2: autoDraw = false
7.1133999999728985	EXP	trial_label_left_2: autoDraw = false
7.1133999999728985	EXP	trial_label_right_2: autoDraw = false
7.1133999999728985	EXP	feedback_text: autoDraw = false
7.1133999999728985	EXP	button_left_2: autoDraw = false
7.1133999999728985	EXP	button_right_2: autoDraw = false
7.1133999999728985	EXP	trial_label_left_2: autoDraw = false
7.1133999999728985	EXP	trial_label_right_2: autoDraw = false
7.1133999999728985	EXP	prime_text: text = "adveil"
7.1133999999728985	EXP	target: text = "SPRINY"
7.1133999999728985	EXP	target: font = "Courier New"
7.1133999999728985	EXP	fixation_mask: autoDraw = true
7.1133999999728985	EXP	button_left: autoDraw = true
7.1133999999728985	EXP	button_right: autoDraw = true
7.1133999999728985	EXP	trial_label_right: autoDraw = true
7.1133999999728985	EXP	trial_label_left_new: autoDraw = true
7.614144999999553	EXP	fixation_mask: autoDraw = false
7.633785000012722	EXP	prime_text: autoDraw = true
7.646475000015926	EXP	prime_text: autoDraw = false
7.66547000000719	EXP	target: autoDraw = true
8.16913499997463	DATA	Mouse: 0 button down, pos=(1273,878)
8.181769999966491	EXP	fixation_mask: autoDraw = false
8.181769999966491	EXP	prime_text: autoDraw = false
8.181769999966491	EXP	target: autoDraw = false
8.181769999966491	EXP	button_left: autoDraw = false
8.181769999966491	EXP	button_right: autoDraw = false
8.181769999966491	EXP	trial_label_right: autoDraw = false
8.181769999966491	EXP	trial_label_left_new: autoDraw = false
8.181769999966491	EXP	feedback_text: color = {"_hex":"#FF0000","_rgb":[1,0,0]}
8.181769999966491	EXP	feedback_text: text = "Incorrect"
8.181769999966491	EXP	feedback_text: autoDraw = true
8.181769999966491	EXP	button_left_2: autoDraw = true
8.181769999966491	EXP	button_right_2: autoDraw = true
8.181769999966491	EXP	trial_label_left_2: autoDraw = true
8.181769999966491	EXP	trial_label_right_2: autoDraw = true
8.269024999986868	DATA	Mouse: 0 button down, pos=(1273,878)
8.679914999986067	EXP	feedback_text: autoDraw = false
8.679914999986067	EXP	button_left_2: autoDraw = false
8.679914999986067	EXP	button_right_2: autoDraw = false
8.679914999986067	EXP	trial_label_left_2: autoDraw = false
8.679914999986067	EXP	trial_label_right_2: autoDraw = false
8.679914999986067	EXP	feedback_text: autoDraw = false
8.679914999986067	EXP	button_left_2: autoDraw = false
8.679914999986067	EXP	button_right_2: autoDraw = false
8.679914999986067	EXP	trial_label_left_2: autoDraw = false
8.679914999986067	EXP	trial_label_right_2: autoDraw = false
8.679914999986067	EXP	prime_text: text = "miaber"
8.679914999986067	EXP	target: text = "THRALE"
8.679914999986067	EXP	target: font = "Courier New"
8.679914999986067	EXP	fixation_mask: autoDraw = true
8.679914999986067	EXP	button_left: autoDraw = true
8.679914999986067	EXP	button_right: autoDraw = true
8.679914999986067	EXP	trial_label_right: autoDraw = true
8.679914999986067	EXP	trial_label_left_new: autoDraw = true
9.179859999974724	EXP	fixation_mask: autoDraw = false
9.198239999997895	EXP	prime_text: autoDraw = true
9.23220999998739	EXP	prime_text: autoDraw = false
9.24952499999199	EXP	target: autoDraw = true
10.104720000002999	DATA	Mouse: 0 button down, pos=(514,841)
10.1161200000206	EXP	fixation_mask: autoDraw = false
10.1161200000206	EXP	prime_text: autoDraw = false
10.1161200000206	EXP	target: autoDraw = false
10.1161200000206	EXP	button_left: autoDraw = false
10.1161200000206	EXP	button_right: autoDraw = false
10.1161200000206	EXP	trial_label_right: autoDraw = false
10.1161200000206	EXP	trial_label_left_new: autoDraw = false
10.1161200000206	EXP	feedback_text: color = {"_hex":"#008000","_rgb":[0,0.5019607843137255,0]}
10.1161200000206	EXP	feedback_text: text = "Correct"
10.1161200000206	EXP	feedback_text: autoDraw = true
10.1161200000206	EXP	button_left_2: autoDraw = true
10.1161200000206	EXP	button_right_2: autoDraw = true
10.1161200000206	EXP	trial_label_left_2: autoDraw = true
10.1161200000206	EXP	trial_label_right_2: autoDraw = true
10.170559999998659	DATA	Mouse: 0 button down, pos=(514,841)
10.668145000003278	EXP	feedback_text: autoDraw = false
10.668145000003278	EXP	button_left_2: autoDraw = false
10.668145000003278	EXP	button_right_2: autoDraw = false
10.668145000003278	EXP	trial_label_left_2: autoDraw = false
10.668145000003278	EXP	trial_label_right_2: autoDraw = false
10.668145000003278	EXP	feedback_text: autoDraw = false
10.668145000003278	EXP	button_left_2: autoDraw = false
10.668145000003278	EXP	button_right_2: autoDraw = false
10.668145000003278	EXP	trial_label_left_2: autoDraw = false
10.668145000003278	EXP	trial_label_right_2: autoDraw = false
10.668145000003278	EXP	prime_text: text = "mushed"
10.668145000003278	EXP	target: text = "WHAISE"
10.668145000003278	EXP	target: font = "Courier New"
10.668145000003278	EXP	fixation_mask: autoDraw = true
10.668145000003278	EXP	button_left: autoDraw = true
10.668145000003278	EXP	button_right: autoDraw = true
10.668145000003278	EXP	trial_label_right: autoDraw = true
10.668145000003278	EXP	trial_label_left_new: autoDraw = true
11.142980000004172	EXP	fixation_mask: autoDraw = false
11.160169999988284	EXP	prime_text: autoDraw = true
11.192724999971688	EXP	prime_text: autoDraw = false
11.2094550000038	EXP	target: autoDraw = true
11.293724999995902	DATA	Mouse: 0 button down, pos=(537,832)
11.309349999995902	EXP	fixation_mask: autoDraw = false
11.309349999995902	EXP	prime_text: autoDraw = false
11.309349999995902	EXP	target: autoDraw = false
11.309349999995902	EXP	button_left: autoDraw = false
11.309349999995902	EXP	button_right: autoDraw = false
11.309349999995902	EXP	trial_label_right: autoDraw = false
11.309349999995902	EXP	trial_label_left_new: autoDraw = false
11.309349999995902	EXP	feedback_text: color = {"_hex":"#008000","_rgb":[0,0.5019607843137255,0]}
11.309349999995902	EXP	feedback_text: text = "Correct"
11.309349999995902	EXP	feedback_text: autoDraw = true
11.309349999995902	EXP	button_left_2: autoDraw = true
11.309349999995902	EXP	button_right_2: autoDraw = true
11.309349999995902	EXP	trial_label_left_2: autoDraw = true
11.309349999995902	EXP	trial_label_right_2: autoDraw = true
11.393999999971129	DATA	Mouse: 0 button down, pos=(537,832)
11.809729999979027	EXP	feedback_text: autoDraw = false
11.809729999979027	EXP	button_left_2: autoDraw = false
11.809729999979027	EXP	button_right_2: autoDraw = false
11.809729999979027	EXP	trial_label_left_2: autoDraw = false
11.809729999979027	EXP	trial_label_right_2: autoDraw = false
11.809729999979027	EXP	feedback_text: autoDraw = false
11.809729999979027	EXP	button_left_2: autoDraw = false
11.809729999979027	EXP	button_right_2: autoDraw = false
11.809729999979027	EXP	trial_label_left_2: autoDraw = false
11.809729999979027	EXP	trial_label_right_2: autoDraw = false
11.809729999979027	EXP	prime_text: text = "fariny"
11.809729999979027	EXP	target: text = "FARINY"
11.809729999979027	EXP	target: font = "Courier New"
11.809729999979027	EXP	fixation_mask: autoDraw = true
11.809729999979027	EXP	button_left: autoDraw = true
11.809729999979027	EXP	button_right: autoDraw = true
11.809729999979027	EXP	trial_label_right: autoDraw = true
11.809729999979027	EXP	trial_label_left_new: autoDraw = true
12.312904999998864	EXP	fixation_mask: autoDraw = false
12.312904999998864	EXP	prime_text: autoDraw = true
12.343790000013541	EXP	prime_text: autoDraw = false
12.343790000013541	EXP	target: autoDraw = true
12.72979499999201	DATA	Mouse: 0 button down, pos=(565,829)
12.744729999976698	EXP	fixation_mask: autoDraw = false
12.744729999976698	EXP	prime_text: autoDraw = false
12.744729999976698	EXP	target: autoDraw = false
12.744729999976698	EXP	button_left: autoDraw = false
12.744729999976698	EXP	button_right: autoDraw = false
12.744729999976698	EXP	trial_label_right: autoDraw = false
12.744729999976698	EXP	trial_label_left_new: autoDraw = false
12.744729999976698	EXP	feedback_text: color = {"_hex":"#008000","_rgb":[0,0.5019607843137255,0]}
12.744729999976698	EXP	feedback_text: text = "Correct"
12.744729999976698	EXP	feedback_text: autoDraw = true
12.744729999976698	EXP	button_left_2: autoDraw = true
12.744729999976698	EXP	button_right_2: autoDraw = true
12.744729999976698	EXP	trial_label_left_2: autoDraw = true
12.744729999976698	EXP	trial_label_right_2: autoDraw = true
12.829785000008997	DATA	Mouse: 0 button down, pos=(565,829)
13.245174999989104	EXP	feedback_text: autoDraw = false
13.245174999989104	EXP	button_left_2: autoDraw = false
13.245174999989104	EXP	button_right_2: autoDraw = false
13.245174999989104	EXP	trial_label_left_2: autoDraw = false
13.245174999989104	EXP	trial_label_right_2: autoDraw = false
13.245174999989104	EXP	feedback_text: autoDraw = false
13.245174999989104	EXP	button_left_2: autoDraw = false
13.245174999989104	EXP	button_right_2: autoDraw = false
13.245174999989104	EXP	trial_label_left_2: autoDraw = false
13.245174999989104	EXP	trial_label_right_2: autoDraw = false
13.245174999989104	EXP	prime_text: text = "matrix"
13.245174999989104	EXP	target: text = "MATRIX"
13.245174999989104	EXP	target: font = "Courier New"
13.245174999989104	EXP	fixation_mask: autoDraw = true
13.245174999989104	EXP	button_left: autoDraw = true
13.245174999989104	EXP	button_right: autoDraw = true
13.245174999989104	EXP	trial_label_right: autoDraw = true
13.245174999989104	EXP	trial_label_left_new: autoDraw = true
13.74548500002129	EXP	fixation_mask: autoDraw = false
13.762319999979809	EXP	prime_text: autoDraw = true
13.784255000005942	EXP	prime_text: autoDraw = false
13.812610000022687	EXP	target: autoDraw = true
13.93092999997316	DATA	Mouse: 0 button down, pos=(565,829)
13.94579500000691	EXP	fixation_mask: autoDraw = false
13.94579500000691	EXP	prime_text: autoDraw = false
13.94579500000691	EXP	target: autoDraw = false
13.94579500000691	EXP	button_left: autoDraw = false
13.94579500000691	EXP	button_right: autoDraw = false
13.94579500000691	EXP	trial_label_right: autoDraw = false
13.94579500000691	EXP	trial_label_left_new: autoDraw = false
13.94579500000691	EXP	feedback_text: color = {"_hex":"#FF0000","_rgb":[1,0,0]}
13.94579500000691	EXP	feedback_text: text = "Incorrect"
13.94579500000691	EXP	feedback_text: autoDraw = true
13.94579500000691	EXP	button_left_2: autoDraw = true
13.94579500000691	EXP	button_right_2: autoDraw = true
13.94579500000691	EXP	trial_label_left_2: autoDraw = true
13.94579500000691	EXP	trial_label_right_2: autoDraw = true
14.03062500001397	DATA	Mouse: 0 button down, pos=(565,829)
14.445974999980535	EXP	feedback_text: autoDraw = false
14.445974999980535	EXP	button_left_2: autoDraw = false
14.445974999980535	EXP	button_right_2: autoDraw = false
14.445974999980535	EXP	trial_label_left_2: autoDraw = false
14.445974999980535	EXP	trial_label_right_2: autoDraw = false
14.445974999980535	EXP	feedback_text: autoDraw = false
14.445974999980535	EXP	button_left_2: autoDraw = false
14.445974999980535	EXP	button_right_2: autoDraw = false
14.445974999980535	EXP	trial_label_left_2: autoDraw = false
14.445974999980535	EXP	trial_label_right_2: autoDraw = false
14.445974999980535	EXP	prime_text: text = "frenzy"
14.445974999980535	EXP	target: text = "OBTAIN"
14.445974999980535	EXP	target: font = "Courier New"
14.445974999980535	EXP	fixation_mask: autoDraw = true
14.445974999980535	EXP	button_left: autoDraw = true
14.445974999980535	EXP	button_right: autoDraw = true
14.445974999980535	EXP	trial_label_right: autoDraw = true
14.445974999980535	EXP	trial_label_left_new: autoDraw = true
14.946609999984503	EXP	fixation_mask: autoDraw = false
14.946609999984503	EXP	prime_text: autoDraw = true
14.952140000008512	EXP	prime_text: autoDraw = false
14.996945000020787	EXP	target: autoDraw = true
16.382284999999683	DATA	Mouse: wheel shift=(-100,0), pos=(565,829)
16.499305000004824	DATA	Mouse: wheel shift=(-100,0), pos=(565,829)
16.965495000011288	EXP	target: autoDraw = false
16.965495000011288	EXP	button_left: autoDraw = false
16.965495000011288	EXP	button_right: autoDraw = false
16.965495000011288	EXP	trial_label_right: autoDraw = false
16.965495000011288	EXP	trial_label_left_new: autoDraw = false
16.965495000011288	EXP	fixation_mask: autoDraw = false
16.965495000011288	EXP	prime_text: autoDraw = false
16.965495000011288	EXP	target: autoDraw = false
16.965495000011288	EXP	button_left: autoDraw = false
16.965495000011288	EXP	button_right: autoDraw = false
16.965495000011288	EXP	trial_label_right: autoDraw = false
16.965495000011288	EXP	trial_label_left_new: autoDraw = false
16.965495000011288	EXP	feedback_text: color = {"_hex":"#000000","_rgb":[0,0,0]}
16.965495000011288	EXP	feedback_text: text = "Too slow!"
16.965495000011288	EXP	feedback_text: autoDraw = true
16.965495000011288	EXP	button_left_2: autoDraw = true
16.965495000011288	EXP	button_right_2: autoDraw = true
16.965495000011288	EXP	trial_label_left_2: autoDraw = true
16.965495000011288	EXP	trial_label_right_2: autoDraw = true
17.465870000014547	EXP	feedback_text: autoDraw = false
17.465870000014547	EXP	button_left_2: autoDraw = false
17.465870000014547	EXP	button_right_2: autoDraw = false
17.465870000014547	EXP	trial_label_left_2: autoDraw = false
17.465870000014547	EXP	trial_label_right_2: autoDraw = false
17.465870000014547	EXP	feedback_text: autoDraw = false
17.465870000014547	EXP	button_left_2: autoDraw = false
17.465870000014547	EXP	button_right_2: autoDraw = false
17.465870000014547	EXP	trial_label_left_2: autoDraw = false
17.465870000014547	EXP	trial_label_right_2: autoDraw = false
17.465870000014547	EXP	prime_text: text = "inlade"
17.465870000014547	EXP	target: text = "INLADE"
17.465870000014547	EXP	target: font = "Courier New"
17.465870000014547	EXP	fixation_mask: autoDraw = true
17.465870000014547	EXP	button_left: autoDraw = true
17.465870000014547	EXP	button_right: autoDraw = true
17.465870000014547	EXP	trial_label_right: autoDraw = true
17.465870000014547	EXP	trial_label_left_new: autoDraw = true
17.96630999998888	EXP	fixation_mask: autoDraw = false
17.98300000000745	EXP	prime_text: autoDraw = true
18.01641500002006	EXP	prime_text: autoDraw = false
18.03304000000935	EXP	target: autoDraw = true
20.018570000014734	EXP	target: autoDraw = false
20.018570000014734	EXP	button_left: autoDraw = false
20.018570000014734	EXP	button_right: autoDraw = false
20.018570000014734	EXP	trial_label_right: autoDraw = false
20.018570000014734	EXP	trial_label_left_new: autoDraw = false
20.018570000014734	EXP	fixation_mask: autoDraw = false
20.018570000014734	EXP	prime_text: autoDraw = false
20.018570000014734	EXP	target: autoDraw = false
20.018570000014734	EXP	button_left: autoDraw = false
20.018570000014734	EXP	button_right: autoDraw = false
20.018570000014734	EXP	trial_label_right: autoDraw = false
20.018570000014734	EXP	trial_label_left_new: autoDraw = false
20.018570000014734	EXP	feedback_text: color = {"_hex":"#000000","_rgb":[0,0,0]}
20.018570000014734	EXP	feedback_text: text = "Too slow!"
20.018570000014734	EXP	feedback_text: autoDraw = true
20.018570000014734	EXP	button_left_2: autoDraw = true
20.018570000014734	EXP	button_right_2: autoDraw = true
20.018570000014734	EXP	trial_label_left_2: autoDraw = true
20.018570000014734	EXP	trial_label_right_2: autoDraw = true
20.518809999979567	EXP	feedback_text: autoDraw = false
20.518809999979567	EXP	button_left_2: autoDraw = false
20.518809999979567	EXP	button_right_2: autoDraw = false
20.518809999979567	EXP	trial_label_left_2: autoDraw = false
20.518809999979567	EXP	trial_label_right_2: autoDraw = false
20.518809999979567	EXP	feedback_text: autoDraw = false
20.518809999979567	EXP	button_left_2: autoDraw = false
20.518809999979567	EXP	button_right_2: autoDraw = false
20.518809999979567	EXP	trial_label_left_2: autoDraw = false
20.518809999979567	EXP	trial_label_right_2: autoDraw = false
20.518809999979567	EXP	prime_text: text = "aslert"
20.518809999979567	EXP	target: text = "ASLERT"
20.518809999979567	EXP	target: font = "Courier New"
20.518809999979567	EXP	fixation_mask: autoDraw = true
20.518809999979567	EXP	button_left: autoDraw = true
20.518809999979567	EXP	button_right: autoDraw = true
20.518809999979567	EXP	trial_label_right: autoDraw = true
20.518809999979567	EXP	trial_label_left_new: autoDraw = true
21.019495000015013	EXP	fixation_mask: autoDraw = false
21.03635499998927	EXP	prime_text: autoDraw = true
21.04254499997478	EXP	prime_text: autoDraw = false
21.069574999972247	EXP	target: autoDraw = true
23.055025000008754	EXP	target: autoDraw = false
23.055025000008754	EXP	button_left: autoDraw = false
23.055025000008754	EXP	button_right: autoDraw = false
23.055025000008754	EXP	trial_label_right: autoDraw = false
23.055025000008754	EXP	trial_label_left_new: autoDraw = false
23.055025000008754	EXP	fixation_mask: autoDraw = false
23.055025000008754	EXP	prime_text: autoDraw = false
23.055025000008754	EXP	target: autoDraw = false
23.055025000008754	EXP	button_left: autoDraw = false
23.055025000008754	EXP	button_right: autoDraw = false
23.055025000008754	EXP	trial_label_right: autoDraw = false
23.055025000008754	EXP	trial_label_left_new: autoDraw = false
23.055025000008754	EXP	feedback_text: color = {"_hex":"#000000","_rgb":[0,0,0]}
23.055025000008754	EXP	feedback_text: text = "Too slow!"
23.055025000008754	EXP	feedback_text: autoDraw = true
23.055025000008754	EXP	button_left_2: autoDraw = true
23.055025000008754	EXP	button_right_2: autoDraw = true
23.055025000008754	EXP	trial_label_left_2: autoDraw = true
23.055025000008754	EXP	trial_label_right_2: autoDraw = true
23.555389999994077	EXP	feedback_text: autoDraw = false
23.555389999994077	EXP	button_left_2: autoDraw = false
23.555389999994077	EXP	button_right_2: autoDraw = false
23.555389999994077	EXP	trial_label_left_2: autoDraw = false
23.555389999994077	EXP	trial_label_right_2: autoDraw = false
23.555389999994077	EXP	feedback_text: autoDraw = false
23.555389999994077	EXP	button_left_2: autoDraw = false
23.555389999994077	EXP	button_right_2: autoDraw = false
23.555389999994077	EXP	trial_label_left_2: autoDraw = false
23.555389999994077	EXP	trial_label_right_2: autoDraw = false
23.555389999994077	EXP	prime_text: text = "winfer"
23.555389999994077	EXP	target: text = "ROUPET"
23.555389999994077	EXP	target: font = "Courier New"
23.555389999994077	EXP	fixation_mask: autoDraw = true
23.555389999994077	EXP	button_left: autoDraw = true
23.555389999994077	EXP	button_right: autoDraw = true
23.555389999994077	EXP	trial_label_right: autoDraw = true
23.555389999994077	EXP	trial_label_left_new: autoDraw = true
24.055865000002086	EXP	fixation_mask: autoDraw = false
24.072724999976344	EXP	prime_text: autoDraw = true
24.08954499999527	EXP	prime_text: autoDraw = false
24.08954499999527	EXP	target: autoDraw = true
26.09343499998795	EXP	target: autoDraw = false
26.09343499998795	EXP	button_left: autoDraw = false
26.09343499998795	EXP	button_right: autoDraw = false
26.09343499998795	EXP	trial_label_right: autoDraw = false
26.09343499998795	EXP	trial_label_left_new: autoDraw = false
26.09343499998795	EXP	fixation_mask: autoDraw = false
26.09343499998795	EXP	prime_text: autoDraw = false
26.09343499998795	EXP	target: autoDraw = false
26.09343499998795	EXP	button_left: autoDraw = false
26.09343499998795	EXP	button_right: autoDraw = false
26.09343499998795	EXP	trial_label_right: autoDraw = false
26.09343499998795	EXP	trial_label_left_new: autoDraw = false
26.09343499998795	EXP	feedback_text: color = {"_hex":"#000000","_rgb":[0,0,0]}
26.09343499998795	EXP	feedback_text: text = "Too slow!"
26.09343499998795	EXP	feedback_text: autoDraw = true
26.09343499998795	EXP	button_left_2: autoDraw = true
26.09343499998795	EXP	button_right_2: autoDraw = true
26.09343499998795	EXP	trial_label_left_2: autoDraw = true
26.09343499998795	EXP	trial_label_right_2: autoDraw = true
26.59175000002142	EXP	feedback_text: autoDraw = false
26.59175000002142	EXP	button_left_2: autoDraw = false
26.59175000002142	EXP	button_right_2: autoDraw = false
26.59175000002142	EXP	trial_label_left_2: autoDraw = false
26.59175000002142	EXP	trial_label_right_2: autoDraw = false
26.59175000002142	EXP	feedback_text: autoDraw = false
26.59175000002142	EXP	button_left_2: autoDraw = false
26.59175000002142	EXP	button_right_2: autoDraw = false
26.59175000002142	EXP	trial_label_left_2: autoDraw = false
26.59175000002142	EXP	trial_label_right_2: autoDraw = false
26.59175000002142	EXP	prime_text: text = "rashet"
26.59175000002142	EXP	target: text = "RASHET"
26.59175000002142	EXP	target: font = "Courier New"
26.59175000002142	EXP	fixation_mask: autoDraw = true
26.59175000002142	EXP	button_left: autoDraw = true
26.59175000002142	EXP	button_right: autoDraw = true
26.59175000002142	EXP	trial_label_right: autoDraw = true
26.59175000002142	EXP	trial_label_left_new: autoDraw = true
27.092469999974128	EXP	fixation_mask: autoDraw = false
27.092469999974128	EXP	prime_text: autoDraw = true
27.142745000019204	EXP	prime_text: autoDraw = false
27.142745000019204	EXP	target: autoDraw = true
29.144934999989346	EXP	target: autoDraw = false
29.144934999989346	EXP	button_left: autoDraw = false
29.144934999989346	EXP	button_right: autoDraw = false
29.144934999989346	EXP	trial_label_right: autoDraw = false
29.144934999989346	EXP	trial_label_left_new: autoDraw = false
29.144934999989346	EXP	fixation_mask: autoDraw = false
29.144934999989346	EXP	prime_text: autoDraw = false
29.144934999989346	EXP	target: autoDraw = false
29.144934999989346	EXP	button_left: autoDraw = false
29.144934999989346	EXP	button_right: autoDraw = false
29.144934999989346	EXP	trial_label_right: autoDraw = false
29.144934999989346	EXP	trial_label_left_new: autoDraw = false
29.144934999989346	EXP	feedback_text: color = {"_hex":"#000000","_rgb":[0,0,0]}
29.144934999989346	EXP	feedback_text: text = "Too slow!"
29.144934999989346	EXP	feedback_text: autoDraw = true
29.144934999989346	EXP	button_left_2: autoDraw = true
29.144934999989346	EXP	button_right_2: autoDraw = true
29.144934999989346	EXP	trial_label_left_2: autoDraw = true
29.144934999989346	EXP	trial_label_right_2: autoDraw = true
29.645674999977928	EXP	feedback_text: autoDraw = false
29.645674999977928	EXP	button_left_2: autoDraw = false
29.645674999977928	EXP	button_right_2: autoDraw = false
29.645674999977928	EXP	trial_label_left_2: autoDraw = false
29.645674999977928	EXP	trial_label_right_2: autoDraw = false
29.645674999977928	EXP	feedback_text: autoDraw = false
29.645674999977928	EXP	button_left_2: autoDraw = false
29.645674999977928	EXP	button_right_2: autoDraw = false
29.645674999977928	EXP	trial_label_left_2: autoDraw = false
29.645674999977928	EXP	trial_label_right_2: autoDraw = false
29.645674999977928	EXP	prime_text: text = "abound"
29.645674999977928	EXP	target: text = "SQUEAK"
29.645674999977928	EXP	target: font = "Courier New"
29.645674999977928	EXP	fixation_mask: autoDraw = true
29.645674999977928	EXP	button_left: autoDraw = true
29.645674999977928	EXP	button_right: autoDraw = true
29.645674999977928	EXP	trial_label_right: autoDraw = true
29.645674999977928	EXP	trial_label_left_new: autoDraw = true
30.145550000015646	EXP	fixation_mask: autoDraw = false
30.162409999989904	EXP	prime_text: autoDraw = true
30.178959999990184	EXP	prime_text: autoDraw = false
30.195784999988973	EXP	target: autoDraw = true
32.18060000002151	EXP	target: autoDraw = false
32.18060000002151	EXP	button_left: autoDraw = false
32.18060000002151	EXP	button_right: autoDraw = false
32.18060000002151	EXP	trial_label_right: autoDraw = false
32.18060000002151	EXP	trial_label_left_new: autoDraw = false
32.18060000002151	EXP	fixation_mask: autoDraw = false
32.18060000002151	EXP	prime_text: autoDraw = false
32.18060000002151	EXP	target: autoDraw = false
32.18060000002151	EXP	button_left: autoDraw = false
32.18060000002151	EXP	button_right: autoDraw = false
32.18060000002151	EXP	trial_label_right: autoDraw = false
32.18060000002151	EXP	trial_label_left_new: autoDraw = false
32.18060000002151	EXP	feedback_text: color = {"_hex":"#000000","_rgb":[0,0,0]}
32.18060000002151	EXP	feedback_text: text = "Too slow!"
32.18060000002151	EXP	feedback_text: autoDraw = true
32.18060000002151	EXP	button_left_2: autoDraw = true
32.18060000002151	EXP	button_right_2: autoDraw = true
32.18060000002151	EXP	trial_label_left_2: autoDraw = true
32.18060000002151	EXP	trial_label_right_2: autoDraw = true
32.68114499998046	EXP	feedback_text: autoDraw = false
32.68114499998046	EXP	button_left_2: autoDraw = false
32.68114499998046	EXP	button_right_2: autoDraw = false
32.68114499998046	EXP	trial_label_left_2: autoDraw = false
32.68114499998046	EXP	trial_label_right_2: autoDraw = false
32.68114499998046	EXP	feedback_text: autoDraw = false
32.68114499998046	EXP	button_left_2: autoDraw = false
32.68114499998046	EXP	button_right_2: autoDraw = false
32.68114499998046	EXP	trial_label_left_2: autoDraw = false
32.68114499998046	EXP	trial_label_right_2: autoDraw = false
32.68114499998046	EXP	prime_text: text = "tropic"
32.68114499998046	EXP	target: text = "ZOMBIE"
32.68114499998046	EXP	target: font = "Courier New"
32.68114499998046	EXP	fixation_mask: autoDraw = true
32.68114499998046	EXP	button_left: autoDraw = true
32.68114499998046	EXP	button_right: autoDraw = true
32.68114499998046	EXP	trial_label_right: autoDraw = true
32.68114499998046	EXP	trial_label_left_new: autoDraw = true
33.16872999997577	EXP	fixation_mask: autoDraw = false
33.198414999991655	EXP	prime_text: autoDraw = true
33.215064999996684	EXP	prime_text: autoDraw = false
33.23177999997279	EXP	target: autoDraw = true
35.21694999997271	EXP	target: autoDraw = false
35.21694999997271	EXP	button_left: autoDraw = false
35.21694999997271	EXP	button_right: autoDraw = false
35.21694999997271	EXP	trial_label_right: autoDraw = false
35.21694999997271	EXP	trial_label_left_new: autoDraw = false
35.21694999997271	EXP	fixation_mask: autoDraw = false
35.21694999997271	EXP	prime_text: autoDraw = false
35.21694999997271	EXP	target: autoDraw = false
35.21694999997271	EXP	button_left: autoDraw = false
35.21694999997271	EXP	button_right: autoDraw = false
35.21694999997271	EXP	trial_label_right: autoDraw = false
35.21694999997271	EXP	trial_label_left_new: autoDraw = false
35.21694999997271	EXP	feedback_text: color = {"_hex":"#000000","_rgb":[0,0,0]}
35.21694999997271	EXP	feedback_text: text = "Too slow!"
35.21694999997271	EXP	feedback_text: autoDraw = true
35.21694999997271	EXP	button_left_2: autoDraw = true
35.21694999997271	EXP	button_right_2: autoDraw = true
35.21694999997271	EXP	trial_label_left_2: autoDraw = true
35.21694999997271	EXP	trial_label_right_2: autoDraw = true
35.71756499999901	EXP	feedback_text: autoDraw = false
35.71756499999901	EXP	button_left_2: autoDraw = false
35.71756499999901	EXP	button_right_2: autoDraw = false
35.71756499999901	EXP	trial_label_left_2: autoDraw = false
35.71756499999901	EXP	trial_label_right_2: autoDraw = false
35.71756499999901	EXP	feedback_text: autoDraw = false
35.71756499999901	EXP	button_left_2: autoDraw = false
35.71756499999901	EXP	button_right_2: autoDraw = false
35.71756499999901	EXP	trial_label_left_2: autoDraw = false
35.71756499999901	EXP	trial_label_right_2: autoDraw = false
35.71756499999901	EXP	prime_text: text = "almond"
35.71756499999901	EXP	target: text = "ALMOND"
35.71756499999901	EXP	target: font = "Courier New"
35.71756499999901	EXP	fixation_mask: autoDraw = true
35.71756499999901	EXP	button_left: autoDraw = true
35.71756499999901	EXP	button_right: autoDraw = true
35.71756499999901	EXP	trial_label_right: autoDraw = true
35.71756499999901	EXP	trial_label_left_new: autoDraw = true
36.20134500000859	EXP	fixation_mask: autoDraw = false
36.21791000000667	EXP	prime_text: autoDraw = true
36.26808999996865	EXP	prime_text: autoDraw = false
36.28483999997843	EXP	target: autoDraw = true
38.272174999990966	EXP	target: autoDraw = false
38.272174999990966	EXP	button_left: autoDraw = false
38.272174999990966	EXP	button_right: autoDraw = false
38.272174999990966	EXP	trial_label_right: autoDraw = false
38.272174999990966	EXP	trial_label_left_new: autoDraw = false
38.272174999990966	EXP	fixation_mask: autoDraw = false
38.272174999990966	EXP	prime_text: autoDraw = false
38.272174999990966	EXP	target: autoDraw = false
38.272174999990966	EXP	button_left: autoDraw = false
38.272174999990966	EXP	button_right: autoDraw = false
38.272174999990966	EXP	trial_label_right: autoDraw = false
38.272174999990966	EXP	trial_label_left_new: autoDraw = false
38.272174999990966	EXP	feedback_text: color = {"_hex":"#000000","_rgb":[0,0,0]}
38.272174999990966	EXP	feedback_text: text = "Too slow!"
38.272174999990966	EXP	feedback_text: autoDraw = true
38.272174999990966	EXP	button_left_2: autoDraw = true
38.272174999990966	EXP	button_right_2: autoDraw = true
38.272174999990966	EXP	trial_label_left_2: autoDraw = true
38.272174999990966	EXP	trial_label_right_2: autoDraw = true
38.77091999998083	EXP	feedback_text: autoDraw = false
38.77091999998083	EXP	button_left_2: autoDraw = false
38.77091999998083	EXP	button_right_2: autoDraw = false
38.77091999998083	EXP	trial_label_left_2: autoDraw = false
38.77091999998083	EXP	trial_label_right_2: autoDraw = false
38.77091999998083	EXP	feedback_text: autoDraw = false
38.77091999998083	EXP	button_left_2: autoDraw = false
38.77091999998083	EXP	button_right_2: autoDraw = false
38.77091999998083	EXP	trial_label_left_2: autoDraw = false
38.77091999998083	EXP	trial_label_right_2: autoDraw = false
38.77091999998083	EXP	prime_text: text = "adjust"
38.77091999998083	EXP	target: text = "ADJUST"
38.77091999998083	EXP	target: font = "Courier New"
38.77091999998083	EXP	fixation_mask: autoDraw = true
38.77091999998083	EXP	button_left: autoDraw = true
38.77091999998083	EXP	button_right: autoDraw = true
38.77091999998083	EXP	trial_label_right: autoDraw = true
38.77091999998083	EXP	trial_label_left_new: autoDraw = true
39.260089999996126	EXP	fixation_mask: autoDraw = false
39.28794499998912	EXP	prime_text: autoDraw = true
39.30430499999784	EXP	prime_text: autoDraw = false
39.321315000008326	EXP	target: autoDraw = true
41.30653000000166	EXP	target: autoDraw = false
41.30653000000166	EXP	button_left: autoDraw = false
41.30653000000166	EXP	button_right: autoDraw = false
41.30653000000166	EXP	trial_label_right: autoDraw = false
41.30653000000166	EXP	trial_label_left_new: autoDraw = false
41.30653000000166	EXP	fixation_mask: autoDraw = false
41.30653000000166	EXP	prime_text: autoDraw = false
41.30653000000166	EXP	target: autoDraw = false
41.30653000000166	EXP	button_left: autoDraw = false
41.30653000000166	EXP	button_right: autoDraw = false
41.30653000000166	EXP	trial_label_right: autoDraw = false
41.30653000000166	EXP	trial_label_left_new: autoDraw = false
41.30653000000166	EXP	feedback_text: color = {"_hex":"#000000","_rgb":[0,0,0]}
41.30653000000166	EXP	feedback_text: text = "Too slow!"
41.30653000000166	EXP	feedback_text: autoDraw = true
41.30653000000166	EXP	button_left_2: autoDraw = true
41.30653000000166	EXP	button_right_2: autoDraw = true
41.30653000000166	EXP	trial_label_left_2: autoDraw = true
41.30653000000166	EXP	trial_label_right_2: autoDraw = true
41.83555499999784	EXP	feedback_text: autoDraw = false
41.83555499999784	EXP	button_left_2: autoDraw = false
41.83555499999784	EXP	button_right_2: autoDraw = false
41.83555499999784	EXP	trial_label_left_2: autoDraw = false
41.83555499999784	EXP	trial_label_right_2: autoDraw = false
41.83555499999784	EXP	feedback_text: autoDraw = false
41.83555499999784	EXP	button_left_2: autoDraw = false
41.83555499999784	EXP	button_right_2: autoDraw = false
41.83555499999784	EXP	trial_label_left_2: autoDraw = false
41.83555499999784	EXP	trial_label_right_2: autoDraw = false
41.83555499999784	EXP	instructions: text = "You have completed the practice trials. During the experimental trials, you will not receive feedback, but it is very important that you respond as quickly and accurately as possible. \r\nBefore you begin, please ensure that you are in a comfortable and quiet location and will not be disturbed for about 25 minutes, as we cannot use your data if you do not complete all the trials. \r\nThere will be opportunities to take breaks at regular intervals during the experiment. When you are ready to start the experimental trials, please press space or touch the button below."
41.83555499999784	EXP	instructions_image: image = undefined
41.83555499999784	EXP	instructions: autoDraw = true
41.83555499999784	EXP	instr_done_button: autoDraw = true
41.83555499999784	EXP	instr_done_label: autoDraw = true
43.26040500000818	DATA	Mouse: wheel shift=(100,0), pos=(589,854)
45.71290500002215	DATA	Mouse: 0 button down, pos=(861,958)
45.803699999989476	EXP	instructions: autoDraw = false
45.803699999989476	EXP	instr_done_button: autoDraw = false
45.803699999989476	EXP	instr_done_label: autoDraw = false
45.803699999989476	EXP	instructions_image: autoDraw = false
45.803699999989476	EXP	prime_text: text = "shaple"
45.803699999989476	EXP	target: text = "SHAPLE"
45.803699999989476	EXP	target: font = "Courier New"
45.803699999989476	EXP	fixation_mask: autoDraw = true
45.803699999989476	EXP	button_left: autoDraw = true
45.803699999989476	EXP	button_right: autoDraw = true
45.803699999989476	EXP	trial_label_right: autoDraw = true
45.803699999989476	EXP	trial_label_left_new: autoDraw = true
45.9911200000206	DATA	Mouse: 0 button down, pos=(861,958)
46.298004999989644	EXP	fixation_mask: autoDraw = false
46.31531500001438	EXP	prime_text: autoDraw = true
46.34787499997765	EXP	prime_text: autoDraw = false
46.36748499999521	EXP	target: autoDraw = true
46.63490499998443	DATA	Mouse: 0 button down, pos=(677,901)
46.65574499999639	EXP	fixation_mask: autoDraw = false
46.65574499999639	EXP	prime_text: autoDraw = false
46.65574499999639	EXP	target: autoDraw = false
46.65574499999639	EXP	button_left: autoDraw = false
46.65574499999639	EXP	button_right: autoDraw = false
46.65574499999639	EXP	trial_label_right: autoDraw = false
46.65574499999639	EXP	trial_label_left_new: autoDraw = false
46.65574499999639	EXP	feedback_text: color = {"_hex":"#000000","_rgb":[0,0,0]}
46.65574499999639	EXP	feedback_text: text = "Too slow!"
46.65574499999639	EXP	feedback_text: autoDraw = true
46.65574499999639	EXP	feedback_text: autoDraw = false
46.65574499999639	EXP	button_left_2: autoDraw = true
46.65574499999639	EXP	button_left_2: autoDraw = false
46.65574499999639	EXP	button_right_2: autoDraw = true
46.65574499999639	EXP	button_right_2: autoDraw = false
46.65574499999639	EXP	trial_label_left_2: autoDraw = true
46.65574499999639	EXP	trial_label_left_2: autoDraw = false
46.65574499999639	EXP	trial_label_right_2: autoDraw = true
46.65574499999639	EXP	trial_label_right_2: autoDraw = false
46.65574499999639	EXP	feedback_text: autoDraw = false
46.65574499999639	EXP	button_left_2: autoDraw = false
46.65574499999639	EXP	button_right_2: autoDraw = false
46.65574499999639	EXP	trial_label_left_2: autoDraw = false
46.65574499999639	EXP	trial_label_right_2: autoDraw = false
46.65574499999639	EXP	break_text: text = "BREAK\n\nYou have now completed 0% of the experiment. Please take a short break.\nWhen you are done, please press the space bar or touch the \"Continue\" button below to continue the experiment."
46.65574499999639	EXP	break_text: autoDraw = true
46.65574499999639	EXP	break_done_button: autoDraw = true
46.65574499999639	EXP	break_done_button_label: autoDraw = true
46.65574499999639	EXP	break_text: autoDraw = false
46.65574499999639	EXP	break_done_button: autoDraw = false
46.65574499999639	EXP	break_done_button_label: autoDraw = false
46.65574499999639	EXP	prime_text: text = "voyage"
46.65574499999639	EXP	target: text = "VOYAGE"
46.65574499999639	EXP	target: font = "Courier New"
46.65574499999639	EXP	fixation_mask: autoDraw = true
46.65574499999639	EXP	button_left: autoDraw = true
46.65574499999639	EXP	button_right: autoDraw = true
46.65574499999639	EXP	trial_label_right: autoDraw = true
46.65574499999639	EXP	trial_label_left_new: autoDraw = true
46.70019499998307	DATA	Mouse: 0 button down, pos=(676,901)
47.03857999999309	DATA	Mouse: 0 button down, pos=(1328,934)
47.10522999998648	DATA	Mouse: 0 button down, pos=(1321,933)
47.146435000002384	EXP	fixation_mask: autoDraw = false
47.16678500000853	EXP	prime_text: autoDraw = true
47.180309999966994	EXP	prime_text: autoDraw = false
47.197749999992084	EXP	target: autoDraw = true
47.89075999998022	DATA	Keydown: Escape
