0.10500000000000004	EXP	Created Window = Window( name=Window, fullscr=true, color=#ffffff, units=height, waitBlanking=true, autoLog=true, size=[1924,1008] )
2.1180000000000003	EXP	Created instructions = TextStim( name=instructions, win=Window( name=Window, fullscr=true, color=#ffffff, ~), autoDraw=null, autoLog=true, units=height, ori=null, opacity=1, pos=[0,0], size=undefined, text=default text, font=Courier New, color=#000000, contrast=1, height=0.035, bold=null, italic=null, alignHoriz=left, alignVert=center, wrapWidth=1, flipHoriz=null, flipVert=null )
2.12	EXP	Created instr_done_button = Rect( name=instr_done_button, win=Window( name=Window, fullscr=true, color=#ffffff, ~), autoDraw=null, autoLog=true, units=height, ori=null, opacity=1, pos=[0,-0.4], size=[1,1], lineWidth=1, lineColor=#000000, fillColor=#FFFFFF, vertices=[[-0.2,-0.05],[0.2,-0.05],[0.2,0.05],[-0.2,0.05]], closeShape=true, contrast=1, depth=-2, interpolate=true, width=0.4, height=0.1 )
2.1210000000000004	EXP	Created instr_done_label = TextStim( name=instr_done_label, win=Window( name=Window, fullscr=true, color=#ffffff, ~), autoDraw=null, autoLog=true, units=height, ori=null, opacity=1, pos=[0,-0.4], size=undefined, text=Continue, font=Courier New, color=#000000, contrast=1, height=0.05, bold=null, italic=null, alignHoriz=left, alignVert=center, wrapWidth=1, flipHoriz=null, flipVert=null )
2.1239999999999997	EXP	Created instructions_image = ImageStim( name=instructions_image, win=Window( name=Window, fullscr=true, color=#ffffff, ~), autoDraw=null, autoLog=true, units=height, ori=null, opacity=1, pos=[0,0], size=[0.4,0.3], image=undefined, mask=undefined, color=#ffffff, contrast=1, texRes=128, interpolate=true, depth=-6, flipHoriz=null, flipVert=null )
2.125	EXP	Created fixation_mask = TextStim( name=fixation_mask, win=Window( name=Window, fullscr=true, color=#ffffff, ~), autoDraw=null, autoLog=true, units=height, ori=null, opacity=1, pos=[0,0], size=undefined, text=######, font=Courier New, color=#000000, contrast=1, height=0.1, bold=null, italic=null, alignHoriz=left, alignVert=center, wrapWidth=1, flipHoriz=null, flipVert=null )
2.125	EXP	Created prime_text = TextStim( name=prime_text, win=Window( name=Window, fullscr=true, color=#ffffff, ~), autoDraw=null, autoLog=true, units=height, ori=null, opacity=1, pos=[0,0], size=undefined, text=default text, font=Courier New, color=#000000, contrast=1, height=0.1, bold=null, italic=null, alignHoriz=left, alignVert=center, wrapWidth=1, flipHoriz=null, flipVert=null )
2.1260000000000003	EXP	Created target = TextStim( name=target, win=Window( name=Window, fullscr=true, color=#ffffff, ~), autoDraw=null, autoLog=true, units=height, ori=null, opacity=1, pos=[0,0], size=undefined, text=default text, font=Arial, color=#000000, contrast=1, height=0.1, bold=null, italic=null, alignHoriz=left, alignVert=center, wrapWidth=1, flipHoriz=null, flipVert=null )
2.128	EXP	Created button_left = Rect( name=button_left, win=Window( name=Window, fullscr=true, color=#ffffff, ~), autoDraw=null, autoLog=true, units=height, ori=null, opacity=1, pos=[-0.4,-0.3], size=[1,1], lineWidth=1, lineColor=#000000, fillColor=#FFFFFF, vertices=[[-0.2,-0.1],[0.2,-0.1],[0.2,0.1],[-0.2,0.1]], closeShape=true, contrast=1, depth=-5, interpolate=true, width=0.4, height=0.2 )
2.1290000000000004	EXP	Created button_right = Rect( name=button_right, win=Window( name=Window, fullscr=true, color=#ffffff, ~), autoDraw=null, autoLog=true, units=height, ori=null, opacity=1, pos=[0.4,-0.3], size=[1,1], lineWidth=1, lineColor=#000000, fillColor=#FFFFFF, vertices=[[-0.2,-0.1],[0.2,-0.1],[0.2,0.1],[-0.2,0.1]], closeShape=true, contrast=1, depth=-6, interpolate=true, width=0.4, height=0.2 )
2.1310000000000002	EXP	Created trial_label_right = TextStim( name=trial_label_right, win=Window( name=Window, fullscr=true, color=#ffffff, ~), autoDraw=null, autoLog=true, units=height, ori=null, opacity=1, pos=[0.4,-0.3], size=undefined, text=M = Word, font=Courier New, color=#000000, contrast=1, height=0.05, bold=null, italic=null, alignHoriz=left, alignVert=center, wrapWidth=1, flipHoriz=null, flipVert=null )
2.1319999999999997	EXP	Created trial_label_left_new = TextStim( name=trial_label_left_new, win=Window( name=Window, fullscr=true, color=#ffffff, ~), autoDraw=null, autoLog=true, units=height, ori=null, opacity=1, pos=[-0.4,-0.3], size=undefined, text=Z = Nonword, font=Courier New, color=#000000, contrast=1, height=0.05, bold=null, italic=null, alignHoriz=left, alignVert=center, wrapWidth=1, flipHoriz=null, flipVert=null )
2.1319999999999997	EXP	Created feedback_text = TextStim( name=feedback_text, win=Window( name=Window, fullscr=true, color=#ffffff, ~), autoDraw=null, autoLog=true, units=height, ori=null, opacity=1, pos=[0,0], size=undefined, text=default text, font=Courier New, color=#FFFFFF, contrast=1, height=0.05, bold=null, italic=null, alignHoriz=left, alignVert=center, wrapWidth=1, flipHoriz=null, flipVert=null )
2.1340000000000003	EXP	Created button_left_2 = Rect( name=button_left_2, win=Window( name=Window, fullscr=true, color=#ffffff, ~), autoDraw=null, autoLog=true, units=height, ori=null, opacity=1, pos=[-0.4,-0.3], size=[1,1], lineWidth=1, lineColor=#000000, fillColor=#FFFFFF, vertices=[[-0.2,-0.1],[0.2,-0.1],[0.2,0.1],[-0.2,0.1]], closeShape=true, contrast=1, depth=-2, interpolate=true, width=0.4, height=0.2 )
2.1370000000000005	EXP	Created button_right_2 = Rect( name=button_right_2, win=Window( name=Window, fullscr=true, color=#ffffff, ~), autoDraw=null, autoLog=true, units=height, ori=null, opacity=1, pos=[0.4,-0.3], size=[1,1], lineWidth=1, lineColor=#000000, fillColor=#FFFFFF, vertices=[[-0.2,-0.1],[0.2,-0.1],[0.2,0.1],[-0.2,0.1]], closeShape=true, contrast=1, depth=-3, interpolate=true, width=0.4, height=0.2 )
2.138	EXP	Created trial_label_left_2 = TextStim( name=trial_label_left_2, win=Window( name=Window, fullscr=true, color=#ffffff, ~), autoDraw=null, autoLog=true, units=height, ori=null, opacity=1, pos=[-0.4,-0.3], size=undefined, text=Z = Nonword, font=Courier New, color=#000000, contrast=1, height=0.05, bold=null, italic=null, alignHoriz=left, alignVert=center, wrapWidth=1, flipHoriz=null, flipVert=null )
2.1390000000000002	EXP	Created trial_label_right_2 = TextStim( name=trial_label_right_2, win=Window( name=Window, fullscr=true, color=#ffffff, ~), autoDraw=null, autoLog=true, units=height, ori=null, opacity=1, pos=[0.4,-0.3], size=undefined, text=M = Word, font=Courier New, color=#000000, contrast=1, height=0.05, bold=null, italic=null, alignHoriz=left, alignVert=center, wrapWidth=1, flipHoriz=null, flipVert=null )
2.1390000000000002	EXP	Created instructions = TextStim( name=instructions, win=Window( name=Window, fullscr=true, color=#ffffff, ~), autoDraw=null, autoLog=true, units=height, ori=null, opacity=1, pos=[0,0], size=undefined, text=default text, font=Courier New, color=#000000, contrast=1, height=0.035, bold=null, italic=null, alignHoriz=left, alignVert=center, wrapWidth=1, flipHoriz=null, flipVert=null )
2.1420000000000003	EXP	Created instr_done_button = Rect( name=instr_done_button, win=Window( name=Window, fullscr=true, color=#ffffff, ~), autoDraw=null, autoLog=true, units=height, ori=null, opacity=1, pos=[0,-0.4], size=[1,1], lineWidth=1, lineColor=#000000, fillColor=#FFFFFF, vertices=[[-0.2,-0.05],[0.2,-0.05],[0.2,0.05],[-0.2,0.05]], closeShape=true, contrast=1, depth=-2, interpolate=true, width=0.4, height=0.1 )
2.1420000000000003	EXP	Created instr_done_label = TextStim( name=instr_done_label, win=Window( name=Window, fullscr=true, color=#ffffff, ~), autoDraw=null, autoLog=true, units=height, ori=null, opacity=1, pos=[0,-0.4], size=undefined, text=Continue, font=Courier New, color=#000000, contrast=1, height=0.05, bold=null, italic=null, alignHoriz=left, alignVert=center, wrapWidth=1, flipHoriz=null, flipVert=null )
2.144	EXP	Created instructions_image = ImageStim( name=instructions_image, win=Window( name=Window, fullscr=true, color=#ffffff, ~), autoDraw=null, autoLog=true, units=height, ori=null, opacity=1, pos=[0,0], size=[0.4,0.3], image=undefined, mask=undefined, color=#ffffff, contrast=1, texRes=128, interpolate=true, depth=-6, flipHoriz=null, flipVert=null )
2.146	EXP	Created fixation_mask = TextStim( name=fixation_mask, win=Window( name=Window, fullscr=true, color=#ffffff, ~), autoDraw=null, autoLog=true, units=height, ori=null, opacity=1, pos=[0,0], size=undefined, text=######, font=Courier New, color=#000000, contrast=1, height=0.1, bold=null, italic=null, alignHoriz=left, alignVert=center, wrapWidth=1, flipHoriz=null, flipVert=null )
2.146	EXP	Created prime_text = TextStim( name=prime_text, win=Window( name=Window, fullscr=true, color=#ffffff, ~), autoDraw=null, autoLog=true, units=height, ori=null, opacity=1, pos=[0,0], size=undefined, text=default text, font=Courier New, color=#000000, contrast=1, height=0.1, bold=null, italic=null, alignHoriz=left, alignVert=center, wrapWidth=1, flipHoriz=null, flipVert=null )
2.146	EXP	Created target = TextStim( name=target, win=Window( name=Window, fullscr=true, color=#ffffff, ~), autoDraw=null, autoLog=true, units=height, ori=null, opacity=1, pos=[0,0], size=undefined, text=default text, font=Arial, color=#000000, contrast=1, height=0.1, bold=null, italic=null, alignHoriz=left, alignVert=center, wrapWidth=1, flipHoriz=null, flipVert=null )
2.1479999999999997	EXP	Created button_left = Rect( name=button_left, win=Window( name=Window, fullscr=true, color=#ffffff, ~), autoDraw=null, autoLog=true, units=height, ori=null, opacity=1, pos=[-0.4,-0.3], size=[1,1], lineWidth=1, lineColor=#000000, fillColor=#FFFFFF, vertices=[[-0.2,-0.1],[0.2,-0.1],[0.2,0.1],[-0.2,0.1]], closeShape=true, contrast=1, depth=-5, interpolate=true, width=0.4, height=0.2 )
2.151	EXP	Created button_right = Rect( name=button_right, win=Window( name=Window, fullscr=true, color=#ffffff, ~), autoDraw=null, autoLog=true, units=height, ori=null, opacity=1, pos=[0.4,-0.3], size=[1,1], lineWidth=1, lineColor=#000000, fillColor=#FFFFFF, vertices=[[-0.2,-0.1],[0.2,-0.1],[0.2,0.1],[-0.2,0.1]], closeShape=true, contrast=1, depth=-6, interpolate=true, width=0.4, height=0.2 )
2.151	EXP	Created trial_label_right = TextStim( name=trial_label_right, win=Window( name=Window, fullscr=true, color=#ffffff, ~), autoDraw=null, autoLog=true, units=height, ori=null, opacity=1, pos=[0.4,-0.3], size=undefined, text=M = Word, font=Courier New, color=#000000, contrast=1, height=0.05, bold=null, italic=null, alignHoriz=left, alignVert=center, wrapWidth=1, flipHoriz=null, flipVert=null )
2.152	EXP	Created trial_label_left_new = TextStim( name=trial_label_left_new, win=Window( name=Window, fullscr=true, color=#ffffff, ~), autoDraw=null, autoLog=true, units=height, ori=null, opacity=1, pos=[-0.4,-0.3], size=undefined, text=Z = Nonword, font=Courier New, color=#000000, contrast=1, height=0.05, bold=null, italic=null, alignHoriz=left, alignVert=center, wrapWidth=1, flipHoriz=null, flipVert=null )
2.152	EXP	Created feedback_text = TextStim( name=feedback_text, win=Window( name=Window, fullscr=true, color=#ffffff, ~), autoDraw=null, autoLog=true, units=height, ori=null, opacity=1, pos=[0,0], size=undefined, text=default text, font=Courier New, color=#FFFFFF, contrast=1, height=0.05, bold=null, italic=null, alignHoriz=left, alignVert=center, wrapWidth=1, flipHoriz=null, flipVert=null )
2.154	EXP	Created button_left_2 = Rect( name=button_left_2, win=Window( name=Window, fullscr=true, color=#ffffff, ~), autoDraw=null, autoLog=true, units=height, ori=null, opacity=1, pos=[-0.4,-0.3], size=[1,1], lineWidth=1, lineColor=#000000, fillColor=#FFFFFF, vertices=[[-0.2,-0.1],[0.2,-0.1],[0.2,0.1],[-0.2,0.1]], closeShape=true, contrast=1, depth=-2, interpolate=true, width=0.4, height=0.2 )
2.1550000000000002	EXP	Created button_right_2 = Rect( name=button_right_2, win=Window( name=Window, fullscr=true, color=#ffffff, ~), autoDraw=null, autoLog=true, units=height, ori=null, opacity=1, pos=[0.4,-0.3], size=[1,1], lineWidth=1, lineColor=#000000, fillColor=#FFFFFF, vertices=[[-0.2,-0.1],[0.2,-0.1],[0.2,0.1],[-0.2,0.1]], closeShape=true, contrast=1, depth=-3, interpolate=true, width=0.4, height=0.2 )
2.1559999999999997	EXP	Created trial_label_left_2 = TextStim( name=trial_label_left_2, win=Window( name=Window, fullscr=true, color=#ffffff, ~), autoDraw=null, autoLog=true, units=height, ori=null, opacity=1, pos=[-0.4,-0.3], size=undefined, text=Z = Nonword, font=Courier New, color=#000000, contrast=1, height=0.05, bold=null, italic=null, alignHoriz=left, alignVert=center, wrapWidth=1, flipHoriz=null, flipVert=null )
2.157	EXP	Created trial_label_right_2 = TextStim( name=trial_label_right_2, win=Window( name=Window, fullscr=true, color=#ffffff, ~), autoDraw=null, autoLog=true, units=height, ori=null, opacity=1, pos=[0.4,-0.3], size=undefined, text=M = Word, font=Courier New, color=#000000, contrast=1, height=0.05, bold=null, italic=null, alignHoriz=left, alignVert=center, wrapWidth=1, flipHoriz=null, flipVert=null )
2.157	EXP	Created break_text = TextStim( name=break_text, win=Window( name=Window, fullscr=true, color=#ffffff, ~), autoDraw=null, autoLog=true, units=height, ori=null, opacity=1, pos=[0,0], size=undefined, text=default text, font=Courier New, color=#000000, contrast=1, height=0.05, bold=null, italic=null, alignHoriz=left, alignVert=center, wrapWidth=1, flipHoriz=null, flipVert=null )
2.1580000000000004	EXP	Created break_done_button = Rect( name=break_done_button, win=Window( name=Window, fullscr=true, color=#ffffff, ~), autoDraw=null, autoLog=true, units=height, ori=null, opacity=1, pos=[0,-0.4], size=[1,1], lineWidth=1, lineColor=#000000, fillColor=#FFFFFF, vertices=[[-0.2,-0.05],[0.2,-0.05],[0.2,0.05],[-0.2,0.05]], closeShape=true, contrast=1, depth=-4, interpolate=true, width=0.4, height=0.1 )
2.159	EXP	Created break_done_button_label = TextStim( name=break_done_button_label, win=Window( name=Window, fullscr=true, color=#ffffff, ~), autoDraw=null, autoLog=true, units=height, ori=null, opacity=1, pos=[0,-0.4], size=undefined, text=Continue, font=Courier New, color=#000000, contrast=1, height=0.05, bold=null, italic=null, alignHoriz=left, alignVert=center, wrapWidth=1, flipHoriz=null, flipVert=null )
2.16	EXP	Created thank_you = TextStim( name=thank_you, win=Window( name=Window, fullscr=true, color=#ffffff, ~), autoDraw=null, autoLog=true, units=height, ori=null, opacity=1, pos=[0,0], size=undefined, text=This is the end of the experiment.

Please do NOT ~, font=Courier New, color=#000000, contrast=1, height=1, bold=null, italic=null, alignHoriz=left, alignVert=center, wrapWidth=1, flipHoriz=null, flipVert=null )
2.215	EXP	instructions: units = "height"
2.215	EXP	instructions: ori = 0
2.215	EXP	instructions: opacity = 1
2.215	EXP	instructions: pos = [0,0]
2.215	EXP	instructions: size = undefined
2.215	EXP	instructions: text = "default text"
2.215	EXP	instructions: font = "Courier New"
2.215	EXP	instructions: color = {"_hex":"#000000","_rgb":[0,0,0]}
2.215	EXP	instructions: contrast = 1
2.215	EXP	instructions: height = 0.035
2.215	EXP	instructions: bold = false
2.215	EXP	instructions: italic = false
2.215	EXP	instructions: alignHoriz = "left"
2.215	EXP	instructions: alignVert = "center"
2.215	EXP	instructions: wrapWidth = 1
2.215	EXP	instructions: flipHoriz = false
2.215	EXP	instructions: flipVert = false
2.215	EXP	instr_done_button: units = "height"
2.215	EXP	instr_done_button: ori = 0
2.215	EXP	instr_done_button: opacity = 1
2.215	EXP	instr_done_button: pos = [0,-0.4]
2.215	EXP	instr_done_button: size = [1,1]
2.215	EXP	instr_done_button: lineWidth = 1
2.215	EXP	instr_done_button: lineColor = {"_hex":"#000000","_rgb":[0,0,0]}
2.215	EXP	instr_done_button: fillColor = {"_hex":"#FFFFFF","_rgb":[1,1,1]}
2.215	EXP	instr_done_button: vertices = [[-0.5,0],[0,0.5],[0.5,0]]
2.215	EXP	instr_done_button: closeShape = true
2.215	EXP	instr_done_button: contrast = 1
2.215	EXP	instr_done_button: depth = -2
2.215	EXP	instr_done_button: interpolate = true
2.215	EXP	instr_done_button: width = 0.4
2.215	EXP	instr_done_button: vertices = [[-0.2,null],[0.2,null],[0.2,null],[-0.2,null]]
2.215	EXP	instr_done_button: height = 0.1
2.215	EXP	instr_done_button: vertices = [[-0.2,-0.05],[0.2,-0.05],[0.2,0.05],[-0.2,0.05]]
2.215	EXP	instr_done_button: vertices = [[-0.2,-0.05],[0.2,-0.05],[0.2,0.05],[-0.2,0.05]]
2.215	EXP	instr_done_label: units = "height"
2.215	EXP	instr_done_label: ori = 0
2.215	EXP	instr_done_label: opacity = 1
2.215	EXP	instr_done_label: pos = [0,-0.4]
2.215	EXP	instr_done_label: size = undefined
2.215	EXP	instr_done_label: text = "Continue"
2.215	EXP	instr_done_label: font = "Courier New"
2.215	EXP	instr_done_label: color = {"_hex":"#000000","_rgb":[0,0,0]}
2.215	EXP	instr_done_label: contrast = 1
2.215	EXP	instr_done_label: height = 0.05
2.215	EXP	instr_done_label: bold = false
2.215	EXP	instr_done_label: italic = false
2.215	EXP	instr_done_label: alignHoriz = "left"
2.215	EXP	instr_done_label: alignVert = "center"
2.215	EXP	instr_done_label: wrapWidth = 1
2.215	EXP	instr_done_label: flipHoriz = false
2.215	EXP	instr_done_label: flipVert = false
2.215	EXP	instructions_image: units = "height"
2.215	EXP	instructions_image: ori = 0
2.215	EXP	instructions_image: opacity = 1
2.215	EXP	instructions_image: pos = [0,0]
2.215	EXP	instructions_image: size = [0.4,0.3]
2.215	EXP	instructions_image: image = undefined
2.215	EXP	instructions_image: mask = undefined
2.215	EXP	instructions_image: color = {"_rgb":[1,1,1]}
2.215	EXP	instructions_image: contrast = 1
2.215	EXP	instructions_image: texRes = 128
2.215	EXP	instructions_image: interpolate = true
2.215	EXP	instructions_image: depth = -6
2.215	EXP	instructions_image: flipHoriz = false
2.215	EXP	instructions_image: flipVert = false
2.215	EXP	fixation_mask: units = "height"
2.215	EXP	fixation_mask: ori = 0
2.215	EXP	fixation_mask: opacity = 1
2.215	EXP	fixation_mask: pos = [0,0]
2.215	EXP	fixation_mask: size = undefined
2.215	EXP	fixation_mask: text = "######"
2.215	EXP	fixation_mask: font = "Courier New"
2.215	EXP	fixation_mask: color = {"_hex":"#000000","_rgb":[0,0,0]}
2.215	EXP	fixation_mask: contrast = 1
2.215	EXP	fixation_mask: height = 0.1
2.215	EXP	fixation_mask: bold = false
2.215	EXP	fixation_mask: italic = false
2.215	EXP	fixation_mask: alignHoriz = "left"
2.215	EXP	fixation_mask: alignVert = "center"
2.215	EXP	fixation_mask: wrapWidth = 1
2.215	EXP	fixation_mask: flipHoriz = false
2.215	EXP	fixation_mask: flipVert = false
2.215	EXP	prime_text: units = "height"
2.215	EXP	prime_text: ori = 0
2.215	EXP	prime_text: opacity = 1
2.215	EXP	prime_text: pos = [0,0]
2.215	EXP	prime_text: size = undefined
2.215	EXP	prime_text: text = "default text"
2.215	EXP	prime_text: font = "Courier New"
2.215	EXP	prime_text: color = {"_hex":"#000000","_rgb":[0,0,0]}
2.215	EXP	prime_text: contrast = 1
2.215	EXP	prime_text: height = 0.1
2.215	EXP	prime_text: bold = false
2.215	EXP	prime_text: italic = false
2.215	EXP	prime_text: alignHoriz = "left"
2.215	EXP	prime_text: alignVert = "center"
2.215	EXP	prime_text: wrapWidth = 1
2.215	EXP	prime_text: flipHoriz = false
2.215	EXP	prime_text: flipVert = false
2.215	EXP	target: units = "height"
2.215	EXP	target: ori = 0
2.215	EXP	target: opacity = 1
2.215	EXP	target: pos = [0,0]
2.215	EXP	target: size = undefined
2.215	EXP	target: text = "default text"
2.215	EXP	target: font = "Arial"
2.215	EXP	target: color = {"_hex":"#000000","_rgb":[0,0,0]}
2.215	EXP	target: contrast = 1
2.215	EXP	target: height = 0.1
2.215	EXP	target: bold = false
2.215	EXP	target: italic = false
2.215	EXP	target: alignHoriz = "left"
2.215	EXP	target: alignVert = "center"
2.215	EXP	target: wrapWidth = 1
2.215	EXP	target: flipHoriz = false
2.215	EXP	target: flipVert = false
2.215	EXP	button_left: units = "height"
2.215	EXP	button_left: ori = 0
2.215	EXP	button_left: opacity = 1
2.215	EXP	button_left: pos = [-0.4,-0.3]
2.215	EXP	button_left: size = [1,1]
2.215	EXP	button_left: lineWidth = 1
2.215	EXP	button_left: lineColor = {"_hex":"#000000","_rgb":[0,0,0]}
2.215	EXP	button_left: fillColor = {"_hex":"#FFFFFF","_rgb":[1,1,1]}
2.215	EXP	button_left: vertices = [[-0.5,0],[0,0.5],[0.5,0]]
2.215	EXP	button_left: closeShape = true
2.215	EXP	button_left: contrast = 1
2.215	EXP	button_left: depth = -5
2.215	EXP	button_left: interpolate = true
2.215	EXP	button_left: width = 0.4
2.215	EXP	button_left: vertices = [[-0.2,null],[0.2,null],[0.2,null],[-0.2,null]]
2.215	EXP	button_left: height = 0.2
2.215	EXP	button_left: vertices = [[-0.2,-0.1],[0.2,-0.1],[0.2,0.1],[-0.2,0.1]]
2.215	EXP	button_left: vertices = [[-0.2,-0.1],[0.2,-0.1],[0.2,0.1],[-0.2,0.1]]
2.215	EXP	button_right: units = "height"
2.215	EXP	button_right: ori = 0
2.215	EXP	button_right: opacity = 1
2.215	EXP	button_right: pos = [0.4,-0.3]
2.215	EXP	button_right: size = [1,1]
2.215	EXP	button_right: lineWidth = 1
2.215	EXP	button_right: lineColor = {"_hex":"#000000","_rgb":[0,0,0]}
2.215	EXP	button_right: fillColor = {"_hex":"#FFFFFF","_rgb":[1,1,1]}
2.215	EXP	button_right: vertices = [[-0.5,0],[0,0.5],[0.5,0]]
2.215	EXP	button_right: closeShape = true
2.215	EXP	button_right: contrast = 1
2.215	EXP	button_right: depth = -6
2.215	EXP	button_right: interpolate = true
2.215	EXP	button_right: width = 0.4
2.215	EXP	button_right: vertices = [[-0.2,null],[0.2,null],[0.2,null],[-0.2,null]]
2.215	EXP	button_right: height = 0.2
2.215	EXP	button_right: vertices = [[-0.2,-0.1],[0.2,-0.1],[0.2,0.1],[-0.2,0.1]]
2.215	EXP	button_right: vertices = [[-0.2,-0.1],[0.2,-0.1],[0.2,0.1],[-0.2,0.1]]
2.215	EXP	trial_label_right: units = "height"
2.215	EXP	trial_label_right: ori = 0
2.215	EXP	trial_label_right: opacity = 1
2.215	EXP	trial_label_right: pos = [0.4,-0.3]
2.215	EXP	trial_label_right: size = undefined
2.215	EXP	trial_label_right: text = "M = Word"
2.215	EXP	trial_label_right: font = "Courier New"
2.215	EXP	trial_label_right: color = {"_hex":"#000000","_rgb":[0,0,0]}
2.215	EXP	trial_label_right: contrast = 1
2.215	EXP	trial_label_right: height = 0.05
2.215	EXP	trial_label_right: bold = false
2.215	EXP	trial_label_right: italic = false
2.215	EXP	trial_label_right: alignHoriz = "left"
2.215	EXP	trial_label_right: alignVert = "center"
2.215	EXP	trial_label_right: wrapWidth = 1
2.215	EXP	trial_label_right: flipHoriz = false
2.215	EXP	trial_label_right: flipVert = false
2.215	EXP	trial_label_left_new: units = "height"
2.215	EXP	trial_label_left_new: ori = 0
2.215	EXP	trial_label_left_new: opacity = 1
2.215	EXP	trial_label_left_new: pos = [-0.4,-0.3]
2.215	EXP	trial_label_left_new: size = undefined
2.215	EXP	trial_label_left_new: text = "Z = Nonword"
2.215	EXP	trial_label_left_new: font = "Courier New"
2.215	EXP	trial_label_left_new: color = {"_hex":"#000000","_rgb":[0,0,0]}
2.215	EXP	trial_label_left_new: contrast = 1
2.215	EXP	trial_label_left_new: height = 0.05
2.215	EXP	trial_label_left_new: bold = false
2.215	EXP	trial_label_left_new: italic = false
2.215	EXP	trial_label_left_new: alignHoriz = "left"
2.215	EXP	trial_label_left_new: alignVert = "center"
2.215	EXP	trial_label_left_new: wrapWidth = 1
2.215	EXP	trial_label_left_new: flipHoriz = false
2.215	EXP	trial_label_left_new: flipVert = false
2.215	EXP	feedback_text: units = "height"
2.215	EXP	feedback_text: ori = 0
2.215	EXP	feedback_text: opacity = 1
2.215	EXP	feedback_text: pos = [0,0]
2.215	EXP	feedback_text: size = undefined
2.215	EXP	feedback_text: text = "default text"
2.215	EXP	feedback_text: font = "Courier New"
2.215	EXP	feedback_text: color = {"_hex":"#FFFFFF","_rgb":[1,1,1]}
2.215	EXP	feedback_text: contrast = 1
2.215	EXP	feedback_text: height = 0.05
2.215	EXP	feedback_text: bold = false
2.215	EXP	feedback_text: italic = false
2.215	EXP	feedback_text: alignHoriz = "left"
2.215	EXP	feedback_text: alignVert = "center"
2.215	EXP	feedback_text: wrapWidth = 1
2.215	EXP	feedback_text: flipHoriz = false
2.215	EXP	feedback_text: flipVert = false
2.215	EXP	button_left_2: units = "height"
2.215	EXP	button_left_2: ori = 0
2.215	EXP	button_left_2: opacity = 1
2.215	EXP	button_left_2: pos = [-0.4,-0.3]
2.215	EXP	button_left_2: size = [1,1]
2.215	EXP	button_left_2: lineWidth = 1
2.215	EXP	button_left_2: lineColor = {"_hex":"#000000","_rgb":[0,0,0]}
2.215	EXP	button_left_2: fillColor = {"_hex":"#FFFFFF","_rgb":[1,1,1]}
2.215	EXP	button_left_2: vertices = [[-0.5,0],[0,0.5],[0.5,0]]
2.215	EXP	button_left_2: closeShape = true
2.215	EXP	button_left_2: contrast = 1
2.215	EXP	button_left_2: depth = -2
2.215	EXP	button_left_2: interpolate = true
2.215	EXP	button_left_2: width = 0.4
2.215	EXP	button_left_2: vertices = [[-0.2,null],[0.2,null],[0.2,null],[-0.2,null]]
2.215	EXP	button_left_2: height = 0.2
2.215	EXP	button_left_2: vertices = [[-0.2,-0.1],[0.2,-0.1],[0.2,0.1],[-0.2,0.1]]
2.215	EXP	button_left_2: vertices = [[-0.2,-0.1],[0.2,-0.1],[0.2,0.1],[-0.2,0.1]]
2.215	EXP	button_right_2: units = "height"
2.215	EXP	button_right_2: ori = 0
2.215	EXP	button_right_2: opacity = 1
2.215	EXP	button_right_2: pos = [0.4,-0.3]
2.215	EXP	button_right_2: size = [1,1]
2.215	EXP	button_right_2: lineWidth = 1
2.215	EXP	button_right_2: lineColor = {"_hex":"#000000","_rgb":[0,0,0]}
2.215	EXP	button_right_2: fillColor = {"_hex":"#FFFFFF","_rgb":[1,1,1]}
2.215	EXP	button_right_2: vertices = [[-0.5,0],[0,0.5],[0.5,0]]
2.215	EXP	button_right_2: closeShape = true
2.215	EXP	button_right_2: contrast = 1
2.215	EXP	button_right_2: depth = -3
2.215	EXP	button_right_2: interpolate = true
2.215	EXP	button_right_2: width = 0.4
2.215	EXP	button_right_2: vertices = [[-0.2,null],[0.2,null],[0.2,null],[-0.2,null]]
2.215	EXP	button_right_2: height = 0.2
2.215	EXP	button_right_2: vertices = [[-0.2,-0.1],[0.2,-0.1],[0.2,0.1],[-0.2,0.1]]
2.215	EXP	button_right_2: vertices = [[-0.2,-0.1],[0.2,-0.1],[0.2,0.1],[-0.2,0.1]]
2.215	EXP	trial_label_left_2: units = "height"
2.215	EXP	trial_label_left_2: ori = 0
2.215	EXP	trial_label_left_2: opacity = 1
2.215	EXP	trial_label_left_2: pos = [-0.4,-0.3]
2.215	EXP	trial_label_left_2: size = undefined
2.215	EXP	trial_label_left_2: text = "Z = Nonword"
2.215	EXP	trial_label_left_2: font = "Courier New"
2.215	EXP	trial_label_left_2: color = {"_hex":"#000000","_rgb":[0,0,0]}
2.215	EXP	trial_label_left_2: contrast = 1
2.215	EXP	trial_label_left_2: height = 0.05
2.215	EXP	trial_label_left_2: bold = false
2.215	EXP	trial_label_left_2: italic = false
2.215	EXP	trial_label_left_2: alignHoriz = "left"
2.215	EXP	trial_label_left_2: alignVert = "center"
2.215	EXP	trial_label_left_2: wrapWidth = 1
2.215	EXP	trial_label_left_2: flipHoriz = false
2.215	EXP	trial_label_left_2: flipVert = false
2.215	EXP	trial_label_right_2: units = "height"
2.215	EXP	trial_label_right_2: ori = 0
2.215	EXP	trial_label_right_2: opacity = 1
2.215	EXP	trial_label_right_2: pos = [0.4,-0.3]
2.215	EXP	trial_label_right_2: size = undefined
2.215	EXP	trial_label_right_2: text = "M = Word"
2.215	EXP	trial_label_right_2: font = "Courier New"
2.215	EXP	trial_label_right_2: color = {"_hex":"#000000","_rgb":[0,0,0]}
2.215	EXP	trial_label_right_2: contrast = 1
2.215	EXP	trial_label_right_2: height = 0.05
2.215	EXP	trial_label_right_2: bold = false
2.215	EXP	trial_label_right_2: italic = false
2.215	EXP	trial_label_right_2: alignHoriz = "left"
2.215	EXP	trial_label_right_2: alignVert = "center"
2.215	EXP	trial_label_right_2: wrapWidth = 1
2.215	EXP	trial_label_right_2: flipHoriz = false
2.215	EXP	trial_label_right_2: flipVert = false
2.215	EXP	instructions: units = "height"
2.215	EXP	instructions: ori = 0
2.215	EXP	instructions: opacity = 1
2.215	EXP	instructions: pos = [0,0]
2.215	EXP	instructions: size = undefined
2.215	EXP	instructions: text = "default text"
2.215	EXP	instructions: font = "Courier New"
2.215	EXP	instructions: color = {"_hex":"#000000","_rgb":[0,0,0]}
2.215	EXP	instructions: contrast = 1
2.215	EXP	instructions: height = 0.035
2.215	EXP	instructions: bold = false
2.215	EXP	instructions: italic = false
2.215	EXP	instructions: alignHoriz = "left"
2.215	EXP	instructions: alignVert = "center"
2.215	EXP	instructions: wrapWidth = 1
2.215	EXP	instructions: flipHoriz = false
2.215	EXP	instructions: flipVert = false
2.215	EXP	instr_done_button: units = "height"
2.215	EXP	instr_done_button: ori = 0
2.215	EXP	instr_done_button: opacity = 1
2.215	EXP	instr_done_button: pos = [0,-0.4]
2.215	EXP	instr_done_button: size = [1,1]
2.215	EXP	instr_done_button: lineWidth = 1
2.215	EXP	instr_done_button: lineColor = {"_hex":"#000000","_rgb":[0,0,0]}
2.215	EXP	instr_done_button: fillColor = {"_hex":"#FFFFFF","_rgb":[1,1,1]}
2.215	EXP	instr_done_button: vertices = [[-0.5,0],[0,0.5],[0.5,0]]
2.215	EXP	instr_done_button: closeShape = true
2.215	EXP	instr_done_button: contrast = 1
2.215	EXP	instr_done_button: depth = -2
2.215	EXP	instr_done_button: interpolate = true
2.215	EXP	instr_done_button: width = 0.4
2.215	EXP	instr_done_button: vertices = [[-0.2,null],[0.2,null],[0.2,null],[-0.2,null]]
2.215	EXP	instr_done_button: height = 0.1
2.215	EXP	instr_done_button: vertices = [[-0.2,-0.05],[0.2,-0.05],[0.2,0.05],[-0.2,0.05]]
2.215	EXP	instr_done_button: vertices = [[-0.2,-0.05],[0.2,-0.05],[0.2,0.05],[-0.2,0.05]]
2.215	EXP	instr_done_label: units = "height"
2.215	EXP	instr_done_label: ori = 0
2.215	EXP	instr_done_label: opacity = 1
2.215	EXP	instr_done_label: pos = [0,-0.4]
2.215	EXP	instr_done_label: size = undefined
2.215	EXP	instr_done_label: text = "Continue"
2.215	EXP	instr_done_label: font = "Courier New"
2.215	EXP	instr_done_label: color = {"_hex":"#000000","_rgb":[0,0,0]}
2.215	EXP	instr_done_label: contrast = 1
2.215	EXP	instr_done_label: height = 0.05
2.215	EXP	instr_done_label: bold = false
2.215	EXP	instr_done_label: italic = false
2.215	EXP	instr_done_label: alignHoriz = "left"
2.215	EXP	instr_done_label: alignVert = "center"
2.215	EXP	instr_done_label: wrapWidth = 1
2.215	EXP	instr_done_label: flipHoriz = false
2.215	EXP	instr_done_label: flipVert = false
2.215	EXP	instructions_image: units = "height"
2.215	EXP	instructions_image: ori = 0
2.215	EXP	instructions_image: opacity = 1
2.215	EXP	instructions_image: pos = [0,0]
2.215	EXP	instructions_image: size = [0.4,0.3]
2.215	EXP	instructions_image: image = undefined
2.215	EXP	instructions_image: mask = undefined
2.215	EXP	instructions_image: color = {"_rgb":[1,1,1]}
2.215	EXP	instructions_image: contrast = 1
2.215	EXP	instructions_image: texRes = 128
2.215	EXP	instructions_image: interpolate = true
2.215	EXP	instructions_image: depth = -6
2.215	EXP	instructions_image: flipHoriz = false
2.215	EXP	instructions_image: flipVert = false
2.215	EXP	fixation_mask: units = "height"
2.215	EXP	fixation_mask: ori = 0
2.215	EXP	fixation_mask: opacity = 1
2.215	EXP	fixation_mask: pos = [0,0]
2.215	EXP	fixation_mask: size = undefined
2.215	EXP	fixation_mask: text = "######"
2.215	EXP	fixation_mask: font = "Courier New"
2.215	EXP	fixation_mask: color = {"_hex":"#000000","_rgb":[0,0,0]}
2.215	EXP	fixation_mask: contrast = 1
2.215	EXP	fixation_mask: height = 0.1
2.215	EXP	fixation_mask: bold = false
2.215	EXP	fixation_mask: italic = false
2.215	EXP	fixation_mask: alignHoriz = "left"
2.215	EXP	fixation_mask: alignVert = "center"
2.215	EXP	fixation_mask: wrapWidth = 1
2.215	EXP	fixation_mask: flipHoriz = false
2.215	EXP	fixation_mask: flipVert = false
2.215	EXP	prime_text: units = "height"
2.215	EXP	prime_text: ori = 0
2.215	EXP	prime_text: opacity = 1
2.215	EXP	prime_text: pos = [0,0]
2.215	EXP	prime_text: size = undefined
2.215	EXP	prime_text: text = "default text"
2.215	EXP	prime_text: font = "Courier New"
2.215	EXP	prime_text: color = {"_hex":"#000000","_rgb":[0,0,0]}
2.215	EXP	prime_text: contrast = 1
2.215	EXP	prime_text: height = 0.1
2.215	EXP	prime_text: bold = false
2.215	EXP	prime_text: italic = false
2.215	EXP	prime_text: alignHoriz = "left"
2.215	EXP	prime_text: alignVert = "center"
2.215	EXP	prime_text: wrapWidth = 1
2.215	EXP	prime_text: flipHoriz = false
2.215	EXP	prime_text: flipVert = false
2.215	EXP	target: units = "height"
2.215	EXP	target: ori = 0
2.215	EXP	target: opacity = 1
2.215	EXP	target: pos = [0,0]
2.215	EXP	target: size = undefined
2.215	EXP	target: text = "default text"
2.215	EXP	target: font = "Arial"
2.215	EXP	target: color = {"_hex":"#000000","_rgb":[0,0,0]}
2.215	EXP	target: contrast = 1
2.215	EXP	target: height = 0.1
2.215	EXP	target: bold = false
2.215	EXP	target: italic = false
2.215	EXP	target: alignHoriz = "left"
2.215	EXP	target: alignVert = "center"
2.215	EXP	target: wrapWidth = 1
2.215	EXP	target: flipHoriz = false
2.215	EXP	target: flipVert = false
2.215	EXP	button_left: units = "height"
2.215	EXP	button_left: ori = 0
2.215	EXP	button_left: opacity = 1
2.215	EXP	button_left: pos = [-0.4,-0.3]
2.215	EXP	button_left: size = [1,1]
2.215	EXP	button_left: lineWidth = 1
2.215	EXP	button_left: lineColor = {"_hex":"#000000","_rgb":[0,0,0]}
2.215	EXP	button_left: fillColor = {"_hex":"#FFFFFF","_rgb":[1,1,1]}
2.215	EXP	button_left: vertices = [[-0.5,0],[0,0.5],[0.5,0]]
2.215	EXP	button_left: closeShape = true
2.215	EXP	button_left: contrast = 1
2.215	EXP	button_left: depth = -5
2.215	EXP	button_left: interpolate = true
2.215	EXP	button_left: width = 0.4
2.215	EXP	button_left: vertices = [[-0.2,null],[0.2,null],[0.2,null],[-0.2,null]]
2.215	EXP	button_left: height = 0.2
2.215	EXP	button_left: vertices = [[-0.2,-0.1],[0.2,-0.1],[0.2,0.1],[-0.2,0.1]]
2.215	EXP	button_left: vertices = [[-0.2,-0.1],[0.2,-0.1],[0.2,0.1],[-0.2,0.1]]
2.215	EXP	button_right: units = "height"
2.215	EXP	button_right: ori = 0
2.215	EXP	button_right: opacity = 1
2.215	EXP	button_right: pos = [0.4,-0.3]
2.215	EXP	button_right: size = [1,1]
2.215	EXP	button_right: lineWidth = 1
2.215	EXP	button_right: lineColor = {"_hex":"#000000","_rgb":[0,0,0]}
2.215	EXP	button_right: fillColor = {"_hex":"#FFFFFF","_rgb":[1,1,1]}
2.215	EXP	button_right: vertices = [[-0.5,0],[0,0.5],[0.5,0]]
2.215	EXP	button_right: closeShape = true
2.215	EXP	button_right: contrast = 1
2.215	EXP	button_right: depth = -6
2.215	EXP	button_right: interpolate = true
2.215	EXP	button_right: width = 0.4
2.215	EXP	button_right: vertices = [[-0.2,null],[0.2,null],[0.2,null],[-0.2,null]]
2.215	EXP	button_right: height = 0.2
2.215	EXP	button_right: vertices = [[-0.2,-0.1],[0.2,-0.1],[0.2,0.1],[-0.2,0.1]]
2.215	EXP	button_right: vertices = [[-0.2,-0.1],[0.2,-0.1],[0.2,0.1],[-0.2,0.1]]
2.215	EXP	trial_label_right: units = "height"
2.215	EXP	trial_label_right: ori = 0
2.215	EXP	trial_label_right: opacity = 1
2.215	EXP	trial_label_right: pos = [0.4,-0.3]
2.215	EXP	trial_label_right: size = undefined
2.215	EXP	trial_label_right: text = "M = Word"
2.215	EXP	trial_label_right: font = "Courier New"
2.215	EXP	trial_label_right: color = {"_hex":"#000000","_rgb":[0,0,0]}
2.215	EXP	trial_label_right: contrast = 1
2.215	EXP	trial_label_right: height = 0.05
2.215	EXP	trial_label_right: bold = false
2.215	EXP	trial_label_right: italic = false
2.215	EXP	trial_label_right: alignHoriz = "left"
2.215	EXP	trial_label_right: alignVert = "center"
2.215	EXP	trial_label_right: wrapWidth = 1
2.215	EXP	trial_label_right: flipHoriz = false
2.215	EXP	trial_label_right: flipVert = false
2.215	EXP	trial_label_left_new: units = "height"
2.215	EXP	trial_label_left_new: ori = 0
2.215	EXP	trial_label_left_new: opacity = 1
2.215	EXP	trial_label_left_new: pos = [-0.4,-0.3]
2.215	EXP	trial_label_left_new: size = undefined
2.215	EXP	trial_label_left_new: text = "Z = Nonword"
2.215	EXP	trial_label_left_new: font = "Courier New"
2.215	EXP	trial_label_left_new: color = {"_hex":"#000000","_rgb":[0,0,0]}
2.215	EXP	trial_label_left_new: contrast = 1
2.215	EXP	trial_label_left_new: height = 0.05
2.215	EXP	trial_label_left_new: bold = false
2.215	EXP	trial_label_left_new: italic = false
2.215	EXP	trial_label_left_new: alignHoriz = "left"
2.215	EXP	trial_label_left_new: alignVert = "center"
2.215	EXP	trial_label_left_new: wrapWidth = 1
2.215	EXP	trial_label_left_new: flipHoriz = false
2.215	EXP	trial_label_left_new: flipVert = false
2.215	EXP	feedback_text: units = "height"
2.215	EXP	feedback_text: ori = 0
2.215	EXP	feedback_text: opacity = 1
2.215	EXP	feedback_text: pos = [0,0]
2.215	EXP	feedback_text: size = undefined
2.215	EXP	feedback_text: text = "default text"
2.215	EXP	feedback_text: font = "Courier New"
2.215	EXP	feedback_text: color = {"_hex":"#FFFFFF","_rgb":[1,1,1]}
2.215	EXP	feedback_text: contrast = 1
2.215	EXP	feedback_text: height = 0.05
2.215	EXP	feedback_text: bold = false
2.215	EXP	feedback_text: italic = false
2.215	EXP	feedback_text: alignHoriz = "left"
2.215	EXP	feedback_text: alignVert = "center"
2.215	EXP	feedback_text: wrapWidth = 1
2.215	EXP	feedback_text: flipHoriz = false
2.215	EXP	feedback_text: flipVert = false
2.215	EXP	button_left_2: units = "height"
2.215	EXP	button_left_2: ori = 0
2.215	EXP	button_left_2: opacity = 1
2.215	EXP	button_left_2: pos = [-0.4,-0.3]
2.215	EXP	button_left_2: size = [1,1]
2.215	EXP	button_left_2: lineWidth = 1
2.215	EXP	button_left_2: lineColor = {"_hex":"#000000","_rgb":[0,0,0]}
2.215	EXP	button_left_2: fillColor = {"_hex":"#FFFFFF","_rgb":[1,1,1]}
2.215	EXP	button_left_2: vertices = [[-0.5,0],[0,0.5],[0.5,0]]
2.215	EXP	button_left_2: closeShape = true
2.215	EXP	button_left_2: contrast = 1
2.215	EXP	button_left_2: depth = -2
2.215	EXP	button_left_2: interpolate = true
2.215	EXP	button_left_2: width = 0.4
2.215	EXP	button_left_2: vertices = [[-0.2,null],[0.2,null],[0.2,null],[-0.2,null]]
2.215	EXP	button_left_2: height = 0.2
2.215	EXP	button_left_2: vertices = [[-0.2,-0.1],[0.2,-0.1],[0.2,0.1],[-0.2,0.1]]
2.215	EXP	button_left_2: vertices = [[-0.2,-0.1],[0.2,-0.1],[0.2,0.1],[-0.2,0.1]]
2.215	EXP	button_right_2: units = "height"
2.215	EXP	button_right_2: ori = 0
2.215	EXP	button_right_2: opacity = 1
2.215	EXP	button_right_2: pos = [0.4,-0.3]
2.215	EXP	button_right_2: size = [1,1]
2.215	EXP	button_right_2: lineWidth = 1
2.215	EXP	button_right_2: lineColor = {"_hex":"#000000","_rgb":[0,0,0]}
2.215	EXP	button_right_2: fillColor = {"_hex":"#FFFFFF","_rgb":[1,1,1]}
2.215	EXP	button_right_2: vertices = [[-0.5,0],[0,0.5],[0.5,0]]
2.215	EXP	button_right_2: closeShape = true
2.215	EXP	button_right_2: contrast = 1
2.215	EXP	button_right_2: depth = -3
2.215	EXP	button_right_2: interpolate = true
2.215	EXP	button_right_2: width = 0.4
2.215	EXP	button_right_2: vertices = [[-0.2,null],[0.2,null],[0.2,null],[-0.2,null]]
2.215	EXP	button_right_2: height = 0.2
2.215	EXP	button_right_2: vertices = [[-0.2,-0.1],[0.2,-0.1],[0.2,0.1],[-0.2,0.1]]
2.215	EXP	button_right_2: vertices = [[-0.2,-0.1],[0.2,-0.1],[0.2,0.1],[-0.2,0.1]]
2.215	EXP	trial_label_left_2: units = "height"
2.215	EXP	trial_label_left_2: ori = 0
2.215	EXP	trial_label_left_2: opacity = 1
2.215	EXP	trial_label_left_2: pos = [-0.4,-0.3]
2.215	EXP	trial_label_left_2: size = undefined
2.215	EXP	trial_label_left_2: text = "Z = Nonword"
2.215	EXP	trial_label_left_2: font = "Courier New"
2.215	EXP	trial_label_left_2: color = {"_hex":"#000000","_rgb":[0,0,0]}
2.215	EXP	trial_label_left_2: contrast = 1
2.215	EXP	trial_label_left_2: height = 0.05
2.215	EXP	trial_label_left_2: bold = false
2.215	EXP	trial_label_left_2: italic = false
2.215	EXP	trial_label_left_2: alignHoriz = "left"
2.215	EXP	trial_label_left_2: alignVert = "center"
2.215	EXP	trial_label_left_2: wrapWidth = 1
2.215	EXP	trial_label_left_2: flipHoriz = false
2.215	EXP	trial_label_left_2: flipVert = false
2.215	EXP	trial_label_right_2: units = "height"
2.215	EXP	trial_label_right_2: ori = 0
2.215	EXP	trial_label_right_2: opacity = 1
2.215	EXP	trial_label_right_2: pos = [0.4,-0.3]
2.215	EXP	trial_label_right_2: size = undefined
2.215	EXP	trial_label_right_2: text = "M = Word"
2.215	EXP	trial_label_right_2: font = "Courier New"
2.215	EXP	trial_label_right_2: color = {"_hex":"#000000","_rgb":[0,0,0]}
2.215	EXP	trial_label_right_2: contrast = 1
2.215	EXP	trial_label_right_2: height = 0.05
2.215	EXP	trial_label_right_2: bold = false
2.215	EXP	trial_label_right_2: italic = false
2.215	EXP	trial_label_right_2: alignHoriz = "left"
2.215	EXP	trial_label_right_2: alignVert = "center"
2.215	EXP	trial_label_right_2: wrapWidth = 1
2.215	EXP	trial_label_right_2: flipHoriz = false
2.215	EXP	trial_label_right_2: flipVert = false
2.215	EXP	break_text: units = "height"
2.215	EXP	break_text: ori = 0
2.215	EXP	break_text: opacity = 1
2.215	EXP	break_text: pos = [0,0]
2.215	EXP	break_text: size = undefined
2.215	EXP	break_text: text = "default text"
2.215	EXP	break_text: font = "Courier New"
2.215	EXP	break_text: color = {"_hex":"#000000","_rgb":[0,0,0]}
2.215	EXP	break_text: contrast = 1
2.215	EXP	break_text: height = 0.05
2.215	EXP	break_text: bold = false
2.215	EXP	break_text: italic = false
2.215	EXP	break_text: alignHoriz = "left"
2.215	EXP	break_text: alignVert = "center"
2.215	EXP	break_text: wrapWidth = 1
2.215	EXP	break_text: flipHoriz = false
2.215	EXP	break_text: flipVert = false
2.215	EXP	break_done_button: units = "height"
2.215	EXP	break_done_button: ori = 0
2.215	EXP	break_done_button: opacity = 1
2.215	EXP	break_done_button: pos = [0,-0.4]
2.215	EXP	break_done_button: size = [1,1]
2.215	EXP	break_done_button: lineWidth = 1
2.215	EXP	break_done_button: lineColor = {"_hex":"#000000","_rgb":[0,0,0]}
2.215	EXP	break_done_button: fillColor = {"_hex":"#FFFFFF","_rgb":[1,1,1]}
2.215	EXP	break_done_button: vertices = [[-0.5,0],[0,0.5],[0.5,0]]
2.215	EXP	break_done_button: closeShape = true
2.215	EXP	break_done_button: contrast = 1
2.215	EXP	break_done_button: depth = -4
2.215	EXP	break_done_button: interpolate = true
2.215	EXP	break_done_button: width = 0.4
2.215	EXP	break_done_button: vertices = [[-0.2,null],[0.2,null],[0.2,null],[-0.2,null]]
2.215	EXP	break_done_button: height = 0.1
2.215	EXP	break_done_button: vertices = [[-0.2,-0.05],[0.2,-0.05],[0.2,0.05],[-0.2,0.05]]
2.215	EXP	break_done_button: vertices = [[-0.2,-0.05],[0.2,-0.05],[0.2,0.05],[-0.2,0.05]]
2.215	EXP	break_done_button_label: units = "height"
2.215	EXP	break_done_button_label: ori = 0
2.215	EXP	break_done_button_label: opacity = 1
2.215	EXP	break_done_button_label: pos = [0,-0.4]
2.215	EXP	break_done_button_label: size = undefined
2.215	EXP	break_done_button_label: text = "Continue"
2.215	EXP	break_done_button_label: font = "Courier New"
2.215	EXP	break_done_button_label: color = {"_hex":"#000000","_rgb":[0,0,0]}
2.215	EXP	break_done_button_label: contrast = 1
2.215	EXP	break_done_button_label: height = 0.05
2.215	EXP	break_done_button_label: bold = false
2.215	EXP	break_done_button_label: italic = false
2.215	EXP	break_done_button_label: alignHoriz = "left"
2.215	EXP	break_done_button_label: alignVert = "center"
2.215	EXP	break_done_button_label: wrapWidth = 1
2.215	EXP	break_done_button_label: flipHoriz = false
2.215	EXP	break_done_button_label: flipVert = false
2.215	EXP	thank_you: units = "height"
2.215	EXP	thank_you: ori = 0
2.215	EXP	thank_you: opacity = 1
2.215	EXP	thank_you: pos = [0,0]
2.215	EXP	thank_you: size = undefined
2.215	EXP	thank_you: text = "This is the end of the experiment.\n\nPlease do NOT close this window until you have been redirected to the debrief page. \n\nPlease wait for the message “Thank you for your patience” to appear and then click OK to continue to the debrief page.\n\nYou must go to the debrief page in order for your participation to be recorded."
2.215	EXP	thank_you: font = "Courier New"
2.215	EXP	thank_you: color = {"_hex":"#000000","_rgb":[0,0,0]}
2.215	EXP	thank_you: contrast = 1
2.215	EXP	thank_you: height = 1
2.215	EXP	thank_you: bold = false
2.215	EXP	thank_you: italic = false
2.215	EXP	thank_you: alignHoriz = "left"
2.215	EXP	thank_you: alignVert = "center"
2.215	EXP	thank_you: wrapWidth = 1
2.215	EXP	thank_you: flipHoriz = false
2.215	EXP	thank_you: flipVert = false
2.215	EXP	instructions: text = "INSTRUCTIONS\r\nAt the start of each trial, look at the hash marks (######) in the center of the screen. After a moment, a string of letters will appear. Your task is to indicate if the letter string forms a word or not (i.e., if it is a nonword). For example, AUTHOR is a word while AUTHON is a nonword.\r\n\r\nPress the space bar or touch the button below to continue."
2.215	EXP	instructions_image: image = undefined
2.215	EXP	instructions: autoDraw = true
2.215	EXP	instr_done_button: autoDraw = true
2.215	EXP	instr_done_label: autoDraw = true
3.38	DATA	Mouse: 0 button down, pos=(954,1040)
3.4619999999999997	DATA	Mouse: 0 button down, pos=(951,1038)
3.7299999999999995	DATA	Mouse: 0 button down, pos=(933,1020)
3.7589999999999995	EXP	instructions: autoDraw = false
3.7589999999999995	EXP	instr_done_button: autoDraw = false
3.7589999999999995	EXP	instr_done_label: autoDraw = false
3.7589999999999995	EXP	instructions_image: autoDraw = false
3.7589999999999995	EXP	instructions: text = "If your device has a keyboard, press the 'Z' key for nonwords and the 'M' key for words.\r\n\r\n\r\n\r\n\r\n\r\nPress the space bar or touch the button below to continue."
3.7589999999999995	EXP	instructions_image: image = {}
3.7589999999999995	EXP	instructions: autoDraw = true
3.7589999999999995	EXP	instr_done_button: autoDraw = true
3.7589999999999995	EXP	instr_done_label: autoDraw = true
3.7589999999999995	EXP	instructions_image: autoDraw = true
3.8179999999999996	DATA	Mouse: 0 button down, pos=(932,1019)
4.167	DATA	Mouse: 0 button down, pos=(918,1010)
4.188	EXP	instructions: autoDraw = false
4.188	EXP	instr_done_button: autoDraw = false
4.188	EXP	instr_done_label: autoDraw = false
4.188	EXP	instructions_image: autoDraw = false
4.188	EXP	instructions: text = "If you are using a touchscreen only device, use the buttons on the screen. Do not use the mouse.\r\n\r\n\r\n\r\n\r\n\r\nPress the space bar or touch the button below to continue."
4.188	EXP	instructions_image: image = {}
4.188	EXP	instructions: autoDraw = true
4.188	EXP	instr_done_button: autoDraw = true
4.188	EXP	instr_done_label: autoDraw = true
4.188	EXP	instructions_image: autoDraw = true
4.245	DATA	Mouse: 0 button down, pos=(918,1010)
4.428999999999999	DATA	Mouse: 0 button down, pos=(918,1010)
4.452	EXP	instructions: autoDraw = false
4.452	EXP	instr_done_button: autoDraw = false
4.452	EXP	instr_done_label: autoDraw = false
4.452	EXP	instructions_image: autoDraw = false
4.452	EXP	instructions: text = "It is very important that you respond as quickly and accurately as possible, as each letter string will only be on the screen for two seconds. If you do not respond within this time, the message 'Too slow!' will be displayed and the experiment will progress to the next letter string. The first 20 trials will be practice trials and you will receive feedback on your answers. \r\n\r\nPress the space bar or touch the button below to start the practice trials."
4.452	EXP	instructions_image: image = undefined
4.452	EXP	instructions: autoDraw = true
4.452	EXP	instr_done_button: autoDraw = true
4.452	EXP	instr_done_label: autoDraw = true
4.514	DATA	Mouse: 0 button down, pos=(918,1010)
5.08	DATA	Mouse: 0 button down, pos=(918,1010)
5.153	EXP	instructions: autoDraw = false
5.153	EXP	instr_done_button: autoDraw = false
5.153	EXP	instr_done_label: autoDraw = false
5.153	EXP	instructions_image: autoDraw = false
5.153	EXP	prime_text: text = "almond"
5.153	EXP	target: text = "ALMOND"
5.153	EXP	target: font = "Courier New"
5.153	EXP	fixation_mask: autoDraw = true
5.153	EXP	button_left: autoDraw = true
5.153	EXP	button_right: autoDraw = true
5.153	EXP	trial_label_right: autoDraw = true
5.153	EXP	trial_label_left_new: autoDraw = true
5.162	DATA	Mouse: 0 button down, pos=(918,1010)
5.648	EXP	fixation_mask: autoDraw = false
5.648	EXP	prime_text: autoDraw = true
5.6979999999999995	EXP	prime_text: autoDraw = false
5.6979999999999995	EXP	target: autoDraw = true
6.0009999999999994	DATA	Mouse: 0 button down, pos=(559,902)
6.026	EXP	fixation_mask: autoDraw = false
6.026	EXP	prime_text: autoDraw = false
6.026	EXP	target: autoDraw = false
6.026	EXP	button_left: autoDraw = false
6.026	EXP	button_right: autoDraw = false
6.026	EXP	trial_label_right: autoDraw = false
6.026	EXP	trial_label_left_new: autoDraw = false
6.026	EXP	feedback_text: color = {"_hex":"#FF0000","_rgb":[1,0,0]}
6.026	EXP	feedback_text: text = "Incorrect"
6.026	EXP	feedback_text: autoDraw = true
6.026	EXP	button_left_2: autoDraw = true
6.026	EXP	button_right_2: autoDraw = true
6.026	EXP	trial_label_left_2: autoDraw = true
6.026	EXP	trial_label_right_2: autoDraw = true
6.096	DATA	Mouse: 0 button down, pos=(559,902)
6.512	EXP	feedback_text: autoDraw = false
6.512	EXP	button_left_2: autoDraw = false
6.512	EXP	button_right_2: autoDraw = false
6.512	EXP	trial_label_left_2: autoDraw = false
6.512	EXP	trial_label_right_2: autoDraw = false
6.512	EXP	feedback_text: autoDraw = false
6.512	EXP	button_left_2: autoDraw = false
6.512	EXP	button_right_2: autoDraw = false
6.512	EXP	trial_label_left_2: autoDraw = false
6.512	EXP	trial_label_right_2: autoDraw = false
6.512	EXP	prime_text: text = "adveil"
6.512	EXP	target: text = "SPRINY"
6.512	EXP	target: font = "Courier New"
6.512	EXP	fixation_mask: autoDraw = true
6.512	EXP	button_left: autoDraw = true
6.512	EXP	button_right: autoDraw = true
6.512	EXP	trial_label_right: autoDraw = true
6.512	EXP	trial_label_left_new: autoDraw = true
6.779	DATA	Mouse: 0 button down, pos=(599,863)
6.896999999999999	DATA	Mouse: 0 button down, pos=(599,863)
7.012	EXP	fixation_mask: autoDraw = false
7.029999999999999	EXP	prime_text: autoDraw = true
7.045	EXP	prime_text: autoDraw = false
7.064	EXP	target: autoDraw = true
7.379	DATA	Mouse: 0 button down, pos=(599,869)
7.396999999999999	EXP	fixation_mask: autoDraw = false
7.396999999999999	EXP	prime_text: autoDraw = false
7.396999999999999	EXP	target: autoDraw = false
7.396999999999999	EXP	button_left: autoDraw = false
7.396999999999999	EXP	button_right: autoDraw = false
7.396999999999999	EXP	trial_label_right: autoDraw = false
7.396999999999999	EXP	trial_label_left_new: autoDraw = false
7.396999999999999	EXP	feedback_text: color = {"_hex":"#FF0000","_rgb":[1,0,0]}
7.396999999999999	EXP	feedback_text: text = "Incorrect"
7.396999999999999	EXP	feedback_text: autoDraw = true
7.396999999999999	EXP	button_left_2: autoDraw = true
7.396999999999999	EXP	button_right_2: autoDraw = true
7.396999999999999	EXP	trial_label_left_2: autoDraw = true
7.396999999999999	EXP	trial_label_right_2: autoDraw = true
7.444999999999999	DATA	Mouse: 0 button down, pos=(599,869)
7.896	EXP	feedback_text: autoDraw = false
7.896	EXP	button_left_2: autoDraw = false
7.896	EXP	button_right_2: autoDraw = false
7.896	EXP	trial_label_left_2: autoDraw = false
7.896	EXP	trial_label_right_2: autoDraw = false
7.896	EXP	feedback_text: autoDraw = false
7.896	EXP	button_left_2: autoDraw = false
7.896	EXP	button_right_2: autoDraw = false
7.896	EXP	trial_label_left_2: autoDraw = false
7.896	EXP	trial_label_right_2: autoDraw = false
7.896	EXP	prime_text: text = "abound"
7.896	EXP	target: text = "SQUEAK"
7.896	EXP	target: font = "Courier New"
7.896	EXP	fixation_mask: autoDraw = true
7.896	EXP	button_left: autoDraw = true
7.896	EXP	button_right: autoDraw = true
7.896	EXP	trial_label_right: autoDraw = true
7.896	EXP	trial_label_left_new: autoDraw = true
8.398000000000001	EXP	fixation_mask: autoDraw = false
8.398000000000001	EXP	prime_text: autoDraw = true
8.431000000000001	EXP	prime_text: autoDraw = false
8.431000000000001	EXP	target: autoDraw = true
8.546000000000001	DATA	Mouse: 0 button down, pos=(1186,863)
8.564	EXP	fixation_mask: autoDraw = false
8.564	EXP	prime_text: autoDraw = false
8.564	EXP	target: autoDraw = false
8.564	EXP	button_left: autoDraw = false
8.564	EXP	button_right: autoDraw = false
8.564	EXP	trial_label_right: autoDraw = false
8.564	EXP	trial_label_left_new: autoDraw = false
8.564	EXP	feedback_text: color = {"_hex":"#FF0000","_rgb":[1,0,0]}
8.564	EXP	feedback_text: text = "Incorrect"
8.564	EXP	feedback_text: autoDraw = true
8.564	EXP	button_left_2: autoDraw = true
8.564	EXP	button_right_2: autoDraw = true
8.564	EXP	trial_label_left_2: autoDraw = true
8.564	EXP	trial_label_right_2: autoDraw = true
8.646	DATA	Mouse: 0 button down, pos=(1191,866)
9.063	EXP	feedback_text: autoDraw = false
9.063	EXP	button_left_2: autoDraw = false
9.063	EXP	button_right_2: autoDraw = false
9.063	EXP	trial_label_left_2: autoDraw = false
9.063	EXP	trial_label_right_2: autoDraw = false
9.063	EXP	feedback_text: autoDraw = false
9.063	EXP	button_left_2: autoDraw = false
9.063	EXP	button_right_2: autoDraw = false
9.063	EXP	trial_label_left_2: autoDraw = false
9.063	EXP	trial_label_right_2: autoDraw = false
9.063	EXP	prime_text: text = "aslert"
9.063	EXP	target: text = "ASLERT"
9.063	EXP	target: font = "Courier New"
9.063	EXP	fixation_mask: autoDraw = true
9.063	EXP	button_left: autoDraw = true
9.063	EXP	button_right: autoDraw = true
9.063	EXP	trial_label_right: autoDraw = true
9.063	EXP	trial_label_left_new: autoDraw = true
9.512	DATA	Mouse: 0 button down, pos=(461,845)
9.562000000000001	EXP	fixation_mask: autoDraw = false
9.58	EXP	prime_text: autoDraw = true
9.582	DATA	Mouse: 0 button down, pos=(461,845)
9.596	EXP	prime_text: autoDraw = false
9.613000000000001	EXP	target: autoDraw = true
10.462000000000002	DATA	Mouse: 0 button down, pos=(1303,851)
10.48	EXP	fixation_mask: autoDraw = false
10.48	EXP	prime_text: autoDraw = false
10.48	EXP	target: autoDraw = false
10.48	EXP	button_left: autoDraw = false
10.48	EXP	button_right: autoDraw = false
10.48	EXP	trial_label_right: autoDraw = false
10.48	EXP	trial_label_left_new: autoDraw = false
10.48	EXP	feedback_text: color = {"_hex":"#FF0000","_rgb":[1,0,0]}
10.48	EXP	feedback_text: text = "Incorrect"
10.48	EXP	feedback_text: autoDraw = true
10.48	EXP	button_left_2: autoDraw = true
10.48	EXP	button_right_2: autoDraw = true
10.48	EXP	trial_label_left_2: autoDraw = true
10.48	EXP	trial_label_right_2: autoDraw = true
10.529	DATA	Mouse: 0 button down, pos=(1303,851)
10.98	EXP	feedback_text: autoDraw = false
10.98	EXP	button_left_2: autoDraw = false
10.98	EXP	button_right_2: autoDraw = false
10.98	EXP	trial_label_left_2: autoDraw = false
10.98	EXP	trial_label_right_2: autoDraw = false
10.98	EXP	feedback_text: autoDraw = false
10.98	EXP	button_left_2: autoDraw = false
10.98	EXP	button_right_2: autoDraw = false
10.98	EXP	trial_label_left_2: autoDraw = false
10.98	EXP	trial_label_right_2: autoDraw = false
10.98	EXP	prime_text: text = "fariny"
10.98	EXP	target: text = "FARINY"
10.98	EXP	target: font = "Courier New"
10.98	EXP	fixation_mask: autoDraw = true
10.98	EXP	button_left: autoDraw = true
10.98	EXP	button_right: autoDraw = true
10.98	EXP	trial_label_right: autoDraw = true
10.98	EXP	trial_label_left_new: autoDraw = true
11.280000000000001	DATA	Mouse: 0 button down, pos=(487,858)
11.367	DATA	Mouse: 0 button down, pos=(487,858)
11.48	EXP	fixation_mask: autoDraw = false
11.497	EXP	prime_text: autoDraw = true
11.512	EXP	prime_text: autoDraw = false
11.531	EXP	target: autoDraw = true
11.863000000000001	DATA	Mouse: 0 button down, pos=(487,858)
11.881	EXP	fixation_mask: autoDraw = false
11.881	EXP	prime_text: autoDraw = false
11.881	EXP	target: autoDraw = false
11.881	EXP	button_left: autoDraw = false
11.881	EXP	button_right: autoDraw = false
11.881	EXP	trial_label_right: autoDraw = false
11.881	EXP	trial_label_left_new: autoDraw = false
11.881	EXP	feedback_text: color = {"_hex":"#FF0000","_rgb":[1,0,0]}
11.881	EXP	feedback_text: text = "Incorrect"
11.881	EXP	feedback_text: autoDraw = true
11.881	EXP	button_left_2: autoDraw = true
11.881	EXP	button_right_2: autoDraw = true
11.881	EXP	trial_label_left_2: autoDraw = true
11.881	EXP	trial_label_right_2: autoDraw = true
11.951	DATA	Mouse: 0 button down, pos=(487,858)
12.38	EXP	feedback_text: autoDraw = false
12.38	EXP	button_left_2: autoDraw = false
12.38	EXP	button_right_2: autoDraw = false
12.38	EXP	trial_label_left_2: autoDraw = false
12.38	EXP	trial_label_right_2: autoDraw = false
12.38	EXP	feedback_text: autoDraw = false
12.38	EXP	button_left_2: autoDraw = false
12.38	EXP	button_right_2: autoDraw = false
12.38	EXP	trial_label_left_2: autoDraw = false
12.38	EXP	trial_label_right_2: autoDraw = false
12.38	EXP	prime_text: text = "winfer"
12.38	EXP	target: text = "ROUPET"
12.38	EXP	target: font = "Courier New"
12.38	EXP	fixation_mask: autoDraw = true
12.38	EXP	button_left: autoDraw = true
12.38	EXP	button_right: autoDraw = true
12.38	EXP	trial_label_right: autoDraw = true
12.38	EXP	trial_label_left_new: autoDraw = true
12.881	EXP	fixation_mask: autoDraw = false
12.881	EXP	prime_text: autoDraw = true
12.912	EXP	prime_text: autoDraw = false
12.930000000000001	EXP	target: autoDraw = true
13.853000000000002	DATA	Mouse: 0 button down, pos=(415,818)
13.863000000000001	EXP	fixation_mask: autoDraw = false
13.863000000000001	EXP	prime_text: autoDraw = false
13.863000000000001	EXP	target: autoDraw = false
13.863000000000001	EXP	button_left: autoDraw = false
13.863000000000001	EXP	button_right: autoDraw = false
13.863000000000001	EXP	trial_label_right: autoDraw = false
13.863000000000001	EXP	trial_label_left_new: autoDraw = false
13.863000000000001	EXP	feedback_text: color = {"_hex":"#FF0000","_rgb":[1,0,0]}
13.863000000000001	EXP	feedback_text: text = "Incorrect"
13.863000000000001	EXP	feedback_text: autoDraw = true
13.863000000000001	EXP	button_left_2: autoDraw = true
13.863000000000001	EXP	button_right_2: autoDraw = true
13.863000000000001	EXP	trial_label_left_2: autoDraw = true
13.863000000000001	EXP	trial_label_right_2: autoDraw = true
13.931000000000001	DATA	Mouse: 0 button down, pos=(415,818)
13.932	DATA	Mouse: wheel shift=(3,0), pos=(415,818)
14.362	EXP	feedback_text: autoDraw = false
14.362	EXP	button_left_2: autoDraw = false
14.362	EXP	button_right_2: autoDraw = false
14.362	EXP	trial_label_left_2: autoDraw = false
14.362	EXP	trial_label_right_2: autoDraw = false
14.362	EXP	feedback_text: autoDraw = false
14.362	EXP	button_left_2: autoDraw = false
14.362	EXP	button_right_2: autoDraw = false
14.362	EXP	trial_label_left_2: autoDraw = false
14.362	EXP	trial_label_right_2: autoDraw = false
14.362	EXP	prime_text: text = "mushed"
14.362	EXP	target: text = "WHAISE"
14.362	EXP	target: font = "Courier New"
14.362	EXP	fixation_mask: autoDraw = true
14.362	EXP	button_left: autoDraw = true
14.362	EXP	button_right: autoDraw = true
14.362	EXP	trial_label_right: autoDraw = true
14.362	EXP	trial_label_left_new: autoDraw = true
14.864	EXP	fixation_mask: autoDraw = false
14.864	EXP	prime_text: autoDraw = true
14.912	EXP	prime_text: autoDraw = false
14.930000000000001	EXP	target: autoDraw = true
15.746000000000002	DATA	Mouse: 0 button down, pos=(590,833)
15.764	EXP	fixation_mask: autoDraw = false
15.764	EXP	prime_text: autoDraw = false
15.764	EXP	target: autoDraw = false
15.764	EXP	button_left: autoDraw = false
15.764	EXP	button_right: autoDraw = false
15.764	EXP	trial_label_right: autoDraw = false
15.764	EXP	trial_label_left_new: autoDraw = false
15.764	EXP	feedback_text: color = {"_hex":"#FF0000","_rgb":[1,0,0]}
15.764	EXP	feedback_text: text = "Incorrect"
15.764	EXP	feedback_text: autoDraw = true
15.764	EXP	button_left_2: autoDraw = true
15.764	EXP	button_right_2: autoDraw = true
15.764	EXP	trial_label_left_2: autoDraw = true
15.764	EXP	trial_label_right_2: autoDraw = true
15.879000000000001	DATA	Mouse: 0 button down, pos=(590,833)
16.263	EXP	feedback_text: autoDraw = false
16.263	EXP	button_left_2: autoDraw = false
16.263	EXP	button_right_2: autoDraw = false
16.263	EXP	trial_label_left_2: autoDraw = false
16.263	EXP	trial_label_right_2: autoDraw = false
16.263	EXP	feedback_text: autoDraw = false
16.263	EXP	button_left_2: autoDraw = false
16.263	EXP	button_right_2: autoDraw = false
16.263	EXP	trial_label_left_2: autoDraw = false
16.263	EXP	trial_label_right_2: autoDraw = false
16.263	EXP	prime_text: text = "matrix"
16.263	EXP	target: text = "MATRIX"
16.263	EXP	target: font = "Courier New"
16.263	EXP	fixation_mask: autoDraw = true
16.263	EXP	button_left: autoDraw = true
16.263	EXP	button_right: autoDraw = true
16.263	EXP	trial_label_right: autoDraw = true
16.263	EXP	trial_label_left_new: autoDraw = true
16.762	EXP	fixation_mask: autoDraw = false
16.78	EXP	prime_text: autoDraw = true
16.811	EXP	prime_text: autoDraw = false
16.830000000000002	EXP	target: autoDraw = true
17.398	DATA	Mouse: 0 button down, pos=(590,833)
17.414	EXP	fixation_mask: autoDraw = false
17.414	EXP	prime_text: autoDraw = false
17.414	EXP	target: autoDraw = false
17.414	EXP	button_left: autoDraw = false
17.414	EXP	button_right: autoDraw = false
17.414	EXP	trial_label_right: autoDraw = false
17.414	EXP	trial_label_left_new: autoDraw = false
17.414	EXP	feedback_text: color = {"_hex":"#FF0000","_rgb":[1,0,0]}
17.414	EXP	feedback_text: text = "Incorrect"
17.414	EXP	feedback_text: autoDraw = true
17.414	EXP	button_left_2: autoDraw = true
17.414	EXP	button_right_2: autoDraw = true
17.414	EXP	trial_label_left_2: autoDraw = true
17.414	EXP	trial_label_right_2: autoDraw = true
17.497	DATA	Mouse: 0 button down, pos=(590,833)
17.912	EXP	feedback_text: autoDraw = false
17.912	EXP	button_left_2: autoDraw = false
17.912	EXP	button_right_2: autoDraw = false
17.912	EXP	trial_label_left_2: autoDraw = false
17.912	EXP	trial_label_right_2: autoDraw = false
17.912	EXP	feedback_text: autoDraw = false
17.912	EXP	button_left_2: autoDraw = false
17.912	EXP	button_right_2: autoDraw = false
17.912	EXP	trial_label_left_2: autoDraw = false
17.912	EXP	trial_label_right_2: autoDraw = false
17.912	EXP	prime_text: text = "tropic"
17.912	EXP	target: text = "ZOMBIE"
17.912	EXP	target: font = "Courier New"
17.912	EXP	fixation_mask: autoDraw = true
17.912	EXP	button_left: autoDraw = true
17.912	EXP	button_right: autoDraw = true
17.912	EXP	trial_label_right: autoDraw = true
17.912	EXP	trial_label_left_new: autoDraw = true
18.413	EXP	fixation_mask: autoDraw = false
18.431	EXP	prime_text: autoDraw = true
18.464000000000002	EXP	prime_text: autoDraw = false
18.464000000000002	EXP	target: autoDraw = true
19.88	DATA	Mouse: 0 button down, pos=(537,860)
19.897000000000002	EXP	fixation_mask: autoDraw = false
19.897000000000002	EXP	prime_text: autoDraw = false
19.897000000000002	EXP	target: autoDraw = false
19.897000000000002	EXP	button_left: autoDraw = false
19.897000000000002	EXP	button_right: autoDraw = false
19.897000000000002	EXP	trial_label_right: autoDraw = false
19.897000000000002	EXP	trial_label_left_new: autoDraw = false
19.897000000000002	EXP	feedback_text: color = {"_hex":"#FF0000","_rgb":[1,0,0]}
19.897000000000002	EXP	feedback_text: text = "Incorrect"
19.897000000000002	EXP	feedback_text: autoDraw = true
19.897000000000002	EXP	button_left_2: autoDraw = true
19.897000000000002	EXP	button_right_2: autoDraw = true
19.897000000000002	EXP	trial_label_left_2: autoDraw = true
19.897000000000002	EXP	trial_label_right_2: autoDraw = true
20.396	EXP	feedback_text: autoDraw = false
20.396	EXP	button_left_2: autoDraw = false
20.396	EXP	button_right_2: autoDraw = false
20.396	EXP	trial_label_left_2: autoDraw = false
20.396	EXP	trial_label_right_2: autoDraw = false
20.396	EXP	feedback_text: autoDraw = false
20.396	EXP	button_left_2: autoDraw = false
20.396	EXP	button_right_2: autoDraw = false
20.396	EXP	trial_label_left_2: autoDraw = false
20.396	EXP	trial_label_right_2: autoDraw = false
20.396	EXP	prime_text: text = "inlade"
20.396	EXP	target: text = "INLADE"
20.396	EXP	target: font = "Courier New"
20.396	EXP	fixation_mask: autoDraw = true
20.396	EXP	button_left: autoDraw = true
20.396	EXP	button_right: autoDraw = true
20.396	EXP	trial_label_right: autoDraw = true
20.396	EXP	trial_label_left_new: autoDraw = true
20.662	DATA	Mouse: 0 button down, pos=(537,860)
20.901	EXP	fixation_mask: autoDraw = false
20.916	EXP	prime_text: autoDraw = true
20.945	EXP	prime_text: autoDraw = false
20.964000000000002	EXP	target: autoDraw = true
22.949	EXP	target: autoDraw = false
22.949	EXP	button_left: autoDraw = false
22.949	EXP	button_right: autoDraw = false
22.949	EXP	trial_label_right: autoDraw = false
22.949	EXP	trial_label_left_new: autoDraw = false
22.949	EXP	fixation_mask: autoDraw = false
22.949	EXP	prime_text: autoDraw = false
22.949	EXP	target: autoDraw = false
22.949	EXP	button_left: autoDraw = false
22.949	EXP	button_right: autoDraw = false
22.949	EXP	trial_label_right: autoDraw = false
22.949	EXP	trial_label_left_new: autoDraw = false
22.949	EXP	feedback_text: color = {"_hex":"#000000","_rgb":[0,0,0]}
22.949	EXP	feedback_text: text = "Too slow!"
22.949	EXP	feedback_text: autoDraw = true
22.949	EXP	button_left_2: autoDraw = true
22.949	EXP	button_right_2: autoDraw = true
22.949	EXP	trial_label_left_2: autoDraw = true
22.949	EXP	trial_label_right_2: autoDraw = true
23.047	DATA	Mouse: 0 button down, pos=(537,860)
23.445	EXP	feedback_text: autoDraw = false
23.445	EXP	button_left_2: autoDraw = false
23.445	EXP	button_right_2: autoDraw = false
23.445	EXP	trial_label_left_2: autoDraw = false
23.445	EXP	trial_label_right_2: autoDraw = false
23.445	EXP	feedback_text: autoDraw = false
23.445	EXP	button_left_2: autoDraw = false
23.445	EXP	button_right_2: autoDraw = false
23.445	EXP	trial_label_left_2: autoDraw = false
23.445	EXP	trial_label_right_2: autoDraw = false
23.445	EXP	prime_text: text = "miaber"
23.445	EXP	target: text = "THRALE"
23.445	EXP	target: font = "Courier New"
23.445	EXP	fixation_mask: autoDraw = true
23.445	EXP	button_left: autoDraw = true
23.445	EXP	button_right: autoDraw = true
23.445	EXP	trial_label_right: autoDraw = true
23.445	EXP	trial_label_left_new: autoDraw = true
23.516000000000002	DATA	Mouse: 0 button down, pos=(537,860)
23.896	DATA	Mouse: 0 button down, pos=(537,860)
23.945	EXP	fixation_mask: autoDraw = false
23.964000000000002	EXP	prime_text: autoDraw = true
23.996000000000002	EXP	prime_text: autoDraw = false
24	DATA	Mouse: 0 button down, pos=(537,860)
24.013	EXP	target: autoDraw = true
24.497	DATA	Mouse: 0 button down, pos=(537,860)
24.516000000000002	EXP	fixation_mask: autoDraw = false
24.516000000000002	EXP	prime_text: autoDraw = false
24.516000000000002	EXP	target: autoDraw = false
24.516000000000002	EXP	button_left: autoDraw = false
24.516000000000002	EXP	button_right: autoDraw = false
24.516000000000002	EXP	trial_label_right: autoDraw = false
24.516000000000002	EXP	trial_label_left_new: autoDraw = false
24.516000000000002	EXP	feedback_text: color = {"_hex":"#FF0000","_rgb":[1,0,0]}
24.516000000000002	EXP	feedback_text: text = "Incorrect"
24.516000000000002	EXP	feedback_text: autoDraw = true
24.516000000000002	EXP	button_left_2: autoDraw = true
24.516000000000002	EXP	button_right_2: autoDraw = true
24.516000000000002	EXP	trial_label_left_2: autoDraw = true
24.516000000000002	EXP	trial_label_right_2: autoDraw = true
24.585	DATA	Mouse: 0 button down, pos=(537,860)
25.012	EXP	feedback_text: autoDraw = false
25.012	EXP	button_left_2: autoDraw = false
25.012	EXP	button_right_2: autoDraw = false
25.012	EXP	trial_label_left_2: autoDraw = false
25.012	EXP	trial_label_right_2: autoDraw = false
25.012	EXP	feedback_text: autoDraw = false
25.012	EXP	button_left_2: autoDraw = false
25.012	EXP	button_right_2: autoDraw = false
25.012	EXP	trial_label_left_2: autoDraw = false
25.012	EXP	trial_label_right_2: autoDraw = false
25.012	EXP	prime_text: text = "frenzy"
25.012	EXP	target: text = "OBTAIN"
25.012	EXP	target: font = "Courier New"
25.012	EXP	fixation_mask: autoDraw = true
25.012	EXP	button_left: autoDraw = true
25.012	EXP	button_right: autoDraw = true
25.012	EXP	trial_label_right: autoDraw = true
25.012	EXP	trial_label_left_new: autoDraw = true
25.512	EXP	fixation_mask: autoDraw = false
25.531000000000002	EXP	prime_text: autoDraw = true
25.545	EXP	prime_text: autoDraw = false
25.563000000000002	EXP	target: autoDraw = true
25.767	DATA	Mouse: 0 button down, pos=(1301,836)
25.78	EXP	fixation_mask: autoDraw = false
25.78	EXP	prime_text: autoDraw = false
25.78	EXP	target: autoDraw = false
25.78	EXP	button_left: autoDraw = false
25.78	EXP	button_right: autoDraw = false
25.78	EXP	trial_label_right: autoDraw = false
25.78	EXP	trial_label_left_new: autoDraw = false
25.78	EXP	feedback_text: color = {"_hex":"#FF0000","_rgb":[1,0,0]}
25.78	EXP	feedback_text: text = "Incorrect"
25.78	EXP	feedback_text: autoDraw = true
25.78	EXP	button_left_2: autoDraw = true
25.78	EXP	button_right_2: autoDraw = true
25.78	EXP	trial_label_left_2: autoDraw = true
25.78	EXP	trial_label_right_2: autoDraw = true
25.863	DATA	Mouse: 0 button down, pos=(1301,836)
25.962	DATA	Mouse: 0 button down, pos=(1295,837)
26.048000000000002	DATA	Mouse: 0 button down, pos=(1292,838)
26.279	EXP	feedback_text: autoDraw = false
26.279	EXP	button_left_2: autoDraw = false
26.279	EXP	button_right_2: autoDraw = false
26.279	EXP	trial_label_left_2: autoDraw = false
26.279	EXP	trial_label_right_2: autoDraw = false
26.279	EXP	feedback_text: autoDraw = false
26.279	EXP	button_left_2: autoDraw = false
26.279	EXP	button_right_2: autoDraw = false
26.279	EXP	trial_label_left_2: autoDraw = false
26.279	EXP	trial_label_right_2: autoDraw = false
26.279	EXP	prime_text: text = "adjust"
26.279	EXP	target: text = "ADJUST"
26.279	EXP	target: font = "Courier New"
26.279	EXP	fixation_mask: autoDraw = true
26.279	EXP	button_left: autoDraw = true
26.279	EXP	button_right: autoDraw = true
26.279	EXP	trial_label_right: autoDraw = true
26.279	EXP	trial_label_left_new: autoDraw = true
26.781000000000002	EXP	fixation_mask: autoDraw = false
26.781000000000002	EXP	prime_text: autoDraw = true
26.813000000000002	EXP	prime_text: autoDraw = false
26.814	DATA	Mouse: 0 button down, pos=(495,835)
26.831	EXP	target: autoDraw = true
26.896	DATA	Mouse: 0 button down, pos=(495,835)
26.996000000000002	DATA	Mouse: 0 button down, pos=(495,835)
27.013	EXP	fixation_mask: autoDraw = false
27.013	EXP	prime_text: autoDraw = false
27.013	EXP	target: autoDraw = false
27.013	EXP	button_left: autoDraw = false
27.013	EXP	button_right: autoDraw = false
27.013	EXP	trial_label_right: autoDraw = false
27.013	EXP	trial_label_left_new: autoDraw = false
27.013	EXP	feedback_text: color = {"_hex":"#FF0000","_rgb":[1,0,0]}
27.013	EXP	feedback_text: text = "Incorrect"
27.013	EXP	feedback_text: autoDraw = true
27.013	EXP	button_left_2: autoDraw = true
27.013	EXP	button_right_2: autoDraw = true
27.013	EXP	trial_label_left_2: autoDraw = true
27.013	EXP	trial_label_right_2: autoDraw = true
27.083000000000002	DATA	Mouse: 0 button down, pos=(495,835)
27.197	DATA	Mouse: 0 button down, pos=(494,835)
27.28	DATA	Mouse: 0 button down, pos=(493,835)
27.512	EXP	feedback_text: autoDraw = false
27.512	EXP	button_left_2: autoDraw = false
27.512	EXP	button_right_2: autoDraw = false
27.512	EXP	trial_label_left_2: autoDraw = false
27.512	EXP	trial_label_right_2: autoDraw = false
27.512	EXP	feedback_text: autoDraw = false
27.512	EXP	button_left_2: autoDraw = false
27.512	EXP	button_right_2: autoDraw = false
27.512	EXP	trial_label_left_2: autoDraw = false
27.512	EXP	trial_label_right_2: autoDraw = false
27.512	EXP	prime_text: text = "hurdle"
27.512	EXP	target: text = "VOLUME"
27.512	EXP	target: font = "Courier New"
27.512	EXP	fixation_mask: autoDraw = true
27.512	EXP	button_left: autoDraw = true
27.512	EXP	button_right: autoDraw = true
27.512	EXP	trial_label_right: autoDraw = true
27.512	EXP	trial_label_left_new: autoDraw = true
27.762	DATA	Mouse: 0 button down, pos=(1216,879)
27.836000000000002	DATA	Mouse: 0 button down, pos=(1216,879)
27.938000000000002	DATA	Mouse: 0 button down, pos=(1217,881)
28.014	EXP	fixation_mask: autoDraw = false
28.014	EXP	prime_text: autoDraw = true
28.018	DATA	Mouse: 0 button down, pos=(1219,881)
28.063000000000002	EXP	prime_text: autoDraw = false
28.063000000000002	EXP	target: autoDraw = true
28.145	DATA	Mouse: 0 button down, pos=(1227,887)
28.163	EXP	fixation_mask: autoDraw = false
28.163	EXP	prime_text: autoDraw = false
28.163	EXP	target: autoDraw = false
28.163	EXP	button_left: autoDraw = false
28.163	EXP	button_right: autoDraw = false
28.163	EXP	trial_label_right: autoDraw = false
28.163	EXP	trial_label_left_new: autoDraw = false
28.163	EXP	feedback_text: color = {"_hex":"#FF0000","_rgb":[1,0,0]}
28.163	EXP	feedback_text: text = "Incorrect"
28.163	EXP	feedback_text: autoDraw = true
28.163	EXP	button_left_2: autoDraw = true
28.163	EXP	button_right_2: autoDraw = true
28.163	EXP	trial_label_left_2: autoDraw = true
28.163	EXP	trial_label_right_2: autoDraw = true
28.198	DATA	Mouse: 0 button down, pos=(1227,889)
28.314	DATA	Mouse: 0 button down, pos=(1245,891)
28.414	DATA	Mouse: 0 button down, pos=(1244,892)
28.663	EXP	feedback_text: autoDraw = false
28.663	EXP	button_left_2: autoDraw = false
28.663	EXP	button_right_2: autoDraw = false
28.663	EXP	trial_label_left_2: autoDraw = false
28.663	EXP	trial_label_right_2: autoDraw = false
28.663	EXP	feedback_text: autoDraw = false
28.663	EXP	button_left_2: autoDraw = false
28.663	EXP	button_right_2: autoDraw = false
28.663	EXP	trial_label_left_2: autoDraw = false
28.663	EXP	trial_label_right_2: autoDraw = false
28.663	EXP	prime_text: text = "rashet"
28.663	EXP	target: text = "RASHET"
28.663	EXP	target: font = "Courier New"
28.663	EXP	fixation_mask: autoDraw = true
28.663	EXP	button_left: autoDraw = true
28.663	EXP	button_right: autoDraw = true
28.663	EXP	trial_label_right: autoDraw = true
28.663	EXP	trial_label_left_new: autoDraw = true
28.816	DATA	Mouse: 0 button down, pos=(451,834)
28.898	DATA	Mouse: 0 button down, pos=(451,834)
28.985	DATA	Mouse: 0 button down, pos=(454,836)
29.080000000000002	DATA	Mouse: 0 button down, pos=(454,836)
29.162	EXP	fixation_mask: autoDraw = false
29.181	EXP	prime_text: autoDraw = true
29.186	DATA	Mouse: 0 button down, pos=(454,836)
29.212	EXP	prime_text: autoDraw = false
29.231	EXP	target: autoDraw = true
29.281000000000002	DATA	Mouse: 0 button down, pos=(454,836)
29.347	DATA	Mouse: 0 button down, pos=(454,836)
29.364	EXP	fixation_mask: autoDraw = false
29.364	EXP	prime_text: autoDraw = false
29.364	EXP	target: autoDraw = false
29.364	EXP	button_left: autoDraw = false
29.364	EXP	button_right: autoDraw = false
29.364	EXP	trial_label_right: autoDraw = false
29.364	EXP	trial_label_left_new: autoDraw = false
29.364	EXP	feedback_text: color = {"_hex":"#FF0000","_rgb":[1,0,0]}
29.364	EXP	feedback_text: text = "Incorrect"
29.364	EXP	feedback_text: autoDraw = true
29.364	EXP	button_left_2: autoDraw = true
29.364	EXP	button_right_2: autoDraw = true
29.364	EXP	trial_label_left_2: autoDraw = true
29.364	EXP	trial_label_right_2: autoDraw = true
29.463	DATA	Mouse: 0 button down, pos=(454,836)
29.862000000000002	EXP	feedback_text: autoDraw = false
29.862000000000002	EXP	button_left_2: autoDraw = false
29.862000000000002	EXP	button_right_2: autoDraw = false
29.862000000000002	EXP	trial_label_left_2: autoDraw = false
29.862000000000002	EXP	trial_label_right_2: autoDraw = false
29.862000000000002	EXP	feedback_text: autoDraw = false
29.862000000000002	EXP	button_left_2: autoDraw = false
29.862000000000002	EXP	button_right_2: autoDraw = false
29.862000000000002	EXP	trial_label_left_2: autoDraw = false
29.862000000000002	EXP	trial_label_right_2: autoDraw = false
29.862000000000002	EXP	prime_text: text = "utopia"
29.862000000000002	EXP	target: text = "UTOPIA"
29.862000000000002	EXP	target: font = "Courier New"
29.862000000000002	EXP	fixation_mask: autoDraw = true
29.862000000000002	EXP	button_left: autoDraw = true
29.862000000000002	EXP	button_right: autoDraw = true
29.862000000000002	EXP	trial_label_right: autoDraw = true
29.862000000000002	EXP	trial_label_left_new: autoDraw = true
30.279	DATA	Mouse: 0 button down, pos=(1306,868)
30.362000000000002	EXP	fixation_mask: autoDraw = false
30.362000000000002	EXP	prime_text: autoDraw = true
30.368000000000002	DATA	Mouse: 0 button down, pos=(1306,868)
30.396	EXP	prime_text: autoDraw = false
30.396	EXP	target: autoDraw = true
30.463	DATA	Mouse: 0 button down, pos=(1299,869)
30.48	EXP	fixation_mask: autoDraw = false
30.48	EXP	prime_text: autoDraw = false
30.48	EXP	target: autoDraw = false
30.48	EXP	button_left: autoDraw = false
30.48	EXP	button_right: autoDraw = false
30.48	EXP	trial_label_right: autoDraw = false
30.48	EXP	trial_label_left_new: autoDraw = false
30.48	EXP	feedback_text: color = {"_hex":"#FF0000","_rgb":[1,0,0]}
30.48	EXP	feedback_text: text = "Incorrect"
30.48	EXP	feedback_text: autoDraw = true
30.48	EXP	button_left_2: autoDraw = true
30.48	EXP	button_right_2: autoDraw = true
30.48	EXP	trial_label_left_2: autoDraw = true
30.48	EXP	trial_label_right_2: autoDraw = true
30.562	DATA	Mouse: 0 button down, pos=(1295,870)
30.650000000000002	DATA	Mouse: 0 button down, pos=(1294,870)
30.78	DATA	Mouse: 0 button down, pos=(1291,871)
30.999000000000002	EXP	feedback_text: autoDraw = false
30.999000000000002	EXP	button_left_2: autoDraw = false
30.999000000000002	EXP	button_right_2: autoDraw = false
30.999000000000002	EXP	trial_label_left_2: autoDraw = false
30.999000000000002	EXP	trial_label_right_2: autoDraw = false
30.999000000000002	EXP	feedback_text: autoDraw = false
30.999000000000002	EXP	button_left_2: autoDraw = false
30.999000000000002	EXP	button_right_2: autoDraw = false
30.999000000000002	EXP	trial_label_left_2: autoDraw = false
30.999000000000002	EXP	trial_label_right_2: autoDraw = false
30.999000000000002	EXP	instructions: text = "You have completed the practice trials. During the experimental trials, you will not receive feedback, but it is very important that you respond as quickly and accurately as possible. \r\nBefore you begin, please ensure that you are in a comfortable and quiet location and will not be disturbed for about 25 minutes, as we cannot use your data if you do not complete all the trials. \r\nThere will be opportunities to take breaks at regular intervals during the experiment. When you are ready to start the experimental trials, please press space or touch the button below."
30.999000000000002	EXP	instructions_image: image = undefined
30.999000000000002	EXP	instructions: autoDraw = true
30.999000000000002	EXP	instr_done_button: autoDraw = true
30.999000000000002	EXP	instr_done_label: autoDraw = true
31.880000000000003	DATA	Mouse: 0 button down, pos=(922,920)
31.969	EXP	instructions: autoDraw = false
31.969	EXP	instr_done_button: autoDraw = false
31.969	EXP	instr_done_label: autoDraw = false
31.969	EXP	instructions_image: autoDraw = false
31.969	EXP	prime_text: text = "desory"
31.969	EXP	target: text = "FONVER"
31.969	EXP	target: font = "Courier New"
31.969	EXP	fixation_mask: autoDraw = true
31.969	EXP	button_left: autoDraw = true
31.969	EXP	button_right: autoDraw = true
31.969	EXP	trial_label_right: autoDraw = true
31.969	EXP	trial_label_left_new: autoDraw = true
31.969	DATA	Mouse: 0 button down, pos=(922,920)
32.033	DATA	Mouse: wheel shift=(3,0), pos=(923,921)
32.47	EXP	fixation_mask: autoDraw = false
32.471000000000004	DATA	Mouse: 0 button down, pos=(682,842)
32.492	EXP	prime_text: autoDraw = true
32.492	EXP	prime_text: autoDraw = false
32.513	EXP	target: autoDraw = true
32.546	DATA	Mouse: 0 button down, pos=(680,842)
32.647	DATA	Mouse: 0 button down, pos=(670,847)
32.664	EXP	fixation_mask: autoDraw = false
32.664	EXP	prime_text: autoDraw = false
32.664	EXP	target: autoDraw = false
32.664	EXP	button_left: autoDraw = false
32.664	EXP	button_right: autoDraw = false
32.664	EXP	trial_label_right: autoDraw = false
32.664	EXP	trial_label_left_new: autoDraw = false
32.664	EXP	feedback_text: color = {"_hex":"#FF0000","_rgb":[1,0,0]}
32.664	EXP	feedback_text: text = "Incorrect"
32.664	EXP	feedback_text: autoDraw = true
32.664	EXP	feedback_text: autoDraw = false
32.664	EXP	button_left_2: autoDraw = true
32.664	EXP	button_left_2: autoDraw = false
32.664	EXP	button_right_2: autoDraw = true
32.664	EXP	button_right_2: autoDraw = false
32.664	EXP	trial_label_left_2: autoDraw = true
32.664	EXP	trial_label_left_2: autoDraw = false
32.664	EXP	trial_label_right_2: autoDraw = true
32.664	EXP	trial_label_right_2: autoDraw = false
32.664	EXP	feedback_text: autoDraw = false
32.664	EXP	button_left_2: autoDraw = false
32.664	EXP	button_right_2: autoDraw = false
32.664	EXP	trial_label_left_2: autoDraw = false
32.664	EXP	trial_label_right_2: autoDraw = false
32.664	EXP	break_text: text = "BREAK\n\nYou have now completed 0% of the experiment. Please take a short break.\nWhen you are done, please press the space bar or touch the \"Continue\" button below to continue the experiment."
32.664	EXP	break_text: autoDraw = true
32.664	EXP	break_done_button: autoDraw = true
32.664	EXP	break_done_button_label: autoDraw = true
32.664	EXP	break_text: autoDraw = false
32.664	EXP	break_done_button: autoDraw = false
32.664	EXP	break_done_button_label: autoDraw = false
32.664	EXP	prime_text: text = "photie"
32.664	EXP	target: text = "PHOTIE"
32.664	EXP	target: font = "Courier New"
32.664	EXP	fixation_mask: autoDraw = true
32.664	EXP	button_left: autoDraw = true
32.664	EXP	button_right: autoDraw = true
32.664	EXP	trial_label_right: autoDraw = true
32.664	EXP	trial_label_left_new: autoDraw = true
32.734	DATA	Mouse: 0 button down, pos=(670,847)
32.818	DATA	Mouse: 0 button down, pos=(670,847)
32.913000000000004	DATA	Mouse: 0 button down, pos=(670,847)
33.162	EXP	fixation_mask: autoDraw = false
33.181	EXP	prime_text: autoDraw = true
33.195	EXP	prime_text: autoDraw = false
33.213	EXP	target: autoDraw = true
35.196	EXP	target: autoDraw = false
35.196	EXP	button_left: autoDraw = false
35.196	EXP	button_right: autoDraw = false
35.196	EXP	trial_label_right: autoDraw = false
35.196	EXP	trial_label_left_new: autoDraw = false
35.196	EXP	fixation_mask: autoDraw = false
35.196	EXP	prime_text: autoDraw = false
35.196	EXP	target: autoDraw = false
35.196	EXP	button_left: autoDraw = false
35.196	EXP	button_right: autoDraw = false
35.196	EXP	trial_label_right: autoDraw = false
35.196	EXP	trial_label_left_new: autoDraw = false
35.196	EXP	feedback_text: color = {"_hex":"#000000","_rgb":[0,0,0]}
35.196	EXP	feedback_text: text = "Too slow!"
35.196	EXP	feedback_text: autoDraw = true
35.196	EXP	button_left_2: autoDraw = true
35.196	EXP	button_right_2: autoDraw = true
35.196	EXP	trial_label_left_2: autoDraw = true
35.196	EXP	trial_label_right_2: autoDraw = true
35.695	EXP	feedback_text: autoDraw = false
35.695	EXP	button_left_2: autoDraw = false
35.695	EXP	button_right_2: autoDraw = false
35.695	EXP	trial_label_left_2: autoDraw = false
35.695	EXP	trial_label_right_2: autoDraw = false
35.695	EXP	feedback_text: autoDraw = false
35.695	EXP	button_left_2: autoDraw = false
35.695	EXP	button_right_2: autoDraw = false
35.695	EXP	trial_label_left_2: autoDraw = false
35.695	EXP	trial_label_right_2: autoDraw = false
35.695	EXP	break_text: text = "BREAK\n\nYou have now completed 0% of the experiment. Please take a short break.\nWhen you are done, please press the space bar or touch the \"Continue\" button below to continue the experiment."
35.695	EXP	break_text: autoDraw = true
35.695	EXP	break_done_button: autoDraw = true
35.695	EXP	break_done_button_label: autoDraw = true
35.695	EXP	break_text: autoDraw = false
35.695	EXP	break_done_button: autoDraw = false
35.695	EXP	break_done_button_label: autoDraw = false
35.695	EXP	prime_text: text = "josted"
35.695	EXP	target: text = "JOSTED"
35.695	EXP	target: font = "Courier New"
35.695	EXP	fixation_mask: autoDraw = true
35.695	EXP	button_left: autoDraw = true
35.695	EXP	button_right: autoDraw = true
35.695	EXP	trial_label_right: autoDraw = true
35.695	EXP	trial_label_left_new: autoDraw = true
36.196	EXP	fixation_mask: autoDraw = false
36.214	EXP	prime_text: autoDraw = true
36.229	EXP	prime_text: autoDraw = false
36.247	EXP	target: autoDraw = true
38.054	DATA	Mouse: 0 button down, pos=(658,857)
38.061	EXP	fixation_mask: autoDraw = false
38.061	EXP	prime_text: autoDraw = false
38.061	EXP	target: autoDraw = false
38.061	EXP	button_left: autoDraw = false
38.061	EXP	button_right: autoDraw = false
38.061	EXP	trial_label_right: autoDraw = false
38.061	EXP	trial_label_left_new: autoDraw = false
38.061	EXP	feedback_text: color = {"_hex":"#000000","_rgb":[0,0,0]}
38.061	EXP	feedback_text: text = "Too slow!"
38.061	EXP	feedback_text: autoDraw = true
38.061	EXP	feedback_text: autoDraw = false
38.061	EXP	button_left_2: autoDraw = true
38.061	EXP	button_left_2: autoDraw = false
38.061	EXP	button_right_2: autoDraw = true
38.061	EXP	button_right_2: autoDraw = false
38.061	EXP	trial_label_left_2: autoDraw = true
38.061	EXP	trial_label_left_2: autoDraw = false
38.061	EXP	trial_label_right_2: autoDraw = true
38.061	EXP	trial_label_right_2: autoDraw = false
38.061	EXP	feedback_text: autoDraw = false
38.061	EXP	button_left_2: autoDraw = false
38.061	EXP	button_right_2: autoDraw = false
38.061	EXP	trial_label_left_2: autoDraw = false
38.061	EXP	trial_label_right_2: autoDraw = false
38.061	EXP	break_text: text = "BREAK\n\nYou have now completed 0% of the experiment. Please take a short break.\nWhen you are done, please press the space bar or touch the \"Continue\" button below to continue the experiment."
38.061	EXP	break_text: autoDraw = true
38.061	EXP	break_done_button: autoDraw = true
38.061	EXP	break_done_button_label: autoDraw = true
38.061	EXP	break_text: autoDraw = false
38.061	EXP	break_done_button: autoDraw = false
38.061	EXP	break_done_button_label: autoDraw = false
38.061	EXP	prime_text: text = "author"
38.061	EXP	target: text = "BEHOLD"
38.061	EXP	target: font = "Courier New"
38.061	EXP	fixation_mask: autoDraw = true
38.061	EXP	button_left: autoDraw = true
38.061	EXP	button_right: autoDraw = true
38.061	EXP	trial_label_right: autoDraw = true
38.061	EXP	trial_label_left_new: autoDraw = true
38.146	DATA	Mouse: 0 button down, pos=(660,854)
38.267	DATA	Mouse: 0 button down, pos=(649,845)
38.334	DATA	Mouse: 0 button down, pos=(647,842)
38.45	DATA	Mouse: 0 button down, pos=(641,840)
38.537	DATA	Mouse: 0 button down, pos=(639,839)
38.561	EXP	fixation_mask: autoDraw = false
38.58	EXP	prime_text: autoDraw = true
38.612	EXP	prime_text: autoDraw = false
38.631	EXP	target: autoDraw = true
38.832	DATA	Keydown: Escape
