0.36428000003797933	EXP	Created Window = Window( name=Window, fullscr=true, color=#ffffff, units=height, waitBlanking=true, autoLog=true, size=[1920,1013] )
2.5813750000088476	EXP	Created instructions = TextStim( name=instructions, win=Window( name=Window, fullscr=true, color=#ffffff, ~), autoDraw=null, autoLog=true, units=height, ori=null, opacity=1, pos=[0,0], size=undefined, text=default text, font=Courier New, color=#000000, contrast=1, height=0.035, bold=null, italic=null, alignHoriz=left, alignVert=center, wrapWidth=1, flipHoriz=null, flipVert=null )
2.601635000028182	EXP	Created instr_done_button = Rect( name=instr_done_button, win=Window( name=Window, fullscr=true, color=#ffffff, ~), autoDraw=null, autoLog=true, units=height, ori=null, opacity=1, pos=[0,-0.4], size=[1,1], lineWidth=1, lineColor=#000000, fillColor=#FFFFFF, vertices=[[-0.2,-0.05],[0.2,-0.05],[0.2,0.05],[-0.2,0.05]], closeShape=true, contrast=1, depth=-2, interpolate=true, width=0.4, height=0.1 )
2.6046499999938533	EXP	Created instr_done_label = TextStim( name=instr_done_label, win=Window( name=Window, fullscr=true, color=#ffffff, ~), autoDraw=null, autoLog=true, units=height, ori=null, opacity=1, pos=[0,-0.4], size=undefined, text=Continue, font=Courier New, color=#000000, contrast=1, height=0.05, bold=null, italic=null, alignHoriz=left, alignVert=center, wrapWidth=1, flipHoriz=null, flipVert=null )
2.613070000021253	EXP	Created instructions_image = ImageStim( name=instructions_image, win=Window( name=Window, fullscr=true, color=#ffffff, ~), autoDraw=null, autoLog=true, units=height, ori=null, opacity=1, pos=[0,0], size=[0.4,0.3], image=undefined, mask=undefined, color=#ffffff, contrast=1, texRes=128, interpolate=true, depth=-6, flipHoriz=null, flipVert=null )
2.615235000033863	EXP	Created fixation_mask = TextStim( name=fixation_mask, win=Window( name=Window, fullscr=true, color=#ffffff, ~), autoDraw=null, autoLog=true, units=height, ori=null, opacity=1, pos=[0,0], size=undefined, text=######, font=Courier New, color=#000000, contrast=1, height=0.1, bold=null, italic=null, alignHoriz=left, alignVert=center, wrapWidth=1, flipHoriz=null, flipVert=null )
2.6167800000403076	EXP	Created prime_text = TextStim( name=prime_text, win=Window( name=Window, fullscr=true, color=#ffffff, ~), autoDraw=null, autoLog=true, units=height, ori=null, opacity=1, pos=[0,0], size=undefined, text=default text, font=Courier New, color=#000000, contrast=1, height=0.1, bold=null, italic=null, alignHoriz=left, alignVert=center, wrapWidth=1, flipHoriz=null, flipVert=null )
2.6180900000035763	EXP	Created target = TextStim( name=target, win=Window( name=Window, fullscr=true, color=#ffffff, ~), autoDraw=null, autoLog=true, units=height, ori=null, opacity=1, pos=[0,0], size=undefined, text=default text, font=Arial, color=#000000, contrast=1, height=0.1, bold=null, italic=null, alignHoriz=left, alignVert=center, wrapWidth=1, flipHoriz=null, flipVert=null )
2.623775000043679	EXP	Created button_left = Rect( name=button_left, win=Window( name=Window, fullscr=true, color=#ffffff, ~), autoDraw=null, autoLog=true, units=height, ori=null, opacity=1, pos=[-0.4,-0.3], size=[1,1], lineWidth=1, lineColor=#000000, fillColor=#FFFFFF, vertices=[[-0.2,-0.1],[0.2,-0.1],[0.2,0.1],[-0.2,0.1]], closeShape=true, contrast=1, depth=-5, interpolate=true, width=0.4, height=0.2 )
2.626864999998361	EXP	Created button_right = Rect( name=button_right, win=Window( name=Window, fullscr=true, color=#ffffff, ~), autoDraw=null, autoLog=true, units=height, ori=null, opacity=1, pos=[0.4,-0.3], size=[1,1], lineWidth=1, lineColor=#000000, fillColor=#FFFFFF, vertices=[[-0.2,-0.1],[0.2,-0.1],[0.2,0.1],[-0.2,0.1]], closeShape=true, contrast=1, depth=-6, interpolate=true, width=0.4, height=0.2 )
2.6278499999898486	EXP	Created trial_label_right = TextStim( name=trial_label_right, win=Window( name=Window, fullscr=true, color=#ffffff, ~), autoDraw=null, autoLog=true, units=height, ori=null, opacity=1, pos=[0.4,-0.3], size=undefined, text=M = Word, font=Courier New, color=#000000, contrast=1, height=0.05, bold=null, italic=null, alignHoriz=left, alignVert=center, wrapWidth=1, flipHoriz=null, flipVert=null )
2.6285849999985658	EXP	Created trial_label_left_new = TextStim( name=trial_label_left_new, win=Window( name=Window, fullscr=true, color=#ffffff, ~), autoDraw=null, autoLog=true, units=height, ori=null, opacity=1, pos=[-0.4,-0.3], size=undefined, text=Z = Nonword, font=Courier New, color=#000000, contrast=1, height=0.05, bold=null, italic=null, alignHoriz=left, alignVert=center, wrapWidth=1, flipHoriz=null, flipVert=null )
2.629205000004731	EXP	Created feedback_text = TextStim( name=feedback_text, win=Window( name=Window, fullscr=true, color=#ffffff, ~), autoDraw=null, autoLog=true, units=height, ori=null, opacity=1, pos=[0,0], size=undefined, text=default text, font=Courier New, color=#FFFFFF, contrast=1, height=0.05, bold=null, italic=null, alignHoriz=left, alignVert=center, wrapWidth=1, flipHoriz=null, flipVert=null )
2.6341250000405125	EXP	Created button_left_2 = Rect( name=button_left_2, win=Window( name=Window, fullscr=true, color=#ffffff, ~), autoDraw=null, autoLog=true, units=height, ori=null, opacity=1, pos=[-0.4,-0.3], size=[1,1], lineWidth=1, lineColor=#000000, fillColor=#FFFFFF, vertices=[[-0.2,-0.1],[0.2,-0.1],[0.2,0.1],[-0.2,0.1]], closeShape=true, contrast=1, depth=-2, interpolate=true, width=0.4, height=0.2 )
2.6370300000417046	EXP	Created button_right_2 = Rect( name=button_right_2, win=Window( name=Window, fullscr=true, color=#ffffff, ~), autoDraw=null, autoLog=true, units=height, ori=null, opacity=1, pos=[0.4,-0.3], size=[1,1], lineWidth=1, lineColor=#000000, fillColor=#FFFFFF, vertices=[[-0.2,-0.1],[0.2,-0.1],[0.2,0.1],[-0.2,0.1]], closeShape=true, contrast=1, depth=-3, interpolate=true, width=0.4, height=0.2 )
2.637715000018943	EXP	Created trial_label_left_2 = TextStim( name=trial_label_left_2, win=Window( name=Window, fullscr=true, color=#ffffff, ~), autoDraw=null, autoLog=true, units=height, ori=null, opacity=1, pos=[-0.4,-0.3], size=undefined, text=Z = Nonword, font=Courier New, color=#000000, contrast=1, height=0.05, bold=null, italic=null, alignHoriz=left, alignVert=center, wrapWidth=1, flipHoriz=null, flipVert=null )
2.6388300000107847	EXP	Created trial_label_right_2 = TextStim( name=trial_label_right_2, win=Window( name=Window, fullscr=true, color=#ffffff, ~), autoDraw=null, autoLog=true, units=height, ori=null, opacity=1, pos=[0.4,-0.3], size=undefined, text=M = Word, font=Courier New, color=#000000, contrast=1, height=0.05, bold=null, italic=null, alignHoriz=left, alignVert=center, wrapWidth=1, flipHoriz=null, flipVert=null )
2.6400400000275113	EXP	Created instructions = TextStim( name=instructions, win=Window( name=Window, fullscr=true, color=#ffffff, ~), autoDraw=null, autoLog=true, units=height, ori=null, opacity=1, pos=[0,0], size=undefined, text=default text, font=Courier New, color=#000000, contrast=1, height=0.035, bold=null, italic=null, alignHoriz=left, alignVert=center, wrapWidth=1, flipHoriz=null, flipVert=null )
2.645974999992177	EXP	Created instr_done_button = Rect( name=instr_done_button, win=Window( name=Window, fullscr=true, color=#ffffff, ~), autoDraw=null, autoLog=true, units=height, ori=null, opacity=1, pos=[0,-0.4], size=[1,1], lineWidth=1, lineColor=#000000, fillColor=#FFFFFF, vertices=[[-0.2,-0.05],[0.2,-0.05],[0.2,0.05],[-0.2,0.05]], closeShape=true, contrast=1, depth=-2, interpolate=true, width=0.4, height=0.1 )
2.6475700000301003	EXP	Created instr_done_label = TextStim( name=instr_done_label, win=Window( name=Window, fullscr=true, color=#ffffff, ~), autoDraw=null, autoLog=true, units=height, ori=null, opacity=1, pos=[0,-0.4], size=undefined, text=Continue, font=Courier New, color=#000000, contrast=1, height=0.05, bold=null, italic=null, alignHoriz=left, alignVert=center, wrapWidth=1, flipHoriz=null, flipVert=null )
2.65183500002604	EXP	Created instructions_image = ImageStim( name=instructions_image, win=Window( name=Window, fullscr=true, color=#ffffff, ~), autoDraw=null, autoLog=true, units=height, ori=null, opacity=1, pos=[0,0], size=[0.4,0.3], image=undefined, mask=undefined, color=#ffffff, contrast=1, texRes=128, interpolate=true, depth=-6, flipHoriz=null, flipVert=null )
2.653150000027381	EXP	Created fixation_mask = TextStim( name=fixation_mask, win=Window( name=Window, fullscr=true, color=#ffffff, ~), autoDraw=null, autoLog=true, units=height, ori=null, opacity=1, pos=[0,0], size=undefined, text=######, font=Courier New, color=#000000, contrast=1, height=0.1, bold=null, italic=null, alignHoriz=left, alignVert=center, wrapWidth=1, flipHoriz=null, flipVert=null )
2.654630000004545	EXP	Created prime_text = TextStim( name=prime_text, win=Window( name=Window, fullscr=true, color=#ffffff, ~), autoDraw=null, autoLog=true, units=height, ori=null, opacity=1, pos=[0,0], size=undefined, text=default text, font=Courier New, color=#000000, contrast=1, height=0.1, bold=null, italic=null, alignHoriz=left, alignVert=center, wrapWidth=1, flipHoriz=null, flipVert=null )
2.6565500000142492	EXP	Created target = TextStim( name=target, win=Window( name=Window, fullscr=true, color=#ffffff, ~), autoDraw=null, autoLog=true, units=height, ori=null, opacity=1, pos=[0,0], size=undefined, text=default text, font=Arial, color=#000000, contrast=1, height=0.1, bold=null, italic=null, alignHoriz=left, alignVert=center, wrapWidth=1, flipHoriz=null, flipVert=null )
2.659945000021253	EXP	Created button_left = Rect( name=button_left, win=Window( name=Window, fullscr=true, color=#ffffff, ~), autoDraw=null, autoLog=true, units=height, ori=null, opacity=1, pos=[-0.4,-0.3], size=[1,1], lineWidth=1, lineColor=#000000, fillColor=#FFFFFF, vertices=[[-0.2,-0.1],[0.2,-0.1],[0.2,0.1],[-0.2,0.1]], closeShape=true, contrast=1, depth=-5, interpolate=true, width=0.4, height=0.2 )
2.663590000011027	EXP	Created button_right = Rect( name=button_right, win=Window( name=Window, fullscr=true, color=#ffffff, ~), autoDraw=null, autoLog=true, units=height, ori=null, opacity=1, pos=[0.4,-0.3], size=[1,1], lineWidth=1, lineColor=#000000, fillColor=#FFFFFF, vertices=[[-0.2,-0.1],[0.2,-0.1],[0.2,0.1],[-0.2,0.1]], closeShape=true, contrast=1, depth=-6, interpolate=true, width=0.4, height=0.2 )
2.6659550000331365	EXP	Created trial_label_right = TextStim( name=trial_label_right, win=Window( name=Window, fullscr=true, color=#ffffff, ~), autoDraw=null, autoLog=true, units=height, ori=null, opacity=1, pos=[0.4,-0.3], size=undefined, text=M = Word, font=Courier New, color=#000000, contrast=1, height=0.05, bold=null, italic=null, alignHoriz=left, alignVert=center, wrapWidth=1, flipHoriz=null, flipVert=null )
2.667539999994915	EXP	Created trial_label_left_new = TextStim( name=trial_label_left_new, win=Window( name=Window, fullscr=true, color=#ffffff, ~), autoDraw=null, autoLog=true, units=height, ori=null, opacity=1, pos=[-0.4,-0.3], size=undefined, text=Z = Nonword, font=Courier New, color=#000000, contrast=1, height=0.05, bold=null, italic=null, alignHoriz=left, alignVert=center, wrapWidth=1, flipHoriz=null, flipVert=null )
2.669560000009369	EXP	Created feedback_text = TextStim( name=feedback_text, win=Window( name=Window, fullscr=true, color=#ffffff, ~), autoDraw=null, autoLog=true, units=height, ori=null, opacity=1, pos=[0,0], size=undefined, text=default text, font=Courier New, color=#FFFFFF, contrast=1, height=0.05, bold=null, italic=null, alignHoriz=left, alignVert=center, wrapWidth=1, flipHoriz=null, flipVert=null )
2.678650000016205	EXP	Created button_left_2 = Rect( name=button_left_2, win=Window( name=Window, fullscr=true, color=#ffffff, ~), autoDraw=null, autoLog=true, units=height, ori=null, opacity=1, pos=[-0.4,-0.3], size=[1,1], lineWidth=1, lineColor=#000000, fillColor=#FFFFFF, vertices=[[-0.2,-0.1],[0.2,-0.1],[0.2,0.1],[-0.2,0.1]], closeShape=true, contrast=1, depth=-2, interpolate=true, width=0.4, height=0.2 )
2.683164999994915	EXP	Created button_right_2 = Rect( name=button_right_2, win=Window( name=Window, fullscr=true, color=#ffffff, ~), autoDraw=null, autoLog=true, units=height, ori=null, opacity=1, pos=[0.4,-0.3], size=[1,1], lineWidth=1, lineColor=#000000, fillColor=#FFFFFF, vertices=[[-0.2,-0.1],[0.2,-0.1],[0.2,0.1],[-0.2,0.1]], closeShape=true, contrast=1, depth=-3, interpolate=true, width=0.4, height=0.2 )
2.6842100000358187	EXP	Created trial_label_left_2 = TextStim( name=trial_label_left_2, win=Window( name=Window, fullscr=true, color=#ffffff, ~), autoDraw=null, autoLog=true, units=height, ori=null, opacity=1, pos=[-0.4,-0.3], size=undefined, text=Z = Nonword, font=Courier New, color=#000000, contrast=1, height=0.05, bold=null, italic=null, alignHoriz=left, alignVert=center, wrapWidth=1, flipHoriz=null, flipVert=null )
2.6851000000024214	EXP	Created trial_label_right_2 = TextStim( name=trial_label_right_2, win=Window( name=Window, fullscr=true, color=#ffffff, ~), autoDraw=null, autoLog=true, units=height, ori=null, opacity=1, pos=[0.4,-0.3], size=undefined, text=M = Word, font=Courier New, color=#000000, contrast=1, height=0.05, bold=null, italic=null, alignHoriz=left, alignVert=center, wrapWidth=1, flipHoriz=null, flipVert=null )
2.6859800000092946	EXP	Created break_text = TextStim( name=break_text, win=Window( name=Window, fullscr=true, color=#ffffff, ~), autoDraw=null, autoLog=true, units=height, ori=null, opacity=1, pos=[0,0], size=undefined, text=default text, font=Courier New, color=#000000, contrast=1, height=0.05, bold=null, italic=null, alignHoriz=left, alignVert=center, wrapWidth=1, flipHoriz=null, flipVert=null )
2.6894350000075065	EXP	Created break_done_button = Rect( name=break_done_button, win=Window( name=Window, fullscr=true, color=#ffffff, ~), autoDraw=null, autoLog=true, units=height, ori=null, opacity=1, pos=[0,-0.4], size=[1,1], lineWidth=1, lineColor=#000000, fillColor=#FFFFFF, vertices=[[-0.2,-0.05],[0.2,-0.05],[0.2,0.05],[-0.2,0.05]], closeShape=true, contrast=1, depth=-4, interpolate=true, width=0.4, height=0.1 )
2.6903049999964423	EXP	Created break_done_button_label = TextStim( name=break_done_button_label, win=Window( name=Window, fullscr=true, color=#ffffff, ~), autoDraw=null, autoLog=true, units=height, ori=null, opacity=1, pos=[0,-0.4], size=undefined, text=Continue, font=Courier New, color=#000000, contrast=1, height=0.05, bold=null, italic=null, alignHoriz=left, alignVert=center, wrapWidth=1, flipHoriz=null, flipVert=null )
2.691110000014305	EXP	Created thank_you = TextStim( name=thank_you, win=Window( name=Window, fullscr=true, color=#ffffff, ~), autoDraw=null, autoLog=true, units=height, ori=null, opacity=1, pos=[0,0], size=undefined, text=This is the end of the experiment.

Please do NOT ~, font=Courier New, color=#000000, contrast=1, height=1, bold=null, italic=null, alignHoriz=left, alignVert=center, wrapWidth=1, flipHoriz=null, flipVert=null )
2.823499999998603	EXP	instructions: units = "height"
2.823499999998603	EXP	instructions: ori = 0
2.823499999998603	EXP	instructions: opacity = 1
2.823499999998603	EXP	instructions: pos = [0,0]
2.823499999998603	EXP	instructions: size = undefined
2.823499999998603	EXP	instructions: text = "default text"
2.823499999998603	EXP	instructions: font = "Courier New"
2.823499999998603	EXP	instructions: color = {"_hex":"#000000","_rgb":[0,0,0]}
2.823499999998603	EXP	instructions: contrast = 1
2.823499999998603	EXP	instructions: height = 0.035
2.823499999998603	EXP	instructions: bold = false
2.823499999998603	EXP	instructions: italic = false
2.823499999998603	EXP	instructions: alignHoriz = "left"
2.823499999998603	EXP	instructions: alignVert = "center"
2.823499999998603	EXP	instructions: wrapWidth = 1
2.823499999998603	EXP	instructions: flipHoriz = false
2.823499999998603	EXP	instructions: flipVert = false
2.823499999998603	EXP	instr_done_button: units = "height"
2.823499999998603	EXP	instr_done_button: ori = 0
2.823499999998603	EXP	instr_done_button: opacity = 1
2.823499999998603	EXP	instr_done_button: pos = [0,-0.4]
2.823499999998603	EXP	instr_done_button: size = [1,1]
2.823499999998603	EXP	instr_done_button: lineWidth = 1
2.823499999998603	EXP	instr_done_button: lineColor = {"_hex":"#000000","_rgb":[0,0,0]}
2.823499999998603	EXP	instr_done_button: fillColor = {"_hex":"#FFFFFF","_rgb":[1,1,1]}
2.823499999998603	EXP	instr_done_button: vertices = [[-0.5,0],[0,0.5],[0.5,0]]
2.823499999998603	EXP	instr_done_button: closeShape = true
2.823499999998603	EXP	instr_done_button: contrast = 1
2.823499999998603	EXP	instr_done_button: depth = -2
2.823499999998603	EXP	instr_done_button: interpolate = true
2.823499999998603	EXP	instr_done_button: width = 0.4
2.823499999998603	EXP	instr_done_button: vertices = [[-0.2,null],[0.2,null],[0.2,null],[-0.2,null]]
2.823499999998603	EXP	instr_done_button: height = 0.1
2.823499999998603	EXP	instr_done_button: vertices = [[-0.2,-0.05],[0.2,-0.05],[0.2,0.05],[-0.2,0.05]]
2.823499999998603	EXP	instr_done_button: vertices = [[-0.2,-0.05],[0.2,-0.05],[0.2,0.05],[-0.2,0.05]]
2.823499999998603	EXP	instr_done_label: units = "height"
2.823499999998603	EXP	instr_done_label: ori = 0
2.823499999998603	EXP	instr_done_label: opacity = 1
2.823499999998603	EXP	instr_done_label: pos = [0,-0.4]
2.823499999998603	EXP	instr_done_label: size = undefined
2.823499999998603	EXP	instr_done_label: text = "Continue"
2.823499999998603	EXP	instr_done_label: font = "Courier New"
2.823499999998603	EXP	instr_done_label: color = {"_hex":"#000000","_rgb":[0,0,0]}
2.823499999998603	EXP	instr_done_label: contrast = 1
2.823499999998603	EXP	instr_done_label: height = 0.05
2.823499999998603	EXP	instr_done_label: bold = false
2.823499999998603	EXP	instr_done_label: italic = false
2.823499999998603	EXP	instr_done_label: alignHoriz = "left"
2.823499999998603	EXP	instr_done_label: alignVert = "center"
2.823499999998603	EXP	instr_done_label: wrapWidth = 1
2.823499999998603	EXP	instr_done_label: flipHoriz = false
2.823499999998603	EXP	instr_done_label: flipVert = false
2.823499999998603	EXP	instructions_image: units = "height"
2.823499999998603	EXP	instructions_image: ori = 0
2.823499999998603	EXP	instructions_image: opacity = 1
2.823499999998603	EXP	instructions_image: pos = [0,0]
2.823499999998603	EXP	instructions_image: size = [0.4,0.3]
2.823499999998603	EXP	instructions_image: image = undefined
2.823499999998603	EXP	instructions_image: mask = undefined
2.823499999998603	EXP	instructions_image: color = {"_rgb":[1,1,1]}
2.823499999998603	EXP	instructions_image: contrast = 1
2.823499999998603	EXP	instructions_image: texRes = 128
2.823499999998603	EXP	instructions_image: interpolate = true
2.823499999998603	EXP	instructions_image: depth = -6
2.823499999998603	EXP	instructions_image: flipHoriz = false
2.823499999998603	EXP	instructions_image: flipVert = false
2.823499999998603	EXP	fixation_mask: units = "height"
2.823499999998603	EXP	fixation_mask: ori = 0
2.823499999998603	EXP	fixation_mask: opacity = 1
2.823499999998603	EXP	fixation_mask: pos = [0,0]
2.823499999998603	EXP	fixation_mask: size = undefined
2.823499999998603	EXP	fixation_mask: text = "######"
2.823499999998603	EXP	fixation_mask: font = "Courier New"
2.823499999998603	EXP	fixation_mask: color = {"_hex":"#000000","_rgb":[0,0,0]}
2.823499999998603	EXP	fixation_mask: contrast = 1
2.823499999998603	EXP	fixation_mask: height = 0.1
2.823499999998603	EXP	fixation_mask: bold = false
2.823499999998603	EXP	fixation_mask: italic = false
2.823499999998603	EXP	fixation_mask: alignHoriz = "left"
2.823499999998603	EXP	fixation_mask: alignVert = "center"
2.823499999998603	EXP	fixation_mask: wrapWidth = 1
2.823499999998603	EXP	fixation_mask: flipHoriz = false
2.823499999998603	EXP	fixation_mask: flipVert = false
2.823499999998603	EXP	prime_text: units = "height"
2.823499999998603	EXP	prime_text: ori = 0
2.823499999998603	EXP	prime_text: opacity = 1
2.823499999998603	EXP	prime_text: pos = [0,0]
2.823499999998603	EXP	prime_text: size = undefined
2.823499999998603	EXP	prime_text: text = "default text"
2.823499999998603	EXP	prime_text: font = "Courier New"
2.823499999998603	EXP	prime_text: color = {"_hex":"#000000","_rgb":[0,0,0]}
2.823499999998603	EXP	prime_text: contrast = 1
2.823499999998603	EXP	prime_text: height = 0.1
2.823499999998603	EXP	prime_text: bold = false
2.823499999998603	EXP	prime_text: italic = false
2.823499999998603	EXP	prime_text: alignHoriz = "left"
2.823499999998603	EXP	prime_text: alignVert = "center"
2.823499999998603	EXP	prime_text: wrapWidth = 1
2.823499999998603	EXP	prime_text: flipHoriz = false
2.823499999998603	EXP	prime_text: flipVert = false
2.823499999998603	EXP	target: units = "height"
2.823499999998603	EXP	target: ori = 0
2.823499999998603	EXP	target: opacity = 1
2.823499999998603	EXP	target: pos = [0,0]
2.823499999998603	EXP	target: size = undefined
2.823499999998603	EXP	target: text = "default text"
2.823499999998603	EXP	target: font = "Arial"
2.823499999998603	EXP	target: color = {"_hex":"#000000","_rgb":[0,0,0]}
2.823499999998603	EXP	target: contrast = 1
2.823499999998603	EXP	target: height = 0.1
2.823499999998603	EXP	target: bold = false
2.823499999998603	EXP	target: italic = false
2.823499999998603	EXP	target: alignHoriz = "left"
2.823499999998603	EXP	target: alignVert = "center"
2.823499999998603	EXP	target: wrapWidth = 1
2.823499999998603	EXP	target: flipHoriz = false
2.823499999998603	EXP	target: flipVert = false
2.823499999998603	EXP	button_left: units = "height"
2.823499999998603	EXP	button_left: ori = 0
2.823499999998603	EXP	button_left: opacity = 1
2.823499999998603	EXP	button_left: pos = [-0.4,-0.3]
2.823499999998603	EXP	button_left: size = [1,1]
2.823499999998603	EXP	button_left: lineWidth = 1
2.823499999998603	EXP	button_left: lineColor = {"_hex":"#000000","_rgb":[0,0,0]}
2.823499999998603	EXP	button_left: fillColor = {"_hex":"#FFFFFF","_rgb":[1,1,1]}
2.823499999998603	EXP	button_left: vertices = [[-0.5,0],[0,0.5],[0.5,0]]
2.823499999998603	EXP	button_left: closeShape = true
2.823499999998603	EXP	button_left: contrast = 1
2.823499999998603	EXP	button_left: depth = -5
2.823499999998603	EXP	button_left: interpolate = true
2.823499999998603	EXP	button_left: width = 0.4
2.823499999998603	EXP	button_left: vertices = [[-0.2,null],[0.2,null],[0.2,null],[-0.2,null]]
2.823499999998603	EXP	button_left: height = 0.2
2.823499999998603	EXP	button_left: vertices = [[-0.2,-0.1],[0.2,-0.1],[0.2,0.1],[-0.2,0.1]]
2.823499999998603	EXP	button_left: vertices = [[-0.2,-0.1],[0.2,-0.1],[0.2,0.1],[-0.2,0.1]]
2.823499999998603	EXP	button_right: units = "height"
2.823499999998603	EXP	button_right: ori = 0
2.823499999998603	EXP	button_right: opacity = 1
2.823499999998603	EXP	button_right: pos = [0.4,-0.3]
2.823499999998603	EXP	button_right: size = [1,1]
2.823499999998603	EXP	button_right: lineWidth = 1
2.823499999998603	EXP	button_right: lineColor = {"_hex":"#000000","_rgb":[0,0,0]}
2.823499999998603	EXP	button_right: fillColor = {"_hex":"#FFFFFF","_rgb":[1,1,1]}
2.823499999998603	EXP	button_right: vertices = [[-0.5,0],[0,0.5],[0.5,0]]
2.823499999998603	EXP	button_right: closeShape = true
2.823499999998603	EXP	button_right: contrast = 1
2.823499999998603	EXP	button_right: depth = -6
2.823499999998603	EXP	button_right: interpolate = true
2.823499999998603	EXP	button_right: width = 0.4
2.823499999998603	EXP	button_right: vertices = [[-0.2,null],[0.2,null],[0.2,null],[-0.2,null]]
2.823499999998603	EXP	button_right: height = 0.2
2.823499999998603	EXP	button_right: vertices = [[-0.2,-0.1],[0.2,-0.1],[0.2,0.1],[-0.2,0.1]]
2.823499999998603	EXP	button_right: vertices = [[-0.2,-0.1],[0.2,-0.1],[0.2,0.1],[-0.2,0.1]]
2.823499999998603	EXP	trial_label_right: units = "height"
2.823499999998603	EXP	trial_label_right: ori = 0
2.823499999998603	EXP	trial_label_right: opacity = 1
2.823499999998603	EXP	trial_label_right: pos = [0.4,-0.3]
2.823499999998603	EXP	trial_label_right: size = undefined
2.823499999998603	EXP	trial_label_right: text = "M = Word"
2.823499999998603	EXP	trial_label_right: font = "Courier New"
2.823499999998603	EXP	trial_label_right: color = {"_hex":"#000000","_rgb":[0,0,0]}
2.823499999998603	EXP	trial_label_right: contrast = 1
2.823499999998603	EXP	trial_label_right: height = 0.05
2.823499999998603	EXP	trial_label_right: bold = false
2.823499999998603	EXP	trial_label_right: italic = false
2.823499999998603	EXP	trial_label_right: alignHoriz = "left"
2.823499999998603	EXP	trial_label_right: alignVert = "center"
2.823499999998603	EXP	trial_label_right: wrapWidth = 1
2.823499999998603	EXP	trial_label_right: flipHoriz = false
2.823499999998603	EXP	trial_label_right: flipVert = false
2.823499999998603	EXP	trial_label_left_new: units = "height"
2.823499999998603	EXP	trial_label_left_new: ori = 0
2.823499999998603	EXP	trial_label_left_new: opacity = 1
2.823499999998603	EXP	trial_label_left_new: pos = [-0.4,-0.3]
2.823499999998603	EXP	trial_label_left_new: size = undefined
2.823499999998603	EXP	trial_label_left_new: text = "Z = Nonword"
2.823499999998603	EXP	trial_label_left_new: font = "Courier New"
2.823499999998603	EXP	trial_label_left_new: color = {"_hex":"#000000","_rgb":[0,0,0]}
2.823499999998603	EXP	trial_label_left_new: contrast = 1
2.823499999998603	EXP	trial_label_left_new: height = 0.05
2.823499999998603	EXP	trial_label_left_new: bold = false
2.823499999998603	EXP	trial_label_left_new: italic = false
2.823499999998603	EXP	trial_label_left_new: alignHoriz = "left"
2.823499999998603	EXP	trial_label_left_new: alignVert = "center"
2.823499999998603	EXP	trial_label_left_new: wrapWidth = 1
2.823499999998603	EXP	trial_label_left_new: flipHoriz = false
2.823499999998603	EXP	trial_label_left_new: flipVert = false
2.823499999998603	EXP	feedback_text: units = "height"
2.823499999998603	EXP	feedback_text: ori = 0
2.823499999998603	EXP	feedback_text: opacity = 1
2.823499999998603	EXP	feedback_text: pos = [0,0]
2.823499999998603	EXP	feedback_text: size = undefined
2.823499999998603	EXP	feedback_text: text = "default text"
2.823499999998603	EXP	feedback_text: font = "Courier New"
2.823499999998603	EXP	feedback_text: color = {"_hex":"#FFFFFF","_rgb":[1,1,1]}
2.823499999998603	EXP	feedback_text: contrast = 1
2.823499999998603	EXP	feedback_text: height = 0.05
2.823499999998603	EXP	feedback_text: bold = false
2.823499999998603	EXP	feedback_text: italic = false
2.823499999998603	EXP	feedback_text: alignHoriz = "left"
2.823499999998603	EXP	feedback_text: alignVert = "center"
2.823499999998603	EXP	feedback_text: wrapWidth = 1
2.823499999998603	EXP	feedback_text: flipHoriz = false
2.823499999998603	EXP	feedback_text: flipVert = false
2.823499999998603	EXP	button_left_2: units = "height"
2.823499999998603	EXP	button_left_2: ori = 0
2.823499999998603	EXP	button_left_2: opacity = 1
2.823499999998603	EXP	button_left_2: pos = [-0.4,-0.3]
2.823499999998603	EXP	button_left_2: size = [1,1]
2.823499999998603	EXP	button_left_2: lineWidth = 1
2.823499999998603	EXP	button_left_2: lineColor = {"_hex":"#000000","_rgb":[0,0,0]}
2.823499999998603	EXP	button_left_2: fillColor = {"_hex":"#FFFFFF","_rgb":[1,1,1]}
2.823499999998603	EXP	button_left_2: vertices = [[-0.5,0],[0,0.5],[0.5,0]]
2.823499999998603	EXP	button_left_2: closeShape = true
2.823499999998603	EXP	button_left_2: contrast = 1
2.823499999998603	EXP	button_left_2: depth = -2
2.823499999998603	EXP	button_left_2: interpolate = true
2.823499999998603	EXP	button_left_2: width = 0.4
2.823499999998603	EXP	button_left_2: vertices = [[-0.2,null],[0.2,null],[0.2,null],[-0.2,null]]
2.823499999998603	EXP	button_left_2: height = 0.2
2.823499999998603	EXP	button_left_2: vertices = [[-0.2,-0.1],[0.2,-0.1],[0.2,0.1],[-0.2,0.1]]
2.823499999998603	EXP	button_left_2: vertices = [[-0.2,-0.1],[0.2,-0.1],[0.2,0.1],[-0.2,0.1]]
2.823499999998603	EXP	button_right_2: units = "height"
2.823499999998603	EXP	button_right_2: ori = 0
2.823499999998603	EXP	button_right_2: opacity = 1
2.823499999998603	EXP	button_right_2: pos = [0.4,-0.3]
2.823499999998603	EXP	button_right_2: size = [1,1]
2.823499999998603	EXP	button_right_2: lineWidth = 1
2.823499999998603	EXP	button_right_2: lineColor = {"_hex":"#000000","_rgb":[0,0,0]}
2.823499999998603	EXP	button_right_2: fillColor = {"_hex":"#FFFFFF","_rgb":[1,1,1]}
2.823499999998603	EXP	button_right_2: vertices = [[-0.5,0],[0,0.5],[0.5,0]]
2.823499999998603	EXP	button_right_2: closeShape = true
2.823499999998603	EXP	button_right_2: contrast = 1
2.823499999998603	EXP	button_right_2: depth = -3
2.823499999998603	EXP	button_right_2: interpolate = true
2.823499999998603	EXP	button_right_2: width = 0.4
2.823499999998603	EXP	button_right_2: vertices = [[-0.2,null],[0.2,null],[0.2,null],[-0.2,null]]
2.823499999998603	EXP	button_right_2: height = 0.2
2.823499999998603	EXP	button_right_2: vertices = [[-0.2,-0.1],[0.2,-0.1],[0.2,0.1],[-0.2,0.1]]
2.823499999998603	EXP	button_right_2: vertices = [[-0.2,-0.1],[0.2,-0.1],[0.2,0.1],[-0.2,0.1]]
2.823499999998603	EXP	trial_label_left_2: units = "height"
2.823499999998603	EXP	trial_label_left_2: ori = 0
2.823499999998603	EXP	trial_label_left_2: opacity = 1
2.823499999998603	EXP	trial_label_left_2: pos = [-0.4,-0.3]
2.823499999998603	EXP	trial_label_left_2: size = undefined
2.823499999998603	EXP	trial_label_left_2: text = "Z = Nonword"
2.823499999998603	EXP	trial_label_left_2: font = "Courier New"
2.823499999998603	EXP	trial_label_left_2: color = {"_hex":"#000000","_rgb":[0,0,0]}
2.823499999998603	EXP	trial_label_left_2: contrast = 1
2.823499999998603	EXP	trial_label_left_2: height = 0.05
2.823499999998603	EXP	trial_label_left_2: bold = false
2.823499999998603	EXP	trial_label_left_2: italic = false
2.823499999998603	EXP	trial_label_left_2: alignHoriz = "left"
2.823499999998603	EXP	trial_label_left_2: alignVert = "center"
2.823499999998603	EXP	trial_label_left_2: wrapWidth = 1
2.823499999998603	EXP	trial_label_left_2: flipHoriz = false
2.823499999998603	EXP	trial_label_left_2: flipVert = false
2.823499999998603	EXP	trial_label_right_2: units = "height"
2.823499999998603	EXP	trial_label_right_2: ori = 0
2.823499999998603	EXP	trial_label_right_2: opacity = 1
2.823499999998603	EXP	trial_label_right_2: pos = [0.4,-0.3]
2.823499999998603	EXP	trial_label_right_2: size = undefined
2.823499999998603	EXP	trial_label_right_2: text = "M = Word"
2.823499999998603	EXP	trial_label_right_2: font = "Courier New"
2.823499999998603	EXP	trial_label_right_2: color = {"_hex":"#000000","_rgb":[0,0,0]}
2.823499999998603	EXP	trial_label_right_2: contrast = 1
2.823499999998603	EXP	trial_label_right_2: height = 0.05
2.823499999998603	EXP	trial_label_right_2: bold = false
2.823499999998603	EXP	trial_label_right_2: italic = false
2.823499999998603	EXP	trial_label_right_2: alignHoriz = "left"
2.823499999998603	EXP	trial_label_right_2: alignVert = "center"
2.823499999998603	EXP	trial_label_right_2: wrapWidth = 1
2.823499999998603	EXP	trial_label_right_2: flipHoriz = false
2.823499999998603	EXP	trial_label_right_2: flipVert = false
2.823499999998603	EXP	instructions: units = "height"
2.823499999998603	EXP	instructions: ori = 0
2.823499999998603	EXP	instructions: opacity = 1
2.823499999998603	EXP	instructions: pos = [0,0]
2.823499999998603	EXP	instructions: size = undefined
2.823499999998603	EXP	instructions: text = "default text"
2.823499999998603	EXP	instructions: font = "Courier New"
2.823499999998603	EXP	instructions: color = {"_hex":"#000000","_rgb":[0,0,0]}
2.823499999998603	EXP	instructions: contrast = 1
2.823499999998603	EXP	instructions: height = 0.035
2.823499999998603	EXP	instructions: bold = false
2.823499999998603	EXP	instructions: italic = false
2.823499999998603	EXP	instructions: alignHoriz = "left"
2.823499999998603	EXP	instructions: alignVert = "center"
2.823499999998603	EXP	instructions: wrapWidth = 1
2.823499999998603	EXP	instructions: flipHoriz = false
2.823499999998603	EXP	instructions: flipVert = false
2.823499999998603	EXP	instr_done_button: units = "height"
2.823499999998603	EXP	instr_done_button: ori = 0
2.823499999998603	EXP	instr_done_button: opacity = 1
2.823499999998603	EXP	instr_done_button: pos = [0,-0.4]
2.823499999998603	EXP	instr_done_button: size = [1,1]
2.823499999998603	EXP	instr_done_button: lineWidth = 1
2.823499999998603	EXP	instr_done_button: lineColor = {"_hex":"#000000","_rgb":[0,0,0]}
2.823499999998603	EXP	instr_done_button: fillColor = {"_hex":"#FFFFFF","_rgb":[1,1,1]}
2.823499999998603	EXP	instr_done_button: vertices = [[-0.5,0],[0,0.5],[0.5,0]]
2.823499999998603	EXP	instr_done_button: closeShape = true
2.823499999998603	EXP	instr_done_button: contrast = 1
2.823499999998603	EXP	instr_done_button: depth = -2
2.823499999998603	EXP	instr_done_button: interpolate = true
2.823499999998603	EXP	instr_done_button: width = 0.4
2.823499999998603	EXP	instr_done_button: vertices = [[-0.2,null],[0.2,null],[0.2,null],[-0.2,null]]
2.823499999998603	EXP	instr_done_button: height = 0.1
2.823499999998603	EXP	instr_done_button: vertices = [[-0.2,-0.05],[0.2,-0.05],[0.2,0.05],[-0.2,0.05]]
2.823499999998603	EXP	instr_done_button: vertices = [[-0.2,-0.05],[0.2,-0.05],[0.2,0.05],[-0.2,0.05]]
2.823499999998603	EXP	instr_done_label: units = "height"
2.823499999998603	EXP	instr_done_label: ori = 0
2.823499999998603	EXP	instr_done_label: opacity = 1
2.823499999998603	EXP	instr_done_label: pos = [0,-0.4]
2.823499999998603	EXP	instr_done_label: size = undefined
2.823499999998603	EXP	instr_done_label: text = "Continue"
2.823499999998603	EXP	instr_done_label: font = "Courier New"
2.823499999998603	EXP	instr_done_label: color = {"_hex":"#000000","_rgb":[0,0,0]}
2.823499999998603	EXP	instr_done_label: contrast = 1
2.823499999998603	EXP	instr_done_label: height = 0.05
2.823499999998603	EXP	instr_done_label: bold = false
2.823499999998603	EXP	instr_done_label: italic = false
2.823499999998603	EXP	instr_done_label: alignHoriz = "left"
2.823499999998603	EXP	instr_done_label: alignVert = "center"
2.823499999998603	EXP	instr_done_label: wrapWidth = 1
2.823499999998603	EXP	instr_done_label: flipHoriz = false
2.823499999998603	EXP	instr_done_label: flipVert = false
2.823499999998603	EXP	instructions_image: units = "height"
2.823499999998603	EXP	instructions_image: ori = 0
2.823499999998603	EXP	instructions_image: opacity = 1
2.823499999998603	EXP	instructions_image: pos = [0,0]
2.823499999998603	EXP	instructions_image: size = [0.4,0.3]
2.823499999998603	EXP	instructions_image: image = undefined
2.823499999998603	EXP	instructions_image: mask = undefined
2.823499999998603	EXP	instructions_image: color = {"_rgb":[1,1,1]}
2.823499999998603	EXP	instructions_image: contrast = 1
2.823499999998603	EXP	instructions_image: texRes = 128
2.823499999998603	EXP	instructions_image: interpolate = true
2.823499999998603	EXP	instructions_image: depth = -6
2.823499999998603	EXP	instructions_image: flipHoriz = false
2.823499999998603	EXP	instructions_image: flipVert = false
2.823499999998603	EXP	fixation_mask: units = "height"
2.823499999998603	EXP	fixation_mask: ori = 0
2.823499999998603	EXP	fixation_mask: opacity = 1
2.823499999998603	EXP	fixation_mask: pos = [0,0]
2.823499999998603	EXP	fixation_mask: size = undefined
2.823499999998603	EXP	fixation_mask: text = "######"
2.823499999998603	EXP	fixation_mask: font = "Courier New"
2.823499999998603	EXP	fixation_mask: color = {"_hex":"#000000","_rgb":[0,0,0]}
2.823499999998603	EXP	fixation_mask: contrast = 1
2.823499999998603	EXP	fixation_mask: height = 0.1
2.823499999998603	EXP	fixation_mask: bold = false
2.823499999998603	EXP	fixation_mask: italic = false
2.823499999998603	EXP	fixation_mask: alignHoriz = "left"
2.823499999998603	EXP	fixation_mask: alignVert = "center"
2.823499999998603	EXP	fixation_mask: wrapWidth = 1
2.823499999998603	EXP	fixation_mask: flipHoriz = false
2.823499999998603	EXP	fixation_mask: flipVert = false
2.823499999998603	EXP	prime_text: units = "height"
2.823499999998603	EXP	prime_text: ori = 0
2.823499999998603	EXP	prime_text: opacity = 1
2.823499999998603	EXP	prime_text: pos = [0,0]
2.823499999998603	EXP	prime_text: size = undefined
2.823499999998603	EXP	prime_text: text = "default text"
2.823499999998603	EXP	prime_text: font = "Courier New"
2.823499999998603	EXP	prime_text: color = {"_hex":"#000000","_rgb":[0,0,0]}
2.823499999998603	EXP	prime_text: contrast = 1
2.823499999998603	EXP	prime_text: height = 0.1
2.823499999998603	EXP	prime_text: bold = false
2.823499999998603	EXP	prime_text: italic = false
2.823499999998603	EXP	prime_text: alignHoriz = "left"
2.823499999998603	EXP	prime_text: alignVert = "center"
2.823499999998603	EXP	prime_text: wrapWidth = 1
2.823499999998603	EXP	prime_text: flipHoriz = false
2.823499999998603	EXP	prime_text: flipVert = false
2.823499999998603	EXP	target: units = "height"
2.823499999998603	EXP	target: ori = 0
2.823499999998603	EXP	target: opacity = 1
2.823499999998603	EXP	target: pos = [0,0]
2.823499999998603	EXP	target: size = undefined
2.823499999998603	EXP	target: text = "default text"
2.823499999998603	EXP	target: font = "Arial"
2.823499999998603	EXP	target: color = {"_hex":"#000000","_rgb":[0,0,0]}
2.823499999998603	EXP	target: contrast = 1
2.823499999998603	EXP	target: height = 0.1
2.823499999998603	EXP	target: bold = false
2.823499999998603	EXP	target: italic = false
2.823499999998603	EXP	target: alignHoriz = "left"
2.823499999998603	EXP	target: alignVert = "center"
2.823499999998603	EXP	target: wrapWidth = 1
2.823499999998603	EXP	target: flipHoriz = false
2.823499999998603	EXP	target: flipVert = false
2.823499999998603	EXP	button_left: units = "height"
2.823499999998603	EXP	button_left: ori = 0
2.823499999998603	EXP	button_left: opacity = 1
2.823499999998603	EXP	button_left: pos = [-0.4,-0.3]
2.823499999998603	EXP	button_left: size = [1,1]
2.823499999998603	EXP	button_left: lineWidth = 1
2.823499999998603	EXP	button_left: lineColor = {"_hex":"#000000","_rgb":[0,0,0]}
2.823499999998603	EXP	button_left: fillColor = {"_hex":"#FFFFFF","_rgb":[1,1,1]}
2.823499999998603	EXP	button_left: vertices = [[-0.5,0],[0,0.5],[0.5,0]]
2.823499999998603	EXP	button_left: closeShape = true
2.823499999998603	EXP	button_left: contrast = 1
2.823499999998603	EXP	button_left: depth = -5
2.823499999998603	EXP	button_left: interpolate = true
2.823499999998603	EXP	button_left: width = 0.4
2.823499999998603	EXP	button_left: vertices = [[-0.2,null],[0.2,null],[0.2,null],[-0.2,null]]
2.823499999998603	EXP	button_left: height = 0.2
2.823499999998603	EXP	button_left: vertices = [[-0.2,-0.1],[0.2,-0.1],[0.2,0.1],[-0.2,0.1]]
2.823499999998603	EXP	button_left: vertices = [[-0.2,-0.1],[0.2,-0.1],[0.2,0.1],[-0.2,0.1]]
2.823499999998603	EXP	button_right: units = "height"
2.823499999998603	EXP	button_right: ori = 0
2.823499999998603	EXP	button_right: opacity = 1
2.823499999998603	EXP	button_right: pos = [0.4,-0.3]
2.823499999998603	EXP	button_right: size = [1,1]
2.823499999998603	EXP	button_right: lineWidth = 1
2.823499999998603	EXP	button_right: lineColor = {"_hex":"#000000","_rgb":[0,0,0]}
2.823499999998603	EXP	button_right: fillColor = {"_hex":"#FFFFFF","_rgb":[1,1,1]}
2.823499999998603	EXP	button_right: vertices = [[-0.5,0],[0,0.5],[0.5,0]]
2.823499999998603	EXP	button_right: closeShape = true
2.823499999998603	EXP	button_right: contrast = 1
2.823499999998603	EXP	button_right: depth = -6
2.823499999998603	EXP	button_right: interpolate = true
2.823499999998603	EXP	button_right: width = 0.4
2.823499999998603	EXP	button_right: vertices = [[-0.2,null],[0.2,null],[0.2,null],[-0.2,null]]
2.823499999998603	EXP	button_right: height = 0.2
2.823499999998603	EXP	button_right: vertices = [[-0.2,-0.1],[0.2,-0.1],[0.2,0.1],[-0.2,0.1]]
2.823499999998603	EXP	button_right: vertices = [[-0.2,-0.1],[0.2,-0.1],[0.2,0.1],[-0.2,0.1]]
2.823499999998603	EXP	trial_label_right: units = "height"
2.823499999998603	EXP	trial_label_right: ori = 0
2.823499999998603	EXP	trial_label_right: opacity = 1
2.823499999998603	EXP	trial_label_right: pos = [0.4,-0.3]
2.823499999998603	EXP	trial_label_right: size = undefined
2.823499999998603	EXP	trial_label_right: text = "M = Word"
2.823499999998603	EXP	trial_label_right: font = "Courier New"
2.823499999998603	EXP	trial_label_right: color = {"_hex":"#000000","_rgb":[0,0,0]}
2.823499999998603	EXP	trial_label_right: contrast = 1
2.823499999998603	EXP	trial_label_right: height = 0.05
2.823499999998603	EXP	trial_label_right: bold = false
2.823499999998603	EXP	trial_label_right: italic = false
2.823499999998603	EXP	trial_label_right: alignHoriz = "left"
2.823499999998603	EXP	trial_label_right: alignVert = "center"
2.823499999998603	EXP	trial_label_right: wrapWidth = 1
2.823499999998603	EXP	trial_label_right: flipHoriz = false
2.823499999998603	EXP	trial_label_right: flipVert = false
2.823499999998603	EXP	trial_label_left_new: units = "height"
2.823499999998603	EXP	trial_label_left_new: ori = 0
2.823499999998603	EXP	trial_label_left_new: opacity = 1
2.823499999998603	EXP	trial_label_left_new: pos = [-0.4,-0.3]
2.823499999998603	EXP	trial_label_left_new: size = undefined
2.823499999998603	EXP	trial_label_left_new: text = "Z = Nonword"
2.823499999998603	EXP	trial_label_left_new: font = "Courier New"
2.823499999998603	EXP	trial_label_left_new: color = {"_hex":"#000000","_rgb":[0,0,0]}
2.823499999998603	EXP	trial_label_left_new: contrast = 1
2.823499999998603	EXP	trial_label_left_new: height = 0.05
2.823499999998603	EXP	trial_label_left_new: bold = false
2.823499999998603	EXP	trial_label_left_new: italic = false
2.823499999998603	EXP	trial_label_left_new: alignHoriz = "left"
2.823499999998603	EXP	trial_label_left_new: alignVert = "center"
2.823499999998603	EXP	trial_label_left_new: wrapWidth = 1
2.823499999998603	EXP	trial_label_left_new: flipHoriz = false
2.823499999998603	EXP	trial_label_left_new: flipVert = false
2.823499999998603	EXP	feedback_text: units = "height"
2.823499999998603	EXP	feedback_text: ori = 0
2.823499999998603	EXP	feedback_text: opacity = 1
2.823499999998603	EXP	feedback_text: pos = [0,0]
2.823499999998603	EXP	feedback_text: size = undefined
2.823499999998603	EXP	feedback_text: text = "default text"
2.823499999998603	EXP	feedback_text: font = "Courier New"
2.823499999998603	EXP	feedback_text: color = {"_hex":"#FFFFFF","_rgb":[1,1,1]}
2.823499999998603	EXP	feedback_text: contrast = 1
2.823499999998603	EXP	feedback_text: height = 0.05
2.823499999998603	EXP	feedback_text: bold = false
2.823499999998603	EXP	feedback_text: italic = false
2.823499999998603	EXP	feedback_text: alignHoriz = "left"
2.823499999998603	EXP	feedback_text: alignVert = "center"
2.823499999998603	EXP	feedback_text: wrapWidth = 1
2.823499999998603	EXP	feedback_text: flipHoriz = false
2.823499999998603	EXP	feedback_text: flipVert = false
2.823499999998603	EXP	button_left_2: units = "height"
2.823499999998603	EXP	button_left_2: ori = 0
2.823499999998603	EXP	button_left_2: opacity = 1
2.823499999998603	EXP	button_left_2: pos = [-0.4,-0.3]
2.823499999998603	EXP	button_left_2: size = [1,1]
2.823499999998603	EXP	button_left_2: lineWidth = 1
2.823499999998603	EXP	button_left_2: lineColor = {"_hex":"#000000","_rgb":[0,0,0]}
2.823499999998603	EXP	button_left_2: fillColor = {"_hex":"#FFFFFF","_rgb":[1,1,1]}
2.823499999998603	EXP	button_left_2: vertices = [[-0.5,0],[0,0.5],[0.5,0]]
2.823499999998603	EXP	button_left_2: closeShape = true
2.823499999998603	EXP	button_left_2: contrast = 1
2.823499999998603	EXP	button_left_2: depth = -2
2.823499999998603	EXP	button_left_2: interpolate = true
2.823499999998603	EXP	button_left_2: width = 0.4
2.823499999998603	EXP	button_left_2: vertices = [[-0.2,null],[0.2,null],[0.2,null],[-0.2,null]]
2.823499999998603	EXP	button_left_2: height = 0.2
2.823499999998603	EXP	button_left_2: vertices = [[-0.2,-0.1],[0.2,-0.1],[0.2,0.1],[-0.2,0.1]]
2.823499999998603	EXP	button_left_2: vertices = [[-0.2,-0.1],[0.2,-0.1],[0.2,0.1],[-0.2,0.1]]
2.823499999998603	EXP	button_right_2: units = "height"
2.823499999998603	EXP	button_right_2: ori = 0
2.823499999998603	EXP	button_right_2: opacity = 1
2.823499999998603	EXP	button_right_2: pos = [0.4,-0.3]
2.823499999998603	EXP	button_right_2: size = [1,1]
2.823499999998603	EXP	button_right_2: lineWidth = 1
2.823499999998603	EXP	button_right_2: lineColor = {"_hex":"#000000","_rgb":[0,0,0]}
2.823499999998603	EXP	button_right_2: fillColor = {"_hex":"#FFFFFF","_rgb":[1,1,1]}
2.823499999998603	EXP	button_right_2: vertices = [[-0.5,0],[0,0.5],[0.5,0]]
2.823499999998603	EXP	button_right_2: closeShape = true
2.823499999998603	EXP	button_right_2: contrast = 1
2.823499999998603	EXP	button_right_2: depth = -3
2.823499999998603	EXP	button_right_2: interpolate = true
2.823499999998603	EXP	button_right_2: width = 0.4
2.823499999998603	EXP	button_right_2: vertices = [[-0.2,null],[0.2,null],[0.2,null],[-0.2,null]]
2.823499999998603	EXP	button_right_2: height = 0.2
2.823499999998603	EXP	button_right_2: vertices = [[-0.2,-0.1],[0.2,-0.1],[0.2,0.1],[-0.2,0.1]]
2.823499999998603	EXP	button_right_2: vertices = [[-0.2,-0.1],[0.2,-0.1],[0.2,0.1],[-0.2,0.1]]
2.823499999998603	EXP	trial_label_left_2: units = "height"
2.823499999998603	EXP	trial_label_left_2: ori = 0
2.823499999998603	EXP	trial_label_left_2: opacity = 1
2.823499999998603	EXP	trial_label_left_2: pos = [-0.4,-0.3]
2.823499999998603	EXP	trial_label_left_2: size = undefined
2.823499999998603	EXP	trial_label_left_2: text = "Z = Nonword"
2.823499999998603	EXP	trial_label_left_2: font = "Courier New"
2.823499999998603	EXP	trial_label_left_2: color = {"_hex":"#000000","_rgb":[0,0,0]}
2.823499999998603	EXP	trial_label_left_2: contrast = 1
2.823499999998603	EXP	trial_label_left_2: height = 0.05
2.823499999998603	EXP	trial_label_left_2: bold = false
2.823499999998603	EXP	trial_label_left_2: italic = false
2.823499999998603	EXP	trial_label_left_2: alignHoriz = "left"
2.823499999998603	EXP	trial_label_left_2: alignVert = "center"
2.823499999998603	EXP	trial_label_left_2: wrapWidth = 1
2.823499999998603	EXP	trial_label_left_2: flipHoriz = false
2.823499999998603	EXP	trial_label_left_2: flipVert = false
2.823499999998603	EXP	trial_label_right_2: units = "height"
2.823499999998603	EXP	trial_label_right_2: ori = 0
2.823499999998603	EXP	trial_label_right_2: opacity = 1
2.823499999998603	EXP	trial_label_right_2: pos = [0.4,-0.3]
2.823499999998603	EXP	trial_label_right_2: size = undefined
2.823499999998603	EXP	trial_label_right_2: text = "M = Word"
2.823499999998603	EXP	trial_label_right_2: font = "Courier New"
2.823499999998603	EXP	trial_label_right_2: color = {"_hex":"#000000","_rgb":[0,0,0]}
2.823499999998603	EXP	trial_label_right_2: contrast = 1
2.823499999998603	EXP	trial_label_right_2: height = 0.05
2.823499999998603	EXP	trial_label_right_2: bold = false
2.823499999998603	EXP	trial_label_right_2: italic = false
2.823499999998603	EXP	trial_label_right_2: alignHoriz = "left"
2.823499999998603	EXP	trial_label_right_2: alignVert = "center"
2.823499999998603	EXP	trial_label_right_2: wrapWidth = 1
2.823499999998603	EXP	trial_label_right_2: flipHoriz = false
2.823499999998603	EXP	trial_label_right_2: flipVert = false
2.823499999998603	EXP	break_text: units = "height"
2.823499999998603	EXP	break_text: ori = 0
2.823499999998603	EXP	break_text: opacity = 1
2.823499999998603	EXP	break_text: pos = [0,0]
2.823499999998603	EXP	break_text: size = undefined
2.823499999998603	EXP	break_text: text = "default text"
2.823499999998603	EXP	break_text: font = "Courier New"
2.823499999998603	EXP	break_text: color = {"_hex":"#000000","_rgb":[0,0,0]}
2.823499999998603	EXP	break_text: contrast = 1
2.823499999998603	EXP	break_text: height = 0.05
2.823499999998603	EXP	break_text: bold = false
2.823499999998603	EXP	break_text: italic = false
2.823499999998603	EXP	break_text: alignHoriz = "left"
2.823499999998603	EXP	break_text: alignVert = "center"
2.823499999998603	EXP	break_text: wrapWidth = 1
2.823499999998603	EXP	break_text: flipHoriz = false
2.823499999998603	EXP	break_text: flipVert = false
2.823499999998603	EXP	break_done_button: units = "height"
2.823499999998603	EXP	break_done_button: ori = 0
2.823499999998603	EXP	break_done_button: opacity = 1
2.823499999998603	EXP	break_done_button: pos = [0,-0.4]
2.823499999998603	EXP	break_done_button: size = [1,1]
2.823499999998603	EXP	break_done_button: lineWidth = 1
2.823499999998603	EXP	break_done_button: lineColor = {"_hex":"#000000","_rgb":[0,0,0]}
2.823499999998603	EXP	break_done_button: fillColor = {"_hex":"#FFFFFF","_rgb":[1,1,1]}
2.823499999998603	EXP	break_done_button: vertices = [[-0.5,0],[0,0.5],[0.5,0]]
2.823499999998603	EXP	break_done_button: closeShape = true
2.823499999998603	EXP	break_done_button: contrast = 1
2.823499999998603	EXP	break_done_button: depth = -4
2.823499999998603	EXP	break_done_button: interpolate = true
2.823499999998603	EXP	break_done_button: width = 0.4
2.823499999998603	EXP	break_done_button: vertices = [[-0.2,null],[0.2,null],[0.2,null],[-0.2,null]]
2.823499999998603	EXP	break_done_button: height = 0.1
2.823499999998603	EXP	break_done_button: vertices = [[-0.2,-0.05],[0.2,-0.05],[0.2,0.05],[-0.2,0.05]]
2.823499999998603	EXP	break_done_button: vertices = [[-0.2,-0.05],[0.2,-0.05],[0.2,0.05],[-0.2,0.05]]
2.823499999998603	EXP	break_done_button_label: units = "height"
2.823499999998603	EXP	break_done_button_label: ori = 0
2.823499999998603	EXP	break_done_button_label: opacity = 1
2.823499999998603	EXP	break_done_button_label: pos = [0,-0.4]
2.823499999998603	EXP	break_done_button_label: size = undefined
2.823499999998603	EXP	break_done_button_label: text = "Continue"
2.823499999998603	EXP	break_done_button_label: font = "Courier New"
2.823499999998603	EXP	break_done_button_label: color = {"_hex":"#000000","_rgb":[0,0,0]}
2.823499999998603	EXP	break_done_button_label: contrast = 1
2.823499999998603	EXP	break_done_button_label: height = 0.05
2.823499999998603	EXP	break_done_button_label: bold = false
2.823499999998603	EXP	break_done_button_label: italic = false
2.823499999998603	EXP	break_done_button_label: alignHoriz = "left"
2.823499999998603	EXP	break_done_button_label: alignVert = "center"
2.823499999998603	EXP	break_done_button_label: wrapWidth = 1
2.823499999998603	EXP	break_done_button_label: flipHoriz = false
2.823499999998603	EXP	break_done_button_label: flipVert = false
2.823499999998603	EXP	thank_you: units = "height"
2.823499999998603	EXP	thank_you: ori = 0
2.823499999998603	EXP	thank_you: opacity = 1
2.823499999998603	EXP	thank_you: pos = [0,0]
2.823499999998603	EXP	thank_you: size = undefined
2.823499999998603	EXP	thank_you: text = "This is the end of the experiment.\n\nPlease do NOT close this window until you have been redirected to the debrief page. \n\nPlease wait for the message Thank you for your patience to appear and then click OK to continue to the debrief page.\n\nYou must go to the debrief page in order for your participation to be recorded."
2.823499999998603	EXP	thank_you: font = "Courier New"
2.823499999998603	EXP	thank_you: color = {"_hex":"#000000","_rgb":[0,0,0]}
2.823499999998603	EXP	thank_you: contrast = 1
2.823499999998603	EXP	thank_you: height = 1
2.823499999998603	EXP	thank_you: bold = false
2.823499999998603	EXP	thank_you: italic = false
2.823499999998603	EXP	thank_you: alignHoriz = "left"
2.823499999998603	EXP	thank_you: alignVert = "center"
2.823499999998603	EXP	thank_you: wrapWidth = 1
2.823499999998603	EXP	thank_you: flipHoriz = false
2.823499999998603	EXP	thank_you: flipVert = false
2.823499999998603	EXP	instructions: text = "INSTRUCTIONS\r\nAt the start of each trial, look at the hash marks (######) in the center of the screen. After a moment, a string of letters will appear. Your task is to indicate if the letter string forms a word or not (i.e., if it is a nonword). For example, AUTHOR is a word while AUTHON is a nonword.\r\n\r\nPress the space bar or touch the button below to continue."
2.823499999998603	EXP	instructions_image: image = undefined
2.823499999998603	EXP	instructions: autoDraw = true
2.823499999998603	EXP	instr_done_button: autoDraw = true
2.823499999998603	EXP	instr_done_label: autoDraw = true
3.375865000009071	DATA	Mouse: wheel shift=(0,-100), pos=(972,959)
3.5097700000042096	DATA	Mouse: 0 button down, pos=(970,960)
3.5337750000180677	EXP	instructions: autoDraw = false
3.5337750000180677	EXP	instr_done_button: autoDraw = false
3.5337750000180677	EXP	instr_done_label: autoDraw = false
3.5337750000180677	EXP	instructions_image: autoDraw = false
3.5337750000180677	EXP	instructions: text = "If your device has a keyboard, press the 'Z' key for nonwords and the 'M' key for words.\r\n\r\n\r\n\r\n\r\n\r\nPress the space bar or touch the button below to continue."
3.5337750000180677	EXP	instructions_image: image = {}
3.5337750000180677	EXP	instructions: autoDraw = true
3.5337750000180677	EXP	instr_done_button: autoDraw = true
3.5337750000180677	EXP	instr_done_label: autoDraw = true
3.5337750000180677	EXP	instructions_image: autoDraw = true
3.5926350000081584	DATA	Mouse: 0 button down, pos=(969,961)
3.959725000022445	DATA	Mouse: 0 button down, pos=(965,960)
3.977850000024773	EXP	instructions: autoDraw = false
3.977850000024773	EXP	instr_done_button: autoDraw = false
3.977850000024773	EXP	instr_done_label: autoDraw = false
3.977850000024773	EXP	instructions_image: autoDraw = false
3.977850000024773	EXP	instructions: text = "If you are using a touchscreen only device, use the buttons on the screen. Do not use the mouse.\r\n\r\n\r\n\r\n\r\n\r\nPress the space bar or touch the button below to continue."
3.977850000024773	EXP	instructions_image: image = {}
3.977850000024773	EXP	instructions: autoDraw = true
3.977850000024773	EXP	instr_done_button: autoDraw = true
3.977850000024773	EXP	instr_done_label: autoDraw = true
3.977850000024773	EXP	instructions_image: autoDraw = true
4.042870000004768	DATA	Mouse: 0 button down, pos=(965,960)
4.293654999986757	DATA	Mouse: 0 button down, pos=(965,960)
4.310095000022557	EXP	instructions: autoDraw = false
4.310095000022557	EXP	instr_done_button: autoDraw = false
4.310095000022557	EXP	instr_done_label: autoDraw = false
4.310095000022557	EXP	instructions_image: autoDraw = false
4.310095000022557	EXP	instructions: text = "It is very important that you respond as quickly and accurately as possible, as each letter string will only be on the screen for two seconds. If you do not respond within this time, the message 'Too slow!' will be displayed and the experiment will progress to the next letter string. The first 20 trials will be practice trials and you will receive feedback on your answers. \r\n\r\nPress the space bar or touch the button below to start the practice trials."
4.310095000022557	EXP	instructions_image: image = undefined
4.310095000022557	EXP	instructions: autoDraw = true
4.310095000022557	EXP	instr_done_button: autoDraw = true
4.310095000022557	EXP	instr_done_label: autoDraw = true
4.376419999985956	DATA	Mouse: 0 button down, pos=(965,960)
4.477630000037607	DATA	Mouse: 0 button down, pos=(963,960)
4.628930000006221	EXP	instructions: autoDraw = false
4.628930000006221	EXP	instr_done_button: autoDraw = false
4.628930000006221	EXP	instr_done_label: autoDraw = false
4.628930000006221	EXP	instructions_image: autoDraw = false
4.628930000006221	EXP	prime_text: text = "utopia"
4.628930000006221	EXP	target: text = "UTOPIA"
4.628930000006221	EXP	target: font = "Courier New"
4.628930000006221	EXP	fixation_mask: autoDraw = true
4.628930000006221	EXP	button_left: autoDraw = true
4.628930000006221	EXP	button_right: autoDraw = true
4.628930000006221	EXP	trial_label_right: autoDraw = true
4.628930000006221	EXP	trial_label_left_new: autoDraw = true
4.645635000022594	DATA	Mouse: 0 button down, pos=(962,960)
4.648540000023786	DATA	Mouse: 0 button down, pos=(962,960)
4.723995000007562	DATA	Mouse: 0 button down, pos=(962,960)
4.813919999985956	DATA	Mouse: 0 button down, pos=(960,960)
4.924110000021756	DATA	Mouse: 0 button down, pos=(960,960)
5.105535000038799	EXP	fixation_mask: autoDraw = false
5.114865000010468	EXP	prime_text: autoDraw = true
5.131460000004154	EXP	prime_text: autoDraw = false
5.160925000032876	EXP	target: autoDraw = true
5.24496000004001	DATA	Mouse: 0 button down, pos=(420,810)
5.273574999999255	EXP	fixation_mask: autoDraw = false
5.273574999999255	EXP	prime_text: autoDraw = false
5.273574999999255	EXP	target: autoDraw = false
5.273574999999255	EXP	button_left: autoDraw = false
5.273574999999255	EXP	button_right: autoDraw = false
5.273574999999255	EXP	trial_label_right: autoDraw = false
5.273574999999255	EXP	trial_label_left_new: autoDraw = false
5.273574999999255	EXP	feedback_text: color = {"_hex":"#FF0000","_rgb":[1,0,0]}
5.273574999999255	EXP	feedback_text: text = "Incorrect"
5.273574999999255	EXP	feedback_text: autoDraw = true
5.273574999999255	EXP	button_left_2: autoDraw = true
5.273574999999255	EXP	button_right_2: autoDraw = true
5.273574999999255	EXP	trial_label_left_2: autoDraw = true
5.273574999999255	EXP	trial_label_right_2: autoDraw = true
5.334499999997206	DATA	Mouse: 0 button down, pos=(428,815)
5.62953000003472	DATA	Mouse: 0 button down, pos=(495,835)
5.717390000005253	DATA	Mouse: 0 button down, pos=(495,835)
5.757000000041444	EXP	feedback_text: autoDraw = false
5.757000000041444	EXP	button_left_2: autoDraw = false
5.757000000041444	EXP	button_right_2: autoDraw = false
5.757000000041444	EXP	trial_label_left_2: autoDraw = false
5.757000000041444	EXP	trial_label_right_2: autoDraw = false
5.757000000041444	EXP	feedback_text: autoDraw = false
5.757000000041444	EXP	button_left_2: autoDraw = false
5.757000000041444	EXP	button_right_2: autoDraw = false
5.757000000041444	EXP	trial_label_left_2: autoDraw = false
5.757000000041444	EXP	trial_label_right_2: autoDraw = false
5.757000000041444	EXP	prime_text: text = "inlade"
5.757000000041444	EXP	target: text = "INLADE"
5.757000000041444	EXP	target: font = "Courier New"
5.757000000041444	EXP	fixation_mask: autoDraw = true
5.757000000041444	EXP	button_left: autoDraw = true
5.757000000041444	EXP	button_right: autoDraw = true
5.757000000041444	EXP	trial_label_right: autoDraw = true
5.757000000041444	EXP	trial_label_left_new: autoDraw = true
6.105619999987539	DATA	Mouse: 0 button down, pos=(504,835)
6.187680000031833	DATA	Mouse: 0 button down, pos=(504,835)
6.2536350000300445	EXP	fixation_mask: autoDraw = false
6.261334999988321	EXP	prime_text: autoDraw = true
6.268730000010692	DATA	Mouse: 0 button down, pos=(504,836)
6.302789999986999	EXP	prime_text: autoDraw = false
6.326070000010077	EXP	target: autoDraw = true
6.370244999998249	DATA	Mouse: 0 button down, pos=(504,836)
7.196255000017118	DATA	Mouse: 0 button down, pos=(501,842)
7.217304999998305	EXP	fixation_mask: autoDraw = false
7.217304999998305	EXP	prime_text: autoDraw = false
7.217304999998305	EXP	target: autoDraw = false
7.217304999998305	EXP	button_left: autoDraw = false
7.217304999998305	EXP	button_right: autoDraw = false
7.217304999998305	EXP	trial_label_right: autoDraw = false
7.217304999998305	EXP	trial_label_left_new: autoDraw = false
7.217304999998305	EXP	feedback_text: color = {"_hex":"#008000","_rgb":[0,0.5019607843137255,0]}
7.217304999998305	EXP	feedback_text: text = "Correct"
7.217304999998305	EXP	feedback_text: autoDraw = true
7.217304999998305	EXP	button_left_2: autoDraw = true
7.217304999998305	EXP	button_right_2: autoDraw = true
7.217304999998305	EXP	trial_label_left_2: autoDraw = true
7.217304999998305	EXP	trial_label_right_2: autoDraw = true
7.318300000042655	DATA	Mouse: 0 button down, pos=(501,842)
7.585484999988694	DATA	Mouse: 0 button down, pos=(501,842)
7.720039999985602	EXP	feedback_text: autoDraw = false
7.720039999985602	EXP	button_left_2: autoDraw = false
7.720039999985602	EXP	button_right_2: autoDraw = false
7.720039999985602	EXP	trial_label_left_2: autoDraw = false
7.720039999985602	EXP	trial_label_right_2: autoDraw = false
7.720039999985602	EXP	feedback_text: autoDraw = false
7.720039999985602	EXP	button_left_2: autoDraw = false
7.720039999985602	EXP	button_right_2: autoDraw = false
7.720039999985602	EXP	trial_label_left_2: autoDraw = false
7.720039999985602	EXP	trial_label_right_2: autoDraw = false
7.720039999985602	EXP	prime_text: text = "hurdle"
7.720039999985602	EXP	target: text = "VOLUME"
7.720039999985602	EXP	target: font = "Courier New"
7.720039999985602	EXP	fixation_mask: autoDraw = true
7.720039999985602	EXP	button_left: autoDraw = true
7.720039999985602	EXP	button_right: autoDraw = true
7.720039999985602	EXP	trial_label_right: autoDraw = true
7.720039999985602	EXP	trial_label_left_new: autoDraw = true
7.721145000017714	DATA	Mouse: 0 button down, pos=(501,842)
8.214230000041425	EXP	fixation_mask: autoDraw = false
8.214230000041425	EXP	prime_text: autoDraw = true
8.265605000022333	EXP	prime_text: autoDraw = false
8.265605000022333	EXP	target: autoDraw = true
9.28117500001099	DATA	Mouse: 0 button down, pos=(617,801)
9.297354999987874	EXP	fixation_mask: autoDraw = false
9.297354999987874	EXP	prime_text: autoDraw = false
9.297354999987874	EXP	target: autoDraw = false
9.297354999987874	EXP	button_left: autoDraw = false
9.297354999987874	EXP	button_right: autoDraw = false
9.297354999987874	EXP	trial_label_right: autoDraw = false
9.297354999987874	EXP	trial_label_left_new: autoDraw = false
9.297354999987874	EXP	feedback_text: color = {"_hex":"#FF0000","_rgb":[1,0,0]}
9.297354999987874	EXP	feedback_text: text = "Incorrect"
9.297354999987874	EXP	feedback_text: autoDraw = true
9.297354999987874	EXP	button_left_2: autoDraw = true
9.297354999987874	EXP	button_right_2: autoDraw = true
9.297354999987874	EXP	trial_label_left_2: autoDraw = true
9.297354999987874	EXP	trial_label_right_2: autoDraw = true
9.350490000040736	DATA	Mouse: 0 button down, pos=(617,801)
9.465744999994058	DATA	Mouse: 0 button down, pos=(617,801)
9.553155000030529	DATA	Mouse: 0 button down, pos=(617,801)
9.809605000016745	EXP	feedback_text: autoDraw = false
9.809605000016745	EXP	button_left_2: autoDraw = false
9.809605000016745	EXP	button_right_2: autoDraw = false
9.809605000016745	EXP	trial_label_left_2: autoDraw = false
9.809605000016745	EXP	trial_label_right_2: autoDraw = false
9.809605000016745	EXP	feedback_text: autoDraw = false
9.809605000016745	EXP	button_left_2: autoDraw = false
9.809605000016745	EXP	button_right_2: autoDraw = false
9.809605000016745	EXP	trial_label_left_2: autoDraw = false
9.809605000016745	EXP	trial_label_right_2: autoDraw = false
9.809605000016745	EXP	prime_text: text = "tropic"
9.809605000016745	EXP	target: text = "ZOMBIE"
9.809605000016745	EXP	target: font = "Courier New"
9.809605000016745	EXP	fixation_mask: autoDraw = true
9.809605000016745	EXP	button_left: autoDraw = true
9.809605000016745	EXP	button_right: autoDraw = true
9.809605000016745	EXP	trial_label_right: autoDraw = true
9.809605000016745	EXP	trial_label_left_new: autoDraw = true
10.301895000040531	EXP	fixation_mask: autoDraw = false
10.324844999995548	EXP	prime_text: autoDraw = true
10.34997999999905	EXP	prime_text: autoDraw = false
10.34997999999905	EXP	target: autoDraw = true
10.45673999999417	DATA	Mouse: 0 button down, pos=(611,801)
10.464895000040997	EXP	fixation_mask: autoDraw = false
10.464895000040997	EXP	prime_text: autoDraw = false
10.464895000040997	EXP	target: autoDraw = false
10.464895000040997	EXP	button_left: autoDraw = false
10.464895000040997	EXP	button_right: autoDraw = false
10.464895000040997	EXP	trial_label_right: autoDraw = false
10.464895000040997	EXP	trial_label_left_new: autoDraw = false
10.464895000040997	EXP	feedback_text: color = {"_hex":"#FF0000","_rgb":[1,0,0]}
10.464895000040997	EXP	feedback_text: text = "Incorrect"
10.464895000040997	EXP	feedback_text: autoDraw = true
10.464895000040997	EXP	button_left_2: autoDraw = true
10.464895000040997	EXP	button_right_2: autoDraw = true
10.464895000040997	EXP	trial_label_left_2: autoDraw = true
10.464895000040997	EXP	trial_label_right_2: autoDraw = true
10.561114999989513	DATA	Mouse: 0 button down, pos=(611,801)
10.939179999986663	DATA	Mouse: 0 button down, pos=(611,801)
10.964930000016466	EXP	feedback_text: autoDraw = false
10.964930000016466	EXP	button_left_2: autoDraw = false
10.964930000016466	EXP	button_right_2: autoDraw = false
10.964930000016466	EXP	trial_label_left_2: autoDraw = false
10.964930000016466	EXP	trial_label_right_2: autoDraw = false
10.964930000016466	EXP	feedback_text: autoDraw = false
10.964930000016466	EXP	button_left_2: autoDraw = false
10.964930000016466	EXP	button_right_2: autoDraw = false
10.964930000016466	EXP	trial_label_left_2: autoDraw = false
10.964930000016466	EXP	trial_label_right_2: autoDraw = false
10.964930000016466	EXP	prime_text: text = "matrix"
10.964930000016466	EXP	target: text = "MATRIX"
10.964930000016466	EXP	target: font = "Courier New"
10.964930000016466	EXP	fixation_mask: autoDraw = true
10.964930000016466	EXP	button_left: autoDraw = true
10.964930000016466	EXP	button_right: autoDraw = true
10.964930000016466	EXP	trial_label_right: autoDraw = true
10.964930000016466	EXP	trial_label_left_new: autoDraw = true
11.053249999997206	DATA	Mouse: 0 button down, pos=(611,801)
11.465555000002496	EXP	fixation_mask: autoDraw = false
11.488149999990128	EXP	prime_text: autoDraw = true
11.52658500004327	EXP	prime_text: autoDraw = false
11.52658500004327	EXP	target: autoDraw = true
12.050359999993816	DATA	Mouse: 0 button down, pos=(611,801)
12.06700500001898	EXP	fixation_mask: autoDraw = false
12.06700500001898	EXP	prime_text: autoDraw = false
12.06700500001898	EXP	target: autoDraw = false
12.06700500001898	EXP	button_left: autoDraw = false
12.06700500001898	EXP	button_right: autoDraw = false
12.06700500001898	EXP	trial_label_right: autoDraw = false
12.06700500001898	EXP	trial_label_left_new: autoDraw = false
12.06700500001898	EXP	feedback_text: color = {"_hex":"#FF0000","_rgb":[1,0,0]}
12.06700500001898	EXP	feedback_text: text = "Incorrect"
12.06700500001898	EXP	feedback_text: autoDraw = true
12.06700500001898	EXP	button_left_2: autoDraw = true
12.06700500001898	EXP	button_right_2: autoDraw = true
12.06700500001898	EXP	trial_label_left_2: autoDraw = true
12.06700500001898	EXP	trial_label_right_2: autoDraw = true
12.149605000042357	DATA	Mouse: 0 button down, pos=(611,801)
12.254495000001043	DATA	Mouse: 0 button down, pos=(611,801)
12.37247500004014	DATA	Mouse: 0 button down, pos=(611,801)
12.566705000004731	EXP	feedback_text: autoDraw = false
12.566705000004731	EXP	button_left_2: autoDraw = false
12.566705000004731	EXP	button_right_2: autoDraw = false
12.566705000004731	EXP	trial_label_left_2: autoDraw = false
12.566705000004731	EXP	trial_label_right_2: autoDraw = false
12.566705000004731	EXP	feedback_text: autoDraw = false
12.566705000004731	EXP	button_left_2: autoDraw = false
12.566705000004731	EXP	button_right_2: autoDraw = false
12.566705000004731	EXP	trial_label_left_2: autoDraw = false
12.566705000004731	EXP	trial_label_right_2: autoDraw = false
12.566705000004731	EXP	prime_text: text = "winfer"
12.566705000004731	EXP	target: text = "ROUPET"
12.566705000004731	EXP	target: font = "Courier New"
12.566705000004731	EXP	fixation_mask: autoDraw = true
12.566705000004731	EXP	button_left: autoDraw = true
12.566705000004731	EXP	button_right: autoDraw = true
12.566705000004731	EXP	trial_label_right: autoDraw = true
12.566705000004731	EXP	trial_label_left_new: autoDraw = true
12.6224500000244	DATA	Mouse: 0 button down, pos=(611,801)
12.7396300000255	DATA	Mouse: wheel shift=(100,0), pos=(611,801)
12.770810000016354	DATA	Mouse: 0 button down, pos=(611,801)
13.072365000029095	EXP	fixation_mask: autoDraw = false
13.072365000029095	EXP	prime_text: autoDraw = true
13.103125000023283	EXP	prime_text: autoDraw = false
13.130535000003874	EXP	target: autoDraw = true
13.675495000032242	DATA	Mouse: 0 button down, pos=(611,801)
13.68460000003688	EXP	fixation_mask: autoDraw = false
13.68460000003688	EXP	prime_text: autoDraw = false
13.68460000003688	EXP	target: autoDraw = false
13.68460000003688	EXP	button_left: autoDraw = false
13.68460000003688	EXP	button_right: autoDraw = false
13.68460000003688	EXP	trial_label_right: autoDraw = false
13.68460000003688	EXP	trial_label_left_new: autoDraw = false
13.68460000003688	EXP	feedback_text: color = {"_hex":"#008000","_rgb":[0,0.5019607843137255,0]}
13.68460000003688	EXP	feedback_text: text = "Correct"
13.68460000003688	EXP	feedback_text: autoDraw = true
13.68460000003688	EXP	button_left_2: autoDraw = true
13.68460000003688	EXP	button_right_2: autoDraw = true
13.68460000003688	EXP	trial_label_left_2: autoDraw = true
13.68460000003688	EXP	trial_label_right_2: autoDraw = true
13.786010000039823	DATA	Mouse: 0 button down, pos=(611,801)
14.185115000000224	EXP	feedback_text: autoDraw = false
14.185115000000224	EXP	button_left_2: autoDraw = false
14.185115000000224	EXP	button_right_2: autoDraw = false
14.185115000000224	EXP	trial_label_left_2: autoDraw = false
14.185115000000224	EXP	trial_label_right_2: autoDraw = false
14.185115000000224	EXP	feedback_text: autoDraw = false
14.185115000000224	EXP	button_left_2: autoDraw = false
14.185115000000224	EXP	button_right_2: autoDraw = false
14.185115000000224	EXP	trial_label_left_2: autoDraw = false
14.185115000000224	EXP	trial_label_right_2: autoDraw = false
14.185115000000224	EXP	prime_text: text = "almond"
14.185115000000224	EXP	target: text = "ALMOND"
14.185115000000224	EXP	target: font = "Courier New"
14.185115000000224	EXP	fixation_mask: autoDraw = true
14.185115000000224	EXP	button_left: autoDraw = true
14.185115000000224	EXP	button_right: autoDraw = true
14.185115000000224	EXP	trial_label_right: autoDraw = true
14.185115000000224	EXP	trial_label_left_new: autoDraw = true
14.204700000002049	DATA	Mouse: 0 button down, pos=(610,802)
14.370370000018738	DATA	Mouse: 0 button down, pos=(610,802)
14.538250000041444	DATA	Mouse: 0 button down, pos=(610,802)
14.68562500004191	EXP	fixation_mask: autoDraw = false
14.687020000012126	DATA	Mouse: 0 button down, pos=(610,802)
14.705245000019204	EXP	prime_text: autoDraw = true
14.737040000036359	EXP	prime_text: autoDraw = false
14.752375000040047	EXP	target: autoDraw = true
14.83328000002075	DATA	Mouse: 0 button down, pos=(609,802)
14.843525000032969	EXP	fixation_mask: autoDraw = false
14.843525000032969	EXP	prime_text: autoDraw = false
14.843525000032969	EXP	target: autoDraw = false
14.843525000032969	EXP	button_left: autoDraw = false
14.843525000032969	EXP	button_right: autoDraw = false
14.843525000032969	EXP	trial_label_right: autoDraw = false
14.843525000032969	EXP	trial_label_left_new: autoDraw = false
14.843525000032969	EXP	feedback_text: color = {"_hex":"#FF0000","_rgb":[1,0,0]}
14.843525000032969	EXP	feedback_text: text = "Incorrect"
14.843525000032969	EXP	feedback_text: autoDraw = true
14.843525000032969	EXP	button_left_2: autoDraw = true
14.843525000032969	EXP	button_right_2: autoDraw = true
14.843525000032969	EXP	trial_label_left_2: autoDraw = true
14.843525000032969	EXP	trial_label_right_2: autoDraw = true
14.924630000023171	DATA	Mouse: 0 button down, pos=(609,802)
15.336654999991879	EXP	feedback_text: autoDraw = false
15.336654999991879	EXP	button_left_2: autoDraw = false
15.336654999991879	EXP	button_right_2: autoDraw = false
15.336654999991879	EXP	trial_label_left_2: autoDraw = false
15.336654999991879	EXP	trial_label_right_2: autoDraw = false
15.336654999991879	EXP	feedback_text: autoDraw = false
15.336654999991879	EXP	button_left_2: autoDraw = false
15.336654999991879	EXP	button_right_2: autoDraw = false
15.336654999991879	EXP	trial_label_left_2: autoDraw = false
15.336654999991879	EXP	trial_label_right_2: autoDraw = false
15.336654999991879	EXP	prime_text: text = "adveil"
15.336654999991879	EXP	target: text = "SPRINY"
15.336654999991879	EXP	target: font = "Courier New"
15.336654999991879	EXP	fixation_mask: autoDraw = true
15.336654999991879	EXP	button_left: autoDraw = true
15.336654999991879	EXP	button_right: autoDraw = true
15.336654999991879	EXP	trial_label_right: autoDraw = true
15.336654999991879	EXP	trial_label_left_new: autoDraw = true
15.838980000000447	EXP	fixation_mask: autoDraw = false
15.85349499998847	EXP	prime_text: autoDraw = true
15.872150000010151	EXP	prime_text: autoDraw = false
15.886794999998529	EXP	target: autoDraw = true
15.954980000038631	DATA	Mouse: 0 button down, pos=(576,833)
15.973085000005085	EXP	fixation_mask: autoDraw = false
15.973085000005085	EXP	prime_text: autoDraw = false
15.973085000005085	EXP	target: autoDraw = false
15.973085000005085	EXP	button_left: autoDraw = false
15.973085000005085	EXP	button_right: autoDraw = false
15.973085000005085	EXP	trial_label_right: autoDraw = false
15.973085000005085	EXP	trial_label_left_new: autoDraw = false
15.973085000005085	EXP	feedback_text: color = {"_hex":"#008000","_rgb":[0,0.5019607843137255,0]}
15.973085000005085	EXP	feedback_text: text = "Correct"
15.973085000005085	EXP	feedback_text: autoDraw = true
15.973085000005085	EXP	button_left_2: autoDraw = true
15.973085000005085	EXP	button_right_2: autoDraw = true
15.973085000005085	EXP	trial_label_left_2: autoDraw = true
15.973085000005085	EXP	trial_label_right_2: autoDraw = true
16.047995000029914	DATA	Mouse: 0 button down, pos=(576,833)
16.15740000002552	DATA	Mouse: 0 button down, pos=(576,833)
16.238610000000335	DATA	Mouse: 0 button down, pos=(576,833)
16.470759999996517	EXP	feedback_text: autoDraw = false
16.470759999996517	EXP	button_left_2: autoDraw = false
16.470759999996517	EXP	button_right_2: autoDraw = false
16.470759999996517	EXP	trial_label_left_2: autoDraw = false
16.470759999996517	EXP	trial_label_right_2: autoDraw = false
16.470759999996517	EXP	feedback_text: autoDraw = false
16.470759999996517	EXP	button_left_2: autoDraw = false
16.470759999996517	EXP	button_right_2: autoDraw = false
16.470759999996517	EXP	trial_label_left_2: autoDraw = false
16.470759999996517	EXP	trial_label_right_2: autoDraw = false
16.470759999996517	EXP	prime_text: text = "adjust"
16.470759999996517	EXP	target: text = "ADJUST"
16.470759999996517	EXP	target: font = "Courier New"
16.470759999996517	EXP	fixation_mask: autoDraw = true
16.470759999996517	EXP	button_left: autoDraw = true
16.470759999996517	EXP	button_right: autoDraw = true
16.470759999996517	EXP	trial_label_right: autoDraw = true
16.470759999996517	EXP	trial_label_left_new: autoDraw = true
16.92226500000106	DATA	Mouse: 0 button down, pos=(576,834)
16.972620000015013	EXP	fixation_mask: autoDraw = false
16.99372999998741	EXP	prime_text: autoDraw = true
16.99499500001548	DATA	Mouse: 0 button down, pos=(576,834)
17.005265000043437	EXP	prime_text: autoDraw = false
17.005265000043437	EXP	target: autoDraw = true
17.170335000031628	DATA	Mouse: 0 button down, pos=(576,834)
17.219229999987874	EXP	fixation_mask: autoDraw = false
17.219229999987874	EXP	prime_text: autoDraw = false
17.219229999987874	EXP	target: autoDraw = false
17.219229999987874	EXP	button_left: autoDraw = false
17.219229999987874	EXP	button_right: autoDraw = false
17.219229999987874	EXP	trial_label_right: autoDraw = false
17.219229999987874	EXP	trial_label_left_new: autoDraw = false
17.219229999987874	EXP	feedback_text: color = {"_hex":"#FF0000","_rgb":[1,0,0]}
17.219229999987874	EXP	feedback_text: text = "Incorrect"
17.219229999987874	EXP	feedback_text: autoDraw = true
17.219229999987874	EXP	button_left_2: autoDraw = true
17.219229999987874	EXP	button_right_2: autoDraw = true
17.219229999987874	EXP	trial_label_left_2: autoDraw = true
17.219229999987874	EXP	trial_label_right_2: autoDraw = true
17.22122499998659	DATA	Mouse: 0 button down, pos=(576,834)
17.740690000005998	EXP	feedback_text: autoDraw = false
17.740690000005998	EXP	button_left_2: autoDraw = false
17.740690000005998	EXP	button_right_2: autoDraw = false
17.740690000005998	EXP	trial_label_left_2: autoDraw = false
17.740690000005998	EXP	trial_label_right_2: autoDraw = false
17.740690000005998	EXP	feedback_text: autoDraw = false
17.740690000005998	EXP	button_left_2: autoDraw = false
17.740690000005998	EXP	button_right_2: autoDraw = false
17.740690000005998	EXP	trial_label_left_2: autoDraw = false
17.740690000005998	EXP	trial_label_right_2: autoDraw = false
17.740690000005998	EXP	prime_text: text = "aslert"
17.740690000005998	EXP	target: text = "ASLERT"
17.740690000005998	EXP	target: font = "Courier New"
17.740690000005998	EXP	fixation_mask: autoDraw = true
17.740690000005998	EXP	button_left: autoDraw = true
17.740690000005998	EXP	button_right: autoDraw = true
17.740690000005998	EXP	trial_label_right: autoDraw = true
17.740690000005998	EXP	trial_label_left_new: autoDraw = true
18.222134999989066	EXP	fixation_mask: autoDraw = false
18.222134999989066	EXP	prime_text: autoDraw = true
18.25557999999728	EXP	prime_text: autoDraw = false
18.25557999999728	EXP	target: autoDraw = true
18.87455000000773	DATA	Mouse: 0 button down, pos=(576,834)
18.894520000030752	EXP	fixation_mask: autoDraw = false
18.894520000030752	EXP	prime_text: autoDraw = false
18.894520000030752	EXP	target: autoDraw = false
18.894520000030752	EXP	button_left: autoDraw = false
18.894520000030752	EXP	button_right: autoDraw = false
18.894520000030752	EXP	trial_label_right: autoDraw = false
18.894520000030752	EXP	trial_label_left_new: autoDraw = false
18.894520000030752	EXP	feedback_text: color = {"_hex":"#008000","_rgb":[0,0.5019607843137255,0]}
18.894520000030752	EXP	feedback_text: text = "Correct"
18.894520000030752	EXP	feedback_text: autoDraw = true
18.894520000030752	EXP	button_left_2: autoDraw = true
18.894520000030752	EXP	button_right_2: autoDraw = true
18.894520000030752	EXP	trial_label_left_2: autoDraw = true
18.894520000030752	EXP	trial_label_right_2: autoDraw = true
18.909429999999702	DATA	Mouse: wheel shift=(0,-100), pos=(576,834)
18.96994000003906	DATA	Mouse: 0 button down, pos=(576,834)
19.08171500003664	DATA	Mouse: 0 button down, pos=(576,834)
19.183415000035893	DATA	Mouse: 0 button down, pos=(576,834)
19.390190000005532	EXP	feedback_text: autoDraw = false
19.390190000005532	EXP	button_left_2: autoDraw = false
19.390190000005532	EXP	button_right_2: autoDraw = false
19.390190000005532	EXP	trial_label_left_2: autoDraw = false
19.390190000005532	EXP	trial_label_right_2: autoDraw = false
19.390190000005532	EXP	feedback_text: autoDraw = false
19.390190000005532	EXP	button_left_2: autoDraw = false
19.390190000005532	EXP	button_right_2: autoDraw = false
19.390190000005532	EXP	trial_label_left_2: autoDraw = false
19.390190000005532	EXP	trial_label_right_2: autoDraw = false
19.390190000005532	EXP	prime_text: text = "frenzy"
19.390190000005532	EXP	target: text = "OBTAIN"
19.390190000005532	EXP	target: font = "Courier New"
19.390190000005532	EXP	fixation_mask: autoDraw = true
19.390190000005532	EXP	button_left: autoDraw = true
19.390190000005532	EXP	button_right: autoDraw = true
19.390190000005532	EXP	trial_label_right: autoDraw = true
19.390190000005532	EXP	trial_label_left_new: autoDraw = true
19.891150000039488	EXP	fixation_mask: autoDraw = false
19.891150000039488	EXP	prime_text: autoDraw = true
19.924645000020973	EXP	prime_text: autoDraw = false
19.924645000020973	EXP	target: autoDraw = true
20.192535000038333	DATA	Mouse: 0 button down, pos=(576,834)
20.207485000020824	EXP	fixation_mask: autoDraw = false
20.207485000020824	EXP	prime_text: autoDraw = false
20.207485000020824	EXP	target: autoDraw = false
20.207485000020824	EXP	button_left: autoDraw = false
20.207485000020824	EXP	button_right: autoDraw = false
20.207485000020824	EXP	trial_label_right: autoDraw = false
20.207485000020824	EXP	trial_label_left_new: autoDraw = false
20.207485000020824	EXP	feedback_text: color = {"_hex":"#FF0000","_rgb":[1,0,0]}
20.207485000020824	EXP	feedback_text: text = "Incorrect"
20.207485000020824	EXP	feedback_text: autoDraw = true
20.207485000020824	EXP	button_left_2: autoDraw = true
20.207485000020824	EXP	button_right_2: autoDraw = true
20.207485000020824	EXP	trial_label_left_2: autoDraw = true
20.207485000020824	EXP	trial_label_right_2: autoDraw = true
20.279870000027586	DATA	Mouse: 0 button down, pos=(576,834)
20.392894999997225	DATA	Mouse: 0 button down, pos=(576,834)
20.47574500000337	DATA	Mouse: 0 button down, pos=(576,834)
20.708160000038333	EXP	feedback_text: autoDraw = false
20.708160000038333	EXP	button_left_2: autoDraw = false
20.708160000038333	EXP	button_right_2: autoDraw = false
20.708160000038333	EXP	trial_label_left_2: autoDraw = false
20.708160000038333	EXP	trial_label_right_2: autoDraw = false
20.708160000038333	EXP	feedback_text: autoDraw = false
20.708160000038333	EXP	button_left_2: autoDraw = false
20.708160000038333	EXP	button_right_2: autoDraw = false
20.708160000038333	EXP	trial_label_left_2: autoDraw = false
20.708160000038333	EXP	trial_label_right_2: autoDraw = false
20.708160000038333	EXP	prime_text: text = "rashet"
20.708160000038333	EXP	target: text = "RASHET"
20.708160000038333	EXP	target: font = "Courier New"
20.708160000038333	EXP	fixation_mask: autoDraw = true
20.708160000038333	EXP	button_left: autoDraw = true
20.708160000038333	EXP	button_right: autoDraw = true
20.708160000038333	EXP	trial_label_right: autoDraw = true
20.708160000038333	EXP	trial_label_left_new: autoDraw = true
21.208535000041593	EXP	fixation_mask: autoDraw = false
21.225399999995716	EXP	prime_text: autoDraw = true
21.25839500001166	EXP	prime_text: autoDraw = false
21.276439999986906	EXP	target: autoDraw = true
21.54331000003731	DATA	Mouse: 0 button down, pos=(576,834)
21.55893500003731	EXP	fixation_mask: autoDraw = false
21.55893500003731	EXP	prime_text: autoDraw = false
21.55893500003731	EXP	target: autoDraw = false
21.55893500003731	EXP	button_left: autoDraw = false
21.55893500003731	EXP	button_right: autoDraw = false
21.55893500003731	EXP	trial_label_right: autoDraw = false
21.55893500003731	EXP	trial_label_left_new: autoDraw = false
21.55893500003731	EXP	feedback_text: color = {"_hex":"#008000","_rgb":[0,0.5019607843137255,0]}
21.55893500003731	EXP	feedback_text: text = "Correct"
21.55893500003731	EXP	feedback_text: autoDraw = true
21.55893500003731	EXP	button_left_2: autoDraw = true
21.55893500003731	EXP	button_right_2: autoDraw = true
21.55893500003731	EXP	trial_label_left_2: autoDraw = true
21.55893500003731	EXP	trial_label_right_2: autoDraw = true
21.64275500003714	DATA	Mouse: 0 button down, pos=(576,834)
21.72673500003293	DATA	Mouse: 0 button down, pos=(576,834)
21.81112500000745	DATA	Mouse: 0 button down, pos=(576,834)
22.059565000003204	EXP	feedback_text: autoDraw = false
22.059565000003204	EXP	button_left_2: autoDraw = false
22.059565000003204	EXP	button_right_2: autoDraw = false
22.059565000003204	EXP	trial_label_left_2: autoDraw = false
22.059565000003204	EXP	trial_label_right_2: autoDraw = false
22.059565000003204	EXP	feedback_text: autoDraw = false
22.059565000003204	EXP	button_left_2: autoDraw = false
22.059565000003204	EXP	button_right_2: autoDraw = false
22.059565000003204	EXP	trial_label_left_2: autoDraw = false
22.059565000003204	EXP	trial_label_right_2: autoDraw = false
22.059565000003204	EXP	prime_text: text = "abound"
22.059565000003204	EXP	target: text = "SQUEAK"
22.059565000003204	EXP	target: font = "Courier New"
22.059565000003204	EXP	fixation_mask: autoDraw = true
22.059565000003204	EXP	button_left: autoDraw = true
22.059565000003204	EXP	button_right: autoDraw = true
22.059565000003204	EXP	trial_label_right: autoDraw = true
22.059565000003204	EXP	trial_label_left_new: autoDraw = true
22.560415000014473	EXP	fixation_mask: autoDraw = false
22.560415000014473	EXP	prime_text: autoDraw = true
22.593480000039563	EXP	prime_text: autoDraw = false
22.593480000039563	EXP	target: autoDraw = true
22.846460000029765	DATA	Mouse: 0 button down, pos=(576,834)
22.86032500001602	EXP	fixation_mask: autoDraw = false
22.86032500001602	EXP	prime_text: autoDraw = false
22.86032500001602	EXP	target: autoDraw = false
22.86032500001602	EXP	button_left: autoDraw = false
22.86032500001602	EXP	button_right: autoDraw = false
22.86032500001602	EXP	trial_label_right: autoDraw = false
22.86032500001602	EXP	trial_label_left_new: autoDraw = false
22.86032500001602	EXP	feedback_text: color = {"_hex":"#FF0000","_rgb":[1,0,0]}
22.86032500001602	EXP	feedback_text: text = "Incorrect"
22.86032500001602	EXP	feedback_text: autoDraw = true
22.86032500001602	EXP	button_left_2: autoDraw = true
22.86032500001602	EXP	button_right_2: autoDraw = true
22.86032500001602	EXP	trial_label_left_2: autoDraw = true
22.86032500001602	EXP	trial_label_right_2: autoDraw = true
22.961175000004005	DATA	Mouse: 0 button down, pos=(576,834)
23.061195000016596	DATA	Mouse: 0 button down, pos=(576,834)
23.145965000032447	DATA	Mouse: 0 button down, pos=(576,834)
23.3606499999878	EXP	feedback_text: autoDraw = false
23.3606499999878	EXP	button_left_2: autoDraw = false
23.3606499999878	EXP	button_right_2: autoDraw = false
23.3606499999878	EXP	trial_label_left_2: autoDraw = false
23.3606499999878	EXP	trial_label_right_2: autoDraw = false
23.3606499999878	EXP	feedback_text: autoDraw = false
23.3606499999878	EXP	button_left_2: autoDraw = false
23.3606499999878	EXP	button_right_2: autoDraw = false
23.3606499999878	EXP	trial_label_left_2: autoDraw = false
23.3606499999878	EXP	trial_label_right_2: autoDraw = false
23.3606499999878	EXP	prime_text: text = "miaber"
23.3606499999878	EXP	target: text = "THRALE"
23.3606499999878	EXP	target: font = "Courier New"
23.3606499999878	EXP	fixation_mask: autoDraw = true
23.3606499999878	EXP	button_left: autoDraw = true
23.3606499999878	EXP	button_right: autoDraw = true
23.3606499999878	EXP	trial_label_right: autoDraw = true
23.3606499999878	EXP	trial_label_left_new: autoDraw = true
23.861284999991767	EXP	fixation_mask: autoDraw = false
23.88029500003904	EXP	prime_text: autoDraw = true
23.913110000023153	EXP	prime_text: autoDraw = false
23.928315000026487	EXP	target: autoDraw = true
24.229480000038166	DATA	Mouse: 0 button down, pos=(576,834)
24.252100000041537	EXP	fixation_mask: autoDraw = false
24.252100000041537	EXP	prime_text: autoDraw = false
24.252100000041537	EXP	target: autoDraw = false
24.252100000041537	EXP	button_left: autoDraw = false
24.252100000041537	EXP	button_right: autoDraw = false
24.252100000041537	EXP	trial_label_right: autoDraw = false
24.252100000041537	EXP	trial_label_left_new: autoDraw = false
24.252100000041537	EXP	feedback_text: color = {"_hex":"#008000","_rgb":[0,0.5019607843137255,0]}
24.252100000041537	EXP	feedback_text: text = "Correct"
24.252100000041537	EXP	feedback_text: autoDraw = true
24.252100000041537	EXP	button_left_2: autoDraw = true
24.252100000041537	EXP	button_right_2: autoDraw = true
24.252100000041537	EXP	trial_label_left_2: autoDraw = true
24.252100000041537	EXP	trial_label_right_2: autoDraw = true
24.253025000041816	DATA	Mouse: wheel shift=(-100,0), pos=(576,834)
24.32990000001155	DATA	Mouse: 0 button down, pos=(576,834)
24.745430000009947	EXP	feedback_text: autoDraw = false
24.745430000009947	EXP	button_left_2: autoDraw = false
24.745430000009947	EXP	button_right_2: autoDraw = false
24.745430000009947	EXP	trial_label_left_2: autoDraw = false
24.745430000009947	EXP	trial_label_right_2: autoDraw = false
24.745430000009947	EXP	feedback_text: autoDraw = false
24.745430000009947	EXP	button_left_2: autoDraw = false
24.745430000009947	EXP	button_right_2: autoDraw = false
24.745430000009947	EXP	trial_label_left_2: autoDraw = false
24.745430000009947	EXP	trial_label_right_2: autoDraw = false
24.745430000009947	EXP	prime_text: text = "mushed"
24.745430000009947	EXP	target: text = "WHAISE"
24.745430000009947	EXP	target: font = "Courier New"
24.745430000009947	EXP	fixation_mask: autoDraw = true
24.745430000009947	EXP	button_left: autoDraw = true
24.745430000009947	EXP	button_right: autoDraw = true
24.745430000009947	EXP	trial_label_right: autoDraw = true
24.745430000009947	EXP	trial_label_left_new: autoDraw = true
25.246099999989383	EXP	fixation_mask: autoDraw = false
25.26341000001412	EXP	prime_text: autoDraw = true
25.29565000004368	EXP	prime_text: autoDraw = false
25.31429000000935	EXP	target: autoDraw = true
25.56421500002034	DATA	Mouse: 0 button down, pos=(576,834)
25.579830000002403	EXP	fixation_mask: autoDraw = false
25.579830000002403	EXP	prime_text: autoDraw = false
25.579830000002403	EXP	target: autoDraw = false
25.579830000002403	EXP	button_left: autoDraw = false
25.579830000002403	EXP	button_right: autoDraw = false
25.579830000002403	EXP	trial_label_right: autoDraw = false
25.579830000002403	EXP	trial_label_left_new: autoDraw = false
25.579830000002403	EXP	feedback_text: color = {"_hex":"#008000","_rgb":[0,0.5019607843137255,0]}
25.579830000002403	EXP	feedback_text: text = "Correct"
25.579830000002403	EXP	feedback_text: autoDraw = true
25.579830000002403	EXP	button_left_2: autoDraw = true
25.579830000002403	EXP	button_right_2: autoDraw = true
25.579830000002403	EXP	trial_label_left_2: autoDraw = true
25.579830000002403	EXP	trial_label_right_2: autoDraw = true
25.6657450000057	DATA	Mouse: 0 button down, pos=(576,834)
26.08052499999758	EXP	feedback_text: autoDraw = false
26.08052499999758	EXP	button_left_2: autoDraw = false
26.08052499999758	EXP	button_right_2: autoDraw = false
26.08052499999758	EXP	trial_label_left_2: autoDraw = false
26.08052499999758	EXP	trial_label_right_2: autoDraw = false
26.08052499999758	EXP	feedback_text: autoDraw = false
26.08052499999758	EXP	button_left_2: autoDraw = false
26.08052499999758	EXP	button_right_2: autoDraw = false
26.08052499999758	EXP	trial_label_left_2: autoDraw = false
26.08052499999758	EXP	trial_label_right_2: autoDraw = false
26.08052499999758	EXP	prime_text: text = "fariny"
26.08052499999758	EXP	target: text = "FARINY"
26.08052499999758	EXP	target: font = "Courier New"
26.08052499999758	EXP	fixation_mask: autoDraw = true
26.08052499999758	EXP	button_left: autoDraw = true
26.08052499999758	EXP	button_right: autoDraw = true
26.08052499999758	EXP	trial_label_right: autoDraw = true
26.08052499999758	EXP	trial_label_left_new: autoDraw = true
26.58095500001218	EXP	fixation_mask: autoDraw = false
26.59992000000784	EXP	prime_text: autoDraw = true
26.607955000014044	EXP	prime_text: autoDraw = false
26.63163000001805	EXP	target: autoDraw = true
26.71528500004206	DATA	Mouse: 0 button down, pos=(576,834)
26.73235000000568	EXP	fixation_mask: autoDraw = false
26.73235000000568	EXP	prime_text: autoDraw = false
26.73235000000568	EXP	target: autoDraw = false
26.73235000000568	EXP	button_left: autoDraw = false
26.73235000000568	EXP	button_right: autoDraw = false
26.73235000000568	EXP	trial_label_right: autoDraw = false
26.73235000000568	EXP	trial_label_left_new: autoDraw = false
26.73235000000568	EXP	feedback_text: color = {"_hex":"#008000","_rgb":[0,0.5019607843137255,0]}
26.73235000000568	EXP	feedback_text: text = "Correct"
26.73235000000568	EXP	feedback_text: autoDraw = true
26.73235000000568	EXP	button_left_2: autoDraw = true
26.73235000000568	EXP	button_right_2: autoDraw = true
26.73235000000568	EXP	trial_label_left_2: autoDraw = true
26.73235000000568	EXP	trial_label_right_2: autoDraw = true
26.781859999988228	DATA	Mouse: wheel shift=(0,-100), pos=(576,834)
26.832310000027064	DATA	Mouse: 0 button down, pos=(576,834)
27.280520000029355	EXP	feedback_text: autoDraw = false
27.280520000029355	EXP	button_left_2: autoDraw = false
27.280520000029355	EXP	button_right_2: autoDraw = false
27.280520000029355	EXP	trial_label_left_2: autoDraw = false
27.280520000029355	EXP	trial_label_right_2: autoDraw = false
27.280520000029355	EXP	feedback_text: autoDraw = false
27.280520000029355	EXP	button_left_2: autoDraw = false
27.280520000029355	EXP	button_right_2: autoDraw = false
27.280520000029355	EXP	trial_label_left_2: autoDraw = false
27.280520000029355	EXP	trial_label_right_2: autoDraw = false
27.280520000029355	EXP	instructions: text = "You have completed the practice trials. During the experimental trials, you will not receive feedback, but it is very important that you respond as quickly and accurately as possible. \r\nBefore you begin, please ensure that you are in a comfortable and quiet location and will not be disturbed for about 25 minutes, as we cannot use your data if you do not complete all the trials. \r\nThere will be opportunities to take breaks at regular intervals during the experiment. When you are ready to start the experimental trials, please press space or touch the button below."
27.280520000029355	EXP	instructions_image: image = undefined
27.280520000029355	EXP	instructions: autoDraw = true
27.280520000029355	EXP	instr_done_button: autoDraw = true
27.280520000029355	EXP	instr_done_label: autoDraw = true
28.217505000007804	DATA	Mouse: 0 button down, pos=(832,974)
28.355970000033267	EXP	instructions: autoDraw = false
28.355970000033267	EXP	instr_done_button: autoDraw = false
28.355970000033267	EXP	instr_done_label: autoDraw = false
28.355970000033267	EXP	instructions_image: autoDraw = false
28.355970000033267	EXP	prime_text: text = "foster"
28.355970000033267	EXP	target: text = "FOSTER"
28.355970000033267	EXP	target: font = "Courier New"
28.355970000033267	EXP	fixation_mask: autoDraw = true
28.355970000033267	EXP	button_left: autoDraw = true
28.355970000033267	EXP	button_right: autoDraw = true
28.355970000033267	EXP	trial_label_right: autoDraw = true
28.355970000033267	EXP	trial_label_left_new: autoDraw = true
28.35723500000313	DATA	Mouse: 0 button down, pos=(832,974)
28.37582499999553	DATA	Mouse: wheel shift=(-100,0), pos=(832,974)
28.425800000026356	DATA	Mouse: wheel shift=(0,-100), pos=(832,974)
28.882715000014286	EXP	fixation_mask: autoDraw = false
28.882715000014286	EXP	prime_text: autoDraw = true
28.891785000043456	EXP	prime_text: autoDraw = false
28.91097999998601	EXP	target: autoDraw = true
29.050710000039544	DATA	Mouse: 0 button down, pos=(595,876)
29.075669999991078	EXP	fixation_mask: autoDraw = false
29.075669999991078	EXP	prime_text: autoDraw = false
29.075669999991078	EXP	target: autoDraw = false
29.075669999991078	EXP	button_left: autoDraw = false
29.075669999991078	EXP	button_right: autoDraw = false
29.075669999991078	EXP	trial_label_right: autoDraw = false
29.075669999991078	EXP	trial_label_left_new: autoDraw = false
29.075669999991078	EXP	feedback_text: color = {"_hex":"#008000","_rgb":[0,0.5019607843137255,0]}
29.075669999991078	EXP	feedback_text: text = "Correct"
29.075669999991078	EXP	feedback_text: autoDraw = true
29.075669999991078	EXP	feedback_text: autoDraw = false
29.075669999991078	EXP	button_left_2: autoDraw = true
29.075669999991078	EXP	button_left_2: autoDraw = false
29.075669999991078	EXP	button_right_2: autoDraw = true
29.075669999991078	EXP	button_right_2: autoDraw = false
29.075669999991078	EXP	trial_label_left_2: autoDraw = true
29.075669999991078	EXP	trial_label_left_2: autoDraw = false
29.075669999991078	EXP	trial_label_right_2: autoDraw = true
29.075669999991078	EXP	trial_label_right_2: autoDraw = false
29.075669999991078	EXP	feedback_text: autoDraw = false
29.075669999991078	EXP	button_left_2: autoDraw = false
29.075669999991078	EXP	button_right_2: autoDraw = false
29.075669999991078	EXP	trial_label_left_2: autoDraw = false
29.075669999991078	EXP	trial_label_right_2: autoDraw = false
29.075669999991078	EXP	break_text: text = "BREAK\n\nYou have now completed 0% of the experiment. Please take a short break.\nWhen you are done, please press the space bar or touch the \"Continue\" button below to continue the experiment."
29.075669999991078	EXP	break_text: autoDraw = true
29.075669999991078	EXP	break_done_button: autoDraw = true
29.075669999991078	EXP	break_done_button_label: autoDraw = true
29.075669999991078	EXP	break_text: autoDraw = false
29.075669999991078	EXP	break_done_button: autoDraw = false
29.075669999991078	EXP	break_done_button_label: autoDraw = false
29.075669999991078	EXP	prime_text: text = "blarge"
29.075669999991078	EXP	target: text = "BLARGE"
29.075669999991078	EXP	target: font = "Courier New"
29.075669999991078	EXP	fixation_mask: autoDraw = true
29.075669999991078	EXP	button_left: autoDraw = true
29.075669999991078	EXP	button_right: autoDraw = true
29.075669999991078	EXP	trial_label_right: autoDraw = true
29.075669999991078	EXP	trial_label_left_new: autoDraw = true
29.15305000002263	DATA	Mouse: 0 button down, pos=(595,876)
29.526880000019446	DATA	Mouse: 0 button down, pos=(595,876)
29.57575000001816	EXP	fixation_mask: autoDraw = false
29.59171000000788	EXP	prime_text: autoDraw = true
29.60925000003772	EXP	prime_text: autoDraw = false
29.619030000001658	EXP	target: autoDraw = true
29.636495000042487	DATA	Mouse: 0 button down, pos=(595,876)
30.636174999992363	DATA	Keydown: Escape
31.223445000010543	DATA	Keydown: Escape
