0.2650000000000001	EXP	Created Window = Window( name=Window, fullscr=true, color=#ffffff, units=height, waitBlanking=true, autoLog=true, size=[1924,1008] )
2.0810000000000004	EXP	Created instructions = TextStim( name=instructions, win=Window( name=Window, fullscr=true, color=#ffffff, ~), autoDraw=null, autoLog=true, units=height, ori=null, opacity=1, pos=[0,0], size=undefined, text=default text, font=Courier New, color=#000000, contrast=1, height=0.035, bold=null, italic=null, alignHoriz=left, alignVert=center, wrapWidth=1, flipHoriz=null, flipVert=null )
2.0860000000000003	EXP	Created instr_done_button = Rect( name=instr_done_button, win=Window( name=Window, fullscr=true, color=#ffffff, ~), autoDraw=null, autoLog=true, units=height, ori=null, opacity=1, pos=[0,-0.4], size=[1,1], lineWidth=1, lineColor=#000000, fillColor=#FFFFFF, vertices=[[-0.2,-0.05],[0.2,-0.05],[0.2,0.05],[-0.2,0.05]], closeShape=true, contrast=1, depth=-2, interpolate=true, width=0.4, height=0.1 )
2.088	EXP	Created instr_done_label = TextStim( name=instr_done_label, win=Window( name=Window, fullscr=true, color=#ffffff, ~), autoDraw=null, autoLog=true, units=height, ori=null, opacity=1, pos=[0,-0.4], size=undefined, text=Continue, font=Courier New, color=#000000, contrast=1, height=0.05, bold=null, italic=null, alignHoriz=left, alignVert=center, wrapWidth=1, flipHoriz=null, flipVert=null )
2.0920000000000005	EXP	Created instructions_image = ImageStim( name=instructions_image, win=Window( name=Window, fullscr=true, color=#ffffff, ~), autoDraw=null, autoLog=true, units=height, ori=null, opacity=1, pos=[0,0], size=[0.4,0.3], image=undefined, mask=undefined, color=#ffffff, contrast=1, texRes=128, interpolate=true, depth=-6, flipHoriz=null, flipVert=null )
2.0949999999999998	EXP	Created fixation_mask = TextStim( name=fixation_mask, win=Window( name=Window, fullscr=true, color=#ffffff, ~), autoDraw=null, autoLog=true, units=height, ori=null, opacity=1, pos=[0,0], size=undefined, text=######, font=Courier New, color=#000000, contrast=1, height=0.1, bold=null, italic=null, alignHoriz=left, alignVert=center, wrapWidth=1, flipHoriz=null, flipVert=null )
2.098	EXP	Created prime_text = TextStim( name=prime_text, win=Window( name=Window, fullscr=true, color=#ffffff, ~), autoDraw=null, autoLog=true, units=height, ori=null, opacity=1, pos=[0,0], size=undefined, text=default text, font=Courier New, color=#000000, contrast=1, height=0.1, bold=null, italic=null, alignHoriz=left, alignVert=center, wrapWidth=1, flipHoriz=null, flipVert=null )
2.099	EXP	Created target = TextStim( name=target, win=Window( name=Window, fullscr=true, color=#ffffff, ~), autoDraw=null, autoLog=true, units=height, ori=null, opacity=1, pos=[0,0], size=undefined, text=default text, font=Arial, color=#000000, contrast=1, height=0.1, bold=null, italic=null, alignHoriz=left, alignVert=center, wrapWidth=1, flipHoriz=null, flipVert=null )
2.1020000000000003	EXP	Created button_left = Rect( name=button_left, win=Window( name=Window, fullscr=true, color=#ffffff, ~), autoDraw=null, autoLog=true, units=height, ori=null, opacity=1, pos=[-0.4,-0.3], size=[1,1], lineWidth=1, lineColor=#000000, fillColor=#FFFFFF, vertices=[[-0.2,-0.1],[0.2,-0.1],[0.2,0.1],[-0.2,0.1]], closeShape=true, contrast=1, depth=-5, interpolate=true, width=0.4, height=0.2 )
2.106	EXP	Created button_right = Rect( name=button_right, win=Window( name=Window, fullscr=true, color=#ffffff, ~), autoDraw=null, autoLog=true, units=height, ori=null, opacity=1, pos=[0.4,-0.3], size=[1,1], lineWidth=1, lineColor=#000000, fillColor=#FFFFFF, vertices=[[-0.2,-0.1],[0.2,-0.1],[0.2,0.1],[-0.2,0.1]], closeShape=true, contrast=1, depth=-6, interpolate=true, width=0.4, height=0.2 )
2.106	EXP	Created trial_label_right = TextStim( name=trial_label_right, win=Window( name=Window, fullscr=true, color=#ffffff, ~), autoDraw=null, autoLog=true, units=height, ori=null, opacity=1, pos=[0.4,-0.3], size=undefined, text=M = Word, font=Courier New, color=#000000, contrast=1, height=0.05, bold=null, italic=null, alignHoriz=left, alignVert=center, wrapWidth=1, flipHoriz=null, flipVert=null )
2.1100000000000003	EXP	Created trial_label_left_new = TextStim( name=trial_label_left_new, win=Window( name=Window, fullscr=true, color=#ffffff, ~), autoDraw=null, autoLog=true, units=height, ori=null, opacity=1, pos=[-0.4,-0.3], size=undefined, text=Z = Nonword, font=Courier New, color=#000000, contrast=1, height=0.05, bold=null, italic=null, alignHoriz=left, alignVert=center, wrapWidth=1, flipHoriz=null, flipVert=null )
2.1109999999999998	EXP	Created feedback_text = TextStim( name=feedback_text, win=Window( name=Window, fullscr=true, color=#ffffff, ~), autoDraw=null, autoLog=true, units=height, ori=null, opacity=1, pos=[0,0], size=undefined, text=default text, font=Courier New, color=#FFFFFF, contrast=1, height=0.05, bold=null, italic=null, alignHoriz=left, alignVert=center, wrapWidth=1, flipHoriz=null, flipVert=null )
2.114	EXP	Created button_left_2 = Rect( name=button_left_2, win=Window( name=Window, fullscr=true, color=#ffffff, ~), autoDraw=null, autoLog=true, units=height, ori=null, opacity=1, pos=[-0.4,-0.3], size=[1,1], lineWidth=1, lineColor=#000000, fillColor=#FFFFFF, vertices=[[-0.2,-0.1],[0.2,-0.1],[0.2,0.1],[-0.2,0.1]], closeShape=true, contrast=1, depth=-2, interpolate=true, width=0.4, height=0.2 )
2.1210000000000004	EXP	Created button_right_2 = Rect( name=button_right_2, win=Window( name=Window, fullscr=true, color=#ffffff, ~), autoDraw=null, autoLog=true, units=height, ori=null, opacity=1, pos=[0.4,-0.3], size=[1,1], lineWidth=1, lineColor=#000000, fillColor=#FFFFFF, vertices=[[-0.2,-0.1],[0.2,-0.1],[0.2,0.1],[-0.2,0.1]], closeShape=true, contrast=1, depth=-3, interpolate=true, width=0.4, height=0.2 )
2.122	EXP	Created trial_label_left_2 = TextStim( name=trial_label_left_2, win=Window( name=Window, fullscr=true, color=#ffffff, ~), autoDraw=null, autoLog=true, units=height, ori=null, opacity=1, pos=[-0.4,-0.3], size=undefined, text=Z = Nonword, font=Courier New, color=#000000, contrast=1, height=0.05, bold=null, italic=null, alignHoriz=left, alignVert=center, wrapWidth=1, flipHoriz=null, flipVert=null )
2.1239999999999997	EXP	Created trial_label_right_2 = TextStim( name=trial_label_right_2, win=Window( name=Window, fullscr=true, color=#ffffff, ~), autoDraw=null, autoLog=true, units=height, ori=null, opacity=1, pos=[0.4,-0.3], size=undefined, text=M = Word, font=Courier New, color=#000000, contrast=1, height=0.05, bold=null, italic=null, alignHoriz=left, alignVert=center, wrapWidth=1, flipHoriz=null, flipVert=null )
2.128	EXP	Created instructions = TextStim( name=instructions, win=Window( name=Window, fullscr=true, color=#ffffff, ~), autoDraw=null, autoLog=true, units=height, ori=null, opacity=1, pos=[0,0], size=undefined, text=default text, font=Courier New, color=#000000, contrast=1, height=0.035, bold=null, italic=null, alignHoriz=left, alignVert=center, wrapWidth=1, flipHoriz=null, flipVert=null )
2.1319999999999997	EXP	Created instr_done_button = Rect( name=instr_done_button, win=Window( name=Window, fullscr=true, color=#ffffff, ~), autoDraw=null, autoLog=true, units=height, ori=null, opacity=1, pos=[0,-0.4], size=[1,1], lineWidth=1, lineColor=#000000, fillColor=#FFFFFF, vertices=[[-0.2,-0.05],[0.2,-0.05],[0.2,0.05],[-0.2,0.05]], closeShape=true, contrast=1, depth=-2, interpolate=true, width=0.4, height=0.1 )
2.133	EXP	Created instr_done_label = TextStim( name=instr_done_label, win=Window( name=Window, fullscr=true, color=#ffffff, ~), autoDraw=null, autoLog=true, units=height, ori=null, opacity=1, pos=[0,-0.4], size=undefined, text=Continue, font=Courier New, color=#000000, contrast=1, height=0.05, bold=null, italic=null, alignHoriz=left, alignVert=center, wrapWidth=1, flipHoriz=null, flipVert=null )
2.1370000000000005	EXP	Created instructions_image = ImageStim( name=instructions_image, win=Window( name=Window, fullscr=true, color=#ffffff, ~), autoDraw=null, autoLog=true, units=height, ori=null, opacity=1, pos=[0,0], size=[0.4,0.3], image=undefined, mask=undefined, color=#ffffff, contrast=1, texRes=128, interpolate=true, depth=-6, flipHoriz=null, flipVert=null )
2.1390000000000002	EXP	Created fixation_mask = TextStim( name=fixation_mask, win=Window( name=Window, fullscr=true, color=#ffffff, ~), autoDraw=null, autoLog=true, units=height, ori=null, opacity=1, pos=[0,0], size=undefined, text=######, font=Courier New, color=#000000, contrast=1, height=0.1, bold=null, italic=null, alignHoriz=left, alignVert=center, wrapWidth=1, flipHoriz=null, flipVert=null )
2.1399999999999997	EXP	Created prime_text = TextStim( name=prime_text, win=Window( name=Window, fullscr=true, color=#ffffff, ~), autoDraw=null, autoLog=true, units=height, ori=null, opacity=1, pos=[0,0], size=undefined, text=default text, font=Courier New, color=#000000, contrast=1, height=0.1, bold=null, italic=null, alignHoriz=left, alignVert=center, wrapWidth=1, flipHoriz=null, flipVert=null )
2.1420000000000003	EXP	Created target = TextStim( name=target, win=Window( name=Window, fullscr=true, color=#ffffff, ~), autoDraw=null, autoLog=true, units=height, ori=null, opacity=1, pos=[0,0], size=undefined, text=default text, font=Arial, color=#000000, contrast=1, height=0.1, bold=null, italic=null, alignHoriz=left, alignVert=center, wrapWidth=1, flipHoriz=null, flipVert=null )
2.1450000000000005	EXP	Created button_left = Rect( name=button_left, win=Window( name=Window, fullscr=true, color=#ffffff, ~), autoDraw=null, autoLog=true, units=height, ori=null, opacity=1, pos=[-0.4,-0.3], size=[1,1], lineWidth=1, lineColor=#000000, fillColor=#FFFFFF, vertices=[[-0.2,-0.1],[0.2,-0.1],[0.2,0.1],[-0.2,0.1]], closeShape=true, contrast=1, depth=-5, interpolate=true, width=0.4, height=0.2 )
2.1479999999999997	EXP	Created button_right = Rect( name=button_right, win=Window( name=Window, fullscr=true, color=#ffffff, ~), autoDraw=null, autoLog=true, units=height, ori=null, opacity=1, pos=[0.4,-0.3], size=[1,1], lineWidth=1, lineColor=#000000, fillColor=#FFFFFF, vertices=[[-0.2,-0.1],[0.2,-0.1],[0.2,0.1],[-0.2,0.1]], closeShape=true, contrast=1, depth=-6, interpolate=true, width=0.4, height=0.2 )
2.1479999999999997	EXP	Created trial_label_right = TextStim( name=trial_label_right, win=Window( name=Window, fullscr=true, color=#ffffff, ~), autoDraw=null, autoLog=true, units=height, ori=null, opacity=1, pos=[0.4,-0.3], size=undefined, text=M = Word, font=Courier New, color=#000000, contrast=1, height=0.05, bold=null, italic=null, alignHoriz=left, alignVert=center, wrapWidth=1, flipHoriz=null, flipVert=null )
2.1500000000000004	EXP	Created trial_label_left_new = TextStim( name=trial_label_left_new, win=Window( name=Window, fullscr=true, color=#ffffff, ~), autoDraw=null, autoLog=true, units=height, ori=null, opacity=1, pos=[-0.4,-0.3], size=undefined, text=Z = Nonword, font=Courier New, color=#000000, contrast=1, height=0.05, bold=null, italic=null, alignHoriz=left, alignVert=center, wrapWidth=1, flipHoriz=null, flipVert=null )
2.151	EXP	Created feedback_text = TextStim( name=feedback_text, win=Window( name=Window, fullscr=true, color=#ffffff, ~), autoDraw=null, autoLog=true, units=height, ori=null, opacity=1, pos=[0,0], size=undefined, text=default text, font=Courier New, color=#FFFFFF, contrast=1, height=0.05, bold=null, italic=null, alignHoriz=left, alignVert=center, wrapWidth=1, flipHoriz=null, flipVert=null )
2.1530000000000005	EXP	Created button_left_2 = Rect( name=button_left_2, win=Window( name=Window, fullscr=true, color=#ffffff, ~), autoDraw=null, autoLog=true, units=height, ori=null, opacity=1, pos=[-0.4,-0.3], size=[1,1], lineWidth=1, lineColor=#000000, fillColor=#FFFFFF, vertices=[[-0.2,-0.1],[0.2,-0.1],[0.2,0.1],[-0.2,0.1]], closeShape=true, contrast=1, depth=-2, interpolate=true, width=0.4, height=0.2 )
2.1550000000000002	EXP	Created button_right_2 = Rect( name=button_right_2, win=Window( name=Window, fullscr=true, color=#ffffff, ~), autoDraw=null, autoLog=true, units=height, ori=null, opacity=1, pos=[0.4,-0.3], size=[1,1], lineWidth=1, lineColor=#000000, fillColor=#FFFFFF, vertices=[[-0.2,-0.1],[0.2,-0.1],[0.2,0.1],[-0.2,0.1]], closeShape=true, contrast=1, depth=-3, interpolate=true, width=0.4, height=0.2 )
2.1559999999999997	EXP	Created trial_label_left_2 = TextStim( name=trial_label_left_2, win=Window( name=Window, fullscr=true, color=#ffffff, ~), autoDraw=null, autoLog=true, units=height, ori=null, opacity=1, pos=[-0.4,-0.3], size=undefined, text=Z = Nonword, font=Courier New, color=#000000, contrast=1, height=0.05, bold=null, italic=null, alignHoriz=left, alignVert=center, wrapWidth=1, flipHoriz=null, flipVert=null )
2.157	EXP	Created trial_label_right_2 = TextStim( name=trial_label_right_2, win=Window( name=Window, fullscr=true, color=#ffffff, ~), autoDraw=null, autoLog=true, units=height, ori=null, opacity=1, pos=[0.4,-0.3], size=undefined, text=M = Word, font=Courier New, color=#000000, contrast=1, height=0.05, bold=null, italic=null, alignHoriz=left, alignVert=center, wrapWidth=1, flipHoriz=null, flipVert=null )
2.16	EXP	Created break_text = TextStim( name=break_text, win=Window( name=Window, fullscr=true, color=#ffffff, ~), autoDraw=null, autoLog=true, units=height, ori=null, opacity=1, pos=[0,0], size=undefined, text=default text, font=Courier New, color=#000000, contrast=1, height=0.05, bold=null, italic=null, alignHoriz=left, alignVert=center, wrapWidth=1, flipHoriz=null, flipVert=null )
2.1639999999999997	EXP	Created break_done_button = Rect( name=break_done_button, win=Window( name=Window, fullscr=true, color=#ffffff, ~), autoDraw=null, autoLog=true, units=height, ori=null, opacity=1, pos=[0,-0.4], size=[1,1], lineWidth=1, lineColor=#000000, fillColor=#FFFFFF, vertices=[[-0.2,-0.05],[0.2,-0.05],[0.2,0.05],[-0.2,0.05]], closeShape=true, contrast=1, depth=-4, interpolate=true, width=0.4, height=0.1 )
2.1660000000000004	EXP	Created break_done_button_label = TextStim( name=break_done_button_label, win=Window( name=Window, fullscr=true, color=#ffffff, ~), autoDraw=null, autoLog=true, units=height, ori=null, opacity=1, pos=[0,-0.4], size=undefined, text=Continue, font=Courier New, color=#000000, contrast=1, height=0.05, bold=null, italic=null, alignHoriz=left, alignVert=center, wrapWidth=1, flipHoriz=null, flipVert=null )
2.167	EXP	Created thank_you = TextStim( name=thank_you, win=Window( name=Window, fullscr=true, color=#ffffff, ~), autoDraw=null, autoLog=true, units=height, ori=null, opacity=1, pos=[0,0], size=undefined, text=This is the end of the experiment.

Please do NOT ~, font=Courier New, color=#000000, contrast=1, height=1, bold=null, italic=null, alignHoriz=left, alignVert=center, wrapWidth=1, flipHoriz=null, flipVert=null )
2.3	EXP	instructions: units = "height"
2.3	EXP	instructions: ori = 0
2.3	EXP	instructions: opacity = 1
2.3	EXP	instructions: pos = [0,0]
2.3	EXP	instructions: size = undefined
2.3	EXP	instructions: text = "default text"
2.3	EXP	instructions: font = "Courier New"
2.3	EXP	instructions: color = {"_hex":"#000000","_rgb":[0,0,0]}
2.3	EXP	instructions: contrast = 1
2.3	EXP	instructions: height = 0.035
2.3	EXP	instructions: bold = false
2.3	EXP	instructions: italic = false
2.3	EXP	instructions: alignHoriz = "left"
2.3	EXP	instructions: alignVert = "center"
2.3	EXP	instructions: wrapWidth = 1
2.3	EXP	instructions: flipHoriz = false
2.3	EXP	instructions: flipVert = false
2.3	EXP	instr_done_button: units = "height"
2.3	EXP	instr_done_button: ori = 0
2.3	EXP	instr_done_button: opacity = 1
2.3	EXP	instr_done_button: pos = [0,-0.4]
2.3	EXP	instr_done_button: size = [1,1]
2.3	EXP	instr_done_button: lineWidth = 1
2.3	EXP	instr_done_button: lineColor = {"_hex":"#000000","_rgb":[0,0,0]}
2.3	EXP	instr_done_button: fillColor = {"_hex":"#FFFFFF","_rgb":[1,1,1]}
2.3	EXP	instr_done_button: vertices = [[-0.5,0],[0,0.5],[0.5,0]]
2.3	EXP	instr_done_button: closeShape = true
2.3	EXP	instr_done_button: contrast = 1
2.3	EXP	instr_done_button: depth = -2
2.3	EXP	instr_done_button: interpolate = true
2.3	EXP	instr_done_button: width = 0.4
2.3	EXP	instr_done_button: vertices = [[-0.2,null],[0.2,null],[0.2,null],[-0.2,null]]
2.3	EXP	instr_done_button: height = 0.1
2.3	EXP	instr_done_button: vertices = [[-0.2,-0.05],[0.2,-0.05],[0.2,0.05],[-0.2,0.05]]
2.3	EXP	instr_done_button: vertices = [[-0.2,-0.05],[0.2,-0.05],[0.2,0.05],[-0.2,0.05]]
2.3	EXP	instr_done_label: units = "height"
2.3	EXP	instr_done_label: ori = 0
2.3	EXP	instr_done_label: opacity = 1
2.3	EXP	instr_done_label: pos = [0,-0.4]
2.3	EXP	instr_done_label: size = undefined
2.3	EXP	instr_done_label: text = "Continue"
2.3	EXP	instr_done_label: font = "Courier New"
2.3	EXP	instr_done_label: color = {"_hex":"#000000","_rgb":[0,0,0]}
2.3	EXP	instr_done_label: contrast = 1
2.3	EXP	instr_done_label: height = 0.05
2.3	EXP	instr_done_label: bold = false
2.3	EXP	instr_done_label: italic = false
2.3	EXP	instr_done_label: alignHoriz = "left"
2.3	EXP	instr_done_label: alignVert = "center"
2.3	EXP	instr_done_label: wrapWidth = 1
2.3	EXP	instr_done_label: flipHoriz = false
2.3	EXP	instr_done_label: flipVert = false
2.3	EXP	instructions_image: units = "height"
2.3	EXP	instructions_image: ori = 0
2.3	EXP	instructions_image: opacity = 1
2.3	EXP	instructions_image: pos = [0,0]
2.3	EXP	instructions_image: size = [0.4,0.3]
2.3	EXP	instructions_image: image = undefined
2.3	EXP	instructions_image: mask = undefined
2.3	EXP	instructions_image: color = {"_rgb":[1,1,1]}
2.3	EXP	instructions_image: contrast = 1
2.3	EXP	instructions_image: texRes = 128
2.3	EXP	instructions_image: interpolate = true
2.3	EXP	instructions_image: depth = -6
2.3	EXP	instructions_image: flipHoriz = false
2.3	EXP	instructions_image: flipVert = false
2.3	EXP	fixation_mask: units = "height"
2.3	EXP	fixation_mask: ori = 0
2.3	EXP	fixation_mask: opacity = 1
2.3	EXP	fixation_mask: pos = [0,0]
2.3	EXP	fixation_mask: size = undefined
2.3	EXP	fixation_mask: text = "######"
2.3	EXP	fixation_mask: font = "Courier New"
2.3	EXP	fixation_mask: color = {"_hex":"#000000","_rgb":[0,0,0]}
2.3	EXP	fixation_mask: contrast = 1
2.3	EXP	fixation_mask: height = 0.1
2.3	EXP	fixation_mask: bold = false
2.3	EXP	fixation_mask: italic = false
2.3	EXP	fixation_mask: alignHoriz = "left"
2.3	EXP	fixation_mask: alignVert = "center"
2.3	EXP	fixation_mask: wrapWidth = 1
2.3	EXP	fixation_mask: flipHoriz = false
2.3	EXP	fixation_mask: flipVert = false
2.3	EXP	prime_text: units = "height"
2.3	EXP	prime_text: ori = 0
2.3	EXP	prime_text: opacity = 1
2.3	EXP	prime_text: pos = [0,0]
2.3	EXP	prime_text: size = undefined
2.3	EXP	prime_text: text = "default text"
2.3	EXP	prime_text: font = "Courier New"
2.3	EXP	prime_text: color = {"_hex":"#000000","_rgb":[0,0,0]}
2.3	EXP	prime_text: contrast = 1
2.3	EXP	prime_text: height = 0.1
2.3	EXP	prime_text: bold = false
2.3	EXP	prime_text: italic = false
2.3	EXP	prime_text: alignHoriz = "left"
2.3	EXP	prime_text: alignVert = "center"
2.3	EXP	prime_text: wrapWidth = 1
2.3	EXP	prime_text: flipHoriz = false
2.3	EXP	prime_text: flipVert = false
2.3	EXP	target: units = "height"
2.3	EXP	target: ori = 0
2.3	EXP	target: opacity = 1
2.3	EXP	target: pos = [0,0]
2.3	EXP	target: size = undefined
2.3	EXP	target: text = "default text"
2.3	EXP	target: font = "Arial"
2.3	EXP	target: color = {"_hex":"#000000","_rgb":[0,0,0]}
2.3	EXP	target: contrast = 1
2.3	EXP	target: height = 0.1
2.3	EXP	target: bold = false
2.3	EXP	target: italic = false
2.3	EXP	target: alignHoriz = "left"
2.3	EXP	target: alignVert = "center"
2.3	EXP	target: wrapWidth = 1
2.3	EXP	target: flipHoriz = false
2.3	EXP	target: flipVert = false
2.3	EXP	button_left: units = "height"
2.3	EXP	button_left: ori = 0
2.3	EXP	button_left: opacity = 1
2.3	EXP	button_left: pos = [-0.4,-0.3]
2.3	EXP	button_left: size = [1,1]
2.3	EXP	button_left: lineWidth = 1
2.3	EXP	button_left: lineColor = {"_hex":"#000000","_rgb":[0,0,0]}
2.3	EXP	button_left: fillColor = {"_hex":"#FFFFFF","_rgb":[1,1,1]}
2.3	EXP	button_left: vertices = [[-0.5,0],[0,0.5],[0.5,0]]
2.3	EXP	button_left: closeShape = true
2.3	EXP	button_left: contrast = 1
2.3	EXP	button_left: depth = -5
2.3	EXP	button_left: interpolate = true
2.3	EXP	button_left: width = 0.4
2.3	EXP	button_left: vertices = [[-0.2,null],[0.2,null],[0.2,null],[-0.2,null]]
2.3	EXP	button_left: height = 0.2
2.3	EXP	button_left: vertices = [[-0.2,-0.1],[0.2,-0.1],[0.2,0.1],[-0.2,0.1]]
2.3	EXP	button_left: vertices = [[-0.2,-0.1],[0.2,-0.1],[0.2,0.1],[-0.2,0.1]]
2.3	EXP	button_right: units = "height"
2.3	EXP	button_right: ori = 0
2.3	EXP	button_right: opacity = 1
2.3	EXP	button_right: pos = [0.4,-0.3]
2.3	EXP	button_right: size = [1,1]
2.3	EXP	button_right: lineWidth = 1
2.3	EXP	button_right: lineColor = {"_hex":"#000000","_rgb":[0,0,0]}
2.3	EXP	button_right: fillColor = {"_hex":"#FFFFFF","_rgb":[1,1,1]}
2.3	EXP	button_right: vertices = [[-0.5,0],[0,0.5],[0.5,0]]
2.3	EXP	button_right: closeShape = true
2.3	EXP	button_right: contrast = 1
2.3	EXP	button_right: depth = -6
2.3	EXP	button_right: interpolate = true
2.3	EXP	button_right: width = 0.4
2.3	EXP	button_right: vertices = [[-0.2,null],[0.2,null],[0.2,null],[-0.2,null]]
2.3	EXP	button_right: height = 0.2
2.3	EXP	button_right: vertices = [[-0.2,-0.1],[0.2,-0.1],[0.2,0.1],[-0.2,0.1]]
2.3	EXP	button_right: vertices = [[-0.2,-0.1],[0.2,-0.1],[0.2,0.1],[-0.2,0.1]]
2.3	EXP	trial_label_right: units = "height"
2.3	EXP	trial_label_right: ori = 0
2.3	EXP	trial_label_right: opacity = 1
2.3	EXP	trial_label_right: pos = [0.4,-0.3]
2.3	EXP	trial_label_right: size = undefined
2.3	EXP	trial_label_right: text = "M = Word"
2.3	EXP	trial_label_right: font = "Courier New"
2.3	EXP	trial_label_right: color = {"_hex":"#000000","_rgb":[0,0,0]}
2.3	EXP	trial_label_right: contrast = 1
2.3	EXP	trial_label_right: height = 0.05
2.3	EXP	trial_label_right: bold = false
2.3	EXP	trial_label_right: italic = false
2.3	EXP	trial_label_right: alignHoriz = "left"
2.3	EXP	trial_label_right: alignVert = "center"
2.3	EXP	trial_label_right: wrapWidth = 1
2.3	EXP	trial_label_right: flipHoriz = false
2.3	EXP	trial_label_right: flipVert = false
2.3	EXP	trial_label_left_new: units = "height"
2.3	EXP	trial_label_left_new: ori = 0
2.3	EXP	trial_label_left_new: opacity = 1
2.3	EXP	trial_label_left_new: pos = [-0.4,-0.3]
2.3	EXP	trial_label_left_new: size = undefined
2.3	EXP	trial_label_left_new: text = "Z = Nonword"
2.3	EXP	trial_label_left_new: font = "Courier New"
2.3	EXP	trial_label_left_new: color = {"_hex":"#000000","_rgb":[0,0,0]}
2.3	EXP	trial_label_left_new: contrast = 1
2.3	EXP	trial_label_left_new: height = 0.05
2.3	EXP	trial_label_left_new: bold = false
2.3	EXP	trial_label_left_new: italic = false
2.3	EXP	trial_label_left_new: alignHoriz = "left"
2.3	EXP	trial_label_left_new: alignVert = "center"
2.3	EXP	trial_label_left_new: wrapWidth = 1
2.3	EXP	trial_label_left_new: flipHoriz = false
2.3	EXP	trial_label_left_new: flipVert = false
2.3	EXP	feedback_text: units = "height"
2.3	EXP	feedback_text: ori = 0
2.3	EXP	feedback_text: opacity = 1
2.3	EXP	feedback_text: pos = [0,0]
2.3	EXP	feedback_text: size = undefined
2.3	EXP	feedback_text: text = "default text"
2.3	EXP	feedback_text: font = "Courier New"
2.3	EXP	feedback_text: color = {"_hex":"#FFFFFF","_rgb":[1,1,1]}
2.3	EXP	feedback_text: contrast = 1
2.3	EXP	feedback_text: height = 0.05
2.3	EXP	feedback_text: bold = false
2.3	EXP	feedback_text: italic = false
2.3	EXP	feedback_text: alignHoriz = "left"
2.3	EXP	feedback_text: alignVert = "center"
2.3	EXP	feedback_text: wrapWidth = 1
2.3	EXP	feedback_text: flipHoriz = false
2.3	EXP	feedback_text: flipVert = false
2.3	EXP	button_left_2: units = "height"
2.3	EXP	button_left_2: ori = 0
2.3	EXP	button_left_2: opacity = 1
2.3	EXP	button_left_2: pos = [-0.4,-0.3]
2.3	EXP	button_left_2: size = [1,1]
2.3	EXP	button_left_2: lineWidth = 1
2.3	EXP	button_left_2: lineColor = {"_hex":"#000000","_rgb":[0,0,0]}
2.3	EXP	button_left_2: fillColor = {"_hex":"#FFFFFF","_rgb":[1,1,1]}
2.3	EXP	button_left_2: vertices = [[-0.5,0],[0,0.5],[0.5,0]]
2.3	EXP	button_left_2: closeShape = true
2.3	EXP	button_left_2: contrast = 1
2.3	EXP	button_left_2: depth = -2
2.3	EXP	button_left_2: interpolate = true
2.3	EXP	button_left_2: width = 0.4
2.3	EXP	button_left_2: vertices = [[-0.2,null],[0.2,null],[0.2,null],[-0.2,null]]
2.3	EXP	button_left_2: height = 0.2
2.3	EXP	button_left_2: vertices = [[-0.2,-0.1],[0.2,-0.1],[0.2,0.1],[-0.2,0.1]]
2.3	EXP	button_left_2: vertices = [[-0.2,-0.1],[0.2,-0.1],[0.2,0.1],[-0.2,0.1]]
2.3	EXP	button_right_2: units = "height"
2.3	EXP	button_right_2: ori = 0
2.3	EXP	button_right_2: opacity = 1
2.3	EXP	button_right_2: pos = [0.4,-0.3]
2.3	EXP	button_right_2: size = [1,1]
2.3	EXP	button_right_2: lineWidth = 1
2.3	EXP	button_right_2: lineColor = {"_hex":"#000000","_rgb":[0,0,0]}
2.3	EXP	button_right_2: fillColor = {"_hex":"#FFFFFF","_rgb":[1,1,1]}
2.3	EXP	button_right_2: vertices = [[-0.5,0],[0,0.5],[0.5,0]]
2.3	EXP	button_right_2: closeShape = true
2.3	EXP	button_right_2: contrast = 1
2.3	EXP	button_right_2: depth = -3
2.3	EXP	button_right_2: interpolate = true
2.3	EXP	button_right_2: width = 0.4
2.3	EXP	button_right_2: vertices = [[-0.2,null],[0.2,null],[0.2,null],[-0.2,null]]
2.3	EXP	button_right_2: height = 0.2
2.3	EXP	button_right_2: vertices = [[-0.2,-0.1],[0.2,-0.1],[0.2,0.1],[-0.2,0.1]]
2.3	EXP	button_right_2: vertices = [[-0.2,-0.1],[0.2,-0.1],[0.2,0.1],[-0.2,0.1]]
2.3	EXP	trial_label_left_2: units = "height"
2.3	EXP	trial_label_left_2: ori = 0
2.3	EXP	trial_label_left_2: opacity = 1
2.3	EXP	trial_label_left_2: pos = [-0.4,-0.3]
2.3	EXP	trial_label_left_2: size = undefined
2.3	EXP	trial_label_left_2: text = "Z = Nonword"
2.3	EXP	trial_label_left_2: font = "Courier New"
2.3	EXP	trial_label_left_2: color = {"_hex":"#000000","_rgb":[0,0,0]}
2.3	EXP	trial_label_left_2: contrast = 1
2.3	EXP	trial_label_left_2: height = 0.05
2.3	EXP	trial_label_left_2: bold = false
2.3	EXP	trial_label_left_2: italic = false
2.3	EXP	trial_label_left_2: alignHoriz = "left"
2.3	EXP	trial_label_left_2: alignVert = "center"
2.3	EXP	trial_label_left_2: wrapWidth = 1
2.3	EXP	trial_label_left_2: flipHoriz = false
2.3	EXP	trial_label_left_2: flipVert = false
2.3	EXP	trial_label_right_2: units = "height"
2.3	EXP	trial_label_right_2: ori = 0
2.3	EXP	trial_label_right_2: opacity = 1
2.3	EXP	trial_label_right_2: pos = [0.4,-0.3]
2.3	EXP	trial_label_right_2: size = undefined
2.3	EXP	trial_label_right_2: text = "M = Word"
2.3	EXP	trial_label_right_2: font = "Courier New"
2.3	EXP	trial_label_right_2: color = {"_hex":"#000000","_rgb":[0,0,0]}
2.3	EXP	trial_label_right_2: contrast = 1
2.3	EXP	trial_label_right_2: height = 0.05
2.3	EXP	trial_label_right_2: bold = false
2.3	EXP	trial_label_right_2: italic = false
2.3	EXP	trial_label_right_2: alignHoriz = "left"
2.3	EXP	trial_label_right_2: alignVert = "center"
2.3	EXP	trial_label_right_2: wrapWidth = 1
2.3	EXP	trial_label_right_2: flipHoriz = false
2.3	EXP	trial_label_right_2: flipVert = false
2.3	EXP	instructions: units = "height"
2.3	EXP	instructions: ori = 0
2.3	EXP	instructions: opacity = 1
2.3	EXP	instructions: pos = [0,0]
2.3	EXP	instructions: size = undefined
2.3	EXP	instructions: text = "default text"
2.3	EXP	instructions: font = "Courier New"
2.3	EXP	instructions: color = {"_hex":"#000000","_rgb":[0,0,0]}
2.3	EXP	instructions: contrast = 1
2.3	EXP	instructions: height = 0.035
2.3	EXP	instructions: bold = false
2.3	EXP	instructions: italic = false
2.3	EXP	instructions: alignHoriz = "left"
2.3	EXP	instructions: alignVert = "center"
2.3	EXP	instructions: wrapWidth = 1
2.3	EXP	instructions: flipHoriz = false
2.3	EXP	instructions: flipVert = false
2.3	EXP	instr_done_button: units = "height"
2.3	EXP	instr_done_button: ori = 0
2.3	EXP	instr_done_button: opacity = 1
2.3	EXP	instr_done_button: pos = [0,-0.4]
2.3	EXP	instr_done_button: size = [1,1]
2.3	EXP	instr_done_button: lineWidth = 1
2.3	EXP	instr_done_button: lineColor = {"_hex":"#000000","_rgb":[0,0,0]}
2.3	EXP	instr_done_button: fillColor = {"_hex":"#FFFFFF","_rgb":[1,1,1]}
2.3	EXP	instr_done_button: vertices = [[-0.5,0],[0,0.5],[0.5,0]]
2.3	EXP	instr_done_button: closeShape = true
2.3	EXP	instr_done_button: contrast = 1
2.3	EXP	instr_done_button: depth = -2
2.3	EXP	instr_done_button: interpolate = true
2.3	EXP	instr_done_button: width = 0.4
2.3	EXP	instr_done_button: vertices = [[-0.2,null],[0.2,null],[0.2,null],[-0.2,null]]
2.3	EXP	instr_done_button: height = 0.1
2.3	EXP	instr_done_button: vertices = [[-0.2,-0.05],[0.2,-0.05],[0.2,0.05],[-0.2,0.05]]
2.3	EXP	instr_done_button: vertices = [[-0.2,-0.05],[0.2,-0.05],[0.2,0.05],[-0.2,0.05]]
2.3	EXP	instr_done_label: units = "height"
2.3	EXP	instr_done_label: ori = 0
2.3	EXP	instr_done_label: opacity = 1
2.3	EXP	instr_done_label: pos = [0,-0.4]
2.3	EXP	instr_done_label: size = undefined
2.3	EXP	instr_done_label: text = "Continue"
2.3	EXP	instr_done_label: font = "Courier New"
2.3	EXP	instr_done_label: color = {"_hex":"#000000","_rgb":[0,0,0]}
2.3	EXP	instr_done_label: contrast = 1
2.3	EXP	instr_done_label: height = 0.05
2.3	EXP	instr_done_label: bold = false
2.3	EXP	instr_done_label: italic = false
2.3	EXP	instr_done_label: alignHoriz = "left"
2.3	EXP	instr_done_label: alignVert = "center"
2.3	EXP	instr_done_label: wrapWidth = 1
2.3	EXP	instr_done_label: flipHoriz = false
2.3	EXP	instr_done_label: flipVert = false
2.3	EXP	instructions_image: units = "height"
2.3	EXP	instructions_image: ori = 0
2.3	EXP	instructions_image: opacity = 1
2.3	EXP	instructions_image: pos = [0,0]
2.3	EXP	instructions_image: size = [0.4,0.3]
2.3	EXP	instructions_image: image = undefined
2.3	EXP	instructions_image: mask = undefined
2.3	EXP	instructions_image: color = {"_rgb":[1,1,1]}
2.3	EXP	instructions_image: contrast = 1
2.3	EXP	instructions_image: texRes = 128
2.3	EXP	instructions_image: interpolate = true
2.3	EXP	instructions_image: depth = -6
2.3	EXP	instructions_image: flipHoriz = false
2.3	EXP	instructions_image: flipVert = false
2.3	EXP	fixation_mask: units = "height"
2.3	EXP	fixation_mask: ori = 0
2.3	EXP	fixation_mask: opacity = 1
2.3	EXP	fixation_mask: pos = [0,0]
2.3	EXP	fixation_mask: size = undefined
2.3	EXP	fixation_mask: text = "######"
2.3	EXP	fixation_mask: font = "Courier New"
2.3	EXP	fixation_mask: color = {"_hex":"#000000","_rgb":[0,0,0]}
2.3	EXP	fixation_mask: contrast = 1
2.3	EXP	fixation_mask: height = 0.1
2.3	EXP	fixation_mask: bold = false
2.3	EXP	fixation_mask: italic = false
2.3	EXP	fixation_mask: alignHoriz = "left"
2.3	EXP	fixation_mask: alignVert = "center"
2.3	EXP	fixation_mask: wrapWidth = 1
2.3	EXP	fixation_mask: flipHoriz = false
2.3	EXP	fixation_mask: flipVert = false
2.3	EXP	prime_text: units = "height"
2.3	EXP	prime_text: ori = 0
2.3	EXP	prime_text: opacity = 1
2.3	EXP	prime_text: pos = [0,0]
2.3	EXP	prime_text: size = undefined
2.3	EXP	prime_text: text = "default text"
2.3	EXP	prime_text: font = "Courier New"
2.3	EXP	prime_text: color = {"_hex":"#000000","_rgb":[0,0,0]}
2.3	EXP	prime_text: contrast = 1
2.3	EXP	prime_text: height = 0.1
2.3	EXP	prime_text: bold = false
2.3	EXP	prime_text: italic = false
2.3	EXP	prime_text: alignHoriz = "left"
2.3	EXP	prime_text: alignVert = "center"
2.3	EXP	prime_text: wrapWidth = 1
2.3	EXP	prime_text: flipHoriz = false
2.3	EXP	prime_text: flipVert = false
2.3	EXP	target: units = "height"
2.3	EXP	target: ori = 0
2.3	EXP	target: opacity = 1
2.3	EXP	target: pos = [0,0]
2.3	EXP	target: size = undefined
2.3	EXP	target: text = "default text"
2.3	EXP	target: font = "Arial"
2.3	EXP	target: color = {"_hex":"#000000","_rgb":[0,0,0]}
2.3	EXP	target: contrast = 1
2.3	EXP	target: height = 0.1
2.3	EXP	target: bold = false
2.3	EXP	target: italic = false
2.3	EXP	target: alignHoriz = "left"
2.3	EXP	target: alignVert = "center"
2.3	EXP	target: wrapWidth = 1
2.3	EXP	target: flipHoriz = false
2.3	EXP	target: flipVert = false
2.3	EXP	button_left: units = "height"
2.3	EXP	button_left: ori = 0
2.3	EXP	button_left: opacity = 1
2.3	EXP	button_left: pos = [-0.4,-0.3]
2.3	EXP	button_left: size = [1,1]
2.3	EXP	button_left: lineWidth = 1
2.3	EXP	button_left: lineColor = {"_hex":"#000000","_rgb":[0,0,0]}
2.3	EXP	button_left: fillColor = {"_hex":"#FFFFFF","_rgb":[1,1,1]}
2.3	EXP	button_left: vertices = [[-0.5,0],[0,0.5],[0.5,0]]
2.3	EXP	button_left: closeShape = true
2.3	EXP	button_left: contrast = 1
2.3	EXP	button_left: depth = -5
2.3	EXP	button_left: interpolate = true
2.3	EXP	button_left: width = 0.4
2.3	EXP	button_left: vertices = [[-0.2,null],[0.2,null],[0.2,null],[-0.2,null]]
2.3	EXP	button_left: height = 0.2
2.3	EXP	button_left: vertices = [[-0.2,-0.1],[0.2,-0.1],[0.2,0.1],[-0.2,0.1]]
2.3	EXP	button_left: vertices = [[-0.2,-0.1],[0.2,-0.1],[0.2,0.1],[-0.2,0.1]]
2.3	EXP	button_right: units = "height"
2.3	EXP	button_right: ori = 0
2.3	EXP	button_right: opacity = 1
2.3	EXP	button_right: pos = [0.4,-0.3]
2.3	EXP	button_right: size = [1,1]
2.3	EXP	button_right: lineWidth = 1
2.3	EXP	button_right: lineColor = {"_hex":"#000000","_rgb":[0,0,0]}
2.3	EXP	button_right: fillColor = {"_hex":"#FFFFFF","_rgb":[1,1,1]}
2.3	EXP	button_right: vertices = [[-0.5,0],[0,0.5],[0.5,0]]
2.3	EXP	button_right: closeShape = true
2.3	EXP	button_right: contrast = 1
2.3	EXP	button_right: depth = -6
2.3	EXP	button_right: interpolate = true
2.3	EXP	button_right: width = 0.4
2.3	EXP	button_right: vertices = [[-0.2,null],[0.2,null],[0.2,null],[-0.2,null]]
2.3	EXP	button_right: height = 0.2
2.3	EXP	button_right: vertices = [[-0.2,-0.1],[0.2,-0.1],[0.2,0.1],[-0.2,0.1]]
2.3	EXP	button_right: vertices = [[-0.2,-0.1],[0.2,-0.1],[0.2,0.1],[-0.2,0.1]]
2.3	EXP	trial_label_right: units = "height"
2.3	EXP	trial_label_right: ori = 0
2.3	EXP	trial_label_right: opacity = 1
2.3	EXP	trial_label_right: pos = [0.4,-0.3]
2.3	EXP	trial_label_right: size = undefined
2.3	EXP	trial_label_right: text = "M = Word"
2.3	EXP	trial_label_right: font = "Courier New"
2.3	EXP	trial_label_right: color = {"_hex":"#000000","_rgb":[0,0,0]}
2.3	EXP	trial_label_right: contrast = 1
2.3	EXP	trial_label_right: height = 0.05
2.3	EXP	trial_label_right: bold = false
2.3	EXP	trial_label_right: italic = false
2.3	EXP	trial_label_right: alignHoriz = "left"
2.3	EXP	trial_label_right: alignVert = "center"
2.3	EXP	trial_label_right: wrapWidth = 1
2.3	EXP	trial_label_right: flipHoriz = false
2.3	EXP	trial_label_right: flipVert = false
2.3	EXP	trial_label_left_new: units = "height"
2.3	EXP	trial_label_left_new: ori = 0
2.3	EXP	trial_label_left_new: opacity = 1
2.3	EXP	trial_label_left_new: pos = [-0.4,-0.3]
2.3	EXP	trial_label_left_new: size = undefined
2.3	EXP	trial_label_left_new: text = "Z = Nonword"
2.3	EXP	trial_label_left_new: font = "Courier New"
2.3	EXP	trial_label_left_new: color = {"_hex":"#000000","_rgb":[0,0,0]}
2.3	EXP	trial_label_left_new: contrast = 1
2.3	EXP	trial_label_left_new: height = 0.05
2.3	EXP	trial_label_left_new: bold = false
2.3	EXP	trial_label_left_new: italic = false
2.3	EXP	trial_label_left_new: alignHoriz = "left"
2.3	EXP	trial_label_left_new: alignVert = "center"
2.3	EXP	trial_label_left_new: wrapWidth = 1
2.3	EXP	trial_label_left_new: flipHoriz = false
2.3	EXP	trial_label_left_new: flipVert = false
2.3	EXP	feedback_text: units = "height"
2.3	EXP	feedback_text: ori = 0
2.3	EXP	feedback_text: opacity = 1
2.3	EXP	feedback_text: pos = [0,0]
2.3	EXP	feedback_text: size = undefined
2.3	EXP	feedback_text: text = "default text"
2.3	EXP	feedback_text: font = "Courier New"
2.3	EXP	feedback_text: color = {"_hex":"#FFFFFF","_rgb":[1,1,1]}
2.3	EXP	feedback_text: contrast = 1
2.3	EXP	feedback_text: height = 0.05
2.3	EXP	feedback_text: bold = false
2.3	EXP	feedback_text: italic = false
2.3	EXP	feedback_text: alignHoriz = "left"
2.3	EXP	feedback_text: alignVert = "center"
2.3	EXP	feedback_text: wrapWidth = 1
2.3	EXP	feedback_text: flipHoriz = false
2.3	EXP	feedback_text: flipVert = false
2.3	EXP	button_left_2: units = "height"
2.3	EXP	button_left_2: ori = 0
2.3	EXP	button_left_2: opacity = 1
2.3	EXP	button_left_2: pos = [-0.4,-0.3]
2.3	EXP	button_left_2: size = [1,1]
2.3	EXP	button_left_2: lineWidth = 1
2.3	EXP	button_left_2: lineColor = {"_hex":"#000000","_rgb":[0,0,0]}
2.3	EXP	button_left_2: fillColor = {"_hex":"#FFFFFF","_rgb":[1,1,1]}
2.3	EXP	button_left_2: vertices = [[-0.5,0],[0,0.5],[0.5,0]]
2.3	EXP	button_left_2: closeShape = true
2.3	EXP	button_left_2: contrast = 1
2.3	EXP	button_left_2: depth = -2
2.3	EXP	button_left_2: interpolate = true
2.3	EXP	button_left_2: width = 0.4
2.3	EXP	button_left_2: vertices = [[-0.2,null],[0.2,null],[0.2,null],[-0.2,null]]
2.3	EXP	button_left_2: height = 0.2
2.3	EXP	button_left_2: vertices = [[-0.2,-0.1],[0.2,-0.1],[0.2,0.1],[-0.2,0.1]]
2.3	EXP	button_left_2: vertices = [[-0.2,-0.1],[0.2,-0.1],[0.2,0.1],[-0.2,0.1]]
2.3	EXP	button_right_2: units = "height"
2.3	EXP	button_right_2: ori = 0
2.3	EXP	button_right_2: opacity = 1
2.3	EXP	button_right_2: pos = [0.4,-0.3]
2.3	EXP	button_right_2: size = [1,1]
2.3	EXP	button_right_2: lineWidth = 1
2.3	EXP	button_right_2: lineColor = {"_hex":"#000000","_rgb":[0,0,0]}
2.3	EXP	button_right_2: fillColor = {"_hex":"#FFFFFF","_rgb":[1,1,1]}
2.3	EXP	button_right_2: vertices = [[-0.5,0],[0,0.5],[0.5,0]]
2.3	EXP	button_right_2: closeShape = true
2.3	EXP	button_right_2: contrast = 1
2.3	EXP	button_right_2: depth = -3
2.3	EXP	button_right_2: interpolate = true
2.3	EXP	button_right_2: width = 0.4
2.3	EXP	button_right_2: vertices = [[-0.2,null],[0.2,null],[0.2,null],[-0.2,null]]
2.3	EXP	button_right_2: height = 0.2
2.3	EXP	button_right_2: vertices = [[-0.2,-0.1],[0.2,-0.1],[0.2,0.1],[-0.2,0.1]]
2.3	EXP	button_right_2: vertices = [[-0.2,-0.1],[0.2,-0.1],[0.2,0.1],[-0.2,0.1]]
2.3	EXP	trial_label_left_2: units = "height"
2.3	EXP	trial_label_left_2: ori = 0
2.3	EXP	trial_label_left_2: opacity = 1
2.3	EXP	trial_label_left_2: pos = [-0.4,-0.3]
2.3	EXP	trial_label_left_2: size = undefined
2.3	EXP	trial_label_left_2: text = "Z = Nonword"
2.3	EXP	trial_label_left_2: font = "Courier New"
2.3	EXP	trial_label_left_2: color = {"_hex":"#000000","_rgb":[0,0,0]}
2.3	EXP	trial_label_left_2: contrast = 1
2.3	EXP	trial_label_left_2: height = 0.05
2.3	EXP	trial_label_left_2: bold = false
2.3	EXP	trial_label_left_2: italic = false
2.3	EXP	trial_label_left_2: alignHoriz = "left"
2.3	EXP	trial_label_left_2: alignVert = "center"
2.3	EXP	trial_label_left_2: wrapWidth = 1
2.3	EXP	trial_label_left_2: flipHoriz = false
2.3	EXP	trial_label_left_2: flipVert = false
2.3	EXP	trial_label_right_2: units = "height"
2.3	EXP	trial_label_right_2: ori = 0
2.3	EXP	trial_label_right_2: opacity = 1
2.3	EXP	trial_label_right_2: pos = [0.4,-0.3]
2.3	EXP	trial_label_right_2: size = undefined
2.3	EXP	trial_label_right_2: text = "M = Word"
2.3	EXP	trial_label_right_2: font = "Courier New"
2.3	EXP	trial_label_right_2: color = {"_hex":"#000000","_rgb":[0,0,0]}
2.3	EXP	trial_label_right_2: contrast = 1
2.3	EXP	trial_label_right_2: height = 0.05
2.3	EXP	trial_label_right_2: bold = false
2.3	EXP	trial_label_right_2: italic = false
2.3	EXP	trial_label_right_2: alignHoriz = "left"
2.3	EXP	trial_label_right_2: alignVert = "center"
2.3	EXP	trial_label_right_2: wrapWidth = 1
2.3	EXP	trial_label_right_2: flipHoriz = false
2.3	EXP	trial_label_right_2: flipVert = false
2.3	EXP	break_text: units = "height"
2.3	EXP	break_text: ori = 0
2.3	EXP	break_text: opacity = 1
2.3	EXP	break_text: pos = [0,0]
2.3	EXP	break_text: size = undefined
2.3	EXP	break_text: text = "default text"
2.3	EXP	break_text: font = "Courier New"
2.3	EXP	break_text: color = {"_hex":"#000000","_rgb":[0,0,0]}
2.3	EXP	break_text: contrast = 1
2.3	EXP	break_text: height = 0.05
2.3	EXP	break_text: bold = false
2.3	EXP	break_text: italic = false
2.3	EXP	break_text: alignHoriz = "left"
2.3	EXP	break_text: alignVert = "center"
2.3	EXP	break_text: wrapWidth = 1
2.3	EXP	break_text: flipHoriz = false
2.3	EXP	break_text: flipVert = false
2.3	EXP	break_done_button: units = "height"
2.3	EXP	break_done_button: ori = 0
2.3	EXP	break_done_button: opacity = 1
2.3	EXP	break_done_button: pos = [0,-0.4]
2.3	EXP	break_done_button: size = [1,1]
2.3	EXP	break_done_button: lineWidth = 1
2.3	EXP	break_done_button: lineColor = {"_hex":"#000000","_rgb":[0,0,0]}
2.3	EXP	break_done_button: fillColor = {"_hex":"#FFFFFF","_rgb":[1,1,1]}
2.3	EXP	break_done_button: vertices = [[-0.5,0],[0,0.5],[0.5,0]]
2.3	EXP	break_done_button: closeShape = true
2.3	EXP	break_done_button: contrast = 1
2.3	EXP	break_done_button: depth = -4
2.3	EXP	break_done_button: interpolate = true
2.3	EXP	break_done_button: width = 0.4
2.3	EXP	break_done_button: vertices = [[-0.2,null],[0.2,null],[0.2,null],[-0.2,null]]
2.3	EXP	break_done_button: height = 0.1
2.3	EXP	break_done_button: vertices = [[-0.2,-0.05],[0.2,-0.05],[0.2,0.05],[-0.2,0.05]]
2.3	EXP	break_done_button: vertices = [[-0.2,-0.05],[0.2,-0.05],[0.2,0.05],[-0.2,0.05]]
2.3	EXP	break_done_button_label: units = "height"
2.3	EXP	break_done_button_label: ori = 0
2.3	EXP	break_done_button_label: opacity = 1
2.3	EXP	break_done_button_label: pos = [0,-0.4]
2.3	EXP	break_done_button_label: size = undefined
2.3	EXP	break_done_button_label: text = "Continue"
2.3	EXP	break_done_button_label: font = "Courier New"
2.3	EXP	break_done_button_label: color = {"_hex":"#000000","_rgb":[0,0,0]}
2.3	EXP	break_done_button_label: contrast = 1
2.3	EXP	break_done_button_label: height = 0.05
2.3	EXP	break_done_button_label: bold = false
2.3	EXP	break_done_button_label: italic = false
2.3	EXP	break_done_button_label: alignHoriz = "left"
2.3	EXP	break_done_button_label: alignVert = "center"
2.3	EXP	break_done_button_label: wrapWidth = 1
2.3	EXP	break_done_button_label: flipHoriz = false
2.3	EXP	break_done_button_label: flipVert = false
2.3	EXP	thank_you: units = "height"
2.3	EXP	thank_you: ori = 0
2.3	EXP	thank_you: opacity = 1
2.3	EXP	thank_you: pos = [0,0]
2.3	EXP	thank_you: size = undefined
2.3	EXP	thank_you: text = "This is the end of the experiment.\n\nPlease do NOT close this window until you have been redirected to the debrief page. \n\nPlease wait for the message “Thank you for your patience” to appear and then click OK to continue to the debrief page.\n\nYou must go to the debrief page in order for your participation to be recorded."
2.3	EXP	thank_you: font = "Courier New"
2.3	EXP	thank_you: color = {"_hex":"#000000","_rgb":[0,0,0]}
2.3	EXP	thank_you: contrast = 1
2.3	EXP	thank_you: height = 1
2.3	EXP	thank_you: bold = false
2.3	EXP	thank_you: italic = false
2.3	EXP	thank_you: alignHoriz = "left"
2.3	EXP	thank_you: alignVert = "center"
2.3	EXP	thank_you: wrapWidth = 1
2.3	EXP	thank_you: flipHoriz = false
2.3	EXP	thank_you: flipVert = false
2.3	EXP	instructions: text = "INSTRUCTIONS\r\nAt the start of each trial, look at the hash marks (######) in the center of the screen. After a moment, a string of letters will appear. Your task is to indicate if the letter string forms a word or not (i.e., if it is a nonword). For example, AUTHOR is a word while AUTHON is a nonword.\r\n\r\nPress the space bar or touch the button below to continue."
2.3	EXP	instructions_image: image = undefined
2.3	EXP	instructions: autoDraw = true
2.3	EXP	instr_done_button: autoDraw = true
2.3	EXP	instr_done_label: autoDraw = true
3.4210000000000003	DATA	Mouse: 0 button down, pos=(966,919)
3.457	EXP	instructions: autoDraw = false
3.457	EXP	instr_done_button: autoDraw = false
3.457	EXP	instr_done_label: autoDraw = false
3.457	EXP	instructions_image: autoDraw = false
3.457	EXP	instructions: text = "If your device has a keyboard, press the 'Z' key for nonwords and the 'M' key for words.\r\n\r\n\r\n\r\n\r\n\r\nPress the space bar or touch the button below to continue."
3.457	EXP	instructions_image: image = {}
3.457	EXP	instructions: autoDraw = true
3.457	EXP	instr_done_button: autoDraw = true
3.457	EXP	instr_done_label: autoDraw = true
3.457	EXP	instructions_image: autoDraw = true
3.5220000000000002	DATA	Mouse: 0 button down, pos=(969,920)
4.042	DATA	Mouse: 0 button down, pos=(984,932)
4.079	EXP	instructions: autoDraw = false
4.079	EXP	instr_done_button: autoDraw = false
4.079	EXP	instr_done_label: autoDraw = false
4.079	EXP	instructions_image: autoDraw = false
4.079	EXP	instructions: text = "If you are using a touchscreen only device, use the buttons on the screen. Do not use the mouse.\r\n\r\n\r\n\r\n\r\n\r\nPress the space bar or touch the button below to continue."
4.079	EXP	instructions_image: image = {}
4.079	EXP	instructions: autoDraw = true
4.079	EXP	instr_done_button: autoDraw = true
4.079	EXP	instr_done_label: autoDraw = true
4.079	EXP	instructions_image: autoDraw = true
4.172	DATA	Mouse: 0 button down, pos=(984,932)
10.877	DATA	Mouse: 0 button down, pos=(890,983)
10.913	EXP	instructions: autoDraw = false
10.913	EXP	instr_done_button: autoDraw = false
10.913	EXP	instr_done_label: autoDraw = false
10.913	EXP	instructions_image: autoDraw = false
10.913	EXP	instructions: text = "It is very important that you respond as quickly and accurately as possible, as each letter string will only be on the screen for two seconds. If you do not respond within this time, the message 'Too slow!' will be displayed and the experiment will progress to the next letter string. The first 20 trials will be practice trials and you will receive feedback on your answers. \r\n\r\nPress the space bar or touch the button below to start the practice trials."
10.913	EXP	instructions_image: image = undefined
10.913	EXP	instructions: autoDraw = true
10.913	EXP	instr_done_button: autoDraw = true
10.913	EXP	instr_done_label: autoDraw = true
10.991	DATA	Mouse: 0 button down, pos=(890,983)
14.765	DATA	Mouse: 0 button down, pos=(889,983)
14.940000000000001	EXP	instructions: autoDraw = false
14.940000000000001	EXP	instr_done_button: autoDraw = false
14.940000000000001	EXP	instr_done_label: autoDraw = false
14.940000000000001	EXP	instructions_image: autoDraw = false
14.940000000000001	EXP	prime_text: text = "matrix"
14.940000000000001	EXP	target: text = "MATRIX"
14.940000000000001	EXP	target: font = "Courier New"
14.940000000000001	EXP	fixation_mask: autoDraw = true
14.940000000000001	EXP	button_left: autoDraw = true
14.940000000000001	EXP	button_right: autoDraw = true
14.940000000000001	EXP	trial_label_right: autoDraw = true
14.940000000000001	EXP	trial_label_left_new: autoDraw = true
14.943000000000001	DATA	Mouse: 0 button down, pos=(889,983)
15.399000000000001	EXP	fixation_mask: autoDraw = false
15.437000000000001	EXP	prime_text: autoDraw = true
15.45	EXP	prime_text: autoDraw = false
15.475999999999999	EXP	target: autoDraw = true
15.985	DATA	Mouse: 0 button down, pos=(1275,959)
16.011	EXP	fixation_mask: autoDraw = false
16.011	EXP	prime_text: autoDraw = false
16.011	EXP	target: autoDraw = false
16.011	EXP	button_left: autoDraw = false
16.011	EXP	button_right: autoDraw = false
16.011	EXP	trial_label_right: autoDraw = false
16.011	EXP	trial_label_left_new: autoDraw = false
16.011	EXP	feedback_text: color = {"_hex":"#FF0000","_rgb":[1,0,0]}
16.011	EXP	feedback_text: text = "Incorrect"
16.011	EXP	feedback_text: autoDraw = true
16.011	EXP	button_left_2: autoDraw = true
16.011	EXP	button_right_2: autoDraw = true
16.011	EXP	trial_label_left_2: autoDraw = true
16.011	EXP	trial_label_right_2: autoDraw = true
16.084	DATA	Mouse: 0 button down, pos=(1273,959)
16.506	EXP	feedback_text: autoDraw = false
16.506	EXP	button_left_2: autoDraw = false
16.506	EXP	button_right_2: autoDraw = false
16.506	EXP	trial_label_left_2: autoDraw = false
16.506	EXP	trial_label_right_2: autoDraw = false
16.506	EXP	feedback_text: autoDraw = false
16.506	EXP	button_left_2: autoDraw = false
16.506	EXP	button_right_2: autoDraw = false
16.506	EXP	trial_label_left_2: autoDraw = false
16.506	EXP	trial_label_right_2: autoDraw = false
16.506	EXP	prime_text: text = "abound"
16.506	EXP	target: text = "SQUEAK"
16.506	EXP	target: font = "Courier New"
16.506	EXP	fixation_mask: autoDraw = true
16.506	EXP	button_left: autoDraw = true
16.506	EXP	button_right: autoDraw = true
16.506	EXP	trial_label_right: autoDraw = true
16.506	EXP	trial_label_left_new: autoDraw = true
16.856	DATA	Mouse: 0 button down, pos=(1282,923)
16.939	DATA	Mouse: 0 button down, pos=(1282,923)
17.003	EXP	fixation_mask: autoDraw = false
17.03	EXP	prime_text: autoDraw = true
17.038	EXP	prime_text: autoDraw = false
17.038	EXP	target: autoDraw = true
17.554	DATA	Mouse: 0 button down, pos=(1282,923)
17.576	EXP	fixation_mask: autoDraw = false
17.576	EXP	prime_text: autoDraw = false
17.576	EXP	target: autoDraw = false
17.576	EXP	button_left: autoDraw = false
17.576	EXP	button_right: autoDraw = false
17.576	EXP	trial_label_right: autoDraw = false
17.576	EXP	trial_label_left_new: autoDraw = false
17.576	EXP	feedback_text: color = {"_hex":"#FF0000","_rgb":[1,0,0]}
17.576	EXP	feedback_text: text = "Incorrect"
17.576	EXP	feedback_text: autoDraw = true
17.576	EXP	button_left_2: autoDraw = true
17.576	EXP	button_right_2: autoDraw = true
17.576	EXP	trial_label_left_2: autoDraw = true
17.576	EXP	trial_label_right_2: autoDraw = true
17.633	DATA	Mouse: 0 button down, pos=(1282,923)
18.073	EXP	feedback_text: autoDraw = false
18.073	EXP	button_left_2: autoDraw = false
18.073	EXP	button_right_2: autoDraw = false
18.073	EXP	trial_label_left_2: autoDraw = false
18.073	EXP	trial_label_right_2: autoDraw = false
18.073	EXP	feedback_text: autoDraw = false
18.073	EXP	button_left_2: autoDraw = false
18.073	EXP	button_right_2: autoDraw = false
18.073	EXP	trial_label_left_2: autoDraw = false
18.073	EXP	trial_label_right_2: autoDraw = false
18.073	EXP	prime_text: text = "fariny"
18.073	EXP	target: text = "FARINY"
18.073	EXP	target: font = "Courier New"
18.073	EXP	fixation_mask: autoDraw = true
18.073	EXP	button_left: autoDraw = true
18.073	EXP	button_right: autoDraw = true
18.073	EXP	trial_label_right: autoDraw = true
18.073	EXP	trial_label_left_new: autoDraw = true
18.564	EXP	fixation_mask: autoDraw = false
18.587	EXP	prime_text: autoDraw = true
18.606	EXP	prime_text: autoDraw = false
18.633	EXP	target: autoDraw = true
18.956	DATA	Mouse: 0 button down, pos=(1282,923)
18.986	EXP	fixation_mask: autoDraw = false
18.986	EXP	prime_text: autoDraw = false
18.986	EXP	target: autoDraw = false
18.986	EXP	button_left: autoDraw = false
18.986	EXP	button_right: autoDraw = false
18.986	EXP	trial_label_right: autoDraw = false
18.986	EXP	trial_label_left_new: autoDraw = false
18.986	EXP	feedback_text: color = {"_hex":"#FF0000","_rgb":[1,0,0]}
18.986	EXP	feedback_text: text = "Incorrect"
18.986	EXP	feedback_text: autoDraw = true
18.986	EXP	button_left_2: autoDraw = true
18.986	EXP	button_right_2: autoDraw = true
18.986	EXP	trial_label_left_2: autoDraw = true
18.986	EXP	trial_label_right_2: autoDraw = true
19.067	DATA	Mouse: 0 button down, pos=(1282,923)
19.502	EXP	feedback_text: autoDraw = false
19.502	EXP	button_left_2: autoDraw = false
19.502	EXP	button_right_2: autoDraw = false
19.502	EXP	trial_label_left_2: autoDraw = false
19.502	EXP	trial_label_right_2: autoDraw = false
19.502	EXP	feedback_text: autoDraw = false
19.502	EXP	button_left_2: autoDraw = false
19.502	EXP	button_right_2: autoDraw = false
19.502	EXP	trial_label_left_2: autoDraw = false
19.502	EXP	trial_label_right_2: autoDraw = false
19.502	EXP	prime_text: text = "rashet"
19.502	EXP	target: text = "RASHET"
19.502	EXP	target: font = "Courier New"
19.502	EXP	fixation_mask: autoDraw = true
19.502	EXP	button_left: autoDraw = true
19.502	EXP	button_right: autoDraw = true
19.502	EXP	trial_label_right: autoDraw = true
19.502	EXP	trial_label_left_new: autoDraw = true
20.006	EXP	fixation_mask: autoDraw = false
20.006	EXP	prime_text: autoDraw = true
20.053	EXP	prime_text: autoDraw = false
20.079	EXP	target: autoDraw = true
20.404	DATA	Mouse: 0 button down, pos=(1282,923)
20.419	EXP	fixation_mask: autoDraw = false
20.419	EXP	prime_text: autoDraw = false
20.419	EXP	target: autoDraw = false
20.419	EXP	button_left: autoDraw = false
20.419	EXP	button_right: autoDraw = false
20.419	EXP	trial_label_right: autoDraw = false
20.419	EXP	trial_label_left_new: autoDraw = false
20.419	EXP	feedback_text: color = {"_hex":"#FF0000","_rgb":[1,0,0]}
20.419	EXP	feedback_text: text = "Incorrect"
20.419	EXP	feedback_text: autoDraw = true
20.419	EXP	button_left_2: autoDraw = true
20.419	EXP	button_right_2: autoDraw = true
20.419	EXP	trial_label_left_2: autoDraw = true
20.419	EXP	trial_label_right_2: autoDraw = true
20.505	DATA	Mouse: 0 button down, pos=(1282,923)
20.913	EXP	feedback_text: autoDraw = false
20.913	EXP	button_left_2: autoDraw = false
20.913	EXP	button_right_2: autoDraw = false
20.913	EXP	trial_label_left_2: autoDraw = false
20.913	EXP	trial_label_right_2: autoDraw = false
20.913	EXP	feedback_text: autoDraw = false
20.913	EXP	button_left_2: autoDraw = false
20.913	EXP	button_right_2: autoDraw = false
20.913	EXP	trial_label_left_2: autoDraw = false
20.913	EXP	trial_label_right_2: autoDraw = false
20.913	EXP	prime_text: text = "aslert"
20.913	EXP	target: text = "ASLERT"
20.913	EXP	target: font = "Courier New"
20.913	EXP	fixation_mask: autoDraw = true
20.913	EXP	button_left: autoDraw = true
20.913	EXP	button_right: autoDraw = true
20.913	EXP	trial_label_right: autoDraw = true
20.913	EXP	trial_label_left_new: autoDraw = true
21.431	EXP	fixation_mask: autoDraw = false
21.431	EXP	prime_text: autoDraw = true
21.436	EXP	prime_text: autoDraw = false
21.466	EXP	target: autoDraw = true
21.767	DATA	Mouse: 0 button down, pos=(1304,886)
21.788	EXP	fixation_mask: autoDraw = false
21.788	EXP	prime_text: autoDraw = false
21.788	EXP	target: autoDraw = false
21.788	EXP	button_left: autoDraw = false
21.788	EXP	button_right: autoDraw = false
21.788	EXP	trial_label_right: autoDraw = false
21.788	EXP	trial_label_left_new: autoDraw = false
21.788	EXP	feedback_text: color = {"_hex":"#FF0000","_rgb":[1,0,0]}
21.788	EXP	feedback_text: text = "Incorrect"
21.788	EXP	feedback_text: autoDraw = true
21.788	EXP	button_left_2: autoDraw = true
21.788	EXP	button_right_2: autoDraw = true
21.788	EXP	trial_label_left_2: autoDraw = true
21.788	EXP	trial_label_right_2: autoDraw = true
21.854	DATA	Mouse: 0 button down, pos=(1304,886)
22.283	EXP	feedback_text: autoDraw = false
22.283	EXP	button_left_2: autoDraw = false
22.283	EXP	button_right_2: autoDraw = false
22.283	EXP	trial_label_left_2: autoDraw = false
22.283	EXP	trial_label_right_2: autoDraw = false
22.283	EXP	feedback_text: autoDraw = false
22.283	EXP	button_left_2: autoDraw = false
22.283	EXP	button_right_2: autoDraw = false
22.283	EXP	trial_label_left_2: autoDraw = false
22.283	EXP	trial_label_right_2: autoDraw = false
22.283	EXP	prime_text: text = "mushed"
22.283	EXP	target: text = "WHAISE"
22.283	EXP	target: font = "Courier New"
22.283	EXP	fixation_mask: autoDraw = true
22.283	EXP	button_left: autoDraw = true
22.283	EXP	button_right: autoDraw = true
22.283	EXP	trial_label_right: autoDraw = true
22.283	EXP	trial_label_left_new: autoDraw = true
22.782	EXP	fixation_mask: autoDraw = false
22.816	EXP	prime_text: autoDraw = true
22.835	EXP	prime_text: autoDraw = false
22.867	EXP	target: autoDraw = true
23.13	DATA	Mouse: 0 button down, pos=(1298,886)
23.152	EXP	fixation_mask: autoDraw = false
23.152	EXP	prime_text: autoDraw = false
23.152	EXP	target: autoDraw = false
23.152	EXP	button_left: autoDraw = false
23.152	EXP	button_right: autoDraw = false
23.152	EXP	trial_label_right: autoDraw = false
23.152	EXP	trial_label_left_new: autoDraw = false
23.152	EXP	feedback_text: color = {"_hex":"#FF0000","_rgb":[1,0,0]}
23.152	EXP	feedback_text: text = "Incorrect"
23.152	EXP	feedback_text: autoDraw = true
23.152	EXP	button_left_2: autoDraw = true
23.152	EXP	button_right_2: autoDraw = true
23.152	EXP	trial_label_left_2: autoDraw = true
23.152	EXP	trial_label_right_2: autoDraw = true
23.195	DATA	Mouse: 0 button down, pos=(1298,886)
23.632	EXP	feedback_text: autoDraw = false
23.632	EXP	button_left_2: autoDraw = false
23.632	EXP	button_right_2: autoDraw = false
23.632	EXP	trial_label_left_2: autoDraw = false
23.632	EXP	trial_label_right_2: autoDraw = false
23.632	EXP	feedback_text: autoDraw = false
23.632	EXP	button_left_2: autoDraw = false
23.632	EXP	button_right_2: autoDraw = false
23.632	EXP	trial_label_left_2: autoDraw = false
23.632	EXP	trial_label_right_2: autoDraw = false
23.632	EXP	prime_text: text = "winfer"
23.632	EXP	target: text = "ROUPET"
23.632	EXP	target: font = "Courier New"
23.632	EXP	fixation_mask: autoDraw = true
23.632	EXP	button_left: autoDraw = true
23.632	EXP	button_right: autoDraw = true
23.632	EXP	trial_label_right: autoDraw = true
23.632	EXP	trial_label_left_new: autoDraw = true
24.161	EXP	fixation_mask: autoDraw = false
24.161	EXP	prime_text: autoDraw = true
24.184	EXP	prime_text: autoDraw = false
24.184	EXP	target: autoDraw = true
26.069	DATA	Keydown: Escape
