0.10299999999999998	EXP	Created Window = Window( name=Window, fullscr=true, color=#ffffff, units=height, waitBlanking=true, autoLog=true, size=[1924,1008] )
1.7209999999999999	EXP	Created instructions = TextStim( name=instructions, win=Window( name=Window, fullscr=true, color=#ffffff, ~), autoDraw=null, autoLog=true, units=height, ori=null, opacity=1, pos=[0,0], size=undefined, text=default text, font=Courier New, color=#000000, contrast=1, height=0.035, bold=null, italic=null, alignHoriz=left, alignVert=center, wrapWidth=1, flipHoriz=null, flipVert=null )
1.724	EXP	Created instr_done_button = Rect( name=instr_done_button, win=Window( name=Window, fullscr=true, color=#ffffff, ~), autoDraw=null, autoLog=true, units=height, ori=null, opacity=1, pos=[0,-0.4], size=[1,1], lineWidth=1, lineColor=#000000, fillColor=#FFFFFF, vertices=[[-0.2,-0.05],[0.2,-0.05],[0.2,0.05],[-0.2,0.05]], closeShape=true, contrast=1, depth=-2, interpolate=true, width=0.4, height=0.1 )
1.7249999999999999	EXP	Created instr_done_label = TextStim( name=instr_done_label, win=Window( name=Window, fullscr=true, color=#ffffff, ~), autoDraw=null, autoLog=true, units=height, ori=null, opacity=1, pos=[0,-0.4], size=undefined, text=Continue, font=Courier New, color=#000000, contrast=1, height=0.05, bold=null, italic=null, alignHoriz=left, alignVert=center, wrapWidth=1, flipHoriz=null, flipVert=null )
1.7260000000000002	EXP	Created instructions_image = ImageStim( name=instructions_image, win=Window( name=Window, fullscr=true, color=#ffffff, ~), autoDraw=null, autoLog=true, units=height, ori=null, opacity=1, pos=[0,0], size=[0.4,0.3], image=undefined, mask=undefined, color=#ffffff, contrast=1, texRes=128, interpolate=true, depth=-6, flipHoriz=null, flipVert=null )
1.727	EXP	Created fixation_mask = TextStim( name=fixation_mask, win=Window( name=Window, fullscr=true, color=#ffffff, ~), autoDraw=null, autoLog=true, units=height, ori=null, opacity=1, pos=[0,0], size=undefined, text=######, font=Courier New, color=#000000, contrast=1, height=0.1, bold=null, italic=null, alignHoriz=left, alignVert=center, wrapWidth=1, flipHoriz=null, flipVert=null )
1.728	EXP	Created prime_text = TextStim( name=prime_text, win=Window( name=Window, fullscr=true, color=#ffffff, ~), autoDraw=null, autoLog=true, units=height, ori=null, opacity=1, pos=[0,0], size=undefined, text=default text, font=Courier New, color=#000000, contrast=1, height=0.1, bold=null, italic=null, alignHoriz=left, alignVert=center, wrapWidth=1, flipHoriz=null, flipVert=null )
1.728	EXP	Created target = TextStim( name=target, win=Window( name=Window, fullscr=true, color=#ffffff, ~), autoDraw=null, autoLog=true, units=height, ori=null, opacity=1, pos=[0,0], size=undefined, text=default text, font=Arial, color=#000000, contrast=1, height=0.1, bold=null, italic=null, alignHoriz=left, alignVert=center, wrapWidth=1, flipHoriz=null, flipVert=null )
1.7300000000000002	EXP	Created button_left = Rect( name=button_left, win=Window( name=Window, fullscr=true, color=#ffffff, ~), autoDraw=null, autoLog=true, units=height, ori=null, opacity=1, pos=[-0.4,-0.3], size=[1,1], lineWidth=1, lineColor=#000000, fillColor=#FFFFFF, vertices=[[-0.2,-0.1],[0.2,-0.1],[0.2,0.1],[-0.2,0.1]], closeShape=true, contrast=1, depth=-5, interpolate=true, width=0.4, height=0.2 )
1.731	EXP	Created button_right = Rect( name=button_right, win=Window( name=Window, fullscr=true, color=#ffffff, ~), autoDraw=null, autoLog=true, units=height, ori=null, opacity=1, pos=[0.4,-0.3], size=[1,1], lineWidth=1, lineColor=#000000, fillColor=#FFFFFF, vertices=[[-0.2,-0.1],[0.2,-0.1],[0.2,0.1],[-0.2,0.1]], closeShape=true, contrast=1, depth=-6, interpolate=true, width=0.4, height=0.2 )
1.732	EXP	Created trial_label_right = TextStim( name=trial_label_right, win=Window( name=Window, fullscr=true, color=#ffffff, ~), autoDraw=null, autoLog=true, units=height, ori=null, opacity=1, pos=[0.4,-0.3], size=undefined, text=M = Word, font=Courier New, color=#000000, contrast=1, height=0.05, bold=null, italic=null, alignHoriz=left, alignVert=center, wrapWidth=1, flipHoriz=null, flipVert=null )
1.732	EXP	Created trial_label_left_new = TextStim( name=trial_label_left_new, win=Window( name=Window, fullscr=true, color=#ffffff, ~), autoDraw=null, autoLog=true, units=height, ori=null, opacity=1, pos=[-0.4,-0.3], size=undefined, text=Z = Nonword, font=Courier New, color=#000000, contrast=1, height=0.05, bold=null, italic=null, alignHoriz=left, alignVert=center, wrapWidth=1, flipHoriz=null, flipVert=null )
1.7329999999999999	EXP	Created feedback_text = TextStim( name=feedback_text, win=Window( name=Window, fullscr=true, color=#ffffff, ~), autoDraw=null, autoLog=true, units=height, ori=null, opacity=1, pos=[0,0], size=undefined, text=default text, font=Courier New, color=#FFFFFF, contrast=1, height=0.05, bold=null, italic=null, alignHoriz=left, alignVert=center, wrapWidth=1, flipHoriz=null, flipVert=null )
1.735	EXP	Created button_left_2 = Rect( name=button_left_2, win=Window( name=Window, fullscr=true, color=#ffffff, ~), autoDraw=null, autoLog=true, units=height, ori=null, opacity=1, pos=[-0.4,-0.3], size=[1,1], lineWidth=1, lineColor=#000000, fillColor=#FFFFFF, vertices=[[-0.2,-0.1],[0.2,-0.1],[0.2,0.1],[-0.2,0.1]], closeShape=true, contrast=1, depth=-2, interpolate=true, width=0.4, height=0.2 )
1.7369999999999999	EXP	Created button_right_2 = Rect( name=button_right_2, win=Window( name=Window, fullscr=true, color=#ffffff, ~), autoDraw=null, autoLog=true, units=height, ori=null, opacity=1, pos=[0.4,-0.3], size=[1,1], lineWidth=1, lineColor=#000000, fillColor=#FFFFFF, vertices=[[-0.2,-0.1],[0.2,-0.1],[0.2,0.1],[-0.2,0.1]], closeShape=true, contrast=1, depth=-3, interpolate=true, width=0.4, height=0.2 )
1.7380000000000002	EXP	Created trial_label_left_2 = TextStim( name=trial_label_left_2, win=Window( name=Window, fullscr=true, color=#ffffff, ~), autoDraw=null, autoLog=true, units=height, ori=null, opacity=1, pos=[-0.4,-0.3], size=undefined, text=Z = Nonword, font=Courier New, color=#000000, contrast=1, height=0.05, bold=null, italic=null, alignHoriz=left, alignVert=center, wrapWidth=1, flipHoriz=null, flipVert=null )
1.739	EXP	Created trial_label_right_2 = TextStim( name=trial_label_right_2, win=Window( name=Window, fullscr=true, color=#ffffff, ~), autoDraw=null, autoLog=true, units=height, ori=null, opacity=1, pos=[0.4,-0.3], size=undefined, text=M = Word, font=Courier New, color=#000000, contrast=1, height=0.05, bold=null, italic=null, alignHoriz=left, alignVert=center, wrapWidth=1, flipHoriz=null, flipVert=null )
1.74	EXP	Created instructions = TextStim( name=instructions, win=Window( name=Window, fullscr=true, color=#ffffff, ~), autoDraw=null, autoLog=true, units=height, ori=null, opacity=1, pos=[0,0], size=undefined, text=default text, font=Courier New, color=#000000, contrast=1, height=0.035, bold=null, italic=null, alignHoriz=left, alignVert=center, wrapWidth=1, flipHoriz=null, flipVert=null )
1.7409999999999999	EXP	Created instr_done_button = Rect( name=instr_done_button, win=Window( name=Window, fullscr=true, color=#ffffff, ~), autoDraw=null, autoLog=true, units=height, ori=null, opacity=1, pos=[0,-0.4], size=[1,1], lineWidth=1, lineColor=#000000, fillColor=#FFFFFF, vertices=[[-0.2,-0.05],[0.2,-0.05],[0.2,0.05],[-0.2,0.05]], closeShape=true, contrast=1, depth=-2, interpolate=true, width=0.4, height=0.1 )
1.7409999999999999	EXP	Created instr_done_label = TextStim( name=instr_done_label, win=Window( name=Window, fullscr=true, color=#ffffff, ~), autoDraw=null, autoLog=true, units=height, ori=null, opacity=1, pos=[0,-0.4], size=undefined, text=Continue, font=Courier New, color=#000000, contrast=1, height=0.05, bold=null, italic=null, alignHoriz=left, alignVert=center, wrapWidth=1, flipHoriz=null, flipVert=null )
1.7420000000000002	EXP	Created instructions_image = ImageStim( name=instructions_image, win=Window( name=Window, fullscr=true, color=#ffffff, ~), autoDraw=null, autoLog=true, units=height, ori=null, opacity=1, pos=[0,0], size=[0.4,0.3], image=undefined, mask=undefined, color=#ffffff, contrast=1, texRes=128, interpolate=true, depth=-6, flipHoriz=null, flipVert=null )
1.744	EXP	Created fixation_mask = TextStim( name=fixation_mask, win=Window( name=Window, fullscr=true, color=#ffffff, ~), autoDraw=null, autoLog=true, units=height, ori=null, opacity=1, pos=[0,0], size=undefined, text=######, font=Courier New, color=#000000, contrast=1, height=0.1, bold=null, italic=null, alignHoriz=left, alignVert=center, wrapWidth=1, flipHoriz=null, flipVert=null )
1.744	EXP	Created prime_text = TextStim( name=prime_text, win=Window( name=Window, fullscr=true, color=#ffffff, ~), autoDraw=null, autoLog=true, units=height, ori=null, opacity=1, pos=[0,0], size=undefined, text=default text, font=Courier New, color=#000000, contrast=1, height=0.1, bold=null, italic=null, alignHoriz=left, alignVert=center, wrapWidth=1, flipHoriz=null, flipVert=null )
1.7449999999999999	EXP	Created target = TextStim( name=target, win=Window( name=Window, fullscr=true, color=#ffffff, ~), autoDraw=null, autoLog=true, units=height, ori=null, opacity=1, pos=[0,0], size=undefined, text=default text, font=Arial, color=#000000, contrast=1, height=0.1, bold=null, italic=null, alignHoriz=left, alignVert=center, wrapWidth=1, flipHoriz=null, flipVert=null )
1.7460000000000002	EXP	Created button_left = Rect( name=button_left, win=Window( name=Window, fullscr=true, color=#ffffff, ~), autoDraw=null, autoLog=true, units=height, ori=null, opacity=1, pos=[-0.4,-0.3], size=[1,1], lineWidth=1, lineColor=#000000, fillColor=#FFFFFF, vertices=[[-0.2,-0.1],[0.2,-0.1],[0.2,0.1],[-0.2,0.1]], closeShape=true, contrast=1, depth=-5, interpolate=true, width=0.4, height=0.2 )
1.747	EXP	Created button_right = Rect( name=button_right, win=Window( name=Window, fullscr=true, color=#ffffff, ~), autoDraw=null, autoLog=true, units=height, ori=null, opacity=1, pos=[0.4,-0.3], size=[1,1], lineWidth=1, lineColor=#000000, fillColor=#FFFFFF, vertices=[[-0.2,-0.1],[0.2,-0.1],[0.2,0.1],[-0.2,0.1]], closeShape=true, contrast=1, depth=-6, interpolate=true, width=0.4, height=0.2 )
1.747	EXP	Created trial_label_right = TextStim( name=trial_label_right, win=Window( name=Window, fullscr=true, color=#ffffff, ~), autoDraw=null, autoLog=true, units=height, ori=null, opacity=1, pos=[0.4,-0.3], size=undefined, text=M = Word, font=Courier New, color=#000000, contrast=1, height=0.05, bold=null, italic=null, alignHoriz=left, alignVert=center, wrapWidth=1, flipHoriz=null, flipVert=null )
1.748	EXP	Created trial_label_left_new = TextStim( name=trial_label_left_new, win=Window( name=Window, fullscr=true, color=#ffffff, ~), autoDraw=null, autoLog=true, units=height, ori=null, opacity=1, pos=[-0.4,-0.3], size=undefined, text=Z = Nonword, font=Courier New, color=#000000, contrast=1, height=0.05, bold=null, italic=null, alignHoriz=left, alignVert=center, wrapWidth=1, flipHoriz=null, flipVert=null )
1.7489999999999999	EXP	Created feedback_text = TextStim( name=feedback_text, win=Window( name=Window, fullscr=true, color=#ffffff, ~), autoDraw=null, autoLog=true, units=height, ori=null, opacity=1, pos=[0,0], size=undefined, text=default text, font=Courier New, color=#FFFFFF, contrast=1, height=0.05, bold=null, italic=null, alignHoriz=left, alignVert=center, wrapWidth=1, flipHoriz=null, flipVert=null )
1.7500000000000002	EXP	Created button_left_2 = Rect( name=button_left_2, win=Window( name=Window, fullscr=true, color=#ffffff, ~), autoDraw=null, autoLog=true, units=height, ori=null, opacity=1, pos=[-0.4,-0.3], size=[1,1], lineWidth=1, lineColor=#000000, fillColor=#FFFFFF, vertices=[[-0.2,-0.1],[0.2,-0.1],[0.2,0.1],[-0.2,0.1]], closeShape=true, contrast=1, depth=-2, interpolate=true, width=0.4, height=0.2 )
1.7510000000000001	EXP	Created button_right_2 = Rect( name=button_right_2, win=Window( name=Window, fullscr=true, color=#ffffff, ~), autoDraw=null, autoLog=true, units=height, ori=null, opacity=1, pos=[0.4,-0.3], size=[1,1], lineWidth=1, lineColor=#000000, fillColor=#FFFFFF, vertices=[[-0.2,-0.1],[0.2,-0.1],[0.2,0.1],[-0.2,0.1]], closeShape=true, contrast=1, depth=-3, interpolate=true, width=0.4, height=0.2 )
1.752	EXP	Created trial_label_left_2 = TextStim( name=trial_label_left_2, win=Window( name=Window, fullscr=true, color=#ffffff, ~), autoDraw=null, autoLog=true, units=height, ori=null, opacity=1, pos=[-0.4,-0.3], size=undefined, text=Z = Nonword, font=Courier New, color=#000000, contrast=1, height=0.05, bold=null, italic=null, alignHoriz=left, alignVert=center, wrapWidth=1, flipHoriz=null, flipVert=null )
1.752	EXP	Created trial_label_right_2 = TextStim( name=trial_label_right_2, win=Window( name=Window, fullscr=true, color=#ffffff, ~), autoDraw=null, autoLog=true, units=height, ori=null, opacity=1, pos=[0.4,-0.3], size=undefined, text=M = Word, font=Courier New, color=#000000, contrast=1, height=0.05, bold=null, italic=null, alignHoriz=left, alignVert=center, wrapWidth=1, flipHoriz=null, flipVert=null )
1.752	EXP	Created break_text = TextStim( name=break_text, win=Window( name=Window, fullscr=true, color=#ffffff, ~), autoDraw=null, autoLog=true, units=height, ori=null, opacity=1, pos=[0,0], size=undefined, text=default text, font=Courier New, color=#000000, contrast=1, height=0.05, bold=null, italic=null, alignHoriz=left, alignVert=center, wrapWidth=1, flipHoriz=null, flipVert=null )
1.7540000000000002	EXP	Created break_done_button = Rect( name=break_done_button, win=Window( name=Window, fullscr=true, color=#ffffff, ~), autoDraw=null, autoLog=true, units=height, ori=null, opacity=1, pos=[0,-0.4], size=[1,1], lineWidth=1, lineColor=#000000, fillColor=#FFFFFF, vertices=[[-0.2,-0.05],[0.2,-0.05],[0.2,0.05],[-0.2,0.05]], closeShape=true, contrast=1, depth=-4, interpolate=true, width=0.4, height=0.1 )
1.7540000000000002	EXP	Created break_done_button_label = TextStim( name=break_done_button_label, win=Window( name=Window, fullscr=true, color=#ffffff, ~), autoDraw=null, autoLog=true, units=height, ori=null, opacity=1, pos=[0,-0.4], size=undefined, text=Continue, font=Courier New, color=#000000, contrast=1, height=0.05, bold=null, italic=null, alignHoriz=left, alignVert=center, wrapWidth=1, flipHoriz=null, flipVert=null )
1.7550000000000001	EXP	Created thank_you = TextStim( name=thank_you, win=Window( name=Window, fullscr=true, color=#ffffff, ~), autoDraw=null, autoLog=true, units=height, ori=null, opacity=1, pos=[0,0], size=undefined, text=This is the end of the experiment.

Please do NOT ~, font=Courier New, color=#000000, contrast=1, height=1, bold=null, italic=null, alignHoriz=left, alignVert=center, wrapWidth=1, flipHoriz=null, flipVert=null )
1.836	EXP	instructions: units = "height"
1.836	EXP	instructions: ori = 0
1.836	EXP	instructions: opacity = 1
1.836	EXP	instructions: pos = [0,0]
1.836	EXP	instructions: size = undefined
1.836	EXP	instructions: text = "default text"
1.836	EXP	instructions: font = "Courier New"
1.836	EXP	instructions: color = {"_hex":"#000000","_rgb":[0,0,0]}
1.836	EXP	instructions: contrast = 1
1.836	EXP	instructions: height = 0.035
1.836	EXP	instructions: bold = false
1.836	EXP	instructions: italic = false
1.836	EXP	instructions: alignHoriz = "left"
1.836	EXP	instructions: alignVert = "center"
1.836	EXP	instructions: wrapWidth = 1
1.836	EXP	instructions: flipHoriz = false
1.836	EXP	instructions: flipVert = false
1.836	EXP	instr_done_button: units = "height"
1.836	EXP	instr_done_button: ori = 0
1.836	EXP	instr_done_button: opacity = 1
1.836	EXP	instr_done_button: pos = [0,-0.4]
1.836	EXP	instr_done_button: size = [1,1]
1.836	EXP	instr_done_button: lineWidth = 1
1.836	EXP	instr_done_button: lineColor = {"_hex":"#000000","_rgb":[0,0,0]}
1.836	EXP	instr_done_button: fillColor = {"_hex":"#FFFFFF","_rgb":[1,1,1]}
1.836	EXP	instr_done_button: vertices = [[-0.5,0],[0,0.5],[0.5,0]]
1.836	EXP	instr_done_button: closeShape = true
1.836	EXP	instr_done_button: contrast = 1
1.836	EXP	instr_done_button: depth = -2
1.836	EXP	instr_done_button: interpolate = true
1.836	EXP	instr_done_button: width = 0.4
1.836	EXP	instr_done_button: vertices = [[-0.2,null],[0.2,null],[0.2,null],[-0.2,null]]
1.836	EXP	instr_done_button: height = 0.1
1.836	EXP	instr_done_button: vertices = [[-0.2,-0.05],[0.2,-0.05],[0.2,0.05],[-0.2,0.05]]
1.836	EXP	instr_done_button: vertices = [[-0.2,-0.05],[0.2,-0.05],[0.2,0.05],[-0.2,0.05]]
1.836	EXP	instr_done_label: units = "height"
1.836	EXP	instr_done_label: ori = 0
1.836	EXP	instr_done_label: opacity = 1
1.836	EXP	instr_done_label: pos = [0,-0.4]
1.836	EXP	instr_done_label: size = undefined
1.836	EXP	instr_done_label: text = "Continue"
1.836	EXP	instr_done_label: font = "Courier New"
1.836	EXP	instr_done_label: color = {"_hex":"#000000","_rgb":[0,0,0]}
1.836	EXP	instr_done_label: contrast = 1
1.836	EXP	instr_done_label: height = 0.05
1.836	EXP	instr_done_label: bold = false
1.836	EXP	instr_done_label: italic = false
1.836	EXP	instr_done_label: alignHoriz = "left"
1.836	EXP	instr_done_label: alignVert = "center"
1.836	EXP	instr_done_label: wrapWidth = 1
1.836	EXP	instr_done_label: flipHoriz = false
1.836	EXP	instr_done_label: flipVert = false
1.836	EXP	instructions_image: units = "height"
1.836	EXP	instructions_image: ori = 0
1.836	EXP	instructions_image: opacity = 1
1.836	EXP	instructions_image: pos = [0,0]
1.836	EXP	instructions_image: size = [0.4,0.3]
1.836	EXP	instructions_image: image = undefined
1.836	EXP	instructions_image: mask = undefined
1.836	EXP	instructions_image: color = {"_rgb":[1,1,1]}
1.836	EXP	instructions_image: contrast = 1
1.836	EXP	instructions_image: texRes = 128
1.836	EXP	instructions_image: interpolate = true
1.836	EXP	instructions_image: depth = -6
1.836	EXP	instructions_image: flipHoriz = false
1.836	EXP	instructions_image: flipVert = false
1.836	EXP	fixation_mask: units = "height"
1.836	EXP	fixation_mask: ori = 0
1.836	EXP	fixation_mask: opacity = 1
1.836	EXP	fixation_mask: pos = [0,0]
1.836	EXP	fixation_mask: size = undefined
1.836	EXP	fixation_mask: text = "######"
1.836	EXP	fixation_mask: font = "Courier New"
1.836	EXP	fixation_mask: color = {"_hex":"#000000","_rgb":[0,0,0]}
1.836	EXP	fixation_mask: contrast = 1
1.836	EXP	fixation_mask: height = 0.1
1.836	EXP	fixation_mask: bold = false
1.836	EXP	fixation_mask: italic = false
1.836	EXP	fixation_mask: alignHoriz = "left"
1.836	EXP	fixation_mask: alignVert = "center"
1.836	EXP	fixation_mask: wrapWidth = 1
1.836	EXP	fixation_mask: flipHoriz = false
1.836	EXP	fixation_mask: flipVert = false
1.836	EXP	prime_text: units = "height"
1.836	EXP	prime_text: ori = 0
1.836	EXP	prime_text: opacity = 1
1.836	EXP	prime_text: pos = [0,0]
1.836	EXP	prime_text: size = undefined
1.836	EXP	prime_text: text = "default text"
1.836	EXP	prime_text: font = "Courier New"
1.836	EXP	prime_text: color = {"_hex":"#000000","_rgb":[0,0,0]}
1.836	EXP	prime_text: contrast = 1
1.836	EXP	prime_text: height = 0.1
1.836	EXP	prime_text: bold = false
1.836	EXP	prime_text: italic = false
1.836	EXP	prime_text: alignHoriz = "left"
1.836	EXP	prime_text: alignVert = "center"
1.836	EXP	prime_text: wrapWidth = 1
1.836	EXP	prime_text: flipHoriz = false
1.836	EXP	prime_text: flipVert = false
1.836	EXP	target: units = "height"
1.836	EXP	target: ori = 0
1.836	EXP	target: opacity = 1
1.836	EXP	target: pos = [0,0]
1.836	EXP	target: size = undefined
1.836	EXP	target: text = "default text"
1.836	EXP	target: font = "Arial"
1.836	EXP	target: color = {"_hex":"#000000","_rgb":[0,0,0]}
1.836	EXP	target: contrast = 1
1.836	EXP	target: height = 0.1
1.836	EXP	target: bold = false
1.836	EXP	target: italic = false
1.836	EXP	target: alignHoriz = "left"
1.836	EXP	target: alignVert = "center"
1.836	EXP	target: wrapWidth = 1
1.836	EXP	target: flipHoriz = false
1.836	EXP	target: flipVert = false
1.836	EXP	button_left: units = "height"
1.836	EXP	button_left: ori = 0
1.836	EXP	button_left: opacity = 1
1.836	EXP	button_left: pos = [-0.4,-0.3]
1.836	EXP	button_left: size = [1,1]
1.836	EXP	button_left: lineWidth = 1
1.836	EXP	button_left: lineColor = {"_hex":"#000000","_rgb":[0,0,0]}
1.836	EXP	button_left: fillColor = {"_hex":"#FFFFFF","_rgb":[1,1,1]}
1.836	EXP	button_left: vertices = [[-0.5,0],[0,0.5],[0.5,0]]
1.836	EXP	button_left: closeShape = true
1.836	EXP	button_left: contrast = 1
1.836	EXP	button_left: depth = -5
1.836	EXP	button_left: interpolate = true
1.836	EXP	button_left: width = 0.4
1.836	EXP	button_left: vertices = [[-0.2,null],[0.2,null],[0.2,null],[-0.2,null]]
1.836	EXP	button_left: height = 0.2
1.836	EXP	button_left: vertices = [[-0.2,-0.1],[0.2,-0.1],[0.2,0.1],[-0.2,0.1]]
1.836	EXP	button_left: vertices = [[-0.2,-0.1],[0.2,-0.1],[0.2,0.1],[-0.2,0.1]]
1.836	EXP	button_right: units = "height"
1.836	EXP	button_right: ori = 0
1.836	EXP	button_right: opacity = 1
1.836	EXP	button_right: pos = [0.4,-0.3]
1.836	EXP	button_right: size = [1,1]
1.836	EXP	button_right: lineWidth = 1
1.836	EXP	button_right: lineColor = {"_hex":"#000000","_rgb":[0,0,0]}
1.836	EXP	button_right: fillColor = {"_hex":"#FFFFFF","_rgb":[1,1,1]}
1.836	EXP	button_right: vertices = [[-0.5,0],[0,0.5],[0.5,0]]
1.836	EXP	button_right: closeShape = true
1.836	EXP	button_right: contrast = 1
1.836	EXP	button_right: depth = -6
1.836	EXP	button_right: interpolate = true
1.836	EXP	button_right: width = 0.4
1.836	EXP	button_right: vertices = [[-0.2,null],[0.2,null],[0.2,null],[-0.2,null]]
1.836	EXP	button_right: height = 0.2
1.836	EXP	button_right: vertices = [[-0.2,-0.1],[0.2,-0.1],[0.2,0.1],[-0.2,0.1]]
1.836	EXP	button_right: vertices = [[-0.2,-0.1],[0.2,-0.1],[0.2,0.1],[-0.2,0.1]]
1.836	EXP	trial_label_right: units = "height"
1.836	EXP	trial_label_right: ori = 0
1.836	EXP	trial_label_right: opacity = 1
1.836	EXP	trial_label_right: pos = [0.4,-0.3]
1.836	EXP	trial_label_right: size = undefined
1.836	EXP	trial_label_right: text = "M = Word"
1.836	EXP	trial_label_right: font = "Courier New"
1.836	EXP	trial_label_right: color = {"_hex":"#000000","_rgb":[0,0,0]}
1.836	EXP	trial_label_right: contrast = 1
1.836	EXP	trial_label_right: height = 0.05
1.836	EXP	trial_label_right: bold = false
1.836	EXP	trial_label_right: italic = false
1.836	EXP	trial_label_right: alignHoriz = "left"
1.836	EXP	trial_label_right: alignVert = "center"
1.836	EXP	trial_label_right: wrapWidth = 1
1.836	EXP	trial_label_right: flipHoriz = false
1.836	EXP	trial_label_right: flipVert = false
1.836	EXP	trial_label_left_new: units = "height"
1.836	EXP	trial_label_left_new: ori = 0
1.836	EXP	trial_label_left_new: opacity = 1
1.836	EXP	trial_label_left_new: pos = [-0.4,-0.3]
1.836	EXP	trial_label_left_new: size = undefined
1.836	EXP	trial_label_left_new: text = "Z = Nonword"
1.836	EXP	trial_label_left_new: font = "Courier New"
1.836	EXP	trial_label_left_new: color = {"_hex":"#000000","_rgb":[0,0,0]}
1.836	EXP	trial_label_left_new: contrast = 1
1.836	EXP	trial_label_left_new: height = 0.05
1.836	EXP	trial_label_left_new: bold = false
1.836	EXP	trial_label_left_new: italic = false
1.836	EXP	trial_label_left_new: alignHoriz = "left"
1.836	EXP	trial_label_left_new: alignVert = "center"
1.836	EXP	trial_label_left_new: wrapWidth = 1
1.836	EXP	trial_label_left_new: flipHoriz = false
1.836	EXP	trial_label_left_new: flipVert = false
1.836	EXP	feedback_text: units = "height"
1.836	EXP	feedback_text: ori = 0
1.836	EXP	feedback_text: opacity = 1
1.836	EXP	feedback_text: pos = [0,0]
1.836	EXP	feedback_text: size = undefined
1.836	EXP	feedback_text: text = "default text"
1.836	EXP	feedback_text: font = "Courier New"
1.836	EXP	feedback_text: color = {"_hex":"#FFFFFF","_rgb":[1,1,1]}
1.836	EXP	feedback_text: contrast = 1
1.836	EXP	feedback_text: height = 0.05
1.836	EXP	feedback_text: bold = false
1.836	EXP	feedback_text: italic = false
1.836	EXP	feedback_text: alignHoriz = "left"
1.836	EXP	feedback_text: alignVert = "center"
1.836	EXP	feedback_text: wrapWidth = 1
1.836	EXP	feedback_text: flipHoriz = false
1.836	EXP	feedback_text: flipVert = false
1.836	EXP	button_left_2: units = "height"
1.836	EXP	button_left_2: ori = 0
1.836	EXP	button_left_2: opacity = 1
1.836	EXP	button_left_2: pos = [-0.4,-0.3]
1.836	EXP	button_left_2: size = [1,1]
1.836	EXP	button_left_2: lineWidth = 1
1.836	EXP	button_left_2: lineColor = {"_hex":"#000000","_rgb":[0,0,0]}
1.836	EXP	button_left_2: fillColor = {"_hex":"#FFFFFF","_rgb":[1,1,1]}
1.836	EXP	button_left_2: vertices = [[-0.5,0],[0,0.5],[0.5,0]]
1.836	EXP	button_left_2: closeShape = true
1.836	EXP	button_left_2: contrast = 1
1.836	EXP	button_left_2: depth = -2
1.836	EXP	button_left_2: interpolate = true
1.836	EXP	button_left_2: width = 0.4
1.836	EXP	button_left_2: vertices = [[-0.2,null],[0.2,null],[0.2,null],[-0.2,null]]
1.836	EXP	button_left_2: height = 0.2
1.836	EXP	button_left_2: vertices = [[-0.2,-0.1],[0.2,-0.1],[0.2,0.1],[-0.2,0.1]]
1.836	EXP	button_left_2: vertices = [[-0.2,-0.1],[0.2,-0.1],[0.2,0.1],[-0.2,0.1]]
1.836	EXP	button_right_2: units = "height"
1.836	EXP	button_right_2: ori = 0
1.836	EXP	button_right_2: opacity = 1
1.836	EXP	button_right_2: pos = [0.4,-0.3]
1.836	EXP	button_right_2: size = [1,1]
1.836	EXP	button_right_2: lineWidth = 1
1.836	EXP	button_right_2: lineColor = {"_hex":"#000000","_rgb":[0,0,0]}
1.836	EXP	button_right_2: fillColor = {"_hex":"#FFFFFF","_rgb":[1,1,1]}
1.836	EXP	button_right_2: vertices = [[-0.5,0],[0,0.5],[0.5,0]]
1.836	EXP	button_right_2: closeShape = true
1.836	EXP	button_right_2: contrast = 1
1.836	EXP	button_right_2: depth = -3
1.836	EXP	button_right_2: interpolate = true
1.836	EXP	button_right_2: width = 0.4
1.836	EXP	button_right_2: vertices = [[-0.2,null],[0.2,null],[0.2,null],[-0.2,null]]
1.836	EXP	button_right_2: height = 0.2
1.836	EXP	button_right_2: vertices = [[-0.2,-0.1],[0.2,-0.1],[0.2,0.1],[-0.2,0.1]]
1.836	EXP	button_right_2: vertices = [[-0.2,-0.1],[0.2,-0.1],[0.2,0.1],[-0.2,0.1]]
1.836	EXP	trial_label_left_2: units = "height"
1.836	EXP	trial_label_left_2: ori = 0
1.836	EXP	trial_label_left_2: opacity = 1
1.836	EXP	trial_label_left_2: pos = [-0.4,-0.3]
1.836	EXP	trial_label_left_2: size = undefined
1.836	EXP	trial_label_left_2: text = "Z = Nonword"
1.836	EXP	trial_label_left_2: font = "Courier New"
1.836	EXP	trial_label_left_2: color = {"_hex":"#000000","_rgb":[0,0,0]}
1.836	EXP	trial_label_left_2: contrast = 1
1.836	EXP	trial_label_left_2: height = 0.05
1.836	EXP	trial_label_left_2: bold = false
1.836	EXP	trial_label_left_2: italic = false
1.836	EXP	trial_label_left_2: alignHoriz = "left"
1.836	EXP	trial_label_left_2: alignVert = "center"
1.836	EXP	trial_label_left_2: wrapWidth = 1
1.836	EXP	trial_label_left_2: flipHoriz = false
1.836	EXP	trial_label_left_2: flipVert = false
1.836	EXP	trial_label_right_2: units = "height"
1.836	EXP	trial_label_right_2: ori = 0
1.836	EXP	trial_label_right_2: opacity = 1
1.836	EXP	trial_label_right_2: pos = [0.4,-0.3]
1.836	EXP	trial_label_right_2: size = undefined
1.836	EXP	trial_label_right_2: text = "M = Word"
1.836	EXP	trial_label_right_2: font = "Courier New"
1.836	EXP	trial_label_right_2: color = {"_hex":"#000000","_rgb":[0,0,0]}
1.836	EXP	trial_label_right_2: contrast = 1
1.836	EXP	trial_label_right_2: height = 0.05
1.836	EXP	trial_label_right_2: bold = false
1.836	EXP	trial_label_right_2: italic = false
1.836	EXP	trial_label_right_2: alignHoriz = "left"
1.836	EXP	trial_label_right_2: alignVert = "center"
1.836	EXP	trial_label_right_2: wrapWidth = 1
1.836	EXP	trial_label_right_2: flipHoriz = false
1.836	EXP	trial_label_right_2: flipVert = false
1.836	EXP	instructions: units = "height"
1.836	EXP	instructions: ori = 0
1.836	EXP	instructions: opacity = 1
1.836	EXP	instructions: pos = [0,0]
1.836	EXP	instructions: size = undefined
1.836	EXP	instructions: text = "default text"
1.836	EXP	instructions: font = "Courier New"
1.836	EXP	instructions: color = {"_hex":"#000000","_rgb":[0,0,0]}
1.836	EXP	instructions: contrast = 1
1.836	EXP	instructions: height = 0.035
1.836	EXP	instructions: bold = false
1.836	EXP	instructions: italic = false
1.836	EXP	instructions: alignHoriz = "left"
1.836	EXP	instructions: alignVert = "center"
1.836	EXP	instructions: wrapWidth = 1
1.836	EXP	instructions: flipHoriz = false
1.836	EXP	instructions: flipVert = false
1.836	EXP	instr_done_button: units = "height"
1.836	EXP	instr_done_button: ori = 0
1.836	EXP	instr_done_button: opacity = 1
1.836	EXP	instr_done_button: pos = [0,-0.4]
1.836	EXP	instr_done_button: size = [1,1]
1.836	EXP	instr_done_button: lineWidth = 1
1.836	EXP	instr_done_button: lineColor = {"_hex":"#000000","_rgb":[0,0,0]}
1.836	EXP	instr_done_button: fillColor = {"_hex":"#FFFFFF","_rgb":[1,1,1]}
1.836	EXP	instr_done_button: vertices = [[-0.5,0],[0,0.5],[0.5,0]]
1.836	EXP	instr_done_button: closeShape = true
1.836	EXP	instr_done_button: contrast = 1
1.836	EXP	instr_done_button: depth = -2
1.836	EXP	instr_done_button: interpolate = true
1.836	EXP	instr_done_button: width = 0.4
1.836	EXP	instr_done_button: vertices = [[-0.2,null],[0.2,null],[0.2,null],[-0.2,null]]
1.836	EXP	instr_done_button: height = 0.1
1.836	EXP	instr_done_button: vertices = [[-0.2,-0.05],[0.2,-0.05],[0.2,0.05],[-0.2,0.05]]
1.836	EXP	instr_done_button: vertices = [[-0.2,-0.05],[0.2,-0.05],[0.2,0.05],[-0.2,0.05]]
1.836	EXP	instr_done_label: units = "height"
1.836	EXP	instr_done_label: ori = 0
1.836	EXP	instr_done_label: opacity = 1
1.836	EXP	instr_done_label: pos = [0,-0.4]
1.836	EXP	instr_done_label: size = undefined
1.836	EXP	instr_done_label: text = "Continue"
1.836	EXP	instr_done_label: font = "Courier New"
1.836	EXP	instr_done_label: color = {"_hex":"#000000","_rgb":[0,0,0]}
1.836	EXP	instr_done_label: contrast = 1
1.836	EXP	instr_done_label: height = 0.05
1.836	EXP	instr_done_label: bold = false
1.836	EXP	instr_done_label: italic = false
1.836	EXP	instr_done_label: alignHoriz = "left"
1.836	EXP	instr_done_label: alignVert = "center"
1.836	EXP	instr_done_label: wrapWidth = 1
1.836	EXP	instr_done_label: flipHoriz = false
1.836	EXP	instr_done_label: flipVert = false
1.836	EXP	instructions_image: units = "height"
1.836	EXP	instructions_image: ori = 0
1.836	EXP	instructions_image: opacity = 1
1.836	EXP	instructions_image: pos = [0,0]
1.836	EXP	instructions_image: size = [0.4,0.3]
1.836	EXP	instructions_image: image = undefined
1.836	EXP	instructions_image: mask = undefined
1.836	EXP	instructions_image: color = {"_rgb":[1,1,1]}
1.836	EXP	instructions_image: contrast = 1
1.836	EXP	instructions_image: texRes = 128
1.836	EXP	instructions_image: interpolate = true
1.836	EXP	instructions_image: depth = -6
1.836	EXP	instructions_image: flipHoriz = false
1.836	EXP	instructions_image: flipVert = false
1.836	EXP	fixation_mask: units = "height"
1.836	EXP	fixation_mask: ori = 0
1.836	EXP	fixation_mask: opacity = 1
1.836	EXP	fixation_mask: pos = [0,0]
1.836	EXP	fixation_mask: size = undefined
1.836	EXP	fixation_mask: text = "######"
1.836	EXP	fixation_mask: font = "Courier New"
1.836	EXP	fixation_mask: color = {"_hex":"#000000","_rgb":[0,0,0]}
1.836	EXP	fixation_mask: contrast = 1
1.836	EXP	fixation_mask: height = 0.1
1.836	EXP	fixation_mask: bold = false
1.836	EXP	fixation_mask: italic = false
1.836	EXP	fixation_mask: alignHoriz = "left"
1.836	EXP	fixation_mask: alignVert = "center"
1.836	EXP	fixation_mask: wrapWidth = 1
1.836	EXP	fixation_mask: flipHoriz = false
1.836	EXP	fixation_mask: flipVert = false
1.836	EXP	prime_text: units = "height"
1.836	EXP	prime_text: ori = 0
1.836	EXP	prime_text: opacity = 1
1.836	EXP	prime_text: pos = [0,0]
1.836	EXP	prime_text: size = undefined
1.836	EXP	prime_text: text = "default text"
1.836	EXP	prime_text: font = "Courier New"
1.836	EXP	prime_text: color = {"_hex":"#000000","_rgb":[0,0,0]}
1.836	EXP	prime_text: contrast = 1
1.836	EXP	prime_text: height = 0.1
1.836	EXP	prime_text: bold = false
1.836	EXP	prime_text: italic = false
1.836	EXP	prime_text: alignHoriz = "left"
1.836	EXP	prime_text: alignVert = "center"
1.836	EXP	prime_text: wrapWidth = 1
1.836	EXP	prime_text: flipHoriz = false
1.836	EXP	prime_text: flipVert = false
1.836	EXP	target: units = "height"
1.836	EXP	target: ori = 0
1.836	EXP	target: opacity = 1
1.836	EXP	target: pos = [0,0]
1.836	EXP	target: size = undefined
1.836	EXP	target: text = "default text"
1.836	EXP	target: font = "Arial"
1.836	EXP	target: color = {"_hex":"#000000","_rgb":[0,0,0]}
1.836	EXP	target: contrast = 1
1.836	EXP	target: height = 0.1
1.836	EXP	target: bold = false
1.836	EXP	target: italic = false
1.836	EXP	target: alignHoriz = "left"
1.836	EXP	target: alignVert = "center"
1.836	EXP	target: wrapWidth = 1
1.836	EXP	target: flipHoriz = false
1.836	EXP	target: flipVert = false
1.836	EXP	button_left: units = "height"
1.836	EXP	button_left: ori = 0
1.836	EXP	button_left: opacity = 1
1.836	EXP	button_left: pos = [-0.4,-0.3]
1.836	EXP	button_left: size = [1,1]
1.836	EXP	button_left: lineWidth = 1
1.836	EXP	button_left: lineColor = {"_hex":"#000000","_rgb":[0,0,0]}
1.836	EXP	button_left: fillColor = {"_hex":"#FFFFFF","_rgb":[1,1,1]}
1.836	EXP	button_left: vertices = [[-0.5,0],[0,0.5],[0.5,0]]
1.836	EXP	button_left: closeShape = true
1.836	EXP	button_left: contrast = 1
1.836	EXP	button_left: depth = -5
1.836	EXP	button_left: interpolate = true
1.836	EXP	button_left: width = 0.4
1.836	EXP	button_left: vertices = [[-0.2,null],[0.2,null],[0.2,null],[-0.2,null]]
1.836	EXP	button_left: height = 0.2
1.836	EXP	button_left: vertices = [[-0.2,-0.1],[0.2,-0.1],[0.2,0.1],[-0.2,0.1]]
1.836	EXP	button_left: vertices = [[-0.2,-0.1],[0.2,-0.1],[0.2,0.1],[-0.2,0.1]]
1.836	EXP	button_right: units = "height"
1.836	EXP	button_right: ori = 0
1.836	EXP	button_right: opacity = 1
1.836	EXP	button_right: pos = [0.4,-0.3]
1.836	EXP	button_right: size = [1,1]
1.836	EXP	button_right: lineWidth = 1
1.836	EXP	button_right: lineColor = {"_hex":"#000000","_rgb":[0,0,0]}
1.836	EXP	button_right: fillColor = {"_hex":"#FFFFFF","_rgb":[1,1,1]}
1.836	EXP	button_right: vertices = [[-0.5,0],[0,0.5],[0.5,0]]
1.836	EXP	button_right: closeShape = true
1.836	EXP	button_right: contrast = 1
1.836	EXP	button_right: depth = -6
1.836	EXP	button_right: interpolate = true
1.836	EXP	button_right: width = 0.4
1.836	EXP	button_right: vertices = [[-0.2,null],[0.2,null],[0.2,null],[-0.2,null]]
1.836	EXP	button_right: height = 0.2
1.836	EXP	button_right: vertices = [[-0.2,-0.1],[0.2,-0.1],[0.2,0.1],[-0.2,0.1]]
1.836	EXP	button_right: vertices = [[-0.2,-0.1],[0.2,-0.1],[0.2,0.1],[-0.2,0.1]]
1.836	EXP	trial_label_right: units = "height"
1.836	EXP	trial_label_right: ori = 0
1.836	EXP	trial_label_right: opacity = 1
1.836	EXP	trial_label_right: pos = [0.4,-0.3]
1.836	EXP	trial_label_right: size = undefined
1.836	EXP	trial_label_right: text = "M = Word"
1.836	EXP	trial_label_right: font = "Courier New"
1.836	EXP	trial_label_right: color = {"_hex":"#000000","_rgb":[0,0,0]}
1.836	EXP	trial_label_right: contrast = 1
1.836	EXP	trial_label_right: height = 0.05
1.836	EXP	trial_label_right: bold = false
1.836	EXP	trial_label_right: italic = false
1.836	EXP	trial_label_right: alignHoriz = "left"
1.836	EXP	trial_label_right: alignVert = "center"
1.836	EXP	trial_label_right: wrapWidth = 1
1.836	EXP	trial_label_right: flipHoriz = false
1.836	EXP	trial_label_right: flipVert = false
1.836	EXP	trial_label_left_new: units = "height"
1.836	EXP	trial_label_left_new: ori = 0
1.836	EXP	trial_label_left_new: opacity = 1
1.836	EXP	trial_label_left_new: pos = [-0.4,-0.3]
1.836	EXP	trial_label_left_new: size = undefined
1.836	EXP	trial_label_left_new: text = "Z = Nonword"
1.836	EXP	trial_label_left_new: font = "Courier New"
1.836	EXP	trial_label_left_new: color = {"_hex":"#000000","_rgb":[0,0,0]}
1.836	EXP	trial_label_left_new: contrast = 1
1.836	EXP	trial_label_left_new: height = 0.05
1.836	EXP	trial_label_left_new: bold = false
1.836	EXP	trial_label_left_new: italic = false
1.836	EXP	trial_label_left_new: alignHoriz = "left"
1.836	EXP	trial_label_left_new: alignVert = "center"
1.836	EXP	trial_label_left_new: wrapWidth = 1
1.836	EXP	trial_label_left_new: flipHoriz = false
1.836	EXP	trial_label_left_new: flipVert = false
1.836	EXP	feedback_text: units = "height"
1.836	EXP	feedback_text: ori = 0
1.836	EXP	feedback_text: opacity = 1
1.836	EXP	feedback_text: pos = [0,0]
1.836	EXP	feedback_text: size = undefined
1.836	EXP	feedback_text: text = "default text"
1.836	EXP	feedback_text: font = "Courier New"
1.836	EXP	feedback_text: color = {"_hex":"#FFFFFF","_rgb":[1,1,1]}
1.836	EXP	feedback_text: contrast = 1
1.836	EXP	feedback_text: height = 0.05
1.836	EXP	feedback_text: bold = false
1.836	EXP	feedback_text: italic = false
1.836	EXP	feedback_text: alignHoriz = "left"
1.836	EXP	feedback_text: alignVert = "center"
1.836	EXP	feedback_text: wrapWidth = 1
1.836	EXP	feedback_text: flipHoriz = false
1.836	EXP	feedback_text: flipVert = false
1.836	EXP	button_left_2: units = "height"
1.836	EXP	button_left_2: ori = 0
1.836	EXP	button_left_2: opacity = 1
1.836	EXP	button_left_2: pos = [-0.4,-0.3]
1.836	EXP	button_left_2: size = [1,1]
1.836	EXP	button_left_2: lineWidth = 1
1.836	EXP	button_left_2: lineColor = {"_hex":"#000000","_rgb":[0,0,0]}
1.836	EXP	button_left_2: fillColor = {"_hex":"#FFFFFF","_rgb":[1,1,1]}
1.836	EXP	button_left_2: vertices = [[-0.5,0],[0,0.5],[0.5,0]]
1.836	EXP	button_left_2: closeShape = true
1.836	EXP	button_left_2: contrast = 1
1.836	EXP	button_left_2: depth = -2
1.836	EXP	button_left_2: interpolate = true
1.836	EXP	button_left_2: width = 0.4
1.836	EXP	button_left_2: vertices = [[-0.2,null],[0.2,null],[0.2,null],[-0.2,null]]
1.836	EXP	button_left_2: height = 0.2
1.836	EXP	button_left_2: vertices = [[-0.2,-0.1],[0.2,-0.1],[0.2,0.1],[-0.2,0.1]]
1.836	EXP	button_left_2: vertices = [[-0.2,-0.1],[0.2,-0.1],[0.2,0.1],[-0.2,0.1]]
1.836	EXP	button_right_2: units = "height"
1.836	EXP	button_right_2: ori = 0
1.836	EXP	button_right_2: opacity = 1
1.836	EXP	button_right_2: pos = [0.4,-0.3]
1.836	EXP	button_right_2: size = [1,1]
1.836	EXP	button_right_2: lineWidth = 1
1.836	EXP	button_right_2: lineColor = {"_hex":"#000000","_rgb":[0,0,0]}
1.836	EXP	button_right_2: fillColor = {"_hex":"#FFFFFF","_rgb":[1,1,1]}
1.836	EXP	button_right_2: vertices = [[-0.5,0],[0,0.5],[0.5,0]]
1.836	EXP	button_right_2: closeShape = true
1.836	EXP	button_right_2: contrast = 1
1.836	EXP	button_right_2: depth = -3
1.836	EXP	button_right_2: interpolate = true
1.836	EXP	button_right_2: width = 0.4
1.836	EXP	button_right_2: vertices = [[-0.2,null],[0.2,null],[0.2,null],[-0.2,null]]
1.836	EXP	button_right_2: height = 0.2
1.836	EXP	button_right_2: vertices = [[-0.2,-0.1],[0.2,-0.1],[0.2,0.1],[-0.2,0.1]]
1.836	EXP	button_right_2: vertices = [[-0.2,-0.1],[0.2,-0.1],[0.2,0.1],[-0.2,0.1]]
1.836	EXP	trial_label_left_2: units = "height"
1.836	EXP	trial_label_left_2: ori = 0
1.836	EXP	trial_label_left_2: opacity = 1
1.836	EXP	trial_label_left_2: pos = [-0.4,-0.3]
1.836	EXP	trial_label_left_2: size = undefined
1.836	EXP	trial_label_left_2: text = "Z = Nonword"
1.836	EXP	trial_label_left_2: font = "Courier New"
1.836	EXP	trial_label_left_2: color = {"_hex":"#000000","_rgb":[0,0,0]}
1.836	EXP	trial_label_left_2: contrast = 1
1.836	EXP	trial_label_left_2: height = 0.05
1.836	EXP	trial_label_left_2: bold = false
1.836	EXP	trial_label_left_2: italic = false
1.836	EXP	trial_label_left_2: alignHoriz = "left"
1.836	EXP	trial_label_left_2: alignVert = "center"
1.836	EXP	trial_label_left_2: wrapWidth = 1
1.836	EXP	trial_label_left_2: flipHoriz = false
1.836	EXP	trial_label_left_2: flipVert = false
1.836	EXP	trial_label_right_2: units = "height"
1.836	EXP	trial_label_right_2: ori = 0
1.836	EXP	trial_label_right_2: opacity = 1
1.836	EXP	trial_label_right_2: pos = [0.4,-0.3]
1.836	EXP	trial_label_right_2: size = undefined
1.836	EXP	trial_label_right_2: text = "M = Word"
1.836	EXP	trial_label_right_2: font = "Courier New"
1.836	EXP	trial_label_right_2: color = {"_hex":"#000000","_rgb":[0,0,0]}
1.836	EXP	trial_label_right_2: contrast = 1
1.836	EXP	trial_label_right_2: height = 0.05
1.836	EXP	trial_label_right_2: bold = false
1.836	EXP	trial_label_right_2: italic = false
1.836	EXP	trial_label_right_2: alignHoriz = "left"
1.836	EXP	trial_label_right_2: alignVert = "center"
1.836	EXP	trial_label_right_2: wrapWidth = 1
1.836	EXP	trial_label_right_2: flipHoriz = false
1.836	EXP	trial_label_right_2: flipVert = false
1.836	EXP	break_text: units = "height"
1.836	EXP	break_text: ori = 0
1.836	EXP	break_text: opacity = 1
1.836	EXP	break_text: pos = [0,0]
1.836	EXP	break_text: size = undefined
1.836	EXP	break_text: text = "default text"
1.836	EXP	break_text: font = "Courier New"
1.836	EXP	break_text: color = {"_hex":"#000000","_rgb":[0,0,0]}
1.836	EXP	break_text: contrast = 1
1.836	EXP	break_text: height = 0.05
1.836	EXP	break_text: bold = false
1.836	EXP	break_text: italic = false
1.836	EXP	break_text: alignHoriz = "left"
1.836	EXP	break_text: alignVert = "center"
1.836	EXP	break_text: wrapWidth = 1
1.836	EXP	break_text: flipHoriz = false
1.836	EXP	break_text: flipVert = false
1.836	EXP	break_done_button: units = "height"
1.836	EXP	break_done_button: ori = 0
1.836	EXP	break_done_button: opacity = 1
1.836	EXP	break_done_button: pos = [0,-0.4]
1.836	EXP	break_done_button: size = [1,1]
1.836	EXP	break_done_button: lineWidth = 1
1.836	EXP	break_done_button: lineColor = {"_hex":"#000000","_rgb":[0,0,0]}
1.836	EXP	break_done_button: fillColor = {"_hex":"#FFFFFF","_rgb":[1,1,1]}
1.836	EXP	break_done_button: vertices = [[-0.5,0],[0,0.5],[0.5,0]]
1.836	EXP	break_done_button: closeShape = true
1.836	EXP	break_done_button: contrast = 1
1.836	EXP	break_done_button: depth = -4
1.836	EXP	break_done_button: interpolate = true
1.836	EXP	break_done_button: width = 0.4
1.836	EXP	break_done_button: vertices = [[-0.2,null],[0.2,null],[0.2,null],[-0.2,null]]
1.836	EXP	break_done_button: height = 0.1
1.836	EXP	break_done_button: vertices = [[-0.2,-0.05],[0.2,-0.05],[0.2,0.05],[-0.2,0.05]]
1.836	EXP	break_done_button: vertices = [[-0.2,-0.05],[0.2,-0.05],[0.2,0.05],[-0.2,0.05]]
1.836	EXP	break_done_button_label: units = "height"
1.836	EXP	break_done_button_label: ori = 0
1.836	EXP	break_done_button_label: opacity = 1
1.836	EXP	break_done_button_label: pos = [0,-0.4]
1.836	EXP	break_done_button_label: size = undefined
1.836	EXP	break_done_button_label: text = "Continue"
1.836	EXP	break_done_button_label: font = "Courier New"
1.836	EXP	break_done_button_label: color = {"_hex":"#000000","_rgb":[0,0,0]}
1.836	EXP	break_done_button_label: contrast = 1
1.836	EXP	break_done_button_label: height = 0.05
1.836	EXP	break_done_button_label: bold = false
1.836	EXP	break_done_button_label: italic = false
1.836	EXP	break_done_button_label: alignHoriz = "left"
1.836	EXP	break_done_button_label: alignVert = "center"
1.836	EXP	break_done_button_label: wrapWidth = 1
1.836	EXP	break_done_button_label: flipHoriz = false
1.836	EXP	break_done_button_label: flipVert = false
1.836	EXP	thank_you: units = "height"
1.836	EXP	thank_you: ori = 0
1.836	EXP	thank_you: opacity = 1
1.836	EXP	thank_you: pos = [0,0]
1.836	EXP	thank_you: size = undefined
1.836	EXP	thank_you: text = "This is the end of the experiment.\n\nPlease do NOT close this window until you have been redirected to the debrief page. \n\nPlease wait for the message “Thank you for your patience” to appear and then click OK to continue to the debrief page.\n\nYou must go to the debrief page in order for your participation to be recorded."
1.836	EXP	thank_you: font = "Courier New"
1.836	EXP	thank_you: color = {"_hex":"#000000","_rgb":[0,0,0]}
1.836	EXP	thank_you: contrast = 1
1.836	EXP	thank_you: height = 1
1.836	EXP	thank_you: bold = false
1.836	EXP	thank_you: italic = false
1.836	EXP	thank_you: alignHoriz = "left"
1.836	EXP	thank_you: alignVert = "center"
1.836	EXP	thank_you: wrapWidth = 1
1.836	EXP	thank_you: flipHoriz = false
1.836	EXP	thank_you: flipVert = false
1.836	EXP	instructions: text = "INSTRUCTIONS\r\nAt the start of each trial, look at the hash marks (######) in the center of the screen. After a moment, a string of letters will appear. Your task is to indicate if the letter string forms a word or not (i.e., if it is a nonword). For example, AUTHOR is a word while AUTHON is a nonword.\r\n\r\nPress the space bar or touch the button below to continue."
1.836	EXP	instructions_image: image = undefined
1.836	EXP	instructions: autoDraw = true
1.836	EXP	instr_done_button: autoDraw = true
1.836	EXP	instr_done_label: autoDraw = true
3.131	DATA	Mouse: 0 button down, pos=(880,957)
3.1599999999999997	EXP	instructions: autoDraw = false
3.1599999999999997	EXP	instr_done_button: autoDraw = false
3.1599999999999997	EXP	instr_done_label: autoDraw = false
3.1599999999999997	EXP	instructions_image: autoDraw = false
3.1599999999999997	EXP	instructions: text = "If your device has a keyboard, press the 'Z' key for nonwords and the 'M' key for words.\r\n\r\n\r\n\r\n\r\n\r\nPress the space bar or touch the button below to continue."
3.1599999999999997	EXP	instructions_image: image = {}
3.1599999999999997	EXP	instructions: autoDraw = true
3.1599999999999997	EXP	instr_done_button: autoDraw = true
3.1599999999999997	EXP	instr_done_label: autoDraw = true
3.1599999999999997	EXP	instructions_image: autoDraw = true
3.163	DATA	Mouse: wheel shift=(0,-3), pos=(880,957)
3.516	DATA	Mouse: 0 button down, pos=(880,957)
4.303999999999999	DATA	Mouse: 0 button down, pos=(880,957)
4.327	EXP	instructions: autoDraw = false
4.327	EXP	instr_done_button: autoDraw = false
4.327	EXP	instr_done_label: autoDraw = false
4.327	EXP	instructions_image: autoDraw = false
4.327	EXP	instructions: text = "If you are using a touchscreen only device, use the buttons on the screen. Do not use the mouse.\r\n\r\n\r\n\r\n\r\n\r\nPress the space bar or touch the button below to continue."
4.327	EXP	instructions_image: image = {}
4.327	EXP	instructions: autoDraw = true
4.327	EXP	instr_done_button: autoDraw = true
4.327	EXP	instr_done_label: autoDraw = true
4.327	EXP	instructions_image: autoDraw = true
4.420999999999999	DATA	Mouse: 0 button down, pos=(880,957)
5.032	DATA	Mouse: 0 button down, pos=(880,957)
5.053999999999999	EXP	instructions: autoDraw = false
5.053999999999999	EXP	instr_done_button: autoDraw = false
5.053999999999999	EXP	instr_done_label: autoDraw = false
5.053999999999999	EXP	instructions_image: autoDraw = false
5.053999999999999	EXP	instructions: text = "It is very important that you respond as quickly and accurately as possible, as each letter string will only be on the screen for two seconds. If you do not respond within this time, the message 'Too slow!' will be displayed and the experiment will progress to the next letter string. The first 20 trials will be practice trials and you will receive feedback on your answers. \r\n\r\nPress the space bar or touch the button below to start the practice trials."
5.053999999999999	EXP	instructions_image: image = undefined
5.053999999999999	EXP	instructions: autoDraw = true
5.053999999999999	EXP	instr_done_button: autoDraw = true
5.053999999999999	EXP	instr_done_label: autoDraw = true
5.338	DATA	Mouse: 0 button down, pos=(880,957)
5.901	DATA	Mouse: 0 button down, pos=(880,957)
5.997	EXP	instructions: autoDraw = false
5.997	EXP	instr_done_button: autoDraw = false
5.997	EXP	instr_done_label: autoDraw = false
5.997	EXP	instructions_image: autoDraw = false
5.997	EXP	prime_text: text = "utopia"
5.997	EXP	target: text = "UTOPIA"
5.997	EXP	target: font = "Courier New"
5.997	EXP	fixation_mask: autoDraw = true
5.997	EXP	button_left: autoDraw = true
5.997	EXP	button_right: autoDraw = true
5.997	EXP	trial_label_right: autoDraw = true
5.997	EXP	trial_label_left_new: autoDraw = true
6.014	DATA	Mouse: 0 button down, pos=(880,957)
6.481	EXP	fixation_mask: autoDraw = false
6.498	EXP	prime_text: autoDraw = true
6.514	EXP	prime_text: autoDraw = false
6.551	EXP	target: autoDraw = true
7.006	DATA	Mouse: 0 button down, pos=(1380,886)
7.0169999999999995	EXP	fixation_mask: autoDraw = false
7.0169999999999995	EXP	prime_text: autoDraw = false
7.0169999999999995	EXP	target: autoDraw = false
7.0169999999999995	EXP	button_left: autoDraw = false
7.0169999999999995	EXP	button_right: autoDraw = false
7.0169999999999995	EXP	trial_label_right: autoDraw = false
7.0169999999999995	EXP	trial_label_left_new: autoDraw = false
7.0169999999999995	EXP	feedback_text: color = {"_hex":"#008000","_rgb":[0,0.5019607843137255,0]}
7.0169999999999995	EXP	feedback_text: text = "Correct"
7.0169999999999995	EXP	feedback_text: autoDraw = true
7.0169999999999995	EXP	button_left_2: autoDraw = true
7.0169999999999995	EXP	button_right_2: autoDraw = true
7.0169999999999995	EXP	trial_label_left_2: autoDraw = true
7.0169999999999995	EXP	trial_label_right_2: autoDraw = true
7.114	DATA	Mouse: 0 button down, pos=(1379,886)
7.513	EXP	feedback_text: autoDraw = false
7.513	EXP	button_left_2: autoDraw = false
7.513	EXP	button_right_2: autoDraw = false
7.513	EXP	trial_label_left_2: autoDraw = false
7.513	EXP	trial_label_right_2: autoDraw = false
7.513	EXP	feedback_text: autoDraw = false
7.513	EXP	button_left_2: autoDraw = false
7.513	EXP	button_right_2: autoDraw = false
7.513	EXP	trial_label_left_2: autoDraw = false
7.513	EXP	trial_label_right_2: autoDraw = false
7.513	EXP	prime_text: text = "mushed"
7.513	EXP	target: text = "WHAISE"
7.513	EXP	target: font = "Courier New"
7.513	EXP	fixation_mask: autoDraw = true
7.513	EXP	button_left: autoDraw = true
7.513	EXP	button_right: autoDraw = true
7.513	EXP	trial_label_right: autoDraw = true
7.513	EXP	trial_label_left_new: autoDraw = true
8.013	EXP	fixation_mask: autoDraw = false
8.033	EXP	prime_text: autoDraw = true
8.067	EXP	prime_text: autoDraw = false
8.084999999999999	EXP	target: autoDraw = true
8.204	DATA	Mouse: 0 button down, pos=(1350,875)
8.214	EXP	fixation_mask: autoDraw = false
8.214	EXP	prime_text: autoDraw = false
8.214	EXP	target: autoDraw = false
8.214	EXP	button_left: autoDraw = false
8.214	EXP	button_right: autoDraw = false
8.214	EXP	trial_label_right: autoDraw = false
8.214	EXP	trial_label_left_new: autoDraw = false
8.214	EXP	feedback_text: color = {"_hex":"#FF0000","_rgb":[1,0,0]}
8.214	EXP	feedback_text: text = "Incorrect"
8.214	EXP	feedback_text: autoDraw = true
8.214	EXP	button_left_2: autoDraw = true
8.214	EXP	button_right_2: autoDraw = true
8.214	EXP	trial_label_left_2: autoDraw = true
8.214	EXP	trial_label_right_2: autoDraw = true
8.314	DATA	Mouse: 0 button down, pos=(1350,875)
8.714	EXP	feedback_text: autoDraw = false
8.714	EXP	button_left_2: autoDraw = false
8.714	EXP	button_right_2: autoDraw = false
8.714	EXP	trial_label_left_2: autoDraw = false
8.714	EXP	trial_label_right_2: autoDraw = false
8.714	EXP	feedback_text: autoDraw = false
8.714	EXP	button_left_2: autoDraw = false
8.714	EXP	button_right_2: autoDraw = false
8.714	EXP	trial_label_left_2: autoDraw = false
8.714	EXP	trial_label_right_2: autoDraw = false
8.714	EXP	prime_text: text = "almond"
8.714	EXP	target: text = "ALMOND"
8.714	EXP	target: font = "Courier New"
8.714	EXP	fixation_mask: autoDraw = true
8.714	EXP	button_left: autoDraw = true
8.714	EXP	button_right: autoDraw = true
8.714	EXP	trial_label_right: autoDraw = true
8.714	EXP	trial_label_left_new: autoDraw = true
9.065999999999999	DATA	Mouse: 0 button down, pos=(1331,868)
9.154	DATA	Mouse: 0 button down, pos=(1331,868)
9.214	EXP	fixation_mask: autoDraw = false
9.238999999999999	EXP	prime_text: autoDraw = true
9.259	EXP	prime_text: autoDraw = false
9.289	EXP	target: autoDraw = true
10.249	DATA	Mouse: 0 button down, pos=(549,844)
10.266	EXP	fixation_mask: autoDraw = false
10.266	EXP	prime_text: autoDraw = false
10.266	EXP	target: autoDraw = false
10.266	EXP	button_left: autoDraw = false
10.266	EXP	button_right: autoDraw = false
10.266	EXP	trial_label_right: autoDraw = false
10.266	EXP	trial_label_left_new: autoDraw = false
10.266	EXP	feedback_text: color = {"_hex":"#FF0000","_rgb":[1,0,0]}
10.266	EXP	feedback_text: text = "Incorrect"
10.266	EXP	feedback_text: autoDraw = true
10.266	EXP	button_left_2: autoDraw = true
10.266	EXP	button_right_2: autoDraw = true
10.266	EXP	trial_label_left_2: autoDraw = true
10.266	EXP	trial_label_right_2: autoDraw = true
10.336	DATA	Mouse: 0 button down, pos=(549,844)
10.765	EXP	feedback_text: autoDraw = false
10.765	EXP	button_left_2: autoDraw = false
10.765	EXP	button_right_2: autoDraw = false
10.765	EXP	trial_label_left_2: autoDraw = false
10.765	EXP	trial_label_right_2: autoDraw = false
10.765	EXP	feedback_text: autoDraw = false
10.765	EXP	button_left_2: autoDraw = false
10.765	EXP	button_right_2: autoDraw = false
10.765	EXP	trial_label_left_2: autoDraw = false
10.765	EXP	trial_label_right_2: autoDraw = false
10.765	EXP	prime_text: text = "matrix"
10.765	EXP	target: text = "MATRIX"
10.765	EXP	target: font = "Courier New"
10.765	EXP	fixation_mask: autoDraw = true
10.765	EXP	button_left: autoDraw = true
10.765	EXP	button_right: autoDraw = true
10.765	EXP	trial_label_right: autoDraw = true
10.765	EXP	trial_label_left_new: autoDraw = true
11.262	EXP	fixation_mask: autoDraw = false
11.284	EXP	prime_text: autoDraw = true
11.314	EXP	prime_text: autoDraw = false
11.331	EXP	target: autoDraw = true
11.465	DATA	Mouse: 0 button down, pos=(547,844)
11.485	EXP	fixation_mask: autoDraw = false
11.485	EXP	prime_text: autoDraw = false
11.485	EXP	target: autoDraw = false
11.485	EXP	button_left: autoDraw = false
11.485	EXP	button_right: autoDraw = false
11.485	EXP	trial_label_right: autoDraw = false
11.485	EXP	trial_label_left_new: autoDraw = false
11.485	EXP	feedback_text: color = {"_hex":"#FF0000","_rgb":[1,0,0]}
11.485	EXP	feedback_text: text = "Incorrect"
11.485	EXP	feedback_text: autoDraw = true
11.485	EXP	button_left_2: autoDraw = true
11.485	EXP	button_right_2: autoDraw = true
11.485	EXP	trial_label_left_2: autoDraw = true
11.485	EXP	trial_label_right_2: autoDraw = true
11.555	DATA	Mouse: 0 button down, pos=(547,844)
11.981	EXP	feedback_text: autoDraw = false
11.981	EXP	button_left_2: autoDraw = false
11.981	EXP	button_right_2: autoDraw = false
11.981	EXP	trial_label_left_2: autoDraw = false
11.981	EXP	trial_label_right_2: autoDraw = false
11.981	EXP	feedback_text: autoDraw = false
11.981	EXP	button_left_2: autoDraw = false
11.981	EXP	button_right_2: autoDraw = false
11.981	EXP	trial_label_left_2: autoDraw = false
11.981	EXP	trial_label_right_2: autoDraw = false
11.981	EXP	prime_text: text = "winfer"
11.981	EXP	target: text = "ROUPET"
11.981	EXP	target: font = "Courier New"
11.981	EXP	fixation_mask: autoDraw = true
11.981	EXP	button_left: autoDraw = true
11.981	EXP	button_right: autoDraw = true
11.981	EXP	trial_label_right: autoDraw = true
11.981	EXP	trial_label_left_new: autoDraw = true
12.496	EXP	fixation_mask: autoDraw = false
12.496	EXP	prime_text: autoDraw = true
12.512	EXP	prime_text: autoDraw = false
12.533	EXP	target: autoDraw = true
12.688	DATA	Mouse: 0 button down, pos=(547,844)
12.699	EXP	fixation_mask: autoDraw = false
12.699	EXP	prime_text: autoDraw = false
12.699	EXP	target: autoDraw = false
12.699	EXP	button_left: autoDraw = false
12.699	EXP	button_right: autoDraw = false
12.699	EXP	trial_label_right: autoDraw = false
12.699	EXP	trial_label_left_new: autoDraw = false
12.699	EXP	feedback_text: color = {"_hex":"#008000","_rgb":[0,0.5019607843137255,0]}
12.699	EXP	feedback_text: text = "Correct"
12.699	EXP	feedback_text: autoDraw = true
12.699	EXP	button_left_2: autoDraw = true
12.699	EXP	button_right_2: autoDraw = true
12.699	EXP	trial_label_left_2: autoDraw = true
12.699	EXP	trial_label_right_2: autoDraw = true
12.783	DATA	Mouse: 0 button down, pos=(547,844)
13.197	EXP	feedback_text: autoDraw = false
13.197	EXP	button_left_2: autoDraw = false
13.197	EXP	button_right_2: autoDraw = false
13.197	EXP	trial_label_left_2: autoDraw = false
13.197	EXP	trial_label_right_2: autoDraw = false
13.197	EXP	feedback_text: autoDraw = false
13.197	EXP	button_left_2: autoDraw = false
13.197	EXP	button_right_2: autoDraw = false
13.197	EXP	trial_label_left_2: autoDraw = false
13.197	EXP	trial_label_right_2: autoDraw = false
13.197	EXP	prime_text: text = "tropic"
13.197	EXP	target: text = "ZOMBIE"
13.197	EXP	target: font = "Courier New"
13.197	EXP	fixation_mask: autoDraw = true
13.197	EXP	button_left: autoDraw = true
13.197	EXP	button_right: autoDraw = true
13.197	EXP	trial_label_right: autoDraw = true
13.197	EXP	trial_label_left_new: autoDraw = true
13.699	EXP	fixation_mask: autoDraw = false
13.699	EXP	prime_text: autoDraw = true
13.747	EXP	prime_text: autoDraw = false
13.778	EXP	target: autoDraw = true
13.959999999999999	DATA	Mouse: 0 button down, pos=(547,844)
13.975	EXP	fixation_mask: autoDraw = false
13.975	EXP	prime_text: autoDraw = false
13.975	EXP	target: autoDraw = false
13.975	EXP	button_left: autoDraw = false
13.975	EXP	button_right: autoDraw = false
13.975	EXP	trial_label_right: autoDraw = false
13.975	EXP	trial_label_left_new: autoDraw = false
13.975	EXP	feedback_text: color = {"_hex":"#FF0000","_rgb":[1,0,0]}
13.975	EXP	feedback_text: text = "Incorrect"
13.975	EXP	feedback_text: autoDraw = true
13.975	EXP	button_left_2: autoDraw = true
13.975	EXP	button_right_2: autoDraw = true
13.975	EXP	trial_label_left_2: autoDraw = true
13.975	EXP	trial_label_right_2: autoDraw = true
14.031	DATA	Mouse: 0 button down, pos=(547,844)
14.47	EXP	feedback_text: autoDraw = false
14.47	EXP	button_left_2: autoDraw = false
14.47	EXP	button_right_2: autoDraw = false
14.47	EXP	trial_label_left_2: autoDraw = false
14.47	EXP	trial_label_right_2: autoDraw = false
14.47	EXP	feedback_text: autoDraw = false
14.47	EXP	button_left_2: autoDraw = false
14.47	EXP	button_right_2: autoDraw = false
14.47	EXP	trial_label_left_2: autoDraw = false
14.47	EXP	trial_label_right_2: autoDraw = false
14.47	EXP	prime_text: text = "abound"
14.47	EXP	target: text = "SQUEAK"
14.47	EXP	target: font = "Courier New"
14.47	EXP	fixation_mask: autoDraw = true
14.47	EXP	button_left: autoDraw = true
14.47	EXP	button_right: autoDraw = true
14.47	EXP	trial_label_right: autoDraw = true
14.47	EXP	trial_label_left_new: autoDraw = true
14.97	EXP	fixation_mask: autoDraw = false
14.982	EXP	prime_text: autoDraw = true
14.996	EXP	prime_text: autoDraw = false
15.015	EXP	target: autoDraw = true
15.33	DATA	Mouse: 0 button down, pos=(556,839)
15.347999999999999	EXP	fixation_mask: autoDraw = false
15.347999999999999	EXP	prime_text: autoDraw = false
15.347999999999999	EXP	target: autoDraw = false
15.347999999999999	EXP	button_left: autoDraw = false
15.347999999999999	EXP	button_right: autoDraw = false
15.347999999999999	EXP	trial_label_right: autoDraw = false
15.347999999999999	EXP	trial_label_left_new: autoDraw = false
15.347999999999999	EXP	feedback_text: color = {"_hex":"#FF0000","_rgb":[1,0,0]}
15.347999999999999	EXP	feedback_text: text = "Incorrect"
15.347999999999999	EXP	feedback_text: autoDraw = true
15.347999999999999	EXP	button_left_2: autoDraw = true
15.347999999999999	EXP	button_right_2: autoDraw = true
15.347999999999999	EXP	trial_label_left_2: autoDraw = true
15.347999999999999	EXP	trial_label_right_2: autoDraw = true
15.453	DATA	Mouse: 0 button down, pos=(556,839)
15.848999999999998	EXP	feedback_text: autoDraw = false
15.848999999999998	EXP	button_left_2: autoDraw = false
15.848999999999998	EXP	button_right_2: autoDraw = false
15.848999999999998	EXP	trial_label_left_2: autoDraw = false
15.848999999999998	EXP	trial_label_right_2: autoDraw = false
15.848999999999998	EXP	feedback_text: autoDraw = false
15.848999999999998	EXP	button_left_2: autoDraw = false
15.848999999999998	EXP	button_right_2: autoDraw = false
15.848999999999998	EXP	trial_label_left_2: autoDraw = false
15.848999999999998	EXP	trial_label_right_2: autoDraw = false
15.848999999999998	EXP	prime_text: text = "aslert"
15.848999999999998	EXP	target: text = "ASLERT"
15.848999999999998	EXP	target: font = "Courier New"
15.848999999999998	EXP	fixation_mask: autoDraw = true
15.848999999999998	EXP	button_left: autoDraw = true
15.848999999999998	EXP	button_right: autoDraw = true
15.848999999999998	EXP	trial_label_right: autoDraw = true
15.848999999999998	EXP	trial_label_left_new: autoDraw = true
16.346	EXP	fixation_mask: autoDraw = false
16.371000000000002	EXP	prime_text: autoDraw = true
16.381	EXP	prime_text: autoDraw = false
16.398000000000003	EXP	target: autoDraw = true
16.683	DATA	Keydown: z
16.699	EXP	fixation_mask: autoDraw = false
16.699	EXP	prime_text: autoDraw = false
16.699	EXP	target: autoDraw = false
16.699	EXP	button_left: autoDraw = false
16.699	EXP	button_right: autoDraw = false
16.699	EXP	trial_label_right: autoDraw = false
16.699	EXP	trial_label_left_new: autoDraw = false
16.699	EXP	feedback_text: color = {"_hex":"#008000","_rgb":[0,0.5019607843137255,0]}
16.699	EXP	feedback_text: text = "Correct"
16.699	EXP	feedback_text: autoDraw = true
16.699	EXP	button_left_2: autoDraw = true
16.699	EXP	button_right_2: autoDraw = true
16.699	EXP	trial_label_left_2: autoDraw = true
16.699	EXP	trial_label_right_2: autoDraw = true
17.195	EXP	feedback_text: autoDraw = false
17.195	EXP	button_left_2: autoDraw = false
17.195	EXP	button_right_2: autoDraw = false
17.195	EXP	trial_label_left_2: autoDraw = false
17.195	EXP	trial_label_right_2: autoDraw = false
17.195	EXP	feedback_text: autoDraw = false
17.195	EXP	button_left_2: autoDraw = false
17.195	EXP	button_right_2: autoDraw = false
17.195	EXP	trial_label_left_2: autoDraw = false
17.195	EXP	trial_label_right_2: autoDraw = false
17.195	EXP	prime_text: text = "adveil"
17.195	EXP	target: text = "SPRINY"
17.195	EXP	target: font = "Courier New"
17.195	EXP	fixation_mask: autoDraw = true
17.195	EXP	button_left: autoDraw = true
17.195	EXP	button_right: autoDraw = true
17.195	EXP	trial_label_right: autoDraw = true
17.195	EXP	trial_label_left_new: autoDraw = true
17.698	EXP	fixation_mask: autoDraw = false
17.698	EXP	prime_text: autoDraw = true
17.731	EXP	prime_text: autoDraw = false
17.731	EXP	target: autoDraw = true
18.367	DATA	Keydown: z
18.382	EXP	fixation_mask: autoDraw = false
18.382	EXP	prime_text: autoDraw = false
18.382	EXP	target: autoDraw = false
18.382	EXP	button_left: autoDraw = false
18.382	EXP	button_right: autoDraw = false
18.382	EXP	trial_label_right: autoDraw = false
18.382	EXP	trial_label_left_new: autoDraw = false
18.382	EXP	feedback_text: color = {"_hex":"#008000","_rgb":[0,0.5019607843137255,0]}
18.382	EXP	feedback_text: text = "Correct"
18.382	EXP	feedback_text: autoDraw = true
18.382	EXP	button_left_2: autoDraw = true
18.382	EXP	button_right_2: autoDraw = true
18.382	EXP	trial_label_left_2: autoDraw = true
18.382	EXP	trial_label_right_2: autoDraw = true
18.882	EXP	feedback_text: autoDraw = false
18.882	EXP	button_left_2: autoDraw = false
18.882	EXP	button_right_2: autoDraw = false
18.882	EXP	trial_label_left_2: autoDraw = false
18.882	EXP	trial_label_right_2: autoDraw = false
18.882	EXP	feedback_text: autoDraw = false
18.882	EXP	button_left_2: autoDraw = false
18.882	EXP	button_right_2: autoDraw = false
18.882	EXP	trial_label_left_2: autoDraw = false
18.882	EXP	trial_label_right_2: autoDraw = false
18.882	EXP	prime_text: text = "hurdle"
18.882	EXP	target: text = "VOLUME"
18.882	EXP	target: font = "Courier New"
18.882	EXP	fixation_mask: autoDraw = true
18.882	EXP	button_left: autoDraw = true
18.882	EXP	button_right: autoDraw = true
18.882	EXP	trial_label_right: autoDraw = true
18.882	EXP	trial_label_left_new: autoDraw = true
19.381	EXP	fixation_mask: autoDraw = false
19.397000000000002	EXP	prime_text: autoDraw = true
19.430000000000003	EXP	prime_text: autoDraw = false
19.449	EXP	target: autoDraw = true
20.088	DATA	Mouse: wheel shift=(0,-3), pos=(556,839)
20.538	DATA	Mouse: wheel shift=(3,0), pos=(989,478)
20.731	DATA	Keydown: Escape
