0.07399999999999995	EXP	Created Window = Window( name=Window, fullscr=true, color=#ffffff, units=height, waitBlanking=true, autoLog=true, size=[1924,1008] )
1.644	EXP	Created instructions = TextStim( name=instructions, win=Window( name=Window, fullscr=true, color=#ffffff, ~), autoDraw=null, autoLog=true, units=height, ori=null, opacity=1, pos=[0,0], size=undefined, text=default text, font=Courier New, color=#000000, contrast=1, height=0.035, bold=null, italic=null, alignHoriz=left, alignVert=center, wrapWidth=1, flipHoriz=null, flipVert=null )
1.647	EXP	Created instr_done_button = Rect( name=instr_done_button, win=Window( name=Window, fullscr=true, color=#ffffff, ~), autoDraw=null, autoLog=true, units=height, ori=null, opacity=1, pos=[0,-0.4], size=[1,1], lineWidth=1, lineColor=#000000, fillColor=#FFFFFF, vertices=[[-0.2,-0.05],[0.2,-0.05],[0.2,0.05],[-0.2,0.05]], closeShape=true, contrast=1, depth=-2, interpolate=true, width=0.4, height=0.1 )
1.647	EXP	Created instr_done_label = TextStim( name=instr_done_label, win=Window( name=Window, fullscr=true, color=#ffffff, ~), autoDraw=null, autoLog=true, units=height, ori=null, opacity=1, pos=[0,-0.4], size=undefined, text=Continue, font=Courier New, color=#000000, contrast=1, height=0.05, bold=null, italic=null, alignHoriz=left, alignVert=center, wrapWidth=1, flipHoriz=null, flipVert=null )
1.648	EXP	Created instructions_image = ImageStim( name=instructions_image, win=Window( name=Window, fullscr=true, color=#ffffff, ~), autoDraw=null, autoLog=true, units=height, ori=null, opacity=1, pos=[0,0], size=[0.4,0.3], image=undefined, mask=undefined, color=#ffffff, contrast=1, texRes=128, interpolate=true, depth=-6, flipHoriz=null, flipVert=null )
1.65	EXP	Created fixation_mask = TextStim( name=fixation_mask, win=Window( name=Window, fullscr=true, color=#ffffff, ~), autoDraw=null, autoLog=true, units=height, ori=null, opacity=1, pos=[0,0], size=undefined, text=######, font=Courier New, color=#000000, contrast=1, height=0.1, bold=null, italic=null, alignHoriz=left, alignVert=center, wrapWidth=1, flipHoriz=null, flipVert=null )
1.65	EXP	Created prime_text = TextStim( name=prime_text, win=Window( name=Window, fullscr=true, color=#ffffff, ~), autoDraw=null, autoLog=true, units=height, ori=null, opacity=1, pos=[0,0], size=undefined, text=default text, font=Courier New, color=#000000, contrast=1, height=0.1, bold=null, italic=null, alignHoriz=left, alignVert=center, wrapWidth=1, flipHoriz=null, flipVert=null )
1.65	EXP	Created target = TextStim( name=target, win=Window( name=Window, fullscr=true, color=#ffffff, ~), autoDraw=null, autoLog=true, units=height, ori=null, opacity=1, pos=[0,0], size=undefined, text=default text, font=Arial, color=#000000, contrast=1, height=0.1, bold=null, italic=null, alignHoriz=left, alignVert=center, wrapWidth=1, flipHoriz=null, flipVert=null )
1.652	EXP	Created button_left = Rect( name=button_left, win=Window( name=Window, fullscr=true, color=#ffffff, ~), autoDraw=null, autoLog=true, units=height, ori=null, opacity=1, pos=[-0.4,-0.3], size=[1,1], lineWidth=1, lineColor=#000000, fillColor=#FFFFFF, vertices=[[-0.2,-0.1],[0.2,-0.1],[0.2,0.1],[-0.2,0.1]], closeShape=true, contrast=1, depth=-5, interpolate=true, width=0.4, height=0.2 )
1.653	EXP	Created button_right = Rect( name=button_right, win=Window( name=Window, fullscr=true, color=#ffffff, ~), autoDraw=null, autoLog=true, units=height, ori=null, opacity=1, pos=[0.4,-0.3], size=[1,1], lineWidth=1, lineColor=#000000, fillColor=#FFFFFF, vertices=[[-0.2,-0.1],[0.2,-0.1],[0.2,0.1],[-0.2,0.1]], closeShape=true, contrast=1, depth=-6, interpolate=true, width=0.4, height=0.2 )
1.654	EXP	Created trial_label_right = TextStim( name=trial_label_right, win=Window( name=Window, fullscr=true, color=#ffffff, ~), autoDraw=null, autoLog=true, units=height, ori=null, opacity=1, pos=[0.4,-0.3], size=undefined, text=M = Word, font=Courier New, color=#000000, contrast=1, height=0.05, bold=null, italic=null, alignHoriz=left, alignVert=center, wrapWidth=1, flipHoriz=null, flipVert=null )
1.654	EXP	Created trial_label_left_new = TextStim( name=trial_label_left_new, win=Window( name=Window, fullscr=true, color=#ffffff, ~), autoDraw=null, autoLog=true, units=height, ori=null, opacity=1, pos=[-0.4,-0.3], size=undefined, text=Z = Nonword, font=Courier New, color=#000000, contrast=1, height=0.05, bold=null, italic=null, alignHoriz=left, alignVert=center, wrapWidth=1, flipHoriz=null, flipVert=null )
1.655	EXP	Created feedback_text = TextStim( name=feedback_text, win=Window( name=Window, fullscr=true, color=#ffffff, ~), autoDraw=null, autoLog=true, units=height, ori=null, opacity=1, pos=[0,0], size=undefined, text=default text, font=Courier New, color=#FFFFFF, contrast=1, height=0.05, bold=null, italic=null, alignHoriz=left, alignVert=center, wrapWidth=1, flipHoriz=null, flipVert=null )
1.656	EXP	Created button_left_2 = Rect( name=button_left_2, win=Window( name=Window, fullscr=true, color=#ffffff, ~), autoDraw=null, autoLog=true, units=height, ori=null, opacity=1, pos=[-0.4,-0.3], size=[1,1], lineWidth=1, lineColor=#000000, fillColor=#FFFFFF, vertices=[[-0.2,-0.1],[0.2,-0.1],[0.2,0.1],[-0.2,0.1]], closeShape=true, contrast=1, depth=-2, interpolate=true, width=0.4, height=0.2 )
1.659	EXP	Created button_right_2 = Rect( name=button_right_2, win=Window( name=Window, fullscr=true, color=#ffffff, ~), autoDraw=null, autoLog=true, units=height, ori=null, opacity=1, pos=[0.4,-0.3], size=[1,1], lineWidth=1, lineColor=#000000, fillColor=#FFFFFF, vertices=[[-0.2,-0.1],[0.2,-0.1],[0.2,0.1],[-0.2,0.1]], closeShape=true, contrast=1, depth=-3, interpolate=true, width=0.4, height=0.2 )
1.66	EXP	Created trial_label_left_2 = TextStim( name=trial_label_left_2, win=Window( name=Window, fullscr=true, color=#ffffff, ~), autoDraw=null, autoLog=true, units=height, ori=null, opacity=1, pos=[-0.4,-0.3], size=undefined, text=Z = Nonword, font=Courier New, color=#000000, contrast=1, height=0.05, bold=null, italic=null, alignHoriz=left, alignVert=center, wrapWidth=1, flipHoriz=null, flipVert=null )
1.661	EXP	Created trial_label_right_2 = TextStim( name=trial_label_right_2, win=Window( name=Window, fullscr=true, color=#ffffff, ~), autoDraw=null, autoLog=true, units=height, ori=null, opacity=1, pos=[0.4,-0.3], size=undefined, text=M = Word, font=Courier New, color=#000000, contrast=1, height=0.05, bold=null, italic=null, alignHoriz=left, alignVert=center, wrapWidth=1, flipHoriz=null, flipVert=null )
1.662	EXP	Created instructions = TextStim( name=instructions, win=Window( name=Window, fullscr=true, color=#ffffff, ~), autoDraw=null, autoLog=true, units=height, ori=null, opacity=1, pos=[0,0], size=undefined, text=default text, font=Courier New, color=#000000, contrast=1, height=0.035, bold=null, italic=null, alignHoriz=left, alignVert=center, wrapWidth=1, flipHoriz=null, flipVert=null )
1.663	EXP	Created instr_done_button = Rect( name=instr_done_button, win=Window( name=Window, fullscr=true, color=#ffffff, ~), autoDraw=null, autoLog=true, units=height, ori=null, opacity=1, pos=[0,-0.4], size=[1,1], lineWidth=1, lineColor=#000000, fillColor=#FFFFFF, vertices=[[-0.2,-0.05],[0.2,-0.05],[0.2,0.05],[-0.2,0.05]], closeShape=true, contrast=1, depth=-2, interpolate=true, width=0.4, height=0.1 )
1.664	EXP	Created instr_done_label = TextStim( name=instr_done_label, win=Window( name=Window, fullscr=true, color=#ffffff, ~), autoDraw=null, autoLog=true, units=height, ori=null, opacity=1, pos=[0,-0.4], size=undefined, text=Continue, font=Courier New, color=#000000, contrast=1, height=0.05, bold=null, italic=null, alignHoriz=left, alignVert=center, wrapWidth=1, flipHoriz=null, flipVert=null )
1.664	EXP	Created instructions_image = ImageStim( name=instructions_image, win=Window( name=Window, fullscr=true, color=#ffffff, ~), autoDraw=null, autoLog=true, units=height, ori=null, opacity=1, pos=[0,0], size=[0.4,0.3], image=undefined, mask=undefined, color=#ffffff, contrast=1, texRes=128, interpolate=true, depth=-6, flipHoriz=null, flipVert=null )
1.666	EXP	Created fixation_mask = TextStim( name=fixation_mask, win=Window( name=Window, fullscr=true, color=#ffffff, ~), autoDraw=null, autoLog=true, units=height, ori=null, opacity=1, pos=[0,0], size=undefined, text=######, font=Courier New, color=#000000, contrast=1, height=0.1, bold=null, italic=null, alignHoriz=left, alignVert=center, wrapWidth=1, flipHoriz=null, flipVert=null )
1.666	EXP	Created prime_text = TextStim( name=prime_text, win=Window( name=Window, fullscr=true, color=#ffffff, ~), autoDraw=null, autoLog=true, units=height, ori=null, opacity=1, pos=[0,0], size=undefined, text=default text, font=Courier New, color=#000000, contrast=1, height=0.1, bold=null, italic=null, alignHoriz=left, alignVert=center, wrapWidth=1, flipHoriz=null, flipVert=null )
1.667	EXP	Created target = TextStim( name=target, win=Window( name=Window, fullscr=true, color=#ffffff, ~), autoDraw=null, autoLog=true, units=height, ori=null, opacity=1, pos=[0,0], size=undefined, text=default text, font=Arial, color=#000000, contrast=1, height=0.1, bold=null, italic=null, alignHoriz=left, alignVert=center, wrapWidth=1, flipHoriz=null, flipVert=null )
1.669	EXP	Created button_left = Rect( name=button_left, win=Window( name=Window, fullscr=true, color=#ffffff, ~), autoDraw=null, autoLog=true, units=height, ori=null, opacity=1, pos=[-0.4,-0.3], size=[1,1], lineWidth=1, lineColor=#000000, fillColor=#FFFFFF, vertices=[[-0.2,-0.1],[0.2,-0.1],[0.2,0.1],[-0.2,0.1]], closeShape=true, contrast=1, depth=-5, interpolate=true, width=0.4, height=0.2 )
1.67	EXP	Created button_right = Rect( name=button_right, win=Window( name=Window, fullscr=true, color=#ffffff, ~), autoDraw=null, autoLog=true, units=height, ori=null, opacity=1, pos=[0.4,-0.3], size=[1,1], lineWidth=1, lineColor=#000000, fillColor=#FFFFFF, vertices=[[-0.2,-0.1],[0.2,-0.1],[0.2,0.1],[-0.2,0.1]], closeShape=true, contrast=1, depth=-6, interpolate=true, width=0.4, height=0.2 )
1.67	EXP	Created trial_label_right = TextStim( name=trial_label_right, win=Window( name=Window, fullscr=true, color=#ffffff, ~), autoDraw=null, autoLog=true, units=height, ori=null, opacity=1, pos=[0.4,-0.3], size=undefined, text=M = Word, font=Courier New, color=#000000, contrast=1, height=0.05, bold=null, italic=null, alignHoriz=left, alignVert=center, wrapWidth=1, flipHoriz=null, flipVert=null )
1.67	EXP	Created trial_label_left_new = TextStim( name=trial_label_left_new, win=Window( name=Window, fullscr=true, color=#ffffff, ~), autoDraw=null, autoLog=true, units=height, ori=null, opacity=1, pos=[-0.4,-0.3], size=undefined, text=Z = Nonword, font=Courier New, color=#000000, contrast=1, height=0.05, bold=null, italic=null, alignHoriz=left, alignVert=center, wrapWidth=1, flipHoriz=null, flipVert=null )
1.671	EXP	Created feedback_text = TextStim( name=feedback_text, win=Window( name=Window, fullscr=true, color=#ffffff, ~), autoDraw=null, autoLog=true, units=height, ori=null, opacity=1, pos=[0,0], size=undefined, text=default text, font=Courier New, color=#FFFFFF, contrast=1, height=0.05, bold=null, italic=null, alignHoriz=left, alignVert=center, wrapWidth=1, flipHoriz=null, flipVert=null )
1.672	EXP	Created button_left_2 = Rect( name=button_left_2, win=Window( name=Window, fullscr=true, color=#ffffff, ~), autoDraw=null, autoLog=true, units=height, ori=null, opacity=1, pos=[-0.4,-0.3], size=[1,1], lineWidth=1, lineColor=#000000, fillColor=#FFFFFF, vertices=[[-0.2,-0.1],[0.2,-0.1],[0.2,0.1],[-0.2,0.1]], closeShape=true, contrast=1, depth=-2, interpolate=true, width=0.4, height=0.2 )
1.673	EXP	Created button_right_2 = Rect( name=button_right_2, win=Window( name=Window, fullscr=true, color=#ffffff, ~), autoDraw=null, autoLog=true, units=height, ori=null, opacity=1, pos=[0.4,-0.3], size=[1,1], lineWidth=1, lineColor=#000000, fillColor=#FFFFFF, vertices=[[-0.2,-0.1],[0.2,-0.1],[0.2,0.1],[-0.2,0.1]], closeShape=true, contrast=1, depth=-3, interpolate=true, width=0.4, height=0.2 )
1.676	EXP	Created trial_label_left_2 = TextStim( name=trial_label_left_2, win=Window( name=Window, fullscr=true, color=#ffffff, ~), autoDraw=null, autoLog=true, units=height, ori=null, opacity=1, pos=[-0.4,-0.3], size=undefined, text=Z = Nonword, font=Courier New, color=#000000, contrast=1, height=0.05, bold=null, italic=null, alignHoriz=left, alignVert=center, wrapWidth=1, flipHoriz=null, flipVert=null )
1.677	EXP	Created trial_label_right_2 = TextStim( name=trial_label_right_2, win=Window( name=Window, fullscr=true, color=#ffffff, ~), autoDraw=null, autoLog=true, units=height, ori=null, opacity=1, pos=[0.4,-0.3], size=undefined, text=M = Word, font=Courier New, color=#000000, contrast=1, height=0.05, bold=null, italic=null, alignHoriz=left, alignVert=center, wrapWidth=1, flipHoriz=null, flipVert=null )
1.678	EXP	Created break_text = TextStim( name=break_text, win=Window( name=Window, fullscr=true, color=#ffffff, ~), autoDraw=null, autoLog=true, units=height, ori=null, opacity=1, pos=[0,0], size=undefined, text=default text, font=Courier New, color=#000000, contrast=1, height=0.05, bold=null, italic=null, alignHoriz=left, alignVert=center, wrapWidth=1, flipHoriz=null, flipVert=null )
1.68	EXP	Created break_done_button = Rect( name=break_done_button, win=Window( name=Window, fullscr=true, color=#ffffff, ~), autoDraw=null, autoLog=true, units=height, ori=null, opacity=1, pos=[0,-0.4], size=[1,1], lineWidth=1, lineColor=#000000, fillColor=#FFFFFF, vertices=[[-0.2,-0.05],[0.2,-0.05],[0.2,0.05],[-0.2,0.05]], closeShape=true, contrast=1, depth=-4, interpolate=true, width=0.4, height=0.1 )
1.68	EXP	Created break_done_button_label = TextStim( name=break_done_button_label, win=Window( name=Window, fullscr=true, color=#ffffff, ~), autoDraw=null, autoLog=true, units=height, ori=null, opacity=1, pos=[0,-0.4], size=undefined, text=Continue, font=Courier New, color=#000000, contrast=1, height=0.05, bold=null, italic=null, alignHoriz=left, alignVert=center, wrapWidth=1, flipHoriz=null, flipVert=null )
1.681	EXP	Created thank_you = TextStim( name=thank_you, win=Window( name=Window, fullscr=true, color=#ffffff, ~), autoDraw=null, autoLog=true, units=height, ori=null, opacity=1, pos=[0,0], size=undefined, text=This is the end of the experiment.

Please do NOT ~, font=Courier New, color=#000000, contrast=1, height=1, bold=null, italic=null, alignHoriz=left, alignVert=center, wrapWidth=1, flipHoriz=null, flipVert=null )
1.728	EXP	instructions: units = "height"
1.728	EXP	instructions: ori = 0
1.728	EXP	instructions: opacity = 1
1.728	EXP	instructions: pos = [0,0]
1.728	EXP	instructions: size = undefined
1.728	EXP	instructions: text = "default text"
1.728	EXP	instructions: font = "Courier New"
1.728	EXP	instructions: color = {"_hex":"#000000","_rgb":[0,0,0]}
1.728	EXP	instructions: contrast = 1
1.728	EXP	instructions: height = 0.035
1.728	EXP	instructions: bold = false
1.728	EXP	instructions: italic = false
1.728	EXP	instructions: alignHoriz = "left"
1.728	EXP	instructions: alignVert = "center"
1.728	EXP	instructions: wrapWidth = 1
1.728	EXP	instructions: flipHoriz = false
1.728	EXP	instructions: flipVert = false
1.728	EXP	instr_done_button: units = "height"
1.728	EXP	instr_done_button: ori = 0
1.728	EXP	instr_done_button: opacity = 1
1.728	EXP	instr_done_button: pos = [0,-0.4]
1.728	EXP	instr_done_button: size = [1,1]
1.728	EXP	instr_done_button: lineWidth = 1
1.728	EXP	instr_done_button: lineColor = {"_hex":"#000000","_rgb":[0,0,0]}
1.728	EXP	instr_done_button: fillColor = {"_hex":"#FFFFFF","_rgb":[1,1,1]}
1.728	EXP	instr_done_button: vertices = [[-0.5,0],[0,0.5],[0.5,0]]
1.728	EXP	instr_done_button: closeShape = true
1.728	EXP	instr_done_button: contrast = 1
1.728	EXP	instr_done_button: depth = -2
1.728	EXP	instr_done_button: interpolate = true
1.728	EXP	instr_done_button: width = 0.4
1.728	EXP	instr_done_button: vertices = [[-0.2,null],[0.2,null],[0.2,null],[-0.2,null]]
1.728	EXP	instr_done_button: height = 0.1
1.728	EXP	instr_done_button: vertices = [[-0.2,-0.05],[0.2,-0.05],[0.2,0.05],[-0.2,0.05]]
1.728	EXP	instr_done_button: vertices = [[-0.2,-0.05],[0.2,-0.05],[0.2,0.05],[-0.2,0.05]]
1.728	EXP	instr_done_label: units = "height"
1.728	EXP	instr_done_label: ori = 0
1.728	EXP	instr_done_label: opacity = 1
1.728	EXP	instr_done_label: pos = [0,-0.4]
1.728	EXP	instr_done_label: size = undefined
1.728	EXP	instr_done_label: text = "Continue"
1.728	EXP	instr_done_label: font = "Courier New"
1.728	EXP	instr_done_label: color = {"_hex":"#000000","_rgb":[0,0,0]}
1.728	EXP	instr_done_label: contrast = 1
1.728	EXP	instr_done_label: height = 0.05
1.728	EXP	instr_done_label: bold = false
1.728	EXP	instr_done_label: italic = false
1.728	EXP	instr_done_label: alignHoriz = "left"
1.728	EXP	instr_done_label: alignVert = "center"
1.728	EXP	instr_done_label: wrapWidth = 1
1.728	EXP	instr_done_label: flipHoriz = false
1.728	EXP	instr_done_label: flipVert = false
1.728	EXP	instructions_image: units = "height"
1.728	EXP	instructions_image: ori = 0
1.728	EXP	instructions_image: opacity = 1
1.728	EXP	instructions_image: pos = [0,0]
1.728	EXP	instructions_image: size = [0.4,0.3]
1.728	EXP	instructions_image: image = undefined
1.728	EXP	instructions_image: mask = undefined
1.728	EXP	instructions_image: color = {"_rgb":[1,1,1]}
1.728	EXP	instructions_image: contrast = 1
1.728	EXP	instructions_image: texRes = 128
1.728	EXP	instructions_image: interpolate = true
1.728	EXP	instructions_image: depth = -6
1.728	EXP	instructions_image: flipHoriz = false
1.728	EXP	instructions_image: flipVert = false
1.728	EXP	fixation_mask: units = "height"
1.728	EXP	fixation_mask: ori = 0
1.728	EXP	fixation_mask: opacity = 1
1.728	EXP	fixation_mask: pos = [0,0]
1.728	EXP	fixation_mask: size = undefined
1.728	EXP	fixation_mask: text = "######"
1.728	EXP	fixation_mask: font = "Courier New"
1.728	EXP	fixation_mask: color = {"_hex":"#000000","_rgb":[0,0,0]}
1.728	EXP	fixation_mask: contrast = 1
1.728	EXP	fixation_mask: height = 0.1
1.728	EXP	fixation_mask: bold = false
1.728	EXP	fixation_mask: italic = false
1.728	EXP	fixation_mask: alignHoriz = "left"
1.728	EXP	fixation_mask: alignVert = "center"
1.728	EXP	fixation_mask: wrapWidth = 1
1.728	EXP	fixation_mask: flipHoriz = false
1.728	EXP	fixation_mask: flipVert = false
1.728	EXP	prime_text: units = "height"
1.728	EXP	prime_text: ori = 0
1.728	EXP	prime_text: opacity = 1
1.728	EXP	prime_text: pos = [0,0]
1.728	EXP	prime_text: size = undefined
1.728	EXP	prime_text: text = "default text"
1.728	EXP	prime_text: font = "Courier New"
1.728	EXP	prime_text: color = {"_hex":"#000000","_rgb":[0,0,0]}
1.728	EXP	prime_text: contrast = 1
1.728	EXP	prime_text: height = 0.1
1.728	EXP	prime_text: bold = false
1.728	EXP	prime_text: italic = false
1.728	EXP	prime_text: alignHoriz = "left"
1.728	EXP	prime_text: alignVert = "center"
1.728	EXP	prime_text: wrapWidth = 1
1.728	EXP	prime_text: flipHoriz = false
1.728	EXP	prime_text: flipVert = false
1.728	EXP	target: units = "height"
1.728	EXP	target: ori = 0
1.728	EXP	target: opacity = 1
1.728	EXP	target: pos = [0,0]
1.728	EXP	target: size = undefined
1.728	EXP	target: text = "default text"
1.728	EXP	target: font = "Arial"
1.728	EXP	target: color = {"_hex":"#000000","_rgb":[0,0,0]}
1.728	EXP	target: contrast = 1
1.728	EXP	target: height = 0.1
1.728	EXP	target: bold = false
1.728	EXP	target: italic = false
1.728	EXP	target: alignHoriz = "left"
1.728	EXP	target: alignVert = "center"
1.728	EXP	target: wrapWidth = 1
1.728	EXP	target: flipHoriz = false
1.728	EXP	target: flipVert = false
1.728	EXP	button_left: units = "height"
1.728	EXP	button_left: ori = 0
1.728	EXP	button_left: opacity = 1
1.728	EXP	button_left: pos = [-0.4,-0.3]
1.728	EXP	button_left: size = [1,1]
1.728	EXP	button_left: lineWidth = 1
1.728	EXP	button_left: lineColor = {"_hex":"#000000","_rgb":[0,0,0]}
1.728	EXP	button_left: fillColor = {"_hex":"#FFFFFF","_rgb":[1,1,1]}
1.728	EXP	button_left: vertices = [[-0.5,0],[0,0.5],[0.5,0]]
1.728	EXP	button_left: closeShape = true
1.728	EXP	button_left: contrast = 1
1.728	EXP	button_left: depth = -5
1.728	EXP	button_left: interpolate = true
1.728	EXP	button_left: width = 0.4
1.728	EXP	button_left: vertices = [[-0.2,null],[0.2,null],[0.2,null],[-0.2,null]]
1.728	EXP	button_left: height = 0.2
1.728	EXP	button_left: vertices = [[-0.2,-0.1],[0.2,-0.1],[0.2,0.1],[-0.2,0.1]]
1.728	EXP	button_left: vertices = [[-0.2,-0.1],[0.2,-0.1],[0.2,0.1],[-0.2,0.1]]
1.728	EXP	button_right: units = "height"
1.728	EXP	button_right: ori = 0
1.728	EXP	button_right: opacity = 1
1.728	EXP	button_right: pos = [0.4,-0.3]
1.728	EXP	button_right: size = [1,1]
1.728	EXP	button_right: lineWidth = 1
1.728	EXP	button_right: lineColor = {"_hex":"#000000","_rgb":[0,0,0]}
1.728	EXP	button_right: fillColor = {"_hex":"#FFFFFF","_rgb":[1,1,1]}
1.728	EXP	button_right: vertices = [[-0.5,0],[0,0.5],[0.5,0]]
1.728	EXP	button_right: closeShape = true
1.728	EXP	button_right: contrast = 1
1.728	EXP	button_right: depth = -6
1.728	EXP	button_right: interpolate = true
1.728	EXP	button_right: width = 0.4
1.728	EXP	button_right: vertices = [[-0.2,null],[0.2,null],[0.2,null],[-0.2,null]]
1.728	EXP	button_right: height = 0.2
1.728	EXP	button_right: vertices = [[-0.2,-0.1],[0.2,-0.1],[0.2,0.1],[-0.2,0.1]]
1.728	EXP	button_right: vertices = [[-0.2,-0.1],[0.2,-0.1],[0.2,0.1],[-0.2,0.1]]
1.728	EXP	trial_label_right: units = "height"
1.728	EXP	trial_label_right: ori = 0
1.728	EXP	trial_label_right: opacity = 1
1.728	EXP	trial_label_right: pos = [0.4,-0.3]
1.728	EXP	trial_label_right: size = undefined
1.728	EXP	trial_label_right: text = "M = Word"
1.728	EXP	trial_label_right: font = "Courier New"
1.728	EXP	trial_label_right: color = {"_hex":"#000000","_rgb":[0,0,0]}
1.728	EXP	trial_label_right: contrast = 1
1.728	EXP	trial_label_right: height = 0.05
1.728	EXP	trial_label_right: bold = false
1.728	EXP	trial_label_right: italic = false
1.728	EXP	trial_label_right: alignHoriz = "left"
1.728	EXP	trial_label_right: alignVert = "center"
1.728	EXP	trial_label_right: wrapWidth = 1
1.728	EXP	trial_label_right: flipHoriz = false
1.728	EXP	trial_label_right: flipVert = false
1.728	EXP	trial_label_left_new: units = "height"
1.728	EXP	trial_label_left_new: ori = 0
1.728	EXP	trial_label_left_new: opacity = 1
1.728	EXP	trial_label_left_new: pos = [-0.4,-0.3]
1.728	EXP	trial_label_left_new: size = undefined
1.728	EXP	trial_label_left_new: text = "Z = Nonword"
1.728	EXP	trial_label_left_new: font = "Courier New"
1.728	EXP	trial_label_left_new: color = {"_hex":"#000000","_rgb":[0,0,0]}
1.728	EXP	trial_label_left_new: contrast = 1
1.728	EXP	trial_label_left_new: height = 0.05
1.728	EXP	trial_label_left_new: bold = false
1.728	EXP	trial_label_left_new: italic = false
1.728	EXP	trial_label_left_new: alignHoriz = "left"
1.728	EXP	trial_label_left_new: alignVert = "center"
1.728	EXP	trial_label_left_new: wrapWidth = 1
1.728	EXP	trial_label_left_new: flipHoriz = false
1.728	EXP	trial_label_left_new: flipVert = false
1.728	EXP	feedback_text: units = "height"
1.728	EXP	feedback_text: ori = 0
1.728	EXP	feedback_text: opacity = 1
1.728	EXP	feedback_text: pos = [0,0]
1.728	EXP	feedback_text: size = undefined
1.728	EXP	feedback_text: text = "default text"
1.728	EXP	feedback_text: font = "Courier New"
1.728	EXP	feedback_text: color = {"_hex":"#FFFFFF","_rgb":[1,1,1]}
1.728	EXP	feedback_text: contrast = 1
1.728	EXP	feedback_text: height = 0.05
1.728	EXP	feedback_text: bold = false
1.728	EXP	feedback_text: italic = false
1.728	EXP	feedback_text: alignHoriz = "left"
1.728	EXP	feedback_text: alignVert = "center"
1.728	EXP	feedback_text: wrapWidth = 1
1.728	EXP	feedback_text: flipHoriz = false
1.728	EXP	feedback_text: flipVert = false
1.728	EXP	button_left_2: units = "height"
1.728	EXP	button_left_2: ori = 0
1.728	EXP	button_left_2: opacity = 1
1.728	EXP	button_left_2: pos = [-0.4,-0.3]
1.728	EXP	button_left_2: size = [1,1]
1.728	EXP	button_left_2: lineWidth = 1
1.728	EXP	button_left_2: lineColor = {"_hex":"#000000","_rgb":[0,0,0]}
1.728	EXP	button_left_2: fillColor = {"_hex":"#FFFFFF","_rgb":[1,1,1]}
1.728	EXP	button_left_2: vertices = [[-0.5,0],[0,0.5],[0.5,0]]
1.728	EXP	button_left_2: closeShape = true
1.728	EXP	button_left_2: contrast = 1
1.728	EXP	button_left_2: depth = -2
1.728	EXP	button_left_2: interpolate = true
1.728	EXP	button_left_2: width = 0.4
1.728	EXP	button_left_2: vertices = [[-0.2,null],[0.2,null],[0.2,null],[-0.2,null]]
1.728	EXP	button_left_2: height = 0.2
1.728	EXP	button_left_2: vertices = [[-0.2,-0.1],[0.2,-0.1],[0.2,0.1],[-0.2,0.1]]
1.728	EXP	button_left_2: vertices = [[-0.2,-0.1],[0.2,-0.1],[0.2,0.1],[-0.2,0.1]]
1.728	EXP	button_right_2: units = "height"
1.728	EXP	button_right_2: ori = 0
1.728	EXP	button_right_2: opacity = 1
1.728	EXP	button_right_2: pos = [0.4,-0.3]
1.728	EXP	button_right_2: size = [1,1]
1.728	EXP	button_right_2: lineWidth = 1
1.728	EXP	button_right_2: lineColor = {"_hex":"#000000","_rgb":[0,0,0]}
1.728	EXP	button_right_2: fillColor = {"_hex":"#FFFFFF","_rgb":[1,1,1]}
1.728	EXP	button_right_2: vertices = [[-0.5,0],[0,0.5],[0.5,0]]
1.728	EXP	button_right_2: closeShape = true
1.728	EXP	button_right_2: contrast = 1
1.728	EXP	button_right_2: depth = -3
1.728	EXP	button_right_2: interpolate = true
1.728	EXP	button_right_2: width = 0.4
1.728	EXP	button_right_2: vertices = [[-0.2,null],[0.2,null],[0.2,null],[-0.2,null]]
1.728	EXP	button_right_2: height = 0.2
1.728	EXP	button_right_2: vertices = [[-0.2,-0.1],[0.2,-0.1],[0.2,0.1],[-0.2,0.1]]
1.728	EXP	button_right_2: vertices = [[-0.2,-0.1],[0.2,-0.1],[0.2,0.1],[-0.2,0.1]]
1.728	EXP	trial_label_left_2: units = "height"
1.728	EXP	trial_label_left_2: ori = 0
1.728	EXP	trial_label_left_2: opacity = 1
1.728	EXP	trial_label_left_2: pos = [-0.4,-0.3]
1.728	EXP	trial_label_left_2: size = undefined
1.728	EXP	trial_label_left_2: text = "Z = Nonword"
1.728	EXP	trial_label_left_2: font = "Courier New"
1.728	EXP	trial_label_left_2: color = {"_hex":"#000000","_rgb":[0,0,0]}
1.728	EXP	trial_label_left_2: contrast = 1
1.728	EXP	trial_label_left_2: height = 0.05
1.728	EXP	trial_label_left_2: bold = false
1.728	EXP	trial_label_left_2: italic = false
1.728	EXP	trial_label_left_2: alignHoriz = "left"
1.728	EXP	trial_label_left_2: alignVert = "center"
1.728	EXP	trial_label_left_2: wrapWidth = 1
1.728	EXP	trial_label_left_2: flipHoriz = false
1.728	EXP	trial_label_left_2: flipVert = false
1.728	EXP	trial_label_right_2: units = "height"
1.728	EXP	trial_label_right_2: ori = 0
1.728	EXP	trial_label_right_2: opacity = 1
1.728	EXP	trial_label_right_2: pos = [0.4,-0.3]
1.728	EXP	trial_label_right_2: size = undefined
1.728	EXP	trial_label_right_2: text = "M = Word"
1.728	EXP	trial_label_right_2: font = "Courier New"
1.728	EXP	trial_label_right_2: color = {"_hex":"#000000","_rgb":[0,0,0]}
1.728	EXP	trial_label_right_2: contrast = 1
1.728	EXP	trial_label_right_2: height = 0.05
1.728	EXP	trial_label_right_2: bold = false
1.728	EXP	trial_label_right_2: italic = false
1.728	EXP	trial_label_right_2: alignHoriz = "left"
1.728	EXP	trial_label_right_2: alignVert = "center"
1.728	EXP	trial_label_right_2: wrapWidth = 1
1.728	EXP	trial_label_right_2: flipHoriz = false
1.728	EXP	trial_label_right_2: flipVert = false
1.728	EXP	instructions: units = "height"
1.728	EXP	instructions: ori = 0
1.728	EXP	instructions: opacity = 1
1.728	EXP	instructions: pos = [0,0]
1.728	EXP	instructions: size = undefined
1.728	EXP	instructions: text = "default text"
1.728	EXP	instructions: font = "Courier New"
1.728	EXP	instructions: color = {"_hex":"#000000","_rgb":[0,0,0]}
1.728	EXP	instructions: contrast = 1
1.728	EXP	instructions: height = 0.035
1.728	EXP	instructions: bold = false
1.728	EXP	instructions: italic = false
1.728	EXP	instructions: alignHoriz = "left"
1.728	EXP	instructions: alignVert = "center"
1.728	EXP	instructions: wrapWidth = 1
1.728	EXP	instructions: flipHoriz = false
1.728	EXP	instructions: flipVert = false
1.728	EXP	instr_done_button: units = "height"
1.728	EXP	instr_done_button: ori = 0
1.728	EXP	instr_done_button: opacity = 1
1.728	EXP	instr_done_button: pos = [0,-0.4]
1.728	EXP	instr_done_button: size = [1,1]
1.728	EXP	instr_done_button: lineWidth = 1
1.728	EXP	instr_done_button: lineColor = {"_hex":"#000000","_rgb":[0,0,0]}
1.728	EXP	instr_done_button: fillColor = {"_hex":"#FFFFFF","_rgb":[1,1,1]}
1.728	EXP	instr_done_button: vertices = [[-0.5,0],[0,0.5],[0.5,0]]
1.728	EXP	instr_done_button: closeShape = true
1.728	EXP	instr_done_button: contrast = 1
1.728	EXP	instr_done_button: depth = -2
1.728	EXP	instr_done_button: interpolate = true
1.728	EXP	instr_done_button: width = 0.4
1.728	EXP	instr_done_button: vertices = [[-0.2,null],[0.2,null],[0.2,null],[-0.2,null]]
1.728	EXP	instr_done_button: height = 0.1
1.728	EXP	instr_done_button: vertices = [[-0.2,-0.05],[0.2,-0.05],[0.2,0.05],[-0.2,0.05]]
1.728	EXP	instr_done_button: vertices = [[-0.2,-0.05],[0.2,-0.05],[0.2,0.05],[-0.2,0.05]]
1.728	EXP	instr_done_label: units = "height"
1.728	EXP	instr_done_label: ori = 0
1.728	EXP	instr_done_label: opacity = 1
1.728	EXP	instr_done_label: pos = [0,-0.4]
1.728	EXP	instr_done_label: size = undefined
1.728	EXP	instr_done_label: text = "Continue"
1.728	EXP	instr_done_label: font = "Courier New"
1.728	EXP	instr_done_label: color = {"_hex":"#000000","_rgb":[0,0,0]}
1.728	EXP	instr_done_label: contrast = 1
1.728	EXP	instr_done_label: height = 0.05
1.728	EXP	instr_done_label: bold = false
1.728	EXP	instr_done_label: italic = false
1.728	EXP	instr_done_label: alignHoriz = "left"
1.728	EXP	instr_done_label: alignVert = "center"
1.728	EXP	instr_done_label: wrapWidth = 1
1.728	EXP	instr_done_label: flipHoriz = false
1.728	EXP	instr_done_label: flipVert = false
1.728	EXP	instructions_image: units = "height"
1.728	EXP	instructions_image: ori = 0
1.728	EXP	instructions_image: opacity = 1
1.728	EXP	instructions_image: pos = [0,0]
1.728	EXP	instructions_image: size = [0.4,0.3]
1.728	EXP	instructions_image: image = undefined
1.728	EXP	instructions_image: mask = undefined
1.728	EXP	instructions_image: color = {"_rgb":[1,1,1]}
1.728	EXP	instructions_image: contrast = 1
1.728	EXP	instructions_image: texRes = 128
1.728	EXP	instructions_image: interpolate = true
1.728	EXP	instructions_image: depth = -6
1.728	EXP	instructions_image: flipHoriz = false
1.728	EXP	instructions_image: flipVert = false
1.728	EXP	fixation_mask: units = "height"
1.728	EXP	fixation_mask: ori = 0
1.728	EXP	fixation_mask: opacity = 1
1.728	EXP	fixation_mask: pos = [0,0]
1.728	EXP	fixation_mask: size = undefined
1.728	EXP	fixation_mask: text = "######"
1.728	EXP	fixation_mask: font = "Courier New"
1.728	EXP	fixation_mask: color = {"_hex":"#000000","_rgb":[0,0,0]}
1.728	EXP	fixation_mask: contrast = 1
1.728	EXP	fixation_mask: height = 0.1
1.728	EXP	fixation_mask: bold = false
1.728	EXP	fixation_mask: italic = false
1.728	EXP	fixation_mask: alignHoriz = "left"
1.728	EXP	fixation_mask: alignVert = "center"
1.728	EXP	fixation_mask: wrapWidth = 1
1.728	EXP	fixation_mask: flipHoriz = false
1.728	EXP	fixation_mask: flipVert = false
1.728	EXP	prime_text: units = "height"
1.728	EXP	prime_text: ori = 0
1.728	EXP	prime_text: opacity = 1
1.728	EXP	prime_text: pos = [0,0]
1.728	EXP	prime_text: size = undefined
1.728	EXP	prime_text: text = "default text"
1.728	EXP	prime_text: font = "Courier New"
1.728	EXP	prime_text: color = {"_hex":"#000000","_rgb":[0,0,0]}
1.728	EXP	prime_text: contrast = 1
1.728	EXP	prime_text: height = 0.1
1.728	EXP	prime_text: bold = false
1.728	EXP	prime_text: italic = false
1.728	EXP	prime_text: alignHoriz = "left"
1.728	EXP	prime_text: alignVert = "center"
1.728	EXP	prime_text: wrapWidth = 1
1.728	EXP	prime_text: flipHoriz = false
1.728	EXP	prime_text: flipVert = false
1.728	EXP	target: units = "height"
1.728	EXP	target: ori = 0
1.728	EXP	target: opacity = 1
1.728	EXP	target: pos = [0,0]
1.728	EXP	target: size = undefined
1.728	EXP	target: text = "default text"
1.728	EXP	target: font = "Arial"
1.728	EXP	target: color = {"_hex":"#000000","_rgb":[0,0,0]}
1.728	EXP	target: contrast = 1
1.728	EXP	target: height = 0.1
1.728	EXP	target: bold = false
1.728	EXP	target: italic = false
1.728	EXP	target: alignHoriz = "left"
1.728	EXP	target: alignVert = "center"
1.728	EXP	target: wrapWidth = 1
1.728	EXP	target: flipHoriz = false
1.728	EXP	target: flipVert = false
1.728	EXP	button_left: units = "height"
1.728	EXP	button_left: ori = 0
1.728	EXP	button_left: opacity = 1
1.728	EXP	button_left: pos = [-0.4,-0.3]
1.728	EXP	button_left: size = [1,1]
1.728	EXP	button_left: lineWidth = 1
1.728	EXP	button_left: lineColor = {"_hex":"#000000","_rgb":[0,0,0]}
1.728	EXP	button_left: fillColor = {"_hex":"#FFFFFF","_rgb":[1,1,1]}
1.728	EXP	button_left: vertices = [[-0.5,0],[0,0.5],[0.5,0]]
1.728	EXP	button_left: closeShape = true
1.728	EXP	button_left: contrast = 1
1.728	EXP	button_left: depth = -5
1.728	EXP	button_left: interpolate = true
1.728	EXP	button_left: width = 0.4
1.728	EXP	button_left: vertices = [[-0.2,null],[0.2,null],[0.2,null],[-0.2,null]]
1.728	EXP	button_left: height = 0.2
1.728	EXP	button_left: vertices = [[-0.2,-0.1],[0.2,-0.1],[0.2,0.1],[-0.2,0.1]]
1.728	EXP	button_left: vertices = [[-0.2,-0.1],[0.2,-0.1],[0.2,0.1],[-0.2,0.1]]
1.728	EXP	button_right: units = "height"
1.728	EXP	button_right: ori = 0
1.728	EXP	button_right: opacity = 1
1.728	EXP	button_right: pos = [0.4,-0.3]
1.728	EXP	button_right: size = [1,1]
1.728	EXP	button_right: lineWidth = 1
1.728	EXP	button_right: lineColor = {"_hex":"#000000","_rgb":[0,0,0]}
1.728	EXP	button_right: fillColor = {"_hex":"#FFFFFF","_rgb":[1,1,1]}
1.728	EXP	button_right: vertices = [[-0.5,0],[0,0.5],[0.5,0]]
1.728	EXP	button_right: closeShape = true
1.728	EXP	button_right: contrast = 1
1.728	EXP	button_right: depth = -6
1.728	EXP	button_right: interpolate = true
1.728	EXP	button_right: width = 0.4
1.728	EXP	button_right: vertices = [[-0.2,null],[0.2,null],[0.2,null],[-0.2,null]]
1.728	EXP	button_right: height = 0.2
1.728	EXP	button_right: vertices = [[-0.2,-0.1],[0.2,-0.1],[0.2,0.1],[-0.2,0.1]]
1.728	EXP	button_right: vertices = [[-0.2,-0.1],[0.2,-0.1],[0.2,0.1],[-0.2,0.1]]
1.728	EXP	trial_label_right: units = "height"
1.728	EXP	trial_label_right: ori = 0
1.728	EXP	trial_label_right: opacity = 1
1.728	EXP	trial_label_right: pos = [0.4,-0.3]
1.728	EXP	trial_label_right: size = undefined
1.728	EXP	trial_label_right: text = "M = Word"
1.728	EXP	trial_label_right: font = "Courier New"
1.728	EXP	trial_label_right: color = {"_hex":"#000000","_rgb":[0,0,0]}
1.728	EXP	trial_label_right: contrast = 1
1.728	EXP	trial_label_right: height = 0.05
1.728	EXP	trial_label_right: bold = false
1.728	EXP	trial_label_right: italic = false
1.728	EXP	trial_label_right: alignHoriz = "left"
1.728	EXP	trial_label_right: alignVert = "center"
1.728	EXP	trial_label_right: wrapWidth = 1
1.728	EXP	trial_label_right: flipHoriz = false
1.728	EXP	trial_label_right: flipVert = false
1.728	EXP	trial_label_left_new: units = "height"
1.728	EXP	trial_label_left_new: ori = 0
1.728	EXP	trial_label_left_new: opacity = 1
1.728	EXP	trial_label_left_new: pos = [-0.4,-0.3]
1.728	EXP	trial_label_left_new: size = undefined
1.728	EXP	trial_label_left_new: text = "Z = Nonword"
1.728	EXP	trial_label_left_new: font = "Courier New"
1.728	EXP	trial_label_left_new: color = {"_hex":"#000000","_rgb":[0,0,0]}
1.728	EXP	trial_label_left_new: contrast = 1
1.728	EXP	trial_label_left_new: height = 0.05
1.728	EXP	trial_label_left_new: bold = false
1.728	EXP	trial_label_left_new: italic = false
1.728	EXP	trial_label_left_new: alignHoriz = "left"
1.728	EXP	trial_label_left_new: alignVert = "center"
1.728	EXP	trial_label_left_new: wrapWidth = 1
1.728	EXP	trial_label_left_new: flipHoriz = false
1.728	EXP	trial_label_left_new: flipVert = false
1.728	EXP	feedback_text: units = "height"
1.728	EXP	feedback_text: ori = 0
1.728	EXP	feedback_text: opacity = 1
1.728	EXP	feedback_text: pos = [0,0]
1.728	EXP	feedback_text: size = undefined
1.728	EXP	feedback_text: text = "default text"
1.728	EXP	feedback_text: font = "Courier New"
1.728	EXP	feedback_text: color = {"_hex":"#FFFFFF","_rgb":[1,1,1]}
1.728	EXP	feedback_text: contrast = 1
1.728	EXP	feedback_text: height = 0.05
1.728	EXP	feedback_text: bold = false
1.728	EXP	feedback_text: italic = false
1.728	EXP	feedback_text: alignHoriz = "left"
1.728	EXP	feedback_text: alignVert = "center"
1.728	EXP	feedback_text: wrapWidth = 1
1.728	EXP	feedback_text: flipHoriz = false
1.728	EXP	feedback_text: flipVert = false
1.728	EXP	button_left_2: units = "height"
1.728	EXP	button_left_2: ori = 0
1.728	EXP	button_left_2: opacity = 1
1.728	EXP	button_left_2: pos = [-0.4,-0.3]
1.728	EXP	button_left_2: size = [1,1]
1.728	EXP	button_left_2: lineWidth = 1
1.728	EXP	button_left_2: lineColor = {"_hex":"#000000","_rgb":[0,0,0]}
1.728	EXP	button_left_2: fillColor = {"_hex":"#FFFFFF","_rgb":[1,1,1]}
1.728	EXP	button_left_2: vertices = [[-0.5,0],[0,0.5],[0.5,0]]
1.728	EXP	button_left_2: closeShape = true
1.728	EXP	button_left_2: contrast = 1
1.728	EXP	button_left_2: depth = -2
1.728	EXP	button_left_2: interpolate = true
1.728	EXP	button_left_2: width = 0.4
1.728	EXP	button_left_2: vertices = [[-0.2,null],[0.2,null],[0.2,null],[-0.2,null]]
1.728	EXP	button_left_2: height = 0.2
1.728	EXP	button_left_2: vertices = [[-0.2,-0.1],[0.2,-0.1],[0.2,0.1],[-0.2,0.1]]
1.728	EXP	button_left_2: vertices = [[-0.2,-0.1],[0.2,-0.1],[0.2,0.1],[-0.2,0.1]]
1.728	EXP	button_right_2: units = "height"
1.728	EXP	button_right_2: ori = 0
1.728	EXP	button_right_2: opacity = 1
1.728	EXP	button_right_2: pos = [0.4,-0.3]
1.728	EXP	button_right_2: size = [1,1]
1.728	EXP	button_right_2: lineWidth = 1
1.728	EXP	button_right_2: lineColor = {"_hex":"#000000","_rgb":[0,0,0]}
1.728	EXP	button_right_2: fillColor = {"_hex":"#FFFFFF","_rgb":[1,1,1]}
1.728	EXP	button_right_2: vertices = [[-0.5,0],[0,0.5],[0.5,0]]
1.728	EXP	button_right_2: closeShape = true
1.728	EXP	button_right_2: contrast = 1
1.728	EXP	button_right_2: depth = -3
1.728	EXP	button_right_2: interpolate = true
1.728	EXP	button_right_2: width = 0.4
1.728	EXP	button_right_2: vertices = [[-0.2,null],[0.2,null],[0.2,null],[-0.2,null]]
1.728	EXP	button_right_2: height = 0.2
1.728	EXP	button_right_2: vertices = [[-0.2,-0.1],[0.2,-0.1],[0.2,0.1],[-0.2,0.1]]
1.728	EXP	button_right_2: vertices = [[-0.2,-0.1],[0.2,-0.1],[0.2,0.1],[-0.2,0.1]]
1.728	EXP	trial_label_left_2: units = "height"
1.728	EXP	trial_label_left_2: ori = 0
1.728	EXP	trial_label_left_2: opacity = 1
1.728	EXP	trial_label_left_2: pos = [-0.4,-0.3]
1.728	EXP	trial_label_left_2: size = undefined
1.728	EXP	trial_label_left_2: text = "Z = Nonword"
1.728	EXP	trial_label_left_2: font = "Courier New"
1.728	EXP	trial_label_left_2: color = {"_hex":"#000000","_rgb":[0,0,0]}
1.728	EXP	trial_label_left_2: contrast = 1
1.728	EXP	trial_label_left_2: height = 0.05
1.728	EXP	trial_label_left_2: bold = false
1.728	EXP	trial_label_left_2: italic = false
1.728	EXP	trial_label_left_2: alignHoriz = "left"
1.728	EXP	trial_label_left_2: alignVert = "center"
1.728	EXP	trial_label_left_2: wrapWidth = 1
1.728	EXP	trial_label_left_2: flipHoriz = false
1.728	EXP	trial_label_left_2: flipVert = false
1.728	EXP	trial_label_right_2: units = "height"
1.728	EXP	trial_label_right_2: ori = 0
1.728	EXP	trial_label_right_2: opacity = 1
1.728	EXP	trial_label_right_2: pos = [0.4,-0.3]
1.728	EXP	trial_label_right_2: size = undefined
1.728	EXP	trial_label_right_2: text = "M = Word"
1.728	EXP	trial_label_right_2: font = "Courier New"
1.728	EXP	trial_label_right_2: color = {"_hex":"#000000","_rgb":[0,0,0]}
1.728	EXP	trial_label_right_2: contrast = 1
1.728	EXP	trial_label_right_2: height = 0.05
1.728	EXP	trial_label_right_2: bold = false
1.728	EXP	trial_label_right_2: italic = false
1.728	EXP	trial_label_right_2: alignHoriz = "left"
1.728	EXP	trial_label_right_2: alignVert = "center"
1.728	EXP	trial_label_right_2: wrapWidth = 1
1.728	EXP	trial_label_right_2: flipHoriz = false
1.728	EXP	trial_label_right_2: flipVert = false
1.728	EXP	break_text: units = "height"
1.728	EXP	break_text: ori = 0
1.728	EXP	break_text: opacity = 1
1.728	EXP	break_text: pos = [0,0]
1.728	EXP	break_text: size = undefined
1.728	EXP	break_text: text = "default text"
1.728	EXP	break_text: font = "Courier New"
1.728	EXP	break_text: color = {"_hex":"#000000","_rgb":[0,0,0]}
1.728	EXP	break_text: contrast = 1
1.728	EXP	break_text: height = 0.05
1.728	EXP	break_text: bold = false
1.728	EXP	break_text: italic = false
1.728	EXP	break_text: alignHoriz = "left"
1.728	EXP	break_text: alignVert = "center"
1.728	EXP	break_text: wrapWidth = 1
1.728	EXP	break_text: flipHoriz = false
1.728	EXP	break_text: flipVert = false
1.728	EXP	break_done_button: units = "height"
1.728	EXP	break_done_button: ori = 0
1.728	EXP	break_done_button: opacity = 1
1.728	EXP	break_done_button: pos = [0,-0.4]
1.728	EXP	break_done_button: size = [1,1]
1.728	EXP	break_done_button: lineWidth = 1
1.728	EXP	break_done_button: lineColor = {"_hex":"#000000","_rgb":[0,0,0]}
1.728	EXP	break_done_button: fillColor = {"_hex":"#FFFFFF","_rgb":[1,1,1]}
1.728	EXP	break_done_button: vertices = [[-0.5,0],[0,0.5],[0.5,0]]
1.728	EXP	break_done_button: closeShape = true
1.728	EXP	break_done_button: contrast = 1
1.728	EXP	break_done_button: depth = -4
1.728	EXP	break_done_button: interpolate = true
1.728	EXP	break_done_button: width = 0.4
1.728	EXP	break_done_button: vertices = [[-0.2,null],[0.2,null],[0.2,null],[-0.2,null]]
1.728	EXP	break_done_button: height = 0.1
1.728	EXP	break_done_button: vertices = [[-0.2,-0.05],[0.2,-0.05],[0.2,0.05],[-0.2,0.05]]
1.728	EXP	break_done_button: vertices = [[-0.2,-0.05],[0.2,-0.05],[0.2,0.05],[-0.2,0.05]]
1.728	EXP	break_done_button_label: units = "height"
1.728	EXP	break_done_button_label: ori = 0
1.728	EXP	break_done_button_label: opacity = 1
1.728	EXP	break_done_button_label: pos = [0,-0.4]
1.728	EXP	break_done_button_label: size = undefined
1.728	EXP	break_done_button_label: text = "Continue"
1.728	EXP	break_done_button_label: font = "Courier New"
1.728	EXP	break_done_button_label: color = {"_hex":"#000000","_rgb":[0,0,0]}
1.728	EXP	break_done_button_label: contrast = 1
1.728	EXP	break_done_button_label: height = 0.05
1.728	EXP	break_done_button_label: bold = false
1.728	EXP	break_done_button_label: italic = false
1.728	EXP	break_done_button_label: alignHoriz = "left"
1.728	EXP	break_done_button_label: alignVert = "center"
1.728	EXP	break_done_button_label: wrapWidth = 1
1.728	EXP	break_done_button_label: flipHoriz = false
1.728	EXP	break_done_button_label: flipVert = false
1.728	EXP	thank_you: units = "height"
1.728	EXP	thank_you: ori = 0
1.728	EXP	thank_you: opacity = 1
1.728	EXP	thank_you: pos = [0,0]
1.728	EXP	thank_you: size = undefined
1.728	EXP	thank_you: text = "This is the end of the experiment.\n\nPlease do NOT close this window until you have been redirected to the debrief page. \n\nPlease wait for the message “Thank you for your patience” to appear and then click OK to continue to the debrief page.\n\nYou must go to the debrief page in order for your participation to be recorded."
1.728	EXP	thank_you: font = "Courier New"
1.728	EXP	thank_you: color = {"_hex":"#000000","_rgb":[0,0,0]}
1.728	EXP	thank_you: contrast = 1
1.728	EXP	thank_you: height = 1
1.728	EXP	thank_you: bold = false
1.728	EXP	thank_you: italic = false
1.728	EXP	thank_you: alignHoriz = "left"
1.728	EXP	thank_you: alignVert = "center"
1.728	EXP	thank_you: wrapWidth = 1
1.728	EXP	thank_you: flipHoriz = false
1.728	EXP	thank_you: flipVert = false
1.728	EXP	instructions: text = "INSTRUCTIONS\r\nAt the start of each trial, look at the hash marks (######) in the center of the screen. After a moment, a string of letters will appear. Your task is to indicate if the letter string forms a word or not (i.e., if it is a nonword). For example, AUTHOR is a word while AUTHON is a nonword.\r\n\r\nPress the space bar or touch the button below to continue."
1.728	EXP	instructions_image: image = undefined
1.728	EXP	instructions: autoDraw = true
1.728	EXP	instr_done_button: autoDraw = true
1.728	EXP	instr_done_label: autoDraw = true
2.726	DATA	Mouse: wheel shift=(0,-3), pos=(995,1001)
2.875	DATA	Mouse: 0 button down, pos=(996,1005)
2.896	EXP	instructions: autoDraw = false
2.896	EXP	instr_done_button: autoDraw = false
2.896	EXP	instr_done_label: autoDraw = false
2.896	EXP	instructions_image: autoDraw = false
2.896	EXP	instructions: text = "If your device has a keyboard, press the 'Z' key for nonwords and the 'M' key for words.\r\n\r\n\r\n\r\n\r\n\r\nPress the space bar or touch the button below to continue."
2.896	EXP	instructions_image: image = {}
2.896	EXP	instructions: autoDraw = true
2.896	EXP	instr_done_button: autoDraw = true
2.896	EXP	instr_done_label: autoDraw = true
2.896	EXP	instructions_image: autoDraw = true
2.942	DATA	Mouse: 0 button down, pos=(996,1005)
3.4189999999999996	DATA	Mouse: 0 button down, pos=(982,981)
3.4560000000000004	EXP	instructions: autoDraw = false
3.4560000000000004	EXP	instr_done_button: autoDraw = false
3.4560000000000004	EXP	instr_done_label: autoDraw = false
3.4560000000000004	EXP	instructions_image: autoDraw = false
3.4560000000000004	EXP	instructions: text = "If you are using a touchscreen only device, use the buttons on the screen. Do not use the mouse.\r\n\r\n\r\n\r\n\r\n\r\nPress the space bar or touch the button below to continue."
3.4560000000000004	EXP	instructions_image: image = {}
3.4560000000000004	EXP	instructions: autoDraw = true
3.4560000000000004	EXP	instr_done_button: autoDraw = true
3.4560000000000004	EXP	instr_done_label: autoDraw = true
3.4560000000000004	EXP	instructions_image: autoDraw = true
3.5039999999999996	DATA	Mouse: 0 button down, pos=(982,981)
5.192	DATA	Mouse: 0 button down, pos=(978,974)
5.2059999999999995	EXP	instructions: autoDraw = false
5.2059999999999995	EXP	instr_done_button: autoDraw = false
5.2059999999999995	EXP	instr_done_label: autoDraw = false
5.2059999999999995	EXP	instructions_image: autoDraw = false
5.2059999999999995	EXP	instructions: text = "It is very important that you respond as quickly and accurately as possible, as each letter string will only be on the screen for two seconds. If you do not respond within this time, the message 'Too slow!' will be displayed and the experiment will progress to the next letter string. The first 20 trials will be practice trials and you will receive feedback on your answers. \r\n\r\nPress the space bar or touch the button below to start the practice trials."
5.2059999999999995	EXP	instructions_image: image = undefined
5.2059999999999995	EXP	instructions: autoDraw = true
5.2059999999999995	EXP	instr_done_button: autoDraw = true
5.2059999999999995	EXP	instr_done_label: autoDraw = true
5.285	DATA	Mouse: 0 button down, pos=(978,974)
6.689	DATA	Mouse: 0 button down, pos=(937,961)
6.761	EXP	instructions: autoDraw = false
6.761	EXP	instr_done_button: autoDraw = false
6.761	EXP	instr_done_label: autoDraw = false
6.761	EXP	instructions_image: autoDraw = false
6.761	EXP	prime_text: text = "mushed"
6.761	EXP	target: text = "WHAISE"
6.761	EXP	target: font = "Courier New"
6.761	EXP	fixation_mask: autoDraw = true
6.761	EXP	button_left: autoDraw = true
6.761	EXP	button_right: autoDraw = true
6.761	EXP	trial_label_right: autoDraw = true
6.761	EXP	trial_label_left_new: autoDraw = true
6.789	DATA	Mouse: 0 button down, pos=(937,961)
7.2509999999999994	EXP	fixation_mask: autoDraw = false
7.27	EXP	prime_text: autoDraw = true
7.302	EXP	prime_text: autoDraw = false
7.319999999999999	EXP	target: autoDraw = true
8.353	DATA	Keydown: m
8.373000000000001	EXP	fixation_mask: autoDraw = false
8.373000000000001	EXP	prime_text: autoDraw = false
8.373000000000001	EXP	target: autoDraw = false
8.373000000000001	EXP	button_left: autoDraw = false
8.373000000000001	EXP	button_right: autoDraw = false
8.373000000000001	EXP	trial_label_right: autoDraw = false
8.373000000000001	EXP	trial_label_left_new: autoDraw = false
8.373000000000001	EXP	feedback_text: color = {"_hex":"#FF0000","_rgb":[1,0,0]}
8.373000000000001	EXP	feedback_text: text = "Incorrect"
8.373000000000001	EXP	feedback_text: autoDraw = true
8.373000000000001	EXP	button_left_2: autoDraw = true
8.373000000000001	EXP	button_right_2: autoDraw = true
8.373000000000001	EXP	trial_label_left_2: autoDraw = true
8.373000000000001	EXP	trial_label_right_2: autoDraw = true
8.868	EXP	feedback_text: autoDraw = false
8.868	EXP	button_left_2: autoDraw = false
8.868	EXP	button_right_2: autoDraw = false
8.868	EXP	trial_label_left_2: autoDraw = false
8.868	EXP	trial_label_right_2: autoDraw = false
8.868	EXP	feedback_text: autoDraw = false
8.868	EXP	button_left_2: autoDraw = false
8.868	EXP	button_right_2: autoDraw = false
8.868	EXP	trial_label_left_2: autoDraw = false
8.868	EXP	trial_label_right_2: autoDraw = false
8.868	EXP	prime_text: text = "utopia"
8.868	EXP	target: text = "UTOPIA"
8.868	EXP	target: font = "Courier New"
8.868	EXP	fixation_mask: autoDraw = true
8.868	EXP	button_left: autoDraw = true
8.868	EXP	button_right: autoDraw = true
8.868	EXP	trial_label_right: autoDraw = true
8.868	EXP	trial_label_left_new: autoDraw = true
9.369	EXP	fixation_mask: autoDraw = false
9.387	EXP	prime_text: autoDraw = true
9.401	EXP	prime_text: autoDraw = false
9.42	EXP	target: autoDraw = true
11.403	EXP	target: autoDraw = false
11.403	EXP	button_left: autoDraw = false
11.403	EXP	button_right: autoDraw = false
11.403	EXP	trial_label_right: autoDraw = false
11.403	EXP	trial_label_left_new: autoDraw = false
11.403	EXP	fixation_mask: autoDraw = false
11.403	EXP	prime_text: autoDraw = false
11.403	EXP	target: autoDraw = false
11.403	EXP	button_left: autoDraw = false
11.403	EXP	button_right: autoDraw = false
11.403	EXP	trial_label_right: autoDraw = false
11.403	EXP	trial_label_left_new: autoDraw = false
11.403	EXP	feedback_text: color = {"_hex":"#000000","_rgb":[0,0,0]}
11.403	EXP	feedback_text: text = "Too slow!"
11.403	EXP	feedback_text: autoDraw = true
11.403	EXP	button_left_2: autoDraw = true
11.403	EXP	button_right_2: autoDraw = true
11.403	EXP	trial_label_left_2: autoDraw = true
11.403	EXP	trial_label_right_2: autoDraw = true
11.901	EXP	feedback_text: autoDraw = false
11.901	EXP	button_left_2: autoDraw = false
11.901	EXP	button_right_2: autoDraw = false
11.901	EXP	trial_label_left_2: autoDraw = false
11.901	EXP	trial_label_right_2: autoDraw = false
11.901	EXP	feedback_text: autoDraw = false
11.901	EXP	button_left_2: autoDraw = false
11.901	EXP	button_right_2: autoDraw = false
11.901	EXP	trial_label_left_2: autoDraw = false
11.901	EXP	trial_label_right_2: autoDraw = false
11.901	EXP	prime_text: text = "almond"
11.901	EXP	target: text = "ALMOND"
11.901	EXP	target: font = "Courier New"
11.901	EXP	fixation_mask: autoDraw = true
11.901	EXP	button_left: autoDraw = true
11.901	EXP	button_right: autoDraw = true
11.901	EXP	trial_label_right: autoDraw = true
11.901	EXP	trial_label_left_new: autoDraw = true
12.241000000000001	DATA	Keydown: m
12.401	EXP	fixation_mask: autoDraw = false
12.419	EXP	prime_text: autoDraw = true
12.455	EXP	prime_text: autoDraw = false
12.455	EXP	target: autoDraw = true
13.809000000000001	DATA	Keydown: m
13.819	EXP	fixation_mask: autoDraw = false
13.819	EXP	prime_text: autoDraw = false
13.819	EXP	target: autoDraw = false
13.819	EXP	button_left: autoDraw = false
13.819	EXP	button_right: autoDraw = false
13.819	EXP	trial_label_right: autoDraw = false
13.819	EXP	trial_label_left_new: autoDraw = false
13.819	EXP	feedback_text: color = {"_hex":"#008000","_rgb":[0,0.5019607843137255,0]}
13.819	EXP	feedback_text: text = "Correct"
13.819	EXP	feedback_text: autoDraw = true
13.819	EXP	button_left_2: autoDraw = true
13.819	EXP	button_right_2: autoDraw = true
13.819	EXP	trial_label_left_2: autoDraw = true
13.819	EXP	trial_label_right_2: autoDraw = true
14.318000000000001	EXP	feedback_text: autoDraw = false
14.318000000000001	EXP	button_left_2: autoDraw = false
14.318000000000001	EXP	button_right_2: autoDraw = false
14.318000000000001	EXP	trial_label_left_2: autoDraw = false
14.318000000000001	EXP	trial_label_right_2: autoDraw = false
14.318000000000001	EXP	feedback_text: autoDraw = false
14.318000000000001	EXP	button_left_2: autoDraw = false
14.318000000000001	EXP	button_right_2: autoDraw = false
14.318000000000001	EXP	trial_label_left_2: autoDraw = false
14.318000000000001	EXP	trial_label_right_2: autoDraw = false
14.318000000000001	EXP	prime_text: text = "frenzy"
14.318000000000001	EXP	target: text = "OBTAIN"
14.318000000000001	EXP	target: font = "Courier New"
14.318000000000001	EXP	fixation_mask: autoDraw = true
14.318000000000001	EXP	button_left: autoDraw = true
14.318000000000001	EXP	button_right: autoDraw = true
14.318000000000001	EXP	trial_label_right: autoDraw = true
14.318000000000001	EXP	trial_label_left_new: autoDraw = true
14.818000000000001	EXP	fixation_mask: autoDraw = false
14.836	EXP	prime_text: autoDraw = true
14.850000000000001	EXP	prime_text: autoDraw = false
14.870000000000001	EXP	target: autoDraw = true
15.385	DATA	Keydown: m
15.402000000000001	EXP	fixation_mask: autoDraw = false
15.402000000000001	EXP	prime_text: autoDraw = false
15.402000000000001	EXP	target: autoDraw = false
15.402000000000001	EXP	button_left: autoDraw = false
15.402000000000001	EXP	button_right: autoDraw = false
15.402000000000001	EXP	trial_label_right: autoDraw = false
15.402000000000001	EXP	trial_label_left_new: autoDraw = false
15.402000000000001	EXP	feedback_text: color = {"_hex":"#008000","_rgb":[0,0.5019607843137255,0]}
15.402000000000001	EXP	feedback_text: text = "Correct"
15.402000000000001	EXP	feedback_text: autoDraw = true
15.402000000000001	EXP	button_left_2: autoDraw = true
15.402000000000001	EXP	button_right_2: autoDraw = true
15.402000000000001	EXP	trial_label_left_2: autoDraw = true
15.402000000000001	EXP	trial_label_right_2: autoDraw = true
15.902	EXP	feedback_text: autoDraw = false
15.902	EXP	button_left_2: autoDraw = false
15.902	EXP	button_right_2: autoDraw = false
15.902	EXP	trial_label_left_2: autoDraw = false
15.902	EXP	trial_label_right_2: autoDraw = false
15.902	EXP	feedback_text: autoDraw = false
15.902	EXP	button_left_2: autoDraw = false
15.902	EXP	button_right_2: autoDraw = false
15.902	EXP	trial_label_left_2: autoDraw = false
15.902	EXP	trial_label_right_2: autoDraw = false
15.902	EXP	prime_text: text = "winfer"
15.902	EXP	target: text = "ROUPET"
15.902	EXP	target: font = "Courier New"
15.902	EXP	fixation_mask: autoDraw = true
15.902	EXP	button_left: autoDraw = true
15.902	EXP	button_right: autoDraw = true
15.902	EXP	trial_label_right: autoDraw = true
15.902	EXP	trial_label_left_new: autoDraw = true
16.401	EXP	fixation_mask: autoDraw = false
16.419	EXP	prime_text: autoDraw = true
16.433999999999997	EXP	prime_text: autoDraw = false
16.453	EXP	target: autoDraw = true
16.651999999999997	DATA	Keydown: l
17.735	DATA	Keydown: z
17.752	EXP	fixation_mask: autoDraw = false
17.752	EXP	prime_text: autoDraw = false
17.752	EXP	target: autoDraw = false
17.752	EXP	button_left: autoDraw = false
17.752	EXP	button_right: autoDraw = false
17.752	EXP	trial_label_right: autoDraw = false
17.752	EXP	trial_label_left_new: autoDraw = false
17.752	EXP	feedback_text: color = {"_hex":"#008000","_rgb":[0,0.5019607843137255,0]}
17.752	EXP	feedback_text: text = "Correct"
17.752	EXP	feedback_text: autoDraw = true
17.752	EXP	button_left_2: autoDraw = true
17.752	EXP	button_right_2: autoDraw = true
17.752	EXP	trial_label_left_2: autoDraw = true
17.752	EXP	trial_label_right_2: autoDraw = true
18.250999999999998	EXP	feedback_text: autoDraw = false
18.250999999999998	EXP	button_left_2: autoDraw = false
18.250999999999998	EXP	button_right_2: autoDraw = false
18.250999999999998	EXP	trial_label_left_2: autoDraw = false
18.250999999999998	EXP	trial_label_right_2: autoDraw = false
18.250999999999998	EXP	feedback_text: autoDraw = false
18.250999999999998	EXP	button_left_2: autoDraw = false
18.250999999999998	EXP	button_right_2: autoDraw = false
18.250999999999998	EXP	trial_label_left_2: autoDraw = false
18.250999999999998	EXP	trial_label_right_2: autoDraw = false
18.250999999999998	EXP	prime_text: text = "hurdle"
18.250999999999998	EXP	target: text = "VOLUME"
18.250999999999998	EXP	target: font = "Courier New"
18.250999999999998	EXP	fixation_mask: autoDraw = true
18.250999999999998	EXP	button_left: autoDraw = true
18.250999999999998	EXP	button_right: autoDraw = true
18.250999999999998	EXP	trial_label_right: autoDraw = true
18.250999999999998	EXP	trial_label_left_new: autoDraw = true
18.753	EXP	fixation_mask: autoDraw = false
18.753	EXP	prime_text: autoDraw = true
18.802	EXP	prime_text: autoDraw = false
18.802	EXP	target: autoDraw = true
19.168	DATA	Mouse: 0 button down, pos=(576,906)
19.186	EXP	fixation_mask: autoDraw = false
19.186	EXP	prime_text: autoDraw = false
19.186	EXP	target: autoDraw = false
19.186	EXP	button_left: autoDraw = false
19.186	EXP	button_right: autoDraw = false
19.186	EXP	trial_label_right: autoDraw = false
19.186	EXP	trial_label_left_new: autoDraw = false
19.186	EXP	feedback_text: color = {"_hex":"#FF0000","_rgb":[1,0,0]}
19.186	EXP	feedback_text: text = "Incorrect"
19.186	EXP	feedback_text: autoDraw = true
19.186	EXP	button_left_2: autoDraw = true
19.186	EXP	button_right_2: autoDraw = true
19.186	EXP	trial_label_left_2: autoDraw = true
19.186	EXP	trial_label_right_2: autoDraw = true
19.252	DATA	Mouse: 0 button down, pos=(576,906)
19.683999999999997	EXP	feedback_text: autoDraw = false
19.683999999999997	EXP	button_left_2: autoDraw = false
19.683999999999997	EXP	button_right_2: autoDraw = false
19.683999999999997	EXP	trial_label_left_2: autoDraw = false
19.683999999999997	EXP	trial_label_right_2: autoDraw = false
19.683999999999997	EXP	feedback_text: autoDraw = false
19.683999999999997	EXP	button_left_2: autoDraw = false
19.683999999999997	EXP	button_right_2: autoDraw = false
19.683999999999997	EXP	trial_label_left_2: autoDraw = false
19.683999999999997	EXP	trial_label_right_2: autoDraw = false
19.683999999999997	EXP	prime_text: text = "adveil"
19.683999999999997	EXP	target: text = "SPRINY"
19.683999999999997	EXP	target: font = "Courier New"
19.683999999999997	EXP	fixation_mask: autoDraw = true
19.683999999999997	EXP	button_left: autoDraw = true
19.683999999999997	EXP	button_right: autoDraw = true
19.683999999999997	EXP	trial_label_right: autoDraw = true
19.683999999999997	EXP	trial_label_left_new: autoDraw = true
20.183999999999997	EXP	fixation_mask: autoDraw = false
20.203	EXP	prime_text: autoDraw = true
20.217	EXP	prime_text: autoDraw = false
20.235999999999997	EXP	target: autoDraw = true
21.235	DATA	Mouse: 0 button down, pos=(595,853)
21.252	EXP	fixation_mask: autoDraw = false
21.252	EXP	prime_text: autoDraw = false
21.252	EXP	target: autoDraw = false
21.252	EXP	button_left: autoDraw = false
21.252	EXP	button_right: autoDraw = false
21.252	EXP	trial_label_right: autoDraw = false
21.252	EXP	trial_label_left_new: autoDraw = false
21.252	EXP	feedback_text: color = {"_hex":"#008000","_rgb":[0,0.5019607843137255,0]}
21.252	EXP	feedback_text: text = "Correct"
21.252	EXP	feedback_text: autoDraw = true
21.252	EXP	button_left_2: autoDraw = true
21.252	EXP	button_right_2: autoDraw = true
21.252	EXP	trial_label_left_2: autoDraw = true
21.252	EXP	trial_label_right_2: autoDraw = true
21.301	DATA	Mouse: 0 button down, pos=(595,853)
21.750999999999998	EXP	feedback_text: autoDraw = false
21.750999999999998	EXP	button_left_2: autoDraw = false
21.750999999999998	EXP	button_right_2: autoDraw = false
21.750999999999998	EXP	trial_label_left_2: autoDraw = false
21.750999999999998	EXP	trial_label_right_2: autoDraw = false
21.750999999999998	EXP	feedback_text: autoDraw = false
21.750999999999998	EXP	button_left_2: autoDraw = false
21.750999999999998	EXP	button_right_2: autoDraw = false
21.750999999999998	EXP	trial_label_left_2: autoDraw = false
21.750999999999998	EXP	trial_label_right_2: autoDraw = false
21.750999999999998	EXP	prime_text: text = "miaber"
21.750999999999998	EXP	target: text = "THRALE"
21.750999999999998	EXP	target: font = "Courier New"
21.750999999999998	EXP	fixation_mask: autoDraw = true
21.750999999999998	EXP	button_left: autoDraw = true
21.750999999999998	EXP	button_right: autoDraw = true
21.750999999999998	EXP	trial_label_right: autoDraw = true
21.750999999999998	EXP	trial_label_left_new: autoDraw = true
22.250999999999998	EXP	fixation_mask: autoDraw = false
22.27	EXP	prime_text: autoDraw = true
22.304	EXP	prime_text: autoDraw = false
22.304	EXP	target: autoDraw = true
22.820999999999998	DATA	Mouse: 0 button down, pos=(627,848)
22.837	EXP	fixation_mask: autoDraw = false
22.837	EXP	prime_text: autoDraw = false
22.837	EXP	target: autoDraw = false
22.837	EXP	button_left: autoDraw = false
22.837	EXP	button_right: autoDraw = false
22.837	EXP	trial_label_right: autoDraw = false
22.837	EXP	trial_label_left_new: autoDraw = false
22.837	EXP	feedback_text: color = {"_hex":"#008000","_rgb":[0,0.5019607843137255,0]}
22.837	EXP	feedback_text: text = "Correct"
22.837	EXP	feedback_text: autoDraw = true
22.837	EXP	button_left_2: autoDraw = true
22.837	EXP	button_right_2: autoDraw = true
22.837	EXP	trial_label_left_2: autoDraw = true
22.837	EXP	trial_label_right_2: autoDraw = true
22.903	DATA	Mouse: 0 button down, pos=(627,848)
23.334999999999997	EXP	feedback_text: autoDraw = false
23.334999999999997	EXP	button_left_2: autoDraw = false
23.334999999999997	EXP	button_right_2: autoDraw = false
23.334999999999997	EXP	trial_label_left_2: autoDraw = false
23.334999999999997	EXP	trial_label_right_2: autoDraw = false
23.334999999999997	EXP	feedback_text: autoDraw = false
23.334999999999997	EXP	button_left_2: autoDraw = false
23.334999999999997	EXP	button_right_2: autoDraw = false
23.334999999999997	EXP	trial_label_left_2: autoDraw = false
23.334999999999997	EXP	trial_label_right_2: autoDraw = false
23.334999999999997	EXP	prime_text: text = "rashet"
23.334999999999997	EXP	target: text = "RASHET"
23.334999999999997	EXP	target: font = "Courier New"
23.334999999999997	EXP	fixation_mask: autoDraw = true
23.334999999999997	EXP	button_left: autoDraw = true
23.334999999999997	EXP	button_right: autoDraw = true
23.334999999999997	EXP	trial_label_right: autoDraw = true
23.334999999999997	EXP	trial_label_left_new: autoDraw = true
23.769	DATA	Mouse: wheel shift=(3,0), pos=(538,834)
23.834	EXP	fixation_mask: autoDraw = false
23.854	EXP	prime_text: autoDraw = true
23.884999999999998	EXP	prime_text: autoDraw = false
23.903	EXP	target: autoDraw = true
24.476	DATA	Mouse: 0 button down, pos=(537,844)
24.485999999999997	EXP	fixation_mask: autoDraw = false
24.485999999999997	EXP	prime_text: autoDraw = false
24.485999999999997	EXP	target: autoDraw = false
24.485999999999997	EXP	button_left: autoDraw = false
24.485999999999997	EXP	button_right: autoDraw = false
24.485999999999997	EXP	trial_label_right: autoDraw = false
24.485999999999997	EXP	trial_label_left_new: autoDraw = false
24.485999999999997	EXP	feedback_text: color = {"_hex":"#008000","_rgb":[0,0.5019607843137255,0]}
24.485999999999997	EXP	feedback_text: text = "Correct"
24.485999999999997	EXP	feedback_text: autoDraw = true
24.485999999999997	EXP	button_left_2: autoDraw = true
24.485999999999997	EXP	button_right_2: autoDraw = true
24.485999999999997	EXP	trial_label_left_2: autoDraw = true
24.485999999999997	EXP	trial_label_right_2: autoDraw = true
24.552999999999997	DATA	Mouse: 0 button down, pos=(539,845)
24.985	EXP	feedback_text: autoDraw = false
24.985	EXP	button_left_2: autoDraw = false
24.985	EXP	button_right_2: autoDraw = false
24.985	EXP	trial_label_left_2: autoDraw = false
24.985	EXP	trial_label_right_2: autoDraw = false
24.985	EXP	feedback_text: autoDraw = false
24.985	EXP	button_left_2: autoDraw = false
24.985	EXP	button_right_2: autoDraw = false
24.985	EXP	trial_label_left_2: autoDraw = false
24.985	EXP	trial_label_right_2: autoDraw = false
24.985	EXP	prime_text: text = "adjust"
24.985	EXP	target: text = "ADJUST"
24.985	EXP	target: font = "Courier New"
24.985	EXP	fixation_mask: autoDraw = true
24.985	EXP	button_left: autoDraw = true
24.985	EXP	button_right: autoDraw = true
24.985	EXP	trial_label_right: autoDraw = true
24.985	EXP	trial_label_left_new: autoDraw = true
25.483999999999998	EXP	fixation_mask: autoDraw = false
25.502	EXP	prime_text: autoDraw = true
25.52	EXP	prime_text: autoDraw = false
25.52	EXP	target: autoDraw = true
26.029	DATA	Mouse: 0 button down, pos=(539,846)
26.041	EXP	fixation_mask: autoDraw = false
26.041	EXP	prime_text: autoDraw = false
26.041	EXP	target: autoDraw = false
26.041	EXP	button_left: autoDraw = false
26.041	EXP	button_right: autoDraw = false
26.041	EXP	trial_label_right: autoDraw = false
26.041	EXP	trial_label_left_new: autoDraw = false
26.041	EXP	feedback_text: color = {"_hex":"#FF0000","_rgb":[1,0,0]}
26.041	EXP	feedback_text: text = "Incorrect"
26.041	EXP	feedback_text: autoDraw = true
26.041	EXP	button_left_2: autoDraw = true
26.041	EXP	button_right_2: autoDraw = true
26.041	EXP	trial_label_left_2: autoDraw = true
26.041	EXP	trial_label_right_2: autoDraw = true
26.105999999999998	DATA	Mouse: 0 button down, pos=(541,847)
26.535	EXP	feedback_text: autoDraw = false
26.535	EXP	button_left_2: autoDraw = false
26.535	EXP	button_right_2: autoDraw = false
26.535	EXP	trial_label_left_2: autoDraw = false
26.535	EXP	trial_label_right_2: autoDraw = false
26.535	EXP	feedback_text: autoDraw = false
26.535	EXP	button_left_2: autoDraw = false
26.535	EXP	button_right_2: autoDraw = false
26.535	EXP	trial_label_left_2: autoDraw = false
26.535	EXP	trial_label_right_2: autoDraw = false
26.535	EXP	prime_text: text = "inlade"
26.535	EXP	target: text = "INLADE"
26.535	EXP	target: font = "Courier New"
26.535	EXP	fixation_mask: autoDraw = true
26.535	EXP	button_left: autoDraw = true
26.535	EXP	button_right: autoDraw = true
26.535	EXP	trial_label_right: autoDraw = true
26.535	EXP	trial_label_left_new: autoDraw = true
27.034	EXP	fixation_mask: autoDraw = false
27.052999999999997	EXP	prime_text: autoDraw = true
27.084999999999997	EXP	prime_text: autoDraw = false
27.102999999999998	EXP	target: autoDraw = true
27.384999999999998	DATA	Mouse: 0 button down, pos=(1436,916)
27.404	EXP	fixation_mask: autoDraw = false
27.404	EXP	prime_text: autoDraw = false
27.404	EXP	target: autoDraw = false
27.404	EXP	button_left: autoDraw = false
27.404	EXP	button_right: autoDraw = false
27.404	EXP	trial_label_right: autoDraw = false
27.404	EXP	trial_label_left_new: autoDraw = false
27.404	EXP	feedback_text: color = {"_hex":"#FF0000","_rgb":[1,0,0]}
27.404	EXP	feedback_text: text = "Incorrect"
27.404	EXP	feedback_text: autoDraw = true
27.404	EXP	button_left_2: autoDraw = true
27.404	EXP	button_right_2: autoDraw = true
27.404	EXP	trial_label_left_2: autoDraw = true
27.404	EXP	trial_label_right_2: autoDraw = true
27.451	DATA	Mouse: 0 button down, pos=(1436,916)
27.904	EXP	feedback_text: autoDraw = false
27.904	EXP	button_left_2: autoDraw = false
27.904	EXP	button_right_2: autoDraw = false
27.904	EXP	trial_label_left_2: autoDraw = false
27.904	EXP	trial_label_right_2: autoDraw = false
27.904	EXP	feedback_text: autoDraw = false
27.904	EXP	button_left_2: autoDraw = false
27.904	EXP	button_right_2: autoDraw = false
27.904	EXP	trial_label_left_2: autoDraw = false
27.904	EXP	trial_label_right_2: autoDraw = false
27.904	EXP	prime_text: text = "matrix"
27.904	EXP	target: text = "MATRIX"
27.904	EXP	target: font = "Courier New"
27.904	EXP	fixation_mask: autoDraw = true
27.904	EXP	button_left: autoDraw = true
27.904	EXP	button_right: autoDraw = true
27.904	EXP	trial_label_right: autoDraw = true
27.904	EXP	trial_label_left_new: autoDraw = true
28.201999999999998	DATA	Mouse: 0 button down, pos=(504,871)
28.287	DATA	Mouse: 0 button down, pos=(504,871)
28.4	EXP	fixation_mask: autoDraw = false
28.419	EXP	prime_text: autoDraw = true
28.451	EXP	prime_text: autoDraw = false
28.468999999999998	EXP	target: autoDraw = true
28.651999999999997	DATA	Mouse: 0 button down, pos=(509,871)
28.669	EXP	fixation_mask: autoDraw = false
28.669	EXP	prime_text: autoDraw = false
28.669	EXP	target: autoDraw = false
28.669	EXP	button_left: autoDraw = false
28.669	EXP	button_right: autoDraw = false
28.669	EXP	trial_label_right: autoDraw = false
28.669	EXP	trial_label_left_new: autoDraw = false
28.669	EXP	feedback_text: color = {"_hex":"#FF0000","_rgb":[1,0,0]}
28.669	EXP	feedback_text: text = "Incorrect"
28.669	EXP	feedback_text: autoDraw = true
28.669	EXP	button_left_2: autoDraw = true
28.669	EXP	button_right_2: autoDraw = true
28.669	EXP	trial_label_left_2: autoDraw = true
28.669	EXP	trial_label_right_2: autoDraw = true
28.737	DATA	Mouse: 0 button down, pos=(509,873)
29.166999999999998	EXP	feedback_text: autoDraw = false
29.166999999999998	EXP	button_left_2: autoDraw = false
29.166999999999998	EXP	button_right_2: autoDraw = false
29.166999999999998	EXP	trial_label_left_2: autoDraw = false
29.166999999999998	EXP	trial_label_right_2: autoDraw = false
29.166999999999998	EXP	feedback_text: autoDraw = false
29.166999999999998	EXP	button_left_2: autoDraw = false
29.166999999999998	EXP	button_right_2: autoDraw = false
29.166999999999998	EXP	trial_label_left_2: autoDraw = false
29.166999999999998	EXP	trial_label_right_2: autoDraw = false
29.166999999999998	EXP	prime_text: text = "aslert"
29.166999999999998	EXP	target: text = "ASLERT"
29.166999999999998	EXP	target: font = "Courier New"
29.166999999999998	EXP	fixation_mask: autoDraw = true
29.166999999999998	EXP	button_left: autoDraw = true
29.166999999999998	EXP	button_right: autoDraw = true
29.166999999999998	EXP	trial_label_right: autoDraw = true
29.166999999999998	EXP	trial_label_left_new: autoDraw = true
29.593	DATA	Mouse: 0 button down, pos=(1233,868)
29.669999999999998	EXP	fixation_mask: autoDraw = false
29.669999999999998	EXP	prime_text: autoDraw = true
29.703	EXP	prime_text: autoDraw = false
29.703	EXP	target: autoDraw = true
29.718	DATA	Mouse: 0 button down, pos=(1233,868)
29.936	DATA	Mouse: 0 button down, pos=(1233,868)
29.954	EXP	fixation_mask: autoDraw = false
29.954	EXP	prime_text: autoDraw = false
29.954	EXP	target: autoDraw = false
29.954	EXP	button_left: autoDraw = false
29.954	EXP	button_right: autoDraw = false
29.954	EXP	trial_label_right: autoDraw = false
29.954	EXP	trial_label_left_new: autoDraw = false
29.954	EXP	feedback_text: color = {"_hex":"#FF0000","_rgb":[1,0,0]}
29.954	EXP	feedback_text: text = "Incorrect"
29.954	EXP	feedback_text: autoDraw = true
29.954	EXP	button_left_2: autoDraw = true
29.954	EXP	button_right_2: autoDraw = true
29.954	EXP	trial_label_left_2: autoDraw = true
29.954	EXP	trial_label_right_2: autoDraw = true
30.054	DATA	Mouse: 0 button down, pos=(1233,868)
30.455	EXP	feedback_text: autoDraw = false
30.455	EXP	button_left_2: autoDraw = false
30.455	EXP	button_right_2: autoDraw = false
30.455	EXP	trial_label_left_2: autoDraw = false
30.455	EXP	trial_label_right_2: autoDraw = false
30.455	EXP	feedback_text: autoDraw = false
30.455	EXP	button_left_2: autoDraw = false
30.455	EXP	button_right_2: autoDraw = false
30.455	EXP	trial_label_left_2: autoDraw = false
30.455	EXP	trial_label_right_2: autoDraw = false
30.455	EXP	prime_text: text = "tropic"
30.455	EXP	target: text = "ZOMBIE"
30.455	EXP	target: font = "Courier New"
30.455	EXP	fixation_mask: autoDraw = true
30.455	EXP	button_left: autoDraw = true
30.455	EXP	button_right: autoDraw = true
30.455	EXP	trial_label_right: autoDraw = true
30.455	EXP	trial_label_left_new: autoDraw = true
30.951999999999998	EXP	fixation_mask: autoDraw = false
30.97	EXP	prime_text: autoDraw = true
31.000999999999998	EXP	prime_text: autoDraw = false
31.019	EXP	target: autoDraw = true
31.169	DATA	Mouse: 0 button down, pos=(701,838)
31.186999999999998	EXP	fixation_mask: autoDraw = false
31.186999999999998	EXP	prime_text: autoDraw = false
31.186999999999998	EXP	target: autoDraw = false
31.186999999999998	EXP	button_left: autoDraw = false
31.186999999999998	EXP	button_right: autoDraw = false
31.186999999999998	EXP	trial_label_right: autoDraw = false
31.186999999999998	EXP	trial_label_left_new: autoDraw = false
31.186999999999998	EXP	feedback_text: color = {"_hex":"#FF0000","_rgb":[1,0,0]}
31.186999999999998	EXP	feedback_text: text = "Incorrect"
31.186999999999998	EXP	feedback_text: autoDraw = true
31.186999999999998	EXP	button_left_2: autoDraw = true
31.186999999999998	EXP	button_right_2: autoDraw = true
31.186999999999998	EXP	trial_label_left_2: autoDraw = true
31.186999999999998	EXP	trial_label_right_2: autoDraw = true
31.256999999999998	DATA	Mouse: 0 button down, pos=(701,838)
31.683999999999997	EXP	feedback_text: autoDraw = false
31.683999999999997	EXP	button_left_2: autoDraw = false
31.683999999999997	EXP	button_right_2: autoDraw = false
31.683999999999997	EXP	trial_label_left_2: autoDraw = false
31.683999999999997	EXP	trial_label_right_2: autoDraw = false
31.683999999999997	EXP	feedback_text: autoDraw = false
31.683999999999997	EXP	button_left_2: autoDraw = false
31.683999999999997	EXP	button_right_2: autoDraw = false
31.683999999999997	EXP	trial_label_left_2: autoDraw = false
31.683999999999997	EXP	trial_label_right_2: autoDraw = false
31.683999999999997	EXP	prime_text: text = "abound"
31.683999999999997	EXP	target: text = "SQUEAK"
31.683999999999997	EXP	target: font = "Courier New"
31.683999999999997	EXP	fixation_mask: autoDraw = true
31.683999999999997	EXP	button_left: autoDraw = true
31.683999999999997	EXP	button_right: autoDraw = true
31.683999999999997	EXP	trial_label_right: autoDraw = true
31.683999999999997	EXP	trial_label_left_new: autoDraw = true
32.102	DATA	Mouse: 0 button down, pos=(701,838)
32.184	EXP	fixation_mask: autoDraw = false
32.202999999999996	EXP	prime_text: autoDraw = true
32.219	EXP	prime_text: autoDraw = false
32.219	EXP	target: autoDraw = true
32.225	DATA	Mouse: 0 button down, pos=(701,838)
33.038	DATA	Mouse: 0 button down, pos=(1434,855)
33.052	EXP	fixation_mask: autoDraw = false
33.052	EXP	prime_text: autoDraw = false
33.052	EXP	target: autoDraw = false
33.052	EXP	button_left: autoDraw = false
33.052	EXP	button_right: autoDraw = false
33.052	EXP	trial_label_right: autoDraw = false
33.052	EXP	trial_label_left_new: autoDraw = false
33.052	EXP	feedback_text: color = {"_hex":"#008000","_rgb":[0,0.5019607843137255,0]}
33.052	EXP	feedback_text: text = "Correct"
33.052	EXP	feedback_text: autoDraw = true
33.052	EXP	button_left_2: autoDraw = true
33.052	EXP	button_right_2: autoDraw = true
33.052	EXP	trial_label_left_2: autoDraw = true
33.052	EXP	trial_label_right_2: autoDraw = true
33.126	DATA	Mouse: 0 button down, pos=(1434,855)
33.551	EXP	feedback_text: autoDraw = false
33.551	EXP	button_left_2: autoDraw = false
33.551	EXP	button_right_2: autoDraw = false
33.551	EXP	trial_label_left_2: autoDraw = false
33.551	EXP	trial_label_right_2: autoDraw = false
33.551	EXP	feedback_text: autoDraw = false
33.551	EXP	button_left_2: autoDraw = false
33.551	EXP	button_right_2: autoDraw = false
33.551	EXP	trial_label_left_2: autoDraw = false
33.551	EXP	trial_label_right_2: autoDraw = false
33.551	EXP	prime_text: text = "fariny"
33.551	EXP	target: text = "FARINY"
33.551	EXP	target: font = "Courier New"
33.551	EXP	fixation_mask: autoDraw = true
33.551	EXP	button_left: autoDraw = true
33.551	EXP	button_right: autoDraw = true
33.551	EXP	trial_label_right: autoDraw = true
33.551	EXP	trial_label_left_new: autoDraw = true
34.05	EXP	fixation_mask: autoDraw = false
34.07	EXP	prime_text: autoDraw = true
34.083999999999996	EXP	prime_text: autoDraw = false
34.102	EXP	target: autoDraw = true
36.086	EXP	target: autoDraw = false
36.086	EXP	button_left: autoDraw = false
36.086	EXP	button_right: autoDraw = false
36.086	EXP	trial_label_right: autoDraw = false
36.086	EXP	trial_label_left_new: autoDraw = false
36.086	EXP	fixation_mask: autoDraw = false
36.086	EXP	prime_text: autoDraw = false
36.086	EXP	target: autoDraw = false
36.086	EXP	button_left: autoDraw = false
36.086	EXP	button_right: autoDraw = false
36.086	EXP	trial_label_right: autoDraw = false
36.086	EXP	trial_label_left_new: autoDraw = false
36.086	EXP	feedback_text: color = {"_hex":"#000000","_rgb":[0,0,0]}
36.086	EXP	feedback_text: text = "Too slow!"
36.086	EXP	feedback_text: autoDraw = true
36.086	EXP	button_left_2: autoDraw = true
36.086	EXP	button_right_2: autoDraw = true
36.086	EXP	trial_label_left_2: autoDraw = true
36.086	EXP	trial_label_right_2: autoDraw = true
36.621	EXP	feedback_text: autoDraw = false
36.621	EXP	button_left_2: autoDraw = false
36.621	EXP	button_right_2: autoDraw = false
36.621	EXP	trial_label_left_2: autoDraw = false
36.621	EXP	trial_label_right_2: autoDraw = false
36.621	EXP	feedback_text: autoDraw = false
36.621	EXP	button_left_2: autoDraw = false
36.621	EXP	button_right_2: autoDraw = false
36.621	EXP	trial_label_left_2: autoDraw = false
36.621	EXP	trial_label_right_2: autoDraw = false
36.621	EXP	instructions: text = "You have completed the practice trials. During the experimental trials, you will not receive feedback, but it is very important that you respond as quickly and accurately as possible. \r\nBefore you begin, please ensure that you are in a comfortable and quiet location and will not be disturbed for about 25 minutes, as we cannot use your data if you do not complete all the trials. \r\nThere will be opportunities to take breaks at regular intervals during the experiment. When you are ready to start the experimental trials, please press space or touch the button below."
36.621	EXP	instructions_image: image = undefined
36.621	EXP	instructions: autoDraw = true
36.621	EXP	instr_done_button: autoDraw = true
36.621	EXP	instr_done_label: autoDraw = true
36.621	DATA	Mouse: wheel shift=(3,0), pos=(1001,729)
38.108	DATA	Mouse: wheel shift=(-3,0), pos=(771,621)
46.674	DATA	Mouse: 0 button down, pos=(679,729)
46.784	DATA	Mouse: 0 button down, pos=(679,729)
47.369	DATA	Keydown: Escape
