0.10899000003701076	EXP	Created Window = Window( name=Window, fullscr=true, color=#ffffff, units=height, waitBlanking=true, autoLog=true, size=[1920,1013] )
1.5712150000035763	EXP	Created instructions = TextStim( name=instructions, win=Window( name=Window, fullscr=true, color=#ffffff, ~), autoDraw=null, autoLog=true, units=height, ori=null, opacity=1, pos=[0,0], size=undefined, text=default text, font=Courier New, color=#000000, contrast=1, height=0.035, bold=null, italic=null, alignHoriz=left, alignVert=center, wrapWidth=1, flipHoriz=null, flipVert=null )
1.5743549999897368	EXP	Created instr_done_button = Rect( name=instr_done_button, win=Window( name=Window, fullscr=true, color=#ffffff, ~), autoDraw=null, autoLog=true, units=height, ori=null, opacity=1, pos=[0,-0.4], size=[1,1], lineWidth=1, lineColor=#000000, fillColor=#FFFFFF, vertices=[[-0.2,-0.05],[0.2,-0.05],[0.2,0.05],[-0.2,0.05]], closeShape=true, contrast=1, depth=-2, interpolate=true, width=0.4, height=0.1 )
1.574819999979809	EXP	Created instr_done_label = TextStim( name=instr_done_label, win=Window( name=Window, fullscr=true, color=#ffffff, ~), autoDraw=null, autoLog=true, units=height, ori=null, opacity=1, pos=[0,-0.4], size=undefined, text=Continue, font=Courier New, color=#000000, contrast=1, height=0.05, bold=null, italic=null, alignHoriz=left, alignVert=center, wrapWidth=1, flipHoriz=null, flipVert=null )
1.5769900000304915	EXP	Created instructions_image = ImageStim( name=instructions_image, win=Window( name=Window, fullscr=true, color=#ffffff, ~), autoDraw=null, autoLog=true, units=height, ori=null, opacity=1, pos=[0,0], size=[0.4,0.3], image=undefined, mask=undefined, color=#ffffff, contrast=1, texRes=128, interpolate=true, depth=-6, flipHoriz=null, flipVert=null )
1.5777649999945424	EXP	Created fixation_mask = TextStim( name=fixation_mask, win=Window( name=Window, fullscr=true, color=#ffffff, ~), autoDraw=null, autoLog=true, units=height, ori=null, opacity=1, pos=[0,0], size=undefined, text=######, font=Courier New, color=#000000, contrast=1, height=0.1, bold=null, italic=null, alignHoriz=left, alignVert=center, wrapWidth=1, flipHoriz=null, flipVert=null )
1.5784550000098534	EXP	Created prime_text = TextStim( name=prime_text, win=Window( name=Window, fullscr=true, color=#ffffff, ~), autoDraw=null, autoLog=true, units=height, ori=null, opacity=1, pos=[0,0], size=undefined, text=default text, font=Courier New, color=#000000, contrast=1, height=0.1, bold=null, italic=null, alignHoriz=left, alignVert=center, wrapWidth=1, flipHoriz=null, flipVert=null )
1.5791949999984354	EXP	Created target = TextStim( name=target, win=Window( name=Window, fullscr=true, color=#ffffff, ~), autoDraw=null, autoLog=true, units=height, ori=null, opacity=1, pos=[0,0], size=undefined, text=default text, font=Arial, color=#000000, contrast=1, height=0.1, bold=null, italic=null, alignHoriz=left, alignVert=center, wrapWidth=1, flipHoriz=null, flipVert=null )
1.5834049999830313	EXP	Created button_left = Rect( name=button_left, win=Window( name=Window, fullscr=true, color=#ffffff, ~), autoDraw=null, autoLog=true, units=height, ori=null, opacity=1, pos=[-0.4,-0.3], size=[1,1], lineWidth=1, lineColor=#000000, fillColor=#FFFFFF, vertices=[[-0.2,-0.1],[0.2,-0.1],[0.2,0.1],[-0.2,0.1]], closeShape=true, contrast=1, depth=-5, interpolate=true, width=0.4, height=0.2 )
1.5863700000336394	EXP	Created button_right = Rect( name=button_right, win=Window( name=Window, fullscr=true, color=#ffffff, ~), autoDraw=null, autoLog=true, units=height, ori=null, opacity=1, pos=[0.4,-0.3], size=[1,1], lineWidth=1, lineColor=#000000, fillColor=#FFFFFF, vertices=[[-0.2,-0.1],[0.2,-0.1],[0.2,0.1],[-0.2,0.1]], closeShape=true, contrast=1, depth=-6, interpolate=true, width=0.4, height=0.2 )
1.5870650000288151	EXP	Created trial_label_right = TextStim( name=trial_label_right, win=Window( name=Window, fullscr=true, color=#ffffff, ~), autoDraw=null, autoLog=true, units=height, ori=null, opacity=1, pos=[0.4,-0.3], size=undefined, text=M = Word, font=Courier New, color=#000000, contrast=1, height=0.05, bold=null, italic=null, alignHoriz=left, alignVert=center, wrapWidth=1, flipHoriz=null, flipVert=null )
1.5877549999859184	EXP	Created trial_label_left_new = TextStim( name=trial_label_left_new, win=Window( name=Window, fullscr=true, color=#ffffff, ~), autoDraw=null, autoLog=true, units=height, ori=null, opacity=1, pos=[-0.4,-0.3], size=undefined, text=Z = Nonword, font=Courier New, color=#000000, contrast=1, height=0.05, bold=null, italic=null, alignHoriz=left, alignVert=center, wrapWidth=1, flipHoriz=null, flipVert=null )
1.5882299999939278	EXP	Created feedback_text = TextStim( name=feedback_text, win=Window( name=Window, fullscr=true, color=#ffffff, ~), autoDraw=null, autoLog=true, units=height, ori=null, opacity=1, pos=[0,0], size=undefined, text=default text, font=Courier New, color=#FFFFFF, contrast=1, height=0.05, bold=null, italic=null, alignHoriz=left, alignVert=center, wrapWidth=1, flipHoriz=null, flipVert=null )
1.59013500000583	EXP	Created button_left_2 = Rect( name=button_left_2, win=Window( name=Window, fullscr=true, color=#ffffff, ~), autoDraw=null, autoLog=true, units=height, ori=null, opacity=1, pos=[-0.4,-0.3], size=[1,1], lineWidth=1, lineColor=#000000, fillColor=#FFFFFF, vertices=[[-0.2,-0.1],[0.2,-0.1],[0.2,0.1],[-0.2,0.1]], closeShape=true, contrast=1, depth=-2, interpolate=true, width=0.4, height=0.2 )
1.5921000000089407	EXP	Created button_right_2 = Rect( name=button_right_2, win=Window( name=Window, fullscr=true, color=#ffffff, ~), autoDraw=null, autoLog=true, units=height, ori=null, opacity=1, pos=[0.4,-0.3], size=[1,1], lineWidth=1, lineColor=#000000, fillColor=#FFFFFF, vertices=[[-0.2,-0.1],[0.2,-0.1],[0.2,0.1],[-0.2,0.1]], closeShape=true, contrast=1, depth=-3, interpolate=true, width=0.4, height=0.2 )
1.5925050000078045	EXP	Created trial_label_left_2 = TextStim( name=trial_label_left_2, win=Window( name=Window, fullscr=true, color=#ffffff, ~), autoDraw=null, autoLog=true, units=height, ori=null, opacity=1, pos=[-0.4,-0.3], size=undefined, text=Z = Nonword, font=Courier New, color=#000000, contrast=1, height=0.05, bold=null, italic=null, alignHoriz=left, alignVert=center, wrapWidth=1, flipHoriz=null, flipVert=null )
1.5928750000311993	EXP	Created trial_label_right_2 = TextStim( name=trial_label_right_2, win=Window( name=Window, fullscr=true, color=#ffffff, ~), autoDraw=null, autoLog=true, units=height, ori=null, opacity=1, pos=[0.4,-0.3], size=undefined, text=M = Word, font=Courier New, color=#000000, contrast=1, height=0.05, bold=null, italic=null, alignHoriz=left, alignVert=center, wrapWidth=1, flipHoriz=null, flipVert=null )
1.5932199999806471	EXP	Created instructions = TextStim( name=instructions, win=Window( name=Window, fullscr=true, color=#ffffff, ~), autoDraw=null, autoLog=true, units=height, ori=null, opacity=1, pos=[0,0], size=undefined, text=default text, font=Courier New, color=#000000, contrast=1, height=0.035, bold=null, italic=null, alignHoriz=left, alignVert=center, wrapWidth=1, flipHoriz=null, flipVert=null )
1.595610000018496	EXP	Created instr_done_button = Rect( name=instr_done_button, win=Window( name=Window, fullscr=true, color=#ffffff, ~), autoDraw=null, autoLog=true, units=height, ori=null, opacity=1, pos=[0,-0.4], size=[1,1], lineWidth=1, lineColor=#000000, fillColor=#FFFFFF, vertices=[[-0.2,-0.05],[0.2,-0.05],[0.2,0.05],[-0.2,0.05]], closeShape=true, contrast=1, depth=-2, interpolate=true, width=0.4, height=0.1 )
1.5962200000067241	EXP	Created instr_done_label = TextStim( name=instr_done_label, win=Window( name=Window, fullscr=true, color=#ffffff, ~), autoDraw=null, autoLog=true, units=height, ori=null, opacity=1, pos=[0,-0.4], size=undefined, text=Continue, font=Courier New, color=#000000, contrast=1, height=0.05, bold=null, italic=null, alignHoriz=left, alignVert=center, wrapWidth=1, flipHoriz=null, flipVert=null )
1.5977999999886379	EXP	Created instructions_image = ImageStim( name=instructions_image, win=Window( name=Window, fullscr=true, color=#ffffff, ~), autoDraw=null, autoLog=true, units=height, ori=null, opacity=1, pos=[0,0], size=[0.4,0.3], image=undefined, mask=undefined, color=#ffffff, contrast=1, texRes=128, interpolate=true, depth=-6, flipHoriz=null, flipVert=null )
1.598325000028126	EXP	Created fixation_mask = TextStim( name=fixation_mask, win=Window( name=Window, fullscr=true, color=#ffffff, ~), autoDraw=null, autoLog=true, units=height, ori=null, opacity=1, pos=[0,0], size=undefined, text=######, font=Courier New, color=#000000, contrast=1, height=0.1, bold=null, italic=null, alignHoriz=left, alignVert=center, wrapWidth=1, flipHoriz=null, flipVert=null )
1.5988450000295416	EXP	Created prime_text = TextStim( name=prime_text, win=Window( name=Window, fullscr=true, color=#ffffff, ~), autoDraw=null, autoLog=true, units=height, ori=null, opacity=1, pos=[0,0], size=undefined, text=default text, font=Courier New, color=#000000, contrast=1, height=0.1, bold=null, italic=null, alignHoriz=left, alignVert=center, wrapWidth=1, flipHoriz=null, flipVert=null )
1.599625000031665	EXP	Created target = TextStim( name=target, win=Window( name=Window, fullscr=true, color=#ffffff, ~), autoDraw=null, autoLog=true, units=height, ori=null, opacity=1, pos=[0,0], size=undefined, text=default text, font=Arial, color=#000000, contrast=1, height=0.1, bold=null, italic=null, alignHoriz=left, alignVert=center, wrapWidth=1, flipHoriz=null, flipVert=null )
1.604265000030864	EXP	Created button_left = Rect( name=button_left, win=Window( name=Window, fullscr=true, color=#ffffff, ~), autoDraw=null, autoLog=true, units=height, ori=null, opacity=1, pos=[-0.4,-0.3], size=[1,1], lineWidth=1, lineColor=#000000, fillColor=#FFFFFF, vertices=[[-0.2,-0.1],[0.2,-0.1],[0.2,0.1],[-0.2,0.1]], closeShape=true, contrast=1, depth=-5, interpolate=true, width=0.4, height=0.2 )
1.6062750000273809	EXP	Created button_right = Rect( name=button_right, win=Window( name=Window, fullscr=true, color=#ffffff, ~), autoDraw=null, autoLog=true, units=height, ori=null, opacity=1, pos=[0.4,-0.3], size=[1,1], lineWidth=1, lineColor=#000000, fillColor=#FFFFFF, vertices=[[-0.2,-0.1],[0.2,-0.1],[0.2,0.1],[-0.2,0.1]], closeShape=true, contrast=1, depth=-6, interpolate=true, width=0.4, height=0.2 )
1.6068100000265986	EXP	Created trial_label_right = TextStim( name=trial_label_right, win=Window( name=Window, fullscr=true, color=#ffffff, ~), autoDraw=null, autoLog=true, units=height, ori=null, opacity=1, pos=[0.4,-0.3], size=undefined, text=M = Word, font=Courier New, color=#000000, contrast=1, height=0.05, bold=null, italic=null, alignHoriz=left, alignVert=center, wrapWidth=1, flipHoriz=null, flipVert=null )
1.6072799999965355	EXP	Created trial_label_left_new = TextStim( name=trial_label_left_new, win=Window( name=Window, fullscr=true, color=#ffffff, ~), autoDraw=null, autoLog=true, units=height, ori=null, opacity=1, pos=[-0.4,-0.3], size=undefined, text=Z = Nonword, font=Courier New, color=#000000, contrast=1, height=0.05, bold=null, italic=null, alignHoriz=left, alignVert=center, wrapWidth=1, flipHoriz=null, flipVert=null )
1.6077449999866076	EXP	Created feedback_text = TextStim( name=feedback_text, win=Window( name=Window, fullscr=true, color=#ffffff, ~), autoDraw=null, autoLog=true, units=height, ori=null, opacity=1, pos=[0,0], size=undefined, text=default text, font=Courier New, color=#FFFFFF, contrast=1, height=0.05, bold=null, italic=null, alignHoriz=left, alignVert=center, wrapWidth=1, flipHoriz=null, flipVert=null )
1.6092850000131875	EXP	Created button_left_2 = Rect( name=button_left_2, win=Window( name=Window, fullscr=true, color=#ffffff, ~), autoDraw=null, autoLog=true, units=height, ori=null, opacity=1, pos=[-0.4,-0.3], size=[1,1], lineWidth=1, lineColor=#000000, fillColor=#FFFFFF, vertices=[[-0.2,-0.1],[0.2,-0.1],[0.2,0.1],[-0.2,0.1]], closeShape=true, contrast=1, depth=-2, interpolate=true, width=0.4, height=0.2 )
1.6117150000063702	EXP	Created button_right_2 = Rect( name=button_right_2, win=Window( name=Window, fullscr=true, color=#ffffff, ~), autoDraw=null, autoLog=true, units=height, ori=null, opacity=1, pos=[0.4,-0.3], size=[1,1], lineWidth=1, lineColor=#000000, fillColor=#FFFFFF, vertices=[[-0.2,-0.1],[0.2,-0.1],[0.2,0.1],[-0.2,0.1]], closeShape=true, contrast=1, depth=-3, interpolate=true, width=0.4, height=0.2 )
1.6121700000367127	EXP	Created trial_label_left_2 = TextStim( name=trial_label_left_2, win=Window( name=Window, fullscr=true, color=#ffffff, ~), autoDraw=null, autoLog=true, units=height, ori=null, opacity=1, pos=[-0.4,-0.3], size=undefined, text=Z = Nonword, font=Courier New, color=#000000, contrast=1, height=0.05, bold=null, italic=null, alignHoriz=left, alignVert=center, wrapWidth=1, flipHoriz=null, flipVert=null )
1.612554999999702	EXP	Created trial_label_right_2 = TextStim( name=trial_label_right_2, win=Window( name=Window, fullscr=true, color=#ffffff, ~), autoDraw=null, autoLog=true, units=height, ori=null, opacity=1, pos=[0.4,-0.3], size=undefined, text=M = Word, font=Courier New, color=#000000, contrast=1, height=0.05, bold=null, italic=null, alignHoriz=left, alignVert=center, wrapWidth=1, flipHoriz=null, flipVert=null )
1.6130000000121072	EXP	Created break_text = TextStim( name=break_text, win=Window( name=Window, fullscr=true, color=#ffffff, ~), autoDraw=null, autoLog=true, units=height, ori=null, opacity=1, pos=[0,0], size=undefined, text=default text, font=Courier New, color=#000000, contrast=1, height=0.05, bold=null, italic=null, alignHoriz=left, alignVert=center, wrapWidth=1, flipHoriz=null, flipVert=null )
1.6156700000283308	EXP	Created break_done_button = Rect( name=break_done_button, win=Window( name=Window, fullscr=true, color=#ffffff, ~), autoDraw=null, autoLog=true, units=height, ori=null, opacity=1, pos=[0,-0.4], size=[1,1], lineWidth=1, lineColor=#000000, fillColor=#FFFFFF, vertices=[[-0.2,-0.05],[0.2,-0.05],[0.2,0.05],[-0.2,0.05]], closeShape=true, contrast=1, depth=-4, interpolate=true, width=0.4, height=0.1 )
1.6166450000018813	EXP	Created break_done_button_label = TextStim( name=break_done_button_label, win=Window( name=Window, fullscr=true, color=#ffffff, ~), autoDraw=null, autoLog=true, units=height, ori=null, opacity=1, pos=[0,-0.4], size=undefined, text=Continue, font=Courier New, color=#000000, contrast=1, height=0.05, bold=null, italic=null, alignHoriz=left, alignVert=center, wrapWidth=1, flipHoriz=null, flipVert=null )
1.6173650000127964	EXP	Created thank_you = TextStim( name=thank_you, win=Window( name=Window, fullscr=true, color=#ffffff, ~), autoDraw=null, autoLog=true, units=height, ori=null, opacity=1, pos=[0,0], size=undefined, text=This is the end of the experiment.

Please do NOT ~, font=Courier New, color=#000000, contrast=1, height=1, bold=null, italic=null, alignHoriz=left, alignVert=center, wrapWidth=1, flipHoriz=null, flipVert=null )
1.7215800000121817	EXP	instructions: units = "height"
1.7215800000121817	EXP	instructions: ori = 0
1.7215800000121817	EXP	instructions: opacity = 1
1.7215800000121817	EXP	instructions: pos = [0,0]
1.7215800000121817	EXP	instructions: size = undefined
1.7215800000121817	EXP	instructions: text = "default text"
1.7215800000121817	EXP	instructions: font = "Courier New"
1.7215800000121817	EXP	instructions: color = {"_hex":"#000000","_rgb":[0,0,0]}
1.7215800000121817	EXP	instructions: contrast = 1
1.7215800000121817	EXP	instructions: height = 0.035
1.7215800000121817	EXP	instructions: bold = false
1.7215800000121817	EXP	instructions: italic = false
1.7215800000121817	EXP	instructions: alignHoriz = "left"
1.7215800000121817	EXP	instructions: alignVert = "center"
1.7215800000121817	EXP	instructions: wrapWidth = 1
1.7215800000121817	EXP	instructions: flipHoriz = false
1.7215800000121817	EXP	instructions: flipVert = false
1.7215800000121817	EXP	instr_done_button: units = "height"
1.7215800000121817	EXP	instr_done_button: ori = 0
1.7215800000121817	EXP	instr_done_button: opacity = 1
1.7215800000121817	EXP	instr_done_button: pos = [0,-0.4]
1.7215800000121817	EXP	instr_done_button: size = [1,1]
1.7215800000121817	EXP	instr_done_button: lineWidth = 1
1.7215800000121817	EXP	instr_done_button: lineColor = {"_hex":"#000000","_rgb":[0,0,0]}
1.7215800000121817	EXP	instr_done_button: fillColor = {"_hex":"#FFFFFF","_rgb":[1,1,1]}
1.7215800000121817	EXP	instr_done_button: vertices = [[-0.5,0],[0,0.5],[0.5,0]]
1.7215800000121817	EXP	instr_done_button: closeShape = true
1.7215800000121817	EXP	instr_done_button: contrast = 1
1.7215800000121817	EXP	instr_done_button: depth = -2
1.7215800000121817	EXP	instr_done_button: interpolate = true
1.7215800000121817	EXP	instr_done_button: width = 0.4
1.7215800000121817	EXP	instr_done_button: vertices = [[-0.2,null],[0.2,null],[0.2,null],[-0.2,null]]
1.7215800000121817	EXP	instr_done_button: height = 0.1
1.7215800000121817	EXP	instr_done_button: vertices = [[-0.2,-0.05],[0.2,-0.05],[0.2,0.05],[-0.2,0.05]]
1.7215800000121817	EXP	instr_done_button: vertices = [[-0.2,-0.05],[0.2,-0.05],[0.2,0.05],[-0.2,0.05]]
1.7215800000121817	EXP	instr_done_label: units = "height"
1.7215800000121817	EXP	instr_done_label: ori = 0
1.7215800000121817	EXP	instr_done_label: opacity = 1
1.7215800000121817	EXP	instr_done_label: pos = [0,-0.4]
1.7215800000121817	EXP	instr_done_label: size = undefined
1.7215800000121817	EXP	instr_done_label: text = "Continue"
1.7215800000121817	EXP	instr_done_label: font = "Courier New"
1.7215800000121817	EXP	instr_done_label: color = {"_hex":"#000000","_rgb":[0,0,0]}
1.7215800000121817	EXP	instr_done_label: contrast = 1
1.7215800000121817	EXP	instr_done_label: height = 0.05
1.7215800000121817	EXP	instr_done_label: bold = false
1.7215800000121817	EXP	instr_done_label: italic = false
1.7215800000121817	EXP	instr_done_label: alignHoriz = "left"
1.7215800000121817	EXP	instr_done_label: alignVert = "center"
1.7215800000121817	EXP	instr_done_label: wrapWidth = 1
1.7215800000121817	EXP	instr_done_label: flipHoriz = false
1.7215800000121817	EXP	instr_done_label: flipVert = false
1.7215800000121817	EXP	instructions_image: units = "height"
1.7215800000121817	EXP	instructions_image: ori = 0
1.7215800000121817	EXP	instructions_image: opacity = 1
1.7215800000121817	EXP	instructions_image: pos = [0,0]
1.7215800000121817	EXP	instructions_image: size = [0.4,0.3]
1.7215800000121817	EXP	instructions_image: image = undefined
1.7215800000121817	EXP	instructions_image: mask = undefined
1.7215800000121817	EXP	instructions_image: color = {"_rgb":[1,1,1]}
1.7215800000121817	EXP	instructions_image: contrast = 1
1.7215800000121817	EXP	instructions_image: texRes = 128
1.7215800000121817	EXP	instructions_image: interpolate = true
1.7215800000121817	EXP	instructions_image: depth = -6
1.7215800000121817	EXP	instructions_image: flipHoriz = false
1.7215800000121817	EXP	instructions_image: flipVert = false
1.7215800000121817	EXP	fixation_mask: units = "height"
1.7215800000121817	EXP	fixation_mask: ori = 0
1.7215800000121817	EXP	fixation_mask: opacity = 1
1.7215800000121817	EXP	fixation_mask: pos = [0,0]
1.7215800000121817	EXP	fixation_mask: size = undefined
1.7215800000121817	EXP	fixation_mask: text = "######"
1.7215800000121817	EXP	fixation_mask: font = "Courier New"
1.7215800000121817	EXP	fixation_mask: color = {"_hex":"#000000","_rgb":[0,0,0]}
1.7215800000121817	EXP	fixation_mask: contrast = 1
1.7215800000121817	EXP	fixation_mask: height = 0.1
1.7215800000121817	EXP	fixation_mask: bold = false
1.7215800000121817	EXP	fixation_mask: italic = false
1.7215800000121817	EXP	fixation_mask: alignHoriz = "left"
1.7215800000121817	EXP	fixation_mask: alignVert = "center"
1.7215800000121817	EXP	fixation_mask: wrapWidth = 1
1.7215800000121817	EXP	fixation_mask: flipHoriz = false
1.7215800000121817	EXP	fixation_mask: flipVert = false
1.7215800000121817	EXP	prime_text: units = "height"
1.7215800000121817	EXP	prime_text: ori = 0
1.7215800000121817	EXP	prime_text: opacity = 1
1.7215800000121817	EXP	prime_text: pos = [0,0]
1.7215800000121817	EXP	prime_text: size = undefined
1.7215800000121817	EXP	prime_text: text = "default text"
1.7215800000121817	EXP	prime_text: font = "Courier New"
1.7215800000121817	EXP	prime_text: color = {"_hex":"#000000","_rgb":[0,0,0]}
1.7215800000121817	EXP	prime_text: contrast = 1
1.7215800000121817	EXP	prime_text: height = 0.1
1.7215800000121817	EXP	prime_text: bold = false
1.7215800000121817	EXP	prime_text: italic = false
1.7215800000121817	EXP	prime_text: alignHoriz = "left"
1.7215800000121817	EXP	prime_text: alignVert = "center"
1.7215800000121817	EXP	prime_text: wrapWidth = 1
1.7215800000121817	EXP	prime_text: flipHoriz = false
1.7215800000121817	EXP	prime_text: flipVert = false
1.7215800000121817	EXP	target: units = "height"
1.7215800000121817	EXP	target: ori = 0
1.7215800000121817	EXP	target: opacity = 1
1.7215800000121817	EXP	target: pos = [0,0]
1.7215800000121817	EXP	target: size = undefined
1.7215800000121817	EXP	target: text = "default text"
1.7215800000121817	EXP	target: font = "Arial"
1.7215800000121817	EXP	target: color = {"_hex":"#000000","_rgb":[0,0,0]}
1.7215800000121817	EXP	target: contrast = 1
1.7215800000121817	EXP	target: height = 0.1
1.7215800000121817	EXP	target: bold = false
1.7215800000121817	EXP	target: italic = false
1.7215800000121817	EXP	target: alignHoriz = "left"
1.7215800000121817	EXP	target: alignVert = "center"
1.7215800000121817	EXP	target: wrapWidth = 1
1.7215800000121817	EXP	target: flipHoriz = false
1.7215800000121817	EXP	target: flipVert = false
1.7215800000121817	EXP	button_left: units = "height"
1.7215800000121817	EXP	button_left: ori = 0
1.7215800000121817	EXP	button_left: opacity = 1
1.7215800000121817	EXP	button_left: pos = [-0.4,-0.3]
1.7215800000121817	EXP	button_left: size = [1,1]
1.7215800000121817	EXP	button_left: lineWidth = 1
1.7215800000121817	EXP	button_left: lineColor = {"_hex":"#000000","_rgb":[0,0,0]}
1.7215800000121817	EXP	button_left: fillColor = {"_hex":"#FFFFFF","_rgb":[1,1,1]}
1.7215800000121817	EXP	button_left: vertices = [[-0.5,0],[0,0.5],[0.5,0]]
1.7215800000121817	EXP	button_left: closeShape = true
1.7215800000121817	EXP	button_left: contrast = 1
1.7215800000121817	EXP	button_left: depth = -5
1.7215800000121817	EXP	button_left: interpolate = true
1.7215800000121817	EXP	button_left: width = 0.4
1.7215800000121817	EXP	button_left: vertices = [[-0.2,null],[0.2,null],[0.2,null],[-0.2,null]]
1.7215800000121817	EXP	button_left: height = 0.2
1.7215800000121817	EXP	button_left: vertices = [[-0.2,-0.1],[0.2,-0.1],[0.2,0.1],[-0.2,0.1]]
1.7215800000121817	EXP	button_left: vertices = [[-0.2,-0.1],[0.2,-0.1],[0.2,0.1],[-0.2,0.1]]
1.7215800000121817	EXP	button_right: units = "height"
1.7215800000121817	EXP	button_right: ori = 0
1.7215800000121817	EXP	button_right: opacity = 1
1.7215800000121817	EXP	button_right: pos = [0.4,-0.3]
1.7215800000121817	EXP	button_right: size = [1,1]
1.7215800000121817	EXP	button_right: lineWidth = 1
1.7215800000121817	EXP	button_right: lineColor = {"_hex":"#000000","_rgb":[0,0,0]}
1.7215800000121817	EXP	button_right: fillColor = {"_hex":"#FFFFFF","_rgb":[1,1,1]}
1.7215800000121817	EXP	button_right: vertices = [[-0.5,0],[0,0.5],[0.5,0]]
1.7215800000121817	EXP	button_right: closeShape = true
1.7215800000121817	EXP	button_right: contrast = 1
1.7215800000121817	EXP	button_right: depth = -6
1.7215800000121817	EXP	button_right: interpolate = true
1.7215800000121817	EXP	button_right: width = 0.4
1.7215800000121817	EXP	button_right: vertices = [[-0.2,null],[0.2,null],[0.2,null],[-0.2,null]]
1.7215800000121817	EXP	button_right: height = 0.2
1.7215800000121817	EXP	button_right: vertices = [[-0.2,-0.1],[0.2,-0.1],[0.2,0.1],[-0.2,0.1]]
1.7215800000121817	EXP	button_right: vertices = [[-0.2,-0.1],[0.2,-0.1],[0.2,0.1],[-0.2,0.1]]
1.7215800000121817	EXP	trial_label_right: units = "height"
1.7215800000121817	EXP	trial_label_right: ori = 0
1.7215800000121817	EXP	trial_label_right: opacity = 1
1.7215800000121817	EXP	trial_label_right: pos = [0.4,-0.3]
1.7215800000121817	EXP	trial_label_right: size = undefined
1.7215800000121817	EXP	trial_label_right: text = "M = Word"
1.7215800000121817	EXP	trial_label_right: font = "Courier New"
1.7215800000121817	EXP	trial_label_right: color = {"_hex":"#000000","_rgb":[0,0,0]}
1.7215800000121817	EXP	trial_label_right: contrast = 1
1.7215800000121817	EXP	trial_label_right: height = 0.05
1.7215800000121817	EXP	trial_label_right: bold = false
1.7215800000121817	EXP	trial_label_right: italic = false
1.7215800000121817	EXP	trial_label_right: alignHoriz = "left"
1.7215800000121817	EXP	trial_label_right: alignVert = "center"
1.7215800000121817	EXP	trial_label_right: wrapWidth = 1
1.7215800000121817	EXP	trial_label_right: flipHoriz = false
1.7215800000121817	EXP	trial_label_right: flipVert = false
1.7215800000121817	EXP	trial_label_left_new: units = "height"
1.7215800000121817	EXP	trial_label_left_new: ori = 0
1.7215800000121817	EXP	trial_label_left_new: opacity = 1
1.7215800000121817	EXP	trial_label_left_new: pos = [-0.4,-0.3]
1.7215800000121817	EXP	trial_label_left_new: size = undefined
1.7215800000121817	EXP	trial_label_left_new: text = "Z = Nonword"
1.7215800000121817	EXP	trial_label_left_new: font = "Courier New"
1.7215800000121817	EXP	trial_label_left_new: color = {"_hex":"#000000","_rgb":[0,0,0]}
1.7215800000121817	EXP	trial_label_left_new: contrast = 1
1.7215800000121817	EXP	trial_label_left_new: height = 0.05
1.7215800000121817	EXP	trial_label_left_new: bold = false
1.7215800000121817	EXP	trial_label_left_new: italic = false
1.7215800000121817	EXP	trial_label_left_new: alignHoriz = "left"
1.7215800000121817	EXP	trial_label_left_new: alignVert = "center"
1.7215800000121817	EXP	trial_label_left_new: wrapWidth = 1
1.7215800000121817	EXP	trial_label_left_new: flipHoriz = false
1.7215800000121817	EXP	trial_label_left_new: flipVert = false
1.7215800000121817	EXP	feedback_text: units = "height"
1.7215800000121817	EXP	feedback_text: ori = 0
1.7215800000121817	EXP	feedback_text: opacity = 1
1.7215800000121817	EXP	feedback_text: pos = [0,0]
1.7215800000121817	EXP	feedback_text: size = undefined
1.7215800000121817	EXP	feedback_text: text = "default text"
1.7215800000121817	EXP	feedback_text: font = "Courier New"
1.7215800000121817	EXP	feedback_text: color = {"_hex":"#FFFFFF","_rgb":[1,1,1]}
1.7215800000121817	EXP	feedback_text: contrast = 1
1.7215800000121817	EXP	feedback_text: height = 0.05
1.7215800000121817	EXP	feedback_text: bold = false
1.7215800000121817	EXP	feedback_text: italic = false
1.7215800000121817	EXP	feedback_text: alignHoriz = "left"
1.7215800000121817	EXP	feedback_text: alignVert = "center"
1.7215800000121817	EXP	feedback_text: wrapWidth = 1
1.7215800000121817	EXP	feedback_text: flipHoriz = false
1.7215800000121817	EXP	feedback_text: flipVert = false
1.7215800000121817	EXP	button_left_2: units = "height"
1.7215800000121817	EXP	button_left_2: ori = 0
1.7215800000121817	EXP	button_left_2: opacity = 1
1.7215800000121817	EXP	button_left_2: pos = [-0.4,-0.3]
1.7215800000121817	EXP	button_left_2: size = [1,1]
1.7215800000121817	EXP	button_left_2: lineWidth = 1
1.7215800000121817	EXP	button_left_2: lineColor = {"_hex":"#000000","_rgb":[0,0,0]}
1.7215800000121817	EXP	button_left_2: fillColor = {"_hex":"#FFFFFF","_rgb":[1,1,1]}
1.7215800000121817	EXP	button_left_2: vertices = [[-0.5,0],[0,0.5],[0.5,0]]
1.7215800000121817	EXP	button_left_2: closeShape = true
1.7215800000121817	EXP	button_left_2: contrast = 1
1.7215800000121817	EXP	button_left_2: depth = -2
1.7215800000121817	EXP	button_left_2: interpolate = true
1.7215800000121817	EXP	button_left_2: width = 0.4
1.7215800000121817	EXP	button_left_2: vertices = [[-0.2,null],[0.2,null],[0.2,null],[-0.2,null]]
1.7215800000121817	EXP	button_left_2: height = 0.2
1.7215800000121817	EXP	button_left_2: vertices = [[-0.2,-0.1],[0.2,-0.1],[0.2,0.1],[-0.2,0.1]]
1.7215800000121817	EXP	button_left_2: vertices = [[-0.2,-0.1],[0.2,-0.1],[0.2,0.1],[-0.2,0.1]]
1.7215800000121817	EXP	button_right_2: units = "height"
1.7215800000121817	EXP	button_right_2: ori = 0
1.7215800000121817	EXP	button_right_2: opacity = 1
1.7215800000121817	EXP	button_right_2: pos = [0.4,-0.3]
1.7215800000121817	EXP	button_right_2: size = [1,1]
1.7215800000121817	EXP	button_right_2: lineWidth = 1
1.7215800000121817	EXP	button_right_2: lineColor = {"_hex":"#000000","_rgb":[0,0,0]}
1.7215800000121817	EXP	button_right_2: fillColor = {"_hex":"#FFFFFF","_rgb":[1,1,1]}
1.7215800000121817	EXP	button_right_2: vertices = [[-0.5,0],[0,0.5],[0.5,0]]
1.7215800000121817	EXP	button_right_2: closeShape = true
1.7215800000121817	EXP	button_right_2: contrast = 1
1.7215800000121817	EXP	button_right_2: depth = -3
1.7215800000121817	EXP	button_right_2: interpolate = true
1.7215800000121817	EXP	button_right_2: width = 0.4
1.7215800000121817	EXP	button_right_2: vertices = [[-0.2,null],[0.2,null],[0.2,null],[-0.2,null]]
1.7215800000121817	EXP	button_right_2: height = 0.2
1.7215800000121817	EXP	button_right_2: vertices = [[-0.2,-0.1],[0.2,-0.1],[0.2,0.1],[-0.2,0.1]]
1.7215800000121817	EXP	button_right_2: vertices = [[-0.2,-0.1],[0.2,-0.1],[0.2,0.1],[-0.2,0.1]]
1.7215800000121817	EXP	trial_label_left_2: units = "height"
1.7215800000121817	EXP	trial_label_left_2: ori = 0
1.7215800000121817	EXP	trial_label_left_2: opacity = 1
1.7215800000121817	EXP	trial_label_left_2: pos = [-0.4,-0.3]
1.7215800000121817	EXP	trial_label_left_2: size = undefined
1.7215800000121817	EXP	trial_label_left_2: text = "Z = Nonword"
1.7215800000121817	EXP	trial_label_left_2: font = "Courier New"
1.7215800000121817	EXP	trial_label_left_2: color = {"_hex":"#000000","_rgb":[0,0,0]}
1.7215800000121817	EXP	trial_label_left_2: contrast = 1
1.7215800000121817	EXP	trial_label_left_2: height = 0.05
1.7215800000121817	EXP	trial_label_left_2: bold = false
1.7215800000121817	EXP	trial_label_left_2: italic = false
1.7215800000121817	EXP	trial_label_left_2: alignHoriz = "left"
1.7215800000121817	EXP	trial_label_left_2: alignVert = "center"
1.7215800000121817	EXP	trial_label_left_2: wrapWidth = 1
1.7215800000121817	EXP	trial_label_left_2: flipHoriz = false
1.7215800000121817	EXP	trial_label_left_2: flipVert = false
1.7215800000121817	EXP	trial_label_right_2: units = "height"
1.7215800000121817	EXP	trial_label_right_2: ori = 0
1.7215800000121817	EXP	trial_label_right_2: opacity = 1
1.7215800000121817	EXP	trial_label_right_2: pos = [0.4,-0.3]
1.7215800000121817	EXP	trial_label_right_2: size = undefined
1.7215800000121817	EXP	trial_label_right_2: text = "M = Word"
1.7215800000121817	EXP	trial_label_right_2: font = "Courier New"
1.7215800000121817	EXP	trial_label_right_2: color = {"_hex":"#000000","_rgb":[0,0,0]}
1.7215800000121817	EXP	trial_label_right_2: contrast = 1
1.7215800000121817	EXP	trial_label_right_2: height = 0.05
1.7215800000121817	EXP	trial_label_right_2: bold = false
1.7215800000121817	EXP	trial_label_right_2: italic = false
1.7215800000121817	EXP	trial_label_right_2: alignHoriz = "left"
1.7215800000121817	EXP	trial_label_right_2: alignVert = "center"
1.7215800000121817	EXP	trial_label_right_2: wrapWidth = 1
1.7215800000121817	EXP	trial_label_right_2: flipHoriz = false
1.7215800000121817	EXP	trial_label_right_2: flipVert = false
1.7215800000121817	EXP	instructions: units = "height"
1.7215800000121817	EXP	instructions: ori = 0
1.7215800000121817	EXP	instructions: opacity = 1
1.7215800000121817	EXP	instructions: pos = [0,0]
1.7215800000121817	EXP	instructions: size = undefined
1.7215800000121817	EXP	instructions: text = "default text"
1.7215800000121817	EXP	instructions: font = "Courier New"
1.7215800000121817	EXP	instructions: color = {"_hex":"#000000","_rgb":[0,0,0]}
1.7215800000121817	EXP	instructions: contrast = 1
1.7215800000121817	EXP	instructions: height = 0.035
1.7215800000121817	EXP	instructions: bold = false
1.7215800000121817	EXP	instructions: italic = false
1.7215800000121817	EXP	instructions: alignHoriz = "left"
1.7215800000121817	EXP	instructions: alignVert = "center"
1.7215800000121817	EXP	instructions: wrapWidth = 1
1.7215800000121817	EXP	instructions: flipHoriz = false
1.7215800000121817	EXP	instructions: flipVert = false
1.7215800000121817	EXP	instr_done_button: units = "height"
1.7215800000121817	EXP	instr_done_button: ori = 0
1.7215800000121817	EXP	instr_done_button: opacity = 1
1.7215800000121817	EXP	instr_done_button: pos = [0,-0.4]
1.7215800000121817	EXP	instr_done_button: size = [1,1]
1.7215800000121817	EXP	instr_done_button: lineWidth = 1
1.7215800000121817	EXP	instr_done_button: lineColor = {"_hex":"#000000","_rgb":[0,0,0]}
1.7215800000121817	EXP	instr_done_button: fillColor = {"_hex":"#FFFFFF","_rgb":[1,1,1]}
1.7215800000121817	EXP	instr_done_button: vertices = [[-0.5,0],[0,0.5],[0.5,0]]
1.7215800000121817	EXP	instr_done_button: closeShape = true
1.7215800000121817	EXP	instr_done_button: contrast = 1
1.7215800000121817	EXP	instr_done_button: depth = -2
1.7215800000121817	EXP	instr_done_button: interpolate = true
1.7215800000121817	EXP	instr_done_button: width = 0.4
1.7215800000121817	EXP	instr_done_button: vertices = [[-0.2,null],[0.2,null],[0.2,null],[-0.2,null]]
1.7215800000121817	EXP	instr_done_button: height = 0.1
1.7215800000121817	EXP	instr_done_button: vertices = [[-0.2,-0.05],[0.2,-0.05],[0.2,0.05],[-0.2,0.05]]
1.7215800000121817	EXP	instr_done_button: vertices = [[-0.2,-0.05],[0.2,-0.05],[0.2,0.05],[-0.2,0.05]]
1.7215800000121817	EXP	instr_done_label: units = "height"
1.7215800000121817	EXP	instr_done_label: ori = 0
1.7215800000121817	EXP	instr_done_label: opacity = 1
1.7215800000121817	EXP	instr_done_label: pos = [0,-0.4]
1.7215800000121817	EXP	instr_done_label: size = undefined
1.7215800000121817	EXP	instr_done_label: text = "Continue"
1.7215800000121817	EXP	instr_done_label: font = "Courier New"
1.7215800000121817	EXP	instr_done_label: color = {"_hex":"#000000","_rgb":[0,0,0]}
1.7215800000121817	EXP	instr_done_label: contrast = 1
1.7215800000121817	EXP	instr_done_label: height = 0.05
1.7215800000121817	EXP	instr_done_label: bold = false
1.7215800000121817	EXP	instr_done_label: italic = false
1.7215800000121817	EXP	instr_done_label: alignHoriz = "left"
1.7215800000121817	EXP	instr_done_label: alignVert = "center"
1.7215800000121817	EXP	instr_done_label: wrapWidth = 1
1.7215800000121817	EXP	instr_done_label: flipHoriz = false
1.7215800000121817	EXP	instr_done_label: flipVert = false
1.7215800000121817	EXP	instructions_image: units = "height"
1.7215800000121817	EXP	instructions_image: ori = 0
1.7215800000121817	EXP	instructions_image: opacity = 1
1.7215800000121817	EXP	instructions_image: pos = [0,0]
1.7215800000121817	EXP	instructions_image: size = [0.4,0.3]
1.7215800000121817	EXP	instructions_image: image = undefined
1.7215800000121817	EXP	instructions_image: mask = undefined
1.7215800000121817	EXP	instructions_image: color = {"_rgb":[1,1,1]}
1.7215800000121817	EXP	instructions_image: contrast = 1
1.7215800000121817	EXP	instructions_image: texRes = 128
1.7215800000121817	EXP	instructions_image: interpolate = true
1.7215800000121817	EXP	instructions_image: depth = -6
1.7215800000121817	EXP	instructions_image: flipHoriz = false
1.7215800000121817	EXP	instructions_image: flipVert = false
1.7215800000121817	EXP	fixation_mask: units = "height"
1.7215800000121817	EXP	fixation_mask: ori = 0
1.7215800000121817	EXP	fixation_mask: opacity = 1
1.7215800000121817	EXP	fixation_mask: pos = [0,0]
1.7215800000121817	EXP	fixation_mask: size = undefined
1.7215800000121817	EXP	fixation_mask: text = "######"
1.7215800000121817	EXP	fixation_mask: font = "Courier New"
1.7215800000121817	EXP	fixation_mask: color = {"_hex":"#000000","_rgb":[0,0,0]}
1.7215800000121817	EXP	fixation_mask: contrast = 1
1.7215800000121817	EXP	fixation_mask: height = 0.1
1.7215800000121817	EXP	fixation_mask: bold = false
1.7215800000121817	EXP	fixation_mask: italic = false
1.7215800000121817	EXP	fixation_mask: alignHoriz = "left"
1.7215800000121817	EXP	fixation_mask: alignVert = "center"
1.7215800000121817	EXP	fixation_mask: wrapWidth = 1
1.7215800000121817	EXP	fixation_mask: flipHoriz = false
1.7215800000121817	EXP	fixation_mask: flipVert = false
1.7215800000121817	EXP	prime_text: units = "height"
1.7215800000121817	EXP	prime_text: ori = 0
1.7215800000121817	EXP	prime_text: opacity = 1
1.7215800000121817	EXP	prime_text: pos = [0,0]
1.7215800000121817	EXP	prime_text: size = undefined
1.7215800000121817	EXP	prime_text: text = "default text"
1.7215800000121817	EXP	prime_text: font = "Courier New"
1.7215800000121817	EXP	prime_text: color = {"_hex":"#000000","_rgb":[0,0,0]}
1.7215800000121817	EXP	prime_text: contrast = 1
1.7215800000121817	EXP	prime_text: height = 0.1
1.7215800000121817	EXP	prime_text: bold = false
1.7215800000121817	EXP	prime_text: italic = false
1.7215800000121817	EXP	prime_text: alignHoriz = "left"
1.7215800000121817	EXP	prime_text: alignVert = "center"
1.7215800000121817	EXP	prime_text: wrapWidth = 1
1.7215800000121817	EXP	prime_text: flipHoriz = false
1.7215800000121817	EXP	prime_text: flipVert = false
1.7215800000121817	EXP	target: units = "height"
1.7215800000121817	EXP	target: ori = 0
1.7215800000121817	EXP	target: opacity = 1
1.7215800000121817	EXP	target: pos = [0,0]
1.7215800000121817	EXP	target: size = undefined
1.7215800000121817	EXP	target: text = "default text"
1.7215800000121817	EXP	target: font = "Arial"
1.7215800000121817	EXP	target: color = {"_hex":"#000000","_rgb":[0,0,0]}
1.7215800000121817	EXP	target: contrast = 1
1.7215800000121817	EXP	target: height = 0.1
1.7215800000121817	EXP	target: bold = false
1.7215800000121817	EXP	target: italic = false
1.7215800000121817	EXP	target: alignHoriz = "left"
1.7215800000121817	EXP	target: alignVert = "center"
1.7215800000121817	EXP	target: wrapWidth = 1
1.7215800000121817	EXP	target: flipHoriz = false
1.7215800000121817	EXP	target: flipVert = false
1.7215800000121817	EXP	button_left: units = "height"
1.7215800000121817	EXP	button_left: ori = 0
1.7215800000121817	EXP	button_left: opacity = 1
1.7215800000121817	EXP	button_left: pos = [-0.4,-0.3]
1.7215800000121817	EXP	button_left: size = [1,1]
1.7215800000121817	EXP	button_left: lineWidth = 1
1.7215800000121817	EXP	button_left: lineColor = {"_hex":"#000000","_rgb":[0,0,0]}
1.7215800000121817	EXP	button_left: fillColor = {"_hex":"#FFFFFF","_rgb":[1,1,1]}
1.7215800000121817	EXP	button_left: vertices = [[-0.5,0],[0,0.5],[0.5,0]]
1.7215800000121817	EXP	button_left: closeShape = true
1.7215800000121817	EXP	button_left: contrast = 1
1.7215800000121817	EXP	button_left: depth = -5
1.7215800000121817	EXP	button_left: interpolate = true
1.7215800000121817	EXP	button_left: width = 0.4
1.7215800000121817	EXP	button_left: vertices = [[-0.2,null],[0.2,null],[0.2,null],[-0.2,null]]
1.7215800000121817	EXP	button_left: height = 0.2
1.7215800000121817	EXP	button_left: vertices = [[-0.2,-0.1],[0.2,-0.1],[0.2,0.1],[-0.2,0.1]]
1.7215800000121817	EXP	button_left: vertices = [[-0.2,-0.1],[0.2,-0.1],[0.2,0.1],[-0.2,0.1]]
1.7215800000121817	EXP	button_right: units = "height"
1.7215800000121817	EXP	button_right: ori = 0
1.7215800000121817	EXP	button_right: opacity = 1
1.7215800000121817	EXP	button_right: pos = [0.4,-0.3]
1.7215800000121817	EXP	button_right: size = [1,1]
1.7215800000121817	EXP	button_right: lineWidth = 1
1.7215800000121817	EXP	button_right: lineColor = {"_hex":"#000000","_rgb":[0,0,0]}
1.7215800000121817	EXP	button_right: fillColor = {"_hex":"#FFFFFF","_rgb":[1,1,1]}
1.7215800000121817	EXP	button_right: vertices = [[-0.5,0],[0,0.5],[0.5,0]]
1.7215800000121817	EXP	button_right: closeShape = true
1.7215800000121817	EXP	button_right: contrast = 1
1.7215800000121817	EXP	button_right: depth = -6
1.7215800000121817	EXP	button_right: interpolate = true
1.7215800000121817	EXP	button_right: width = 0.4
1.7215800000121817	EXP	button_right: vertices = [[-0.2,null],[0.2,null],[0.2,null],[-0.2,null]]
1.7215800000121817	EXP	button_right: height = 0.2
1.7215800000121817	EXP	button_right: vertices = [[-0.2,-0.1],[0.2,-0.1],[0.2,0.1],[-0.2,0.1]]
1.7215800000121817	EXP	button_right: vertices = [[-0.2,-0.1],[0.2,-0.1],[0.2,0.1],[-0.2,0.1]]
1.7215800000121817	EXP	trial_label_right: units = "height"
1.7215800000121817	EXP	trial_label_right: ori = 0
1.7215800000121817	EXP	trial_label_right: opacity = 1
1.7215800000121817	EXP	trial_label_right: pos = [0.4,-0.3]
1.7215800000121817	EXP	trial_label_right: size = undefined
1.7215800000121817	EXP	trial_label_right: text = "M = Word"
1.7215800000121817	EXP	trial_label_right: font = "Courier New"
1.7215800000121817	EXP	trial_label_right: color = {"_hex":"#000000","_rgb":[0,0,0]}
1.7215800000121817	EXP	trial_label_right: contrast = 1
1.7215800000121817	EXP	trial_label_right: height = 0.05
1.7215800000121817	EXP	trial_label_right: bold = false
1.7215800000121817	EXP	trial_label_right: italic = false
1.7215800000121817	EXP	trial_label_right: alignHoriz = "left"
1.7215800000121817	EXP	trial_label_right: alignVert = "center"
1.7215800000121817	EXP	trial_label_right: wrapWidth = 1
1.7215800000121817	EXP	trial_label_right: flipHoriz = false
1.7215800000121817	EXP	trial_label_right: flipVert = false
1.7215800000121817	EXP	trial_label_left_new: units = "height"
1.7215800000121817	EXP	trial_label_left_new: ori = 0
1.7215800000121817	EXP	trial_label_left_new: opacity = 1
1.7215800000121817	EXP	trial_label_left_new: pos = [-0.4,-0.3]
1.7215800000121817	EXP	trial_label_left_new: size = undefined
1.7215800000121817	EXP	trial_label_left_new: text = "Z = Nonword"
1.7215800000121817	EXP	trial_label_left_new: font = "Courier New"
1.7215800000121817	EXP	trial_label_left_new: color = {"_hex":"#000000","_rgb":[0,0,0]}
1.7215800000121817	EXP	trial_label_left_new: contrast = 1
1.7215800000121817	EXP	trial_label_left_new: height = 0.05
1.7215800000121817	EXP	trial_label_left_new: bold = false
1.7215800000121817	EXP	trial_label_left_new: italic = false
1.7215800000121817	EXP	trial_label_left_new: alignHoriz = "left"
1.7215800000121817	EXP	trial_label_left_new: alignVert = "center"
1.7215800000121817	EXP	trial_label_left_new: wrapWidth = 1
1.7215800000121817	EXP	trial_label_left_new: flipHoriz = false
1.7215800000121817	EXP	trial_label_left_new: flipVert = false
1.7215800000121817	EXP	feedback_text: units = "height"
1.7215800000121817	EXP	feedback_text: ori = 0
1.7215800000121817	EXP	feedback_text: opacity = 1
1.7215800000121817	EXP	feedback_text: pos = [0,0]
1.7215800000121817	EXP	feedback_text: size = undefined
1.7215800000121817	EXP	feedback_text: text = "default text"
1.7215800000121817	EXP	feedback_text: font = "Courier New"
1.7215800000121817	EXP	feedback_text: color = {"_hex":"#FFFFFF","_rgb":[1,1,1]}
1.7215800000121817	EXP	feedback_text: contrast = 1
1.7215800000121817	EXP	feedback_text: height = 0.05
1.7215800000121817	EXP	feedback_text: bold = false
1.7215800000121817	EXP	feedback_text: italic = false
1.7215800000121817	EXP	feedback_text: alignHoriz = "left"
1.7215800000121817	EXP	feedback_text: alignVert = "center"
1.7215800000121817	EXP	feedback_text: wrapWidth = 1
1.7215800000121817	EXP	feedback_text: flipHoriz = false
1.7215800000121817	EXP	feedback_text: flipVert = false
1.7215800000121817	EXP	button_left_2: units = "height"
1.7215800000121817	EXP	button_left_2: ori = 0
1.7215800000121817	EXP	button_left_2: opacity = 1
1.7215800000121817	EXP	button_left_2: pos = [-0.4,-0.3]
1.7215800000121817	EXP	button_left_2: size = [1,1]
1.7215800000121817	EXP	button_left_2: lineWidth = 1
1.7215800000121817	EXP	button_left_2: lineColor = {"_hex":"#000000","_rgb":[0,0,0]}
1.7215800000121817	EXP	button_left_2: fillColor = {"_hex":"#FFFFFF","_rgb":[1,1,1]}
1.7215800000121817	EXP	button_left_2: vertices = [[-0.5,0],[0,0.5],[0.5,0]]
1.7215800000121817	EXP	button_left_2: closeShape = true
1.7215800000121817	EXP	button_left_2: contrast = 1
1.7215800000121817	EXP	button_left_2: depth = -2
1.7215800000121817	EXP	button_left_2: interpolate = true
1.7215800000121817	EXP	button_left_2: width = 0.4
1.7215800000121817	EXP	button_left_2: vertices = [[-0.2,null],[0.2,null],[0.2,null],[-0.2,null]]
1.7215800000121817	EXP	button_left_2: height = 0.2
1.7215800000121817	EXP	button_left_2: vertices = [[-0.2,-0.1],[0.2,-0.1],[0.2,0.1],[-0.2,0.1]]
1.7215800000121817	EXP	button_left_2: vertices = [[-0.2,-0.1],[0.2,-0.1],[0.2,0.1],[-0.2,0.1]]
1.7215800000121817	EXP	button_right_2: units = "height"
1.7215800000121817	EXP	button_right_2: ori = 0
1.7215800000121817	EXP	button_right_2: opacity = 1
1.7215800000121817	EXP	button_right_2: pos = [0.4,-0.3]
1.7215800000121817	EXP	button_right_2: size = [1,1]
1.7215800000121817	EXP	button_right_2: lineWidth = 1
1.7215800000121817	EXP	button_right_2: lineColor = {"_hex":"#000000","_rgb":[0,0,0]}
1.7215800000121817	EXP	button_right_2: fillColor = {"_hex":"#FFFFFF","_rgb":[1,1,1]}
1.7215800000121817	EXP	button_right_2: vertices = [[-0.5,0],[0,0.5],[0.5,0]]
1.7215800000121817	EXP	button_right_2: closeShape = true
1.7215800000121817	EXP	button_right_2: contrast = 1
1.7215800000121817	EXP	button_right_2: depth = -3
1.7215800000121817	EXP	button_right_2: interpolate = true
1.7215800000121817	EXP	button_right_2: width = 0.4
1.7215800000121817	EXP	button_right_2: vertices = [[-0.2,null],[0.2,null],[0.2,null],[-0.2,null]]
1.7215800000121817	EXP	button_right_2: height = 0.2
1.7215800000121817	EXP	button_right_2: vertices = [[-0.2,-0.1],[0.2,-0.1],[0.2,0.1],[-0.2,0.1]]
1.7215800000121817	EXP	button_right_2: vertices = [[-0.2,-0.1],[0.2,-0.1],[0.2,0.1],[-0.2,0.1]]
1.7215800000121817	EXP	trial_label_left_2: units = "height"
1.7215800000121817	EXP	trial_label_left_2: ori = 0
1.7215800000121817	EXP	trial_label_left_2: opacity = 1
1.7215800000121817	EXP	trial_label_left_2: pos = [-0.4,-0.3]
1.7215800000121817	EXP	trial_label_left_2: size = undefined
1.7215800000121817	EXP	trial_label_left_2: text = "Z = Nonword"
1.7215800000121817	EXP	trial_label_left_2: font = "Courier New"
1.7215800000121817	EXP	trial_label_left_2: color = {"_hex":"#000000","_rgb":[0,0,0]}
1.7215800000121817	EXP	trial_label_left_2: contrast = 1
1.7215800000121817	EXP	trial_label_left_2: height = 0.05
1.7215800000121817	EXP	trial_label_left_2: bold = false
1.7215800000121817	EXP	trial_label_left_2: italic = false
1.7215800000121817	EXP	trial_label_left_2: alignHoriz = "left"
1.7215800000121817	EXP	trial_label_left_2: alignVert = "center"
1.7215800000121817	EXP	trial_label_left_2: wrapWidth = 1
1.7215800000121817	EXP	trial_label_left_2: flipHoriz = false
1.7215800000121817	EXP	trial_label_left_2: flipVert = false
1.7215800000121817	EXP	trial_label_right_2: units = "height"
1.7215800000121817	EXP	trial_label_right_2: ori = 0
1.7215800000121817	EXP	trial_label_right_2: opacity = 1
1.7215800000121817	EXP	trial_label_right_2: pos = [0.4,-0.3]
1.7215800000121817	EXP	trial_label_right_2: size = undefined
1.7215800000121817	EXP	trial_label_right_2: text = "M = Word"
1.7215800000121817	EXP	trial_label_right_2: font = "Courier New"
1.7215800000121817	EXP	trial_label_right_2: color = {"_hex":"#000000","_rgb":[0,0,0]}
1.7215800000121817	EXP	trial_label_right_2: contrast = 1
1.7215800000121817	EXP	trial_label_right_2: height = 0.05
1.7215800000121817	EXP	trial_label_right_2: bold = false
1.7215800000121817	EXP	trial_label_right_2: italic = false
1.7215800000121817	EXP	trial_label_right_2: alignHoriz = "left"
1.7215800000121817	EXP	trial_label_right_2: alignVert = "center"
1.7215800000121817	EXP	trial_label_right_2: wrapWidth = 1
1.7215800000121817	EXP	trial_label_right_2: flipHoriz = false
1.7215800000121817	EXP	trial_label_right_2: flipVert = false
1.7215800000121817	EXP	break_text: units = "height"
1.7215800000121817	EXP	break_text: ori = 0
1.7215800000121817	EXP	break_text: opacity = 1
1.7215800000121817	EXP	break_text: pos = [0,0]
1.7215800000121817	EXP	break_text: size = undefined
1.7215800000121817	EXP	break_text: text = "default text"
1.7215800000121817	EXP	break_text: font = "Courier New"
1.7215800000121817	EXP	break_text: color = {"_hex":"#000000","_rgb":[0,0,0]}
1.7215800000121817	EXP	break_text: contrast = 1
1.7215800000121817	EXP	break_text: height = 0.05
1.7215800000121817	EXP	break_text: bold = false
1.7215800000121817	EXP	break_text: italic = false
1.7215800000121817	EXP	break_text: alignHoriz = "left"
1.7215800000121817	EXP	break_text: alignVert = "center"
1.7215800000121817	EXP	break_text: wrapWidth = 1
1.7215800000121817	EXP	break_text: flipHoriz = false
1.7215800000121817	EXP	break_text: flipVert = false
1.7215800000121817	EXP	break_done_button: units = "height"
1.7215800000121817	EXP	break_done_button: ori = 0
1.7215800000121817	EXP	break_done_button: opacity = 1
1.7215800000121817	EXP	break_done_button: pos = [0,-0.4]
1.7215800000121817	EXP	break_done_button: size = [1,1]
1.7215800000121817	EXP	break_done_button: lineWidth = 1
1.7215800000121817	EXP	break_done_button: lineColor = {"_hex":"#000000","_rgb":[0,0,0]}
1.7215800000121817	EXP	break_done_button: fillColor = {"_hex":"#FFFFFF","_rgb":[1,1,1]}
1.7215800000121817	EXP	break_done_button: vertices = [[-0.5,0],[0,0.5],[0.5,0]]
1.7215800000121817	EXP	break_done_button: closeShape = true
1.7215800000121817	EXP	break_done_button: contrast = 1
1.7215800000121817	EXP	break_done_button: depth = -4
1.7215800000121817	EXP	break_done_button: interpolate = true
1.7215800000121817	EXP	break_done_button: width = 0.4
1.7215800000121817	EXP	break_done_button: vertices = [[-0.2,null],[0.2,null],[0.2,null],[-0.2,null]]
1.7215800000121817	EXP	break_done_button: height = 0.1
1.7215800000121817	EXP	break_done_button: vertices = [[-0.2,-0.05],[0.2,-0.05],[0.2,0.05],[-0.2,0.05]]
1.7215800000121817	EXP	break_done_button: vertices = [[-0.2,-0.05],[0.2,-0.05],[0.2,0.05],[-0.2,0.05]]
1.7215800000121817	EXP	break_done_button_label: units = "height"
1.7215800000121817	EXP	break_done_button_label: ori = 0
1.7215800000121817	EXP	break_done_button_label: opacity = 1
1.7215800000121817	EXP	break_done_button_label: pos = [0,-0.4]
1.7215800000121817	EXP	break_done_button_label: size = undefined
1.7215800000121817	EXP	break_done_button_label: text = "Continue"
1.7215800000121817	EXP	break_done_button_label: font = "Courier New"
1.7215800000121817	EXP	break_done_button_label: color = {"_hex":"#000000","_rgb":[0,0,0]}
1.7215800000121817	EXP	break_done_button_label: contrast = 1
1.7215800000121817	EXP	break_done_button_label: height = 0.05
1.7215800000121817	EXP	break_done_button_label: bold = false
1.7215800000121817	EXP	break_done_button_label: italic = false
1.7215800000121817	EXP	break_done_button_label: alignHoriz = "left"
1.7215800000121817	EXP	break_done_button_label: alignVert = "center"
1.7215800000121817	EXP	break_done_button_label: wrapWidth = 1
1.7215800000121817	EXP	break_done_button_label: flipHoriz = false
1.7215800000121817	EXP	break_done_button_label: flipVert = false
1.7215800000121817	EXP	thank_you: units = "height"
1.7215800000121817	EXP	thank_you: ori = 0
1.7215800000121817	EXP	thank_you: opacity = 1
1.7215800000121817	EXP	thank_you: pos = [0,0]
1.7215800000121817	EXP	thank_you: size = undefined
1.7215800000121817	EXP	thank_you: text = "This is the end of the experiment.\n\nPlease do NOT close this window until you have been redirected to the debrief page. \n\nPlease wait for the message Thank you for your patience to appear and then click OK to continue to the debrief page.\n\nYou must go to the debrief page in order for your participation to be recorded."
1.7215800000121817	EXP	thank_you: font = "Courier New"
1.7215800000121817	EXP	thank_you: color = {"_hex":"#000000","_rgb":[0,0,0]}
1.7215800000121817	EXP	thank_you: contrast = 1
1.7215800000121817	EXP	thank_you: height = 1
1.7215800000121817	EXP	thank_you: bold = false
1.7215800000121817	EXP	thank_you: italic = false
1.7215800000121817	EXP	thank_you: alignHoriz = "left"
1.7215800000121817	EXP	thank_you: alignVert = "center"
1.7215800000121817	EXP	thank_you: wrapWidth = 1
1.7215800000121817	EXP	thank_you: flipHoriz = false
1.7215800000121817	EXP	thank_you: flipVert = false
1.7215800000121817	EXP	instructions: text = "INSTRUCTIONS\r\nAt the start of each trial, look at the hash marks (######) in the center of the screen. After a moment, a string of letters will appear. Your task is to indicate if the letter string forms a word or not (i.e., if it is a nonword). For example, AUTHOR is a word while AUTHON is a nonword.\r\n\r\nPress the space bar or touch the button below to continue."
1.7215800000121817	EXP	instructions_image: image = undefined
1.7215800000121817	EXP	instructions: autoDraw = true
1.7215800000121817	EXP	instr_done_button: autoDraw = true
1.7215800000121817	EXP	instr_done_label: autoDraw = true
2.2114699999801815	DATA	Mouse: wheel shift=(0,100), pos=(1026,954)
2.2751700000371784	DATA	Mouse: 0 button down, pos=(1023,959)
2.296360000036657	EXP	instructions: autoDraw = false
2.296360000036657	EXP	instr_done_button: autoDraw = false
2.296360000036657	EXP	instr_done_label: autoDraw = false
2.296360000036657	EXP	instructions_image: autoDraw = false
2.296360000036657	EXP	instructions: text = "If your device has a keyboard, press the 'Z' key for nonwords and the 'M' key for words.\r\n\r\n\r\n\r\n\r\n\r\nPress the space bar or touch the button below to continue."
2.296360000036657	EXP	instructions_image: image = {}
2.296360000036657	EXP	instructions: autoDraw = true
2.296360000036657	EXP	instr_done_button: autoDraw = true
2.296360000036657	EXP	instr_done_label: autoDraw = true
2.296360000036657	EXP	instructions_image: autoDraw = true
2.370809999993071	DATA	Mouse: 0 button down, pos=(1022,959)
2.7547900000354275	DATA	Mouse: 0 button down, pos=(1009,953)
2.7778150000376627	EXP	instructions: autoDraw = false
2.7778150000376627	EXP	instr_done_button: autoDraw = false
2.7778150000376627	EXP	instr_done_label: autoDraw = false
2.7778150000376627	EXP	instructions_image: autoDraw = false
2.7778150000376627	EXP	instructions: text = "If you are using a touchscreen only device, use the buttons on the screen. Do not use the mouse.\r\n\r\n\r\n\r\n\r\n\r\nPress the space bar or touch the button below to continue."
2.7778150000376627	EXP	instructions_image: image = {}
2.7778150000376627	EXP	instructions: autoDraw = true
2.7778150000376627	EXP	instr_done_button: autoDraw = true
2.7778150000376627	EXP	instr_done_label: autoDraw = true
2.7778150000376627	EXP	instructions_image: autoDraw = true
2.8538750000298023	DATA	Mouse: 0 button down, pos=(1009,953)
3.117710000020452	DATA	Mouse: 0 button down, pos=(1004,951)
3.1384650000254624	EXP	instructions: autoDraw = false
3.1384650000254624	EXP	instr_done_button: autoDraw = false
3.1384650000254624	EXP	instr_done_label: autoDraw = false
3.1384650000254624	EXP	instructions_image: autoDraw = false
3.1384650000254624	EXP	instructions: text = "It is very important that you respond as quickly and accurately as possible, as each letter string will only be on the screen for two seconds. If you do not respond within this time, the message 'Too slow!' will be displayed and the experiment will progress to the next letter string. The first 20 trials will be practice trials and you will receive feedback on your answers. \r\n\r\nPress the space bar or touch the button below to start the practice trials."
3.1384650000254624	EXP	instructions_image: image = undefined
3.1384650000254624	EXP	instructions: autoDraw = true
3.1384650000254624	EXP	instr_done_button: autoDraw = true
3.1384650000254624	EXP	instr_done_label: autoDraw = true
3.2173400000319816	DATA	Mouse: 0 button down, pos=(1004,951)
3.4180100000230595	DATA	Mouse: 0 button down, pos=(1003,950)
3.543420000001788	EXP	instructions: autoDraw = false
3.543420000001788	EXP	instr_done_button: autoDraw = false
3.543420000001788	EXP	instr_done_label: autoDraw = false
3.543420000001788	EXP	instructions_image: autoDraw = false
3.543420000001788	EXP	prime_text: text = "aslert"
3.543420000001788	EXP	target: text = "ASLERT"
3.543420000001788	EXP	target: font = "Courier New"
3.543420000001788	EXP	fixation_mask: autoDraw = true
3.543420000001788	EXP	button_left: autoDraw = true
3.543420000001788	EXP	button_right: autoDraw = true
3.543420000001788	EXP	trial_label_right: autoDraw = true
3.543420000001788	EXP	trial_label_left_new: autoDraw = true
3.549600000027567	DATA	Mouse: 0 button down, pos=(1003,950)
4.019184999982826	EXP	fixation_mask: autoDraw = false
4.019184999982826	EXP	prime_text: autoDraw = true
4.0530349999899045	EXP	prime_text: autoDraw = false
4.0530349999899045	EXP	target: autoDraw = true
4.137975000019651	DATA	Mouse: 0 button down, pos=(540,829)
4.156814999994822	EXP	fixation_mask: autoDraw = false
4.156814999994822	EXP	prime_text: autoDraw = false
4.156814999994822	EXP	target: autoDraw = false
4.156814999994822	EXP	button_left: autoDraw = false
4.156814999994822	EXP	button_right: autoDraw = false
4.156814999994822	EXP	trial_label_right: autoDraw = false
4.156814999994822	EXP	trial_label_left_new: autoDraw = false
4.156814999994822	EXP	feedback_text: color = {"_hex":"#008000","_rgb":[0,0.5019607843137255,0]}
4.156814999994822	EXP	feedback_text: text = "Correct"
4.156814999994822	EXP	feedback_text: autoDraw = true
4.156814999994822	EXP	button_left_2: autoDraw = true
4.156814999994822	EXP	button_right_2: autoDraw = true
4.156814999994822	EXP	trial_label_left_2: autoDraw = true
4.156814999994822	EXP	trial_label_right_2: autoDraw = true
4.218425000028219	DATA	Mouse: 0 button down, pos=(540,829)
4.384895000024699	DATA	Mouse: 0 button down, pos=(540,829)
4.4666549999965355	DATA	Mouse: 0 button down, pos=(542,829)
4.648095000011381	EXP	feedback_text: autoDraw = false
4.648095000011381	EXP	button_left_2: autoDraw = false
4.648095000011381	EXP	button_right_2: autoDraw = false
4.648095000011381	EXP	trial_label_left_2: autoDraw = false
4.648095000011381	EXP	trial_label_right_2: autoDraw = false
4.648095000011381	EXP	feedback_text: autoDraw = false
4.648095000011381	EXP	button_left_2: autoDraw = false
4.648095000011381	EXP	button_right_2: autoDraw = false
4.648095000011381	EXP	trial_label_left_2: autoDraw = false
4.648095000011381	EXP	trial_label_right_2: autoDraw = false
4.648095000011381	EXP	prime_text: text = "adjust"
4.648095000011381	EXP	target: text = "ADJUST"
4.648095000011381	EXP	target: font = "Courier New"
4.648095000011381	EXP	fixation_mask: autoDraw = true
4.648095000011381	EXP	button_left: autoDraw = true
4.648095000011381	EXP	button_right: autoDraw = true
4.648095000011381	EXP	trial_label_right: autoDraw = true
4.648095000011381	EXP	trial_label_left_new: autoDraw = true
4.749164999986533	DATA	Mouse: 0 button down, pos=(1072,834)
4.822045000037178	DATA	Mouse: 0 button down, pos=(1087,838)
5.0034900000318885	DATA	Mouse: 0 button down, pos=(1216,849)
5.058539999998175	DATA	Mouse: 0 button down, pos=(1234,846)
5.14794500003336	EXP	fixation_mask: autoDraw = false
5.168730000033975	EXP	prime_text: autoDraw = true
5.1815800000331365	EXP	prime_text: autoDraw = false
5.184450000000652	DATA	Mouse: 0 button down, pos=(1258,841)
5.199829999997746	EXP	target: autoDraw = true
5.260925000009593	DATA	Mouse: 0 button down, pos=(1258,841)
5.353555000037886	DATA	Mouse: 0 button down, pos=(1258,841)
5.368880000023637	EXP	fixation_mask: autoDraw = false
5.368880000023637	EXP	prime_text: autoDraw = false
5.368880000023637	EXP	target: autoDraw = false
5.368880000023637	EXP	button_left: autoDraw = false
5.368880000023637	EXP	button_right: autoDraw = false
5.368880000023637	EXP	trial_label_right: autoDraw = false
5.368880000023637	EXP	trial_label_left_new: autoDraw = false
5.368880000023637	EXP	feedback_text: color = {"_hex":"#008000","_rgb":[0,0.5019607843137255,0]}
5.368880000023637	EXP	feedback_text: text = "Correct"
5.368880000023637	EXP	feedback_text: autoDraw = true
5.368880000023637	EXP	button_left_2: autoDraw = true
5.368880000023637	EXP	button_right_2: autoDraw = true
5.368880000023637	EXP	trial_label_left_2: autoDraw = true
5.368880000023637	EXP	trial_label_right_2: autoDraw = true
5.440910000004806	DATA	Mouse: 0 button down, pos=(1235,838)
5.8166199999977835	DATA	Mouse: 0 button down, pos=(410,855)
5.865300000004936	EXP	feedback_text: autoDraw = false
5.865300000004936	EXP	button_left_2: autoDraw = false
5.865300000004936	EXP	button_right_2: autoDraw = false
5.865300000004936	EXP	trial_label_left_2: autoDraw = false
5.865300000004936	EXP	trial_label_right_2: autoDraw = false
5.865300000004936	EXP	feedback_text: autoDraw = false
5.865300000004936	EXP	button_left_2: autoDraw = false
5.865300000004936	EXP	button_right_2: autoDraw = false
5.865300000004936	EXP	trial_label_left_2: autoDraw = false
5.865300000004936	EXP	trial_label_right_2: autoDraw = false
5.865300000004936	EXP	prime_text: text = "miaber"
5.865300000004936	EXP	target: text = "THRALE"
5.865300000004936	EXP	target: font = "Courier New"
5.865300000004936	EXP	fixation_mask: autoDraw = true
5.865300000004936	EXP	button_left: autoDraw = true
5.865300000004936	EXP	button_right: autoDraw = true
5.865300000004936	EXP	trial_label_right: autoDraw = true
5.865300000004936	EXP	trial_label_left_new: autoDraw = true
5.902264999982435	DATA	Mouse: 0 button down, pos=(411,853)
6.004904999979772	DATA	Mouse: 0 button down, pos=(412,851)
6.100689999992028	DATA	Mouse: 0 button down, pos=(413,850)
6.36470500001451	EXP	fixation_mask: autoDraw = false
6.384750000026543	EXP	prime_text: autoDraw = true
6.4148649999988265	EXP	prime_text: autoDraw = false
6.43405999999959	EXP	target: autoDraw = true
6.555564999987837	DATA	Mouse: 0 button down, pos=(425,842)
6.567800000018906	EXP	fixation_mask: autoDraw = false
6.567800000018906	EXP	prime_text: autoDraw = false
6.567800000018906	EXP	target: autoDraw = false
6.567800000018906	EXP	button_left: autoDraw = false
6.567800000018906	EXP	button_right: autoDraw = false
6.567800000018906	EXP	trial_label_right: autoDraw = false
6.567800000018906	EXP	trial_label_left_new: autoDraw = false
6.567800000018906	EXP	feedback_text: color = {"_hex":"#008000","_rgb":[0,0.5019607843137255,0]}
6.567800000018906	EXP	feedback_text: text = "Correct"
6.567800000018906	EXP	feedback_text: autoDraw = true
6.567800000018906	EXP	button_left_2: autoDraw = true
6.567800000018906	EXP	button_right_2: autoDraw = true
6.567800000018906	EXP	trial_label_left_2: autoDraw = true
6.567800000018906	EXP	trial_label_right_2: autoDraw = true
6.656320000009146	DATA	Mouse: 0 button down, pos=(425,842)
6.758655000012368	DATA	Mouse: 0 button down, pos=(425,840)
6.8272800000268035	DATA	Mouse: 0 button down, pos=(425,840)
7.065025000018068	EXP	feedback_text: autoDraw = false
7.065025000018068	EXP	button_left_2: autoDraw = false
7.065025000018068	EXP	button_right_2: autoDraw = false
7.065025000018068	EXP	trial_label_left_2: autoDraw = false
7.065025000018068	EXP	trial_label_right_2: autoDraw = false
7.065025000018068	EXP	feedback_text: autoDraw = false
7.065025000018068	EXP	button_left_2: autoDraw = false
7.065025000018068	EXP	button_right_2: autoDraw = false
7.065025000018068	EXP	trial_label_left_2: autoDraw = false
7.065025000018068	EXP	trial_label_right_2: autoDraw = false
7.065025000018068	EXP	prime_text: text = "tropic"
7.065025000018068	EXP	target: text = "ZOMBIE"
7.065025000018068	EXP	target: font = "Courier New"
7.065025000018068	EXP	fixation_mask: autoDraw = true
7.065025000018068	EXP	button_left: autoDraw = true
7.065025000018068	EXP	button_right: autoDraw = true
7.065025000018068	EXP	trial_label_right: autoDraw = true
7.065025000018068	EXP	trial_label_left_new: autoDraw = true
7.565470000030473	EXP	fixation_mask: autoDraw = false
7.587815000035334	EXP	prime_text: autoDraw = true
7.615325000020675	EXP	prime_text: autoDraw = false
7.6354600000195205	EXP	target: autoDraw = true
7.644350000016857	DATA	Mouse: wheel shift=(-100,0), pos=(892,813)
8.007165000017267	DATA	Mouse: 0 button down, pos=(527,804)
8.017645000014454	EXP	fixation_mask: autoDraw = false
8.017645000014454	EXP	prime_text: autoDraw = false
8.017645000014454	EXP	target: autoDraw = false
8.017645000014454	EXP	button_left: autoDraw = false
8.017645000014454	EXP	button_right: autoDraw = false
8.017645000014454	EXP	trial_label_right: autoDraw = false
8.017645000014454	EXP	trial_label_left_new: autoDraw = false
8.017645000014454	EXP	feedback_text: color = {"_hex":"#FF0000","_rgb":[1,0,0]}
8.017645000014454	EXP	feedback_text: text = "Incorrect"
8.017645000014454	EXP	feedback_text: autoDraw = true
8.017645000014454	EXP	button_left_2: autoDraw = true
8.017645000014454	EXP	button_right_2: autoDraw = true
8.017645000014454	EXP	trial_label_left_2: autoDraw = true
8.017645000014454	EXP	trial_label_right_2: autoDraw = true
8.108290000003763	DATA	Mouse: 0 button down, pos=(527,805)
8.186920000007376	DATA	Mouse: 0 button down, pos=(527,805)
8.27591999998549	DATA	Mouse: 0 button down, pos=(527,805)
8.515584999986459	EXP	feedback_text: autoDraw = false
8.515584999986459	EXP	button_left_2: autoDraw = false
8.515584999986459	EXP	button_right_2: autoDraw = false
8.515584999986459	EXP	trial_label_left_2: autoDraw = false
8.515584999986459	EXP	trial_label_right_2: autoDraw = false
8.515584999986459	EXP	feedback_text: autoDraw = false
8.515584999986459	EXP	button_left_2: autoDraw = false
8.515584999986459	EXP	button_right_2: autoDraw = false
8.515584999986459	EXP	trial_label_left_2: autoDraw = false
8.515584999986459	EXP	trial_label_right_2: autoDraw = false
8.515584999986459	EXP	prime_text: text = "frenzy"
8.515584999986459	EXP	target: text = "OBTAIN"
8.515584999986459	EXP	target: font = "Courier New"
8.515584999986459	EXP	fixation_mask: autoDraw = true
8.515584999986459	EXP	button_left: autoDraw = true
8.515584999986459	EXP	button_right: autoDraw = true
8.515584999986459	EXP	trial_label_right: autoDraw = true
8.515584999986459	EXP	trial_label_left_new: autoDraw = true
8.558795000019018	DATA	Mouse: 0 button down, pos=(591,806)
8.650284999981523	DATA	Mouse: 0 button down, pos=(591,806)
8.784265000023879	DATA	Mouse: 0 button down, pos=(585,807)
8.861035000008997	DATA	Mouse: 0 button down, pos=(583,807)
8.966635000018869	DATA	Mouse: 0 button down, pos=(583,807)
9.014780000026803	EXP	fixation_mask: autoDraw = false
9.033460000006016	EXP	prime_text: autoDraw = true
9.048045000003185	EXP	prime_text: autoDraw = false
9.065910000004806	EXP	target: autoDraw = true
9.06673000002047	DATA	Mouse: 0 button down, pos=(583,807)
9.18735000002198	DATA	Mouse: 0 button down, pos=(583,807)
9.200865000020713	EXP	fixation_mask: autoDraw = false
9.200865000020713	EXP	prime_text: autoDraw = false
9.200865000020713	EXP	target: autoDraw = false
9.200865000020713	EXP	button_left: autoDraw = false
9.200865000020713	EXP	button_right: autoDraw = false
9.200865000020713	EXP	trial_label_right: autoDraw = false
9.200865000020713	EXP	trial_label_left_new: autoDraw = false
9.200865000020713	EXP	feedback_text: color = {"_hex":"#FF0000","_rgb":[1,0,0]}
9.200865000020713	EXP	feedback_text: text = "Incorrect"
9.200865000020713	EXP	feedback_text: autoDraw = true
9.200865000020713	EXP	button_left_2: autoDraw = true
9.200865000020713	EXP	button_right_2: autoDraw = true
9.200865000020713	EXP	trial_label_left_2: autoDraw = true
9.200865000020713	EXP	trial_label_right_2: autoDraw = true
9.277579999994487	DATA	Mouse: 0 button down, pos=(583,807)
9.391170000017155	DATA	Mouse: 0 button down, pos=(582,807)
9.502380000019912	DATA	Mouse: 0 button down, pos=(581,807)
9.698239999997895	EXP	feedback_text: autoDraw = false
9.698239999997895	EXP	button_left_2: autoDraw = false
9.698239999997895	EXP	button_right_2: autoDraw = false
9.698239999997895	EXP	trial_label_left_2: autoDraw = false
9.698239999997895	EXP	trial_label_right_2: autoDraw = false
9.698239999997895	EXP	feedback_text: autoDraw = false
9.698239999997895	EXP	button_left_2: autoDraw = false
9.698239999997895	EXP	button_right_2: autoDraw = false
9.698239999997895	EXP	trial_label_left_2: autoDraw = false
9.698239999997895	EXP	trial_label_right_2: autoDraw = false
9.698239999997895	EXP	prime_text: text = "adveil"
9.698239999997895	EXP	target: text = "SPRINY"
9.698239999997895	EXP	target: font = "Courier New"
9.698239999997895	EXP	fixation_mask: autoDraw = true
9.698239999997895	EXP	button_left: autoDraw = true
9.698239999997895	EXP	button_right: autoDraw = true
9.698239999997895	EXP	trial_label_right: autoDraw = true
9.698239999997895	EXP	trial_label_left_new: autoDraw = true
9.717890000029001	DATA	Mouse: 0 button down, pos=(581,805)
9.818674999987707	DATA	Mouse: 0 button down, pos=(581,805)
9.918944999983069	DATA	Mouse: 0 button down, pos=(581,805)
10.008635000034701	DATA	Mouse: 0 button down, pos=(581,805)
10.132710000034422	DATA	Mouse: 0 button down, pos=(581,805)
10.198840000026394	EXP	fixation_mask: autoDraw = false
10.20120000001043	DATA	Mouse: 0 button down, pos=(579,804)
10.217984999995679	EXP	prime_text: autoDraw = true
10.231780000030994	EXP	prime_text: autoDraw = false
10.250080000027083	EXP	target: autoDraw = true
10.532620000012685	DATA	Mouse: 0 button down, pos=(596,787)
10.549430000013672	EXP	fixation_mask: autoDraw = false
10.549430000013672	EXP	prime_text: autoDraw = false
10.549430000013672	EXP	target: autoDraw = false
10.549430000013672	EXP	button_left: autoDraw = false
10.549430000013672	EXP	button_right: autoDraw = false
10.549430000013672	EXP	trial_label_right: autoDraw = false
10.549430000013672	EXP	trial_label_left_new: autoDraw = false
10.549430000013672	EXP	feedback_text: color = {"_hex":"#008000","_rgb":[0,0.5019607843137255,0]}
10.549430000013672	EXP	feedback_text: text = "Correct"
10.549430000013672	EXP	feedback_text: autoDraw = true
10.549430000013672	EXP	button_left_2: autoDraw = true
10.549430000013672	EXP	button_right_2: autoDraw = true
10.549430000013672	EXP	trial_label_left_2: autoDraw = true
10.549430000013672	EXP	trial_label_right_2: autoDraw = true
10.62736500002211	DATA	Mouse: 0 button down, pos=(595,789)
10.719450000033248	DATA	Mouse: 0 button down, pos=(595,789)
10.818819999985863	DATA	Mouse: 0 button down, pos=(595,789)
11.047925000020768	EXP	feedback_text: autoDraw = false
11.047925000020768	EXP	button_left_2: autoDraw = false
11.047925000020768	EXP	button_right_2: autoDraw = false
11.047925000020768	EXP	trial_label_left_2: autoDraw = false
11.047925000020768	EXP	trial_label_right_2: autoDraw = false
11.047925000020768	EXP	feedback_text: autoDraw = false
11.047925000020768	EXP	button_left_2: autoDraw = false
11.047925000020768	EXP	button_right_2: autoDraw = false
11.047925000020768	EXP	trial_label_left_2: autoDraw = false
11.047925000020768	EXP	trial_label_right_2: autoDraw = false
11.047925000020768	EXP	prime_text: text = "winfer"
11.047925000020768	EXP	target: text = "ROUPET"
11.047925000020768	EXP	target: font = "Courier New"
11.047925000020768	EXP	fixation_mask: autoDraw = true
11.047925000020768	EXP	button_left: autoDraw = true
11.047925000020768	EXP	button_right: autoDraw = true
11.047925000020768	EXP	trial_label_right: autoDraw = true
11.047925000020768	EXP	trial_label_left_new: autoDraw = true
11.549080000026152	EXP	fixation_mask: autoDraw = false
11.566344999999274	EXP	prime_text: autoDraw = true
11.582694999990053	EXP	prime_text: autoDraw = false
11.60042999999132	EXP	target: autoDraw = true
11.836705000023358	DATA	Keydown: Escape
