0.18999999999999995	EXP	Created Window = Window( name=Window, fullscr=true, color=#ffffff, units=height, waitBlanking=true, autoLog=true, size=[1924,1008] )
2.319	EXP	Created instructions = TextStim( name=instructions, win=Window( name=Window, fullscr=true, color=#ffffff, ~), autoDraw=null, autoLog=true, units=height, ori=null, opacity=1, pos=[0,0], size=undefined, text=default text, font=Courier New, color=#000000, contrast=1, height=0.035, bold=null, italic=null, alignHoriz=left, alignVert=center, wrapWidth=1, flipHoriz=null, flipVert=null )
2.325	EXP	Created instr_done_button = Rect( name=instr_done_button, win=Window( name=Window, fullscr=true, color=#ffffff, ~), autoDraw=null, autoLog=true, units=height, ori=null, opacity=1, pos=[0,-0.4], size=[1,1], lineWidth=1, lineColor=#000000, fillColor=#FFFFFF, vertices=[[-0.2,-0.05],[0.2,-0.05],[0.2,0.05],[-0.2,0.05]], closeShape=true, contrast=1, depth=-2, interpolate=true, width=0.4, height=0.1 )
2.327	EXP	Created instr_done_label = TextStim( name=instr_done_label, win=Window( name=Window, fullscr=true, color=#ffffff, ~), autoDraw=null, autoLog=true, units=height, ori=null, opacity=1, pos=[0,-0.4], size=undefined, text=Continue, font=Courier New, color=#000000, contrast=1, height=0.05, bold=null, italic=null, alignHoriz=left, alignVert=center, wrapWidth=1, flipHoriz=null, flipVert=null )
2.33	EXP	Created instructions_image = ImageStim( name=instructions_image, win=Window( name=Window, fullscr=true, color=#ffffff, ~), autoDraw=null, autoLog=true, units=height, ori=null, opacity=1, pos=[0,0], size=[0.4,0.3], image=undefined, mask=undefined, color=#ffffff, contrast=1, texRes=128, interpolate=true, depth=-6, flipHoriz=null, flipVert=null )
2.331	EXP	Created fixation_mask = TextStim( name=fixation_mask, win=Window( name=Window, fullscr=true, color=#ffffff, ~), autoDraw=null, autoLog=true, units=height, ori=null, opacity=1, pos=[0,0], size=undefined, text=######, font=Courier New, color=#000000, contrast=1, height=0.1, bold=null, italic=null, alignHoriz=left, alignVert=center, wrapWidth=1, flipHoriz=null, flipVert=null )
2.333	EXP	Created prime_text = TextStim( name=prime_text, win=Window( name=Window, fullscr=true, color=#ffffff, ~), autoDraw=null, autoLog=true, units=height, ori=null, opacity=1, pos=[0,0], size=undefined, text=default text, font=Courier New, color=#000000, contrast=1, height=0.1, bold=null, italic=null, alignHoriz=left, alignVert=center, wrapWidth=1, flipHoriz=null, flipVert=null )
2.334	EXP	Created target = TextStim( name=target, win=Window( name=Window, fullscr=true, color=#ffffff, ~), autoDraw=null, autoLog=true, units=height, ori=null, opacity=1, pos=[0,0], size=undefined, text=default text, font=Arial, color=#000000, contrast=1, height=0.1, bold=null, italic=null, alignHoriz=left, alignVert=center, wrapWidth=1, flipHoriz=null, flipVert=null )
2.339	EXP	Created button_left = Rect( name=button_left, win=Window( name=Window, fullscr=true, color=#ffffff, ~), autoDraw=null, autoLog=true, units=height, ori=null, opacity=1, pos=[-0.4,-0.3], size=[1,1], lineWidth=1, lineColor=#000000, fillColor=#FFFFFF, vertices=[[-0.2,-0.1],[0.2,-0.1],[0.2,0.1],[-0.2,0.1]], closeShape=true, contrast=1, depth=-5, interpolate=true, width=0.4, height=0.2 )
2.341	EXP	Created button_right = Rect( name=button_right, win=Window( name=Window, fullscr=true, color=#ffffff, ~), autoDraw=null, autoLog=true, units=height, ori=null, opacity=1, pos=[0.4,-0.3], size=[1,1], lineWidth=1, lineColor=#000000, fillColor=#FFFFFF, vertices=[[-0.2,-0.1],[0.2,-0.1],[0.2,0.1],[-0.2,0.1]], closeShape=true, contrast=1, depth=-6, interpolate=true, width=0.4, height=0.2 )
2.343	EXP	Created trial_label_right = TextStim( name=trial_label_right, win=Window( name=Window, fullscr=true, color=#ffffff, ~), autoDraw=null, autoLog=true, units=height, ori=null, opacity=1, pos=[0.4,-0.3], size=undefined, text=M = Word, font=Courier New, color=#000000, contrast=1, height=0.05, bold=null, italic=null, alignHoriz=left, alignVert=center, wrapWidth=1, flipHoriz=null, flipVert=null )
2.345	EXP	Created trial_label_left_new = TextStim( name=trial_label_left_new, win=Window( name=Window, fullscr=true, color=#ffffff, ~), autoDraw=null, autoLog=true, units=height, ori=null, opacity=1, pos=[-0.4,-0.3], size=undefined, text=Z = Nonword, font=Courier New, color=#000000, contrast=1, height=0.05, bold=null, italic=null, alignHoriz=left, alignVert=center, wrapWidth=1, flipHoriz=null, flipVert=null )
2.346	EXP	Created feedback_text = TextStim( name=feedback_text, win=Window( name=Window, fullscr=true, color=#ffffff, ~), autoDraw=null, autoLog=true, units=height, ori=null, opacity=1, pos=[0,0], size=undefined, text=default text, font=Courier New, color=#FFFFFF, contrast=1, height=0.05, bold=null, italic=null, alignHoriz=left, alignVert=center, wrapWidth=1, flipHoriz=null, flipVert=null )
2.349	EXP	Created button_left_2 = Rect( name=button_left_2, win=Window( name=Window, fullscr=true, color=#ffffff, ~), autoDraw=null, autoLog=true, units=height, ori=null, opacity=1, pos=[-0.4,-0.3], size=[1,1], lineWidth=1, lineColor=#000000, fillColor=#FFFFFF, vertices=[[-0.2,-0.1],[0.2,-0.1],[0.2,0.1],[-0.2,0.1]], closeShape=true, contrast=1, depth=-2, interpolate=true, width=0.4, height=0.2 )
2.358	EXP	Created button_right_2 = Rect( name=button_right_2, win=Window( name=Window, fullscr=true, color=#ffffff, ~), autoDraw=null, autoLog=true, units=height, ori=null, opacity=1, pos=[0.4,-0.3], size=[1,1], lineWidth=1, lineColor=#000000, fillColor=#FFFFFF, vertices=[[-0.2,-0.1],[0.2,-0.1],[0.2,0.1],[-0.2,0.1]], closeShape=true, contrast=1, depth=-3, interpolate=true, width=0.4, height=0.2 )
2.359	EXP	Created trial_label_left_2 = TextStim( name=trial_label_left_2, win=Window( name=Window, fullscr=true, color=#ffffff, ~), autoDraw=null, autoLog=true, units=height, ori=null, opacity=1, pos=[-0.4,-0.3], size=undefined, text=Z = Nonword, font=Courier New, color=#000000, contrast=1, height=0.05, bold=null, italic=null, alignHoriz=left, alignVert=center, wrapWidth=1, flipHoriz=null, flipVert=null )
2.361	EXP	Created trial_label_right_2 = TextStim( name=trial_label_right_2, win=Window( name=Window, fullscr=true, color=#ffffff, ~), autoDraw=null, autoLog=true, units=height, ori=null, opacity=1, pos=[0.4,-0.3], size=undefined, text=M = Word, font=Courier New, color=#000000, contrast=1, height=0.05, bold=null, italic=null, alignHoriz=left, alignVert=center, wrapWidth=1, flipHoriz=null, flipVert=null )
2.382	EXP	Created instructions = TextStim( name=instructions, win=Window( name=Window, fullscr=true, color=#ffffff, ~), autoDraw=null, autoLog=true, units=height, ori=null, opacity=1, pos=[0,0], size=undefined, text=default text, font=Courier New, color=#000000, contrast=1, height=0.035, bold=null, italic=null, alignHoriz=left, alignVert=center, wrapWidth=1, flipHoriz=null, flipVert=null )
2.386	EXP	Created instr_done_button = Rect( name=instr_done_button, win=Window( name=Window, fullscr=true, color=#ffffff, ~), autoDraw=null, autoLog=true, units=height, ori=null, opacity=1, pos=[0,-0.4], size=[1,1], lineWidth=1, lineColor=#000000, fillColor=#FFFFFF, vertices=[[-0.2,-0.05],[0.2,-0.05],[0.2,0.05],[-0.2,0.05]], closeShape=true, contrast=1, depth=-2, interpolate=true, width=0.4, height=0.1 )
2.388	EXP	Created instr_done_label = TextStim( name=instr_done_label, win=Window( name=Window, fullscr=true, color=#ffffff, ~), autoDraw=null, autoLog=true, units=height, ori=null, opacity=1, pos=[0,-0.4], size=undefined, text=Continue, font=Courier New, color=#000000, contrast=1, height=0.05, bold=null, italic=null, alignHoriz=left, alignVert=center, wrapWidth=1, flipHoriz=null, flipVert=null )
2.391	EXP	Created instructions_image = ImageStim( name=instructions_image, win=Window( name=Window, fullscr=true, color=#ffffff, ~), autoDraw=null, autoLog=true, units=height, ori=null, opacity=1, pos=[0,0], size=[0.4,0.3], image=undefined, mask=undefined, color=#ffffff, contrast=1, texRes=128, interpolate=true, depth=-6, flipHoriz=null, flipVert=null )
2.394	EXP	Created fixation_mask = TextStim( name=fixation_mask, win=Window( name=Window, fullscr=true, color=#ffffff, ~), autoDraw=null, autoLog=true, units=height, ori=null, opacity=1, pos=[0,0], size=undefined, text=######, font=Courier New, color=#000000, contrast=1, height=0.1, bold=null, italic=null, alignHoriz=left, alignVert=center, wrapWidth=1, flipHoriz=null, flipVert=null )
2.396	EXP	Created prime_text = TextStim( name=prime_text, win=Window( name=Window, fullscr=true, color=#ffffff, ~), autoDraw=null, autoLog=true, units=height, ori=null, opacity=1, pos=[0,0], size=undefined, text=default text, font=Courier New, color=#000000, contrast=1, height=0.1, bold=null, italic=null, alignHoriz=left, alignVert=center, wrapWidth=1, flipHoriz=null, flipVert=null )
2.3970000000000002	EXP	Created target = TextStim( name=target, win=Window( name=Window, fullscr=true, color=#ffffff, ~), autoDraw=null, autoLog=true, units=height, ori=null, opacity=1, pos=[0,0], size=undefined, text=default text, font=Arial, color=#000000, contrast=1, height=0.1, bold=null, italic=null, alignHoriz=left, alignVert=center, wrapWidth=1, flipHoriz=null, flipVert=null )
2.399	EXP	Created button_left = Rect( name=button_left, win=Window( name=Window, fullscr=true, color=#ffffff, ~), autoDraw=null, autoLog=true, units=height, ori=null, opacity=1, pos=[-0.4,-0.3], size=[1,1], lineWidth=1, lineColor=#000000, fillColor=#FFFFFF, vertices=[[-0.2,-0.1],[0.2,-0.1],[0.2,0.1],[-0.2,0.1]], closeShape=true, contrast=1, depth=-5, interpolate=true, width=0.4, height=0.2 )
2.402	EXP	Created button_right = Rect( name=button_right, win=Window( name=Window, fullscr=true, color=#ffffff, ~), autoDraw=null, autoLog=true, units=height, ori=null, opacity=1, pos=[0.4,-0.3], size=[1,1], lineWidth=1, lineColor=#000000, fillColor=#FFFFFF, vertices=[[-0.2,-0.1],[0.2,-0.1],[0.2,0.1],[-0.2,0.1]], closeShape=true, contrast=1, depth=-6, interpolate=true, width=0.4, height=0.2 )
2.404	EXP	Created trial_label_right = TextStim( name=trial_label_right, win=Window( name=Window, fullscr=true, color=#ffffff, ~), autoDraw=null, autoLog=true, units=height, ori=null, opacity=1, pos=[0.4,-0.3], size=undefined, text=M = Word, font=Courier New, color=#000000, contrast=1, height=0.05, bold=null, italic=null, alignHoriz=left, alignVert=center, wrapWidth=1, flipHoriz=null, flipVert=null )
2.406	EXP	Created trial_label_left_new = TextStim( name=trial_label_left_new, win=Window( name=Window, fullscr=true, color=#ffffff, ~), autoDraw=null, autoLog=true, units=height, ori=null, opacity=1, pos=[-0.4,-0.3], size=undefined, text=Z = Nonword, font=Courier New, color=#000000, contrast=1, height=0.05, bold=null, italic=null, alignHoriz=left, alignVert=center, wrapWidth=1, flipHoriz=null, flipVert=null )
2.407	EXP	Created feedback_text = TextStim( name=feedback_text, win=Window( name=Window, fullscr=true, color=#ffffff, ~), autoDraw=null, autoLog=true, units=height, ori=null, opacity=1, pos=[0,0], size=undefined, text=default text, font=Courier New, color=#FFFFFF, contrast=1, height=0.05, bold=null, italic=null, alignHoriz=left, alignVert=center, wrapWidth=1, flipHoriz=null, flipVert=null )
2.41	EXP	Created button_left_2 = Rect( name=button_left_2, win=Window( name=Window, fullscr=true, color=#ffffff, ~), autoDraw=null, autoLog=true, units=height, ori=null, opacity=1, pos=[-0.4,-0.3], size=[1,1], lineWidth=1, lineColor=#000000, fillColor=#FFFFFF, vertices=[[-0.2,-0.1],[0.2,-0.1],[0.2,0.1],[-0.2,0.1]], closeShape=true, contrast=1, depth=-2, interpolate=true, width=0.4, height=0.2 )
2.413	EXP	Created button_right_2 = Rect( name=button_right_2, win=Window( name=Window, fullscr=true, color=#ffffff, ~), autoDraw=null, autoLog=true, units=height, ori=null, opacity=1, pos=[0.4,-0.3], size=[1,1], lineWidth=1, lineColor=#000000, fillColor=#FFFFFF, vertices=[[-0.2,-0.1],[0.2,-0.1],[0.2,0.1],[-0.2,0.1]], closeShape=true, contrast=1, depth=-3, interpolate=true, width=0.4, height=0.2 )
2.413	EXP	Created trial_label_left_2 = TextStim( name=trial_label_left_2, win=Window( name=Window, fullscr=true, color=#ffffff, ~), autoDraw=null, autoLog=true, units=height, ori=null, opacity=1, pos=[-0.4,-0.3], size=undefined, text=Z = Nonword, font=Courier New, color=#000000, contrast=1, height=0.05, bold=null, italic=null, alignHoriz=left, alignVert=center, wrapWidth=1, flipHoriz=null, flipVert=null )
2.414	EXP	Created trial_label_right_2 = TextStim( name=trial_label_right_2, win=Window( name=Window, fullscr=true, color=#ffffff, ~), autoDraw=null, autoLog=true, units=height, ori=null, opacity=1, pos=[0.4,-0.3], size=undefined, text=M = Word, font=Courier New, color=#000000, contrast=1, height=0.05, bold=null, italic=null, alignHoriz=left, alignVert=center, wrapWidth=1, flipHoriz=null, flipVert=null )
2.416	EXP	Created break_text = TextStim( name=break_text, win=Window( name=Window, fullscr=true, color=#ffffff, ~), autoDraw=null, autoLog=true, units=height, ori=null, opacity=1, pos=[0,0], size=undefined, text=default text, font=Courier New, color=#000000, contrast=1, height=0.05, bold=null, italic=null, alignHoriz=left, alignVert=center, wrapWidth=1, flipHoriz=null, flipVert=null )
2.423	EXP	Created break_done_button = Rect( name=break_done_button, win=Window( name=Window, fullscr=true, color=#ffffff, ~), autoDraw=null, autoLog=true, units=height, ori=null, opacity=1, pos=[0,-0.4], size=[1,1], lineWidth=1, lineColor=#000000, fillColor=#FFFFFF, vertices=[[-0.2,-0.05],[0.2,-0.05],[0.2,0.05],[-0.2,0.05]], closeShape=true, contrast=1, depth=-4, interpolate=true, width=0.4, height=0.1 )
2.425	EXP	Created break_done_button_label = TextStim( name=break_done_button_label, win=Window( name=Window, fullscr=true, color=#ffffff, ~), autoDraw=null, autoLog=true, units=height, ori=null, opacity=1, pos=[0,-0.4], size=undefined, text=Continue, font=Courier New, color=#000000, contrast=1, height=0.05, bold=null, italic=null, alignHoriz=left, alignVert=center, wrapWidth=1, flipHoriz=null, flipVert=null )
2.426	EXP	Created thank_you = TextStim( name=thank_you, win=Window( name=Window, fullscr=true, color=#ffffff, ~), autoDraw=null, autoLog=true, units=height, ori=null, opacity=1, pos=[0,0], size=undefined, text=This is the end of the experiment.

Please do not ~, font=Courier New, color=#000000, contrast=1, height=1, bold=null, italic=null, alignHoriz=left, alignVert=center, wrapWidth=1, flipHoriz=null, flipVert=null )
2.542	EXP	instructions: units = "height"
2.542	EXP	instructions: ori = 0
2.542	EXP	instructions: opacity = 1
2.542	EXP	instructions: pos = [0,0]
2.542	EXP	instructions: size = undefined
2.542	EXP	instructions: text = "default text"
2.542	EXP	instructions: font = "Courier New"
2.542	EXP	instructions: color = {"_hex":"#000000","_rgb":[0,0,0]}
2.542	EXP	instructions: contrast = 1
2.542	EXP	instructions: height = 0.035
2.542	EXP	instructions: bold = false
2.542	EXP	instructions: italic = false
2.542	EXP	instructions: alignHoriz = "left"
2.542	EXP	instructions: alignVert = "center"
2.542	EXP	instructions: wrapWidth = 1
2.542	EXP	instructions: flipHoriz = false
2.542	EXP	instructions: flipVert = false
2.542	EXP	instr_done_button: units = "height"
2.542	EXP	instr_done_button: ori = 0
2.542	EXP	instr_done_button: opacity = 1
2.542	EXP	instr_done_button: pos = [0,-0.4]
2.542	EXP	instr_done_button: size = [1,1]
2.542	EXP	instr_done_button: lineWidth = 1
2.542	EXP	instr_done_button: lineColor = {"_hex":"#000000","_rgb":[0,0,0]}
2.542	EXP	instr_done_button: fillColor = {"_hex":"#FFFFFF","_rgb":[1,1,1]}
2.542	EXP	instr_done_button: vertices = [[-0.5,0],[0,0.5],[0.5,0]]
2.542	EXP	instr_done_button: closeShape = true
2.542	EXP	instr_done_button: contrast = 1
2.542	EXP	instr_done_button: depth = -2
2.542	EXP	instr_done_button: interpolate = true
2.542	EXP	instr_done_button: width = 0.4
2.542	EXP	instr_done_button: vertices = [[-0.2,null],[0.2,null],[0.2,null],[-0.2,null]]
2.542	EXP	instr_done_button: height = 0.1
2.542	EXP	instr_done_button: vertices = [[-0.2,-0.05],[0.2,-0.05],[0.2,0.05],[-0.2,0.05]]
2.542	EXP	instr_done_button: vertices = [[-0.2,-0.05],[0.2,-0.05],[0.2,0.05],[-0.2,0.05]]
2.542	EXP	instr_done_label: units = "height"
2.542	EXP	instr_done_label: ori = 0
2.542	EXP	instr_done_label: opacity = 1
2.542	EXP	instr_done_label: pos = [0,-0.4]
2.542	EXP	instr_done_label: size = undefined
2.542	EXP	instr_done_label: text = "Continue"
2.542	EXP	instr_done_label: font = "Courier New"
2.542	EXP	instr_done_label: color = {"_hex":"#000000","_rgb":[0,0,0]}
2.542	EXP	instr_done_label: contrast = 1
2.542	EXP	instr_done_label: height = 0.05
2.542	EXP	instr_done_label: bold = false
2.542	EXP	instr_done_label: italic = false
2.542	EXP	instr_done_label: alignHoriz = "left"
2.542	EXP	instr_done_label: alignVert = "center"
2.542	EXP	instr_done_label: wrapWidth = 1
2.542	EXP	instr_done_label: flipHoriz = false
2.542	EXP	instr_done_label: flipVert = false
2.542	EXP	instructions_image: units = "height"
2.542	EXP	instructions_image: ori = 0
2.542	EXP	instructions_image: opacity = 1
2.542	EXP	instructions_image: pos = [0,0]
2.542	EXP	instructions_image: size = [0.4,0.3]
2.542	EXP	instructions_image: image = undefined
2.542	EXP	instructions_image: mask = undefined
2.542	EXP	instructions_image: color = {"_rgb":[1,1,1]}
2.542	EXP	instructions_image: contrast = 1
2.542	EXP	instructions_image: texRes = 128
2.542	EXP	instructions_image: interpolate = true
2.542	EXP	instructions_image: depth = -6
2.542	EXP	instructions_image: flipHoriz = false
2.542	EXP	instructions_image: flipVert = false
2.542	EXP	fixation_mask: units = "height"
2.542	EXP	fixation_mask: ori = 0
2.542	EXP	fixation_mask: opacity = 1
2.542	EXP	fixation_mask: pos = [0,0]
2.542	EXP	fixation_mask: size = undefined
2.542	EXP	fixation_mask: text = "######"
2.542	EXP	fixation_mask: font = "Courier New"
2.542	EXP	fixation_mask: color = {"_hex":"#000000","_rgb":[0,0,0]}
2.542	EXP	fixation_mask: contrast = 1
2.542	EXP	fixation_mask: height = 0.1
2.542	EXP	fixation_mask: bold = false
2.542	EXP	fixation_mask: italic = false
2.542	EXP	fixation_mask: alignHoriz = "left"
2.542	EXP	fixation_mask: alignVert = "center"
2.542	EXP	fixation_mask: wrapWidth = 1
2.542	EXP	fixation_mask: flipHoriz = false
2.542	EXP	fixation_mask: flipVert = false
2.542	EXP	prime_text: units = "height"
2.542	EXP	prime_text: ori = 0
2.542	EXP	prime_text: opacity = 1
2.542	EXP	prime_text: pos = [0,0]
2.542	EXP	prime_text: size = undefined
2.542	EXP	prime_text: text = "default text"
2.542	EXP	prime_text: font = "Courier New"
2.542	EXP	prime_text: color = {"_hex":"#000000","_rgb":[0,0,0]}
2.542	EXP	prime_text: contrast = 1
2.542	EXP	prime_text: height = 0.1
2.542	EXP	prime_text: bold = false
2.542	EXP	prime_text: italic = false
2.542	EXP	prime_text: alignHoriz = "left"
2.542	EXP	prime_text: alignVert = "center"
2.542	EXP	prime_text: wrapWidth = 1
2.542	EXP	prime_text: flipHoriz = false
2.542	EXP	prime_text: flipVert = false
2.542	EXP	target: units = "height"
2.542	EXP	target: ori = 0
2.542	EXP	target: opacity = 1
2.542	EXP	target: pos = [0,0]
2.542	EXP	target: size = undefined
2.542	EXP	target: text = "default text"
2.542	EXP	target: font = "Arial"
2.542	EXP	target: color = {"_hex":"#000000","_rgb":[0,0,0]}
2.542	EXP	target: contrast = 1
2.542	EXP	target: height = 0.1
2.542	EXP	target: bold = false
2.542	EXP	target: italic = false
2.542	EXP	target: alignHoriz = "left"
2.542	EXP	target: alignVert = "center"
2.542	EXP	target: wrapWidth = 1
2.542	EXP	target: flipHoriz = false
2.542	EXP	target: flipVert = false
2.542	EXP	button_left: units = "height"
2.542	EXP	button_left: ori = 0
2.542	EXP	button_left: opacity = 1
2.542	EXP	button_left: pos = [-0.4,-0.3]
2.542	EXP	button_left: size = [1,1]
2.542	EXP	button_left: lineWidth = 1
2.542	EXP	button_left: lineColor = {"_hex":"#000000","_rgb":[0,0,0]}
2.542	EXP	button_left: fillColor = {"_hex":"#FFFFFF","_rgb":[1,1,1]}
2.542	EXP	button_left: vertices = [[-0.5,0],[0,0.5],[0.5,0]]
2.542	EXP	button_left: closeShape = true
2.542	EXP	button_left: contrast = 1
2.542	EXP	button_left: depth = -5
2.542	EXP	button_left: interpolate = true
2.542	EXP	button_left: width = 0.4
2.542	EXP	button_left: vertices = [[-0.2,null],[0.2,null],[0.2,null],[-0.2,null]]
2.542	EXP	button_left: height = 0.2
2.542	EXP	button_left: vertices = [[-0.2,-0.1],[0.2,-0.1],[0.2,0.1],[-0.2,0.1]]
2.542	EXP	button_left: vertices = [[-0.2,-0.1],[0.2,-0.1],[0.2,0.1],[-0.2,0.1]]
2.542	EXP	button_right: units = "height"
2.542	EXP	button_right: ori = 0
2.542	EXP	button_right: opacity = 1
2.542	EXP	button_right: pos = [0.4,-0.3]
2.542	EXP	button_right: size = [1,1]
2.542	EXP	button_right: lineWidth = 1
2.542	EXP	button_right: lineColor = {"_hex":"#000000","_rgb":[0,0,0]}
2.542	EXP	button_right: fillColor = {"_hex":"#FFFFFF","_rgb":[1,1,1]}
2.542	EXP	button_right: vertices = [[-0.5,0],[0,0.5],[0.5,0]]
2.542	EXP	button_right: closeShape = true
2.542	EXP	button_right: contrast = 1
2.542	EXP	button_right: depth = -6
2.542	EXP	button_right: interpolate = true
2.542	EXP	button_right: width = 0.4
2.542	EXP	button_right: vertices = [[-0.2,null],[0.2,null],[0.2,null],[-0.2,null]]
2.542	EXP	button_right: height = 0.2
2.542	EXP	button_right: vertices = [[-0.2,-0.1],[0.2,-0.1],[0.2,0.1],[-0.2,0.1]]
2.542	EXP	button_right: vertices = [[-0.2,-0.1],[0.2,-0.1],[0.2,0.1],[-0.2,0.1]]
2.542	EXP	trial_label_right: units = "height"
2.542	EXP	trial_label_right: ori = 0
2.542	EXP	trial_label_right: opacity = 1
2.542	EXP	trial_label_right: pos = [0.4,-0.3]
2.542	EXP	trial_label_right: size = undefined
2.542	EXP	trial_label_right: text = "M = Word"
2.542	EXP	trial_label_right: font = "Courier New"
2.542	EXP	trial_label_right: color = {"_hex":"#000000","_rgb":[0,0,0]}
2.542	EXP	trial_label_right: contrast = 1
2.542	EXP	trial_label_right: height = 0.05
2.542	EXP	trial_label_right: bold = false
2.542	EXP	trial_label_right: italic = false
2.542	EXP	trial_label_right: alignHoriz = "left"
2.542	EXP	trial_label_right: alignVert = "center"
2.542	EXP	trial_label_right: wrapWidth = 1
2.542	EXP	trial_label_right: flipHoriz = false
2.542	EXP	trial_label_right: flipVert = false
2.542	EXP	trial_label_left_new: units = "height"
2.542	EXP	trial_label_left_new: ori = 0
2.542	EXP	trial_label_left_new: opacity = 1
2.542	EXP	trial_label_left_new: pos = [-0.4,-0.3]
2.542	EXP	trial_label_left_new: size = undefined
2.542	EXP	trial_label_left_new: text = "Z = Nonword"
2.542	EXP	trial_label_left_new: font = "Courier New"
2.542	EXP	trial_label_left_new: color = {"_hex":"#000000","_rgb":[0,0,0]}
2.542	EXP	trial_label_left_new: contrast = 1
2.542	EXP	trial_label_left_new: height = 0.05
2.542	EXP	trial_label_left_new: bold = false
2.542	EXP	trial_label_left_new: italic = false
2.542	EXP	trial_label_left_new: alignHoriz = "left"
2.542	EXP	trial_label_left_new: alignVert = "center"
2.542	EXP	trial_label_left_new: wrapWidth = 1
2.542	EXP	trial_label_left_new: flipHoriz = false
2.542	EXP	trial_label_left_new: flipVert = false
2.542	EXP	feedback_text: units = "height"
2.542	EXP	feedback_text: ori = 0
2.542	EXP	feedback_text: opacity = 1
2.542	EXP	feedback_text: pos = [0,0]
2.542	EXP	feedback_text: size = undefined
2.542	EXP	feedback_text: text = "default text"
2.542	EXP	feedback_text: font = "Courier New"
2.542	EXP	feedback_text: color = {"_hex":"#FFFFFF","_rgb":[1,1,1]}
2.542	EXP	feedback_text: contrast = 1
2.542	EXP	feedback_text: height = 0.05
2.542	EXP	feedback_text: bold = false
2.542	EXP	feedback_text: italic = false
2.542	EXP	feedback_text: alignHoriz = "left"
2.542	EXP	feedback_text: alignVert = "center"
2.542	EXP	feedback_text: wrapWidth = 1
2.542	EXP	feedback_text: flipHoriz = false
2.542	EXP	feedback_text: flipVert = false
2.542	EXP	button_left_2: units = "height"
2.542	EXP	button_left_2: ori = 0
2.542	EXP	button_left_2: opacity = 1
2.542	EXP	button_left_2: pos = [-0.4,-0.3]
2.542	EXP	button_left_2: size = [1,1]
2.542	EXP	button_left_2: lineWidth = 1
2.542	EXP	button_left_2: lineColor = {"_hex":"#000000","_rgb":[0,0,0]}
2.542	EXP	button_left_2: fillColor = {"_hex":"#FFFFFF","_rgb":[1,1,1]}
2.542	EXP	button_left_2: vertices = [[-0.5,0],[0,0.5],[0.5,0]]
2.542	EXP	button_left_2: closeShape = true
2.542	EXP	button_left_2: contrast = 1
2.542	EXP	button_left_2: depth = -2
2.542	EXP	button_left_2: interpolate = true
2.542	EXP	button_left_2: width = 0.4
2.542	EXP	button_left_2: vertices = [[-0.2,null],[0.2,null],[0.2,null],[-0.2,null]]
2.542	EXP	button_left_2: height = 0.2
2.542	EXP	button_left_2: vertices = [[-0.2,-0.1],[0.2,-0.1],[0.2,0.1],[-0.2,0.1]]
2.542	EXP	button_left_2: vertices = [[-0.2,-0.1],[0.2,-0.1],[0.2,0.1],[-0.2,0.1]]
2.542	EXP	button_right_2: units = "height"
2.542	EXP	button_right_2: ori = 0
2.542	EXP	button_right_2: opacity = 1
2.542	EXP	button_right_2: pos = [0.4,-0.3]
2.542	EXP	button_right_2: size = [1,1]
2.542	EXP	button_right_2: lineWidth = 1
2.542	EXP	button_right_2: lineColor = {"_hex":"#000000","_rgb":[0,0,0]}
2.542	EXP	button_right_2: fillColor = {"_hex":"#FFFFFF","_rgb":[1,1,1]}
2.542	EXP	button_right_2: vertices = [[-0.5,0],[0,0.5],[0.5,0]]
2.542	EXP	button_right_2: closeShape = true
2.542	EXP	button_right_2: contrast = 1
2.542	EXP	button_right_2: depth = -3
2.542	EXP	button_right_2: interpolate = true
2.542	EXP	button_right_2: width = 0.4
2.542	EXP	button_right_2: vertices = [[-0.2,null],[0.2,null],[0.2,null],[-0.2,null]]
2.542	EXP	button_right_2: height = 0.2
2.542	EXP	button_right_2: vertices = [[-0.2,-0.1],[0.2,-0.1],[0.2,0.1],[-0.2,0.1]]
2.542	EXP	button_right_2: vertices = [[-0.2,-0.1],[0.2,-0.1],[0.2,0.1],[-0.2,0.1]]
2.542	EXP	trial_label_left_2: units = "height"
2.542	EXP	trial_label_left_2: ori = 0
2.542	EXP	trial_label_left_2: opacity = 1
2.542	EXP	trial_label_left_2: pos = [-0.4,-0.3]
2.542	EXP	trial_label_left_2: size = undefined
2.542	EXP	trial_label_left_2: text = "Z = Nonword"
2.542	EXP	trial_label_left_2: font = "Courier New"
2.542	EXP	trial_label_left_2: color = {"_hex":"#000000","_rgb":[0,0,0]}
2.542	EXP	trial_label_left_2: contrast = 1
2.542	EXP	trial_label_left_2: height = 0.05
2.542	EXP	trial_label_left_2: bold = false
2.542	EXP	trial_label_left_2: italic = false
2.542	EXP	trial_label_left_2: alignHoriz = "left"
2.542	EXP	trial_label_left_2: alignVert = "center"
2.542	EXP	trial_label_left_2: wrapWidth = 1
2.542	EXP	trial_label_left_2: flipHoriz = false
2.542	EXP	trial_label_left_2: flipVert = false
2.542	EXP	trial_label_right_2: units = "height"
2.542	EXP	trial_label_right_2: ori = 0
2.542	EXP	trial_label_right_2: opacity = 1
2.542	EXP	trial_label_right_2: pos = [0.4,-0.3]
2.542	EXP	trial_label_right_2: size = undefined
2.542	EXP	trial_label_right_2: text = "M = Word"
2.542	EXP	trial_label_right_2: font = "Courier New"
2.542	EXP	trial_label_right_2: color = {"_hex":"#000000","_rgb":[0,0,0]}
2.542	EXP	trial_label_right_2: contrast = 1
2.542	EXP	trial_label_right_2: height = 0.05
2.542	EXP	trial_label_right_2: bold = false
2.542	EXP	trial_label_right_2: italic = false
2.542	EXP	trial_label_right_2: alignHoriz = "left"
2.542	EXP	trial_label_right_2: alignVert = "center"
2.542	EXP	trial_label_right_2: wrapWidth = 1
2.542	EXP	trial_label_right_2: flipHoriz = false
2.542	EXP	trial_label_right_2: flipVert = false
2.542	EXP	instructions: units = "height"
2.542	EXP	instructions: ori = 0
2.542	EXP	instructions: opacity = 1
2.542	EXP	instructions: pos = [0,0]
2.542	EXP	instructions: size = undefined
2.542	EXP	instructions: text = "default text"
2.542	EXP	instructions: font = "Courier New"
2.542	EXP	instructions: color = {"_hex":"#000000","_rgb":[0,0,0]}
2.542	EXP	instructions: contrast = 1
2.542	EXP	instructions: height = 0.035
2.542	EXP	instructions: bold = false
2.542	EXP	instructions: italic = false
2.542	EXP	instructions: alignHoriz = "left"
2.542	EXP	instructions: alignVert = "center"
2.542	EXP	instructions: wrapWidth = 1
2.542	EXP	instructions: flipHoriz = false
2.542	EXP	instructions: flipVert = false
2.542	EXP	instr_done_button: units = "height"
2.542	EXP	instr_done_button: ori = 0
2.542	EXP	instr_done_button: opacity = 1
2.542	EXP	instr_done_button: pos = [0,-0.4]
2.542	EXP	instr_done_button: size = [1,1]
2.542	EXP	instr_done_button: lineWidth = 1
2.542	EXP	instr_done_button: lineColor = {"_hex":"#000000","_rgb":[0,0,0]}
2.542	EXP	instr_done_button: fillColor = {"_hex":"#FFFFFF","_rgb":[1,1,1]}
2.542	EXP	instr_done_button: vertices = [[-0.5,0],[0,0.5],[0.5,0]]
2.542	EXP	instr_done_button: closeShape = true
2.542	EXP	instr_done_button: contrast = 1
2.542	EXP	instr_done_button: depth = -2
2.542	EXP	instr_done_button: interpolate = true
2.542	EXP	instr_done_button: width = 0.4
2.542	EXP	instr_done_button: vertices = [[-0.2,null],[0.2,null],[0.2,null],[-0.2,null]]
2.542	EXP	instr_done_button: height = 0.1
2.542	EXP	instr_done_button: vertices = [[-0.2,-0.05],[0.2,-0.05],[0.2,0.05],[-0.2,0.05]]
2.542	EXP	instr_done_button: vertices = [[-0.2,-0.05],[0.2,-0.05],[0.2,0.05],[-0.2,0.05]]
2.542	EXP	instr_done_label: units = "height"
2.542	EXP	instr_done_label: ori = 0
2.542	EXP	instr_done_label: opacity = 1
2.542	EXP	instr_done_label: pos = [0,-0.4]
2.542	EXP	instr_done_label: size = undefined
2.542	EXP	instr_done_label: text = "Continue"
2.542	EXP	instr_done_label: font = "Courier New"
2.542	EXP	instr_done_label: color = {"_hex":"#000000","_rgb":[0,0,0]}
2.542	EXP	instr_done_label: contrast = 1
2.542	EXP	instr_done_label: height = 0.05
2.542	EXP	instr_done_label: bold = false
2.542	EXP	instr_done_label: italic = false
2.542	EXP	instr_done_label: alignHoriz = "left"
2.542	EXP	instr_done_label: alignVert = "center"
2.542	EXP	instr_done_label: wrapWidth = 1
2.542	EXP	instr_done_label: flipHoriz = false
2.542	EXP	instr_done_label: flipVert = false
2.542	EXP	instructions_image: units = "height"
2.542	EXP	instructions_image: ori = 0
2.542	EXP	instructions_image: opacity = 1
2.542	EXP	instructions_image: pos = [0,0]
2.542	EXP	instructions_image: size = [0.4,0.3]
2.542	EXP	instructions_image: image = undefined
2.542	EXP	instructions_image: mask = undefined
2.542	EXP	instructions_image: color = {"_rgb":[1,1,1]}
2.542	EXP	instructions_image: contrast = 1
2.542	EXP	instructions_image: texRes = 128
2.542	EXP	instructions_image: interpolate = true
2.542	EXP	instructions_image: depth = -6
2.542	EXP	instructions_image: flipHoriz = false
2.542	EXP	instructions_image: flipVert = false
2.542	EXP	fixation_mask: units = "height"
2.542	EXP	fixation_mask: ori = 0
2.542	EXP	fixation_mask: opacity = 1
2.542	EXP	fixation_mask: pos = [0,0]
2.542	EXP	fixation_mask: size = undefined
2.542	EXP	fixation_mask: text = "######"
2.542	EXP	fixation_mask: font = "Courier New"
2.542	EXP	fixation_mask: color = {"_hex":"#000000","_rgb":[0,0,0]}
2.542	EXP	fixation_mask: contrast = 1
2.542	EXP	fixation_mask: height = 0.1
2.542	EXP	fixation_mask: bold = false
2.542	EXP	fixation_mask: italic = false
2.542	EXP	fixation_mask: alignHoriz = "left"
2.542	EXP	fixation_mask: alignVert = "center"
2.542	EXP	fixation_mask: wrapWidth = 1
2.542	EXP	fixation_mask: flipHoriz = false
2.542	EXP	fixation_mask: flipVert = false
2.542	EXP	prime_text: units = "height"
2.542	EXP	prime_text: ori = 0
2.542	EXP	prime_text: opacity = 1
2.542	EXP	prime_text: pos = [0,0]
2.542	EXP	prime_text: size = undefined
2.542	EXP	prime_text: text = "default text"
2.542	EXP	prime_text: font = "Courier New"
2.542	EXP	prime_text: color = {"_hex":"#000000","_rgb":[0,0,0]}
2.542	EXP	prime_text: contrast = 1
2.542	EXP	prime_text: height = 0.1
2.542	EXP	prime_text: bold = false
2.542	EXP	prime_text: italic = false
2.542	EXP	prime_text: alignHoriz = "left"
2.542	EXP	prime_text: alignVert = "center"
2.542	EXP	prime_text: wrapWidth = 1
2.542	EXP	prime_text: flipHoriz = false
2.542	EXP	prime_text: flipVert = false
2.542	EXP	target: units = "height"
2.542	EXP	target: ori = 0
2.542	EXP	target: opacity = 1
2.542	EXP	target: pos = [0,0]
2.542	EXP	target: size = undefined
2.542	EXP	target: text = "default text"
2.542	EXP	target: font = "Arial"
2.542	EXP	target: color = {"_hex":"#000000","_rgb":[0,0,0]}
2.542	EXP	target: contrast = 1
2.542	EXP	target: height = 0.1
2.542	EXP	target: bold = false
2.542	EXP	target: italic = false
2.542	EXP	target: alignHoriz = "left"
2.542	EXP	target: alignVert = "center"
2.542	EXP	target: wrapWidth = 1
2.542	EXP	target: flipHoriz = false
2.542	EXP	target: flipVert = false
2.542	EXP	button_left: units = "height"
2.542	EXP	button_left: ori = 0
2.542	EXP	button_left: opacity = 1
2.542	EXP	button_left: pos = [-0.4,-0.3]
2.542	EXP	button_left: size = [1,1]
2.542	EXP	button_left: lineWidth = 1
2.542	EXP	button_left: lineColor = {"_hex":"#000000","_rgb":[0,0,0]}
2.542	EXP	button_left: fillColor = {"_hex":"#FFFFFF","_rgb":[1,1,1]}
2.542	EXP	button_left: vertices = [[-0.5,0],[0,0.5],[0.5,0]]
2.542	EXP	button_left: closeShape = true
2.542	EXP	button_left: contrast = 1
2.542	EXP	button_left: depth = -5
2.542	EXP	button_left: interpolate = true
2.542	EXP	button_left: width = 0.4
2.542	EXP	button_left: vertices = [[-0.2,null],[0.2,null],[0.2,null],[-0.2,null]]
2.542	EXP	button_left: height = 0.2
2.542	EXP	button_left: vertices = [[-0.2,-0.1],[0.2,-0.1],[0.2,0.1],[-0.2,0.1]]
2.542	EXP	button_left: vertices = [[-0.2,-0.1],[0.2,-0.1],[0.2,0.1],[-0.2,0.1]]
2.542	EXP	button_right: units = "height"
2.542	EXP	button_right: ori = 0
2.542	EXP	button_right: opacity = 1
2.542	EXP	button_right: pos = [0.4,-0.3]
2.542	EXP	button_right: size = [1,1]
2.542	EXP	button_right: lineWidth = 1
2.542	EXP	button_right: lineColor = {"_hex":"#000000","_rgb":[0,0,0]}
2.542	EXP	button_right: fillColor = {"_hex":"#FFFFFF","_rgb":[1,1,1]}
2.542	EXP	button_right: vertices = [[-0.5,0],[0,0.5],[0.5,0]]
2.542	EXP	button_right: closeShape = true
2.542	EXP	button_right: contrast = 1
2.542	EXP	button_right: depth = -6
2.542	EXP	button_right: interpolate = true
2.542	EXP	button_right: width = 0.4
2.542	EXP	button_right: vertices = [[-0.2,null],[0.2,null],[0.2,null],[-0.2,null]]
2.542	EXP	button_right: height = 0.2
2.542	EXP	button_right: vertices = [[-0.2,-0.1],[0.2,-0.1],[0.2,0.1],[-0.2,0.1]]
2.542	EXP	button_right: vertices = [[-0.2,-0.1],[0.2,-0.1],[0.2,0.1],[-0.2,0.1]]
2.542	EXP	trial_label_right: units = "height"
2.542	EXP	trial_label_right: ori = 0
2.542	EXP	trial_label_right: opacity = 1
2.542	EXP	trial_label_right: pos = [0.4,-0.3]
2.542	EXP	trial_label_right: size = undefined
2.542	EXP	trial_label_right: text = "M = Word"
2.542	EXP	trial_label_right: font = "Courier New"
2.542	EXP	trial_label_right: color = {"_hex":"#000000","_rgb":[0,0,0]}
2.542	EXP	trial_label_right: contrast = 1
2.542	EXP	trial_label_right: height = 0.05
2.542	EXP	trial_label_right: bold = false
2.542	EXP	trial_label_right: italic = false
2.542	EXP	trial_label_right: alignHoriz = "left"
2.542	EXP	trial_label_right: alignVert = "center"
2.542	EXP	trial_label_right: wrapWidth = 1
2.542	EXP	trial_label_right: flipHoriz = false
2.542	EXP	trial_label_right: flipVert = false
2.542	EXP	trial_label_left_new: units = "height"
2.542	EXP	trial_label_left_new: ori = 0
2.542	EXP	trial_label_left_new: opacity = 1
2.542	EXP	trial_label_left_new: pos = [-0.4,-0.3]
2.542	EXP	trial_label_left_new: size = undefined
2.542	EXP	trial_label_left_new: text = "Z = Nonword"
2.542	EXP	trial_label_left_new: font = "Courier New"
2.542	EXP	trial_label_left_new: color = {"_hex":"#000000","_rgb":[0,0,0]}
2.542	EXP	trial_label_left_new: contrast = 1
2.542	EXP	trial_label_left_new: height = 0.05
2.542	EXP	trial_label_left_new: bold = false
2.542	EXP	trial_label_left_new: italic = false
2.542	EXP	trial_label_left_new: alignHoriz = "left"
2.542	EXP	trial_label_left_new: alignVert = "center"
2.542	EXP	trial_label_left_new: wrapWidth = 1
2.542	EXP	trial_label_left_new: flipHoriz = false
2.542	EXP	trial_label_left_new: flipVert = false
2.542	EXP	feedback_text: units = "height"
2.542	EXP	feedback_text: ori = 0
2.542	EXP	feedback_text: opacity = 1
2.542	EXP	feedback_text: pos = [0,0]
2.542	EXP	feedback_text: size = undefined
2.542	EXP	feedback_text: text = "default text"
2.542	EXP	feedback_text: font = "Courier New"
2.542	EXP	feedback_text: color = {"_hex":"#FFFFFF","_rgb":[1,1,1]}
2.542	EXP	feedback_text: contrast = 1
2.542	EXP	feedback_text: height = 0.05
2.542	EXP	feedback_text: bold = false
2.542	EXP	feedback_text: italic = false
2.542	EXP	feedback_text: alignHoriz = "left"
2.542	EXP	feedback_text: alignVert = "center"
2.542	EXP	feedback_text: wrapWidth = 1
2.542	EXP	feedback_text: flipHoriz = false
2.542	EXP	feedback_text: flipVert = false
2.542	EXP	button_left_2: units = "height"
2.542	EXP	button_left_2: ori = 0
2.542	EXP	button_left_2: opacity = 1
2.542	EXP	button_left_2: pos = [-0.4,-0.3]
2.542	EXP	button_left_2: size = [1,1]
2.542	EXP	button_left_2: lineWidth = 1
2.542	EXP	button_left_2: lineColor = {"_hex":"#000000","_rgb":[0,0,0]}
2.542	EXP	button_left_2: fillColor = {"_hex":"#FFFFFF","_rgb":[1,1,1]}
2.542	EXP	button_left_2: vertices = [[-0.5,0],[0,0.5],[0.5,0]]
2.542	EXP	button_left_2: closeShape = true
2.542	EXP	button_left_2: contrast = 1
2.542	EXP	button_left_2: depth = -2
2.542	EXP	button_left_2: interpolate = true
2.542	EXP	button_left_2: width = 0.4
2.542	EXP	button_left_2: vertices = [[-0.2,null],[0.2,null],[0.2,null],[-0.2,null]]
2.542	EXP	button_left_2: height = 0.2
2.542	EXP	button_left_2: vertices = [[-0.2,-0.1],[0.2,-0.1],[0.2,0.1],[-0.2,0.1]]
2.542	EXP	button_left_2: vertices = [[-0.2,-0.1],[0.2,-0.1],[0.2,0.1],[-0.2,0.1]]
2.542	EXP	button_right_2: units = "height"
2.542	EXP	button_right_2: ori = 0
2.542	EXP	button_right_2: opacity = 1
2.542	EXP	button_right_2: pos = [0.4,-0.3]
2.542	EXP	button_right_2: size = [1,1]
2.542	EXP	button_right_2: lineWidth = 1
2.542	EXP	button_right_2: lineColor = {"_hex":"#000000","_rgb":[0,0,0]}
2.542	EXP	button_right_2: fillColor = {"_hex":"#FFFFFF","_rgb":[1,1,1]}
2.542	EXP	button_right_2: vertices = [[-0.5,0],[0,0.5],[0.5,0]]
2.542	EXP	button_right_2: closeShape = true
2.542	EXP	button_right_2: contrast = 1
2.542	EXP	button_right_2: depth = -3
2.542	EXP	button_right_2: interpolate = true
2.542	EXP	button_right_2: width = 0.4
2.542	EXP	button_right_2: vertices = [[-0.2,null],[0.2,null],[0.2,null],[-0.2,null]]
2.542	EXP	button_right_2: height = 0.2
2.542	EXP	button_right_2: vertices = [[-0.2,-0.1],[0.2,-0.1],[0.2,0.1],[-0.2,0.1]]
2.542	EXP	button_right_2: vertices = [[-0.2,-0.1],[0.2,-0.1],[0.2,0.1],[-0.2,0.1]]
2.542	EXP	trial_label_left_2: units = "height"
2.542	EXP	trial_label_left_2: ori = 0
2.542	EXP	trial_label_left_2: opacity = 1
2.542	EXP	trial_label_left_2: pos = [-0.4,-0.3]
2.542	EXP	trial_label_left_2: size = undefined
2.542	EXP	trial_label_left_2: text = "Z = Nonword"
2.542	EXP	trial_label_left_2: font = "Courier New"
2.542	EXP	trial_label_left_2: color = {"_hex":"#000000","_rgb":[0,0,0]}
2.542	EXP	trial_label_left_2: contrast = 1
2.542	EXP	trial_label_left_2: height = 0.05
2.542	EXP	trial_label_left_2: bold = false
2.542	EXP	trial_label_left_2: italic = false
2.542	EXP	trial_label_left_2: alignHoriz = "left"
2.542	EXP	trial_label_left_2: alignVert = "center"
2.542	EXP	trial_label_left_2: wrapWidth = 1
2.542	EXP	trial_label_left_2: flipHoriz = false
2.542	EXP	trial_label_left_2: flipVert = false
2.542	EXP	trial_label_right_2: units = "height"
2.542	EXP	trial_label_right_2: ori = 0
2.542	EXP	trial_label_right_2: opacity = 1
2.542	EXP	trial_label_right_2: pos = [0.4,-0.3]
2.542	EXP	trial_label_right_2: size = undefined
2.542	EXP	trial_label_right_2: text = "M = Word"
2.542	EXP	trial_label_right_2: font = "Courier New"
2.542	EXP	trial_label_right_2: color = {"_hex":"#000000","_rgb":[0,0,0]}
2.542	EXP	trial_label_right_2: contrast = 1
2.542	EXP	trial_label_right_2: height = 0.05
2.542	EXP	trial_label_right_2: bold = false
2.542	EXP	trial_label_right_2: italic = false
2.542	EXP	trial_label_right_2: alignHoriz = "left"
2.542	EXP	trial_label_right_2: alignVert = "center"
2.542	EXP	trial_label_right_2: wrapWidth = 1
2.542	EXP	trial_label_right_2: flipHoriz = false
2.542	EXP	trial_label_right_2: flipVert = false
2.542	EXP	break_text: units = "height"
2.542	EXP	break_text: ori = 0
2.542	EXP	break_text: opacity = 1
2.542	EXP	break_text: pos = [0,0]
2.542	EXP	break_text: size = undefined
2.542	EXP	break_text: text = "default text"
2.542	EXP	break_text: font = "Courier New"
2.542	EXP	break_text: color = {"_hex":"#000000","_rgb":[0,0,0]}
2.542	EXP	break_text: contrast = 1
2.542	EXP	break_text: height = 0.05
2.542	EXP	break_text: bold = false
2.542	EXP	break_text: italic = false
2.542	EXP	break_text: alignHoriz = "left"
2.542	EXP	break_text: alignVert = "center"
2.542	EXP	break_text: wrapWidth = 1
2.542	EXP	break_text: flipHoriz = false
2.542	EXP	break_text: flipVert = false
2.542	EXP	break_done_button: units = "height"
2.542	EXP	break_done_button: ori = 0
2.542	EXP	break_done_button: opacity = 1
2.542	EXP	break_done_button: pos = [0,-0.4]
2.542	EXP	break_done_button: size = [1,1]
2.542	EXP	break_done_button: lineWidth = 1
2.542	EXP	break_done_button: lineColor = {"_hex":"#000000","_rgb":[0,0,0]}
2.542	EXP	break_done_button: fillColor = {"_hex":"#FFFFFF","_rgb":[1,1,1]}
2.542	EXP	break_done_button: vertices = [[-0.5,0],[0,0.5],[0.5,0]]
2.542	EXP	break_done_button: closeShape = true
2.542	EXP	break_done_button: contrast = 1
2.542	EXP	break_done_button: depth = -4
2.542	EXP	break_done_button: interpolate = true
2.542	EXP	break_done_button: width = 0.4
2.542	EXP	break_done_button: vertices = [[-0.2,null],[0.2,null],[0.2,null],[-0.2,null]]
2.542	EXP	break_done_button: height = 0.1
2.542	EXP	break_done_button: vertices = [[-0.2,-0.05],[0.2,-0.05],[0.2,0.05],[-0.2,0.05]]
2.542	EXP	break_done_button: vertices = [[-0.2,-0.05],[0.2,-0.05],[0.2,0.05],[-0.2,0.05]]
2.542	EXP	break_done_button_label: units = "height"
2.542	EXP	break_done_button_label: ori = 0
2.542	EXP	break_done_button_label: opacity = 1
2.542	EXP	break_done_button_label: pos = [0,-0.4]
2.542	EXP	break_done_button_label: size = undefined
2.542	EXP	break_done_button_label: text = "Continue"
2.542	EXP	break_done_button_label: font = "Courier New"
2.542	EXP	break_done_button_label: color = {"_hex":"#000000","_rgb":[0,0,0]}
2.542	EXP	break_done_button_label: contrast = 1
2.542	EXP	break_done_button_label: height = 0.05
2.542	EXP	break_done_button_label: bold = false
2.542	EXP	break_done_button_label: italic = false
2.542	EXP	break_done_button_label: alignHoriz = "left"
2.542	EXP	break_done_button_label: alignVert = "center"
2.542	EXP	break_done_button_label: wrapWidth = 1
2.542	EXP	break_done_button_label: flipHoriz = false
2.542	EXP	break_done_button_label: flipVert = false
2.542	EXP	thank_you: units = "height"
2.542	EXP	thank_you: ori = 0
2.542	EXP	thank_you: opacity = 1
2.542	EXP	thank_you: pos = [0,0]
2.542	EXP	thank_you: size = undefined
2.542	EXP	thank_you: text = "This is the end of the experiment.\n\nPlease do not close this window until you have been redirected to the debriefing page. \n\nYou must go to the debriefing page in order for your participation to be recorded."
2.542	EXP	thank_you: font = "Courier New"
2.542	EXP	thank_you: color = {"_hex":"#000000","_rgb":[0,0,0]}
2.542	EXP	thank_you: contrast = 1
2.542	EXP	thank_you: height = 1
2.542	EXP	thank_you: bold = false
2.542	EXP	thank_you: italic = false
2.542	EXP	thank_you: alignHoriz = "left"
2.542	EXP	thank_you: alignVert = "center"
2.542	EXP	thank_you: wrapWidth = 1
2.542	EXP	thank_you: flipHoriz = false
2.542	EXP	thank_you: flipVert = false
2.542	EXP	instructions: text = "INSTRUCTIONS\r\nAt the start of each trial, look at the hash marks (######) in the center of the screen. After a moment, a string of letters will appear. Your task is to indicate if the letter string forms a word or not (i.e., if it is a nonword). For example, AUTHOR is a word while AUTHON is a nonword.\r\n\r\nPress the space bar or touch the button below to continue."
2.542	EXP	instructions_image: image = undefined
2.542	EXP	instructions: autoDraw = true
2.542	EXP	instr_done_button: autoDraw = true
2.542	EXP	instr_done_label: autoDraw = true
2.545	DATA	Mouse: wheel shift=(0,3), pos=(846,479)
3.9859999999999998	DATA	Mouse: 0 button down, pos=(984,968)
4.014	EXP	instructions: autoDraw = false
4.014	EXP	instr_done_button: autoDraw = false
4.014	EXP	instr_done_label: autoDraw = false
4.014	EXP	instructions_image: autoDraw = false
4.014	EXP	instructions: text = "If your device has a keyboard, press the 'Z' key for nonwords and the 'M' key for words.\r\n\r\n\r\n\r\n\r\n\r\nPress the space bar or touch the button below to continue."
4.014	EXP	instructions_image: image = {}
4.014	EXP	instructions: autoDraw = true
4.014	EXP	instr_done_button: autoDraw = true
4.014	EXP	instr_done_label: autoDraw = true
4.014	EXP	instructions_image: autoDraw = true
4.133	DATA	Mouse: 0 button down, pos=(984,968)
4.812	DATA	Mouse: 0 button down, pos=(984,968)
4.845	EXP	instructions: autoDraw = false
4.845	EXP	instr_done_button: autoDraw = false
4.845	EXP	instr_done_label: autoDraw = false
4.845	EXP	instructions_image: autoDraw = false
4.845	EXP	instructions: text = "If you are using a touchscreen only device, use the buttons on the screen. Do not use the mouse.\r\n\r\n\r\n\r\n\r\n\r\nPress the space bar or touch the button below to continue."
4.845	EXP	instructions_image: image = {}
4.845	EXP	instructions: autoDraw = true
4.845	EXP	instr_done_button: autoDraw = true
4.845	EXP	instr_done_label: autoDraw = true
4.845	EXP	instructions_image: autoDraw = true
4.958	DATA	Mouse: 0 button down, pos=(984,968)
5.179	DATA	Mouse: wheel shift=(0,3), pos=(984,968)
5.303	DATA	Mouse: 0 button down, pos=(984,968)
5.329	EXP	instructions: autoDraw = false
5.329	EXP	instr_done_button: autoDraw = false
5.329	EXP	instr_done_label: autoDraw = false
5.329	EXP	instructions_image: autoDraw = false
5.329	EXP	instructions: text = "It is very important that you respond as quickly and accurately as possible, as each letter string will only be on the screen for two seconds. If you do not respond within this time, the message 'Too slow!' will be displayed and the experiment will progress to the next letter string. The first 20 trials will be practice trials and you will receive feedback on your answers. \r\n\r\nPress the space bar or touch the button below to start the practice trials."
5.329	EXP	instructions_image: image = undefined
5.329	EXP	instructions: autoDraw = true
5.329	EXP	instr_done_button: autoDraw = true
5.329	EXP	instr_done_label: autoDraw = true
5.816	DATA	Mouse: 0 button down, pos=(984,968)
6.141	DATA	Mouse: 0 button down, pos=(984,968)
6.277	EXP	instructions: autoDraw = false
6.277	EXP	instr_done_button: autoDraw = false
6.277	EXP	instr_done_label: autoDraw = false
6.277	EXP	instructions_image: autoDraw = false
6.277	EXP	prime_text: text = "miaber"
6.277	EXP	target: text = "THRALE"
6.277	EXP	target: font = "Courier New"
6.277	EXP	fixation_mask: autoDraw = true
6.277	EXP	button_left: autoDraw = true
6.277	EXP	button_right: autoDraw = true
6.277	EXP	trial_label_right: autoDraw = true
6.277	EXP	trial_label_left_new: autoDraw = true
6.279	DATA	Mouse: 0 button down, pos=(984,968)
6.751	EXP	fixation_mask: autoDraw = false
6.775	EXP	prime_text: autoDraw = true
6.815	EXP	prime_text: autoDraw = false
6.815	EXP	target: autoDraw = true
7.302	DATA	Mouse: 0 button down, pos=(659,816)
7.3469999999999995	EXP	fixation_mask: autoDraw = false
7.3469999999999995	EXP	prime_text: autoDraw = false
7.3469999999999995	EXP	target: autoDraw = false
7.3469999999999995	EXP	button_left: autoDraw = false
7.3469999999999995	EXP	button_right: autoDraw = false
7.3469999999999995	EXP	trial_label_right: autoDraw = false
7.3469999999999995	EXP	trial_label_left_new: autoDraw = false
7.3469999999999995	EXP	feedback_text: color = {"_hex":"#008000","_rgb":[0,0.5019607843137255,0]}
7.3469999999999995	EXP	feedback_text: text = "Correct"
7.3469999999999995	EXP	feedback_text: autoDraw = true
7.3469999999999995	EXP	button_left_2: autoDraw = true
7.3469999999999995	EXP	button_right_2: autoDraw = true
7.3469999999999995	EXP	trial_label_left_2: autoDraw = true
7.3469999999999995	EXP	trial_label_right_2: autoDraw = true
7.42	DATA	Mouse: 0 button down, pos=(659,816)
7.8469999999999995	EXP	feedback_text: autoDraw = false
7.8469999999999995	EXP	button_left_2: autoDraw = false
7.8469999999999995	EXP	button_right_2: autoDraw = false
7.8469999999999995	EXP	trial_label_left_2: autoDraw = false
7.8469999999999995	EXP	trial_label_right_2: autoDraw = false
7.8469999999999995	EXP	feedback_text: autoDraw = false
7.8469999999999995	EXP	button_left_2: autoDraw = false
7.8469999999999995	EXP	button_right_2: autoDraw = false
7.8469999999999995	EXP	trial_label_left_2: autoDraw = false
7.8469999999999995	EXP	trial_label_right_2: autoDraw = false
7.8469999999999995	EXP	prime_text: text = "frenzy"
7.8469999999999995	EXP	target: text = "OBTAIN"
7.8469999999999995	EXP	target: font = "Courier New"
7.8469999999999995	EXP	fixation_mask: autoDraw = true
7.8469999999999995	EXP	button_left: autoDraw = true
7.8469999999999995	EXP	button_right: autoDraw = true
7.8469999999999995	EXP	trial_label_right: autoDraw = true
7.8469999999999995	EXP	trial_label_left_new: autoDraw = true
8.324	DATA	Mouse: 0 button down, pos=(659,816)
8.346	EXP	fixation_mask: autoDraw = false
8.365	EXP	prime_text: autoDraw = true
8.379	EXP	prime_text: autoDraw = false
8.411	EXP	target: autoDraw = true
8.478	DATA	Mouse: 0 button down, pos=(659,816)
9.628	DATA	Mouse: 0 button down, pos=(659,816)
9.645	EXP	fixation_mask: autoDraw = false
9.645	EXP	prime_text: autoDraw = false
9.645	EXP	target: autoDraw = false
9.645	EXP	button_left: autoDraw = false
9.645	EXP	button_right: autoDraw = false
9.645	EXP	trial_label_right: autoDraw = false
9.645	EXP	trial_label_left_new: autoDraw = false
9.645	EXP	feedback_text: color = {"_hex":"#FF0000","_rgb":[1,0,0]}
9.645	EXP	feedback_text: text = "Incorrect"
9.645	EXP	feedback_text: autoDraw = true
9.645	EXP	button_left_2: autoDraw = true
9.645	EXP	button_right_2: autoDraw = true
9.645	EXP	trial_label_left_2: autoDraw = true
9.645	EXP	trial_label_right_2: autoDraw = true
9.761	DATA	Mouse: 0 button down, pos=(659,816)
10.147	EXP	feedback_text: autoDraw = false
10.147	EXP	button_left_2: autoDraw = false
10.147	EXP	button_right_2: autoDraw = false
10.147	EXP	trial_label_left_2: autoDraw = false
10.147	EXP	trial_label_right_2: autoDraw = false
10.147	EXP	feedback_text: autoDraw = false
10.147	EXP	button_left_2: autoDraw = false
10.147	EXP	button_right_2: autoDraw = false
10.147	EXP	trial_label_left_2: autoDraw = false
10.147	EXP	trial_label_right_2: autoDraw = false
10.147	EXP	prime_text: text = "tropic"
10.147	EXP	target: text = "ZOMBIE"
10.147	EXP	target: font = "Courier New"
10.147	EXP	fixation_mask: autoDraw = true
10.147	EXP	button_left: autoDraw = true
10.147	EXP	button_right: autoDraw = true
10.147	EXP	trial_label_right: autoDraw = true
10.147	EXP	trial_label_left_new: autoDraw = true
10.416	DATA	Mouse: 0 button down, pos=(659,816)
10.559	DATA	Mouse: 0 button down, pos=(659,816)
10.657	EXP	fixation_mask: autoDraw = false
10.679	EXP	prime_text: autoDraw = true
10.703	EXP	prime_text: autoDraw = false
10.73	EXP	target: autoDraw = true
10.936	DATA	Mouse: 0 button down, pos=(659,816)
10.949	EXP	fixation_mask: autoDraw = false
10.949	EXP	prime_text: autoDraw = false
10.949	EXP	target: autoDraw = false
10.949	EXP	button_left: autoDraw = false
10.949	EXP	button_right: autoDraw = false
10.949	EXP	trial_label_right: autoDraw = false
10.949	EXP	trial_label_left_new: autoDraw = false
10.949	EXP	feedback_text: color = {"_hex":"#FF0000","_rgb":[1,0,0]}
10.949	EXP	feedback_text: text = "Incorrect"
10.949	EXP	feedback_text: autoDraw = true
10.949	EXP	button_left_2: autoDraw = true
10.949	EXP	button_right_2: autoDraw = true
10.949	EXP	trial_label_left_2: autoDraw = true
10.949	EXP	trial_label_right_2: autoDraw = true
11.057	DATA	Mouse: 0 button down, pos=(659,816)
11.23	DATA	Mouse: wheel shift=(0,3), pos=(659,816)
11.449	EXP	feedback_text: autoDraw = false
11.449	EXP	button_left_2: autoDraw = false
11.449	EXP	button_right_2: autoDraw = false
11.449	EXP	trial_label_left_2: autoDraw = false
11.449	EXP	trial_label_right_2: autoDraw = false
11.449	EXP	feedback_text: autoDraw = false
11.449	EXP	button_left_2: autoDraw = false
11.449	EXP	button_right_2: autoDraw = false
11.449	EXP	trial_label_left_2: autoDraw = false
11.449	EXP	trial_label_right_2: autoDraw = false
11.449	EXP	prime_text: text = "mushed"
11.449	EXP	target: text = "WHAISE"
11.449	EXP	target: font = "Courier New"
11.449	EXP	fixation_mask: autoDraw = true
11.449	EXP	button_left: autoDraw = true
11.449	EXP	button_right: autoDraw = true
11.449	EXP	trial_label_right: autoDraw = true
11.449	EXP	trial_label_left_new: autoDraw = true
11.858	DATA	Mouse: 0 button down, pos=(659,816)
11.945	EXP	fixation_mask: autoDraw = false
11.97	EXP	prime_text: autoDraw = true
11.991	DATA	Mouse: 0 button down, pos=(659,816)
12.01	EXP	prime_text: autoDraw = false
12.01	EXP	target: autoDraw = true
14.009	EXP	target: autoDraw = false
14.009	EXP	button_left: autoDraw = false
14.009	EXP	button_right: autoDraw = false
14.009	EXP	trial_label_right: autoDraw = false
14.009	EXP	trial_label_left_new: autoDraw = false
14.009	EXP	fixation_mask: autoDraw = false
14.009	EXP	prime_text: autoDraw = false
14.009	EXP	target: autoDraw = false
14.009	EXP	button_left: autoDraw = false
14.009	EXP	button_right: autoDraw = false
14.009	EXP	trial_label_right: autoDraw = false
14.009	EXP	trial_label_left_new: autoDraw = false
14.009	EXP	feedback_text: color = {"_hex":"#000000","_rgb":[0,0,0]}
14.009	EXP	feedback_text: text = "Too slow!"
14.009	EXP	feedback_text: autoDraw = true
14.009	EXP	button_left_2: autoDraw = true
14.009	EXP	button_right_2: autoDraw = true
14.009	EXP	trial_label_left_2: autoDraw = true
14.009	EXP	trial_label_right_2: autoDraw = true
14.043	DATA	Mouse: 0 button down, pos=(694,803)
14.145	DATA	Mouse: 0 button down, pos=(694,803)
14.507	EXP	feedback_text: autoDraw = false
14.507	EXP	button_left_2: autoDraw = false
14.507	EXP	button_right_2: autoDraw = false
14.507	EXP	trial_label_left_2: autoDraw = false
14.507	EXP	trial_label_right_2: autoDraw = false
14.507	EXP	feedback_text: autoDraw = false
14.507	EXP	button_left_2: autoDraw = false
14.507	EXP	button_right_2: autoDraw = false
14.507	EXP	trial_label_left_2: autoDraw = false
14.507	EXP	trial_label_right_2: autoDraw = false
14.507	EXP	prime_text: text = "inlade"
14.507	EXP	target: text = "INLADE"
14.507	EXP	target: font = "Courier New"
14.507	EXP	fixation_mask: autoDraw = true
14.507	EXP	button_left: autoDraw = true
14.507	EXP	button_right: autoDraw = true
14.507	EXP	trial_label_right: autoDraw = true
14.507	EXP	trial_label_left_new: autoDraw = true
15.019	EXP	fixation_mask: autoDraw = false
15.019	EXP	prime_text: autoDraw = true
15.02	DATA	Mouse: 0 button down, pos=(681,810)
15.059000000000001	EXP	prime_text: autoDraw = false
15.079	EXP	target: autoDraw = true
15.122	DATA	Mouse: 0 button down, pos=(681,810)
15.501000000000001	DATA	Mouse: 0 button down, pos=(681,810)
15.527999999999999	EXP	fixation_mask: autoDraw = false
15.527999999999999	EXP	prime_text: autoDraw = false
15.527999999999999	EXP	target: autoDraw = false
15.527999999999999	EXP	button_left: autoDraw = false
15.527999999999999	EXP	button_right: autoDraw = false
15.527999999999999	EXP	trial_label_right: autoDraw = false
15.527999999999999	EXP	trial_label_left_new: autoDraw = false
15.527999999999999	EXP	feedback_text: color = {"_hex":"#008000","_rgb":[0,0.5019607843137255,0]}
15.527999999999999	EXP	feedback_text: text = "Correct"
15.527999999999999	EXP	feedback_text: autoDraw = true
15.527999999999999	EXP	button_left_2: autoDraw = true
15.527999999999999	EXP	button_right_2: autoDraw = true
15.527999999999999	EXP	trial_label_left_2: autoDraw = true
15.527999999999999	EXP	trial_label_right_2: autoDraw = true
15.613	DATA	Mouse: 0 button down, pos=(681,810)
16.025	EXP	feedback_text: autoDraw = false
16.025	EXP	button_left_2: autoDraw = false
16.025	EXP	button_right_2: autoDraw = false
16.025	EXP	trial_label_left_2: autoDraw = false
16.025	EXP	trial_label_right_2: autoDraw = false
16.025	EXP	feedback_text: autoDraw = false
16.025	EXP	button_left_2: autoDraw = false
16.025	EXP	button_right_2: autoDraw = false
16.025	EXP	trial_label_left_2: autoDraw = false
16.025	EXP	trial_label_right_2: autoDraw = false
16.025	EXP	prime_text: text = "adjust"
16.025	EXP	target: text = "ADJUST"
16.025	EXP	target: font = "Courier New"
16.025	EXP	fixation_mask: autoDraw = true
16.025	EXP	button_left: autoDraw = true
16.025	EXP	button_right: autoDraw = true
16.025	EXP	trial_label_right: autoDraw = true
16.025	EXP	trial_label_left_new: autoDraw = true
16.532	EXP	fixation_mask: autoDraw = false
16.532	EXP	prime_text: autoDraw = true
16.578	EXP	prime_text: autoDraw = false
16.578	EXP	target: autoDraw = true
16.959	DATA	Mouse: 0 button down, pos=(685,835)
16.981	EXP	fixation_mask: autoDraw = false
16.981	EXP	prime_text: autoDraw = false
16.981	EXP	target: autoDraw = false
16.981	EXP	button_left: autoDraw = false
16.981	EXP	button_right: autoDraw = false
16.981	EXP	trial_label_right: autoDraw = false
16.981	EXP	trial_label_left_new: autoDraw = false
16.981	EXP	feedback_text: color = {"_hex":"#FF0000","_rgb":[1,0,0]}
16.981	EXP	feedback_text: text = "Incorrect"
16.981	EXP	feedback_text: autoDraw = true
16.981	EXP	button_left_2: autoDraw = true
16.981	EXP	button_right_2: autoDraw = true
16.981	EXP	trial_label_left_2: autoDraw = true
16.981	EXP	trial_label_right_2: autoDraw = true
17.067	DATA	Mouse: 0 button down, pos=(685,835)
17.472	EXP	feedback_text: autoDraw = false
17.472	EXP	button_left_2: autoDraw = false
17.472	EXP	button_right_2: autoDraw = false
17.472	EXP	trial_label_left_2: autoDraw = false
17.472	EXP	trial_label_right_2: autoDraw = false
17.472	EXP	feedback_text: autoDraw = false
17.472	EXP	button_left_2: autoDraw = false
17.472	EXP	button_right_2: autoDraw = false
17.472	EXP	trial_label_left_2: autoDraw = false
17.472	EXP	trial_label_right_2: autoDraw = false
17.472	EXP	prime_text: text = "fariny"
17.472	EXP	target: text = "FARINY"
17.472	EXP	target: font = "Courier New"
17.472	EXP	fixation_mask: autoDraw = true
17.472	EXP	button_left: autoDraw = true
17.472	EXP	button_right: autoDraw = true
17.472	EXP	trial_label_right: autoDraw = true
17.472	EXP	trial_label_left_new: autoDraw = true
17.975	EXP	fixation_mask: autoDraw = false
17.999	EXP	prime_text: autoDraw = true
18.016000000000002	EXP	prime_text: autoDraw = false
18.016000000000002	EXP	target: autoDraw = true
18.313	DATA	Mouse: 0 button down, pos=(685,835)
18.331	EXP	fixation_mask: autoDraw = false
18.331	EXP	prime_text: autoDraw = false
18.331	EXP	target: autoDraw = false
18.331	EXP	button_left: autoDraw = false
18.331	EXP	button_right: autoDraw = false
18.331	EXP	trial_label_right: autoDraw = false
18.331	EXP	trial_label_left_new: autoDraw = false
18.331	EXP	feedback_text: color = {"_hex":"#008000","_rgb":[0,0.5019607843137255,0]}
18.331	EXP	feedback_text: text = "Correct"
18.331	EXP	feedback_text: autoDraw = true
18.331	EXP	button_left_2: autoDraw = true
18.331	EXP	button_right_2: autoDraw = true
18.331	EXP	trial_label_left_2: autoDraw = true
18.331	EXP	trial_label_right_2: autoDraw = true
18.414	DATA	Mouse: 0 button down, pos=(685,837)
18.831	EXP	feedback_text: autoDraw = false
18.831	EXP	button_left_2: autoDraw = false
18.831	EXP	button_right_2: autoDraw = false
18.831	EXP	trial_label_left_2: autoDraw = false
18.831	EXP	trial_label_right_2: autoDraw = false
18.831	EXP	feedback_text: autoDraw = false
18.831	EXP	button_left_2: autoDraw = false
18.831	EXP	button_right_2: autoDraw = false
18.831	EXP	trial_label_left_2: autoDraw = false
18.831	EXP	trial_label_right_2: autoDraw = false
18.831	EXP	prime_text: text = "matrix"
18.831	EXP	target: text = "MATRIX"
18.831	EXP	target: font = "Courier New"
18.831	EXP	fixation_mask: autoDraw = true
18.831	EXP	button_left: autoDraw = true
18.831	EXP	button_right: autoDraw = true
18.831	EXP	trial_label_right: autoDraw = true
18.831	EXP	trial_label_left_new: autoDraw = true
19.329	EXP	fixation_mask: autoDraw = false
19.343	EXP	prime_text: autoDraw = true
19.375	EXP	prime_text: autoDraw = false
19.393	EXP	target: autoDraw = true
19.609	DATA	Mouse: wheel shift=(3,0), pos=(681,829)
19.647	DATA	Mouse: 0 button down, pos=(680,829)
19.664	EXP	fixation_mask: autoDraw = false
19.664	EXP	prime_text: autoDraw = false
19.664	EXP	target: autoDraw = false
19.664	EXP	button_left: autoDraw = false
19.664	EXP	button_right: autoDraw = false
19.664	EXP	trial_label_right: autoDraw = false
19.664	EXP	trial_label_left_new: autoDraw = false
19.664	EXP	feedback_text: color = {"_hex":"#FF0000","_rgb":[1,0,0]}
19.664	EXP	feedback_text: text = "Incorrect"
19.664	EXP	feedback_text: autoDraw = true
19.664	EXP	button_left_2: autoDraw = true
19.664	EXP	button_right_2: autoDraw = true
19.664	EXP	trial_label_left_2: autoDraw = true
19.664	EXP	trial_label_right_2: autoDraw = true
19.73	DATA	Mouse: 0 button down, pos=(680,829)
20.158	EXP	feedback_text: autoDraw = false
20.158	EXP	button_left_2: autoDraw = false
20.158	EXP	button_right_2: autoDraw = false
20.158	EXP	trial_label_left_2: autoDraw = false
20.158	EXP	trial_label_right_2: autoDraw = false
20.158	EXP	feedback_text: autoDraw = false
20.158	EXP	button_left_2: autoDraw = false
20.158	EXP	button_right_2: autoDraw = false
20.158	EXP	trial_label_left_2: autoDraw = false
20.158	EXP	trial_label_right_2: autoDraw = false
20.158	EXP	prime_text: text = "abound"
20.158	EXP	target: text = "SQUEAK"
20.158	EXP	target: font = "Courier New"
20.158	EXP	fixation_mask: autoDraw = true
20.158	EXP	button_left: autoDraw = true
20.158	EXP	button_right: autoDraw = true
20.158	EXP	trial_label_right: autoDraw = true
20.158	EXP	trial_label_left_new: autoDraw = true
20.674	EXP	fixation_mask: autoDraw = false
20.674	EXP	prime_text: autoDraw = true
20.682	EXP	prime_text: autoDraw = false
20.714	EXP	target: autoDraw = true
20.99	DATA	Mouse: 0 button down, pos=(680,829)
21.011	EXP	fixation_mask: autoDraw = false
21.011	EXP	prime_text: autoDraw = false
21.011	EXP	target: autoDraw = false
21.011	EXP	button_left: autoDraw = false
21.011	EXP	button_right: autoDraw = false
21.011	EXP	trial_label_right: autoDraw = false
21.011	EXP	trial_label_left_new: autoDraw = false
21.011	EXP	feedback_text: color = {"_hex":"#FF0000","_rgb":[1,0,0]}
21.011	EXP	feedback_text: text = "Incorrect"
21.011	EXP	feedback_text: autoDraw = true
21.011	EXP	button_left_2: autoDraw = true
21.011	EXP	button_right_2: autoDraw = true
21.011	EXP	trial_label_left_2: autoDraw = true
21.011	EXP	trial_label_right_2: autoDraw = true
21.094	DATA	Mouse: 0 button down, pos=(680,829)
21.515	EXP	feedback_text: autoDraw = false
21.515	EXP	button_left_2: autoDraw = false
21.515	EXP	button_right_2: autoDraw = false
21.515	EXP	trial_label_left_2: autoDraw = false
21.515	EXP	trial_label_right_2: autoDraw = false
21.515	EXP	feedback_text: autoDraw = false
21.515	EXP	button_left_2: autoDraw = false
21.515	EXP	button_right_2: autoDraw = false
21.515	EXP	trial_label_left_2: autoDraw = false
21.515	EXP	trial_label_right_2: autoDraw = false
21.515	EXP	prime_text: text = "adveil"
21.515	EXP	target: text = "SPRINY"
21.515	EXP	target: font = "Courier New"
21.515	EXP	fixation_mask: autoDraw = true
21.515	EXP	button_left: autoDraw = true
21.515	EXP	button_right: autoDraw = true
21.515	EXP	trial_label_right: autoDraw = true
21.515	EXP	trial_label_left_new: autoDraw = true
22.012	EXP	fixation_mask: autoDraw = false
22.031	EXP	prime_text: autoDraw = true
22.056	EXP	prime_text: autoDraw = false
22.095	EXP	target: autoDraw = true
22.265	DATA	Mouse: 0 button down, pos=(680,829)
22.294	EXP	fixation_mask: autoDraw = false
22.294	EXP	prime_text: autoDraw = false
22.294	EXP	target: autoDraw = false
22.294	EXP	button_left: autoDraw = false
22.294	EXP	button_right: autoDraw = false
22.294	EXP	trial_label_right: autoDraw = false
22.294	EXP	trial_label_left_new: autoDraw = false
22.294	EXP	feedback_text: color = {"_hex":"#008000","_rgb":[0,0.5019607843137255,0]}
22.294	EXP	feedback_text: text = "Correct"
22.294	EXP	feedback_text: autoDraw = true
22.294	EXP	button_left_2: autoDraw = true
22.294	EXP	button_right_2: autoDraw = true
22.294	EXP	trial_label_left_2: autoDraw = true
22.294	EXP	trial_label_right_2: autoDraw = true
22.355	DATA	Mouse: 0 button down, pos=(680,829)
22.803	EXP	feedback_text: autoDraw = false
22.803	EXP	button_left_2: autoDraw = false
22.803	EXP	button_right_2: autoDraw = false
22.803	EXP	trial_label_left_2: autoDraw = false
22.803	EXP	trial_label_right_2: autoDraw = false
22.803	EXP	feedback_text: autoDraw = false
22.803	EXP	button_left_2: autoDraw = false
22.803	EXP	button_right_2: autoDraw = false
22.803	EXP	trial_label_left_2: autoDraw = false
22.803	EXP	trial_label_right_2: autoDraw = false
22.803	EXP	prime_text: text = "winfer"
22.803	EXP	target: text = "ROUPET"
22.803	EXP	target: font = "Courier New"
22.803	EXP	fixation_mask: autoDraw = true
22.803	EXP	button_left: autoDraw = true
22.803	EXP	button_right: autoDraw = true
22.803	EXP	trial_label_right: autoDraw = true
22.803	EXP	trial_label_left_new: autoDraw = true
23.106	DATA	Mouse: 0 button down, pos=(680,829)
23.194	DATA	Mouse: 0 button down, pos=(680,829)
23.291	EXP	fixation_mask: autoDraw = false
23.32	EXP	prime_text: autoDraw = true
23.333	EXP	prime_text: autoDraw = false
23.333	EXP	target: autoDraw = true
23.5	DATA	Mouse: wheel shift=(3,0), pos=(680,829)
23.528	DATA	Mouse: 0 button down, pos=(680,829)
23.555	EXP	fixation_mask: autoDraw = false
23.555	EXP	prime_text: autoDraw = false
23.555	EXP	target: autoDraw = false
23.555	EXP	button_left: autoDraw = false
23.555	EXP	button_right: autoDraw = false
23.555	EXP	trial_label_right: autoDraw = false
23.555	EXP	trial_label_left_new: autoDraw = false
23.555	EXP	feedback_text: color = {"_hex":"#008000","_rgb":[0,0.5019607843137255,0]}
23.555	EXP	feedback_text: text = "Correct"
23.555	EXP	feedback_text: autoDraw = true
23.555	EXP	button_left_2: autoDraw = true
23.555	EXP	button_right_2: autoDraw = true
23.555	EXP	trial_label_left_2: autoDraw = true
23.555	EXP	trial_label_right_2: autoDraw = true
23.63	DATA	Mouse: 0 button down, pos=(680,829)
24.064	EXP	feedback_text: autoDraw = false
24.064	EXP	button_left_2: autoDraw = false
24.064	EXP	button_right_2: autoDraw = false
24.064	EXP	trial_label_left_2: autoDraw = false
24.064	EXP	trial_label_right_2: autoDraw = false
24.064	EXP	feedback_text: autoDraw = false
24.064	EXP	button_left_2: autoDraw = false
24.064	EXP	button_right_2: autoDraw = false
24.064	EXP	trial_label_left_2: autoDraw = false
24.064	EXP	trial_label_right_2: autoDraw = false
24.064	EXP	prime_text: text = "almond"
24.064	EXP	target: text = "ALMOND"
24.064	EXP	target: font = "Courier New"
24.064	EXP	fixation_mask: autoDraw = true
24.064	EXP	button_left: autoDraw = true
24.064	EXP	button_right: autoDraw = true
24.064	EXP	trial_label_right: autoDraw = true
24.064	EXP	trial_label_left_new: autoDraw = true
24.413	DATA	Mouse: 0 button down, pos=(678,829)
24.528	DATA	Mouse: 0 button down, pos=(677,831)
24.542	EXP	fixation_mask: autoDraw = false
24.558	EXP	prime_text: autoDraw = true
24.593	EXP	prime_text: autoDraw = false
24.627	EXP	target: autoDraw = true
24.66	DATA	Mouse: 0 button down, pos=(677,831)
24.682	EXP	fixation_mask: autoDraw = false
24.682	EXP	prime_text: autoDraw = false
24.682	EXP	target: autoDraw = false
24.682	EXP	button_left: autoDraw = false
24.682	EXP	button_right: autoDraw = false
24.682	EXP	trial_label_right: autoDraw = false
24.682	EXP	trial_label_left_new: autoDraw = false
24.682	EXP	feedback_text: color = {"_hex":"#FF0000","_rgb":[1,0,0]}
24.682	EXP	feedback_text: text = "Incorrect"
24.682	EXP	feedback_text: autoDraw = true
24.682	EXP	button_left_2: autoDraw = true
24.682	EXP	button_right_2: autoDraw = true
24.682	EXP	trial_label_left_2: autoDraw = true
24.682	EXP	trial_label_right_2: autoDraw = true
24.783	DATA	Mouse: 0 button down, pos=(677,831)
25.182	EXP	feedback_text: autoDraw = false
25.182	EXP	button_left_2: autoDraw = false
25.182	EXP	button_right_2: autoDraw = false
25.182	EXP	trial_label_left_2: autoDraw = false
25.182	EXP	trial_label_right_2: autoDraw = false
25.182	EXP	feedback_text: autoDraw = false
25.182	EXP	button_left_2: autoDraw = false
25.182	EXP	button_right_2: autoDraw = false
25.182	EXP	trial_label_left_2: autoDraw = false
25.182	EXP	trial_label_right_2: autoDraw = false
25.182	EXP	prime_text: text = "rashet"
25.182	EXP	target: text = "RASHET"
25.182	EXP	target: font = "Courier New"
25.182	EXP	fixation_mask: autoDraw = true
25.182	EXP	button_left: autoDraw = true
25.182	EXP	button_right: autoDraw = true
25.182	EXP	trial_label_right: autoDraw = true
25.182	EXP	trial_label_left_new: autoDraw = true
25.627	DATA	Mouse: 0 button down, pos=(1205,854)
25.688	EXP	fixation_mask: autoDraw = false
25.707	EXP	prime_text: autoDraw = true
25.715	EXP	prime_text: autoDraw = false
25.747	EXP	target: autoDraw = true
25.748	DATA	Mouse: 0 button down, pos=(1205,854)
25.829	DATA	Mouse: 0 button down, pos=(1205,855)
25.855	EXP	fixation_mask: autoDraw = false
25.855	EXP	prime_text: autoDraw = false
25.855	EXP	target: autoDraw = false
25.855	EXP	button_left: autoDraw = false
25.855	EXP	button_right: autoDraw = false
25.855	EXP	trial_label_right: autoDraw = false
25.855	EXP	trial_label_left_new: autoDraw = false
25.855	EXP	feedback_text: color = {"_hex":"#FF0000","_rgb":[1,0,0]}
25.855	EXP	feedback_text: text = "Incorrect"
25.855	EXP	feedback_text: autoDraw = true
25.855	EXP	button_left_2: autoDraw = true
25.855	EXP	button_right_2: autoDraw = true
25.855	EXP	trial_label_left_2: autoDraw = true
25.855	EXP	trial_label_right_2: autoDraw = true
25.929	DATA	Mouse: 0 button down, pos=(1205,855)
26.345	EXP	feedback_text: autoDraw = false
26.345	EXP	button_left_2: autoDraw = false
26.345	EXP	button_right_2: autoDraw = false
26.345	EXP	trial_label_left_2: autoDraw = false
26.345	EXP	trial_label_right_2: autoDraw = false
26.345	EXP	feedback_text: autoDraw = false
26.345	EXP	button_left_2: autoDraw = false
26.345	EXP	button_right_2: autoDraw = false
26.345	EXP	trial_label_left_2: autoDraw = false
26.345	EXP	trial_label_right_2: autoDraw = false
26.345	EXP	prime_text: text = "aslert"
26.345	EXP	target: text = "ASLERT"
26.345	EXP	target: font = "Courier New"
26.345	EXP	fixation_mask: autoDraw = true
26.345	EXP	button_left: autoDraw = true
26.345	EXP	button_right: autoDraw = true
26.345	EXP	trial_label_right: autoDraw = true
26.345	EXP	trial_label_left_new: autoDraw = true
26.847	EXP	fixation_mask: autoDraw = false
26.877	EXP	prime_text: autoDraw = true
26.877	EXP	prime_text: autoDraw = false
26.898	EXP	target: autoDraw = true
27.273	DATA	Keydown: m
28.366	DATA	Keydown: m
28.861	DATA	Keydown: m
28.882	EXP	target: autoDraw = false
28.882	EXP	button_left: autoDraw = false
28.882	EXP	button_right: autoDraw = false
28.882	EXP	trial_label_right: autoDraw = false
28.882	EXP	trial_label_left_new: autoDraw = false
28.882	EXP	fixation_mask: autoDraw = false
28.882	EXP	prime_text: autoDraw = false
28.882	EXP	target: autoDraw = false
28.882	EXP	button_left: autoDraw = false
28.882	EXP	button_right: autoDraw = false
28.882	EXP	trial_label_right: autoDraw = false
28.882	EXP	trial_label_left_new: autoDraw = false
28.882	EXP	feedback_text: color = {"_hex":"#000000","_rgb":[0,0,0]}
28.882	EXP	feedback_text: text = "Too slow!"
28.882	EXP	feedback_text: autoDraw = true
28.882	EXP	button_left_2: autoDraw = true
28.882	EXP	button_right_2: autoDraw = true
28.882	EXP	trial_label_left_2: autoDraw = true
28.882	EXP	trial_label_right_2: autoDraw = true
29.098	DATA	Keydown: m
29.375	EXP	feedback_text: autoDraw = false
29.375	EXP	button_left_2: autoDraw = false
29.375	EXP	button_right_2: autoDraw = false
29.375	EXP	trial_label_left_2: autoDraw = false
29.375	EXP	trial_label_right_2: autoDraw = false
29.375	EXP	feedback_text: autoDraw = false
29.375	EXP	button_left_2: autoDraw = false
29.375	EXP	button_right_2: autoDraw = false
29.375	EXP	trial_label_left_2: autoDraw = false
29.375	EXP	trial_label_right_2: autoDraw = false
29.375	EXP	prime_text: text = "hurdle"
29.375	EXP	target: text = "VOLUME"
29.375	EXP	target: font = "Courier New"
29.375	EXP	fixation_mask: autoDraw = true
29.375	EXP	button_left: autoDraw = true
29.375	EXP	button_right: autoDraw = true
29.375	EXP	trial_label_right: autoDraw = true
29.375	EXP	trial_label_left_new: autoDraw = true
29.888	EXP	fixation_mask: autoDraw = false
29.915	EXP	prime_text: autoDraw = true
29.947	EXP	prime_text: autoDraw = false
29.947	EXP	target: autoDraw = true
30.344	DATA	Keydown: z
30.748	DATA	Keydown: z
31.044999999999998	DATA	Keydown: z
31.246	DATA	Keydown: z
31.683000000000003	DATA	Keydown: m
31.941999999999997	EXP	target: autoDraw = false
31.941999999999997	EXP	button_left: autoDraw = false
31.941999999999997	EXP	button_right: autoDraw = false
31.941999999999997	EXP	trial_label_right: autoDraw = false
31.941999999999997	EXP	trial_label_left_new: autoDraw = false
31.941999999999997	EXP	fixation_mask: autoDraw = false
31.941999999999997	EXP	prime_text: autoDraw = false
31.941999999999997	EXP	target: autoDraw = false
31.941999999999997	EXP	button_left: autoDraw = false
31.941999999999997	EXP	button_right: autoDraw = false
31.941999999999997	EXP	trial_label_right: autoDraw = false
31.941999999999997	EXP	trial_label_left_new: autoDraw = false
31.941999999999997	EXP	feedback_text: color = {"_hex":"#000000","_rgb":[0,0,0]}
31.941999999999997	EXP	feedback_text: text = "Too slow!"
31.941999999999997	EXP	feedback_text: autoDraw = true
31.941999999999997	EXP	button_left_2: autoDraw = true
31.941999999999997	EXP	button_right_2: autoDraw = true
31.941999999999997	EXP	trial_label_left_2: autoDraw = true
31.941999999999997	EXP	trial_label_right_2: autoDraw = true
32.156000000000006	DATA	Keydown: m
32.413	DATA	Keydown: m
32.428	EXP	feedback_text: autoDraw = false
32.428	EXP	button_left_2: autoDraw = false
32.428	EXP	button_right_2: autoDraw = false
32.428	EXP	trial_label_left_2: autoDraw = false
32.428	EXP	trial_label_right_2: autoDraw = false
32.428	EXP	feedback_text: autoDraw = false
32.428	EXP	button_left_2: autoDraw = false
32.428	EXP	button_right_2: autoDraw = false
32.428	EXP	trial_label_left_2: autoDraw = false
32.428	EXP	trial_label_right_2: autoDraw = false
32.428	EXP	prime_text: text = "utopia"
32.428	EXP	target: text = "UTOPIA"
32.428	EXP	target: font = "Courier New"
32.428	EXP	fixation_mask: autoDraw = true
32.428	EXP	button_left: autoDraw = true
32.428	EXP	button_right: autoDraw = true
32.428	EXP	trial_label_right: autoDraw = true
32.428	EXP	trial_label_left_new: autoDraw = true
32.598	DATA	Keydown: m
32.923	EXP	fixation_mask: autoDraw = false
32.946	EXP	prime_text: autoDraw = true
32.947	DATA	Keydown: z
32.968	EXP	prime_text: autoDraw = false
32.997	EXP	target: autoDraw = true
33.212	DATA	Keydown: z
33.953	DATA	Mouse: 0 button down, pos=(1071,646)
34.065	DATA	Mouse: 0 button down, pos=(1072,646)
34.11	DATA	Mouse: 0 button down, pos=(1070,647)
34.212	DATA	Mouse: 0 button down, pos=(1066,651)
34.331	DATA	Keydown: z
34.668000000000006	DATA	Keydown: z
34.84	DATA	Keydown: z
34.977999999999994	EXP	target: autoDraw = false
34.977999999999994	EXP	button_left: autoDraw = false
34.977999999999994	EXP	button_right: autoDraw = false
34.977999999999994	EXP	trial_label_right: autoDraw = false
34.977999999999994	EXP	trial_label_left_new: autoDraw = false
34.977999999999994	EXP	fixation_mask: autoDraw = false
34.977999999999994	EXP	prime_text: autoDraw = false
34.977999999999994	EXP	target: autoDraw = false
34.977999999999994	EXP	button_left: autoDraw = false
34.977999999999994	EXP	button_right: autoDraw = false
34.977999999999994	EXP	trial_label_right: autoDraw = false
34.977999999999994	EXP	trial_label_left_new: autoDraw = false
34.977999999999994	EXP	feedback_text: color = {"_hex":"#000000","_rgb":[0,0,0]}
34.977999999999994	EXP	feedback_text: text = "Too slow!"
34.977999999999994	EXP	feedback_text: autoDraw = true
34.977999999999994	EXP	button_left_2: autoDraw = true
34.977999999999994	EXP	button_right_2: autoDraw = true
34.977999999999994	EXP	trial_label_left_2: autoDraw = true
34.977999999999994	EXP	trial_label_right_2: autoDraw = true
35.025999999999996	DATA	Keydown: z
35.191	DATA	Keydown: z
35.361000000000004	DATA	Keydown: z
35.507999999999996	EXP	feedback_text: autoDraw = false
35.507999999999996	EXP	button_left_2: autoDraw = false
35.507999999999996	EXP	button_right_2: autoDraw = false
35.507999999999996	EXP	trial_label_left_2: autoDraw = false
35.507999999999996	EXP	trial_label_right_2: autoDraw = false
35.507999999999996	EXP	feedback_text: autoDraw = false
35.507999999999996	EXP	button_left_2: autoDraw = false
35.507999999999996	EXP	button_right_2: autoDraw = false
35.507999999999996	EXP	trial_label_left_2: autoDraw = false
35.507999999999996	EXP	trial_label_right_2: autoDraw = false
35.507999999999996	EXP	instructions: text = "You have completed the practice trials. During the experimental trials, you will not receive feedback, but it is very important that you respond as quickly and accurately as possible. \r\nBefore you begin, please ensure that you are in a comfortable and quiet location and will not be disturbed for about 25 minutes, as we cannot use your data if you do not complete all the trials. \r\nThere will be opportunities to take breaks at regular intervals during the experiment. When you are ready to start the experimental trials, please press space or touch the button below."
35.507999999999996	EXP	instructions_image: image = undefined
35.507999999999996	EXP	instructions: autoDraw = true
35.507999999999996	EXP	instr_done_button: autoDraw = true
35.507999999999996	EXP	instr_done_label: autoDraw = true
35.569	DATA	Keydown: z
35.56999999999999	DATA	Keydown: \
35.781000000000006	DATA	Keydown: z
36.17	DATA	Keydown: \
36.486999999999995	DATA	Keydown: m
36.64	DATA	Keydown: \
36.792	DATA	Keydown: m
36.894000000000005	DATA	Keydown: \
36.979	DATA	Keydown: m
37.144999999999996	DATA	Keydown: \
37.598	DATA	Mouse: 0 button down, pos=(1010,929)
37.80200000000001	EXP	instructions: autoDraw = false
37.80200000000001	EXP	instr_done_button: autoDraw = false
37.80200000000001	EXP	instr_done_label: autoDraw = false
37.80200000000001	EXP	instructions_image: autoDraw = false
37.80200000000001	EXP	prime_text: text = "permit"
37.80200000000001	EXP	target: text = "PERMIT"
37.80200000000001	EXP	target: font = "Courier New"
37.80200000000001	EXP	fixation_mask: autoDraw = true
37.80200000000001	EXP	button_left: autoDraw = true
37.80200000000001	EXP	button_right: autoDraw = true
37.80200000000001	EXP	trial_label_right: autoDraw = true
37.80200000000001	EXP	trial_label_left_new: autoDraw = true
37.80500000000001	DATA	Mouse: 0 button down, pos=(1010,933)
38.209999999999994	DATA	Keydown: m
38.31399999999999	EXP	fixation_mask: autoDraw = false
38.31399999999999	EXP	prime_text: autoDraw = true
38.345	EXP	prime_text: autoDraw = false
38.345	EXP	target: autoDraw = true
38.498999999999995	DATA	Keydown: m
38.715999999999994	DATA	Keydown: m
38.962	DATA	Keydown: m
39.281000000000006	DATA	Keydown: m
39.795	DATA	Keydown: l
39.827	EXP	fixation_mask: autoDraw = false
39.827	EXP	prime_text: autoDraw = false
39.827	EXP	target: autoDraw = false
39.827	EXP	button_left: autoDraw = false
39.827	EXP	button_right: autoDraw = false
39.827	EXP	trial_label_right: autoDraw = false
39.827	EXP	trial_label_left_new: autoDraw = false
39.827	EXP	feedback_text: color = {"_hex":"#000000","_rgb":[0,0,0]}
39.827	EXP	feedback_text: text = "Too slow!"
39.827	EXP	feedback_text: autoDraw = true
39.827	EXP	feedback_text: autoDraw = false
39.827	EXP	button_left_2: autoDraw = true
39.827	EXP	button_left_2: autoDraw = false
39.827	EXP	button_right_2: autoDraw = true
39.827	EXP	button_right_2: autoDraw = false
39.827	EXP	trial_label_left_2: autoDraw = true
39.827	EXP	trial_label_left_2: autoDraw = false
39.827	EXP	trial_label_right_2: autoDraw = true
39.827	EXP	trial_label_right_2: autoDraw = false
39.827	EXP	feedback_text: autoDraw = false
39.827	EXP	button_left_2: autoDraw = false
39.827	EXP	button_right_2: autoDraw = false
39.827	EXP	trial_label_left_2: autoDraw = false
39.827	EXP	trial_label_right_2: autoDraw = false
39.827	EXP	break_text: text = "BREAK\n\nYou have now completed 0% of the experiment. Please take a short break.\nWhen you are done, please press the space bar or touch the \"Continue\" button below to continue the experiment."
39.827	EXP	break_text: autoDraw = true
39.827	EXP	break_done_button: autoDraw = true
39.827	EXP	break_done_button_label: autoDraw = true
39.827	EXP	break_text: autoDraw = false
39.827	EXP	break_done_button: autoDraw = false
39.827	EXP	break_done_button_label: autoDraw = false
39.827	EXP	prime_text: text = "patrol"
39.827	EXP	target: text = "PATROL"
39.827	EXP	target: font = "Courier New"
39.827	EXP	fixation_mask: autoDraw = true
39.827	EXP	button_left: autoDraw = true
39.827	EXP	button_right: autoDraw = true
39.827	EXP	trial_label_right: autoDraw = true
39.827	EXP	trial_label_left_new: autoDraw = true
40.042	DATA	Keydown: l
40.248999999999995	DATA	Keydown: l
40.351	EXP	fixation_mask: autoDraw = false
40.351	EXP	prime_text: autoDraw = true
40.391000000000005	EXP	prime_text: autoDraw = false
40.391000000000005	EXP	target: autoDraw = true
40.55800000000001	DATA	Keydown: l
40.568	EXP	fixation_mask: autoDraw = false
40.568	EXP	prime_text: autoDraw = false
40.568	EXP	target: autoDraw = false
40.568	EXP	button_left: autoDraw = false
40.568	EXP	button_right: autoDraw = false
40.568	EXP	trial_label_right: autoDraw = false
40.568	EXP	trial_label_left_new: autoDraw = false
40.568	EXP	feedback_text: color = {"_hex":"#000000","_rgb":[0,0,0]}
40.568	EXP	feedback_text: text = "Too slow!"
40.568	EXP	feedback_text: autoDraw = true
40.568	EXP	feedback_text: autoDraw = false
40.568	EXP	button_left_2: autoDraw = true
40.568	EXP	button_left_2: autoDraw = false
40.568	EXP	button_right_2: autoDraw = true
40.568	EXP	button_right_2: autoDraw = false
40.568	EXP	trial_label_left_2: autoDraw = true
40.568	EXP	trial_label_left_2: autoDraw = false
40.568	EXP	trial_label_right_2: autoDraw = true
40.568	EXP	trial_label_right_2: autoDraw = false
40.568	EXP	feedback_text: autoDraw = false
40.568	EXP	button_left_2: autoDraw = false
40.568	EXP	button_right_2: autoDraw = false
40.568	EXP	trial_label_left_2: autoDraw = false
40.568	EXP	trial_label_right_2: autoDraw = false
40.568	EXP	break_text: text = "BREAK\n\nYou have now completed 0% of the experiment. Please take a short break.\nWhen you are done, please press the space bar or touch the \"Continue\" button below to continue the experiment."
40.568	EXP	break_text: autoDraw = true
40.568	EXP	break_done_button: autoDraw = true
40.568	EXP	break_done_button_label: autoDraw = true
40.568	EXP	break_text: autoDraw = false
40.568	EXP	break_done_button: autoDraw = false
40.568	EXP	break_done_button_label: autoDraw = false
40.568	EXP	prime_text: text = "faucet"
40.568	EXP	target: text = "AMOUNT"
40.568	EXP	target: font = "Courier New"
40.568	EXP	fixation_mask: autoDraw = true
40.568	EXP	button_left: autoDraw = true
40.568	EXP	button_right: autoDraw = true
40.568	EXP	trial_label_right: autoDraw = true
40.568	EXP	trial_label_left_new: autoDraw = true
40.797	DATA	Keydown: l
40.837999999999994	DATA	Keydown: s
41.07899999999999	EXP	fixation_mask: autoDraw = false
41.07899999999999	EXP	prime_text: autoDraw = true
41.131	EXP	prime_text: autoDraw = false
41.131	EXP	target: autoDraw = true
41.132999999999996	DATA	Keydown: s
41.357	DATA	Keydown: l
41.388999999999996	EXP	fixation_mask: autoDraw = false
41.388999999999996	EXP	prime_text: autoDraw = false
41.388999999999996	EXP	target: autoDraw = false
41.388999999999996	EXP	button_left: autoDraw = false
41.388999999999996	EXP	button_right: autoDraw = false
41.388999999999996	EXP	trial_label_right: autoDraw = false
41.388999999999996	EXP	trial_label_left_new: autoDraw = false
41.388999999999996	EXP	feedback_text: color = {"_hex":"#000000","_rgb":[0,0,0]}
41.388999999999996	EXP	feedback_text: text = "Too slow!"
41.388999999999996	EXP	feedback_text: autoDraw = true
41.388999999999996	EXP	feedback_text: autoDraw = false
41.388999999999996	EXP	button_left_2: autoDraw = true
41.388999999999996	EXP	button_left_2: autoDraw = false
41.388999999999996	EXP	button_right_2: autoDraw = true
41.388999999999996	EXP	button_right_2: autoDraw = false
41.388999999999996	EXP	trial_label_left_2: autoDraw = true
41.388999999999996	EXP	trial_label_left_2: autoDraw = false
41.388999999999996	EXP	trial_label_right_2: autoDraw = true
41.388999999999996	EXP	trial_label_right_2: autoDraw = false
41.388999999999996	EXP	feedback_text: autoDraw = false
41.388999999999996	EXP	button_left_2: autoDraw = false
41.388999999999996	EXP	button_right_2: autoDraw = false
41.388999999999996	EXP	trial_label_left_2: autoDraw = false
41.388999999999996	EXP	trial_label_right_2: autoDraw = false
41.388999999999996	EXP	break_text: text = "BREAK\n\nYou have now completed 0% of the experiment. Please take a short break.\nWhen you are done, please press the space bar or touch the \"Continue\" button below to continue the experiment."
41.388999999999996	EXP	break_text: autoDraw = true
41.388999999999996	EXP	break_done_button: autoDraw = true
41.388999999999996	EXP	break_done_button_label: autoDraw = true
41.388999999999996	EXP	break_text: autoDraw = false
41.388999999999996	EXP	break_done_button: autoDraw = false
41.388999999999996	EXP	break_done_button_label: autoDraw = false
41.388999999999996	EXP	prime_text: text = "daniet"
41.388999999999996	EXP	target: text = "DANIET"
41.388999999999996	EXP	target: font = "Courier New"
41.388999999999996	EXP	fixation_mask: autoDraw = true
41.388999999999996	EXP	button_left: autoDraw = true
41.388999999999996	EXP	button_right: autoDraw = true
41.388999999999996	EXP	trial_label_right: autoDraw = true
41.388999999999996	EXP	trial_label_left_new: autoDraw = true
41.608999999999995	DATA	Keydown: s
41.828	DATA	Keydown: l
41.881	EXP	fixation_mask: autoDraw = false
41.900000000000006	EXP	prime_text: autoDraw = true
41.913	EXP	prime_text: autoDraw = false
41.943	EXP	target: autoDraw = true
43.57299999999999	DATA	Keydown: Escape
