0.565	EXP	Created Window = Window( name=Window, fullscr=true, color=#ffffff, units=height, waitBlanking=true, autoLog=true, size=[1924,1008] )
3.7960000000000003	EXP	Created instructions = TextStim( name=instructions, win=Window( name=Window, fullscr=true, color=#ffffff, ~), autoDraw=null, autoLog=true, units=height, ori=null, opacity=1, pos=[0,0], size=undefined, text=default text, font=Courier New, color=#000000, contrast=1, height=0.035, bold=null, italic=null, alignHoriz=left, alignVert=center, wrapWidth=1, flipHoriz=null, flipVert=null )
3.814	EXP	Created instr_done_button = Rect( name=instr_done_button, win=Window( name=Window, fullscr=true, color=#ffffff, ~), autoDraw=null, autoLog=true, units=height, ori=null, opacity=1, pos=[0,-0.4], size=[1,1], lineWidth=1, lineColor=#000000, fillColor=#FFFFFF, vertices=[[-0.2,-0.05],[0.2,-0.05],[0.2,0.05],[-0.2,0.05]], closeShape=true, contrast=1, depth=-2, interpolate=true, width=0.4, height=0.1 )
3.817	EXP	Created instr_done_label = TextStim( name=instr_done_label, win=Window( name=Window, fullscr=true, color=#ffffff, ~), autoDraw=null, autoLog=true, units=height, ori=null, opacity=1, pos=[0,-0.4], size=undefined, text=Continue, font=Courier New, color=#000000, contrast=1, height=0.05, bold=null, italic=null, alignHoriz=left, alignVert=center, wrapWidth=1, flipHoriz=null, flipVert=null )
3.8289999999999997	EXP	Created instructions_image = ImageStim( name=instructions_image, win=Window( name=Window, fullscr=true, color=#ffffff, ~), autoDraw=null, autoLog=true, units=height, ori=null, opacity=1, pos=[0,0], size=[0.4,0.3], image=undefined, mask=undefined, color=#ffffff, contrast=1, texRes=128, interpolate=true, depth=-6, flipHoriz=null, flipVert=null )
3.832	EXP	Created fixation_mask = TextStim( name=fixation_mask, win=Window( name=Window, fullscr=true, color=#ffffff, ~), autoDraw=null, autoLog=true, units=height, ori=null, opacity=1, pos=[0,0], size=undefined, text=######, font=Courier New, color=#000000, contrast=1, height=0.1, bold=null, italic=null, alignHoriz=left, alignVert=center, wrapWidth=1, flipHoriz=null, flipVert=null )
3.8340000000000005	EXP	Created prime_text = TextStim( name=prime_text, win=Window( name=Window, fullscr=true, color=#ffffff, ~), autoDraw=null, autoLog=true, units=height, ori=null, opacity=1, pos=[0,0], size=undefined, text=default text, font=Courier New, color=#000000, contrast=1, height=0.1, bold=null, italic=null, alignHoriz=left, alignVert=center, wrapWidth=1, flipHoriz=null, flipVert=null )
3.8360000000000003	EXP	Created target = TextStim( name=target, win=Window( name=Window, fullscr=true, color=#ffffff, ~), autoDraw=null, autoLog=true, units=height, ori=null, opacity=1, pos=[0,0], size=undefined, text=default text, font=Arial, color=#000000, contrast=1, height=0.1, bold=null, italic=null, alignHoriz=left, alignVert=center, wrapWidth=1, flipHoriz=null, flipVert=null )
3.846	EXP	Created button_left = Rect( name=button_left, win=Window( name=Window, fullscr=true, color=#ffffff, ~), autoDraw=null, autoLog=true, units=height, ori=null, opacity=1, pos=[-0.4,-0.3], size=[1,1], lineWidth=1, lineColor=#000000, fillColor=#FFFFFF, vertices=[[-0.2,-0.1],[0.2,-0.1],[0.2,0.1],[-0.2,0.1]], closeShape=true, contrast=1, depth=-5, interpolate=true, width=0.4, height=0.2 )
3.8579999999999997	EXP	Created button_right = Rect( name=button_right, win=Window( name=Window, fullscr=true, color=#ffffff, ~), autoDraw=null, autoLog=true, units=height, ori=null, opacity=1, pos=[0.4,-0.3], size=[1,1], lineWidth=1, lineColor=#000000, fillColor=#FFFFFF, vertices=[[-0.2,-0.1],[0.2,-0.1],[0.2,0.1],[-0.2,0.1]], closeShape=true, contrast=1, depth=-6, interpolate=true, width=0.4, height=0.2 )
3.8630000000000004	EXP	Created trial_label_right = TextStim( name=trial_label_right, win=Window( name=Window, fullscr=true, color=#ffffff, ~), autoDraw=null, autoLog=true, units=height, ori=null, opacity=1, pos=[0.4,-0.3], size=undefined, text=M = Word, font=Courier New, color=#000000, contrast=1, height=0.05, bold=null, italic=null, alignHoriz=left, alignVert=center, wrapWidth=1, flipHoriz=null, flipVert=null )
3.8659999999999997	EXP	Created trial_label_left_new = TextStim( name=trial_label_left_new, win=Window( name=Window, fullscr=true, color=#ffffff, ~), autoDraw=null, autoLog=true, units=height, ori=null, opacity=1, pos=[-0.4,-0.3], size=undefined, text=Z = Nonword, font=Courier New, color=#000000, contrast=1, height=0.05, bold=null, italic=null, alignHoriz=left, alignVert=center, wrapWidth=1, flipHoriz=null, flipVert=null )
3.872	EXP	Created feedback_text = TextStim( name=feedback_text, win=Window( name=Window, fullscr=true, color=#ffffff, ~), autoDraw=null, autoLog=true, units=height, ori=null, opacity=1, pos=[0,0], size=undefined, text=default text, font=Courier New, color=#FFFFFF, contrast=1, height=0.05, bold=null, italic=null, alignHoriz=left, alignVert=center, wrapWidth=1, flipHoriz=null, flipVert=null )
3.885	EXP	Created button_left_2 = Rect( name=button_left_2, win=Window( name=Window, fullscr=true, color=#ffffff, ~), autoDraw=null, autoLog=true, units=height, ori=null, opacity=1, pos=[-0.4,-0.3], size=[1,1], lineWidth=1, lineColor=#000000, fillColor=#FFFFFF, vertices=[[-0.2,-0.1],[0.2,-0.1],[0.2,0.1],[-0.2,0.1]], closeShape=true, contrast=1, depth=-2, interpolate=true, width=0.4, height=0.2 )
3.926	EXP	Created button_right_2 = Rect( name=button_right_2, win=Window( name=Window, fullscr=true, color=#ffffff, ~), autoDraw=null, autoLog=true, units=height, ori=null, opacity=1, pos=[0.4,-0.3], size=[1,1], lineWidth=1, lineColor=#000000, fillColor=#FFFFFF, vertices=[[-0.2,-0.1],[0.2,-0.1],[0.2,0.1],[-0.2,0.1]], closeShape=true, contrast=1, depth=-3, interpolate=true, width=0.4, height=0.2 )
3.936	EXP	Created trial_label_left_2 = TextStim( name=trial_label_left_2, win=Window( name=Window, fullscr=true, color=#ffffff, ~), autoDraw=null, autoLog=true, units=height, ori=null, opacity=1, pos=[-0.4,-0.3], size=undefined, text=M = Nonword, font=Courier New, color=#000000, contrast=1, height=0.05, bold=null, italic=null, alignHoriz=left, alignVert=center, wrapWidth=1, flipHoriz=null, flipVert=null )
3.95	EXP	Created trial_label_right_2 = TextStim( name=trial_label_right_2, win=Window( name=Window, fullscr=true, color=#ffffff, ~), autoDraw=null, autoLog=true, units=height, ori=null, opacity=1, pos=[0.4,-0.3], size=undefined, text=Z = Word, font=Courier New, color=#000000, contrast=1, height=0.05, bold=null, italic=null, alignHoriz=left, alignVert=center, wrapWidth=1, flipHoriz=null, flipVert=null )
3.9619999999999997	EXP	Created instructions = TextStim( name=instructions, win=Window( name=Window, fullscr=true, color=#ffffff, ~), autoDraw=null, autoLog=true, units=height, ori=null, opacity=1, pos=[0,0], size=undefined, text=default text, font=Courier New, color=#000000, contrast=1, height=0.035, bold=null, italic=null, alignHoriz=left, alignVert=center, wrapWidth=1, flipHoriz=null, flipVert=null )
3.9749999999999996	EXP	Created instr_done_button = Rect( name=instr_done_button, win=Window( name=Window, fullscr=true, color=#ffffff, ~), autoDraw=null, autoLog=true, units=height, ori=null, opacity=1, pos=[0,-0.4], size=[1,1], lineWidth=1, lineColor=#000000, fillColor=#FFFFFF, vertices=[[-0.2,-0.05],[0.2,-0.05],[0.2,0.05],[-0.2,0.05]], closeShape=true, contrast=1, depth=-2, interpolate=true, width=0.4, height=0.1 )
3.979	EXP	Created instr_done_label = TextStim( name=instr_done_label, win=Window( name=Window, fullscr=true, color=#ffffff, ~), autoDraw=null, autoLog=true, units=height, ori=null, opacity=1, pos=[0,-0.4], size=undefined, text=Continue, font=Courier New, color=#000000, contrast=1, height=0.05, bold=null, italic=null, alignHoriz=left, alignVert=center, wrapWidth=1, flipHoriz=null, flipVert=null )
4	EXP	Created instructions_image = ImageStim( name=instructions_image, win=Window( name=Window, fullscr=true, color=#ffffff, ~), autoDraw=null, autoLog=true, units=height, ori=null, opacity=1, pos=[0,0], size=[0.4,0.3], image=undefined, mask=undefined, color=#ffffff, contrast=1, texRes=128, interpolate=true, depth=-6, flipHoriz=null, flipVert=null )
4.0120000000000005	EXP	Created fixation_mask = TextStim( name=fixation_mask, win=Window( name=Window, fullscr=true, color=#ffffff, ~), autoDraw=null, autoLog=true, units=height, ori=null, opacity=1, pos=[0,0], size=undefined, text=######, font=Courier New, color=#000000, contrast=1, height=0.1, bold=null, italic=null, alignHoriz=left, alignVert=center, wrapWidth=1, flipHoriz=null, flipVert=null )
4.019	EXP	Created prime_text = TextStim( name=prime_text, win=Window( name=Window, fullscr=true, color=#ffffff, ~), autoDraw=null, autoLog=true, units=height, ori=null, opacity=1, pos=[0,0], size=undefined, text=default text, font=Courier New, color=#000000, contrast=1, height=0.1, bold=null, italic=null, alignHoriz=left, alignVert=center, wrapWidth=1, flipHoriz=null, flipVert=null )
4.026	EXP	Created target = TextStim( name=target, win=Window( name=Window, fullscr=true, color=#ffffff, ~), autoDraw=null, autoLog=true, units=height, ori=null, opacity=1, pos=[0,0], size=undefined, text=default text, font=Arial, color=#000000, contrast=1, height=0.1, bold=null, italic=null, alignHoriz=left, alignVert=center, wrapWidth=1, flipHoriz=null, flipVert=null )
4.046	EXP	Created button_left = Rect( name=button_left, win=Window( name=Window, fullscr=true, color=#ffffff, ~), autoDraw=null, autoLog=true, units=height, ori=null, opacity=1, pos=[-0.4,-0.3], size=[1,1], lineWidth=1, lineColor=#000000, fillColor=#FFFFFF, vertices=[[-0.2,-0.1],[0.2,-0.1],[0.2,0.1],[-0.2,0.1]], closeShape=true, contrast=1, depth=-5, interpolate=true, width=0.4, height=0.2 )
4.067	EXP	Created button_right = Rect( name=button_right, win=Window( name=Window, fullscr=true, color=#ffffff, ~), autoDraw=null, autoLog=true, units=height, ori=null, opacity=1, pos=[0.4,-0.3], size=[1,1], lineWidth=1, lineColor=#000000, fillColor=#FFFFFF, vertices=[[-0.2,-0.1],[0.2,-0.1],[0.2,0.1],[-0.2,0.1]], closeShape=true, contrast=1, depth=-6, interpolate=true, width=0.4, height=0.2 )
4.072	EXP	Created trial_label_right = TextStim( name=trial_label_right, win=Window( name=Window, fullscr=true, color=#ffffff, ~), autoDraw=null, autoLog=true, units=height, ori=null, opacity=1, pos=[0.4,-0.3], size=undefined, text=M = Word, font=Courier New, color=#000000, contrast=1, height=0.05, bold=null, italic=null, alignHoriz=left, alignVert=center, wrapWidth=1, flipHoriz=null, flipVert=null )
4.081	EXP	Created trial_label_left_new = TextStim( name=trial_label_left_new, win=Window( name=Window, fullscr=true, color=#ffffff, ~), autoDraw=null, autoLog=true, units=height, ori=null, opacity=1, pos=[-0.4,-0.3], size=undefined, text=Z = Nonword, font=Courier New, color=#000000, contrast=1, height=0.05, bold=null, italic=null, alignHoriz=left, alignVert=center, wrapWidth=1, flipHoriz=null, flipVert=null )
4.088	EXP	Created feedback_text = TextStim( name=feedback_text, win=Window( name=Window, fullscr=true, color=#ffffff, ~), autoDraw=null, autoLog=true, units=height, ori=null, opacity=1, pos=[0,0], size=undefined, text=default text, font=Courier New, color=#FFFFFF, contrast=1, height=0.05, bold=null, italic=null, alignHoriz=left, alignVert=center, wrapWidth=1, flipHoriz=null, flipVert=null )
4.097	EXP	Created button_left_2 = Rect( name=button_left_2, win=Window( name=Window, fullscr=true, color=#ffffff, ~), autoDraw=null, autoLog=true, units=height, ori=null, opacity=1, pos=[-0.4,-0.3], size=[1,1], lineWidth=1, lineColor=#000000, fillColor=#FFFFFF, vertices=[[-0.2,-0.1],[0.2,-0.1],[0.2,0.1],[-0.2,0.1]], closeShape=true, contrast=1, depth=-2, interpolate=true, width=0.4, height=0.2 )
4.132	EXP	Created button_right_2 = Rect( name=button_right_2, win=Window( name=Window, fullscr=true, color=#ffffff, ~), autoDraw=null, autoLog=true, units=height, ori=null, opacity=1, pos=[0.4,-0.3], size=[1,1], lineWidth=1, lineColor=#000000, fillColor=#FFFFFF, vertices=[[-0.2,-0.1],[0.2,-0.1],[0.2,0.1],[-0.2,0.1]], closeShape=true, contrast=1, depth=-3, interpolate=true, width=0.4, height=0.2 )
4.136	EXP	Created trial_label_left_2 = TextStim( name=trial_label_left_2, win=Window( name=Window, fullscr=true, color=#ffffff, ~), autoDraw=null, autoLog=true, units=height, ori=null, opacity=1, pos=[-0.4,-0.3], size=undefined, text=M = Nonword, font=Courier New, color=#000000, contrast=1, height=0.05, bold=null, italic=null, alignHoriz=left, alignVert=center, wrapWidth=1, flipHoriz=null, flipVert=null )
4.147	EXP	Created trial_label_right_2 = TextStim( name=trial_label_right_2, win=Window( name=Window, fullscr=true, color=#ffffff, ~), autoDraw=null, autoLog=true, units=height, ori=null, opacity=1, pos=[0.4,-0.3], size=undefined, text=Z = Word, font=Courier New, color=#000000, contrast=1, height=0.05, bold=null, italic=null, alignHoriz=left, alignVert=center, wrapWidth=1, flipHoriz=null, flipVert=null )
4.154	EXP	Created break_text = TextStim( name=break_text, win=Window( name=Window, fullscr=true, color=#ffffff, ~), autoDraw=null, autoLog=true, units=height, ori=null, opacity=1, pos=[0,0], size=undefined, text=default text, font=Courier New, color=#000000, contrast=1, height=0.05, bold=null, italic=null, alignHoriz=left, alignVert=center, wrapWidth=1, flipHoriz=null, flipVert=null )
4.175	EXP	Created break_done_button = Rect( name=break_done_button, win=Window( name=Window, fullscr=true, color=#ffffff, ~), autoDraw=null, autoLog=true, units=height, ori=null, opacity=1, pos=[0,-0.4], size=[1,1], lineWidth=1, lineColor=#000000, fillColor=#FFFFFF, vertices=[[-0.2,-0.05],[0.2,-0.05],[0.2,0.05],[-0.2,0.05]], closeShape=true, contrast=1, depth=-4, interpolate=true, width=0.4, height=0.1 )
4.1850000000000005	EXP	Created break_done_button_label = TextStim( name=break_done_button_label, win=Window( name=Window, fullscr=true, color=#ffffff, ~), autoDraw=null, autoLog=true, units=height, ori=null, opacity=1, pos=[0,-0.4], size=undefined, text=Continue, font=Courier New, color=#000000, contrast=1, height=0.05, bold=null, italic=null, alignHoriz=left, alignVert=center, wrapWidth=1, flipHoriz=null, flipVert=null )
4.195	EXP	Created thank_you = TextStim( name=thank_you, win=Window( name=Window, fullscr=true, color=#ffffff, ~), autoDraw=null, autoLog=true, units=height, ori=null, opacity=1, pos=[0,0], size=undefined, text=This is the end of the experiment.

Please do not ~, font=Courier New, color=#000000, contrast=1, height=1, bold=null, italic=null, alignHoriz=left, alignVert=center, wrapWidth=1, flipHoriz=null, flipVert=null )
4.506	EXP	instructions: units = "height"
4.506	EXP	instructions: ori = 0
4.506	EXP	instructions: opacity = 1
4.506	EXP	instructions: pos = [0,0]
4.506	EXP	instructions: size = undefined
4.506	EXP	instructions: text = "default text"
4.506	EXP	instructions: font = "Courier New"
4.506	EXP	instructions: color = {"_hex":"#000000","_rgb":[0,0,0]}
4.506	EXP	instructions: contrast = 1
4.506	EXP	instructions: height = 0.035
4.506	EXP	instructions: bold = false
4.506	EXP	instructions: italic = false
4.506	EXP	instructions: alignHoriz = "left"
4.506	EXP	instructions: alignVert = "center"
4.506	EXP	instructions: wrapWidth = 1
4.506	EXP	instructions: flipHoriz = false
4.506	EXP	instructions: flipVert = false
4.506	EXP	instr_done_button: units = "height"
4.506	EXP	instr_done_button: ori = 0
4.506	EXP	instr_done_button: opacity = 1
4.506	EXP	instr_done_button: pos = [0,-0.4]
4.506	EXP	instr_done_button: size = [1,1]
4.506	EXP	instr_done_button: lineWidth = 1
4.506	EXP	instr_done_button: lineColor = {"_hex":"#000000","_rgb":[0,0,0]}
4.506	EXP	instr_done_button: fillColor = {"_hex":"#FFFFFF","_rgb":[1,1,1]}
4.506	EXP	instr_done_button: vertices = [[-0.5,0],[0,0.5],[0.5,0]]
4.506	EXP	instr_done_button: closeShape = true
4.506	EXP	instr_done_button: contrast = 1
4.506	EXP	instr_done_button: depth = -2
4.506	EXP	instr_done_button: interpolate = true
4.506	EXP	instr_done_button: width = 0.4
4.506	EXP	instr_done_button: vertices = [[-0.2,null],[0.2,null],[0.2,null],[-0.2,null]]
4.506	EXP	instr_done_button: height = 0.1
4.506	EXP	instr_done_button: vertices = [[-0.2,-0.05],[0.2,-0.05],[0.2,0.05],[-0.2,0.05]]
4.506	EXP	instr_done_button: vertices = [[-0.2,-0.05],[0.2,-0.05],[0.2,0.05],[-0.2,0.05]]
4.506	EXP	instr_done_label: units = "height"
4.506	EXP	instr_done_label: ori = 0
4.506	EXP	instr_done_label: opacity = 1
4.506	EXP	instr_done_label: pos = [0,-0.4]
4.506	EXP	instr_done_label: size = undefined
4.506	EXP	instr_done_label: text = "Continue"
4.506	EXP	instr_done_label: font = "Courier New"
4.506	EXP	instr_done_label: color = {"_hex":"#000000","_rgb":[0,0,0]}
4.506	EXP	instr_done_label: contrast = 1
4.506	EXP	instr_done_label: height = 0.05
4.506	EXP	instr_done_label: bold = false
4.506	EXP	instr_done_label: italic = false
4.506	EXP	instr_done_label: alignHoriz = "left"
4.506	EXP	instr_done_label: alignVert = "center"
4.506	EXP	instr_done_label: wrapWidth = 1
4.506	EXP	instr_done_label: flipHoriz = false
4.506	EXP	instr_done_label: flipVert = false
4.506	EXP	instructions_image: units = "height"
4.506	EXP	instructions_image: ori = 0
4.506	EXP	instructions_image: opacity = 1
4.506	EXP	instructions_image: pos = [0,0]
4.506	EXP	instructions_image: size = [0.4,0.3]
4.506	EXP	instructions_image: image = undefined
4.506	EXP	instructions_image: mask = undefined
4.506	EXP	instructions_image: color = {"_rgb":[1,1,1]}
4.506	EXP	instructions_image: contrast = 1
4.506	EXP	instructions_image: texRes = 128
4.506	EXP	instructions_image: interpolate = true
4.506	EXP	instructions_image: depth = -6
4.506	EXP	instructions_image: flipHoriz = false
4.506	EXP	instructions_image: flipVert = false
4.506	EXP	fixation_mask: units = "height"
4.506	EXP	fixation_mask: ori = 0
4.506	EXP	fixation_mask: opacity = 1
4.506	EXP	fixation_mask: pos = [0,0]
4.506	EXP	fixation_mask: size = undefined
4.506	EXP	fixation_mask: text = "######"
4.506	EXP	fixation_mask: font = "Courier New"
4.506	EXP	fixation_mask: color = {"_hex":"#000000","_rgb":[0,0,0]}
4.506	EXP	fixation_mask: contrast = 1
4.506	EXP	fixation_mask: height = 0.1
4.506	EXP	fixation_mask: bold = false
4.506	EXP	fixation_mask: italic = false
4.506	EXP	fixation_mask: alignHoriz = "left"
4.506	EXP	fixation_mask: alignVert = "center"
4.506	EXP	fixation_mask: wrapWidth = 1
4.506	EXP	fixation_mask: flipHoriz = false
4.506	EXP	fixation_mask: flipVert = false
4.506	EXP	prime_text: units = "height"
4.506	EXP	prime_text: ori = 0
4.506	EXP	prime_text: opacity = 1
4.506	EXP	prime_text: pos = [0,0]
4.506	EXP	prime_text: size = undefined
4.506	EXP	prime_text: text = "default text"
4.506	EXP	prime_text: font = "Courier New"
4.506	EXP	prime_text: color = {"_hex":"#000000","_rgb":[0,0,0]}
4.506	EXP	prime_text: contrast = 1
4.506	EXP	prime_text: height = 0.1
4.506	EXP	prime_text: bold = false
4.506	EXP	prime_text: italic = false
4.506	EXP	prime_text: alignHoriz = "left"
4.506	EXP	prime_text: alignVert = "center"
4.506	EXP	prime_text: wrapWidth = 1
4.506	EXP	prime_text: flipHoriz = false
4.506	EXP	prime_text: flipVert = false
4.506	EXP	target: units = "height"
4.506	EXP	target: ori = 0
4.506	EXP	target: opacity = 1
4.506	EXP	target: pos = [0,0]
4.506	EXP	target: size = undefined
4.506	EXP	target: text = "default text"
4.506	EXP	target: font = "Arial"
4.506	EXP	target: color = {"_hex":"#000000","_rgb":[0,0,0]}
4.506	EXP	target: contrast = 1
4.506	EXP	target: height = 0.1
4.506	EXP	target: bold = false
4.506	EXP	target: italic = false
4.506	EXP	target: alignHoriz = "left"
4.506	EXP	target: alignVert = "center"
4.506	EXP	target: wrapWidth = 1
4.506	EXP	target: flipHoriz = false
4.506	EXP	target: flipVert = false
4.506	EXP	button_left: units = "height"
4.506	EXP	button_left: ori = 0
4.506	EXP	button_left: opacity = 1
4.506	EXP	button_left: pos = [-0.4,-0.3]
4.506	EXP	button_left: size = [1,1]
4.506	EXP	button_left: lineWidth = 1
4.506	EXP	button_left: lineColor = {"_hex":"#000000","_rgb":[0,0,0]}
4.506	EXP	button_left: fillColor = {"_hex":"#FFFFFF","_rgb":[1,1,1]}
4.506	EXP	button_left: vertices = [[-0.5,0],[0,0.5],[0.5,0]]
4.506	EXP	button_left: closeShape = true
4.506	EXP	button_left: contrast = 1
4.506	EXP	button_left: depth = -5
4.506	EXP	button_left: interpolate = true
4.506	EXP	button_left: width = 0.4
4.506	EXP	button_left: vertices = [[-0.2,null],[0.2,null],[0.2,null],[-0.2,null]]
4.506	EXP	button_left: height = 0.2
4.506	EXP	button_left: vertices = [[-0.2,-0.1],[0.2,-0.1],[0.2,0.1],[-0.2,0.1]]
4.506	EXP	button_left: vertices = [[-0.2,-0.1],[0.2,-0.1],[0.2,0.1],[-0.2,0.1]]
4.506	EXP	button_right: units = "height"
4.506	EXP	button_right: ori = 0
4.506	EXP	button_right: opacity = 1
4.506	EXP	button_right: pos = [0.4,-0.3]
4.506	EXP	button_right: size = [1,1]
4.506	EXP	button_right: lineWidth = 1
4.506	EXP	button_right: lineColor = {"_hex":"#000000","_rgb":[0,0,0]}
4.506	EXP	button_right: fillColor = {"_hex":"#FFFFFF","_rgb":[1,1,1]}
4.506	EXP	button_right: vertices = [[-0.5,0],[0,0.5],[0.5,0]]
4.506	EXP	button_right: closeShape = true
4.506	EXP	button_right: contrast = 1
4.506	EXP	button_right: depth = -6
4.506	EXP	button_right: interpolate = true
4.506	EXP	button_right: width = 0.4
4.506	EXP	button_right: vertices = [[-0.2,null],[0.2,null],[0.2,null],[-0.2,null]]
4.506	EXP	button_right: height = 0.2
4.506	EXP	button_right: vertices = [[-0.2,-0.1],[0.2,-0.1],[0.2,0.1],[-0.2,0.1]]
4.506	EXP	button_right: vertices = [[-0.2,-0.1],[0.2,-0.1],[0.2,0.1],[-0.2,0.1]]
4.506	EXP	trial_label_right: units = "height"
4.506	EXP	trial_label_right: ori = 0
4.506	EXP	trial_label_right: opacity = 1
4.506	EXP	trial_label_right: pos = [0.4,-0.3]
4.506	EXP	trial_label_right: size = undefined
4.506	EXP	trial_label_right: text = "M = Word"
4.506	EXP	trial_label_right: font = "Courier New"
4.506	EXP	trial_label_right: color = {"_hex":"#000000","_rgb":[0,0,0]}
4.506	EXP	trial_label_right: contrast = 1
4.506	EXP	trial_label_right: height = 0.05
4.506	EXP	trial_label_right: bold = false
4.506	EXP	trial_label_right: italic = false
4.506	EXP	trial_label_right: alignHoriz = "left"
4.506	EXP	trial_label_right: alignVert = "center"
4.506	EXP	trial_label_right: wrapWidth = 1
4.506	EXP	trial_label_right: flipHoriz = false
4.506	EXP	trial_label_right: flipVert = false
4.506	EXP	trial_label_left_new: units = "height"
4.506	EXP	trial_label_left_new: ori = 0
4.506	EXP	trial_label_left_new: opacity = 1
4.506	EXP	trial_label_left_new: pos = [-0.4,-0.3]
4.506	EXP	trial_label_left_new: size = undefined
4.506	EXP	trial_label_left_new: text = "Z = Nonword"
4.506	EXP	trial_label_left_new: font = "Courier New"
4.506	EXP	trial_label_left_new: color = {"_hex":"#000000","_rgb":[0,0,0]}
4.506	EXP	trial_label_left_new: contrast = 1
4.506	EXP	trial_label_left_new: height = 0.05
4.506	EXP	trial_label_left_new: bold = false
4.506	EXP	trial_label_left_new: italic = false
4.506	EXP	trial_label_left_new: alignHoriz = "left"
4.506	EXP	trial_label_left_new: alignVert = "center"
4.506	EXP	trial_label_left_new: wrapWidth = 1
4.506	EXP	trial_label_left_new: flipHoriz = false
4.506	EXP	trial_label_left_new: flipVert = false
4.506	EXP	feedback_text: units = "height"
4.506	EXP	feedback_text: ori = 0
4.506	EXP	feedback_text: opacity = 1
4.506	EXP	feedback_text: pos = [0,0]
4.506	EXP	feedback_text: size = undefined
4.506	EXP	feedback_text: text = "default text"
4.506	EXP	feedback_text: font = "Courier New"
4.506	EXP	feedback_text: color = {"_hex":"#FFFFFF","_rgb":[1,1,1]}
4.506	EXP	feedback_text: contrast = 1
4.506	EXP	feedback_text: height = 0.05
4.506	EXP	feedback_text: bold = false
4.506	EXP	feedback_text: italic = false
4.506	EXP	feedback_text: alignHoriz = "left"
4.506	EXP	feedback_text: alignVert = "center"
4.506	EXP	feedback_text: wrapWidth = 1
4.506	EXP	feedback_text: flipHoriz = false
4.506	EXP	feedback_text: flipVert = false
4.506	EXP	button_left_2: units = "height"
4.506	EXP	button_left_2: ori = 0
4.506	EXP	button_left_2: opacity = 1
4.506	EXP	button_left_2: pos = [-0.4,-0.3]
4.506	EXP	button_left_2: size = [1,1]
4.506	EXP	button_left_2: lineWidth = 1
4.506	EXP	button_left_2: lineColor = {"_hex":"#000000","_rgb":[0,0,0]}
4.506	EXP	button_left_2: fillColor = {"_hex":"#FFFFFF","_rgb":[1,1,1]}
4.506	EXP	button_left_2: vertices = [[-0.5,0],[0,0.5],[0.5,0]]
4.506	EXP	button_left_2: closeShape = true
4.506	EXP	button_left_2: contrast = 1
4.506	EXP	button_left_2: depth = -2
4.506	EXP	button_left_2: interpolate = true
4.506	EXP	button_left_2: width = 0.4
4.506	EXP	button_left_2: vertices = [[-0.2,null],[0.2,null],[0.2,null],[-0.2,null]]
4.506	EXP	button_left_2: height = 0.2
4.506	EXP	button_left_2: vertices = [[-0.2,-0.1],[0.2,-0.1],[0.2,0.1],[-0.2,0.1]]
4.506	EXP	button_left_2: vertices = [[-0.2,-0.1],[0.2,-0.1],[0.2,0.1],[-0.2,0.1]]
4.506	EXP	button_right_2: units = "height"
4.506	EXP	button_right_2: ori = 0
4.506	EXP	button_right_2: opacity = 1
4.506	EXP	button_right_2: pos = [0.4,-0.3]
4.506	EXP	button_right_2: size = [1,1]
4.506	EXP	button_right_2: lineWidth = 1
4.506	EXP	button_right_2: lineColor = {"_hex":"#000000","_rgb":[0,0,0]}
4.506	EXP	button_right_2: fillColor = {"_hex":"#FFFFFF","_rgb":[1,1,1]}
4.506	EXP	button_right_2: vertices = [[-0.5,0],[0,0.5],[0.5,0]]
4.506	EXP	button_right_2: closeShape = true
4.506	EXP	button_right_2: contrast = 1
4.506	EXP	button_right_2: depth = -3
4.506	EXP	button_right_2: interpolate = true
4.506	EXP	button_right_2: width = 0.4
4.506	EXP	button_right_2: vertices = [[-0.2,null],[0.2,null],[0.2,null],[-0.2,null]]
4.506	EXP	button_right_2: height = 0.2
4.506	EXP	button_right_2: vertices = [[-0.2,-0.1],[0.2,-0.1],[0.2,0.1],[-0.2,0.1]]
4.506	EXP	button_right_2: vertices = [[-0.2,-0.1],[0.2,-0.1],[0.2,0.1],[-0.2,0.1]]
4.506	EXP	trial_label_left_2: units = "height"
4.506	EXP	trial_label_left_2: ori = 0
4.506	EXP	trial_label_left_2: opacity = 1
4.506	EXP	trial_label_left_2: pos = [-0.4,-0.3]
4.506	EXP	trial_label_left_2: size = undefined
4.506	EXP	trial_label_left_2: text = "M = Nonword"
4.506	EXP	trial_label_left_2: font = "Courier New"
4.506	EXP	trial_label_left_2: color = {"_hex":"#000000","_rgb":[0,0,0]}
4.506	EXP	trial_label_left_2: contrast = 1
4.506	EXP	trial_label_left_2: height = 0.05
4.506	EXP	trial_label_left_2: bold = false
4.506	EXP	trial_label_left_2: italic = false
4.506	EXP	trial_label_left_2: alignHoriz = "left"
4.506	EXP	trial_label_left_2: alignVert = "center"
4.506	EXP	trial_label_left_2: wrapWidth = 1
4.506	EXP	trial_label_left_2: flipHoriz = false
4.506	EXP	trial_label_left_2: flipVert = false
4.506	EXP	trial_label_right_2: units = "height"
4.506	EXP	trial_label_right_2: ori = 0
4.506	EXP	trial_label_right_2: opacity = 1
4.506	EXP	trial_label_right_2: pos = [0.4,-0.3]
4.506	EXP	trial_label_right_2: size = undefined
4.506	EXP	trial_label_right_2: text = "Z = Word"
4.506	EXP	trial_label_right_2: font = "Courier New"
4.506	EXP	trial_label_right_2: color = {"_hex":"#000000","_rgb":[0,0,0]}
4.506	EXP	trial_label_right_2: contrast = 1
4.506	EXP	trial_label_right_2: height = 0.05
4.506	EXP	trial_label_right_2: bold = false
4.506	EXP	trial_label_right_2: italic = false
4.506	EXP	trial_label_right_2: alignHoriz = "left"
4.506	EXP	trial_label_right_2: alignVert = "center"
4.506	EXP	trial_label_right_2: wrapWidth = 1
4.506	EXP	trial_label_right_2: flipHoriz = false
4.506	EXP	trial_label_right_2: flipVert = false
4.506	EXP	instructions: units = "height"
4.506	EXP	instructions: ori = 0
4.506	EXP	instructions: opacity = 1
4.506	EXP	instructions: pos = [0,0]
4.506	EXP	instructions: size = undefined
4.506	EXP	instructions: text = "default text"
4.506	EXP	instructions: font = "Courier New"
4.506	EXP	instructions: color = {"_hex":"#000000","_rgb":[0,0,0]}
4.506	EXP	instructions: contrast = 1
4.506	EXP	instructions: height = 0.035
4.506	EXP	instructions: bold = false
4.506	EXP	instructions: italic = false
4.506	EXP	instructions: alignHoriz = "left"
4.506	EXP	instructions: alignVert = "center"
4.506	EXP	instructions: wrapWidth = 1
4.506	EXP	instructions: flipHoriz = false
4.506	EXP	instructions: flipVert = false
4.506	EXP	instr_done_button: units = "height"
4.506	EXP	instr_done_button: ori = 0
4.506	EXP	instr_done_button: opacity = 1
4.506	EXP	instr_done_button: pos = [0,-0.4]
4.506	EXP	instr_done_button: size = [1,1]
4.506	EXP	instr_done_button: lineWidth = 1
4.506	EXP	instr_done_button: lineColor = {"_hex":"#000000","_rgb":[0,0,0]}
4.506	EXP	instr_done_button: fillColor = {"_hex":"#FFFFFF","_rgb":[1,1,1]}
4.506	EXP	instr_done_button: vertices = [[-0.5,0],[0,0.5],[0.5,0]]
4.506	EXP	instr_done_button: closeShape = true
4.506	EXP	instr_done_button: contrast = 1
4.506	EXP	instr_done_button: depth = -2
4.506	EXP	instr_done_button: interpolate = true
4.506	EXP	instr_done_button: width = 0.4
4.506	EXP	instr_done_button: vertices = [[-0.2,null],[0.2,null],[0.2,null],[-0.2,null]]
4.506	EXP	instr_done_button: height = 0.1
4.506	EXP	instr_done_button: vertices = [[-0.2,-0.05],[0.2,-0.05],[0.2,0.05],[-0.2,0.05]]
4.506	EXP	instr_done_button: vertices = [[-0.2,-0.05],[0.2,-0.05],[0.2,0.05],[-0.2,0.05]]
4.506	EXP	instr_done_label: units = "height"
4.506	EXP	instr_done_label: ori = 0
4.506	EXP	instr_done_label: opacity = 1
4.506	EXP	instr_done_label: pos = [0,-0.4]
4.506	EXP	instr_done_label: size = undefined
4.506	EXP	instr_done_label: text = "Continue"
4.506	EXP	instr_done_label: font = "Courier New"
4.506	EXP	instr_done_label: color = {"_hex":"#000000","_rgb":[0,0,0]}
4.506	EXP	instr_done_label: contrast = 1
4.506	EXP	instr_done_label: height = 0.05
4.506	EXP	instr_done_label: bold = false
4.506	EXP	instr_done_label: italic = false
4.506	EXP	instr_done_label: alignHoriz = "left"
4.506	EXP	instr_done_label: alignVert = "center"
4.506	EXP	instr_done_label: wrapWidth = 1
4.506	EXP	instr_done_label: flipHoriz = false
4.506	EXP	instr_done_label: flipVert = false
4.506	EXP	instructions_image: units = "height"
4.506	EXP	instructions_image: ori = 0
4.506	EXP	instructions_image: opacity = 1
4.506	EXP	instructions_image: pos = [0,0]
4.506	EXP	instructions_image: size = [0.4,0.3]
4.506	EXP	instructions_image: image = undefined
4.506	EXP	instructions_image: mask = undefined
4.506	EXP	instructions_image: color = {"_rgb":[1,1,1]}
4.506	EXP	instructions_image: contrast = 1
4.506	EXP	instructions_image: texRes = 128
4.506	EXP	instructions_image: interpolate = true
4.506	EXP	instructions_image: depth = -6
4.506	EXP	instructions_image: flipHoriz = false
4.506	EXP	instructions_image: flipVert = false
4.506	EXP	fixation_mask: units = "height"
4.506	EXP	fixation_mask: ori = 0
4.506	EXP	fixation_mask: opacity = 1
4.506	EXP	fixation_mask: pos = [0,0]
4.506	EXP	fixation_mask: size = undefined
4.506	EXP	fixation_mask: text = "######"
4.506	EXP	fixation_mask: font = "Courier New"
4.506	EXP	fixation_mask: color = {"_hex":"#000000","_rgb":[0,0,0]}
4.506	EXP	fixation_mask: contrast = 1
4.506	EXP	fixation_mask: height = 0.1
4.506	EXP	fixation_mask: bold = false
4.506	EXP	fixation_mask: italic = false
4.506	EXP	fixation_mask: alignHoriz = "left"
4.506	EXP	fixation_mask: alignVert = "center"
4.506	EXP	fixation_mask: wrapWidth = 1
4.506	EXP	fixation_mask: flipHoriz = false
4.506	EXP	fixation_mask: flipVert = false
4.506	EXP	prime_text: units = "height"
4.506	EXP	prime_text: ori = 0
4.506	EXP	prime_text: opacity = 1
4.506	EXP	prime_text: pos = [0,0]
4.506	EXP	prime_text: size = undefined
4.506	EXP	prime_text: text = "default text"
4.506	EXP	prime_text: font = "Courier New"
4.506	EXP	prime_text: color = {"_hex":"#000000","_rgb":[0,0,0]}
4.506	EXP	prime_text: contrast = 1
4.506	EXP	prime_text: height = 0.1
4.506	EXP	prime_text: bold = false
4.506	EXP	prime_text: italic = false
4.506	EXP	prime_text: alignHoriz = "left"
4.506	EXP	prime_text: alignVert = "center"
4.506	EXP	prime_text: wrapWidth = 1
4.506	EXP	prime_text: flipHoriz = false
4.506	EXP	prime_text: flipVert = false
4.506	EXP	target: units = "height"
4.506	EXP	target: ori = 0
4.506	EXP	target: opacity = 1
4.506	EXP	target: pos = [0,0]
4.506	EXP	target: size = undefined
4.506	EXP	target: text = "default text"
4.506	EXP	target: font = "Arial"
4.506	EXP	target: color = {"_hex":"#000000","_rgb":[0,0,0]}
4.506	EXP	target: contrast = 1
4.506	EXP	target: height = 0.1
4.506	EXP	target: bold = false
4.506	EXP	target: italic = false
4.506	EXP	target: alignHoriz = "left"
4.506	EXP	target: alignVert = "center"
4.506	EXP	target: wrapWidth = 1
4.506	EXP	target: flipHoriz = false
4.506	EXP	target: flipVert = false
4.506	EXP	button_left: units = "height"
4.506	EXP	button_left: ori = 0
4.506	EXP	button_left: opacity = 1
4.506	EXP	button_left: pos = [-0.4,-0.3]
4.506	EXP	button_left: size = [1,1]
4.506	EXP	button_left: lineWidth = 1
4.506	EXP	button_left: lineColor = {"_hex":"#000000","_rgb":[0,0,0]}
4.506	EXP	button_left: fillColor = {"_hex":"#FFFFFF","_rgb":[1,1,1]}
4.506	EXP	button_left: vertices = [[-0.5,0],[0,0.5],[0.5,0]]
4.506	EXP	button_left: closeShape = true
4.506	EXP	button_left: contrast = 1
4.506	EXP	button_left: depth = -5
4.506	EXP	button_left: interpolate = true
4.506	EXP	button_left: width = 0.4
4.506	EXP	button_left: vertices = [[-0.2,null],[0.2,null],[0.2,null],[-0.2,null]]
4.506	EXP	button_left: height = 0.2
4.506	EXP	button_left: vertices = [[-0.2,-0.1],[0.2,-0.1],[0.2,0.1],[-0.2,0.1]]
4.506	EXP	button_left: vertices = [[-0.2,-0.1],[0.2,-0.1],[0.2,0.1],[-0.2,0.1]]
4.506	EXP	button_right: units = "height"
4.506	EXP	button_right: ori = 0
4.506	EXP	button_right: opacity = 1
4.506	EXP	button_right: pos = [0.4,-0.3]
4.506	EXP	button_right: size = [1,1]
4.506	EXP	button_right: lineWidth = 1
4.506	EXP	button_right: lineColor = {"_hex":"#000000","_rgb":[0,0,0]}
4.506	EXP	button_right: fillColor = {"_hex":"#FFFFFF","_rgb":[1,1,1]}
4.506	EXP	button_right: vertices = [[-0.5,0],[0,0.5],[0.5,0]]
4.506	EXP	button_right: closeShape = true
4.506	EXP	button_right: contrast = 1
4.506	EXP	button_right: depth = -6
4.506	EXP	button_right: interpolate = true
4.506	EXP	button_right: width = 0.4
4.506	EXP	button_right: vertices = [[-0.2,null],[0.2,null],[0.2,null],[-0.2,null]]
4.506	EXP	button_right: height = 0.2
4.506	EXP	button_right: vertices = [[-0.2,-0.1],[0.2,-0.1],[0.2,0.1],[-0.2,0.1]]
4.506	EXP	button_right: vertices = [[-0.2,-0.1],[0.2,-0.1],[0.2,0.1],[-0.2,0.1]]
4.506	EXP	trial_label_right: units = "height"
4.506	EXP	trial_label_right: ori = 0
4.506	EXP	trial_label_right: opacity = 1
4.506	EXP	trial_label_right: pos = [0.4,-0.3]
4.506	EXP	trial_label_right: size = undefined
4.506	EXP	trial_label_right: text = "M = Word"
4.506	EXP	trial_label_right: font = "Courier New"
4.506	EXP	trial_label_right: color = {"_hex":"#000000","_rgb":[0,0,0]}
4.506	EXP	trial_label_right: contrast = 1
4.506	EXP	trial_label_right: height = 0.05
4.506	EXP	trial_label_right: bold = false
4.506	EXP	trial_label_right: italic = false
4.506	EXP	trial_label_right: alignHoriz = "left"
4.506	EXP	trial_label_right: alignVert = "center"
4.506	EXP	trial_label_right: wrapWidth = 1
4.506	EXP	trial_label_right: flipHoriz = false
4.506	EXP	trial_label_right: flipVert = false
4.506	EXP	trial_label_left_new: units = "height"
4.506	EXP	trial_label_left_new: ori = 0
4.506	EXP	trial_label_left_new: opacity = 1
4.506	EXP	trial_label_left_new: pos = [-0.4,-0.3]
4.506	EXP	trial_label_left_new: size = undefined
4.506	EXP	trial_label_left_new: text = "Z = Nonword"
4.506	EXP	trial_label_left_new: font = "Courier New"
4.506	EXP	trial_label_left_new: color = {"_hex":"#000000","_rgb":[0,0,0]}
4.506	EXP	trial_label_left_new: contrast = 1
4.506	EXP	trial_label_left_new: height = 0.05
4.506	EXP	trial_label_left_new: bold = false
4.506	EXP	trial_label_left_new: italic = false
4.506	EXP	trial_label_left_new: alignHoriz = "left"
4.506	EXP	trial_label_left_new: alignVert = "center"
4.506	EXP	trial_label_left_new: wrapWidth = 1
4.506	EXP	trial_label_left_new: flipHoriz = false
4.506	EXP	trial_label_left_new: flipVert = false
4.506	EXP	feedback_text: units = "height"
4.506	EXP	feedback_text: ori = 0
4.506	EXP	feedback_text: opacity = 1
4.506	EXP	feedback_text: pos = [0,0]
4.506	EXP	feedback_text: size = undefined
4.506	EXP	feedback_text: text = "default text"
4.506	EXP	feedback_text: font = "Courier New"
4.506	EXP	feedback_text: color = {"_hex":"#FFFFFF","_rgb":[1,1,1]}
4.506	EXP	feedback_text: contrast = 1
4.506	EXP	feedback_text: height = 0.05
4.506	EXP	feedback_text: bold = false
4.506	EXP	feedback_text: italic = false
4.506	EXP	feedback_text: alignHoriz = "left"
4.506	EXP	feedback_text: alignVert = "center"
4.506	EXP	feedback_text: wrapWidth = 1
4.506	EXP	feedback_text: flipHoriz = false
4.506	EXP	feedback_text: flipVert = false
4.506	EXP	button_left_2: units = "height"
4.506	EXP	button_left_2: ori = 0
4.506	EXP	button_left_2: opacity = 1
4.506	EXP	button_left_2: pos = [-0.4,-0.3]
4.506	EXP	button_left_2: size = [1,1]
4.506	EXP	button_left_2: lineWidth = 1
4.506	EXP	button_left_2: lineColor = {"_hex":"#000000","_rgb":[0,0,0]}
4.506	EXP	button_left_2: fillColor = {"_hex":"#FFFFFF","_rgb":[1,1,1]}
4.506	EXP	button_left_2: vertices = [[-0.5,0],[0,0.5],[0.5,0]]
4.506	EXP	button_left_2: closeShape = true
4.506	EXP	button_left_2: contrast = 1
4.506	EXP	button_left_2: depth = -2
4.506	EXP	button_left_2: interpolate = true
4.506	EXP	button_left_2: width = 0.4
4.506	EXP	button_left_2: vertices = [[-0.2,null],[0.2,null],[0.2,null],[-0.2,null]]
4.506	EXP	button_left_2: height = 0.2
4.506	EXP	button_left_2: vertices = [[-0.2,-0.1],[0.2,-0.1],[0.2,0.1],[-0.2,0.1]]
4.506	EXP	button_left_2: vertices = [[-0.2,-0.1],[0.2,-0.1],[0.2,0.1],[-0.2,0.1]]
4.506	EXP	button_right_2: units = "height"
4.506	EXP	button_right_2: ori = 0
4.506	EXP	button_right_2: opacity = 1
4.506	EXP	button_right_2: pos = [0.4,-0.3]
4.506	EXP	button_right_2: size = [1,1]
4.506	EXP	button_right_2: lineWidth = 1
4.506	EXP	button_right_2: lineColor = {"_hex":"#000000","_rgb":[0,0,0]}
4.506	EXP	button_right_2: fillColor = {"_hex":"#FFFFFF","_rgb":[1,1,1]}
4.506	EXP	button_right_2: vertices = [[-0.5,0],[0,0.5],[0.5,0]]
4.506	EXP	button_right_2: closeShape = true
4.506	EXP	button_right_2: contrast = 1
4.506	EXP	button_right_2: depth = -3
4.506	EXP	button_right_2: interpolate = true
4.506	EXP	button_right_2: width = 0.4
4.506	EXP	button_right_2: vertices = [[-0.2,null],[0.2,null],[0.2,null],[-0.2,null]]
4.506	EXP	button_right_2: height = 0.2
4.506	EXP	button_right_2: vertices = [[-0.2,-0.1],[0.2,-0.1],[0.2,0.1],[-0.2,0.1]]
4.506	EXP	button_right_2: vertices = [[-0.2,-0.1],[0.2,-0.1],[0.2,0.1],[-0.2,0.1]]
4.506	EXP	trial_label_left_2: units = "height"
4.506	EXP	trial_label_left_2: ori = 0
4.506	EXP	trial_label_left_2: opacity = 1
4.506	EXP	trial_label_left_2: pos = [-0.4,-0.3]
4.506	EXP	trial_label_left_2: size = undefined
4.506	EXP	trial_label_left_2: text = "M = Nonword"
4.506	EXP	trial_label_left_2: font = "Courier New"
4.506	EXP	trial_label_left_2: color = {"_hex":"#000000","_rgb":[0,0,0]}
4.506	EXP	trial_label_left_2: contrast = 1
4.506	EXP	trial_label_left_2: height = 0.05
4.506	EXP	trial_label_left_2: bold = false
4.506	EXP	trial_label_left_2: italic = false
4.506	EXP	trial_label_left_2: alignHoriz = "left"
4.506	EXP	trial_label_left_2: alignVert = "center"
4.506	EXP	trial_label_left_2: wrapWidth = 1
4.506	EXP	trial_label_left_2: flipHoriz = false
4.506	EXP	trial_label_left_2: flipVert = false
4.506	EXP	trial_label_right_2: units = "height"
4.506	EXP	trial_label_right_2: ori = 0
4.506	EXP	trial_label_right_2: opacity = 1
4.506	EXP	trial_label_right_2: pos = [0.4,-0.3]
4.506	EXP	trial_label_right_2: size = undefined
4.506	EXP	trial_label_right_2: text = "Z = Word"
4.506	EXP	trial_label_right_2: font = "Courier New"
4.506	EXP	trial_label_right_2: color = {"_hex":"#000000","_rgb":[0,0,0]}
4.506	EXP	trial_label_right_2: contrast = 1
4.506	EXP	trial_label_right_2: height = 0.05
4.506	EXP	trial_label_right_2: bold = false
4.506	EXP	trial_label_right_2: italic = false
4.506	EXP	trial_label_right_2: alignHoriz = "left"
4.506	EXP	trial_label_right_2: alignVert = "center"
4.506	EXP	trial_label_right_2: wrapWidth = 1
4.506	EXP	trial_label_right_2: flipHoriz = false
4.506	EXP	trial_label_right_2: flipVert = false
4.506	EXP	break_text: units = "height"
4.506	EXP	break_text: ori = 0
4.506	EXP	break_text: opacity = 1
4.506	EXP	break_text: pos = [0,0]
4.506	EXP	break_text: size = undefined
4.506	EXP	break_text: text = "default text"
4.506	EXP	break_text: font = "Courier New"
4.506	EXP	break_text: color = {"_hex":"#000000","_rgb":[0,0,0]}
4.506	EXP	break_text: contrast = 1
4.506	EXP	break_text: height = 0.05
4.506	EXP	break_text: bold = false
4.506	EXP	break_text: italic = false
4.506	EXP	break_text: alignHoriz = "left"
4.506	EXP	break_text: alignVert = "center"
4.506	EXP	break_text: wrapWidth = 1
4.506	EXP	break_text: flipHoriz = false
4.506	EXP	break_text: flipVert = false
4.506	EXP	break_done_button: units = "height"
4.506	EXP	break_done_button: ori = 0
4.506	EXP	break_done_button: opacity = 1
4.506	EXP	break_done_button: pos = [0,-0.4]
4.506	EXP	break_done_button: size = [1,1]
4.506	EXP	break_done_button: lineWidth = 1
4.506	EXP	break_done_button: lineColor = {"_hex":"#000000","_rgb":[0,0,0]}
4.506	EXP	break_done_button: fillColor = {"_hex":"#FFFFFF","_rgb":[1,1,1]}
4.506	EXP	break_done_button: vertices = [[-0.5,0],[0,0.5],[0.5,0]]
4.506	EXP	break_done_button: closeShape = true
4.506	EXP	break_done_button: contrast = 1
4.506	EXP	break_done_button: depth = -4
4.506	EXP	break_done_button: interpolate = true
4.506	EXP	break_done_button: width = 0.4
4.506	EXP	break_done_button: vertices = [[-0.2,null],[0.2,null],[0.2,null],[-0.2,null]]
4.506	EXP	break_done_button: height = 0.1
4.506	EXP	break_done_button: vertices = [[-0.2,-0.05],[0.2,-0.05],[0.2,0.05],[-0.2,0.05]]
4.506	EXP	break_done_button: vertices = [[-0.2,-0.05],[0.2,-0.05],[0.2,0.05],[-0.2,0.05]]
4.506	EXP	break_done_button_label: units = "height"
4.506	EXP	break_done_button_label: ori = 0
4.506	EXP	break_done_button_label: opacity = 1
4.506	EXP	break_done_button_label: pos = [0,-0.4]
4.506	EXP	break_done_button_label: size = undefined
4.506	EXP	break_done_button_label: text = "Continue"
4.506	EXP	break_done_button_label: font = "Courier New"
4.506	EXP	break_done_button_label: color = {"_hex":"#000000","_rgb":[0,0,0]}
4.506	EXP	break_done_button_label: contrast = 1
4.506	EXP	break_done_button_label: height = 0.05
4.506	EXP	break_done_button_label: bold = false
4.506	EXP	break_done_button_label: italic = false
4.506	EXP	break_done_button_label: alignHoriz = "left"
4.506	EXP	break_done_button_label: alignVert = "center"
4.506	EXP	break_done_button_label: wrapWidth = 1
4.506	EXP	break_done_button_label: flipHoriz = false
4.506	EXP	break_done_button_label: flipVert = false
4.506	EXP	thank_you: units = "height"
4.506	EXP	thank_you: ori = 0
4.506	EXP	thank_you: opacity = 1
4.506	EXP	thank_you: pos = [0,0]
4.506	EXP	thank_you: size = undefined
4.506	EXP	thank_you: text = "This is the end of the experiment.\n\nPlease do not close this window until you have been redirected to the debriefing page. \n\nYou must go to the debriefing page in order to receive your participation credit."
4.506	EXP	thank_you: font = "Courier New"
4.506	EXP	thank_you: color = {"_hex":"#000000","_rgb":[0,0,0]}
4.506	EXP	thank_you: contrast = 1
4.506	EXP	thank_you: height = 1
4.506	EXP	thank_you: bold = false
4.506	EXP	thank_you: italic = false
4.506	EXP	thank_you: alignHoriz = "left"
4.506	EXP	thank_you: alignVert = "center"
4.506	EXP	thank_you: wrapWidth = 1
4.506	EXP	thank_you: flipHoriz = false
4.506	EXP	thank_you: flipVert = false
4.506	EXP	instructions: text = "INSTRUCTIONS\r\nAt the start of each trial, look at the hash marks (######) in the center of the screen. After a moment, a string of letters will appear. Your task is to indicate if the letter string forms a word or not (i.e., if it is a nonword). For example, AUTHOR is a word while AUTHON is a nonword.\r\n\r\nPress the space bar or touch the button below to continue."
4.506	EXP	instructions_image: image = undefined
4.506	EXP	instructions: autoDraw = true
4.506	EXP	instr_done_button: autoDraw = true
4.506	EXP	instr_done_label: autoDraw = true
5.682	DATA	Mouse: 0 button down, pos=(905,992)
5.758000000000001	EXP	instructions: autoDraw = false
5.758000000000001	EXP	instr_done_button: autoDraw = false
5.758000000000001	EXP	instr_done_label: autoDraw = false
5.758000000000001	EXP	instructions_image: autoDraw = false
5.758000000000001	EXP	instructions: text = "If your device has a keyboard, press the 'Z' key for nonwords and the 'M' key for words.\r\n\r\n\r\n\r\n\r\n\r\nPress the space bar or touch the button below to continue."
5.758000000000001	EXP	instructions_image: image = {}
5.758000000000001	EXP	instructions: autoDraw = true
5.758000000000001	EXP	instr_done_button: autoDraw = true
5.758000000000001	EXP	instr_done_label: autoDraw = true
5.758000000000001	EXP	instructions_image: autoDraw = true
5.760999999999999	DATA	Mouse: 0 button down, pos=(905,992)
6.3870000000000005	DATA	Mouse: 0 button down, pos=(897,976)
6.461	EXP	instructions: autoDraw = false
6.461	EXP	instr_done_button: autoDraw = false
6.461	EXP	instr_done_label: autoDraw = false
6.461	EXP	instructions_image: autoDraw = false
6.461	EXP	instructions: text = "If you are using a touchscreen only device, use the buttons on the screen. Do not use the mouse.\r\n\r\n\r\n\r\n\r\n\r\nPress the space bar or touch the button below to continue."
6.461	EXP	instructions_image: image = {}
6.461	EXP	instructions: autoDraw = true
6.461	EXP	instr_done_button: autoDraw = true
6.461	EXP	instr_done_label: autoDraw = true
6.461	EXP	instructions_image: autoDraw = true
6.463000000000001	DATA	Mouse: 0 button down, pos=(896,976)
7.311	DATA	Mouse: 0 button down, pos=(896,974)
7.425000000000001	EXP	instructions: autoDraw = false
7.425000000000001	EXP	instr_done_button: autoDraw = false
7.425000000000001	EXP	instr_done_label: autoDraw = false
7.425000000000001	EXP	instructions_image: autoDraw = false
7.425000000000001	EXP	instructions: text = "It is very important that you respond as quickly and accurately as possible, as each letter string will only be on the screen for two seconds. If you do not respond within this time, the message 'Too slow!' will be displayed and the experiment will progress to the next letter string. The first 20 trials will be practice trials and you will receive feedback on your answers. \r\n\r\nPress the space bar or touch the button below to start the practice trials."
7.425000000000001	EXP	instructions_image: image = undefined
7.425000000000001	EXP	instructions: autoDraw = true
7.425000000000001	EXP	instr_done_button: autoDraw = true
7.425000000000001	EXP	instr_done_label: autoDraw = true
7.428000000000001	DATA	Mouse: 0 button down, pos=(896,974)
7.915000000000001	DATA	Mouse: 0 button down, pos=(896,969)
8.268	EXP	instructions: autoDraw = false
8.268	EXP	instr_done_button: autoDraw = false
8.268	EXP	instr_done_label: autoDraw = false
8.268	EXP	instructions_image: autoDraw = false
8.268	EXP	prime_text: text = "matrix"
8.268	EXP	target: text = "MATRIX"
8.268	EXP	target: font = "Courier New"
8.268	EXP	fixation_mask: autoDraw = true
8.268	EXP	button_left: autoDraw = true
8.268	EXP	button_right: autoDraw = true
8.268	EXP	trial_label_right: autoDraw = true
8.268	EXP	trial_label_left_new: autoDraw = true
8.283	DATA	Mouse: 0 button down, pos=(896,969)
8.67	EXP	fixation_mask: autoDraw = false
8.697000000000001	EXP	prime_text: autoDraw = true
8.795	EXP	prime_text: autoDraw = false
8.795	EXP	target: autoDraw = true
10.305	DATA	Mouse: 0 button down, pos=(587,882)
10.37	EXP	fixation_mask: autoDraw = false
10.37	EXP	prime_text: autoDraw = false
10.37	EXP	target: autoDraw = false
10.37	EXP	button_left: autoDraw = false
10.37	EXP	button_right: autoDraw = false
10.37	EXP	trial_label_right: autoDraw = false
10.37	EXP	trial_label_left_new: autoDraw = false
10.37	EXP	feedback_text: color = {"_hex":"#FF0000","_rgb":[1,0,0]}
10.37	EXP	feedback_text: text = "Incorrect"
10.37	EXP	feedback_text: autoDraw = true
10.37	EXP	button_left_2: autoDraw = true
10.37	EXP	button_right_2: autoDraw = true
10.37	EXP	trial_label_left_2: autoDraw = true
10.37	EXP	trial_label_right_2: autoDraw = true
10.398	DATA	Mouse: 0 button down, pos=(587,882)
10.669	DATA	Mouse: 0 button down, pos=(587,882)
10.785	DATA	Mouse: 0 button down, pos=(587,882)
10.866	EXP	feedback_text: autoDraw = false
10.866	EXP	button_left_2: autoDraw = false
10.866	EXP	button_right_2: autoDraw = false
10.866	EXP	trial_label_left_2: autoDraw = false
10.866	EXP	trial_label_right_2: autoDraw = false
10.866	EXP	feedback_text: autoDraw = false
10.866	EXP	button_left_2: autoDraw = false
10.866	EXP	button_right_2: autoDraw = false
10.866	EXP	trial_label_left_2: autoDraw = false
10.866	EXP	trial_label_right_2: autoDraw = false
10.866	EXP	prime_text: text = "adjust"
10.866	EXP	target: text = "ADJUST"
10.866	EXP	target: font = "Courier New"
10.866	EXP	fixation_mask: autoDraw = true
10.866	EXP	button_left: autoDraw = true
10.866	EXP	button_right: autoDraw = true
10.866	EXP	trial_label_right: autoDraw = true
10.866	EXP	trial_label_left_new: autoDraw = true
11.358	EXP	fixation_mask: autoDraw = false
11.397	EXP	prime_text: autoDraw = true
11.397	EXP	prime_text: autoDraw = false
11.397	EXP	target: autoDraw = true
12.176	DATA	Mouse: 0 button down, pos=(592,880)
12.22	EXP	fixation_mask: autoDraw = false
12.22	EXP	prime_text: autoDraw = false
12.22	EXP	target: autoDraw = false
12.22	EXP	button_left: autoDraw = false
12.22	EXP	button_right: autoDraw = false
12.22	EXP	trial_label_right: autoDraw = false
12.22	EXP	trial_label_left_new: autoDraw = false
12.22	EXP	feedback_text: color = {"_hex":"#FF0000","_rgb":[1,0,0]}
12.22	EXP	feedback_text: text = "Incorrect"
12.22	EXP	feedback_text: autoDraw = true
12.22	EXP	button_left_2: autoDraw = true
12.22	EXP	button_right_2: autoDraw = true
12.22	EXP	trial_label_left_2: autoDraw = true
12.22	EXP	trial_label_right_2: autoDraw = true
12.294	DATA	Mouse: 0 button down, pos=(592,880)
12.719	EXP	feedback_text: autoDraw = false
12.719	EXP	button_left_2: autoDraw = false
12.719	EXP	button_right_2: autoDraw = false
12.719	EXP	trial_label_left_2: autoDraw = false
12.719	EXP	trial_label_right_2: autoDraw = false
12.719	EXP	feedback_text: autoDraw = false
12.719	EXP	button_left_2: autoDraw = false
12.719	EXP	button_right_2: autoDraw = false
12.719	EXP	trial_label_left_2: autoDraw = false
12.719	EXP	trial_label_right_2: autoDraw = false
12.719	EXP	prime_text: text = "fariny"
12.719	EXP	target: text = "FARINY"
12.719	EXP	target: font = "Courier New"
12.719	EXP	fixation_mask: autoDraw = true
12.719	EXP	button_left: autoDraw = true
12.719	EXP	button_right: autoDraw = true
12.719	EXP	trial_label_right: autoDraw = true
12.719	EXP	trial_label_left_new: autoDraw = true
13.357	EXP	fixation_mask: autoDraw = false
13.357	EXP	prime_text: autoDraw = true
13.398	EXP	prime_text: autoDraw = false
13.398	EXP	target: autoDraw = true
13.600000000000001	DATA	Mouse: 0 button down, pos=(592,880)
13.608	DATA	Mouse: 0 button down, pos=(592,880)
15.073	DATA	Mouse: 0 button down, pos=(592,880)
15.105	EXP	fixation_mask: autoDraw = false
15.105	EXP	prime_text: autoDraw = false
15.105	EXP	target: autoDraw = false
15.105	EXP	button_left: autoDraw = false
15.105	EXP	button_right: autoDraw = false
15.105	EXP	trial_label_right: autoDraw = false
15.105	EXP	trial_label_left_new: autoDraw = false
15.105	EXP	feedback_text: color = {"_hex":"#008000","_rgb":[0,0.5019607843137255,0]}
15.105	EXP	feedback_text: text = "Correct"
15.105	EXP	feedback_text: autoDraw = true
15.105	EXP	button_left_2: autoDraw = true
15.105	EXP	button_right_2: autoDraw = true
15.105	EXP	trial_label_left_2: autoDraw = true
15.105	EXP	trial_label_right_2: autoDraw = true
15.18	DATA	Mouse: 0 button down, pos=(592,880)
15.642	EXP	feedback_text: autoDraw = false
15.642	EXP	button_left_2: autoDraw = false
15.642	EXP	button_right_2: autoDraw = false
15.642	EXP	trial_label_left_2: autoDraw = false
15.642	EXP	trial_label_right_2: autoDraw = false
15.642	EXP	feedback_text: autoDraw = false
15.642	EXP	button_left_2: autoDraw = false
15.642	EXP	button_right_2: autoDraw = false
15.642	EXP	trial_label_left_2: autoDraw = false
15.642	EXP	trial_label_right_2: autoDraw = false
15.642	EXP	prime_text: text = "frenzy"
15.642	EXP	target: text = "OBTAIN"
15.642	EXP	target: font = "Courier New"
15.642	EXP	fixation_mask: autoDraw = true
15.642	EXP	button_left: autoDraw = true
15.642	EXP	button_right: autoDraw = true
15.642	EXP	trial_label_right: autoDraw = true
15.642	EXP	trial_label_left_new: autoDraw = true
16.131	EXP	fixation_mask: autoDraw = false
16.167	EXP	prime_text: autoDraw = true
16.23	EXP	prime_text: autoDraw = false
16.23	EXP	target: autoDraw = true
16.405	DATA	Mouse: 0 button down, pos=(592,880)
16.457	EXP	fixation_mask: autoDraw = false
16.457	EXP	prime_text: autoDraw = false
16.457	EXP	target: autoDraw = false
16.457	EXP	button_left: autoDraw = false
16.457	EXP	button_right: autoDraw = false
16.457	EXP	trial_label_right: autoDraw = false
16.457	EXP	trial_label_left_new: autoDraw = false
16.457	EXP	feedback_text: color = {"_hex":"#FF0000","_rgb":[1,0,0]}
16.457	EXP	feedback_text: text = "Incorrect"
16.457	EXP	feedback_text: autoDraw = true
16.457	EXP	button_left_2: autoDraw = true
16.457	EXP	button_right_2: autoDraw = true
16.457	EXP	trial_label_left_2: autoDraw = true
16.457	EXP	trial_label_right_2: autoDraw = true
16.519	DATA	Mouse: 0 button down, pos=(592,880)
16.951	EXP	feedback_text: autoDraw = false
16.951	EXP	button_left_2: autoDraw = false
16.951	EXP	button_right_2: autoDraw = false
16.951	EXP	trial_label_left_2: autoDraw = false
16.951	EXP	trial_label_right_2: autoDraw = false
16.951	EXP	feedback_text: autoDraw = false
16.951	EXP	button_left_2: autoDraw = false
16.951	EXP	button_right_2: autoDraw = false
16.951	EXP	trial_label_left_2: autoDraw = false
16.951	EXP	trial_label_right_2: autoDraw = false
16.951	EXP	prime_text: text = "rashet"
16.951	EXP	target: text = "RASHET"
16.951	EXP	target: font = "Courier New"
16.951	EXP	fixation_mask: autoDraw = true
16.951	EXP	button_left: autoDraw = true
16.951	EXP	button_right: autoDraw = true
16.951	EXP	trial_label_right: autoDraw = true
16.951	EXP	trial_label_left_new: autoDraw = true
17.454	EXP	fixation_mask: autoDraw = false
17.492	EXP	prime_text: autoDraw = true
17.492	EXP	prime_text: autoDraw = false
17.55	EXP	target: autoDraw = true
17.912	DATA	Mouse: 0 button down, pos=(592,880)
17.964	EXP	fixation_mask: autoDraw = false
17.964	EXP	prime_text: autoDraw = false
17.964	EXP	target: autoDraw = false
17.964	EXP	button_left: autoDraw = false
17.964	EXP	button_right: autoDraw = false
17.964	EXP	trial_label_right: autoDraw = false
17.964	EXP	trial_label_left_new: autoDraw = false
17.964	EXP	feedback_text: color = {"_hex":"#008000","_rgb":[0,0.5019607843137255,0]}
17.964	EXP	feedback_text: text = "Correct"
17.964	EXP	feedback_text: autoDraw = true
17.964	EXP	button_left_2: autoDraw = true
17.964	EXP	button_right_2: autoDraw = true
17.964	EXP	trial_label_left_2: autoDraw = true
17.964	EXP	trial_label_right_2: autoDraw = true
18.025	DATA	Mouse: 0 button down, pos=(592,880)
18.43	EXP	feedback_text: autoDraw = false
18.43	EXP	button_left_2: autoDraw = false
18.43	EXP	button_right_2: autoDraw = false
18.43	EXP	trial_label_left_2: autoDraw = false
18.43	EXP	trial_label_right_2: autoDraw = false
18.43	EXP	feedback_text: autoDraw = false
18.43	EXP	button_left_2: autoDraw = false
18.43	EXP	button_right_2: autoDraw = false
18.43	EXP	trial_label_left_2: autoDraw = false
18.43	EXP	trial_label_right_2: autoDraw = false
18.43	EXP	prime_text: text = "inlade"
18.43	EXP	target: text = "INLADE"
18.43	EXP	target: font = "Courier New"
18.43	EXP	fixation_mask: autoDraw = true
18.43	EXP	button_left: autoDraw = true
18.43	EXP	button_right: autoDraw = true
18.43	EXP	trial_label_right: autoDraw = true
18.43	EXP	trial_label_left_new: autoDraw = true
18.984	EXP	fixation_mask: autoDraw = false
18.984	EXP	prime_text: autoDraw = true
18.984	EXP	prime_text: autoDraw = false
19.02	EXP	target: autoDraw = true
19.244	DATA	Mouse: 0 button down, pos=(592,880)
19.278	EXP	fixation_mask: autoDraw = false
19.278	EXP	prime_text: autoDraw = false
19.278	EXP	target: autoDraw = false
19.278	EXP	button_left: autoDraw = false
19.278	EXP	button_right: autoDraw = false
19.278	EXP	trial_label_right: autoDraw = false
19.278	EXP	trial_label_left_new: autoDraw = false
19.278	EXP	feedback_text: color = {"_hex":"#008000","_rgb":[0,0.5019607843137255,0]}
19.278	EXP	feedback_text: text = "Correct"
19.278	EXP	feedback_text: autoDraw = true
19.278	EXP	button_left_2: autoDraw = true
19.278	EXP	button_right_2: autoDraw = true
19.278	EXP	trial_label_left_2: autoDraw = true
19.278	EXP	trial_label_right_2: autoDraw = true
19.402	DATA	Mouse: 0 button down, pos=(592,880)
19.802	EXP	feedback_text: autoDraw = false
19.802	EXP	button_left_2: autoDraw = false
19.802	EXP	button_right_2: autoDraw = false
19.802	EXP	trial_label_left_2: autoDraw = false
19.802	EXP	trial_label_right_2: autoDraw = false
19.802	EXP	feedback_text: autoDraw = false
19.802	EXP	button_left_2: autoDraw = false
19.802	EXP	button_right_2: autoDraw = false
19.802	EXP	trial_label_left_2: autoDraw = false
19.802	EXP	trial_label_right_2: autoDraw = false
19.802	EXP	prime_text: text = "miaber"
19.802	EXP	target: text = "THRALE"
19.802	EXP	target: font = "Courier New"
19.802	EXP	fixation_mask: autoDraw = true
19.802	EXP	button_left: autoDraw = true
19.802	EXP	button_right: autoDraw = true
19.802	EXP	trial_label_right: autoDraw = true
19.802	EXP	trial_label_left_new: autoDraw = true
20.311	EXP	fixation_mask: autoDraw = false
20.341	EXP	prime_text: autoDraw = true
20.388	EXP	prime_text: autoDraw = false
20.388	EXP	target: autoDraw = true
20.419	DATA	Mouse: 0 button down, pos=(592,880)
20.45	EXP	fixation_mask: autoDraw = false
20.45	EXP	prime_text: autoDraw = false
20.45	EXP	target: autoDraw = false
20.45	EXP	button_left: autoDraw = false
20.45	EXP	button_right: autoDraw = false
20.45	EXP	trial_label_right: autoDraw = false
20.45	EXP	trial_label_left_new: autoDraw = false
20.45	EXP	feedback_text: color = {"_hex":"#008000","_rgb":[0,0.5019607843137255,0]}
20.45	EXP	feedback_text: text = "Correct"
20.45	EXP	feedback_text: autoDraw = true
20.45	EXP	button_left_2: autoDraw = true
20.45	EXP	button_right_2: autoDraw = true
20.45	EXP	trial_label_left_2: autoDraw = true
20.45	EXP	trial_label_right_2: autoDraw = true
20.549	DATA	Mouse: 0 button down, pos=(592,880)
20.575	DATA	Mouse: wheel shift=(0,3), pos=(592,880)
20.636	DATA	Mouse: 0 button down, pos=(592,880)
20.792	DATA	Mouse: 0 button down, pos=(592,880)
20.866	DATA	Mouse: 0 button down, pos=(592,880)
20.956	EXP	feedback_text: autoDraw = false
20.956	EXP	button_left_2: autoDraw = false
20.956	EXP	button_right_2: autoDraw = false
20.956	EXP	trial_label_left_2: autoDraw = false
20.956	EXP	trial_label_right_2: autoDraw = false
20.956	EXP	feedback_text: autoDraw = false
20.956	EXP	button_left_2: autoDraw = false
20.956	EXP	button_right_2: autoDraw = false
20.956	EXP	trial_label_left_2: autoDraw = false
20.956	EXP	trial_label_right_2: autoDraw = false
20.956	EXP	prime_text: text = "almond"
20.956	EXP	target: text = "ALMOND"
20.956	EXP	target: font = "Courier New"
20.956	EXP	fixation_mask: autoDraw = true
20.956	EXP	button_left: autoDraw = true
20.956	EXP	button_right: autoDraw = true
20.956	EXP	trial_label_right: autoDraw = true
20.956	EXP	trial_label_left_new: autoDraw = true
20.987	DATA	Mouse: 0 button down, pos=(592,880)
21.493	EXP	fixation_mask: autoDraw = false
21.493	EXP	prime_text: autoDraw = true
21.544	EXP	prime_text: autoDraw = false
21.544	EXP	target: autoDraw = true
22.018	DATA	Mouse: 0 button down, pos=(592,880)
22.066	EXP	fixation_mask: autoDraw = false
22.066	EXP	prime_text: autoDraw = false
22.066	EXP	target: autoDraw = false
22.066	EXP	button_left: autoDraw = false
22.066	EXP	button_right: autoDraw = false
22.066	EXP	trial_label_right: autoDraw = false
22.066	EXP	trial_label_left_new: autoDraw = false
22.066	EXP	feedback_text: color = {"_hex":"#FF0000","_rgb":[1,0,0]}
22.066	EXP	feedback_text: text = "Incorrect"
22.066	EXP	feedback_text: autoDraw = true
22.066	EXP	button_left_2: autoDraw = true
22.066	EXP	button_right_2: autoDraw = true
22.066	EXP	trial_label_left_2: autoDraw = true
22.066	EXP	trial_label_right_2: autoDraw = true
22.21	DATA	Mouse: 0 button down, pos=(592,880)
22.574	EXP	feedback_text: autoDraw = false
22.574	EXP	button_left_2: autoDraw = false
22.574	EXP	button_right_2: autoDraw = false
22.574	EXP	trial_label_left_2: autoDraw = false
22.574	EXP	trial_label_right_2: autoDraw = false
22.574	EXP	feedback_text: autoDraw = false
22.574	EXP	button_left_2: autoDraw = false
22.574	EXP	button_right_2: autoDraw = false
22.574	EXP	trial_label_left_2: autoDraw = false
22.574	EXP	trial_label_right_2: autoDraw = false
22.574	EXP	prime_text: text = "mushed"
22.574	EXP	target: text = "WHAISE"
22.574	EXP	target: font = "Courier New"
22.574	EXP	fixation_mask: autoDraw = true
22.574	EXP	button_left: autoDraw = true
22.574	EXP	button_right: autoDraw = true
22.574	EXP	trial_label_right: autoDraw = true
22.574	EXP	trial_label_left_new: autoDraw = true
23.038	DATA	Mouse: wheel shift=(-3,0), pos=(636,871)
23.071	EXP	fixation_mask: autoDraw = false
23.119	EXP	prime_text: autoDraw = true
23.154	EXP	prime_text: autoDraw = false
23.154	EXP	target: autoDraw = true
23.66	DATA	Mouse: wheel shift=(0,3), pos=(692,670)
23.848	DATA	Mouse: wheel shift=(-3,0), pos=(628,725)
23.859	DATA	Mouse: wheel shift=(-3,0), pos=(618,726)
24.178	DATA	Keydown: Escape
24.533	DATA	Keydown: Escape
