0.9486699999542907	EXP	Created Window = Window( name=Window, fullscr=true, color=#ffffff, units=height, waitBlanking=true, autoLog=true, size=[1920,1013] )
3.6073099999921396	EXP	Created instructions = TextStim( name=instructions, win=Window( name=Window, fullscr=true, color=#ffffff, ~), autoDraw=null, autoLog=true, units=height, ori=null, opacity=1, pos=[0,0], size=undefined, text=default text, font=Courier New, color=#000000, contrast=1, height=0.035, bold=null, italic=null, alignHoriz=left, alignVert=center, wrapWidth=1, flipHoriz=null, flipVert=null )
3.617259999969974	EXP	Created instr_done_button = Rect( name=instr_done_button, win=Window( name=Window, fullscr=true, color=#ffffff, ~), autoDraw=null, autoLog=true, units=height, ori=null, opacity=1, pos=[0,-0.4], size=[1,1], lineWidth=1, lineColor=#000000, fillColor=#FFFFFF, vertices=[[-0.2,-0.05],[0.2,-0.05],[0.2,0.05],[-0.2,0.05]], closeShape=true, contrast=1, depth=-2, interpolate=true, width=0.4, height=0.1 )
3.618484999984503	EXP	Created instr_done_label = TextStim( name=instr_done_label, win=Window( name=Window, fullscr=true, color=#ffffff, ~), autoDraw=null, autoLog=true, units=height, ori=null, opacity=1, pos=[0,-0.4], size=undefined, text=Continue, font=Courier New, color=#000000, contrast=1, height=0.05, bold=null, italic=null, alignHoriz=left, alignVert=center, wrapWidth=1, flipHoriz=null, flipVert=null )
3.6202399999601766	EXP	Created fixation_mask = TextStim( name=fixation_mask, win=Window( name=Window, fullscr=true, color=#ffffff, ~), autoDraw=null, autoLog=true, units=height, ori=null, opacity=1, pos=[0,0], size=undefined, text=######, font=Courier New, color=#000000, contrast=1, height=0.1, bold=null, italic=null, alignHoriz=left, alignVert=center, wrapWidth=1, flipHoriz=null, flipVert=null )
3.6214649999747053	EXP	Created prime_text = TextStim( name=prime_text, win=Window( name=Window, fullscr=true, color=#ffffff, ~), autoDraw=null, autoLog=true, units=height, ori=null, opacity=1, pos=[0,0], size=undefined, text=default text, font=Courier New, color=#000000, contrast=1, height=0.1, bold=null, italic=null, alignHoriz=left, alignVert=center, wrapWidth=1, flipHoriz=null, flipVert=null )
3.622754999960307	EXP	Created target = TextStim( name=target, win=Window( name=Window, fullscr=true, color=#ffffff, ~), autoDraw=null, autoLog=true, units=height, ori=null, opacity=1, pos=[0,0], size=undefined, text=default text, font=Arial, color=#000000, contrast=1, height=0.1, bold=null, italic=null, alignHoriz=left, alignVert=center, wrapWidth=1, flipHoriz=null, flipVert=null )
3.628039999981411	EXP	Created button_left = Rect( name=button_left, win=Window( name=Window, fullscr=true, color=#ffffff, ~), autoDraw=null, autoLog=true, units=height, ori=null, opacity=1, pos=[-0.4,-0.3], size=[1,1], lineWidth=1, lineColor=#000000, fillColor=#FFFFFF, vertices=[[-0.2,-0.1],[0.2,-0.1],[0.2,0.1],[-0.2,0.1]], closeShape=true, contrast=1, depth=-5, interpolate=true, width=0.4, height=0.2 )
3.63511999999173	EXP	Created button_right = Rect( name=button_right, win=Window( name=Window, fullscr=true, color=#ffffff, ~), autoDraw=null, autoLog=true, units=height, ori=null, opacity=1, pos=[0.4,-0.3], size=[1,1], lineWidth=1, lineColor=#000000, fillColor=#FFFFFF, vertices=[[-0.2,-0.1],[0.2,-0.1],[0.2,0.1],[-0.2,0.1]], closeShape=true, contrast=1, depth=-6, interpolate=true, width=0.4, height=0.2 )
3.6365449999575503	EXP	Created trial_label_right = TextStim( name=trial_label_right, win=Window( name=Window, fullscr=true, color=#ffffff, ~), autoDraw=null, autoLog=true, units=height, ori=null, opacity=1, pos=[0.4,-0.3], size=undefined, text=l = Word, font=Courier New, color=#000000, contrast=1, height=0.05, bold=null, italic=null, alignHoriz=left, alignVert=center, wrapWidth=1, flipHoriz=null, flipVert=null )
3.6379999999771826	EXP	Created trial_label_left_new = TextStim( name=trial_label_left_new, win=Window( name=Window, fullscr=true, color=#ffffff, ~), autoDraw=null, autoLog=true, units=height, ori=null, opacity=1, pos=[-0.4,-0.3], size=undefined, text=a = Nonword, font=Courier New, color=#000000, contrast=1, height=0.05, bold=null, italic=null, alignHoriz=left, alignVert=center, wrapWidth=1, flipHoriz=null, flipVert=null )
3.6391399999847636	EXP	Created feedback_text = TextStim( name=feedback_text, win=Window( name=Window, fullscr=true, color=#ffffff, ~), autoDraw=null, autoLog=true, units=height, ori=null, opacity=1, pos=[0,0], size=undefined, text=default text, font=Courier New, color=#FFFFFF, contrast=1, height=0.05, bold=null, italic=null, alignHoriz=left, alignVert=center, wrapWidth=1, flipHoriz=null, flipVert=null )
3.6436449999455363	EXP	Created button_left_2 = Rect( name=button_left_2, win=Window( name=Window, fullscr=true, color=#ffffff, ~), autoDraw=null, autoLog=true, units=height, ori=null, opacity=1, pos=[-0.4,-0.3], size=[1,1], lineWidth=1, lineColor=#000000, fillColor=#FFFFFF, vertices=[[-0.2,-0.1],[0.2,-0.1],[0.2,0.1],[-0.2,0.1]], closeShape=true, contrast=1, depth=-2, interpolate=true, width=0.4, height=0.2 )
3.648094999953173	EXP	Created button_right_2 = Rect( name=button_right_2, win=Window( name=Window, fullscr=true, color=#ffffff, ~), autoDraw=null, autoLog=true, units=height, ori=null, opacity=1, pos=[0.4,-0.3], size=[1,1], lineWidth=1, lineColor=#000000, fillColor=#FFFFFF, vertices=[[-0.2,-0.1],[0.2,-0.1],[0.2,0.1],[-0.2,0.1]], closeShape=true, contrast=1, depth=-3, interpolate=true, width=0.4, height=0.2 )
3.650054999976419	EXP	Created trial_label_left_2 = TextStim( name=trial_label_left_2, win=Window( name=Window, fullscr=true, color=#ffffff, ~), autoDraw=null, autoLog=true, units=height, ori=null, opacity=1, pos=[-0.4,-0.3], size=undefined, text=a = Nonword, font=Courier New, color=#000000, contrast=1, height=0.05, bold=null, italic=null, alignHoriz=left, alignVert=center, wrapWidth=1, flipHoriz=null, flipVert=null )
3.6524199999985285	EXP	Created trial_label_right_2 = TextStim( name=trial_label_right_2, win=Window( name=Window, fullscr=true, color=#ffffff, ~), autoDraw=null, autoLog=true, units=height, ori=null, opacity=1, pos=[0.4,-0.3], size=undefined, text=l = Word, font=Courier New, color=#000000, contrast=1, height=0.05, bold=null, italic=null, alignHoriz=left, alignVert=center, wrapWidth=1, flipHoriz=null, flipVert=null )
3.6538549999822862	EXP	Created instructions = TextStim( name=instructions, win=Window( name=Window, fullscr=true, color=#ffffff, ~), autoDraw=null, autoLog=true, units=height, ori=null, opacity=1, pos=[0,0], size=undefined, text=default text, font=Courier New, color=#000000, contrast=1, height=0.035, bold=null, italic=null, alignHoriz=left, alignVert=center, wrapWidth=1, flipHoriz=null, flipVert=null )
3.6598399999784306	EXP	Created instr_done_button = Rect( name=instr_done_button, win=Window( name=Window, fullscr=true, color=#ffffff, ~), autoDraw=null, autoLog=true, units=height, ori=null, opacity=1, pos=[0,-0.4], size=[1,1], lineWidth=1, lineColor=#000000, fillColor=#FFFFFF, vertices=[[-0.2,-0.05],[0.2,-0.05],[0.2,0.05],[-0.2,0.05]], closeShape=true, contrast=1, depth=-2, interpolate=true, width=0.4, height=0.1 )
3.6605349999736063	EXP	Created instr_done_label = TextStim( name=instr_done_label, win=Window( name=Window, fullscr=true, color=#ffffff, ~), autoDraw=null, autoLog=true, units=height, ori=null, opacity=1, pos=[0,-0.4], size=undefined, text=Continue, font=Courier New, color=#000000, contrast=1, height=0.05, bold=null, italic=null, alignHoriz=left, alignVert=center, wrapWidth=1, flipHoriz=null, flipVert=null )
3.6612800000002608	EXP	Created fixation_mask = TextStim( name=fixation_mask, win=Window( name=Window, fullscr=true, color=#ffffff, ~), autoDraw=null, autoLog=true, units=height, ori=null, opacity=1, pos=[0,0], size=undefined, text=######, font=Courier New, color=#000000, contrast=1, height=0.1, bold=null, italic=null, alignHoriz=left, alignVert=center, wrapWidth=1, flipHoriz=null, flipVert=null )
3.6618949999683537	EXP	Created prime_text = TextStim( name=prime_text, win=Window( name=Window, fullscr=true, color=#ffffff, ~), autoDraw=null, autoLog=true, units=height, ori=null, opacity=1, pos=[0,0], size=undefined, text=default text, font=Courier New, color=#000000, contrast=1, height=0.1, bold=null, italic=null, alignHoriz=left, alignVert=center, wrapWidth=1, flipHoriz=null, flipVert=null )
3.662499999976717	EXP	Created target = TextStim( name=target, win=Window( name=Window, fullscr=true, color=#ffffff, ~), autoDraw=null, autoLog=true, units=height, ori=null, opacity=1, pos=[0,0], size=undefined, text=default text, font=Arial, color=#000000, contrast=1, height=0.1, bold=null, italic=null, alignHoriz=left, alignVert=center, wrapWidth=1, flipHoriz=null, flipVert=null )
3.6680349999805912	EXP	Created button_left = Rect( name=button_left, win=Window( name=Window, fullscr=true, color=#ffffff, ~), autoDraw=null, autoLog=true, units=height, ori=null, opacity=1, pos=[-0.4,-0.3], size=[1,1], lineWidth=1, lineColor=#000000, fillColor=#FFFFFF, vertices=[[-0.2,-0.1],[0.2,-0.1],[0.2,0.1],[-0.2,0.1]], closeShape=true, contrast=1, depth=-5, interpolate=true, width=0.4, height=0.2 )
3.671349999960512	EXP	Created button_right = Rect( name=button_right, win=Window( name=Window, fullscr=true, color=#ffffff, ~), autoDraw=null, autoLog=true, units=height, ori=null, opacity=1, pos=[0.4,-0.3], size=[1,1], lineWidth=1, lineColor=#000000, fillColor=#FFFFFF, vertices=[[-0.2,-0.1],[0.2,-0.1],[0.2,0.1],[-0.2,0.1]], closeShape=true, contrast=1, depth=-6, interpolate=true, width=0.4, height=0.2 )
3.672664999961853	EXP	Created trial_label_right = TextStim( name=trial_label_right, win=Window( name=Window, fullscr=true, color=#ffffff, ~), autoDraw=null, autoLog=true, units=height, ori=null, opacity=1, pos=[0.4,-0.3], size=undefined, text=l = Word, font=Courier New, color=#000000, contrast=1, height=0.05, bold=null, italic=null, alignHoriz=left, alignVert=center, wrapWidth=1, flipHoriz=null, flipVert=null )
3.673434999946039	EXP	Created trial_label_left_new = TextStim( name=trial_label_left_new, win=Window( name=Window, fullscr=true, color=#ffffff, ~), autoDraw=null, autoLog=true, units=height, ori=null, opacity=1, pos=[-0.4,-0.3], size=undefined, text=a = Nonword, font=Courier New, color=#000000, contrast=1, height=0.05, bold=null, italic=null, alignHoriz=left, alignVert=center, wrapWidth=1, flipHoriz=null, flipVert=null )
3.6741049999836832	EXP	Created feedback_text = TextStim( name=feedback_text, win=Window( name=Window, fullscr=true, color=#ffffff, ~), autoDraw=null, autoLog=true, units=height, ori=null, opacity=1, pos=[0,0], size=undefined, text=default text, font=Courier New, color=#FFFFFF, contrast=1, height=0.05, bold=null, italic=null, alignHoriz=left, alignVert=center, wrapWidth=1, flipHoriz=null, flipVert=null )
3.67818999994779	EXP	Created button_left_2 = Rect( name=button_left_2, win=Window( name=Window, fullscr=true, color=#ffffff, ~), autoDraw=null, autoLog=true, units=height, ori=null, opacity=1, pos=[-0.4,-0.3], size=[1,1], lineWidth=1, lineColor=#000000, fillColor=#FFFFFF, vertices=[[-0.2,-0.1],[0.2,-0.1],[0.2,0.1],[-0.2,0.1]], closeShape=true, contrast=1, depth=-2, interpolate=true, width=0.4, height=0.2 )
3.6831749999546446	EXP	Created button_right_2 = Rect( name=button_right_2, win=Window( name=Window, fullscr=true, color=#ffffff, ~), autoDraw=null, autoLog=true, units=height, ori=null, opacity=1, pos=[0.4,-0.3], size=[1,1], lineWidth=1, lineColor=#000000, fillColor=#FFFFFF, vertices=[[-0.2,-0.1],[0.2,-0.1],[0.2,0.1],[-0.2,0.1]], closeShape=true, contrast=1, depth=-3, interpolate=true, width=0.4, height=0.2 )
3.684450000000652	EXP	Created trial_label_left_2 = TextStim( name=trial_label_left_2, win=Window( name=Window, fullscr=true, color=#ffffff, ~), autoDraw=null, autoLog=true, units=height, ori=null, opacity=1, pos=[-0.4,-0.3], size=undefined, text=a = Nonword, font=Courier New, color=#000000, contrast=1, height=0.05, bold=null, italic=null, alignHoriz=left, alignVert=center, wrapWidth=1, flipHoriz=null, flipVert=null )
3.685765000001993	EXP	Created trial_label_right_2 = TextStim( name=trial_label_right_2, win=Window( name=Window, fullscr=true, color=#ffffff, ~), autoDraw=null, autoLog=true, units=height, ori=null, opacity=1, pos=[0.4,-0.3], size=undefined, text=l = Word, font=Courier New, color=#000000, contrast=1, height=0.05, bold=null, italic=null, alignHoriz=left, alignVert=center, wrapWidth=1, flipHoriz=null, flipVert=null )
3.6866099999751896	EXP	Created break_text = TextStim( name=break_text, win=Window( name=Window, fullscr=true, color=#ffffff, ~), autoDraw=null, autoLog=true, units=height, ori=null, opacity=1, pos=[0,0], size=undefined, text=default text, font=Courier New, color=#000000, contrast=1, height=0.05, bold=null, italic=null, alignHoriz=left, alignVert=center, wrapWidth=1, flipHoriz=null, flipVert=null )
3.689864999963902	EXP	Created break_done_button = Rect( name=break_done_button, win=Window( name=Window, fullscr=true, color=#ffffff, ~), autoDraw=null, autoLog=true, units=height, ori=null, opacity=1, pos=[0,-0.4], size=[1,1], lineWidth=1, lineColor=#000000, fillColor=#FFFFFF, vertices=[[-0.2,-0.05],[0.2,-0.05],[0.2,0.05],[-0.2,0.05]], closeShape=true, contrast=1, depth=-4, interpolate=true, width=0.4, height=0.1 )
3.6906399999861605	EXP	Created break_done_button_label = TextStim( name=break_done_button_label, win=Window( name=Window, fullscr=true, color=#ffffff, ~), autoDraw=null, autoLog=true, units=height, ori=null, opacity=1, pos=[0,-0.4], size=undefined, text=Continue, font=Courier New, color=#000000, contrast=1, height=0.05, bold=null, italic=null, alignHoriz=left, alignVert=center, wrapWidth=1, flipHoriz=null, flipVert=null )
3.6913300000014715	EXP	Created thank_you = TextStim( name=thank_you, win=Window( name=Window, fullscr=true, color=#ffffff, ~), autoDraw=null, autoLog=true, units=height, ori=null, opacity=1, pos=[0,0], size=undefined, text=This is the end of the experiment.

Please do not ~, font=Courier New, color=#000000, contrast=1, height=1, bold=null, italic=null, alignHoriz=left, alignVert=center, wrapWidth=1, flipHoriz=null, flipVert=null )
3.9253049999824725	EXP	instructions: units = "height"
3.9253049999824725	EXP	instructions: ori = 0
3.9253049999824725	EXP	instructions: opacity = 1
3.9253049999824725	EXP	instructions: pos = [0,0]
3.9253049999824725	EXP	instructions: size = undefined
3.9253049999824725	EXP	instructions: text = "default text"
3.9253049999824725	EXP	instructions: font = "Courier New"
3.9253049999824725	EXP	instructions: color = {"_hex":"#000000","_rgb":[0,0,0]}
3.9253049999824725	EXP	instructions: contrast = 1
3.9253049999824725	EXP	instructions: height = 0.035
3.9253049999824725	EXP	instructions: bold = false
3.9253049999824725	EXP	instructions: italic = false
3.9253049999824725	EXP	instructions: alignHoriz = "left"
3.9253049999824725	EXP	instructions: alignVert = "center"
3.9253049999824725	EXP	instructions: wrapWidth = 1
3.9253049999824725	EXP	instructions: flipHoriz = false
3.9253049999824725	EXP	instructions: flipVert = false
3.9253049999824725	EXP	instr_done_button: units = "height"
3.9253049999824725	EXP	instr_done_button: ori = 0
3.9253049999824725	EXP	instr_done_button: opacity = 1
3.9253049999824725	EXP	instr_done_button: pos = [0,-0.4]
3.9253049999824725	EXP	instr_done_button: size = [1,1]
3.9253049999824725	EXP	instr_done_button: lineWidth = 1
3.9253049999824725	EXP	instr_done_button: lineColor = {"_hex":"#000000","_rgb":[0,0,0]}
3.9253049999824725	EXP	instr_done_button: fillColor = {"_hex":"#FFFFFF","_rgb":[1,1,1]}
3.9253049999824725	EXP	instr_done_button: vertices = [[-0.5,0],[0,0.5],[0.5,0]]
3.9253049999824725	EXP	instr_done_button: closeShape = true
3.9253049999824725	EXP	instr_done_button: contrast = 1
3.9253049999824725	EXP	instr_done_button: depth = -2
3.9253049999824725	EXP	instr_done_button: interpolate = true
3.9253049999824725	EXP	instr_done_button: width = 0.4
3.9253049999824725	EXP	instr_done_button: vertices = [[-0.2,null],[0.2,null],[0.2,null],[-0.2,null]]
3.9253049999824725	EXP	instr_done_button: height = 0.1
3.9253049999824725	EXP	instr_done_button: vertices = [[-0.2,-0.05],[0.2,-0.05],[0.2,0.05],[-0.2,0.05]]
3.9253049999824725	EXP	instr_done_button: vertices = [[-0.2,-0.05],[0.2,-0.05],[0.2,0.05],[-0.2,0.05]]
3.9253049999824725	EXP	instr_done_label: units = "height"
3.9253049999824725	EXP	instr_done_label: ori = 0
3.9253049999824725	EXP	instr_done_label: opacity = 1
3.9253049999824725	EXP	instr_done_label: pos = [0,-0.4]
3.9253049999824725	EXP	instr_done_label: size = undefined
3.9253049999824725	EXP	instr_done_label: text = "Continue"
3.9253049999824725	EXP	instr_done_label: font = "Courier New"
3.9253049999824725	EXP	instr_done_label: color = {"_hex":"#000000","_rgb":[0,0,0]}
3.9253049999824725	EXP	instr_done_label: contrast = 1
3.9253049999824725	EXP	instr_done_label: height = 0.05
3.9253049999824725	EXP	instr_done_label: bold = false
3.9253049999824725	EXP	instr_done_label: italic = false
3.9253049999824725	EXP	instr_done_label: alignHoriz = "left"
3.9253049999824725	EXP	instr_done_label: alignVert = "center"
3.9253049999824725	EXP	instr_done_label: wrapWidth = 1
3.9253049999824725	EXP	instr_done_label: flipHoriz = false
3.9253049999824725	EXP	instr_done_label: flipVert = false
3.9253049999824725	EXP	fixation_mask: units = "height"
3.9253049999824725	EXP	fixation_mask: ori = 0
3.9253049999824725	EXP	fixation_mask: opacity = 1
3.9253049999824725	EXP	fixation_mask: pos = [0,0]
3.9253049999824725	EXP	fixation_mask: size = undefined
3.9253049999824725	EXP	fixation_mask: text = "######"
3.9253049999824725	EXP	fixation_mask: font = "Courier New"
3.9253049999824725	EXP	fixation_mask: color = {"_hex":"#000000","_rgb":[0,0,0]}
3.9253049999824725	EXP	fixation_mask: contrast = 1
3.9253049999824725	EXP	fixation_mask: height = 0.1
3.9253049999824725	EXP	fixation_mask: bold = false
3.9253049999824725	EXP	fixation_mask: italic = false
3.9253049999824725	EXP	fixation_mask: alignHoriz = "left"
3.9253049999824725	EXP	fixation_mask: alignVert = "center"
3.9253049999824725	EXP	fixation_mask: wrapWidth = 1
3.9253049999824725	EXP	fixation_mask: flipHoriz = false
3.9253049999824725	EXP	fixation_mask: flipVert = false
3.9253049999824725	EXP	prime_text: units = "height"
3.9253049999824725	EXP	prime_text: ori = 0
3.9253049999824725	EXP	prime_text: opacity = 1
3.9253049999824725	EXP	prime_text: pos = [0,0]
3.9253049999824725	EXP	prime_text: size = undefined
3.9253049999824725	EXP	prime_text: text = "default text"
3.9253049999824725	EXP	prime_text: font = "Courier New"
3.9253049999824725	EXP	prime_text: color = {"_hex":"#000000","_rgb":[0,0,0]}
3.9253049999824725	EXP	prime_text: contrast = 1
3.9253049999824725	EXP	prime_text: height = 0.1
3.9253049999824725	EXP	prime_text: bold = false
3.9253049999824725	EXP	prime_text: italic = false
3.9253049999824725	EXP	prime_text: alignHoriz = "left"
3.9253049999824725	EXP	prime_text: alignVert = "center"
3.9253049999824725	EXP	prime_text: wrapWidth = 1
3.9253049999824725	EXP	prime_text: flipHoriz = false
3.9253049999824725	EXP	prime_text: flipVert = false
3.9253049999824725	EXP	target: units = "height"
3.9253049999824725	EXP	target: ori = 0
3.9253049999824725	EXP	target: opacity = 1
3.9253049999824725	EXP	target: pos = [0,0]
3.9253049999824725	EXP	target: size = undefined
3.9253049999824725	EXP	target: text = "default text"
3.9253049999824725	EXP	target: font = "Arial"
3.9253049999824725	EXP	target: color = {"_hex":"#000000","_rgb":[0,0,0]}
3.9253049999824725	EXP	target: contrast = 1
3.9253049999824725	EXP	target: height = 0.1
3.9253049999824725	EXP	target: bold = false
3.9253049999824725	EXP	target: italic = false
3.9253049999824725	EXP	target: alignHoriz = "left"
3.9253049999824725	EXP	target: alignVert = "center"
3.9253049999824725	EXP	target: wrapWidth = 1
3.9253049999824725	EXP	target: flipHoriz = false
3.9253049999824725	EXP	target: flipVert = false
3.9253049999824725	EXP	button_left: units = "height"
3.9253049999824725	EXP	button_left: ori = 0
3.9253049999824725	EXP	button_left: opacity = 1
3.9253049999824725	EXP	button_left: pos = [-0.4,-0.3]
3.9253049999824725	EXP	button_left: size = [1,1]
3.9253049999824725	EXP	button_left: lineWidth = 1
3.9253049999824725	EXP	button_left: lineColor = {"_hex":"#000000","_rgb":[0,0,0]}
3.9253049999824725	EXP	button_left: fillColor = {"_hex":"#FFFFFF","_rgb":[1,1,1]}
3.9253049999824725	EXP	button_left: vertices = [[-0.5,0],[0,0.5],[0.5,0]]
3.9253049999824725	EXP	button_left: closeShape = true
3.9253049999824725	EXP	button_left: contrast = 1
3.9253049999824725	EXP	button_left: depth = -5
3.9253049999824725	EXP	button_left: interpolate = true
3.9253049999824725	EXP	button_left: width = 0.4
3.9253049999824725	EXP	button_left: vertices = [[-0.2,null],[0.2,null],[0.2,null],[-0.2,null]]
3.9253049999824725	EXP	button_left: height = 0.2
3.9253049999824725	EXP	button_left: vertices = [[-0.2,-0.1],[0.2,-0.1],[0.2,0.1],[-0.2,0.1]]
3.9253049999824725	EXP	button_left: vertices = [[-0.2,-0.1],[0.2,-0.1],[0.2,0.1],[-0.2,0.1]]
3.9253049999824725	EXP	button_right: units = "height"
3.9253049999824725	EXP	button_right: ori = 0
3.9253049999824725	EXP	button_right: opacity = 1
3.9253049999824725	EXP	button_right: pos = [0.4,-0.3]
3.9253049999824725	EXP	button_right: size = [1,1]
3.9253049999824725	EXP	button_right: lineWidth = 1
3.9253049999824725	EXP	button_right: lineColor = {"_hex":"#000000","_rgb":[0,0,0]}
3.9253049999824725	EXP	button_right: fillColor = {"_hex":"#FFFFFF","_rgb":[1,1,1]}
3.9253049999824725	EXP	button_right: vertices = [[-0.5,0],[0,0.5],[0.5,0]]
3.9253049999824725	EXP	button_right: closeShape = true
3.9253049999824725	EXP	button_right: contrast = 1
3.9253049999824725	EXP	button_right: depth = -6
3.9253049999824725	EXP	button_right: interpolate = true
3.9253049999824725	EXP	button_right: width = 0.4
3.9253049999824725	EXP	button_right: vertices = [[-0.2,null],[0.2,null],[0.2,null],[-0.2,null]]
3.9253049999824725	EXP	button_right: height = 0.2
3.9253049999824725	EXP	button_right: vertices = [[-0.2,-0.1],[0.2,-0.1],[0.2,0.1],[-0.2,0.1]]
3.9253049999824725	EXP	button_right: vertices = [[-0.2,-0.1],[0.2,-0.1],[0.2,0.1],[-0.2,0.1]]
3.9253049999824725	EXP	trial_label_right: units = "height"
3.9253049999824725	EXP	trial_label_right: ori = 0
3.9253049999824725	EXP	trial_label_right: opacity = 1
3.9253049999824725	EXP	trial_label_right: pos = [0.4,-0.3]
3.9253049999824725	EXP	trial_label_right: size = undefined
3.9253049999824725	EXP	trial_label_right: text = "l = Word"
3.9253049999824725	EXP	trial_label_right: font = "Courier New"
3.9253049999824725	EXP	trial_label_right: color = {"_hex":"#000000","_rgb":[0,0,0]}
3.9253049999824725	EXP	trial_label_right: contrast = 1
3.9253049999824725	EXP	trial_label_right: height = 0.05
3.9253049999824725	EXP	trial_label_right: bold = false
3.9253049999824725	EXP	trial_label_right: italic = false
3.9253049999824725	EXP	trial_label_right: alignHoriz = "left"
3.9253049999824725	EXP	trial_label_right: alignVert = "center"
3.9253049999824725	EXP	trial_label_right: wrapWidth = 1
3.9253049999824725	EXP	trial_label_right: flipHoriz = false
3.9253049999824725	EXP	trial_label_right: flipVert = false
3.9253049999824725	EXP	trial_label_left_new: units = "height"
3.9253049999824725	EXP	trial_label_left_new: ori = 0
3.9253049999824725	EXP	trial_label_left_new: opacity = 1
3.9253049999824725	EXP	trial_label_left_new: pos = [-0.4,-0.3]
3.9253049999824725	EXP	trial_label_left_new: size = undefined
3.9253049999824725	EXP	trial_label_left_new: text = "a = Nonword"
3.9253049999824725	EXP	trial_label_left_new: font = "Courier New"
3.9253049999824725	EXP	trial_label_left_new: color = {"_hex":"#000000","_rgb":[0,0,0]}
3.9253049999824725	EXP	trial_label_left_new: contrast = 1
3.9253049999824725	EXP	trial_label_left_new: height = 0.05
3.9253049999824725	EXP	trial_label_left_new: bold = false
3.9253049999824725	EXP	trial_label_left_new: italic = false
3.9253049999824725	EXP	trial_label_left_new: alignHoriz = "left"
3.9253049999824725	EXP	trial_label_left_new: alignVert = "center"
3.9253049999824725	EXP	trial_label_left_new: wrapWidth = 1
3.9253049999824725	EXP	trial_label_left_new: flipHoriz = false
3.9253049999824725	EXP	trial_label_left_new: flipVert = false
3.9253049999824725	EXP	feedback_text: units = "height"
3.9253049999824725	EXP	feedback_text: ori = 0
3.9253049999824725	EXP	feedback_text: opacity = 1
3.9253049999824725	EXP	feedback_text: pos = [0,0]
3.9253049999824725	EXP	feedback_text: size = undefined
3.9253049999824725	EXP	feedback_text: text = "default text"
3.9253049999824725	EXP	feedback_text: font = "Courier New"
3.9253049999824725	EXP	feedback_text: color = {"_hex":"#FFFFFF","_rgb":[1,1,1]}
3.9253049999824725	EXP	feedback_text: contrast = 1
3.9253049999824725	EXP	feedback_text: height = 0.05
3.9253049999824725	EXP	feedback_text: bold = false
3.9253049999824725	EXP	feedback_text: italic = false
3.9253049999824725	EXP	feedback_text: alignHoriz = "left"
3.9253049999824725	EXP	feedback_text: alignVert = "center"
3.9253049999824725	EXP	feedback_text: wrapWidth = 1
3.9253049999824725	EXP	feedback_text: flipHoriz = false
3.9253049999824725	EXP	feedback_text: flipVert = false
3.9253049999824725	EXP	button_left_2: units = "height"
3.9253049999824725	EXP	button_left_2: ori = 0
3.9253049999824725	EXP	button_left_2: opacity = 1
3.9253049999824725	EXP	button_left_2: pos = [-0.4,-0.3]
3.9253049999824725	EXP	button_left_2: size = [1,1]
3.9253049999824725	EXP	button_left_2: lineWidth = 1
3.9253049999824725	EXP	button_left_2: lineColor = {"_hex":"#000000","_rgb":[0,0,0]}
3.9253049999824725	EXP	button_left_2: fillColor = {"_hex":"#FFFFFF","_rgb":[1,1,1]}
3.9253049999824725	EXP	button_left_2: vertices = [[-0.5,0],[0,0.5],[0.5,0]]
3.9253049999824725	EXP	button_left_2: closeShape = true
3.9253049999824725	EXP	button_left_2: contrast = 1
3.9253049999824725	EXP	button_left_2: depth = -2
3.9253049999824725	EXP	button_left_2: interpolate = true
3.9253049999824725	EXP	button_left_2: width = 0.4
3.9253049999824725	EXP	button_left_2: vertices = [[-0.2,null],[0.2,null],[0.2,null],[-0.2,null]]
3.9253049999824725	EXP	button_left_2: height = 0.2
3.9253049999824725	EXP	button_left_2: vertices = [[-0.2,-0.1],[0.2,-0.1],[0.2,0.1],[-0.2,0.1]]
3.9253049999824725	EXP	button_left_2: vertices = [[-0.2,-0.1],[0.2,-0.1],[0.2,0.1],[-0.2,0.1]]
3.9253049999824725	EXP	button_right_2: units = "height"
3.9253049999824725	EXP	button_right_2: ori = 0
3.9253049999824725	EXP	button_right_2: opacity = 1
3.9253049999824725	EXP	button_right_2: pos = [0.4,-0.3]
3.9253049999824725	EXP	button_right_2: size = [1,1]
3.9253049999824725	EXP	button_right_2: lineWidth = 1
3.9253049999824725	EXP	button_right_2: lineColor = {"_hex":"#000000","_rgb":[0,0,0]}
3.9253049999824725	EXP	button_right_2: fillColor = {"_hex":"#FFFFFF","_rgb":[1,1,1]}
3.9253049999824725	EXP	button_right_2: vertices = [[-0.5,0],[0,0.5],[0.5,0]]
3.9253049999824725	EXP	button_right_2: closeShape = true
3.9253049999824725	EXP	button_right_2: contrast = 1
3.9253049999824725	EXP	button_right_2: depth = -3
3.9253049999824725	EXP	button_right_2: interpolate = true
3.9253049999824725	EXP	button_right_2: width = 0.4
3.9253049999824725	EXP	button_right_2: vertices = [[-0.2,null],[0.2,null],[0.2,null],[-0.2,null]]
3.9253049999824725	EXP	button_right_2: height = 0.2
3.9253049999824725	EXP	button_right_2: vertices = [[-0.2,-0.1],[0.2,-0.1],[0.2,0.1],[-0.2,0.1]]
3.9253049999824725	EXP	button_right_2: vertices = [[-0.2,-0.1],[0.2,-0.1],[0.2,0.1],[-0.2,0.1]]
3.9253049999824725	EXP	trial_label_left_2: units = "height"
3.9253049999824725	EXP	trial_label_left_2: ori = 0
3.9253049999824725	EXP	trial_label_left_2: opacity = 1
3.9253049999824725	EXP	trial_label_left_2: pos = [-0.4,-0.3]
3.9253049999824725	EXP	trial_label_left_2: size = undefined
3.9253049999824725	EXP	trial_label_left_2: text = "a = Nonword"
3.9253049999824725	EXP	trial_label_left_2: font = "Courier New"
3.9253049999824725	EXP	trial_label_left_2: color = {"_hex":"#000000","_rgb":[0,0,0]}
3.9253049999824725	EXP	trial_label_left_2: contrast = 1
3.9253049999824725	EXP	trial_label_left_2: height = 0.05
3.9253049999824725	EXP	trial_label_left_2: bold = false
3.9253049999824725	EXP	trial_label_left_2: italic = false
3.9253049999824725	EXP	trial_label_left_2: alignHoriz = "left"
3.9253049999824725	EXP	trial_label_left_2: alignVert = "center"
3.9253049999824725	EXP	trial_label_left_2: wrapWidth = 1
3.9253049999824725	EXP	trial_label_left_2: flipHoriz = false
3.9253049999824725	EXP	trial_label_left_2: flipVert = false
3.9253049999824725	EXP	trial_label_right_2: units = "height"
3.9253049999824725	EXP	trial_label_right_2: ori = 0
3.9253049999824725	EXP	trial_label_right_2: opacity = 1
3.9253049999824725	EXP	trial_label_right_2: pos = [0.4,-0.3]
3.9253049999824725	EXP	trial_label_right_2: size = undefined
3.9253049999824725	EXP	trial_label_right_2: text = "l = Word"
3.9253049999824725	EXP	trial_label_right_2: font = "Courier New"
3.9253049999824725	EXP	trial_label_right_2: color = {"_hex":"#000000","_rgb":[0,0,0]}
3.9253049999824725	EXP	trial_label_right_2: contrast = 1
3.9253049999824725	EXP	trial_label_right_2: height = 0.05
3.9253049999824725	EXP	trial_label_right_2: bold = false
3.9253049999824725	EXP	trial_label_right_2: italic = false
3.9253049999824725	EXP	trial_label_right_2: alignHoriz = "left"
3.9253049999824725	EXP	trial_label_right_2: alignVert = "center"
3.9253049999824725	EXP	trial_label_right_2: wrapWidth = 1
3.9253049999824725	EXP	trial_label_right_2: flipHoriz = false
3.9253049999824725	EXP	trial_label_right_2: flipVert = false
3.9253049999824725	EXP	instructions: units = "height"
3.9253049999824725	EXP	instructions: ori = 0
3.9253049999824725	EXP	instructions: opacity = 1
3.9253049999824725	EXP	instructions: pos = [0,0]
3.9253049999824725	EXP	instructions: size = undefined
3.9253049999824725	EXP	instructions: text = "default text"
3.9253049999824725	EXP	instructions: font = "Courier New"
3.9253049999824725	EXP	instructions: color = {"_hex":"#000000","_rgb":[0,0,0]}
3.9253049999824725	EXP	instructions: contrast = 1
3.9253049999824725	EXP	instructions: height = 0.035
3.9253049999824725	EXP	instructions: bold = false
3.9253049999824725	EXP	instructions: italic = false
3.9253049999824725	EXP	instructions: alignHoriz = "left"
3.9253049999824725	EXP	instructions: alignVert = "center"
3.9253049999824725	EXP	instructions: wrapWidth = 1
3.9253049999824725	EXP	instructions: flipHoriz = false
3.9253049999824725	EXP	instructions: flipVert = false
3.9253049999824725	EXP	instr_done_button: units = "height"
3.9253049999824725	EXP	instr_done_button: ori = 0
3.9253049999824725	EXP	instr_done_button: opacity = 1
3.9253049999824725	EXP	instr_done_button: pos = [0,-0.4]
3.9253049999824725	EXP	instr_done_button: size = [1,1]
3.9253049999824725	EXP	instr_done_button: lineWidth = 1
3.9253049999824725	EXP	instr_done_button: lineColor = {"_hex":"#000000","_rgb":[0,0,0]}
3.9253049999824725	EXP	instr_done_button: fillColor = {"_hex":"#FFFFFF","_rgb":[1,1,1]}
3.9253049999824725	EXP	instr_done_button: vertices = [[-0.5,0],[0,0.5],[0.5,0]]
3.9253049999824725	EXP	instr_done_button: closeShape = true
3.9253049999824725	EXP	instr_done_button: contrast = 1
3.9253049999824725	EXP	instr_done_button: depth = -2
3.9253049999824725	EXP	instr_done_button: interpolate = true
3.9253049999824725	EXP	instr_done_button: width = 0.4
3.9253049999824725	EXP	instr_done_button: vertices = [[-0.2,null],[0.2,null],[0.2,null],[-0.2,null]]
3.9253049999824725	EXP	instr_done_button: height = 0.1
3.9253049999824725	EXP	instr_done_button: vertices = [[-0.2,-0.05],[0.2,-0.05],[0.2,0.05],[-0.2,0.05]]
3.9253049999824725	EXP	instr_done_button: vertices = [[-0.2,-0.05],[0.2,-0.05],[0.2,0.05],[-0.2,0.05]]
3.9253049999824725	EXP	instr_done_label: units = "height"
3.9253049999824725	EXP	instr_done_label: ori = 0
3.9253049999824725	EXP	instr_done_label: opacity = 1
3.9253049999824725	EXP	instr_done_label: pos = [0,-0.4]
3.9253049999824725	EXP	instr_done_label: size = undefined
3.9253049999824725	EXP	instr_done_label: text = "Continue"
3.9253049999824725	EXP	instr_done_label: font = "Courier New"
3.9253049999824725	EXP	instr_done_label: color = {"_hex":"#000000","_rgb":[0,0,0]}
3.9253049999824725	EXP	instr_done_label: contrast = 1
3.9253049999824725	EXP	instr_done_label: height = 0.05
3.9253049999824725	EXP	instr_done_label: bold = false
3.9253049999824725	EXP	instr_done_label: italic = false
3.9253049999824725	EXP	instr_done_label: alignHoriz = "left"
3.9253049999824725	EXP	instr_done_label: alignVert = "center"
3.9253049999824725	EXP	instr_done_label: wrapWidth = 1
3.9253049999824725	EXP	instr_done_label: flipHoriz = false
3.9253049999824725	EXP	instr_done_label: flipVert = false
3.9253049999824725	EXP	fixation_mask: units = "height"
3.9253049999824725	EXP	fixation_mask: ori = 0
3.9253049999824725	EXP	fixation_mask: opacity = 1
3.9253049999824725	EXP	fixation_mask: pos = [0,0]
3.9253049999824725	EXP	fixation_mask: size = undefined
3.9253049999824725	EXP	fixation_mask: text = "######"
3.9253049999824725	EXP	fixation_mask: font = "Courier New"
3.9253049999824725	EXP	fixation_mask: color = {"_hex":"#000000","_rgb":[0,0,0]}
3.9253049999824725	EXP	fixation_mask: contrast = 1
3.9253049999824725	EXP	fixation_mask: height = 0.1
3.9253049999824725	EXP	fixation_mask: bold = false
3.9253049999824725	EXP	fixation_mask: italic = false
3.9253049999824725	EXP	fixation_mask: alignHoriz = "left"
3.9253049999824725	EXP	fixation_mask: alignVert = "center"
3.9253049999824725	EXP	fixation_mask: wrapWidth = 1
3.9253049999824725	EXP	fixation_mask: flipHoriz = false
3.9253049999824725	EXP	fixation_mask: flipVert = false
3.9253049999824725	EXP	prime_text: units = "height"
3.9253049999824725	EXP	prime_text: ori = 0
3.9253049999824725	EXP	prime_text: opacity = 1
3.9253049999824725	EXP	prime_text: pos = [0,0]
3.9253049999824725	EXP	prime_text: size = undefined
3.9253049999824725	EXP	prime_text: text = "default text"
3.9253049999824725	EXP	prime_text: font = "Courier New"
3.9253049999824725	EXP	prime_text: color = {"_hex":"#000000","_rgb":[0,0,0]}
3.9253049999824725	EXP	prime_text: contrast = 1
3.9253049999824725	EXP	prime_text: height = 0.1
3.9253049999824725	EXP	prime_text: bold = false
3.9253049999824725	EXP	prime_text: italic = false
3.9253049999824725	EXP	prime_text: alignHoriz = "left"
3.9253049999824725	EXP	prime_text: alignVert = "center"
3.9253049999824725	EXP	prime_text: wrapWidth = 1
3.9253049999824725	EXP	prime_text: flipHoriz = false
3.9253049999824725	EXP	prime_text: flipVert = false
3.9253049999824725	EXP	target: units = "height"
3.9253049999824725	EXP	target: ori = 0
3.9253049999824725	EXP	target: opacity = 1
3.9253049999824725	EXP	target: pos = [0,0]
3.9253049999824725	EXP	target: size = undefined
3.9253049999824725	EXP	target: text = "default text"
3.9253049999824725	EXP	target: font = "Arial"
3.9253049999824725	EXP	target: color = {"_hex":"#000000","_rgb":[0,0,0]}
3.9253049999824725	EXP	target: contrast = 1
3.9253049999824725	EXP	target: height = 0.1
3.9253049999824725	EXP	target: bold = false
3.9253049999824725	EXP	target: italic = false
3.9253049999824725	EXP	target: alignHoriz = "left"
3.9253049999824725	EXP	target: alignVert = "center"
3.9253049999824725	EXP	target: wrapWidth = 1
3.9253049999824725	EXP	target: flipHoriz = false
3.9253049999824725	EXP	target: flipVert = false
3.9253049999824725	EXP	button_left: units = "height"
3.9253049999824725	EXP	button_left: ori = 0
3.9253049999824725	EXP	button_left: opacity = 1
3.9253049999824725	EXP	button_left: pos = [-0.4,-0.3]
3.9253049999824725	EXP	button_left: size = [1,1]
3.9253049999824725	EXP	button_left: lineWidth = 1
3.9253049999824725	EXP	button_left: lineColor = {"_hex":"#000000","_rgb":[0,0,0]}
3.9253049999824725	EXP	button_left: fillColor = {"_hex":"#FFFFFF","_rgb":[1,1,1]}
3.9253049999824725	EXP	button_left: vertices = [[-0.5,0],[0,0.5],[0.5,0]]
3.9253049999824725	EXP	button_left: closeShape = true
3.9253049999824725	EXP	button_left: contrast = 1
3.9253049999824725	EXP	button_left: depth = -5
3.9253049999824725	EXP	button_left: interpolate = true
3.9253049999824725	EXP	button_left: width = 0.4
3.9253049999824725	EXP	button_left: vertices = [[-0.2,null],[0.2,null],[0.2,null],[-0.2,null]]
3.9253049999824725	EXP	button_left: height = 0.2
3.9253049999824725	EXP	button_left: vertices = [[-0.2,-0.1],[0.2,-0.1],[0.2,0.1],[-0.2,0.1]]
3.9253049999824725	EXP	button_left: vertices = [[-0.2,-0.1],[0.2,-0.1],[0.2,0.1],[-0.2,0.1]]
3.9253049999824725	EXP	button_right: units = "height"
3.9253049999824725	EXP	button_right: ori = 0
3.9253049999824725	EXP	button_right: opacity = 1
3.9253049999824725	EXP	button_right: pos = [0.4,-0.3]
3.9253049999824725	EXP	button_right: size = [1,1]
3.9253049999824725	EXP	button_right: lineWidth = 1
3.9253049999824725	EXP	button_right: lineColor = {"_hex":"#000000","_rgb":[0,0,0]}
3.9253049999824725	EXP	button_right: fillColor = {"_hex":"#FFFFFF","_rgb":[1,1,1]}
3.9253049999824725	EXP	button_right: vertices = [[-0.5,0],[0,0.5],[0.5,0]]
3.9253049999824725	EXP	button_right: closeShape = true
3.9253049999824725	EXP	button_right: contrast = 1
3.9253049999824725	EXP	button_right: depth = -6
3.9253049999824725	EXP	button_right: interpolate = true
3.9253049999824725	EXP	button_right: width = 0.4
3.9253049999824725	EXP	button_right: vertices = [[-0.2,null],[0.2,null],[0.2,null],[-0.2,null]]
3.9253049999824725	EXP	button_right: height = 0.2
3.9253049999824725	EXP	button_right: vertices = [[-0.2,-0.1],[0.2,-0.1],[0.2,0.1],[-0.2,0.1]]
3.9253049999824725	EXP	button_right: vertices = [[-0.2,-0.1],[0.2,-0.1],[0.2,0.1],[-0.2,0.1]]
3.9253049999824725	EXP	trial_label_right: units = "height"
3.9253049999824725	EXP	trial_label_right: ori = 0
3.9253049999824725	EXP	trial_label_right: opacity = 1
3.9253049999824725	EXP	trial_label_right: pos = [0.4,-0.3]
3.9253049999824725	EXP	trial_label_right: size = undefined
3.9253049999824725	EXP	trial_label_right: text = "l = Word"
3.9253049999824725	EXP	trial_label_right: font = "Courier New"
3.9253049999824725	EXP	trial_label_right: color = {"_hex":"#000000","_rgb":[0,0,0]}
3.9253049999824725	EXP	trial_label_right: contrast = 1
3.9253049999824725	EXP	trial_label_right: height = 0.05
3.9253049999824725	EXP	trial_label_right: bold = false
3.9253049999824725	EXP	trial_label_right: italic = false
3.9253049999824725	EXP	trial_label_right: alignHoriz = "left"
3.9253049999824725	EXP	trial_label_right: alignVert = "center"
3.9253049999824725	EXP	trial_label_right: wrapWidth = 1
3.9253049999824725	EXP	trial_label_right: flipHoriz = false
3.9253049999824725	EXP	trial_label_right: flipVert = false
3.9253049999824725	EXP	trial_label_left_new: units = "height"
3.9253049999824725	EXP	trial_label_left_new: ori = 0
3.9253049999824725	EXP	trial_label_left_new: opacity = 1
3.9253049999824725	EXP	trial_label_left_new: pos = [-0.4,-0.3]
3.9253049999824725	EXP	trial_label_left_new: size = undefined
3.9253049999824725	EXP	trial_label_left_new: text = "a = Nonword"
3.9253049999824725	EXP	trial_label_left_new: font = "Courier New"
3.9253049999824725	EXP	trial_label_left_new: color = {"_hex":"#000000","_rgb":[0,0,0]}
3.9253049999824725	EXP	trial_label_left_new: contrast = 1
3.9253049999824725	EXP	trial_label_left_new: height = 0.05
3.9253049999824725	EXP	trial_label_left_new: bold = false
3.9253049999824725	EXP	trial_label_left_new: italic = false
3.9253049999824725	EXP	trial_label_left_new: alignHoriz = "left"
3.9253049999824725	EXP	trial_label_left_new: alignVert = "center"
3.9253049999824725	EXP	trial_label_left_new: wrapWidth = 1
3.9253049999824725	EXP	trial_label_left_new: flipHoriz = false
3.9253049999824725	EXP	trial_label_left_new: flipVert = false
3.9253049999824725	EXP	feedback_text: units = "height"
3.9253049999824725	EXP	feedback_text: ori = 0
3.9253049999824725	EXP	feedback_text: opacity = 1
3.9253049999824725	EXP	feedback_text: pos = [0,0]
3.9253049999824725	EXP	feedback_text: size = undefined
3.9253049999824725	EXP	feedback_text: text = "default text"
3.9253049999824725	EXP	feedback_text: font = "Courier New"
3.9253049999824725	EXP	feedback_text: color = {"_hex":"#FFFFFF","_rgb":[1,1,1]}
3.9253049999824725	EXP	feedback_text: contrast = 1
3.9253049999824725	EXP	feedback_text: height = 0.05
3.9253049999824725	EXP	feedback_text: bold = false
3.9253049999824725	EXP	feedback_text: italic = false
3.9253049999824725	EXP	feedback_text: alignHoriz = "left"
3.9253049999824725	EXP	feedback_text: alignVert = "center"
3.9253049999824725	EXP	feedback_text: wrapWidth = 1
3.9253049999824725	EXP	feedback_text: flipHoriz = false
3.9253049999824725	EXP	feedback_text: flipVert = false
3.9253049999824725	EXP	button_left_2: units = "height"
3.9253049999824725	EXP	button_left_2: ori = 0
3.9253049999824725	EXP	button_left_2: opacity = 1
3.9253049999824725	EXP	button_left_2: pos = [-0.4,-0.3]
3.9253049999824725	EXP	button_left_2: size = [1,1]
3.9253049999824725	EXP	button_left_2: lineWidth = 1
3.9253049999824725	EXP	button_left_2: lineColor = {"_hex":"#000000","_rgb":[0,0,0]}
3.9253049999824725	EXP	button_left_2: fillColor = {"_hex":"#FFFFFF","_rgb":[1,1,1]}
3.9253049999824725	EXP	button_left_2: vertices = [[-0.5,0],[0,0.5],[0.5,0]]
3.9253049999824725	EXP	button_left_2: closeShape = true
3.9253049999824725	EXP	button_left_2: contrast = 1
3.9253049999824725	EXP	button_left_2: depth = -2
3.9253049999824725	EXP	button_left_2: interpolate = true
3.9253049999824725	EXP	button_left_2: width = 0.4
3.9253049999824725	EXP	button_left_2: vertices = [[-0.2,null],[0.2,null],[0.2,null],[-0.2,null]]
3.9253049999824725	EXP	button_left_2: height = 0.2
3.9253049999824725	EXP	button_left_2: vertices = [[-0.2,-0.1],[0.2,-0.1],[0.2,0.1],[-0.2,0.1]]
3.9253049999824725	EXP	button_left_2: vertices = [[-0.2,-0.1],[0.2,-0.1],[0.2,0.1],[-0.2,0.1]]
3.9253049999824725	EXP	button_right_2: units = "height"
3.9253049999824725	EXP	button_right_2: ori = 0
3.9253049999824725	EXP	button_right_2: opacity = 1
3.9253049999824725	EXP	button_right_2: pos = [0.4,-0.3]
3.9253049999824725	EXP	button_right_2: size = [1,1]
3.9253049999824725	EXP	button_right_2: lineWidth = 1
3.9253049999824725	EXP	button_right_2: lineColor = {"_hex":"#000000","_rgb":[0,0,0]}
3.9253049999824725	EXP	button_right_2: fillColor = {"_hex":"#FFFFFF","_rgb":[1,1,1]}
3.9253049999824725	EXP	button_right_2: vertices = [[-0.5,0],[0,0.5],[0.5,0]]
3.9253049999824725	EXP	button_right_2: closeShape = true
3.9253049999824725	EXP	button_right_2: contrast = 1
3.9253049999824725	EXP	button_right_2: depth = -3
3.9253049999824725	EXP	button_right_2: interpolate = true
3.9253049999824725	EXP	button_right_2: width = 0.4
3.9253049999824725	EXP	button_right_2: vertices = [[-0.2,null],[0.2,null],[0.2,null],[-0.2,null]]
3.9253049999824725	EXP	button_right_2: height = 0.2
3.9253049999824725	EXP	button_right_2: vertices = [[-0.2,-0.1],[0.2,-0.1],[0.2,0.1],[-0.2,0.1]]
3.9253049999824725	EXP	button_right_2: vertices = [[-0.2,-0.1],[0.2,-0.1],[0.2,0.1],[-0.2,0.1]]
3.9253049999824725	EXP	trial_label_left_2: units = "height"
3.9253049999824725	EXP	trial_label_left_2: ori = 0
3.9253049999824725	EXP	trial_label_left_2: opacity = 1
3.9253049999824725	EXP	trial_label_left_2: pos = [-0.4,-0.3]
3.9253049999824725	EXP	trial_label_left_2: size = undefined
3.9253049999824725	EXP	trial_label_left_2: text = "a = Nonword"
3.9253049999824725	EXP	trial_label_left_2: font = "Courier New"
3.9253049999824725	EXP	trial_label_left_2: color = {"_hex":"#000000","_rgb":[0,0,0]}
3.9253049999824725	EXP	trial_label_left_2: contrast = 1
3.9253049999824725	EXP	trial_label_left_2: height = 0.05
3.9253049999824725	EXP	trial_label_left_2: bold = false
3.9253049999824725	EXP	trial_label_left_2: italic = false
3.9253049999824725	EXP	trial_label_left_2: alignHoriz = "left"
3.9253049999824725	EXP	trial_label_left_2: alignVert = "center"
3.9253049999824725	EXP	trial_label_left_2: wrapWidth = 1
3.9253049999824725	EXP	trial_label_left_2: flipHoriz = false
3.9253049999824725	EXP	trial_label_left_2: flipVert = false
3.9253049999824725	EXP	trial_label_right_2: units = "height"
3.9253049999824725	EXP	trial_label_right_2: ori = 0
3.9253049999824725	EXP	trial_label_right_2: opacity = 1
3.9253049999824725	EXP	trial_label_right_2: pos = [0.4,-0.3]
3.9253049999824725	EXP	trial_label_right_2: size = undefined
3.9253049999824725	EXP	trial_label_right_2: text = "l = Word"
3.9253049999824725	EXP	trial_label_right_2: font = "Courier New"
3.9253049999824725	EXP	trial_label_right_2: color = {"_hex":"#000000","_rgb":[0,0,0]}
3.9253049999824725	EXP	trial_label_right_2: contrast = 1
3.9253049999824725	EXP	trial_label_right_2: height = 0.05
3.9253049999824725	EXP	trial_label_right_2: bold = false
3.9253049999824725	EXP	trial_label_right_2: italic = false
3.9253049999824725	EXP	trial_label_right_2: alignHoriz = "left"
3.9253049999824725	EXP	trial_label_right_2: alignVert = "center"
3.9253049999824725	EXP	trial_label_right_2: wrapWidth = 1
3.9253049999824725	EXP	trial_label_right_2: flipHoriz = false
3.9253049999824725	EXP	trial_label_right_2: flipVert = false
3.9253049999824725	EXP	break_text: units = "height"
3.9253049999824725	EXP	break_text: ori = 0
3.9253049999824725	EXP	break_text: opacity = 1
3.9253049999824725	EXP	break_text: pos = [0,0]
3.9253049999824725	EXP	break_text: size = undefined
3.9253049999824725	EXP	break_text: text = "default text"
3.9253049999824725	EXP	break_text: font = "Courier New"
3.9253049999824725	EXP	break_text: color = {"_hex":"#000000","_rgb":[0,0,0]}
3.9253049999824725	EXP	break_text: contrast = 1
3.9253049999824725	EXP	break_text: height = 0.05
3.9253049999824725	EXP	break_text: bold = false
3.9253049999824725	EXP	break_text: italic = false
3.9253049999824725	EXP	break_text: alignHoriz = "left"
3.9253049999824725	EXP	break_text: alignVert = "center"
3.9253049999824725	EXP	break_text: wrapWidth = 1
3.9253049999824725	EXP	break_text: flipHoriz = false
3.9253049999824725	EXP	break_text: flipVert = false
3.9253049999824725	EXP	break_done_button: units = "height"
3.9253049999824725	EXP	break_done_button: ori = 0
3.9253049999824725	EXP	break_done_button: opacity = 1
3.9253049999824725	EXP	break_done_button: pos = [0,-0.4]
3.9253049999824725	EXP	break_done_button: size = [1,1]
3.9253049999824725	EXP	break_done_button: lineWidth = 1
3.9253049999824725	EXP	break_done_button: lineColor = {"_hex":"#000000","_rgb":[0,0,0]}
3.9253049999824725	EXP	break_done_button: fillColor = {"_hex":"#FFFFFF","_rgb":[1,1,1]}
3.9253049999824725	EXP	break_done_button: vertices = [[-0.5,0],[0,0.5],[0.5,0]]
3.9253049999824725	EXP	break_done_button: closeShape = true
3.9253049999824725	EXP	break_done_button: contrast = 1
3.9253049999824725	EXP	break_done_button: depth = -4
3.9253049999824725	EXP	break_done_button: interpolate = true
3.9253049999824725	EXP	break_done_button: width = 0.4
3.9253049999824725	EXP	break_done_button: vertices = [[-0.2,null],[0.2,null],[0.2,null],[-0.2,null]]
3.9253049999824725	EXP	break_done_button: height = 0.1
3.9253049999824725	EXP	break_done_button: vertices = [[-0.2,-0.05],[0.2,-0.05],[0.2,0.05],[-0.2,0.05]]
3.9253049999824725	EXP	break_done_button: vertices = [[-0.2,-0.05],[0.2,-0.05],[0.2,0.05],[-0.2,0.05]]
3.9253049999824725	EXP	break_done_button_label: units = "height"
3.9253049999824725	EXP	break_done_button_label: ori = 0
3.9253049999824725	EXP	break_done_button_label: opacity = 1
3.9253049999824725	EXP	break_done_button_label: pos = [0,-0.4]
3.9253049999824725	EXP	break_done_button_label: size = undefined
3.9253049999824725	EXP	break_done_button_label: text = "Continue"
3.9253049999824725	EXP	break_done_button_label: font = "Courier New"
3.9253049999824725	EXP	break_done_button_label: color = {"_hex":"#000000","_rgb":[0,0,0]}
3.9253049999824725	EXP	break_done_button_label: contrast = 1
3.9253049999824725	EXP	break_done_button_label: height = 0.05
3.9253049999824725	EXP	break_done_button_label: bold = false
3.9253049999824725	EXP	break_done_button_label: italic = false
3.9253049999824725	EXP	break_done_button_label: alignHoriz = "left"
3.9253049999824725	EXP	break_done_button_label: alignVert = "center"
3.9253049999824725	EXP	break_done_button_label: wrapWidth = 1
3.9253049999824725	EXP	break_done_button_label: flipHoriz = false
3.9253049999824725	EXP	break_done_button_label: flipVert = false
3.9253049999824725	EXP	thank_you: units = "height"
3.9253049999824725	EXP	thank_you: ori = 0
3.9253049999824725	EXP	thank_you: opacity = 1
3.9253049999824725	EXP	thank_you: pos = [0,0]
3.9253049999824725	EXP	thank_you: size = undefined
3.9253049999824725	EXP	thank_you: text = "This is the end of the experiment.\n\nPlease do not close this window until you have been redirected to the debriefing page. \n\nYou must go to the debriefing page in order to receive your participation credit."
3.9253049999824725	EXP	thank_you: font = "Courier New"
3.9253049999824725	EXP	thank_you: color = {"_hex":"#000000","_rgb":[0,0,0]}
3.9253049999824725	EXP	thank_you: contrast = 1
3.9253049999824725	EXP	thank_you: height = 1
3.9253049999824725	EXP	thank_you: bold = false
3.9253049999824725	EXP	thank_you: italic = false
3.9253049999824725	EXP	thank_you: alignHoriz = "left"
3.9253049999824725	EXP	thank_you: alignVert = "center"
3.9253049999824725	EXP	thank_you: wrapWidth = 1
3.9253049999824725	EXP	thank_you: flipHoriz = false
3.9253049999824725	EXP	thank_you: flipVert = false
3.9253049999824725	EXP	instructions: text = "INSTRUCTIONS\r\nAt the start of each trial, look at the hash marks (######) in the center of the screen. After a moment, a string of letters will appear. Your task is to indicate if the letter string forms a word or not (i.e., if it is a nonword). For example, AUTHOR is a word while AUTHON is a nonword.\r\n\r\nPress the space bar or click the button below to continue."
3.9253049999824725	EXP	break_text: alignHoriz = "center"
3.9253049999824725	EXP	instructions: autoDraw = true
3.9253049999824725	EXP	instr_done_button: autoDraw = true
3.9253049999824725	EXP	instr_done_label: autoDraw = true
16.39917999994941	DATA	Mouse: 0 button down, pos=(943,959)
16.425824999983888	EXP	instructions: autoDraw = false
16.425824999983888	EXP	instr_done_button: autoDraw = false
16.425824999983888	EXP	instr_done_label: autoDraw = false
16.425824999983888	EXP	instructions: text = "If your device has a keyboard, press the 'a' key for nonwords and the 'l' key for words. If your device does not have a keyboard, touch the left button on the screen for nonwords and the right button for words. Do not use the mouse as this will slow down your response. \r\n\r\nPress the space bar or click the button below to continue."
16.425824999983888	EXP	break_text: alignHoriz = "center"
16.425824999983888	EXP	instructions: autoDraw = true
16.425824999983888	EXP	instr_done_button: autoDraw = true
16.425824999983888	EXP	instr_done_label: autoDraw = true
16.612419999961276	DATA	Mouse: 0 button down, pos=(943,959)
19.960689999978058	DATA	Mouse: 0 button down, pos=(943,959)
19.981715000001714	EXP	instructions: autoDraw = false
19.981715000001714	EXP	instr_done_button: autoDraw = false
19.981715000001714	EXP	instr_done_label: autoDraw = false
19.981715000001714	EXP	instructions: text = "It is very important that you respond as quickly and accurately as possible, as each letter string will only be on the screen for two seconds. If you do not respond within this time, the message 'Too slow!' will be displayed and the experiment will progress to the next letter string. The first 20 trials will be practice trials and you will receive feedback on your answers. \r\n\r\nPress the space bar or touch the button below to start the practice trials."
19.981715000001714	EXP	break_text: alignHoriz = "center"
19.981715000001714	EXP	instructions: autoDraw = true
19.981715000001714	EXP	instr_done_button: autoDraw = true
19.981715000001714	EXP	instr_done_label: autoDraw = true
20.07788499997696	DATA	Mouse: 0 button down, pos=(943,959)
23.155029999965336	DATA	Mouse: 0 button down, pos=(943,959)
23.35680999996839	EXP	instructions: autoDraw = false
23.35680999996839	EXP	instr_done_button: autoDraw = false
23.35680999996839	EXP	instr_done_label: autoDraw = false
23.35680999996839	EXP	prime_text: text = "almond"
23.35680999996839	EXP	target: text = "ALMOND"
23.35680999996839	EXP	target: font = "Courier New"
23.35680999996839	EXP	fixation_mask: autoDraw = true
23.35680999996839	EXP	button_left: autoDraw = true
23.35680999996839	EXP	button_right: autoDraw = true
23.35680999996839	EXP	trial_label_right: autoDraw = true
23.35680999996839	EXP	trial_label_left_new: autoDraw = true
23.37662499997532	DATA	Mouse: 0 button down, pos=(943,959)
23.814204999944195	EXP	fixation_mask: autoDraw = false
23.814204999944195	EXP	prime_text: autoDraw = true
23.88849499996286	EXP	prime_text: autoDraw = false
23.88849499996286	EXP	target: autoDraw = true
24.87423499999568	DATA	Keydown: l
24.923209999979008	EXP	fixation_mask: autoDraw = false
24.923209999979008	EXP	prime_text: autoDraw = false
24.923209999979008	EXP	target: autoDraw = false
24.923209999979008	EXP	button_left: autoDraw = false
24.923209999979008	EXP	button_right: autoDraw = false
24.923209999979008	EXP	trial_label_right: autoDraw = false
24.923209999979008	EXP	trial_label_left_new: autoDraw = false
24.923209999979008	EXP	feedback_text: color = {"_hex":"#008000","_rgb":[0,0.5019607843137255,0]}
24.923209999979008	EXP	feedback_text: text = "Correct"
24.923209999979008	EXP	feedback_text: autoDraw = true
24.923209999979008	EXP	button_left_2: autoDraw = true
24.923209999979008	EXP	button_right_2: autoDraw = true
24.923209999979008	EXP	trial_label_left_2: autoDraw = true
24.923209999979008	EXP	trial_label_right_2: autoDraw = true
25.403274999989662	EXP	feedback_text: autoDraw = false
25.403274999989662	EXP	button_left_2: autoDraw = false
25.403274999989662	EXP	button_right_2: autoDraw = false
25.403274999989662	EXP	trial_label_left_2: autoDraw = false
25.403274999989662	EXP	trial_label_right_2: autoDraw = false
25.403274999989662	EXP	feedback_text: autoDraw = false
25.403274999989662	EXP	button_left_2: autoDraw = false
25.403274999989662	EXP	button_right_2: autoDraw = false
25.403274999989662	EXP	trial_label_left_2: autoDraw = false
25.403274999989662	EXP	trial_label_right_2: autoDraw = false
25.403274999989662	EXP	prime_text: text = "aslert"
25.403274999989662	EXP	target: text = "ASLERT"
25.403274999989662	EXP	target: font = "Courier New"
25.403274999989662	EXP	fixation_mask: autoDraw = true
25.403274999989662	EXP	button_left: autoDraw = true
25.403274999989662	EXP	button_right: autoDraw = true
25.403274999989662	EXP	trial_label_right: autoDraw = true
25.403274999989662	EXP	trial_label_left_new: autoDraw = true
25.9045749999932	EXP	fixation_mask: autoDraw = false
25.928199999965727	EXP	prime_text: autoDraw = true
25.928199999965727	EXP	prime_text: autoDraw = false
25.962199999950826	EXP	target: autoDraw = true
26.297005000000354	DATA	Keydown: l
26.326264999981504	EXP	fixation_mask: autoDraw = false
26.326264999981504	EXP	prime_text: autoDraw = false
26.326264999981504	EXP	target: autoDraw = false
26.326264999981504	EXP	button_left: autoDraw = false
26.326264999981504	EXP	button_right: autoDraw = false
26.326264999981504	EXP	trial_label_right: autoDraw = false
26.326264999981504	EXP	trial_label_left_new: autoDraw = false
26.326264999981504	EXP	feedback_text: color = {"_hex":"#FF0000","_rgb":[1,0,0]}
26.326264999981504	EXP	feedback_text: text = "Incorrect"
26.326264999981504	EXP	feedback_text: autoDraw = true
26.326264999981504	EXP	button_left_2: autoDraw = true
26.326264999981504	EXP	button_right_2: autoDraw = true
26.326264999981504	EXP	trial_label_left_2: autoDraw = true
26.326264999981504	EXP	trial_label_right_2: autoDraw = true
26.820914999989327	EXP	feedback_text: autoDraw = false
26.820914999989327	EXP	button_left_2: autoDraw = false
26.820914999989327	EXP	button_right_2: autoDraw = false
26.820914999989327	EXP	trial_label_left_2: autoDraw = false
26.820914999989327	EXP	trial_label_right_2: autoDraw = false
26.820914999989327	EXP	feedback_text: autoDraw = false
26.820914999989327	EXP	button_left_2: autoDraw = false
26.820914999989327	EXP	button_right_2: autoDraw = false
26.820914999989327	EXP	trial_label_left_2: autoDraw = false
26.820914999989327	EXP	trial_label_right_2: autoDraw = false
26.820914999989327	EXP	prime_text: text = "frenzy"
26.820914999989327	EXP	target: text = "OBTAIN"
26.820914999989327	EXP	target: font = "Courier New"
26.820914999989327	EXP	fixation_mask: autoDraw = true
26.820914999989327	EXP	button_left: autoDraw = true
26.820914999989327	EXP	button_right: autoDraw = true
26.820914999989327	EXP	trial_label_right: autoDraw = true
26.820914999989327	EXP	trial_label_left_new: autoDraw = true
27.325289999949746	EXP	fixation_mask: autoDraw = false
27.325289999949746	EXP	prime_text: autoDraw = true
27.357674999977462	EXP	prime_text: autoDraw = false
27.357674999977462	EXP	target: autoDraw = true
28.3946499999729	DATA	Keydown: a
28.437429999990854	EXP	fixation_mask: autoDraw = false
28.437429999990854	EXP	prime_text: autoDraw = false
28.437429999990854	EXP	target: autoDraw = false
28.437429999990854	EXP	button_left: autoDraw = false
28.437429999990854	EXP	button_right: autoDraw = false
28.437429999990854	EXP	trial_label_right: autoDraw = false
28.437429999990854	EXP	trial_label_left_new: autoDraw = false
28.437429999990854	EXP	feedback_text: color = {"_hex":"#FF0000","_rgb":[1,0,0]}
28.437429999990854	EXP	feedback_text: text = "Incorrect"
28.437429999990854	EXP	feedback_text: autoDraw = true
28.437429999990854	EXP	button_left_2: autoDraw = true
28.437429999990854	EXP	button_right_2: autoDraw = true
28.437429999990854	EXP	trial_label_left_2: autoDraw = true
28.437429999990854	EXP	trial_label_right_2: autoDraw = true
28.90590999997221	EXP	feedback_text: autoDraw = false
28.90590999997221	EXP	button_left_2: autoDraw = false
28.90590999997221	EXP	button_right_2: autoDraw = false
28.90590999997221	EXP	trial_label_left_2: autoDraw = false
28.90590999997221	EXP	trial_label_right_2: autoDraw = false
28.90590999997221	EXP	feedback_text: autoDraw = false
28.90590999997221	EXP	button_left_2: autoDraw = false
28.90590999997221	EXP	button_right_2: autoDraw = false
28.90590999997221	EXP	trial_label_left_2: autoDraw = false
28.90590999997221	EXP	trial_label_right_2: autoDraw = false
28.90590999997221	EXP	prime_text: text = "tropic"
28.90590999997221	EXP	target: text = "ZOMBIE"
28.90590999997221	EXP	target: font = "Courier New"
28.90590999997221	EXP	fixation_mask: autoDraw = true
28.90590999997221	EXP	button_left: autoDraw = true
28.90590999997221	EXP	button_right: autoDraw = true
28.90590999997221	EXP	trial_label_right: autoDraw = true
28.90590999997221	EXP	trial_label_left_new: autoDraw = true
29.405214999977034	EXP	fixation_mask: autoDraw = false
29.44146499998169	EXP	prime_text: autoDraw = true
29.463959999964572	EXP	prime_text: autoDraw = false
29.463959999964572	EXP	target: autoDraw = true
29.7263699999894	DATA	Keydown: l
29.758084999979474	EXP	fixation_mask: autoDraw = false
29.758084999979474	EXP	prime_text: autoDraw = false
29.758084999979474	EXP	target: autoDraw = false
29.758084999979474	EXP	button_left: autoDraw = false
29.758084999979474	EXP	button_right: autoDraw = false
29.758084999979474	EXP	trial_label_right: autoDraw = false
29.758084999979474	EXP	trial_label_left_new: autoDraw = false
29.758084999979474	EXP	feedback_text: color = {"_hex":"#008000","_rgb":[0,0.5019607843137255,0]}
29.758084999979474	EXP	feedback_text: text = "Correct"
29.758084999979474	EXP	feedback_text: autoDraw = true
29.758084999979474	EXP	button_left_2: autoDraw = true
29.758084999979474	EXP	button_right_2: autoDraw = true
29.758084999979474	EXP	trial_label_left_2: autoDraw = true
29.758084999979474	EXP	trial_label_right_2: autoDraw = true
30.277324999973644	EXP	feedback_text: autoDraw = false
30.277324999973644	EXP	button_left_2: autoDraw = false
30.277324999973644	EXP	button_right_2: autoDraw = false
30.277324999973644	EXP	trial_label_left_2: autoDraw = false
30.277324999973644	EXP	trial_label_right_2: autoDraw = false
30.277324999973644	EXP	feedback_text: autoDraw = false
30.277324999973644	EXP	button_left_2: autoDraw = false
30.277324999973644	EXP	button_right_2: autoDraw = false
30.277324999973644	EXP	trial_label_left_2: autoDraw = false
30.277324999973644	EXP	trial_label_right_2: autoDraw = false
30.277324999973644	EXP	prime_text: text = "utopia"
30.277324999973644	EXP	target: text = "UTOPIA"
30.277324999973644	EXP	target: font = "Courier New"
30.277324999973644	EXP	fixation_mask: autoDraw = true
30.277324999973644	EXP	button_left: autoDraw = true
30.277324999973644	EXP	button_right: autoDraw = true
30.277324999973644	EXP	trial_label_right: autoDraw = true
30.277324999973644	EXP	trial_label_left_new: autoDraw = true
30.792149999993853	EXP	fixation_mask: autoDraw = false
30.792149999993853	EXP	prime_text: autoDraw = true
30.835989999992307	EXP	prime_text: autoDraw = false
30.835989999992307	EXP	target: autoDraw = true
31.277479999989737	DATA	Keydown: l
31.308779999963008	EXP	fixation_mask: autoDraw = false
31.308779999963008	EXP	prime_text: autoDraw = false
31.308779999963008	EXP	target: autoDraw = false
31.308779999963008	EXP	button_left: autoDraw = false
31.308779999963008	EXP	button_right: autoDraw = false
31.308779999963008	EXP	trial_label_right: autoDraw = false
31.308779999963008	EXP	trial_label_left_new: autoDraw = false
31.308779999963008	EXP	feedback_text: color = {"_hex":"#008000","_rgb":[0,0.5019607843137255,0]}
31.308779999963008	EXP	feedback_text: text = "Correct"
31.308779999963008	EXP	feedback_text: autoDraw = true
31.308779999963008	EXP	button_left_2: autoDraw = true
31.308779999963008	EXP	button_right_2: autoDraw = true
31.308779999963008	EXP	trial_label_left_2: autoDraw = true
31.308779999963008	EXP	trial_label_right_2: autoDraw = true
31.81267499999376	EXP	feedback_text: autoDraw = false
31.81267499999376	EXP	button_left_2: autoDraw = false
31.81267499999376	EXP	button_right_2: autoDraw = false
31.81267499999376	EXP	trial_label_left_2: autoDraw = false
31.81267499999376	EXP	trial_label_right_2: autoDraw = false
31.81267499999376	EXP	feedback_text: autoDraw = false
31.81267499999376	EXP	button_left_2: autoDraw = false
31.81267499999376	EXP	button_right_2: autoDraw = false
31.81267499999376	EXP	trial_label_left_2: autoDraw = false
31.81267499999376	EXP	trial_label_right_2: autoDraw = false
31.81267499999376	EXP	prime_text: text = "matrix"
31.81267499999376	EXP	target: text = "MATRIX"
31.81267499999376	EXP	target: font = "Courier New"
31.81267499999376	EXP	fixation_mask: autoDraw = true
31.81267499999376	EXP	button_left: autoDraw = true
31.81267499999376	EXP	button_right: autoDraw = true
31.81267499999376	EXP	trial_label_right: autoDraw = true
31.81267499999376	EXP	trial_label_left_new: autoDraw = true
32.32986999995774	EXP	fixation_mask: autoDraw = false
32.32986999995774	EXP	prime_text: autoDraw = true
32.35759999998845	EXP	prime_text: autoDraw = false
32.39459999999963	EXP	target: autoDraw = true
32.911794999963604	DATA	Keydown: l
32.94162499997765	EXP	fixation_mask: autoDraw = false
32.94162499997765	EXP	prime_text: autoDraw = false
32.94162499997765	EXP	target: autoDraw = false
32.94162499997765	EXP	button_left: autoDraw = false
32.94162499997765	EXP	button_right: autoDraw = false
32.94162499997765	EXP	trial_label_right: autoDraw = false
32.94162499997765	EXP	trial_label_left_new: autoDraw = false
32.94162499997765	EXP	feedback_text: color = {"_hex":"#008000","_rgb":[0,0.5019607843137255,0]}
32.94162499997765	EXP	feedback_text: text = "Correct"
32.94162499997765	EXP	feedback_text: autoDraw = true
32.94162499997765	EXP	button_left_2: autoDraw = true
32.94162499997765	EXP	button_right_2: autoDraw = true
32.94162499997765	EXP	trial_label_left_2: autoDraw = true
32.94162499997765	EXP	trial_label_right_2: autoDraw = true
33.461184999963734	EXP	feedback_text: autoDraw = false
33.461184999963734	EXP	button_left_2: autoDraw = false
33.461184999963734	EXP	button_right_2: autoDraw = false
33.461184999963734	EXP	trial_label_left_2: autoDraw = false
33.461184999963734	EXP	trial_label_right_2: autoDraw = false
33.461184999963734	EXP	feedback_text: autoDraw = false
33.461184999963734	EXP	button_left_2: autoDraw = false
33.461184999963734	EXP	button_right_2: autoDraw = false
33.461184999963734	EXP	trial_label_left_2: autoDraw = false
33.461184999963734	EXP	trial_label_right_2: autoDraw = false
33.461184999963734	EXP	prime_text: text = "abound"
33.461184999963734	EXP	target: text = "SQUEAK"
33.461184999963734	EXP	target: font = "Courier New"
33.461184999963734	EXP	fixation_mask: autoDraw = true
33.461184999963734	EXP	button_left: autoDraw = true
33.461184999963734	EXP	button_right: autoDraw = true
33.461184999963734	EXP	trial_label_right: autoDraw = true
33.461184999963734	EXP	trial_label_left_new: autoDraw = true
33.96944999997504	EXP	fixation_mask: autoDraw = false
33.996339999954216	EXP	prime_text: autoDraw = true
33.996339999954216	EXP	prime_text: autoDraw = false
33.996339999954216	EXP	target: autoDraw = true
34.63212999998359	DATA	Keydown: l
34.659254999947734	EXP	fixation_mask: autoDraw = false
34.659254999947734	EXP	prime_text: autoDraw = false
34.659254999947734	EXP	target: autoDraw = false
34.659254999947734	EXP	button_left: autoDraw = false
34.659254999947734	EXP	button_right: autoDraw = false
34.659254999947734	EXP	trial_label_right: autoDraw = false
34.659254999947734	EXP	trial_label_left_new: autoDraw = false
34.659254999947734	EXP	feedback_text: color = {"_hex":"#008000","_rgb":[0,0.5019607843137255,0]}
34.659254999947734	EXP	feedback_text: text = "Correct"
34.659254999947734	EXP	feedback_text: autoDraw = true
34.659254999947734	EXP	button_left_2: autoDraw = true
34.659254999947734	EXP	button_right_2: autoDraw = true
34.659254999947734	EXP	trial_label_left_2: autoDraw = true
34.659254999947734	EXP	trial_label_right_2: autoDraw = true
35.155639999953564	EXP	feedback_text: autoDraw = false
35.155639999953564	EXP	button_left_2: autoDraw = false
35.155639999953564	EXP	button_right_2: autoDraw = false
35.155639999953564	EXP	trial_label_left_2: autoDraw = false
35.155639999953564	EXP	trial_label_right_2: autoDraw = false
35.155639999953564	EXP	feedback_text: autoDraw = false
35.155639999953564	EXP	button_left_2: autoDraw = false
35.155639999953564	EXP	button_right_2: autoDraw = false
35.155639999953564	EXP	trial_label_left_2: autoDraw = false
35.155639999953564	EXP	trial_label_right_2: autoDraw = false
35.155639999953564	EXP	prime_text: text = "adveil"
35.155639999953564	EXP	target: text = "SPRINY"
35.155639999953564	EXP	target: font = "Courier New"
35.155639999953564	EXP	fixation_mask: autoDraw = true
35.155639999953564	EXP	button_left: autoDraw = true
35.155639999953564	EXP	button_right: autoDraw = true
35.155639999953564	EXP	trial_label_right: autoDraw = true
35.155639999953564	EXP	trial_label_left_new: autoDraw = true
35.673154999967664	EXP	fixation_mask: autoDraw = false
35.673154999967664	EXP	prime_text: autoDraw = true
35.69650999997975	EXP	prime_text: autoDraw = false
35.69650999997975	EXP	target: autoDraw = true
35.995299999951385	DATA	Keydown: l
36.03438999998616	EXP	fixation_mask: autoDraw = false
36.03438999998616	EXP	prime_text: autoDraw = false
36.03438999998616	EXP	target: autoDraw = false
36.03438999998616	EXP	button_left: autoDraw = false
36.03438999998616	EXP	button_right: autoDraw = false
36.03438999998616	EXP	trial_label_right: autoDraw = false
36.03438999998616	EXP	trial_label_left_new: autoDraw = false
36.03438999998616	EXP	feedback_text: color = {"_hex":"#FF0000","_rgb":[1,0,0]}
36.03438999998616	EXP	feedback_text: text = "Incorrect"
36.03438999998616	EXP	feedback_text: autoDraw = true
36.03438999998616	EXP	button_left_2: autoDraw = true
36.03438999998616	EXP	button_right_2: autoDraw = true
36.03438999998616	EXP	trial_label_left_2: autoDraw = true
36.03438999998616	EXP	trial_label_right_2: autoDraw = true
36.520619999966584	EXP	feedback_text: autoDraw = false
36.520619999966584	EXP	button_left_2: autoDraw = false
36.520619999966584	EXP	button_right_2: autoDraw = false
36.520619999966584	EXP	trial_label_left_2: autoDraw = false
36.520619999966584	EXP	trial_label_right_2: autoDraw = false
36.520619999966584	EXP	feedback_text: autoDraw = false
36.520619999966584	EXP	button_left_2: autoDraw = false
36.520619999966584	EXP	button_right_2: autoDraw = false
36.520619999966584	EXP	trial_label_left_2: autoDraw = false
36.520619999966584	EXP	trial_label_right_2: autoDraw = false
36.520619999966584	EXP	prime_text: text = "mushed"
36.520619999966584	EXP	target: text = "WHAISE"
36.520619999966584	EXP	target: font = "Courier New"
36.520619999966584	EXP	fixation_mask: autoDraw = true
36.520619999966584	EXP	button_left: autoDraw = true
36.520619999966584	EXP	button_right: autoDraw = true
36.520619999966584	EXP	trial_label_right: autoDraw = true
36.520619999966584	EXP	trial_label_left_new: autoDraw = true
37.006309999967925	EXP	fixation_mask: autoDraw = false
37.04021499998635	EXP	prime_text: autoDraw = true
37.08120999997482	EXP	prime_text: autoDraw = false
37.08120999997482	EXP	target: autoDraw = true
37.295954999979585	DATA	Keydown: l
37.32425999996485	EXP	fixation_mask: autoDraw = false
37.32425999996485	EXP	prime_text: autoDraw = false
37.32425999996485	EXP	target: autoDraw = false
37.32425999996485	EXP	button_left: autoDraw = false
37.32425999996485	EXP	button_right: autoDraw = false
37.32425999996485	EXP	trial_label_right: autoDraw = false
37.32425999996485	EXP	trial_label_left_new: autoDraw = false
37.32425999996485	EXP	feedback_text: color = {"_hex":"#FF0000","_rgb":[1,0,0]}
37.32425999996485	EXP	feedback_text: text = "Incorrect"
37.32425999996485	EXP	feedback_text: autoDraw = true
37.32425999996485	EXP	button_left_2: autoDraw = true
37.32425999996485	EXP	button_right_2: autoDraw = true
37.32425999996485	EXP	trial_label_left_2: autoDraw = true
37.32425999996485	EXP	trial_label_right_2: autoDraw = true
37.82691499998327	EXP	feedback_text: autoDraw = false
37.82691499998327	EXP	button_left_2: autoDraw = false
37.82691499998327	EXP	button_right_2: autoDraw = false
37.82691499998327	EXP	trial_label_left_2: autoDraw = false
37.82691499998327	EXP	trial_label_right_2: autoDraw = false
37.82691499998327	EXP	feedback_text: autoDraw = false
37.82691499998327	EXP	button_left_2: autoDraw = false
37.82691499998327	EXP	button_right_2: autoDraw = false
37.82691499998327	EXP	trial_label_left_2: autoDraw = false
37.82691499998327	EXP	trial_label_right_2: autoDraw = false
37.82691499998327	EXP	prime_text: text = "adjust"
37.82691499998327	EXP	target: text = "ADJUST"
37.82691499998327	EXP	target: font = "Courier New"
37.82691499998327	EXP	fixation_mask: autoDraw = true
37.82691499998327	EXP	button_left: autoDraw = true
37.82691499998327	EXP	button_right: autoDraw = true
37.82691499998327	EXP	trial_label_right: autoDraw = true
37.82691499998327	EXP	trial_label_left_new: autoDraw = true
38.309814999985974	EXP	fixation_mask: autoDraw = false
38.33911999996053	EXP	prime_text: autoDraw = true
38.374114999955054	EXP	prime_text: autoDraw = false
38.374114999955054	EXP	target: autoDraw = true
38.6450799999875	DATA	Keydown: l
38.67368499998702	EXP	fixation_mask: autoDraw = false
38.67368499998702	EXP	prime_text: autoDraw = false
38.67368499998702	EXP	target: autoDraw = false
38.67368499998702	EXP	button_left: autoDraw = false
38.67368499998702	EXP	button_right: autoDraw = false
38.67368499998702	EXP	trial_label_right: autoDraw = false
38.67368499998702	EXP	trial_label_left_new: autoDraw = false
38.67368499998702	EXP	feedback_text: color = {"_hex":"#008000","_rgb":[0,0.5019607843137255,0]}
38.67368499998702	EXP	feedback_text: text = "Correct"
38.67368499998702	EXP	feedback_text: autoDraw = true
38.67368499998702	EXP	button_left_2: autoDraw = true
38.67368499998702	EXP	button_right_2: autoDraw = true
38.67368499998702	EXP	trial_label_left_2: autoDraw = true
38.67368499998702	EXP	trial_label_right_2: autoDraw = true
39.18212999997195	EXP	feedback_text: autoDraw = false
39.18212999997195	EXP	button_left_2: autoDraw = false
39.18212999997195	EXP	button_right_2: autoDraw = false
39.18212999997195	EXP	trial_label_left_2: autoDraw = false
39.18212999997195	EXP	trial_label_right_2: autoDraw = false
39.18212999997195	EXP	feedback_text: autoDraw = false
39.18212999997195	EXP	button_left_2: autoDraw = false
39.18212999997195	EXP	button_right_2: autoDraw = false
39.18212999997195	EXP	trial_label_left_2: autoDraw = false
39.18212999997195	EXP	trial_label_right_2: autoDraw = false
39.18212999997195	EXP	prime_text: text = "hurdle"
39.18212999997195	EXP	target: text = "VOLUME"
39.18212999997195	EXP	target: font = "Courier New"
39.18212999997195	EXP	fixation_mask: autoDraw = true
39.18212999997195	EXP	button_left: autoDraw = true
39.18212999997195	EXP	button_right: autoDraw = true
39.18212999997195	EXP	trial_label_right: autoDraw = true
39.18212999997195	EXP	trial_label_left_new: autoDraw = true
39.70842999999877	EXP	fixation_mask: autoDraw = false
39.70842999999877	EXP	prime_text: autoDraw = true
39.73234999994747	EXP	prime_text: autoDraw = false
39.76252999994904	EXP	target: autoDraw = true
40.08281499997247	DATA	Keydown: l
40.112744999991264	EXP	fixation_mask: autoDraw = false
40.112744999991264	EXP	prime_text: autoDraw = false
40.112744999991264	EXP	target: autoDraw = false
40.112744999991264	EXP	button_left: autoDraw = false
40.112744999991264	EXP	button_right: autoDraw = false
40.112744999991264	EXP	trial_label_right: autoDraw = false
40.112744999991264	EXP	trial_label_left_new: autoDraw = false
40.112744999991264	EXP	feedback_text: color = {"_hex":"#008000","_rgb":[0,0.5019607843137255,0]}
40.112744999991264	EXP	feedback_text: text = "Correct"
40.112744999991264	EXP	feedback_text: autoDraw = true
40.112744999991264	EXP	button_left_2: autoDraw = true
40.112744999991264	EXP	button_right_2: autoDraw = true
40.112744999991264	EXP	trial_label_left_2: autoDraw = true
40.112744999991264	EXP	trial_label_right_2: autoDraw = true
40.59873499994865	EXP	feedback_text: autoDraw = false
40.59873499994865	EXP	button_left_2: autoDraw = false
40.59873499994865	EXP	button_right_2: autoDraw = false
40.59873499994865	EXP	trial_label_left_2: autoDraw = false
40.59873499994865	EXP	trial_label_right_2: autoDraw = false
40.59873499994865	EXP	feedback_text: autoDraw = false
40.59873499994865	EXP	button_left_2: autoDraw = false
40.59873499994865	EXP	button_right_2: autoDraw = false
40.59873499994865	EXP	trial_label_left_2: autoDraw = false
40.59873499994865	EXP	trial_label_right_2: autoDraw = false
40.59873499994865	EXP	prime_text: text = "rashet"
40.59873499994865	EXP	target: text = "RASHET"
40.59873499994865	EXP	target: font = "Courier New"
40.59873499994865	EXP	fixation_mask: autoDraw = true
40.59873499994865	EXP	button_left: autoDraw = true
40.59873499994865	EXP	button_right: autoDraw = true
40.59873499994865	EXP	trial_label_right: autoDraw = true
40.59873499994865	EXP	trial_label_left_new: autoDraw = true
41.1144749999512	EXP	fixation_mask: autoDraw = false
41.1144749999512	EXP	prime_text: autoDraw = true
41.188544999982696	EXP	prime_text: autoDraw = false
41.188544999982696	EXP	target: autoDraw = true
41.49555999995209	DATA	Keydown: l
41.53938999999082	EXP	fixation_mask: autoDraw = false
41.53938999999082	EXP	prime_text: autoDraw = false
41.53938999999082	EXP	target: autoDraw = false
41.53938999999082	EXP	button_left: autoDraw = false
41.53938999999082	EXP	button_right: autoDraw = false
41.53938999999082	EXP	trial_label_right: autoDraw = false
41.53938999999082	EXP	trial_label_left_new: autoDraw = false
41.53938999999082	EXP	feedback_text: color = {"_hex":"#FF0000","_rgb":[1,0,0]}
41.53938999999082	EXP	feedback_text: text = "Incorrect"
41.53938999999082	EXP	feedback_text: autoDraw = true
41.53938999999082	EXP	button_left_2: autoDraw = true
41.53938999999082	EXP	button_right_2: autoDraw = true
41.53938999999082	EXP	trial_label_left_2: autoDraw = true
41.53938999999082	EXP	trial_label_right_2: autoDraw = true
42.03895499999635	EXP	feedback_text: autoDraw = false
42.03895499999635	EXP	button_left_2: autoDraw = false
42.03895499999635	EXP	button_right_2: autoDraw = false
42.03895499999635	EXP	trial_label_left_2: autoDraw = false
42.03895499999635	EXP	trial_label_right_2: autoDraw = false
42.03895499999635	EXP	feedback_text: autoDraw = false
42.03895499999635	EXP	button_left_2: autoDraw = false
42.03895499999635	EXP	button_right_2: autoDraw = false
42.03895499999635	EXP	trial_label_left_2: autoDraw = false
42.03895499999635	EXP	trial_label_right_2: autoDraw = false
42.03895499999635	EXP	prime_text: text = "inlade"
42.03895499999635	EXP	target: text = "INLADE"
42.03895499999635	EXP	target: font = "Courier New"
42.03895499999635	EXP	fixation_mask: autoDraw = true
42.03895499999635	EXP	button_left: autoDraw = true
42.03895499999635	EXP	button_right: autoDraw = true
42.03895499999635	EXP	trial_label_right: autoDraw = true
42.03895499999635	EXP	trial_label_left_new: autoDraw = true
42.359104999981355	DATA	Keydown: l
42.54641499998979	EXP	fixation_mask: autoDraw = false
42.54641499998979	EXP	prime_text: autoDraw = true
42.57510999997612	EXP	prime_text: autoDraw = false
42.607004999998026	EXP	target: autoDraw = true
43.0916749999742	DATA	Keydown: l
43.126494999974966	EXP	fixation_mask: autoDraw = false
43.126494999974966	EXP	prime_text: autoDraw = false
43.126494999974966	EXP	target: autoDraw = false
43.126494999974966	EXP	button_left: autoDraw = false
43.126494999974966	EXP	button_right: autoDraw = false
43.126494999974966	EXP	trial_label_right: autoDraw = false
43.126494999974966	EXP	trial_label_left_new: autoDraw = false
43.126494999974966	EXP	feedback_text: color = {"_hex":"#FF0000","_rgb":[1,0,0]}
43.126494999974966	EXP	feedback_text: text = "Incorrect"
43.126494999974966	EXP	feedback_text: autoDraw = true
43.126494999974966	EXP	button_left_2: autoDraw = true
43.126494999974966	EXP	button_right_2: autoDraw = true
43.126494999974966	EXP	trial_label_left_2: autoDraw = true
43.126494999974966	EXP	trial_label_right_2: autoDraw = true
43.61198999994667	EXP	feedback_text: autoDraw = false
43.61198999994667	EXP	button_left_2: autoDraw = false
43.61198999994667	EXP	button_right_2: autoDraw = false
43.61198999994667	EXP	trial_label_left_2: autoDraw = false
43.61198999994667	EXP	trial_label_right_2: autoDraw = false
43.61198999994667	EXP	feedback_text: autoDraw = false
43.61198999994667	EXP	button_left_2: autoDraw = false
43.61198999994667	EXP	button_right_2: autoDraw = false
43.61198999994667	EXP	trial_label_left_2: autoDraw = false
43.61198999994667	EXP	trial_label_right_2: autoDraw = false
43.61198999994667	EXP	prime_text: text = "winfer"
43.61198999994667	EXP	target: text = "ROUPET"
43.61198999994667	EXP	target: font = "Courier New"
43.61198999994667	EXP	fixation_mask: autoDraw = true
43.61198999994667	EXP	button_left: autoDraw = true
43.61198999994667	EXP	button_right: autoDraw = true
43.61198999994667	EXP	trial_label_right: autoDraw = true
43.61198999994667	EXP	trial_label_left_new: autoDraw = true
44.128844999999274	EXP	fixation_mask: autoDraw = false
44.128844999999274	EXP	prime_text: autoDraw = true
44.164209999958985	EXP	prime_text: autoDraw = false
44.164209999958985	EXP	target: autoDraw = true
46.17614999995567	EXP	target: autoDraw = false
46.17614999995567	EXP	button_left: autoDraw = false
46.17614999995567	EXP	button_right: autoDraw = false
46.17614999995567	EXP	trial_label_right: autoDraw = false
46.17614999995567	EXP	trial_label_left_new: autoDraw = false
46.17614999995567	EXP	fixation_mask: autoDraw = false
46.17614999995567	EXP	prime_text: autoDraw = false
46.17614999995567	EXP	target: autoDraw = false
46.17614999995567	EXP	button_left: autoDraw = false
46.17614999995567	EXP	button_right: autoDraw = false
46.17614999995567	EXP	trial_label_right: autoDraw = false
46.17614999995567	EXP	trial_label_left_new: autoDraw = false
46.17614999995567	EXP	feedback_text: color = {"_hex":"#000000","_rgb":[0,0,0]}
46.17614999995567	EXP	feedback_text: text = "Too slow!"
46.17614999995567	EXP	feedback_text: autoDraw = true
46.17614999995567	EXP	button_left_2: autoDraw = true
46.17614999995567	EXP	button_right_2: autoDraw = true
46.17614999995567	EXP	trial_label_left_2: autoDraw = true
46.17614999995567	EXP	trial_label_right_2: autoDraw = true
46.66600999998627	EXP	feedback_text: autoDraw = false
46.66600999998627	EXP	button_left_2: autoDraw = false
46.66600999998627	EXP	button_right_2: autoDraw = false
46.66600999998627	EXP	trial_label_left_2: autoDraw = false
46.66600999998627	EXP	trial_label_right_2: autoDraw = false
46.66600999998627	EXP	feedback_text: autoDraw = false
46.66600999998627	EXP	button_left_2: autoDraw = false
46.66600999998627	EXP	button_right_2: autoDraw = false
46.66600999998627	EXP	trial_label_left_2: autoDraw = false
46.66600999998627	EXP	trial_label_right_2: autoDraw = false
46.66600999998627	EXP	prime_text: text = "miaber"
46.66600999998627	EXP	target: text = "THRALE"
46.66600999998627	EXP	target: font = "Courier New"
46.66600999998627	EXP	fixation_mask: autoDraw = true
46.66600999998627	EXP	button_left: autoDraw = true
46.66600999998627	EXP	button_right: autoDraw = true
46.66600999998627	EXP	trial_label_right: autoDraw = true
46.66600999998627	EXP	trial_label_left_new: autoDraw = true
47.175219999975525	EXP	fixation_mask: autoDraw = false
47.175219999975525	EXP	prime_text: autoDraw = true
47.20562499994412	EXP	prime_text: autoDraw = false
47.24637499998789	EXP	target: autoDraw = true
47.64654999994673	DATA	Keydown: l
47.67850499995984	EXP	fixation_mask: autoDraw = false
47.67850499995984	EXP	prime_text: autoDraw = false
47.67850499995984	EXP	target: autoDraw = false
47.67850499995984	EXP	button_left: autoDraw = false
47.67850499995984	EXP	button_right: autoDraw = false
47.67850499995984	EXP	trial_label_right: autoDraw = false
47.67850499995984	EXP	trial_label_left_new: autoDraw = false
47.67850499995984	EXP	feedback_text: color = {"_hex":"#FF0000","_rgb":[1,0,0]}
47.67850499995984	EXP	feedback_text: text = "Incorrect"
47.67850499995984	EXP	feedback_text: autoDraw = true
47.67850499995984	EXP	button_left_2: autoDraw = true
47.67850499995984	EXP	button_right_2: autoDraw = true
47.67850499995984	EXP	trial_label_left_2: autoDraw = true
47.67850499995984	EXP	trial_label_right_2: autoDraw = true
48.17650999996113	EXP	feedback_text: autoDraw = false
48.17650999996113	EXP	button_left_2: autoDraw = false
48.17650999996113	EXP	button_right_2: autoDraw = false
48.17650999996113	EXP	trial_label_left_2: autoDraw = false
48.17650999996113	EXP	trial_label_right_2: autoDraw = false
48.17650999996113	EXP	feedback_text: autoDraw = false
48.17650999996113	EXP	button_left_2: autoDraw = false
48.17650999996113	EXP	button_right_2: autoDraw = false
48.17650999996113	EXP	trial_label_left_2: autoDraw = false
48.17650999996113	EXP	trial_label_right_2: autoDraw = false
48.17650999996113	EXP	prime_text: text = "fariny"
48.17650999996113	EXP	target: text = "FARINY"
48.17650999996113	EXP	target: font = "Courier New"
48.17650999996113	EXP	fixation_mask: autoDraw = true
48.17650999996113	EXP	button_left: autoDraw = true
48.17650999996113	EXP	button_right: autoDraw = true
48.17650999996113	EXP	trial_label_right: autoDraw = true
48.17650999996113	EXP	trial_label_left_new: autoDraw = true
48.701929999981076	EXP	fixation_mask: autoDraw = false
48.701929999981076	EXP	prime_text: autoDraw = true
48.701929999981076	EXP	prime_text: autoDraw = false
48.75664499995764	EXP	target: autoDraw = true
49.2960449999664	DATA	Keydown: l
49.419579999987036	EXP	fixation_mask: autoDraw = false
49.419579999987036	EXP	prime_text: autoDraw = false
49.419579999987036	EXP	target: autoDraw = false
49.419579999987036	EXP	button_left: autoDraw = false
49.419579999987036	EXP	button_right: autoDraw = false
49.419579999987036	EXP	trial_label_right: autoDraw = false
49.419579999987036	EXP	trial_label_left_new: autoDraw = false
49.419579999987036	EXP	feedback_text: color = {"_hex":"#FF0000","_rgb":[1,0,0]}
49.419579999987036	EXP	feedback_text: text = "Incorrect"
49.419579999987036	EXP	feedback_text: autoDraw = true
49.419579999987036	EXP	button_left_2: autoDraw = true
49.419579999987036	EXP	button_right_2: autoDraw = true
49.419579999987036	EXP	trial_label_left_2: autoDraw = true
49.419579999987036	EXP	trial_label_right_2: autoDraw = true
49.891704999958165	EXP	feedback_text: autoDraw = false
49.891704999958165	EXP	button_left_2: autoDraw = false
49.891704999958165	EXP	button_right_2: autoDraw = false
49.891704999958165	EXP	trial_label_left_2: autoDraw = false
49.891704999958165	EXP	trial_label_right_2: autoDraw = false
49.891704999958165	EXP	feedback_text: autoDraw = false
49.891704999958165	EXP	button_left_2: autoDraw = false
49.891704999958165	EXP	button_right_2: autoDraw = false
49.891704999958165	EXP	trial_label_left_2: autoDraw = false
49.891704999958165	EXP	trial_label_right_2: autoDraw = false
49.891704999958165	EXP	instructions: text = "You have completed the practice trials. During the experimental trials, you will not receive feedback, but it is very important that you respond as quickly and accurately as possible. \r\nBefore you begin, please ensure that you are in a comfortable and quiet location and will not be disturbed for about 25 minutes, as we cannot use your data if you do not complete all the trials. \r\nThere will be opportunities to take breaks at regular intervals during the experiment. When you are ready to start the experimental trials, please press space or touch the button below."
49.891704999958165	EXP	break_text: alignHoriz = "center"
49.891704999958165	EXP	instructions: autoDraw = true
49.891704999958165	EXP	instr_done_button: autoDraw = true
49.891704999958165	EXP	instr_done_label: autoDraw = true
49.895279999997	DATA	Keydown: l
57.25002499995753	DATA	Mouse: 0 button down, pos=(906,969)
57.473094999964815	EXP	instructions: autoDraw = false
57.473094999964815	EXP	instr_done_button: autoDraw = false
57.473094999964815	EXP	instr_done_label: autoDraw = false
57.473094999964815	EXP	prime_text: text = "colury"
57.473094999964815	EXP	target: text = "COLURY"
57.473094999964815	EXP	target: font = "Courier New"
57.473094999964815	EXP	fixation_mask: autoDraw = true
57.473094999964815	EXP	button_left: autoDraw = true
57.473094999964815	EXP	button_right: autoDraw = true
57.473094999964815	EXP	trial_label_right: autoDraw = true
57.473094999964815	EXP	trial_label_left_new: autoDraw = true
57.47545499994885	DATA	Mouse: 0 button down, pos=(906,969)
57.97807999997167	EXP	fixation_mask: autoDraw = false
57.97807999997167	EXP	prime_text: autoDraw = true
57.99977499997476	EXP	prime_text: autoDraw = false
58.0285449999501	EXP	target: autoDraw = true
59.312729999946896	DATA	Keydown: l
59.36500499997055	EXP	fixation_mask: autoDraw = false
59.36500499997055	EXP	prime_text: autoDraw = false
59.36500499997055	EXP	target: autoDraw = false
59.36500499997055	EXP	button_left: autoDraw = false
59.36500499997055	EXP	button_right: autoDraw = false
59.36500499997055	EXP	trial_label_right: autoDraw = false
59.36500499997055	EXP	trial_label_left_new: autoDraw = false
59.36500499997055	EXP	feedback_text: color = {"_hex":"#FF0000","_rgb":[1,0,0]}
59.36500499997055	EXP	feedback_text: text = "Incorrect"
59.36500499997055	EXP	feedback_text: autoDraw = true
59.36500499997055	EXP	feedback_text: autoDraw = false
59.36500499997055	EXP	button_left_2: autoDraw = true
59.36500499997055	EXP	button_left_2: autoDraw = false
59.36500499997055	EXP	button_right_2: autoDraw = true
59.36500499997055	EXP	button_right_2: autoDraw = false
59.36500499997055	EXP	trial_label_left_2: autoDraw = true
59.36500499997055	EXP	trial_label_left_2: autoDraw = false
59.36500499997055	EXP	trial_label_right_2: autoDraw = true
59.36500499997055	EXP	trial_label_right_2: autoDraw = false
59.36500499997055	EXP	feedback_text: autoDraw = false
59.36500499997055	EXP	button_left_2: autoDraw = false
59.36500499997055	EXP	button_right_2: autoDraw = false
59.36500499997055	EXP	trial_label_left_2: autoDraw = false
59.36500499997055	EXP	trial_label_right_2: autoDraw = false
59.36500499997055	EXP	break_text: text = "BREAK\nPlease take a short break.\nYou have completed 0% of the experiment.\nWhen you are done, please press the space bar or touch the \"Continue\" button below to continue the experiment."
59.36500499997055	EXP	break_text: autoDraw = true
59.36500499997055	EXP	break_done_button: autoDraw = true
59.36500499997055	EXP	break_done_button_label: autoDraw = true
85.31135999999242	DATA	Mouse: 0 button down, pos=(978,983)
85.35872499999823	EXP	break_text: autoDraw = false
85.35872499999823	EXP	break_done_button: autoDraw = false
85.35872499999823	EXP	break_done_button_label: autoDraw = false
85.35872499999823	EXP	prime_text: text = "padifs"
85.35872499999823	EXP	target: text = "WICTOR"
85.35872499999823	EXP	target: font = "Courier New"
85.35872499999823	EXP	fixation_mask: autoDraw = true
85.35872499999823	EXP	button_left: autoDraw = true
85.35872499999823	EXP	button_right: autoDraw = true
85.35872499999823	EXP	trial_label_right: autoDraw = true
85.35872499999823	EXP	trial_label_left_new: autoDraw = true
85.74546999996528	DATA	Mouse: 0 button down, pos=(978,983)
85.85761999996612	EXP	fixation_mask: autoDraw = false
85.85761999996612	EXP	prime_text: autoDraw = true
85.89511499996297	EXP	prime_text: autoDraw = false
85.89511499996297	EXP	target: autoDraw = true
86.5447999999742	DATA	Mouse: 0 button down, pos=(1228,821)
86.58771999995224	EXP	fixation_mask: autoDraw = false
86.58771999995224	EXP	prime_text: autoDraw = false
86.58771999995224	EXP	target: autoDraw = false
86.58771999995224	EXP	button_left: autoDraw = false
86.58771999995224	EXP	button_right: autoDraw = false
86.58771999995224	EXP	trial_label_right: autoDraw = false
86.58771999995224	EXP	trial_label_left_new: autoDraw = false
86.58771999995224	EXP	feedback_text: color = {"_hex":"#FF0000","_rgb":[1,0,0]}
86.58771999995224	EXP	feedback_text: text = "Incorrect"
86.58771999995224	EXP	feedback_text: autoDraw = true
86.58771999995224	EXP	feedback_text: autoDraw = false
86.58771999995224	EXP	button_left_2: autoDraw = true
86.58771999995224	EXP	button_left_2: autoDraw = false
86.58771999995224	EXP	button_right_2: autoDraw = true
86.58771999995224	EXP	button_right_2: autoDraw = false
86.58771999995224	EXP	trial_label_left_2: autoDraw = true
86.58771999995224	EXP	trial_label_left_2: autoDraw = false
86.58771999995224	EXP	trial_label_right_2: autoDraw = true
86.58771999995224	EXP	trial_label_right_2: autoDraw = false
86.58771999995224	EXP	feedback_text: autoDraw = false
86.58771999995224	EXP	button_left_2: autoDraw = false
86.58771999995224	EXP	button_right_2: autoDraw = false
86.58771999995224	EXP	trial_label_left_2: autoDraw = false
86.58771999995224	EXP	trial_label_right_2: autoDraw = false
86.58771999995224	EXP	break_text: text = "BREAK\nPlease take a short break.\nYou have completed 0% of the experiment.\nWhen you are done, please press the space bar or touch the \"Continue\" button below to continue the experiment."
86.58771999995224	EXP	break_text: autoDraw = true
86.58771999995224	EXP	break_done_button: autoDraw = true
86.58771999995224	EXP	break_done_button_label: autoDraw = true
86.61440999998013	DATA	Mouse: 0 button down, pos=(1228,821)
91.19073999999091	DATA	Mouse: 0 button down, pos=(1034,985)
91.22003499994753	EXP	break_text: autoDraw = false
91.22003499994753	EXP	break_done_button: autoDraw = false
91.22003499994753	EXP	break_done_button_label: autoDraw = false
91.22003499994753	EXP	prime_text: text = "import"
91.22003499994753	EXP	target: text = "IMPORT"
91.22003499994753	EXP	target: font = "Courier New"
91.22003499994753	EXP	fixation_mask: autoDraw = true
91.22003499994753	EXP	button_left: autoDraw = true
91.22003499994753	EXP	button_right: autoDraw = true
91.22003499994753	EXP	trial_label_right: autoDraw = true
91.22003499994753	EXP	trial_label_left_new: autoDraw = true
91.34332999994513	DATA	Mouse: 0 button down, pos=(1034,985)
91.72761999996146	EXP	fixation_mask: autoDraw = false
91.72761999996146	EXP	prime_text: autoDraw = true
91.78706999996211	EXP	prime_text: autoDraw = false
91.78706999996211	EXP	target: autoDraw = true
92.45196999999462	DATA	Mouse: 0 button down, pos=(1224,875)
92.47642500000075	EXP	fixation_mask: autoDraw = false
92.47642500000075	EXP	prime_text: autoDraw = false
92.47642500000075	EXP	target: autoDraw = false
92.47642500000075	EXP	button_left: autoDraw = false
92.47642500000075	EXP	button_right: autoDraw = false
92.47642500000075	EXP	trial_label_right: autoDraw = false
92.47642500000075	EXP	trial_label_left_new: autoDraw = false
92.47642500000075	EXP	feedback_text: color = {"_hex":"#FF0000","_rgb":[1,0,0]}
92.47642500000075	EXP	feedback_text: text = "Incorrect"
92.47642500000075	EXP	feedback_text: autoDraw = true
92.47642500000075	EXP	feedback_text: autoDraw = false
92.47642500000075	EXP	button_left_2: autoDraw = true
92.47642500000075	EXP	button_left_2: autoDraw = false
92.47642500000075	EXP	button_right_2: autoDraw = true
92.47642500000075	EXP	button_right_2: autoDraw = false
92.47642500000075	EXP	trial_label_left_2: autoDraw = true
92.47642500000075	EXP	trial_label_left_2: autoDraw = false
92.47642500000075	EXP	trial_label_right_2: autoDraw = true
92.47642500000075	EXP	trial_label_right_2: autoDraw = false
92.47642500000075	EXP	feedback_text: autoDraw = false
92.47642500000075	EXP	button_left_2: autoDraw = false
92.47642500000075	EXP	button_right_2: autoDraw = false
92.47642500000075	EXP	trial_label_left_2: autoDraw = false
92.47642500000075	EXP	trial_label_right_2: autoDraw = false
92.47642500000075	EXP	break_text: text = "BREAK\nPlease take a short break.\nYou have completed 0% of the experiment.\nWhen you are done, please press the space bar or touch the \"Continue\" button below to continue the experiment."
92.47642500000075	EXP	break_text: autoDraw = true
92.47642500000075	EXP	break_done_button: autoDraw = true
92.47642500000075	EXP	break_done_button_label: autoDraw = true
92.55842499999562	DATA	Mouse: 0 button down, pos=(1224,875)
94.99721999996109	DATA	Mouse: 0 button down, pos=(1089,959)
95.02747999998974	EXP	break_text: autoDraw = false
95.02747999998974	EXP	break_done_button: autoDraw = false
95.02747999998974	EXP	break_done_button_label: autoDraw = false
95.02747999998974	EXP	prime_text: text = "slogan"
95.02747999998974	EXP	target: text = "SLOGAN"
95.02747999998974	EXP	target: font = "Courier New"
95.02747999998974	EXP	fixation_mask: autoDraw = true
95.02747999998974	EXP	button_left: autoDraw = true
95.02747999998974	EXP	button_right: autoDraw = true
95.02747999998974	EXP	trial_label_right: autoDraw = true
95.02747999998974	EXP	trial_label_left_new: autoDraw = true
95.13041499996325	DATA	Mouse: 0 button down, pos=(1089,959)
95.52660499996273	EXP	fixation_mask: autoDraw = false
95.52660499996273	EXP	prime_text: autoDraw = true
95.52789499994833	DATA	Mouse: 0 button down, pos=(1272,894)
95.56139999994775	EXP	prime_text: autoDraw = false
95.58112999994773	EXP	target: autoDraw = true
95.63303999998607	DATA	Mouse: 0 button down, pos=(1272,894)
97.58991499996046	EXP	target: autoDraw = false
97.58991499996046	EXP	button_left: autoDraw = false
97.58991499996046	EXP	button_right: autoDraw = false
97.58991499996046	EXP	trial_label_right: autoDraw = false
97.58991499996046	EXP	trial_label_left_new: autoDraw = false
97.58991499996046	EXP	fixation_mask: autoDraw = false
97.58991499996046	EXP	prime_text: autoDraw = false
97.58991499996046	EXP	target: autoDraw = false
97.58991499996046	EXP	button_left: autoDraw = false
97.58991499996046	EXP	button_right: autoDraw = false
97.58991499996046	EXP	trial_label_right: autoDraw = false
97.58991499996046	EXP	trial_label_left_new: autoDraw = false
97.58991499996046	EXP	feedback_text: color = {"_hex":"#000000","_rgb":[0,0,0]}
97.58991499996046	EXP	feedback_text: text = "Too slow!"
97.58991499996046	EXP	feedback_text: autoDraw = true
97.58991499996046	EXP	button_left_2: autoDraw = true
97.58991499996046	EXP	button_right_2: autoDraw = true
97.58991499996046	EXP	trial_label_left_2: autoDraw = true
97.58991499996046	EXP	trial_label_right_2: autoDraw = true
97.67527499998687	DATA	Mouse: wheel shift=(-100,0), pos=(566,762)
98.09319999994477	EXP	feedback_text: autoDraw = false
98.09319999994477	EXP	button_left_2: autoDraw = false
98.09319999994477	EXP	button_right_2: autoDraw = false
98.09319999994477	EXP	trial_label_left_2: autoDraw = false
98.09319999994477	EXP	trial_label_right_2: autoDraw = false
98.09319999994477	EXP	feedback_text: autoDraw = false
98.09319999994477	EXP	button_left_2: autoDraw = false
98.09319999994477	EXP	button_right_2: autoDraw = false
98.09319999994477	EXP	trial_label_left_2: autoDraw = false
98.09319999994477	EXP	trial_label_right_2: autoDraw = false
98.09319999994477	EXP	break_text: text = "BREAK\nPlease take a short break.\nYou have completed 1% of the experiment.\nWhen you are done, please press the space bar or touch the \"Continue\" button below to continue the experiment."
98.09319999994477	EXP	break_text: autoDraw = true
98.09319999994477	EXP	break_done_button: autoDraw = true
98.09319999994477	EXP	break_done_button_label: autoDraw = true
98.48977999994531	DATA	Keydown: Escape
