0.1407300000428222	EXP	Created Window = Window( name=Window, fullscr=true, color=#ffffff, units=height, waitBlanking=true, autoLog=true, size=[1920,1013] )
2.179055000015069	EXP	Created instructions = TextStim( name=instructions, win=Window( name=Window, fullscr=true, color=#ffffff, ~), autoDraw=null, autoLog=true, units=height, ori=null, opacity=1, pos=[0,0], size=undefined, text=default text, font=Courier New, color=#000000, contrast=1, height=0.035, bold=null, italic=null, alignHoriz=left, alignVert=center, wrapWidth=1, flipHoriz=null, flipVert=null )
2.191950000007637	EXP	Created instr_done_button = Rect( name=instr_done_button, win=Window( name=Window, fullscr=true, color=#ffffff, ~), autoDraw=null, autoLog=true, units=height, ori=null, opacity=1, pos=[0,-0.4], size=[1,1], lineWidth=1, lineColor=#000000, fillColor=#FFFFFF, vertices=[[-0.2,-0.05],[0.2,-0.05],[0.2,0.05],[-0.2,0.05]], closeShape=true, contrast=1, depth=-2, interpolate=true, width=0.4, height=0.1 )
2.193265000008978	EXP	Created instr_done_label = TextStim( name=instr_done_label, win=Window( name=Window, fullscr=true, color=#ffffff, ~), autoDraw=null, autoLog=true, units=height, ori=null, opacity=1, pos=[0,-0.4], size=undefined, text=Continue, font=Courier New, color=#000000, contrast=1, height=0.05, bold=null, italic=null, alignHoriz=left, alignVert=center, wrapWidth=1, flipHoriz=null, flipVert=null )
2.195319999998901	EXP	Created fixation_mask = TextStim( name=fixation_mask, win=Window( name=Window, fullscr=true, color=#ffffff, ~), autoDraw=null, autoLog=true, units=height, ori=null, opacity=1, pos=[0,0], size=undefined, text=######, font=Courier New, color=#000000, contrast=1, height=0.1, bold=null, italic=null, alignHoriz=left, alignVert=center, wrapWidth=1, flipHoriz=null, flipVert=null )
2.1964500000467524	EXP	Created prime_text = TextStim( name=prime_text, win=Window( name=Window, fullscr=true, color=#ffffff, ~), autoDraw=null, autoLog=true, units=height, ori=null, opacity=1, pos=[0,0], size=undefined, text=default text, font=Courier New, color=#000000, contrast=1, height=0.1, bold=null, italic=null, alignHoriz=left, alignVert=center, wrapWidth=1, flipHoriz=null, flipVert=null )
2.197630000009667	EXP	Created target = TextStim( name=target, win=Window( name=Window, fullscr=true, color=#ffffff, ~), autoDraw=null, autoLog=true, units=height, ori=null, opacity=1, pos=[0,0], size=undefined, text=default text, font=Arial, color=#000000, contrast=1, height=0.1, bold=null, italic=null, alignHoriz=left, alignVert=center, wrapWidth=1, flipHoriz=null, flipVert=null )
2.206670000043232	EXP	Created button_left = Rect( name=button_left, win=Window( name=Window, fullscr=true, color=#ffffff, ~), autoDraw=null, autoLog=true, units=height, ori=null, opacity=1, pos=[-0.4,-0.3], size=[1,1], lineWidth=1, lineColor=#000000, fillColor=#FFFFFF, vertices=[[-0.2,-0.1],[0.2,-0.1],[0.2,0.1],[-0.2,0.1]], closeShape=true, contrast=1, depth=-5, interpolate=true, width=0.4, height=0.2 )
2.2125100000412203	EXP	Created button_right = Rect( name=button_right, win=Window( name=Window, fullscr=true, color=#ffffff, ~), autoDraw=null, autoLog=true, units=height, ori=null, opacity=1, pos=[0.4,-0.3], size=[1,1], lineWidth=1, lineColor=#000000, fillColor=#FFFFFF, vertices=[[-0.2,-0.1],[0.2,-0.1],[0.2,0.1],[-0.2,0.1]], closeShape=true, contrast=1, depth=-6, interpolate=true, width=0.4, height=0.2 )
2.2132800000254065	EXP	Created trial_label_right = TextStim( name=trial_label_right, win=Window( name=Window, fullscr=true, color=#ffffff, ~), autoDraw=null, autoLog=true, units=height, ori=null, opacity=1, pos=[0.4,-0.3], size=undefined, text=l = Word, font=Courier New, color=#000000, contrast=1, height=0.05, bold=null, italic=null, alignHoriz=left, alignVert=center, wrapWidth=1, flipHoriz=null, flipVert=null )
2.2148500000475906	EXP	Created trial_label_left_new = TextStim( name=trial_label_left_new, win=Window( name=Window, fullscr=true, color=#ffffff, ~), autoDraw=null, autoLog=true, units=height, ori=null, opacity=1, pos=[-0.4,-0.3], size=undefined, text=a = Nonword, font=Courier New, color=#000000, contrast=1, height=0.05, bold=null, italic=null, alignHoriz=left, alignVert=center, wrapWidth=1, flipHoriz=null, flipVert=null )
2.2169050000375137	EXP	Created feedback_text = TextStim( name=feedback_text, win=Window( name=Window, fullscr=true, color=#ffffff, ~), autoDraw=null, autoLog=true, units=height, ori=null, opacity=1, pos=[0,0], size=undefined, text=default text, font=Courier New, color=#FFFFFF, contrast=1, height=0.05, bold=null, italic=null, alignHoriz=left, alignVert=center, wrapWidth=1, flipHoriz=null, flipVert=null )
2.225780000037048	EXP	Created button_left_2 = Rect( name=button_left_2, win=Window( name=Window, fullscr=true, color=#ffffff, ~), autoDraw=null, autoLog=true, units=height, ori=null, opacity=1, pos=[-0.4,-0.3], size=[1,1], lineWidth=1, lineColor=#000000, fillColor=#FFFFFF, vertices=[[-0.2,-0.1],[0.2,-0.1],[0.2,0.1],[-0.2,0.1]], closeShape=true, contrast=1, depth=-2, interpolate=true, width=0.4, height=0.2 )
2.2339600000414066	EXP	Created button_right_2 = Rect( name=button_right_2, win=Window( name=Window, fullscr=true, color=#ffffff, ~), autoDraw=null, autoLog=true, units=height, ori=null, opacity=1, pos=[0.4,-0.3], size=[1,1], lineWidth=1, lineColor=#000000, fillColor=#FFFFFF, vertices=[[-0.2,-0.1],[0.2,-0.1],[0.2,0.1],[-0.2,0.1]], closeShape=true, contrast=1, depth=-3, interpolate=true, width=0.4, height=0.2 )
2.236555000010412	EXP	Created trial_label_left_2 = TextStim( name=trial_label_left_2, win=Window( name=Window, fullscr=true, color=#ffffff, ~), autoDraw=null, autoLog=true, units=height, ori=null, opacity=1, pos=[-0.4,-0.3], size=undefined, text=a = Nonword, font=Courier New, color=#000000, contrast=1, height=0.05, bold=null, italic=null, alignHoriz=left, alignVert=center, wrapWidth=1, flipHoriz=null, flipVert=null )
2.238375000015367	EXP	Created trial_label_right_2 = TextStim( name=trial_label_right_2, win=Window( name=Window, fullscr=true, color=#ffffff, ~), autoDraw=null, autoLog=true, units=height, ori=null, opacity=1, pos=[0.4,-0.3], size=undefined, text=l = Word, font=Courier New, color=#000000, contrast=1, height=0.05, bold=null, italic=null, alignHoriz=left, alignVert=center, wrapWidth=1, flipHoriz=null, flipVert=null )
2.239835000014864	EXP	Created instructions = TextStim( name=instructions, win=Window( name=Window, fullscr=true, color=#ffffff, ~), autoDraw=null, autoLog=true, units=height, ori=null, opacity=1, pos=[0,0], size=undefined, text=default text, font=Courier New, color=#000000, contrast=1, height=0.035, bold=null, italic=null, alignHoriz=left, alignVert=center, wrapWidth=1, flipHoriz=null, flipVert=null )
2.246465000032913	EXP	Created instr_done_button = Rect( name=instr_done_button, win=Window( name=Window, fullscr=true, color=#ffffff, ~), autoDraw=null, autoLog=true, units=height, ori=null, opacity=1, pos=[0,-0.4], size=[1,1], lineWidth=1, lineColor=#000000, fillColor=#FFFFFF, vertices=[[-0.2,-0.05],[0.2,-0.05],[0.2,0.05],[-0.2,0.05]], closeShape=true, contrast=1, depth=-2, interpolate=true, width=0.4, height=0.1 )
2.249070000019856	EXP	Created instr_done_label = TextStim( name=instr_done_label, win=Window( name=Window, fullscr=true, color=#ffffff, ~), autoDraw=null, autoLog=true, units=height, ori=null, opacity=1, pos=[0,-0.4], size=undefined, text=Continue, font=Courier New, color=#000000, contrast=1, height=0.05, bold=null, italic=null, alignHoriz=left, alignVert=center, wrapWidth=1, flipHoriz=null, flipVert=null )
2.2505700000328943	EXP	Created fixation_mask = TextStim( name=fixation_mask, win=Window( name=Window, fullscr=true, color=#ffffff, ~), autoDraw=null, autoLog=true, units=height, ori=null, opacity=1, pos=[0,0], size=undefined, text=######, font=Courier New, color=#000000, contrast=1, height=0.1, bold=null, italic=null, alignHoriz=left, alignVert=center, wrapWidth=1, flipHoriz=null, flipVert=null )
2.2529950000462122	EXP	Created prime_text = TextStim( name=prime_text, win=Window( name=Window, fullscr=true, color=#ffffff, ~), autoDraw=null, autoLog=true, units=height, ori=null, opacity=1, pos=[0,0], size=undefined, text=default text, font=Courier New, color=#000000, contrast=1, height=0.1, bold=null, italic=null, alignHoriz=left, alignVert=center, wrapWidth=1, flipHoriz=null, flipVert=null )
2.2555450000218116	EXP	Created target = TextStim( name=target, win=Window( name=Window, fullscr=true, color=#ffffff, ~), autoDraw=null, autoLog=true, units=height, ori=null, opacity=1, pos=[0,0], size=undefined, text=default text, font=Arial, color=#000000, contrast=1, height=0.1, bold=null, italic=null, alignHoriz=left, alignVert=center, wrapWidth=1, flipHoriz=null, flipVert=null )
2.260545000026468	EXP	Created button_left = Rect( name=button_left, win=Window( name=Window, fullscr=true, color=#ffffff, ~), autoDraw=null, autoLog=true, units=height, ori=null, opacity=1, pos=[-0.4,-0.3], size=[1,1], lineWidth=1, lineColor=#000000, fillColor=#FFFFFF, vertices=[[-0.2,-0.1],[0.2,-0.1],[0.2,0.1],[-0.2,0.1]], closeShape=true, contrast=1, depth=-5, interpolate=true, width=0.4, height=0.2 )
2.266200000012759	EXP	Created button_right = Rect( name=button_right, win=Window( name=Window, fullscr=true, color=#ffffff, ~), autoDraw=null, autoLog=true, units=height, ori=null, opacity=1, pos=[0.4,-0.3], size=[1,1], lineWidth=1, lineColor=#000000, fillColor=#FFFFFF, vertices=[[-0.2,-0.1],[0.2,-0.1],[0.2,0.1],[-0.2,0.1]], closeShape=true, contrast=1, depth=-6, interpolate=true, width=0.4, height=0.2 )
2.269079999998212	EXP	Created trial_label_right = TextStim( name=trial_label_right, win=Window( name=Window, fullscr=true, color=#ffffff, ~), autoDraw=null, autoLog=true, units=height, ori=null, opacity=1, pos=[0.4,-0.3], size=undefined, text=l = Word, font=Courier New, color=#000000, contrast=1, height=0.05, bold=null, italic=null, alignHoriz=left, alignVert=center, wrapWidth=1, flipHoriz=null, flipVert=null )
2.2731750000384636	EXP	Created trial_label_left_new = TextStim( name=trial_label_left_new, win=Window( name=Window, fullscr=true, color=#ffffff, ~), autoDraw=null, autoLog=true, units=height, ori=null, opacity=1, pos=[-0.4,-0.3], size=undefined, text=a = Nonword, font=Courier New, color=#000000, contrast=1, height=0.05, bold=null, italic=null, alignHoriz=left, alignVert=center, wrapWidth=1, flipHoriz=null, flipVert=null )
2.2758449999964796	EXP	Created feedback_text = TextStim( name=feedback_text, win=Window( name=Window, fullscr=true, color=#ffffff, ~), autoDraw=null, autoLog=true, units=height, ori=null, opacity=1, pos=[0,0], size=undefined, text=default text, font=Courier New, color=#FFFFFF, contrast=1, height=0.05, bold=null, italic=null, alignHoriz=left, alignVert=center, wrapWidth=1, flipHoriz=null, flipVert=null )
2.286275000020396	EXP	Created button_left_2 = Rect( name=button_left_2, win=Window( name=Window, fullscr=true, color=#ffffff, ~), autoDraw=null, autoLog=true, units=height, ori=null, opacity=1, pos=[-0.4,-0.3], size=[1,1], lineWidth=1, lineColor=#000000, fillColor=#FFFFFF, vertices=[[-0.2,-0.1],[0.2,-0.1],[0.2,0.1],[-0.2,0.1]], closeShape=true, contrast=1, depth=-2, interpolate=true, width=0.4, height=0.2 )
2.293180000036955	EXP	Created button_right_2 = Rect( name=button_right_2, win=Window( name=Window, fullscr=true, color=#ffffff, ~), autoDraw=null, autoLog=true, units=height, ori=null, opacity=1, pos=[0.4,-0.3], size=[1,1], lineWidth=1, lineColor=#000000, fillColor=#FFFFFF, vertices=[[-0.2,-0.1],[0.2,-0.1],[0.2,0.1],[-0.2,0.1]], closeShape=true, contrast=1, depth=-3, interpolate=true, width=0.4, height=0.2 )
2.2946450000163168	EXP	Created trial_label_left_2 = TextStim( name=trial_label_left_2, win=Window( name=Window, fullscr=true, color=#ffffff, ~), autoDraw=null, autoLog=true, units=height, ori=null, opacity=1, pos=[-0.4,-0.3], size=undefined, text=a = Nonword, font=Courier New, color=#000000, contrast=1, height=0.05, bold=null, italic=null, alignHoriz=left, alignVert=center, wrapWidth=1, flipHoriz=null, flipVert=null )
2.2962050000205636	EXP	Created trial_label_right_2 = TextStim( name=trial_label_right_2, win=Window( name=Window, fullscr=true, color=#ffffff, ~), autoDraw=null, autoLog=true, units=height, ori=null, opacity=1, pos=[0.4,-0.3], size=undefined, text=l = Word, font=Courier New, color=#000000, contrast=1, height=0.05, bold=null, italic=null, alignHoriz=left, alignVert=center, wrapWidth=1, flipHoriz=null, flipVert=null )
2.297995000029914	EXP	Created break_text = TextStim( name=break_text, win=Window( name=Window, fullscr=true, color=#ffffff, ~), autoDraw=null, autoLog=true, units=height, ori=null, opacity=1, pos=[0,0], size=undefined, text=default text, font=Courier New, color=#000000, contrast=1, height=0.05, bold=null, italic=null, alignHoriz=left, alignVert=center, wrapWidth=1, flipHoriz=null, flipVert=null )
2.31558000005316	EXP	Created break_done_button = Rect( name=break_done_button, win=Window( name=Window, fullscr=true, color=#ffffff, ~), autoDraw=null, autoLog=true, units=height, ori=null, opacity=1, pos=[0,-0.4], size=[1,1], lineWidth=1, lineColor=#000000, fillColor=#FFFFFF, vertices=[[-0.2,-0.05],[0.2,-0.05],[0.2,0.05],[-0.2,0.05]], closeShape=true, contrast=1, depth=-4, interpolate=true, width=0.4, height=0.1 )
2.3228800000506453	EXP	Created break_done_button_label = TextStim( name=break_done_button_label, win=Window( name=Window, fullscr=true, color=#ffffff, ~), autoDraw=null, autoLog=true, units=height, ori=null, opacity=1, pos=[0,-0.4], size=undefined, text=Continue, font=Courier New, color=#000000, contrast=1, height=0.05, bold=null, italic=null, alignHoriz=left, alignVert=center, wrapWidth=1, flipHoriz=null, flipVert=null )
2.3262650000397116	EXP	Created thank_you = TextStim( name=thank_you, win=Window( name=Window, fullscr=true, color=#ffffff, ~), autoDraw=null, autoLog=true, units=height, ori=null, opacity=1, pos=[0,0], size=undefined, text=This is the end of the experiment.

Please do not ~, font=Courier New, color=#000000, contrast=1, height=1, bold=null, italic=null, alignHoriz=left, alignVert=center, wrapWidth=1, flipHoriz=null, flipVert=null )
2.508215000038035	EXP	instructions: units = "height"
2.508215000038035	EXP	instructions: ori = 0
2.508215000038035	EXP	instructions: opacity = 1
2.508215000038035	EXP	instructions: pos = [0,0]
2.508215000038035	EXP	instructions: size = undefined
2.508215000038035	EXP	instructions: text = "default text"
2.508215000038035	EXP	instructions: font = "Courier New"
2.508215000038035	EXP	instructions: color = {"_hex":"#000000","_rgb":[0,0,0]}
2.508215000038035	EXP	instructions: contrast = 1
2.508215000038035	EXP	instructions: height = 0.035
2.508215000038035	EXP	instructions: bold = false
2.508215000038035	EXP	instructions: italic = false
2.508215000038035	EXP	instructions: alignHoriz = "left"
2.508215000038035	EXP	instructions: alignVert = "center"
2.508215000038035	EXP	instructions: wrapWidth = 1
2.508215000038035	EXP	instructions: flipHoriz = false
2.508215000038035	EXP	instructions: flipVert = false
2.508215000038035	EXP	instr_done_button: units = "height"
2.508215000038035	EXP	instr_done_button: ori = 0
2.508215000038035	EXP	instr_done_button: opacity = 1
2.508215000038035	EXP	instr_done_button: pos = [0,-0.4]
2.508215000038035	EXP	instr_done_button: size = [1,1]
2.508215000038035	EXP	instr_done_button: lineWidth = 1
2.508215000038035	EXP	instr_done_button: lineColor = {"_hex":"#000000","_rgb":[0,0,0]}
2.508215000038035	EXP	instr_done_button: fillColor = {"_hex":"#FFFFFF","_rgb":[1,1,1]}
2.508215000038035	EXP	instr_done_button: vertices = [[-0.5,0],[0,0.5],[0.5,0]]
2.508215000038035	EXP	instr_done_button: closeShape = true
2.508215000038035	EXP	instr_done_button: contrast = 1
2.508215000038035	EXP	instr_done_button: depth = -2
2.508215000038035	EXP	instr_done_button: interpolate = true
2.508215000038035	EXP	instr_done_button: width = 0.4
2.508215000038035	EXP	instr_done_button: vertices = [[-0.2,null],[0.2,null],[0.2,null],[-0.2,null]]
2.508215000038035	EXP	instr_done_button: height = 0.1
2.508215000038035	EXP	instr_done_button: vertices = [[-0.2,-0.05],[0.2,-0.05],[0.2,0.05],[-0.2,0.05]]
2.508215000038035	EXP	instr_done_button: vertices = [[-0.2,-0.05],[0.2,-0.05],[0.2,0.05],[-0.2,0.05]]
2.508215000038035	EXP	instr_done_label: units = "height"
2.508215000038035	EXP	instr_done_label: ori = 0
2.508215000038035	EXP	instr_done_label: opacity = 1
2.508215000038035	EXP	instr_done_label: pos = [0,-0.4]
2.508215000038035	EXP	instr_done_label: size = undefined
2.508215000038035	EXP	instr_done_label: text = "Continue"
2.508215000038035	EXP	instr_done_label: font = "Courier New"
2.508215000038035	EXP	instr_done_label: color = {"_hex":"#000000","_rgb":[0,0,0]}
2.508215000038035	EXP	instr_done_label: contrast = 1
2.508215000038035	EXP	instr_done_label: height = 0.05
2.508215000038035	EXP	instr_done_label: bold = false
2.508215000038035	EXP	instr_done_label: italic = false
2.508215000038035	EXP	instr_done_label: alignHoriz = "left"
2.508215000038035	EXP	instr_done_label: alignVert = "center"
2.508215000038035	EXP	instr_done_label: wrapWidth = 1
2.508215000038035	EXP	instr_done_label: flipHoriz = false
2.508215000038035	EXP	instr_done_label: flipVert = false
2.508215000038035	EXP	fixation_mask: units = "height"
2.508215000038035	EXP	fixation_mask: ori = 0
2.508215000038035	EXP	fixation_mask: opacity = 1
2.508215000038035	EXP	fixation_mask: pos = [0,0]
2.508215000038035	EXP	fixation_mask: size = undefined
2.508215000038035	EXP	fixation_mask: text = "######"
2.508215000038035	EXP	fixation_mask: font = "Courier New"
2.508215000038035	EXP	fixation_mask: color = {"_hex":"#000000","_rgb":[0,0,0]}
2.508215000038035	EXP	fixation_mask: contrast = 1
2.508215000038035	EXP	fixation_mask: height = 0.1
2.508215000038035	EXP	fixation_mask: bold = false
2.508215000038035	EXP	fixation_mask: italic = false
2.508215000038035	EXP	fixation_mask: alignHoriz = "left"
2.508215000038035	EXP	fixation_mask: alignVert = "center"
2.508215000038035	EXP	fixation_mask: wrapWidth = 1
2.508215000038035	EXP	fixation_mask: flipHoriz = false
2.508215000038035	EXP	fixation_mask: flipVert = false
2.508215000038035	EXP	prime_text: units = "height"
2.508215000038035	EXP	prime_text: ori = 0
2.508215000038035	EXP	prime_text: opacity = 1
2.508215000038035	EXP	prime_text: pos = [0,0]
2.508215000038035	EXP	prime_text: size = undefined
2.508215000038035	EXP	prime_text: text = "default text"
2.508215000038035	EXP	prime_text: font = "Courier New"
2.508215000038035	EXP	prime_text: color = {"_hex":"#000000","_rgb":[0,0,0]}
2.508215000038035	EXP	prime_text: contrast = 1
2.508215000038035	EXP	prime_text: height = 0.1
2.508215000038035	EXP	prime_text: bold = false
2.508215000038035	EXP	prime_text: italic = false
2.508215000038035	EXP	prime_text: alignHoriz = "left"
2.508215000038035	EXP	prime_text: alignVert = "center"
2.508215000038035	EXP	prime_text: wrapWidth = 1
2.508215000038035	EXP	prime_text: flipHoriz = false
2.508215000038035	EXP	prime_text: flipVert = false
2.508215000038035	EXP	target: units = "height"
2.508215000038035	EXP	target: ori = 0
2.508215000038035	EXP	target: opacity = 1
2.508215000038035	EXP	target: pos = [0,0]
2.508215000038035	EXP	target: size = undefined
2.508215000038035	EXP	target: text = "default text"
2.508215000038035	EXP	target: font = "Arial"
2.508215000038035	EXP	target: color = {"_hex":"#000000","_rgb":[0,0,0]}
2.508215000038035	EXP	target: contrast = 1
2.508215000038035	EXP	target: height = 0.1
2.508215000038035	EXP	target: bold = false
2.508215000038035	EXP	target: italic = false
2.508215000038035	EXP	target: alignHoriz = "left"
2.508215000038035	EXP	target: alignVert = "center"
2.508215000038035	EXP	target: wrapWidth = 1
2.508215000038035	EXP	target: flipHoriz = false
2.508215000038035	EXP	target: flipVert = false
2.508215000038035	EXP	button_left: units = "height"
2.508215000038035	EXP	button_left: ori = 0
2.508215000038035	EXP	button_left: opacity = 1
2.508215000038035	EXP	button_left: pos = [-0.4,-0.3]
2.508215000038035	EXP	button_left: size = [1,1]
2.508215000038035	EXP	button_left: lineWidth = 1
2.508215000038035	EXP	button_left: lineColor = {"_hex":"#000000","_rgb":[0,0,0]}
2.508215000038035	EXP	button_left: fillColor = {"_hex":"#FFFFFF","_rgb":[1,1,1]}
2.508215000038035	EXP	button_left: vertices = [[-0.5,0],[0,0.5],[0.5,0]]
2.508215000038035	EXP	button_left: closeShape = true
2.508215000038035	EXP	button_left: contrast = 1
2.508215000038035	EXP	button_left: depth = -5
2.508215000038035	EXP	button_left: interpolate = true
2.508215000038035	EXP	button_left: width = 0.4
2.508215000038035	EXP	button_left: vertices = [[-0.2,null],[0.2,null],[0.2,null],[-0.2,null]]
2.508215000038035	EXP	button_left: height = 0.2
2.508215000038035	EXP	button_left: vertices = [[-0.2,-0.1],[0.2,-0.1],[0.2,0.1],[-0.2,0.1]]
2.508215000038035	EXP	button_left: vertices = [[-0.2,-0.1],[0.2,-0.1],[0.2,0.1],[-0.2,0.1]]
2.508215000038035	EXP	button_right: units = "height"
2.508215000038035	EXP	button_right: ori = 0
2.508215000038035	EXP	button_right: opacity = 1
2.508215000038035	EXP	button_right: pos = [0.4,-0.3]
2.508215000038035	EXP	button_right: size = [1,1]
2.508215000038035	EXP	button_right: lineWidth = 1
2.508215000038035	EXP	button_right: lineColor = {"_hex":"#000000","_rgb":[0,0,0]}
2.508215000038035	EXP	button_right: fillColor = {"_hex":"#FFFFFF","_rgb":[1,1,1]}
2.508215000038035	EXP	button_right: vertices = [[-0.5,0],[0,0.5],[0.5,0]]
2.508215000038035	EXP	button_right: closeShape = true
2.508215000038035	EXP	button_right: contrast = 1
2.508215000038035	EXP	button_right: depth = -6
2.508215000038035	EXP	button_right: interpolate = true
2.508215000038035	EXP	button_right: width = 0.4
2.508215000038035	EXP	button_right: vertices = [[-0.2,null],[0.2,null],[0.2,null],[-0.2,null]]
2.508215000038035	EXP	button_right: height = 0.2
2.508215000038035	EXP	button_right: vertices = [[-0.2,-0.1],[0.2,-0.1],[0.2,0.1],[-0.2,0.1]]
2.508215000038035	EXP	button_right: vertices = [[-0.2,-0.1],[0.2,-0.1],[0.2,0.1],[-0.2,0.1]]
2.508215000038035	EXP	trial_label_right: units = "height"
2.508215000038035	EXP	trial_label_right: ori = 0
2.508215000038035	EXP	trial_label_right: opacity = 1
2.508215000038035	EXP	trial_label_right: pos = [0.4,-0.3]
2.508215000038035	EXP	trial_label_right: size = undefined
2.508215000038035	EXP	trial_label_right: text = "l = Word"
2.508215000038035	EXP	trial_label_right: font = "Courier New"
2.508215000038035	EXP	trial_label_right: color = {"_hex":"#000000","_rgb":[0,0,0]}
2.508215000038035	EXP	trial_label_right: contrast = 1
2.508215000038035	EXP	trial_label_right: height = 0.05
2.508215000038035	EXP	trial_label_right: bold = false
2.508215000038035	EXP	trial_label_right: italic = false
2.508215000038035	EXP	trial_label_right: alignHoriz = "left"
2.508215000038035	EXP	trial_label_right: alignVert = "center"
2.508215000038035	EXP	trial_label_right: wrapWidth = 1
2.508215000038035	EXP	trial_label_right: flipHoriz = false
2.508215000038035	EXP	trial_label_right: flipVert = false
2.508215000038035	EXP	trial_label_left_new: units = "height"
2.508215000038035	EXP	trial_label_left_new: ori = 0
2.508215000038035	EXP	trial_label_left_new: opacity = 1
2.508215000038035	EXP	trial_label_left_new: pos = [-0.4,-0.3]
2.508215000038035	EXP	trial_label_left_new: size = undefined
2.508215000038035	EXP	trial_label_left_new: text = "a = Nonword"
2.508215000038035	EXP	trial_label_left_new: font = "Courier New"
2.508215000038035	EXP	trial_label_left_new: color = {"_hex":"#000000","_rgb":[0,0,0]}
2.508215000038035	EXP	trial_label_left_new: contrast = 1
2.508215000038035	EXP	trial_label_left_new: height = 0.05
2.508215000038035	EXP	trial_label_left_new: bold = false
2.508215000038035	EXP	trial_label_left_new: italic = false
2.508215000038035	EXP	trial_label_left_new: alignHoriz = "left"
2.508215000038035	EXP	trial_label_left_new: alignVert = "center"
2.508215000038035	EXP	trial_label_left_new: wrapWidth = 1
2.508215000038035	EXP	trial_label_left_new: flipHoriz = false
2.508215000038035	EXP	trial_label_left_new: flipVert = false
2.508215000038035	EXP	feedback_text: units = "height"
2.508215000038035	EXP	feedback_text: ori = 0
2.508215000038035	EXP	feedback_text: opacity = 1
2.508215000038035	EXP	feedback_text: pos = [0,0]
2.508215000038035	EXP	feedback_text: size = undefined
2.508215000038035	EXP	feedback_text: text = "default text"
2.508215000038035	EXP	feedback_text: font = "Courier New"
2.508215000038035	EXP	feedback_text: color = {"_hex":"#FFFFFF","_rgb":[1,1,1]}
2.508215000038035	EXP	feedback_text: contrast = 1
2.508215000038035	EXP	feedback_text: height = 0.05
2.508215000038035	EXP	feedback_text: bold = false
2.508215000038035	EXP	feedback_text: italic = false
2.508215000038035	EXP	feedback_text: alignHoriz = "left"
2.508215000038035	EXP	feedback_text: alignVert = "center"
2.508215000038035	EXP	feedback_text: wrapWidth = 1
2.508215000038035	EXP	feedback_text: flipHoriz = false
2.508215000038035	EXP	feedback_text: flipVert = false
2.508215000038035	EXP	button_left_2: units = "height"
2.508215000038035	EXP	button_left_2: ori = 0
2.508215000038035	EXP	button_left_2: opacity = 1
2.508215000038035	EXP	button_left_2: pos = [-0.4,-0.3]
2.508215000038035	EXP	button_left_2: size = [1,1]
2.508215000038035	EXP	button_left_2: lineWidth = 1
2.508215000038035	EXP	button_left_2: lineColor = {"_hex":"#000000","_rgb":[0,0,0]}
2.508215000038035	EXP	button_left_2: fillColor = {"_hex":"#FFFFFF","_rgb":[1,1,1]}
2.508215000038035	EXP	button_left_2: vertices = [[-0.5,0],[0,0.5],[0.5,0]]
2.508215000038035	EXP	button_left_2: closeShape = true
2.508215000038035	EXP	button_left_2: contrast = 1
2.508215000038035	EXP	button_left_2: depth = -2
2.508215000038035	EXP	button_left_2: interpolate = true
2.508215000038035	EXP	button_left_2: width = 0.4
2.508215000038035	EXP	button_left_2: vertices = [[-0.2,null],[0.2,null],[0.2,null],[-0.2,null]]
2.508215000038035	EXP	button_left_2: height = 0.2
2.508215000038035	EXP	button_left_2: vertices = [[-0.2,-0.1],[0.2,-0.1],[0.2,0.1],[-0.2,0.1]]
2.508215000038035	EXP	button_left_2: vertices = [[-0.2,-0.1],[0.2,-0.1],[0.2,0.1],[-0.2,0.1]]
2.508215000038035	EXP	button_right_2: units = "height"
2.508215000038035	EXP	button_right_2: ori = 0
2.508215000038035	EXP	button_right_2: opacity = 1
2.508215000038035	EXP	button_right_2: pos = [0.4,-0.3]
2.508215000038035	EXP	button_right_2: size = [1,1]
2.508215000038035	EXP	button_right_2: lineWidth = 1
2.508215000038035	EXP	button_right_2: lineColor = {"_hex":"#000000","_rgb":[0,0,0]}
2.508215000038035	EXP	button_right_2: fillColor = {"_hex":"#FFFFFF","_rgb":[1,1,1]}
2.508215000038035	EXP	button_right_2: vertices = [[-0.5,0],[0,0.5],[0.5,0]]
2.508215000038035	EXP	button_right_2: closeShape = true
2.508215000038035	EXP	button_right_2: contrast = 1
2.508215000038035	EXP	button_right_2: depth = -3
2.508215000038035	EXP	button_right_2: interpolate = true
2.508215000038035	EXP	button_right_2: width = 0.4
2.508215000038035	EXP	button_right_2: vertices = [[-0.2,null],[0.2,null],[0.2,null],[-0.2,null]]
2.508215000038035	EXP	button_right_2: height = 0.2
2.508215000038035	EXP	button_right_2: vertices = [[-0.2,-0.1],[0.2,-0.1],[0.2,0.1],[-0.2,0.1]]
2.508215000038035	EXP	button_right_2: vertices = [[-0.2,-0.1],[0.2,-0.1],[0.2,0.1],[-0.2,0.1]]
2.508215000038035	EXP	trial_label_left_2: units = "height"
2.508215000038035	EXP	trial_label_left_2: ori = 0
2.508215000038035	EXP	trial_label_left_2: opacity = 1
2.508215000038035	EXP	trial_label_left_2: pos = [-0.4,-0.3]
2.508215000038035	EXP	trial_label_left_2: size = undefined
2.508215000038035	EXP	trial_label_left_2: text = "a = Nonword"
2.508215000038035	EXP	trial_label_left_2: font = "Courier New"
2.508215000038035	EXP	trial_label_left_2: color = {"_hex":"#000000","_rgb":[0,0,0]}
2.508215000038035	EXP	trial_label_left_2: contrast = 1
2.508215000038035	EXP	trial_label_left_2: height = 0.05
2.508215000038035	EXP	trial_label_left_2: bold = false
2.508215000038035	EXP	trial_label_left_2: italic = false
2.508215000038035	EXP	trial_label_left_2: alignHoriz = "left"
2.508215000038035	EXP	trial_label_left_2: alignVert = "center"
2.508215000038035	EXP	trial_label_left_2: wrapWidth = 1
2.508215000038035	EXP	trial_label_left_2: flipHoriz = false
2.508215000038035	EXP	trial_label_left_2: flipVert = false
2.508215000038035	EXP	trial_label_right_2: units = "height"
2.508215000038035	EXP	trial_label_right_2: ori = 0
2.508215000038035	EXP	trial_label_right_2: opacity = 1
2.508215000038035	EXP	trial_label_right_2: pos = [0.4,-0.3]
2.508215000038035	EXP	trial_label_right_2: size = undefined
2.508215000038035	EXP	trial_label_right_2: text = "l = Word"
2.508215000038035	EXP	trial_label_right_2: font = "Courier New"
2.508215000038035	EXP	trial_label_right_2: color = {"_hex":"#000000","_rgb":[0,0,0]}
2.508215000038035	EXP	trial_label_right_2: contrast = 1
2.508215000038035	EXP	trial_label_right_2: height = 0.05
2.508215000038035	EXP	trial_label_right_2: bold = false
2.508215000038035	EXP	trial_label_right_2: italic = false
2.508215000038035	EXP	trial_label_right_2: alignHoriz = "left"
2.508215000038035	EXP	trial_label_right_2: alignVert = "center"
2.508215000038035	EXP	trial_label_right_2: wrapWidth = 1
2.508215000038035	EXP	trial_label_right_2: flipHoriz = false
2.508215000038035	EXP	trial_label_right_2: flipVert = false
2.508215000038035	EXP	instructions: units = "height"
2.508215000038035	EXP	instructions: ori = 0
2.508215000038035	EXP	instructions: opacity = 1
2.508215000038035	EXP	instructions: pos = [0,0]
2.508215000038035	EXP	instructions: size = undefined
2.508215000038035	EXP	instructions: text = "default text"
2.508215000038035	EXP	instructions: font = "Courier New"
2.508215000038035	EXP	instructions: color = {"_hex":"#000000","_rgb":[0,0,0]}
2.508215000038035	EXP	instructions: contrast = 1
2.508215000038035	EXP	instructions: height = 0.035
2.508215000038035	EXP	instructions: bold = false
2.508215000038035	EXP	instructions: italic = false
2.508215000038035	EXP	instructions: alignHoriz = "left"
2.508215000038035	EXP	instructions: alignVert = "center"
2.508215000038035	EXP	instructions: wrapWidth = 1
2.508215000038035	EXP	instructions: flipHoriz = false
2.508215000038035	EXP	instructions: flipVert = false
2.508215000038035	EXP	instr_done_button: units = "height"
2.508215000038035	EXP	instr_done_button: ori = 0
2.508215000038035	EXP	instr_done_button: opacity = 1
2.508215000038035	EXP	instr_done_button: pos = [0,-0.4]
2.508215000038035	EXP	instr_done_button: size = [1,1]
2.508215000038035	EXP	instr_done_button: lineWidth = 1
2.508215000038035	EXP	instr_done_button: lineColor = {"_hex":"#000000","_rgb":[0,0,0]}
2.508215000038035	EXP	instr_done_button: fillColor = {"_hex":"#FFFFFF","_rgb":[1,1,1]}
2.508215000038035	EXP	instr_done_button: vertices = [[-0.5,0],[0,0.5],[0.5,0]]
2.508215000038035	EXP	instr_done_button: closeShape = true
2.508215000038035	EXP	instr_done_button: contrast = 1
2.508215000038035	EXP	instr_done_button: depth = -2
2.508215000038035	EXP	instr_done_button: interpolate = true
2.508215000038035	EXP	instr_done_button: width = 0.4
2.508215000038035	EXP	instr_done_button: vertices = [[-0.2,null],[0.2,null],[0.2,null],[-0.2,null]]
2.508215000038035	EXP	instr_done_button: height = 0.1
2.508215000038035	EXP	instr_done_button: vertices = [[-0.2,-0.05],[0.2,-0.05],[0.2,0.05],[-0.2,0.05]]
2.508215000038035	EXP	instr_done_button: vertices = [[-0.2,-0.05],[0.2,-0.05],[0.2,0.05],[-0.2,0.05]]
2.508215000038035	EXP	instr_done_label: units = "height"
2.508215000038035	EXP	instr_done_label: ori = 0
2.508215000038035	EXP	instr_done_label: opacity = 1
2.508215000038035	EXP	instr_done_label: pos = [0,-0.4]
2.508215000038035	EXP	instr_done_label: size = undefined
2.508215000038035	EXP	instr_done_label: text = "Continue"
2.508215000038035	EXP	instr_done_label: font = "Courier New"
2.508215000038035	EXP	instr_done_label: color = {"_hex":"#000000","_rgb":[0,0,0]}
2.508215000038035	EXP	instr_done_label: contrast = 1
2.508215000038035	EXP	instr_done_label: height = 0.05
2.508215000038035	EXP	instr_done_label: bold = false
2.508215000038035	EXP	instr_done_label: italic = false
2.508215000038035	EXP	instr_done_label: alignHoriz = "left"
2.508215000038035	EXP	instr_done_label: alignVert = "center"
2.508215000038035	EXP	instr_done_label: wrapWidth = 1
2.508215000038035	EXP	instr_done_label: flipHoriz = false
2.508215000038035	EXP	instr_done_label: flipVert = false
2.508215000038035	EXP	fixation_mask: units = "height"
2.508215000038035	EXP	fixation_mask: ori = 0
2.508215000038035	EXP	fixation_mask: opacity = 1
2.508215000038035	EXP	fixation_mask: pos = [0,0]
2.508215000038035	EXP	fixation_mask: size = undefined
2.508215000038035	EXP	fixation_mask: text = "######"
2.508215000038035	EXP	fixation_mask: font = "Courier New"
2.508215000038035	EXP	fixation_mask: color = {"_hex":"#000000","_rgb":[0,0,0]}
2.508215000038035	EXP	fixation_mask: contrast = 1
2.508215000038035	EXP	fixation_mask: height = 0.1
2.508215000038035	EXP	fixation_mask: bold = false
2.508215000038035	EXP	fixation_mask: italic = false
2.508215000038035	EXP	fixation_mask: alignHoriz = "left"
2.508215000038035	EXP	fixation_mask: alignVert = "center"
2.508215000038035	EXP	fixation_mask: wrapWidth = 1
2.508215000038035	EXP	fixation_mask: flipHoriz = false
2.508215000038035	EXP	fixation_mask: flipVert = false
2.508215000038035	EXP	prime_text: units = "height"
2.508215000038035	EXP	prime_text: ori = 0
2.508215000038035	EXP	prime_text: opacity = 1
2.508215000038035	EXP	prime_text: pos = [0,0]
2.508215000038035	EXP	prime_text: size = undefined
2.508215000038035	EXP	prime_text: text = "default text"
2.508215000038035	EXP	prime_text: font = "Courier New"
2.508215000038035	EXP	prime_text: color = {"_hex":"#000000","_rgb":[0,0,0]}
2.508215000038035	EXP	prime_text: contrast = 1
2.508215000038035	EXP	prime_text: height = 0.1
2.508215000038035	EXP	prime_text: bold = false
2.508215000038035	EXP	prime_text: italic = false
2.508215000038035	EXP	prime_text: alignHoriz = "left"
2.508215000038035	EXP	prime_text: alignVert = "center"
2.508215000038035	EXP	prime_text: wrapWidth = 1
2.508215000038035	EXP	prime_text: flipHoriz = false
2.508215000038035	EXP	prime_text: flipVert = false
2.508215000038035	EXP	target: units = "height"
2.508215000038035	EXP	target: ori = 0
2.508215000038035	EXP	target: opacity = 1
2.508215000038035	EXP	target: pos = [0,0]
2.508215000038035	EXP	target: size = undefined
2.508215000038035	EXP	target: text = "default text"
2.508215000038035	EXP	target: font = "Arial"
2.508215000038035	EXP	target: color = {"_hex":"#000000","_rgb":[0,0,0]}
2.508215000038035	EXP	target: contrast = 1
2.508215000038035	EXP	target: height = 0.1
2.508215000038035	EXP	target: bold = false
2.508215000038035	EXP	target: italic = false
2.508215000038035	EXP	target: alignHoriz = "left"
2.508215000038035	EXP	target: alignVert = "center"
2.508215000038035	EXP	target: wrapWidth = 1
2.508215000038035	EXP	target: flipHoriz = false
2.508215000038035	EXP	target: flipVert = false
2.508215000038035	EXP	button_left: units = "height"
2.508215000038035	EXP	button_left: ori = 0
2.508215000038035	EXP	button_left: opacity = 1
2.508215000038035	EXP	button_left: pos = [-0.4,-0.3]
2.508215000038035	EXP	button_left: size = [1,1]
2.508215000038035	EXP	button_left: lineWidth = 1
2.508215000038035	EXP	button_left: lineColor = {"_hex":"#000000","_rgb":[0,0,0]}
2.508215000038035	EXP	button_left: fillColor = {"_hex":"#FFFFFF","_rgb":[1,1,1]}
2.508215000038035	EXP	button_left: vertices = [[-0.5,0],[0,0.5],[0.5,0]]
2.508215000038035	EXP	button_left: closeShape = true
2.508215000038035	EXP	button_left: contrast = 1
2.508215000038035	EXP	button_left: depth = -5
2.508215000038035	EXP	button_left: interpolate = true
2.508215000038035	EXP	button_left: width = 0.4
2.508215000038035	EXP	button_left: vertices = [[-0.2,null],[0.2,null],[0.2,null],[-0.2,null]]
2.508215000038035	EXP	button_left: height = 0.2
2.508215000038035	EXP	button_left: vertices = [[-0.2,-0.1],[0.2,-0.1],[0.2,0.1],[-0.2,0.1]]
2.508215000038035	EXP	button_left: vertices = [[-0.2,-0.1],[0.2,-0.1],[0.2,0.1],[-0.2,0.1]]
2.508215000038035	EXP	button_right: units = "height"
2.508215000038035	EXP	button_right: ori = 0
2.508215000038035	EXP	button_right: opacity = 1
2.508215000038035	EXP	button_right: pos = [0.4,-0.3]
2.508215000038035	EXP	button_right: size = [1,1]
2.508215000038035	EXP	button_right: lineWidth = 1
2.508215000038035	EXP	button_right: lineColor = {"_hex":"#000000","_rgb":[0,0,0]}
2.508215000038035	EXP	button_right: fillColor = {"_hex":"#FFFFFF","_rgb":[1,1,1]}
2.508215000038035	EXP	button_right: vertices = [[-0.5,0],[0,0.5],[0.5,0]]
2.508215000038035	EXP	button_right: closeShape = true
2.508215000038035	EXP	button_right: contrast = 1
2.508215000038035	EXP	button_right: depth = -6
2.508215000038035	EXP	button_right: interpolate = true
2.508215000038035	EXP	button_right: width = 0.4
2.508215000038035	EXP	button_right: vertices = [[-0.2,null],[0.2,null],[0.2,null],[-0.2,null]]
2.508215000038035	EXP	button_right: height = 0.2
2.508215000038035	EXP	button_right: vertices = [[-0.2,-0.1],[0.2,-0.1],[0.2,0.1],[-0.2,0.1]]
2.508215000038035	EXP	button_right: vertices = [[-0.2,-0.1],[0.2,-0.1],[0.2,0.1],[-0.2,0.1]]
2.508215000038035	EXP	trial_label_right: units = "height"
2.508215000038035	EXP	trial_label_right: ori = 0
2.508215000038035	EXP	trial_label_right: opacity = 1
2.508215000038035	EXP	trial_label_right: pos = [0.4,-0.3]
2.508215000038035	EXP	trial_label_right: size = undefined
2.508215000038035	EXP	trial_label_right: text = "l = Word"
2.508215000038035	EXP	trial_label_right: font = "Courier New"
2.508215000038035	EXP	trial_label_right: color = {"_hex":"#000000","_rgb":[0,0,0]}
2.508215000038035	EXP	trial_label_right: contrast = 1
2.508215000038035	EXP	trial_label_right: height = 0.05
2.508215000038035	EXP	trial_label_right: bold = false
2.508215000038035	EXP	trial_label_right: italic = false
2.508215000038035	EXP	trial_label_right: alignHoriz = "left"
2.508215000038035	EXP	trial_label_right: alignVert = "center"
2.508215000038035	EXP	trial_label_right: wrapWidth = 1
2.508215000038035	EXP	trial_label_right: flipHoriz = false
2.508215000038035	EXP	trial_label_right: flipVert = false
2.508215000038035	EXP	trial_label_left_new: units = "height"
2.508215000038035	EXP	trial_label_left_new: ori = 0
2.508215000038035	EXP	trial_label_left_new: opacity = 1
2.508215000038035	EXP	trial_label_left_new: pos = [-0.4,-0.3]
2.508215000038035	EXP	trial_label_left_new: size = undefined
2.508215000038035	EXP	trial_label_left_new: text = "a = Nonword"
2.508215000038035	EXP	trial_label_left_new: font = "Courier New"
2.508215000038035	EXP	trial_label_left_new: color = {"_hex":"#000000","_rgb":[0,0,0]}
2.508215000038035	EXP	trial_label_left_new: contrast = 1
2.508215000038035	EXP	trial_label_left_new: height = 0.05
2.508215000038035	EXP	trial_label_left_new: bold = false
2.508215000038035	EXP	trial_label_left_new: italic = false
2.508215000038035	EXP	trial_label_left_new: alignHoriz = "left"
2.508215000038035	EXP	trial_label_left_new: alignVert = "center"
2.508215000038035	EXP	trial_label_left_new: wrapWidth = 1
2.508215000038035	EXP	trial_label_left_new: flipHoriz = false
2.508215000038035	EXP	trial_label_left_new: flipVert = false
2.508215000038035	EXP	feedback_text: units = "height"
2.508215000038035	EXP	feedback_text: ori = 0
2.508215000038035	EXP	feedback_text: opacity = 1
2.508215000038035	EXP	feedback_text: pos = [0,0]
2.508215000038035	EXP	feedback_text: size = undefined
2.508215000038035	EXP	feedback_text: text = "default text"
2.508215000038035	EXP	feedback_text: font = "Courier New"
2.508215000038035	EXP	feedback_text: color = {"_hex":"#FFFFFF","_rgb":[1,1,1]}
2.508215000038035	EXP	feedback_text: contrast = 1
2.508215000038035	EXP	feedback_text: height = 0.05
2.508215000038035	EXP	feedback_text: bold = false
2.508215000038035	EXP	feedback_text: italic = false
2.508215000038035	EXP	feedback_text: alignHoriz = "left"
2.508215000038035	EXP	feedback_text: alignVert = "center"
2.508215000038035	EXP	feedback_text: wrapWidth = 1
2.508215000038035	EXP	feedback_text: flipHoriz = false
2.508215000038035	EXP	feedback_text: flipVert = false
2.508215000038035	EXP	button_left_2: units = "height"
2.508215000038035	EXP	button_left_2: ori = 0
2.508215000038035	EXP	button_left_2: opacity = 1
2.508215000038035	EXP	button_left_2: pos = [-0.4,-0.3]
2.508215000038035	EXP	button_left_2: size = [1,1]
2.508215000038035	EXP	button_left_2: lineWidth = 1
2.508215000038035	EXP	button_left_2: lineColor = {"_hex":"#000000","_rgb":[0,0,0]}
2.508215000038035	EXP	button_left_2: fillColor = {"_hex":"#FFFFFF","_rgb":[1,1,1]}
2.508215000038035	EXP	button_left_2: vertices = [[-0.5,0],[0,0.5],[0.5,0]]
2.508215000038035	EXP	button_left_2: closeShape = true
2.508215000038035	EXP	button_left_2: contrast = 1
2.508215000038035	EXP	button_left_2: depth = -2
2.508215000038035	EXP	button_left_2: interpolate = true
2.508215000038035	EXP	button_left_2: width = 0.4
2.508215000038035	EXP	button_left_2: vertices = [[-0.2,null],[0.2,null],[0.2,null],[-0.2,null]]
2.508215000038035	EXP	button_left_2: height = 0.2
2.508215000038035	EXP	button_left_2: vertices = [[-0.2,-0.1],[0.2,-0.1],[0.2,0.1],[-0.2,0.1]]
2.508215000038035	EXP	button_left_2: vertices = [[-0.2,-0.1],[0.2,-0.1],[0.2,0.1],[-0.2,0.1]]
2.508215000038035	EXP	button_right_2: units = "height"
2.508215000038035	EXP	button_right_2: ori = 0
2.508215000038035	EXP	button_right_2: opacity = 1
2.508215000038035	EXP	button_right_2: pos = [0.4,-0.3]
2.508215000038035	EXP	button_right_2: size = [1,1]
2.508215000038035	EXP	button_right_2: lineWidth = 1
2.508215000038035	EXP	button_right_2: lineColor = {"_hex":"#000000","_rgb":[0,0,0]}
2.508215000038035	EXP	button_right_2: fillColor = {"_hex":"#FFFFFF","_rgb":[1,1,1]}
2.508215000038035	EXP	button_right_2: vertices = [[-0.5,0],[0,0.5],[0.5,0]]
2.508215000038035	EXP	button_right_2: closeShape = true
2.508215000038035	EXP	button_right_2: contrast = 1
2.508215000038035	EXP	button_right_2: depth = -3
2.508215000038035	EXP	button_right_2: interpolate = true
2.508215000038035	EXP	button_right_2: width = 0.4
2.508215000038035	EXP	button_right_2: vertices = [[-0.2,null],[0.2,null],[0.2,null],[-0.2,null]]
2.508215000038035	EXP	button_right_2: height = 0.2
2.508215000038035	EXP	button_right_2: vertices = [[-0.2,-0.1],[0.2,-0.1],[0.2,0.1],[-0.2,0.1]]
2.508215000038035	EXP	button_right_2: vertices = [[-0.2,-0.1],[0.2,-0.1],[0.2,0.1],[-0.2,0.1]]
2.508215000038035	EXP	trial_label_left_2: units = "height"
2.508215000038035	EXP	trial_label_left_2: ori = 0
2.508215000038035	EXP	trial_label_left_2: opacity = 1
2.508215000038035	EXP	trial_label_left_2: pos = [-0.4,-0.3]
2.508215000038035	EXP	trial_label_left_2: size = undefined
2.508215000038035	EXP	trial_label_left_2: text = "a = Nonword"
2.508215000038035	EXP	trial_label_left_2: font = "Courier New"
2.508215000038035	EXP	trial_label_left_2: color = {"_hex":"#000000","_rgb":[0,0,0]}
2.508215000038035	EXP	trial_label_left_2: contrast = 1
2.508215000038035	EXP	trial_label_left_2: height = 0.05
2.508215000038035	EXP	trial_label_left_2: bold = false
2.508215000038035	EXP	trial_label_left_2: italic = false
2.508215000038035	EXP	trial_label_left_2: alignHoriz = "left"
2.508215000038035	EXP	trial_label_left_2: alignVert = "center"
2.508215000038035	EXP	trial_label_left_2: wrapWidth = 1
2.508215000038035	EXP	trial_label_left_2: flipHoriz = false
2.508215000038035	EXP	trial_label_left_2: flipVert = false
2.508215000038035	EXP	trial_label_right_2: units = "height"
2.508215000038035	EXP	trial_label_right_2: ori = 0
2.508215000038035	EXP	trial_label_right_2: opacity = 1
2.508215000038035	EXP	trial_label_right_2: pos = [0.4,-0.3]
2.508215000038035	EXP	trial_label_right_2: size = undefined
2.508215000038035	EXP	trial_label_right_2: text = "l = Word"
2.508215000038035	EXP	trial_label_right_2: font = "Courier New"
2.508215000038035	EXP	trial_label_right_2: color = {"_hex":"#000000","_rgb":[0,0,0]}
2.508215000038035	EXP	trial_label_right_2: contrast = 1
2.508215000038035	EXP	trial_label_right_2: height = 0.05
2.508215000038035	EXP	trial_label_right_2: bold = false
2.508215000038035	EXP	trial_label_right_2: italic = false
2.508215000038035	EXP	trial_label_right_2: alignHoriz = "left"
2.508215000038035	EXP	trial_label_right_2: alignVert = "center"
2.508215000038035	EXP	trial_label_right_2: wrapWidth = 1
2.508215000038035	EXP	trial_label_right_2: flipHoriz = false
2.508215000038035	EXP	trial_label_right_2: flipVert = false
2.508215000038035	EXP	break_text: units = "height"
2.508215000038035	EXP	break_text: ori = 0
2.508215000038035	EXP	break_text: opacity = 1
2.508215000038035	EXP	break_text: pos = [0,0]
2.508215000038035	EXP	break_text: size = undefined
2.508215000038035	EXP	break_text: text = "default text"
2.508215000038035	EXP	break_text: font = "Courier New"
2.508215000038035	EXP	break_text: color = {"_hex":"#000000","_rgb":[0,0,0]}
2.508215000038035	EXP	break_text: contrast = 1
2.508215000038035	EXP	break_text: height = 0.05
2.508215000038035	EXP	break_text: bold = false
2.508215000038035	EXP	break_text: italic = false
2.508215000038035	EXP	break_text: alignHoriz = "left"
2.508215000038035	EXP	break_text: alignVert = "center"
2.508215000038035	EXP	break_text: wrapWidth = 1
2.508215000038035	EXP	break_text: flipHoriz = false
2.508215000038035	EXP	break_text: flipVert = false
2.508215000038035	EXP	break_done_button: units = "height"
2.508215000038035	EXP	break_done_button: ori = 0
2.508215000038035	EXP	break_done_button: opacity = 1
2.508215000038035	EXP	break_done_button: pos = [0,-0.4]
2.508215000038035	EXP	break_done_button: size = [1,1]
2.508215000038035	EXP	break_done_button: lineWidth = 1
2.508215000038035	EXP	break_done_button: lineColor = {"_hex":"#000000","_rgb":[0,0,0]}
2.508215000038035	EXP	break_done_button: fillColor = {"_hex":"#FFFFFF","_rgb":[1,1,1]}
2.508215000038035	EXP	break_done_button: vertices = [[-0.5,0],[0,0.5],[0.5,0]]
2.508215000038035	EXP	break_done_button: closeShape = true
2.508215000038035	EXP	break_done_button: contrast = 1
2.508215000038035	EXP	break_done_button: depth = -4
2.508215000038035	EXP	break_done_button: interpolate = true
2.508215000038035	EXP	break_done_button: width = 0.4
2.508215000038035	EXP	break_done_button: vertices = [[-0.2,null],[0.2,null],[0.2,null],[-0.2,null]]
2.508215000038035	EXP	break_done_button: height = 0.1
2.508215000038035	EXP	break_done_button: vertices = [[-0.2,-0.05],[0.2,-0.05],[0.2,0.05],[-0.2,0.05]]
2.508215000038035	EXP	break_done_button: vertices = [[-0.2,-0.05],[0.2,-0.05],[0.2,0.05],[-0.2,0.05]]
2.508215000038035	EXP	break_done_button_label: units = "height"
2.508215000038035	EXP	break_done_button_label: ori = 0
2.508215000038035	EXP	break_done_button_label: opacity = 1
2.508215000038035	EXP	break_done_button_label: pos = [0,-0.4]
2.508215000038035	EXP	break_done_button_label: size = undefined
2.508215000038035	EXP	break_done_button_label: text = "Continue"
2.508215000038035	EXP	break_done_button_label: font = "Courier New"
2.508215000038035	EXP	break_done_button_label: color = {"_hex":"#000000","_rgb":[0,0,0]}
2.508215000038035	EXP	break_done_button_label: contrast = 1
2.508215000038035	EXP	break_done_button_label: height = 0.05
2.508215000038035	EXP	break_done_button_label: bold = false
2.508215000038035	EXP	break_done_button_label: italic = false
2.508215000038035	EXP	break_done_button_label: alignHoriz = "left"
2.508215000038035	EXP	break_done_button_label: alignVert = "center"
2.508215000038035	EXP	break_done_button_label: wrapWidth = 1
2.508215000038035	EXP	break_done_button_label: flipHoriz = false
2.508215000038035	EXP	break_done_button_label: flipVert = false
2.508215000038035	EXP	thank_you: units = "height"
2.508215000038035	EXP	thank_you: ori = 0
2.508215000038035	EXP	thank_you: opacity = 1
2.508215000038035	EXP	thank_you: pos = [0,0]
2.508215000038035	EXP	thank_you: size = undefined
2.508215000038035	EXP	thank_you: text = "This is the end of the experiment.\n\nPlease do not close this window until you have been redirected to the debriefing page. \n\nYou must go to the debriefing page in order to receive your participation credit."
2.508215000038035	EXP	thank_you: font = "Courier New"
2.508215000038035	EXP	thank_you: color = {"_hex":"#000000","_rgb":[0,0,0]}
2.508215000038035	EXP	thank_you: contrast = 1
2.508215000038035	EXP	thank_you: height = 1
2.508215000038035	EXP	thank_you: bold = false
2.508215000038035	EXP	thank_you: italic = false
2.508215000038035	EXP	thank_you: alignHoriz = "left"
2.508215000038035	EXP	thank_you: alignVert = "center"
2.508215000038035	EXP	thank_you: wrapWidth = 1
2.508215000038035	EXP	thank_you: flipHoriz = false
2.508215000038035	EXP	thank_you: flipVert = false
2.508215000038035	EXP	instructions: text = "INSTRUCTIONS\r\nAt the start of each trial, look at the hash marks (######) in the center of the screen. After a moment, a string of letters will appear. Your task is to indicate if the letter string forms a word or not (i.e., if it is a nonword). For example, AUTHOR is a word while AUTHON is a nonword.\r\n\r\nPress the space bar or click the button below to continue."
2.508215000038035	EXP	instructions: autoDraw = true
2.508215000038035	EXP	instr_done_button: autoDraw = true
2.508215000038035	EXP	instr_done_label: autoDraw = true
3.75380500004394	DATA	Mouse: 0 button down, pos=(922,1002)
3.765960000047926	EXP	instructions: autoDraw = false
3.765960000047926	EXP	instr_done_button: autoDraw = false
3.765960000047926	EXP	instr_done_label: autoDraw = false
3.765960000047926	EXP	instructions: text = "If your device has a keyboard, press the 'a' key for nonwords and the 'l' key for words. If your device does not have a keyboard, touch the left button on the screen for nonwords and the right button for words. Do not use the mouse as this will slow down your response. \r\n\r\nPress the space bar or click the button below to continue."
3.765960000047926	EXP	instructions: autoDraw = true
3.765960000047926	EXP	instr_done_button: autoDraw = true
3.765960000047926	EXP	instr_done_label: autoDraw = true
3.8199700000113808	DATA	Mouse: 0 button down, pos=(922,1002)
4.854380000033416	DATA	Mouse: 0 button down, pos=(925,973)
4.865225000015926	EXP	instructions: autoDraw = false
4.865225000015926	EXP	instr_done_button: autoDraw = false
4.865225000015926	EXP	instr_done_label: autoDraw = false
4.865225000015926	EXP	instructions: text = "It is very important that you respond as quickly and accurately as possible, as each letter string will only be on the screen for two seconds. If you do not respond within this time, the message 'Too slow!' will be displayed and the experiment will progress to the next letter string. The first 20 trials will be practice trials and you will receive feedback on your answers. \r\n\r\nPress the space bar or touch the button below to start the practice trials."
4.865225000015926	EXP	instructions: autoDraw = true
4.865225000015926	EXP	instr_done_button: autoDraw = true
4.865225000015926	EXP	instr_done_label: autoDraw = true
4.964945000014268	DATA	Mouse: 0 button down, pos=(925,973)
5.723040000011679	DATA	Mouse: 0 button down, pos=(925,973)
5.862810000020545	EXP	instructions: autoDraw = false
5.862810000020545	EXP	instr_done_button: autoDraw = false
5.862810000020545	EXP	instr_done_label: autoDraw = false
5.862810000020545	EXP	prime_text: text = "almond"
5.862810000020545	EXP	target: text = "ALMOND"
5.862810000020545	EXP	target: font = "Courier New"
5.862810000020545	EXP	fixation_mask: autoDraw = true
5.862810000020545	EXP	button_left: autoDraw = true
5.862810000020545	EXP	button_right: autoDraw = true
5.862810000020545	EXP	trial_label_right: autoDraw = true
5.862810000020545	EXP	trial_label_left_new: autoDraw = true
5.915960000013001	DATA	Mouse: 0 button down, pos=(925,973)
6.344755000027362	EXP	fixation_mask: autoDraw = false
6.366615000006277	EXP	prime_text: autoDraw = true
6.394725000020117	EXP	prime_text: autoDraw = false
6.41583500005072	EXP	target: autoDraw = true
8.401520000013988	EXP	target: autoDraw = false
8.401520000013988	EXP	button_left: autoDraw = false
8.401520000013988	EXP	button_right: autoDraw = false
8.401520000013988	EXP	trial_label_right: autoDraw = false
8.401520000013988	EXP	trial_label_left_new: autoDraw = false
8.401520000013988	EXP	fixation_mask: autoDraw = false
8.401520000013988	EXP	prime_text: autoDraw = false
8.401520000013988	EXP	target: autoDraw = false
8.401520000013988	EXP	button_left: autoDraw = false
8.401520000013988	EXP	button_right: autoDraw = false
8.401520000013988	EXP	trial_label_right: autoDraw = false
8.401520000013988	EXP	trial_label_left_new: autoDraw = false
8.401520000013988	EXP	feedback_text: color = {"_hex":"#000000","_rgb":[0,0,0]}
8.401520000013988	EXP	feedback_text: text = "Too slow!"
8.401520000013988	EXP	feedback_text: autoDraw = true
8.401520000013988	EXP	button_left_2: autoDraw = true
8.401520000013988	EXP	button_right_2: autoDraw = true
8.401520000013988	EXP	trial_label_left_2: autoDraw = true
8.401520000013988	EXP	trial_label_right_2: autoDraw = true
8.899415000050794	EXP	feedback_text: autoDraw = false
8.899415000050794	EXP	button_left_2: autoDraw = false
8.899415000050794	EXP	button_right_2: autoDraw = false
8.899415000050794	EXP	trial_label_left_2: autoDraw = false
8.899415000050794	EXP	trial_label_right_2: autoDraw = false
8.899415000050794	EXP	feedback_text: autoDraw = false
8.899415000050794	EXP	button_left_2: autoDraw = false
8.899415000050794	EXP	button_right_2: autoDraw = false
8.899415000050794	EXP	trial_label_left_2: autoDraw = false
8.899415000050794	EXP	trial_label_right_2: autoDraw = false
8.899415000050794	EXP	prime_text: text = "tropic"
8.899415000050794	EXP	target: text = "ZOMBIE"
8.899415000050794	EXP	target: font = "Courier New"
8.899415000050794	EXP	fixation_mask: autoDraw = true
8.899415000050794	EXP	button_left: autoDraw = true
8.899415000050794	EXP	button_right: autoDraw = true
8.899415000050794	EXP	trial_label_right: autoDraw = true
8.899415000050794	EXP	trial_label_left_new: autoDraw = true
9.398265000025276	EXP	fixation_mask: autoDraw = false
9.415300000051502	EXP	prime_text: autoDraw = true
9.449890000047162	EXP	prime_text: autoDraw = false
9.466685000050347	EXP	target: autoDraw = true
11.450695000006817	EXP	target: autoDraw = false
11.450695000006817	EXP	button_left: autoDraw = false
11.450695000006817	EXP	button_right: autoDraw = false
11.450695000006817	EXP	trial_label_right: autoDraw = false
11.450695000006817	EXP	trial_label_left_new: autoDraw = false
11.450695000006817	EXP	fixation_mask: autoDraw = false
11.450695000006817	EXP	prime_text: autoDraw = false
11.450695000006817	EXP	target: autoDraw = false
11.450695000006817	EXP	button_left: autoDraw = false
11.450695000006817	EXP	button_right: autoDraw = false
11.450695000006817	EXP	trial_label_right: autoDraw = false
11.450695000006817	EXP	trial_label_left_new: autoDraw = false
11.450695000006817	EXP	feedback_text: color = {"_hex":"#000000","_rgb":[0,0,0]}
11.450695000006817	EXP	feedback_text: text = "Too slow!"
11.450695000006817	EXP	feedback_text: autoDraw = true
11.450695000006817	EXP	button_left_2: autoDraw = true
11.450695000006817	EXP	button_right_2: autoDraw = true
11.450695000006817	EXP	trial_label_left_2: autoDraw = true
11.450695000006817	EXP	trial_label_right_2: autoDraw = true
11.948595000023488	EXP	feedback_text: autoDraw = false
11.948595000023488	EXP	button_left_2: autoDraw = false
11.948595000023488	EXP	button_right_2: autoDraw = false
11.948595000023488	EXP	trial_label_left_2: autoDraw = false
11.948595000023488	EXP	trial_label_right_2: autoDraw = false
11.948595000023488	EXP	feedback_text: autoDraw = false
11.948595000023488	EXP	button_left_2: autoDraw = false
11.948595000023488	EXP	button_right_2: autoDraw = false
11.948595000023488	EXP	trial_label_left_2: autoDraw = false
11.948595000023488	EXP	trial_label_right_2: autoDraw = false
11.948595000023488	EXP	prime_text: text = "rashet"
11.948595000023488	EXP	target: text = "RASHET"
11.948595000023488	EXP	target: font = "Courier New"
11.948595000023488	EXP	fixation_mask: autoDraw = true
11.948595000023488	EXP	button_left: autoDraw = true
11.948595000023488	EXP	button_right: autoDraw = true
11.948595000023488	EXP	trial_label_right: autoDraw = true
11.948595000023488	EXP	trial_label_left_new: autoDraw = true
12.449880000029225	EXP	fixation_mask: autoDraw = false
12.449880000029225	EXP	prime_text: autoDraw = true
12.500215000007302	EXP	prime_text: autoDraw = false
12.500215000007302	EXP	target: autoDraw = true
13.31975500000408	DATA	Keydown: Escape
13.49473500001477	DATA	Keydown: Escape
