0.0981500000343658	EXP	Created Window = Window( name=Window, fullscr=true, color=#ffffff, units=height, waitBlanking=true, autoLog=true, size=[1920,1013] )
1.400275000021793	EXP	Created instructions = TextStim( name=instructions, win=Window( name=Window, fullscr=true, color=#ffffff, ~), autoDraw=null, autoLog=true, units=height, ori=null, opacity=1, pos=[0,0], size=undefined, text=default text, font=Courier New, color=#000000, contrast=1, height=0.035, bold=null, italic=null, alignHoriz=left, alignVert=center, wrapWidth=1, flipHoriz=null, flipVert=null )
1.4038750000181608	EXP	Created instr_done_button = Rect( name=instr_done_button, win=Window( name=Window, fullscr=true, color=#ffffff, ~), autoDraw=null, autoLog=true, units=height, ori=null, opacity=1, pos=[0,-0.4], size=[1,1], lineWidth=1, lineColor=#000000, fillColor=#FFFFFF, vertices=[[-0.2,-0.05],[0.2,-0.05],[0.2,0.05],[-0.2,0.05]], closeShape=true, contrast=1, depth=-2, interpolate=true, width=0.4, height=0.1 )
1.4046800000360236	EXP	Created instr_done_label = TextStim( name=instr_done_label, win=Window( name=Window, fullscr=true, color=#ffffff, ~), autoDraw=null, autoLog=true, units=height, ori=null, opacity=1, pos=[0,-0.4], size=undefined, text=Continue, font=Courier New, color=#000000, contrast=1, height=0.05, bold=null, italic=null, alignHoriz=left, alignVert=center, wrapWidth=1, flipHoriz=null, flipVert=null )
1.4066250000032596	EXP	Created fixation_mask = TextStim( name=fixation_mask, win=Window( name=Window, fullscr=true, color=#ffffff, ~), autoDraw=null, autoLog=true, units=height, ori=null, opacity=1, pos=[0,0], size=undefined, text=######, font=Courier New, color=#000000, contrast=1, height=0.1, bold=null, italic=null, alignHoriz=left, alignVert=center, wrapWidth=1, flipHoriz=null, flipVert=null )
1.4072400000295602	EXP	Created prime_text = TextStim( name=prime_text, win=Window( name=Window, fullscr=true, color=#ffffff, ~), autoDraw=null, autoLog=true, units=height, ori=null, opacity=1, pos=[0,0], size=undefined, text=default text, font=Courier New, color=#000000, contrast=1, height=0.1, bold=null, italic=null, alignHoriz=left, alignVert=center, wrapWidth=1, flipHoriz=null, flipVert=null )
1.4078699999954551	EXP	Created target = TextStim( name=target, win=Window( name=Window, fullscr=true, color=#ffffff, ~), autoDraw=null, autoLog=true, units=height, ori=null, opacity=1, pos=[0,0], size=undefined, text=default text, font=Arial, color=#000000, contrast=1, height=0.1, bold=null, italic=null, alignHoriz=left, alignVert=center, wrapWidth=1, flipHoriz=null, flipVert=null )
1.4104850000003353	EXP	Created button_left = Rect( name=button_left, win=Window( name=Window, fullscr=true, color=#ffffff, ~), autoDraw=null, autoLog=true, units=height, ori=null, opacity=1, pos=[-0.4,-0.3], size=[1,1], lineWidth=1, lineColor=#000000, fillColor=#FFFFFF, vertices=[[-0.2,-0.1],[0.2,-0.1],[0.2,0.1],[-0.2,0.1]], closeShape=true, contrast=1, depth=-5, interpolate=true, width=0.4, height=0.2 )
1.4136100000469014	EXP	Created button_right = Rect( name=button_right, win=Window( name=Window, fullscr=true, color=#ffffff, ~), autoDraw=null, autoLog=true, units=height, ori=null, opacity=1, pos=[0.4,-0.3], size=[1,1], lineWidth=1, lineColor=#000000, fillColor=#FFFFFF, vertices=[[-0.2,-0.1],[0.2,-0.1],[0.2,0.1],[-0.2,0.1]], closeShape=true, contrast=1, depth=-6, interpolate=true, width=0.4, height=0.2 )
1.4143800000310875	EXP	Created trial_label_right = TextStim( name=trial_label_right, win=Window( name=Window, fullscr=true, color=#ffffff, ~), autoDraw=null, autoLog=true, units=height, ori=null, opacity=1, pos=[0.4,-0.3], size=undefined, text=l = Word, font=Courier New, color=#000000, contrast=1, height=0.05, bold=null, italic=null, alignHoriz=left, alignVert=center, wrapWidth=1, flipHoriz=null, flipVert=null )
1.415065000008326	EXP	Created trial_label_left_new = TextStim( name=trial_label_left_new, win=Window( name=Window, fullscr=true, color=#ffffff, ~), autoDraw=null, autoLog=true, units=height, ori=null, opacity=1, pos=[-0.4,-0.3], size=undefined, text=a = Nonword, font=Courier New, color=#000000, contrast=1, height=0.05, bold=null, italic=null, alignHoriz=left, alignVert=center, wrapWidth=1, flipHoriz=null, flipVert=null )
1.415610000025481	EXP	Created feedback_text = TextStim( name=feedback_text, win=Window( name=Window, fullscr=true, color=#ffffff, ~), autoDraw=null, autoLog=true, units=height, ori=null, opacity=1, pos=[0,0], size=undefined, text=default text, font=Courier New, color=#FFFFFF, contrast=1, height=0.05, bold=null, italic=null, alignHoriz=left, alignVert=center, wrapWidth=1, flipHoriz=null, flipVert=null )
1.4176399999996647	EXP	Created button_left_2 = Rect( name=button_left_2, win=Window( name=Window, fullscr=true, color=#ffffff, ~), autoDraw=null, autoLog=true, units=height, ori=null, opacity=1, pos=[-0.4,-0.3], size=[1,1], lineWidth=1, lineColor=#000000, fillColor=#FFFFFF, vertices=[[-0.2,-0.1],[0.2,-0.1],[0.2,0.1],[-0.2,0.1]], closeShape=true, contrast=1, depth=-2, interpolate=true, width=0.4, height=0.2 )
1.419655000034254	EXP	Created button_right_2 = Rect( name=button_right_2, win=Window( name=Window, fullscr=true, color=#ffffff, ~), autoDraw=null, autoLog=true, units=height, ori=null, opacity=1, pos=[0.4,-0.3], size=[1,1], lineWidth=1, lineColor=#000000, fillColor=#FFFFFF, vertices=[[-0.2,-0.1],[0.2,-0.1],[0.2,0.1],[-0.2,0.1]], closeShape=true, contrast=1, depth=-3, interpolate=true, width=0.4, height=0.2 )
1.4201950000133365	EXP	Created trial_label_left_2 = TextStim( name=trial_label_left_2, win=Window( name=Window, fullscr=true, color=#ffffff, ~), autoDraw=null, autoLog=true, units=height, ori=null, opacity=1, pos=[-0.4,-0.3], size=undefined, text=a = Nonword, font=Courier New, color=#000000, contrast=1, height=0.05, bold=null, italic=null, alignHoriz=left, alignVert=center, wrapWidth=1, flipHoriz=null, flipVert=null )
1.4206150000100024	EXP	Created trial_label_right_2 = TextStim( name=trial_label_right_2, win=Window( name=Window, fullscr=true, color=#ffffff, ~), autoDraw=null, autoLog=true, units=height, ori=null, opacity=1, pos=[0.4,-0.3], size=undefined, text=l = Word, font=Courier New, color=#000000, contrast=1, height=0.05, bold=null, italic=null, alignHoriz=left, alignVert=center, wrapWidth=1, flipHoriz=null, flipVert=null )
1.4210000000311993	EXP	Created instructions = TextStim( name=instructions, win=Window( name=Window, fullscr=true, color=#ffffff, ~), autoDraw=null, autoLog=true, units=height, ori=null, opacity=1, pos=[0,0], size=undefined, text=default text, font=Courier New, color=#000000, contrast=1, height=0.035, bold=null, italic=null, alignHoriz=left, alignVert=center, wrapWidth=1, flipHoriz=null, flipVert=null )
1.4224750000284985	EXP	Created instr_done_button = Rect( name=instr_done_button, win=Window( name=Window, fullscr=true, color=#ffffff, ~), autoDraw=null, autoLog=true, units=height, ori=null, opacity=1, pos=[0,-0.4], size=[1,1], lineWidth=1, lineColor=#000000, fillColor=#FFFFFF, vertices=[[-0.2,-0.05],[0.2,-0.05],[0.2,0.05],[-0.2,0.05]], closeShape=true, contrast=1, depth=-2, interpolate=true, width=0.4, height=0.1 )
1.4231150000123307	EXP	Created instr_done_label = TextStim( name=instr_done_label, win=Window( name=Window, fullscr=true, color=#ffffff, ~), autoDraw=null, autoLog=true, units=height, ori=null, opacity=1, pos=[0,-0.4], size=undefined, text=Continue, font=Courier New, color=#000000, contrast=1, height=0.05, bold=null, italic=null, alignHoriz=left, alignVert=center, wrapWidth=1, flipHoriz=null, flipVert=null )
1.423830000043381	EXP	Created fixation_mask = TextStim( name=fixation_mask, win=Window( name=Window, fullscr=true, color=#ffffff, ~), autoDraw=null, autoLog=true, units=height, ori=null, opacity=1, pos=[0,0], size=undefined, text=######, font=Courier New, color=#000000, contrast=1, height=0.1, bold=null, italic=null, alignHoriz=left, alignVert=center, wrapWidth=1, flipHoriz=null, flipVert=null )
1.4242599999997765	EXP	Created prime_text = TextStim( name=prime_text, win=Window( name=Window, fullscr=true, color=#ffffff, ~), autoDraw=null, autoLog=true, units=height, ori=null, opacity=1, pos=[0,0], size=undefined, text=default text, font=Courier New, color=#000000, contrast=1, height=0.1, bold=null, italic=null, alignHoriz=left, alignVert=center, wrapWidth=1, flipHoriz=null, flipVert=null )
1.4247350000077859	EXP	Created target = TextStim( name=target, win=Window( name=Window, fullscr=true, color=#ffffff, ~), autoDraw=null, autoLog=true, units=height, ori=null, opacity=1, pos=[0,0], size=undefined, text=default text, font=Arial, color=#000000, contrast=1, height=0.1, bold=null, italic=null, alignHoriz=left, alignVert=center, wrapWidth=1, flipHoriz=null, flipVert=null )
1.428070000023581	EXP	Created button_left = Rect( name=button_left, win=Window( name=Window, fullscr=true, color=#ffffff, ~), autoDraw=null, autoLog=true, units=height, ori=null, opacity=1, pos=[-0.4,-0.3], size=[1,1], lineWidth=1, lineColor=#000000, fillColor=#FFFFFF, vertices=[[-0.2,-0.1],[0.2,-0.1],[0.2,0.1],[-0.2,0.1]], closeShape=true, contrast=1, depth=-5, interpolate=true, width=0.4, height=0.2 )
1.4302449999959208	EXP	Created button_right = Rect( name=button_right, win=Window( name=Window, fullscr=true, color=#ffffff, ~), autoDraw=null, autoLog=true, units=height, ori=null, opacity=1, pos=[0.4,-0.3], size=[1,1], lineWidth=1, lineColor=#000000, fillColor=#FFFFFF, vertices=[[-0.2,-0.1],[0.2,-0.1],[0.2,0.1],[-0.2,0.1]], closeShape=true, contrast=1, depth=-6, interpolate=true, width=0.4, height=0.2 )
1.4306800000485964	EXP	Created trial_label_right = TextStim( name=trial_label_right, win=Window( name=Window, fullscr=true, color=#ffffff, ~), autoDraw=null, autoLog=true, units=height, ori=null, opacity=1, pos=[0.4,-0.3], size=undefined, text=l = Word, font=Courier New, color=#000000, contrast=1, height=0.05, bold=null, italic=null, alignHoriz=left, alignVert=center, wrapWidth=1, flipHoriz=null, flipVert=null )
1.431110000004992	EXP	Created trial_label_left_new = TextStim( name=trial_label_left_new, win=Window( name=Window, fullscr=true, color=#ffffff, ~), autoDraw=null, autoLog=true, units=height, ori=null, opacity=1, pos=[-0.4,-0.3], size=undefined, text=a = Nonword, font=Courier New, color=#000000, contrast=1, height=0.05, bold=null, italic=null, alignHoriz=left, alignVert=center, wrapWidth=1, flipHoriz=null, flipVert=null )
1.43144499999471	EXP	Created feedback_text = TextStim( name=feedback_text, win=Window( name=Window, fullscr=true, color=#ffffff, ~), autoDraw=null, autoLog=true, units=height, ori=null, opacity=1, pos=[0,0], size=undefined, text=default text, font=Courier New, color=#FFFFFF, contrast=1, height=0.05, bold=null, italic=null, alignHoriz=left, alignVert=center, wrapWidth=1, flipHoriz=null, flipVert=null )
1.4330000000190921	EXP	Created button_left_2 = Rect( name=button_left_2, win=Window( name=Window, fullscr=true, color=#ffffff, ~), autoDraw=null, autoLog=true, units=height, ori=null, opacity=1, pos=[-0.4,-0.3], size=[1,1], lineWidth=1, lineColor=#000000, fillColor=#FFFFFF, vertices=[[-0.2,-0.1],[0.2,-0.1],[0.2,0.1],[-0.2,0.1]], closeShape=true, contrast=1, depth=-2, interpolate=true, width=0.4, height=0.2 )
1.4344100000453182	EXP	Created button_right_2 = Rect( name=button_right_2, win=Window( name=Window, fullscr=true, color=#ffffff, ~), autoDraw=null, autoLog=true, units=height, ori=null, opacity=1, pos=[0.4,-0.3], size=[1,1], lineWidth=1, lineColor=#000000, fillColor=#FFFFFF, vertices=[[-0.2,-0.1],[0.2,-0.1],[0.2,0.1],[-0.2,0.1]], closeShape=true, contrast=1, depth=-3, interpolate=true, width=0.4, height=0.2 )
1.4347700000507757	EXP	Created trial_label_left_2 = TextStim( name=trial_label_left_2, win=Window( name=Window, fullscr=true, color=#ffffff, ~), autoDraw=null, autoLog=true, units=height, ori=null, opacity=1, pos=[-0.4,-0.3], size=undefined, text=a = Nonword, font=Courier New, color=#000000, contrast=1, height=0.05, bold=null, italic=null, alignHoriz=left, alignVert=center, wrapWidth=1, flipHoriz=null, flipVert=null )
1.4352450000005774	EXP	Created trial_label_right_2 = TextStim( name=trial_label_right_2, win=Window( name=Window, fullscr=true, color=#ffffff, ~), autoDraw=null, autoLog=true, units=height, ori=null, opacity=1, pos=[0.4,-0.3], size=undefined, text=l = Word, font=Courier New, color=#000000, contrast=1, height=0.05, bold=null, italic=null, alignHoriz=left, alignVert=center, wrapWidth=1, flipHoriz=null, flipVert=null )
1.4357100000488572	EXP	Created break_text = TextStim( name=break_text, win=Window( name=Window, fullscr=true, color=#ffffff, ~), autoDraw=null, autoLog=true, units=height, ori=null, opacity=1, pos=[0,0], size=undefined, text=default text, font=Courier New, color=#000000, contrast=1, height=0.05, bold=null, italic=null, alignHoriz=left, alignVert=center, wrapWidth=1, flipHoriz=null, flipVert=null )
1.4378100000321865	EXP	Created break_done_button = Rect( name=break_done_button, win=Window( name=Window, fullscr=true, color=#ffffff, ~), autoDraw=null, autoLog=true, units=height, ori=null, opacity=1, pos=[0,-0.4], size=[1,1], lineWidth=1, lineColor=#000000, fillColor=#FFFFFF, vertices=[[-0.2,-0.05],[0.2,-0.05],[0.2,0.05],[-0.2,0.05]], closeShape=true, contrast=1, depth=-4, interpolate=true, width=0.4, height=0.1 )
1.4386999999987893	EXP	Created break_done_button_label = TextStim( name=break_done_button_label, win=Window( name=Window, fullscr=true, color=#ffffff, ~), autoDraw=null, autoLog=true, units=height, ori=null, opacity=1, pos=[0,-0.4], size=undefined, text=Continue, font=Courier New, color=#000000, contrast=1, height=0.05, bold=null, italic=null, alignHoriz=left, alignVert=center, wrapWidth=1, flipHoriz=null, flipVert=null )
1.4393950000521727	EXP	Created thank_you = TextStim( name=thank_you, win=Window( name=Window, fullscr=true, color=#ffffff, ~), autoDraw=null, autoLog=true, units=height, ori=null, opacity=1, pos=[0,0], size=undefined, text=This is the end of the experiment.

Please do not ~, font=Courier New, color=#000000, contrast=1, height=1, bold=null, italic=null, alignHoriz=left, alignVert=center, wrapWidth=1, flipHoriz=null, flipVert=null )
1.5332000000053085	EXP	instructions: units = "height"
1.5332000000053085	EXP	instructions: ori = 0
1.5332000000053085	EXP	instructions: opacity = 1
1.5332000000053085	EXP	instructions: pos = [0,0]
1.5332000000053085	EXP	instructions: size = undefined
1.5332000000053085	EXP	instructions: text = "default text"
1.5332000000053085	EXP	instructions: font = "Courier New"
1.5332000000053085	EXP	instructions: color = {"_hex":"#000000","_rgb":[0,0,0]}
1.5332000000053085	EXP	instructions: contrast = 1
1.5332000000053085	EXP	instructions: height = 0.035
1.5332000000053085	EXP	instructions: bold = false
1.5332000000053085	EXP	instructions: italic = false
1.5332000000053085	EXP	instructions: alignHoriz = "left"
1.5332000000053085	EXP	instructions: alignVert = "center"
1.5332000000053085	EXP	instructions: wrapWidth = 1
1.5332000000053085	EXP	instructions: flipHoriz = false
1.5332000000053085	EXP	instructions: flipVert = false
1.5332000000053085	EXP	instr_done_button: units = "height"
1.5332000000053085	EXP	instr_done_button: ori = 0
1.5332000000053085	EXP	instr_done_button: opacity = 1
1.5332000000053085	EXP	instr_done_button: pos = [0,-0.4]
1.5332000000053085	EXP	instr_done_button: size = [1,1]
1.5332000000053085	EXP	instr_done_button: lineWidth = 1
1.5332000000053085	EXP	instr_done_button: lineColor = {"_hex":"#000000","_rgb":[0,0,0]}
1.5332000000053085	EXP	instr_done_button: fillColor = {"_hex":"#FFFFFF","_rgb":[1,1,1]}
1.5332000000053085	EXP	instr_done_button: vertices = [[-0.5,0],[0,0.5],[0.5,0]]
1.5332000000053085	EXP	instr_done_button: closeShape = true
1.5332000000053085	EXP	instr_done_button: contrast = 1
1.5332000000053085	EXP	instr_done_button: depth = -2
1.5332000000053085	EXP	instr_done_button: interpolate = true
1.5332000000053085	EXP	instr_done_button: width = 0.4
1.5332000000053085	EXP	instr_done_button: vertices = [[-0.2,null],[0.2,null],[0.2,null],[-0.2,null]]
1.5332000000053085	EXP	instr_done_button: height = 0.1
1.5332000000053085	EXP	instr_done_button: vertices = [[-0.2,-0.05],[0.2,-0.05],[0.2,0.05],[-0.2,0.05]]
1.5332000000053085	EXP	instr_done_button: vertices = [[-0.2,-0.05],[0.2,-0.05],[0.2,0.05],[-0.2,0.05]]
1.5332000000053085	EXP	instr_done_label: units = "height"
1.5332000000053085	EXP	instr_done_label: ori = 0
1.5332000000053085	EXP	instr_done_label: opacity = 1
1.5332000000053085	EXP	instr_done_label: pos = [0,-0.4]
1.5332000000053085	EXP	instr_done_label: size = undefined
1.5332000000053085	EXP	instr_done_label: text = "Continue"
1.5332000000053085	EXP	instr_done_label: font = "Courier New"
1.5332000000053085	EXP	instr_done_label: color = {"_hex":"#000000","_rgb":[0,0,0]}
1.5332000000053085	EXP	instr_done_label: contrast = 1
1.5332000000053085	EXP	instr_done_label: height = 0.05
1.5332000000053085	EXP	instr_done_label: bold = false
1.5332000000053085	EXP	instr_done_label: italic = false
1.5332000000053085	EXP	instr_done_label: alignHoriz = "left"
1.5332000000053085	EXP	instr_done_label: alignVert = "center"
1.5332000000053085	EXP	instr_done_label: wrapWidth = 1
1.5332000000053085	EXP	instr_done_label: flipHoriz = false
1.5332000000053085	EXP	instr_done_label: flipVert = false
1.5332000000053085	EXP	fixation_mask: units = "height"
1.5332000000053085	EXP	fixation_mask: ori = 0
1.5332000000053085	EXP	fixation_mask: opacity = 1
1.5332000000053085	EXP	fixation_mask: pos = [0,0]
1.5332000000053085	EXP	fixation_mask: size = undefined
1.5332000000053085	EXP	fixation_mask: text = "######"
1.5332000000053085	EXP	fixation_mask: font = "Courier New"
1.5332000000053085	EXP	fixation_mask: color = {"_hex":"#000000","_rgb":[0,0,0]}
1.5332000000053085	EXP	fixation_mask: contrast = 1
1.5332000000053085	EXP	fixation_mask: height = 0.1
1.5332000000053085	EXP	fixation_mask: bold = false
1.5332000000053085	EXP	fixation_mask: italic = false
1.5332000000053085	EXP	fixation_mask: alignHoriz = "left"
1.5332000000053085	EXP	fixation_mask: alignVert = "center"
1.5332000000053085	EXP	fixation_mask: wrapWidth = 1
1.5332000000053085	EXP	fixation_mask: flipHoriz = false
1.5332000000053085	EXP	fixation_mask: flipVert = false
1.5332000000053085	EXP	prime_text: units = "height"
1.5332000000053085	EXP	prime_text: ori = 0
1.5332000000053085	EXP	prime_text: opacity = 1
1.5332000000053085	EXP	prime_text: pos = [0,0]
1.5332000000053085	EXP	prime_text: size = undefined
1.5332000000053085	EXP	prime_text: text = "default text"
1.5332000000053085	EXP	prime_text: font = "Courier New"
1.5332000000053085	EXP	prime_text: color = {"_hex":"#000000","_rgb":[0,0,0]}
1.5332000000053085	EXP	prime_text: contrast = 1
1.5332000000053085	EXP	prime_text: height = 0.1
1.5332000000053085	EXP	prime_text: bold = false
1.5332000000053085	EXP	prime_text: italic = false
1.5332000000053085	EXP	prime_text: alignHoriz = "left"
1.5332000000053085	EXP	prime_text: alignVert = "center"
1.5332000000053085	EXP	prime_text: wrapWidth = 1
1.5332000000053085	EXP	prime_text: flipHoriz = false
1.5332000000053085	EXP	prime_text: flipVert = false
1.5332000000053085	EXP	target: units = "height"
1.5332000000053085	EXP	target: ori = 0
1.5332000000053085	EXP	target: opacity = 1
1.5332000000053085	EXP	target: pos = [0,0]
1.5332000000053085	EXP	target: size = undefined
1.5332000000053085	EXP	target: text = "default text"
1.5332000000053085	EXP	target: font = "Arial"
1.5332000000053085	EXP	target: color = {"_hex":"#000000","_rgb":[0,0,0]}
1.5332000000053085	EXP	target: contrast = 1
1.5332000000053085	EXP	target: height = 0.1
1.5332000000053085	EXP	target: bold = false
1.5332000000053085	EXP	target: italic = false
1.5332000000053085	EXP	target: alignHoriz = "left"
1.5332000000053085	EXP	target: alignVert = "center"
1.5332000000053085	EXP	target: wrapWidth = 1
1.5332000000053085	EXP	target: flipHoriz = false
1.5332000000053085	EXP	target: flipVert = false
1.5332000000053085	EXP	button_left: units = "height"
1.5332000000053085	EXP	button_left: ori = 0
1.5332000000053085	EXP	button_left: opacity = 1
1.5332000000053085	EXP	button_left: pos = [-0.4,-0.3]
1.5332000000053085	EXP	button_left: size = [1,1]
1.5332000000053085	EXP	button_left: lineWidth = 1
1.5332000000053085	EXP	button_left: lineColor = {"_hex":"#000000","_rgb":[0,0,0]}
1.5332000000053085	EXP	button_left: fillColor = {"_hex":"#FFFFFF","_rgb":[1,1,1]}
1.5332000000053085	EXP	button_left: vertices = [[-0.5,0],[0,0.5],[0.5,0]]
1.5332000000053085	EXP	button_left: closeShape = true
1.5332000000053085	EXP	button_left: contrast = 1
1.5332000000053085	EXP	button_left: depth = -5
1.5332000000053085	EXP	button_left: interpolate = true
1.5332000000053085	EXP	button_left: width = 0.4
1.5332000000053085	EXP	button_left: vertices = [[-0.2,null],[0.2,null],[0.2,null],[-0.2,null]]
1.5332000000053085	EXP	button_left: height = 0.2
1.5332000000053085	EXP	button_left: vertices = [[-0.2,-0.1],[0.2,-0.1],[0.2,0.1],[-0.2,0.1]]
1.5332000000053085	EXP	button_left: vertices = [[-0.2,-0.1],[0.2,-0.1],[0.2,0.1],[-0.2,0.1]]
1.5332000000053085	EXP	button_right: units = "height"
1.5332000000053085	EXP	button_right: ori = 0
1.5332000000053085	EXP	button_right: opacity = 1
1.5332000000053085	EXP	button_right: pos = [0.4,-0.3]
1.5332000000053085	EXP	button_right: size = [1,1]
1.5332000000053085	EXP	button_right: lineWidth = 1
1.5332000000053085	EXP	button_right: lineColor = {"_hex":"#000000","_rgb":[0,0,0]}
1.5332000000053085	EXP	button_right: fillColor = {"_hex":"#FFFFFF","_rgb":[1,1,1]}
1.5332000000053085	EXP	button_right: vertices = [[-0.5,0],[0,0.5],[0.5,0]]
1.5332000000053085	EXP	button_right: closeShape = true
1.5332000000053085	EXP	button_right: contrast = 1
1.5332000000053085	EXP	button_right: depth = -6
1.5332000000053085	EXP	button_right: interpolate = true
1.5332000000053085	EXP	button_right: width = 0.4
1.5332000000053085	EXP	button_right: vertices = [[-0.2,null],[0.2,null],[0.2,null],[-0.2,null]]
1.5332000000053085	EXP	button_right: height = 0.2
1.5332000000053085	EXP	button_right: vertices = [[-0.2,-0.1],[0.2,-0.1],[0.2,0.1],[-0.2,0.1]]
1.5332000000053085	EXP	button_right: vertices = [[-0.2,-0.1],[0.2,-0.1],[0.2,0.1],[-0.2,0.1]]
1.5332000000053085	EXP	trial_label_right: units = "height"
1.5332000000053085	EXP	trial_label_right: ori = 0
1.5332000000053085	EXP	trial_label_right: opacity = 1
1.5332000000053085	EXP	trial_label_right: pos = [0.4,-0.3]
1.5332000000053085	EXP	trial_label_right: size = undefined
1.5332000000053085	EXP	trial_label_right: text = "l = Word"
1.5332000000053085	EXP	trial_label_right: font = "Courier New"
1.5332000000053085	EXP	trial_label_right: color = {"_hex":"#000000","_rgb":[0,0,0]}
1.5332000000053085	EXP	trial_label_right: contrast = 1
1.5332000000053085	EXP	trial_label_right: height = 0.05
1.5332000000053085	EXP	trial_label_right: bold = false
1.5332000000053085	EXP	trial_label_right: italic = false
1.5332000000053085	EXP	trial_label_right: alignHoriz = "left"
1.5332000000053085	EXP	trial_label_right: alignVert = "center"
1.5332000000053085	EXP	trial_label_right: wrapWidth = 1
1.5332000000053085	EXP	trial_label_right: flipHoriz = false
1.5332000000053085	EXP	trial_label_right: flipVert = false
1.5332000000053085	EXP	trial_label_left_new: units = "height"
1.5332000000053085	EXP	trial_label_left_new: ori = 0
1.5332000000053085	EXP	trial_label_left_new: opacity = 1
1.5332000000053085	EXP	trial_label_left_new: pos = [-0.4,-0.3]
1.5332000000053085	EXP	trial_label_left_new: size = undefined
1.5332000000053085	EXP	trial_label_left_new: text = "a = Nonword"
1.5332000000053085	EXP	trial_label_left_new: font = "Courier New"
1.5332000000053085	EXP	trial_label_left_new: color = {"_hex":"#000000","_rgb":[0,0,0]}
1.5332000000053085	EXP	trial_label_left_new: contrast = 1
1.5332000000053085	EXP	trial_label_left_new: height = 0.05
1.5332000000053085	EXP	trial_label_left_new: bold = false
1.5332000000053085	EXP	trial_label_left_new: italic = false
1.5332000000053085	EXP	trial_label_left_new: alignHoriz = "left"
1.5332000000053085	EXP	trial_label_left_new: alignVert = "center"
1.5332000000053085	EXP	trial_label_left_new: wrapWidth = 1
1.5332000000053085	EXP	trial_label_left_new: flipHoriz = false
1.5332000000053085	EXP	trial_label_left_new: flipVert = false
1.5332000000053085	EXP	feedback_text: units = "height"
1.5332000000053085	EXP	feedback_text: ori = 0
1.5332000000053085	EXP	feedback_text: opacity = 1
1.5332000000053085	EXP	feedback_text: pos = [0,0]
1.5332000000053085	EXP	feedback_text: size = undefined
1.5332000000053085	EXP	feedback_text: text = "default text"
1.5332000000053085	EXP	feedback_text: font = "Courier New"
1.5332000000053085	EXP	feedback_text: color = {"_hex":"#FFFFFF","_rgb":[1,1,1]}
1.5332000000053085	EXP	feedback_text: contrast = 1
1.5332000000053085	EXP	feedback_text: height = 0.05
1.5332000000053085	EXP	feedback_text: bold = false
1.5332000000053085	EXP	feedback_text: italic = false
1.5332000000053085	EXP	feedback_text: alignHoriz = "left"
1.5332000000053085	EXP	feedback_text: alignVert = "center"
1.5332000000053085	EXP	feedback_text: wrapWidth = 1
1.5332000000053085	EXP	feedback_text: flipHoriz = false
1.5332000000053085	EXP	feedback_text: flipVert = false
1.5332000000053085	EXP	button_left_2: units = "height"
1.5332000000053085	EXP	button_left_2: ori = 0
1.5332000000053085	EXP	button_left_2: opacity = 1
1.5332000000053085	EXP	button_left_2: pos = [-0.4,-0.3]
1.5332000000053085	EXP	button_left_2: size = [1,1]
1.5332000000053085	EXP	button_left_2: lineWidth = 1
1.5332000000053085	EXP	button_left_2: lineColor = {"_hex":"#000000","_rgb":[0,0,0]}
1.5332000000053085	EXP	button_left_2: fillColor = {"_hex":"#FFFFFF","_rgb":[1,1,1]}
1.5332000000053085	EXP	button_left_2: vertices = [[-0.5,0],[0,0.5],[0.5,0]]
1.5332000000053085	EXP	button_left_2: closeShape = true
1.5332000000053085	EXP	button_left_2: contrast = 1
1.5332000000053085	EXP	button_left_2: depth = -2
1.5332000000053085	EXP	button_left_2: interpolate = true
1.5332000000053085	EXP	button_left_2: width = 0.4
1.5332000000053085	EXP	button_left_2: vertices = [[-0.2,null],[0.2,null],[0.2,null],[-0.2,null]]
1.5332000000053085	EXP	button_left_2: height = 0.2
1.5332000000053085	EXP	button_left_2: vertices = [[-0.2,-0.1],[0.2,-0.1],[0.2,0.1],[-0.2,0.1]]
1.5332000000053085	EXP	button_left_2: vertices = [[-0.2,-0.1],[0.2,-0.1],[0.2,0.1],[-0.2,0.1]]
1.5332000000053085	EXP	button_right_2: units = "height"
1.5332000000053085	EXP	button_right_2: ori = 0
1.5332000000053085	EXP	button_right_2: opacity = 1
1.5332000000053085	EXP	button_right_2: pos = [0.4,-0.3]
1.5332000000053085	EXP	button_right_2: size = [1,1]
1.5332000000053085	EXP	button_right_2: lineWidth = 1
1.5332000000053085	EXP	button_right_2: lineColor = {"_hex":"#000000","_rgb":[0,0,0]}
1.5332000000053085	EXP	button_right_2: fillColor = {"_hex":"#FFFFFF","_rgb":[1,1,1]}
1.5332000000053085	EXP	button_right_2: vertices = [[-0.5,0],[0,0.5],[0.5,0]]
1.5332000000053085	EXP	button_right_2: closeShape = true
1.5332000000053085	EXP	button_right_2: contrast = 1
1.5332000000053085	EXP	button_right_2: depth = -3
1.5332000000053085	EXP	button_right_2: interpolate = true
1.5332000000053085	EXP	button_right_2: width = 0.4
1.5332000000053085	EXP	button_right_2: vertices = [[-0.2,null],[0.2,null],[0.2,null],[-0.2,null]]
1.5332000000053085	EXP	button_right_2: height = 0.2
1.5332000000053085	EXP	button_right_2: vertices = [[-0.2,-0.1],[0.2,-0.1],[0.2,0.1],[-0.2,0.1]]
1.5332000000053085	EXP	button_right_2: vertices = [[-0.2,-0.1],[0.2,-0.1],[0.2,0.1],[-0.2,0.1]]
1.5332000000053085	EXP	trial_label_left_2: units = "height"
1.5332000000053085	EXP	trial_label_left_2: ori = 0
1.5332000000053085	EXP	trial_label_left_2: opacity = 1
1.5332000000053085	EXP	trial_label_left_2: pos = [-0.4,-0.3]
1.5332000000053085	EXP	trial_label_left_2: size = undefined
1.5332000000053085	EXP	trial_label_left_2: text = "a = Nonword"
1.5332000000053085	EXP	trial_label_left_2: font = "Courier New"
1.5332000000053085	EXP	trial_label_left_2: color = {"_hex":"#000000","_rgb":[0,0,0]}
1.5332000000053085	EXP	trial_label_left_2: contrast = 1
1.5332000000053085	EXP	trial_label_left_2: height = 0.05
1.5332000000053085	EXP	trial_label_left_2: bold = false
1.5332000000053085	EXP	trial_label_left_2: italic = false
1.5332000000053085	EXP	trial_label_left_2: alignHoriz = "left"
1.5332000000053085	EXP	trial_label_left_2: alignVert = "center"
1.5332000000053085	EXP	trial_label_left_2: wrapWidth = 1
1.5332000000053085	EXP	trial_label_left_2: flipHoriz = false
1.5332000000053085	EXP	trial_label_left_2: flipVert = false
1.5332000000053085	EXP	trial_label_right_2: units = "height"
1.5332000000053085	EXP	trial_label_right_2: ori = 0
1.5332000000053085	EXP	trial_label_right_2: opacity = 1
1.5332000000053085	EXP	trial_label_right_2: pos = [0.4,-0.3]
1.5332000000053085	EXP	trial_label_right_2: size = undefined
1.5332000000053085	EXP	trial_label_right_2: text = "l = Word"
1.5332000000053085	EXP	trial_label_right_2: font = "Courier New"
1.5332000000053085	EXP	trial_label_right_2: color = {"_hex":"#000000","_rgb":[0,0,0]}
1.5332000000053085	EXP	trial_label_right_2: contrast = 1
1.5332000000053085	EXP	trial_label_right_2: height = 0.05
1.5332000000053085	EXP	trial_label_right_2: bold = false
1.5332000000053085	EXP	trial_label_right_2: italic = false
1.5332000000053085	EXP	trial_label_right_2: alignHoriz = "left"
1.5332000000053085	EXP	trial_label_right_2: alignVert = "center"
1.5332000000053085	EXP	trial_label_right_2: wrapWidth = 1
1.5332000000053085	EXP	trial_label_right_2: flipHoriz = false
1.5332000000053085	EXP	trial_label_right_2: flipVert = false
1.5332000000053085	EXP	instructions: units = "height"
1.5332000000053085	EXP	instructions: ori = 0
1.5332000000053085	EXP	instructions: opacity = 1
1.5332000000053085	EXP	instructions: pos = [0,0]
1.5332000000053085	EXP	instructions: size = undefined
1.5332000000053085	EXP	instructions: text = "default text"
1.5332000000053085	EXP	instructions: font = "Courier New"
1.5332000000053085	EXP	instructions: color = {"_hex":"#000000","_rgb":[0,0,0]}
1.5332000000053085	EXP	instructions: contrast = 1
1.5332000000053085	EXP	instructions: height = 0.035
1.5332000000053085	EXP	instructions: bold = false
1.5332000000053085	EXP	instructions: italic = false
1.5332000000053085	EXP	instructions: alignHoriz = "left"
1.5332000000053085	EXP	instructions: alignVert = "center"
1.5332000000053085	EXP	instructions: wrapWidth = 1
1.5332000000053085	EXP	instructions: flipHoriz = false
1.5332000000053085	EXP	instructions: flipVert = false
1.5332000000053085	EXP	instr_done_button: units = "height"
1.5332000000053085	EXP	instr_done_button: ori = 0
1.5332000000053085	EXP	instr_done_button: opacity = 1
1.5332000000053085	EXP	instr_done_button: pos = [0,-0.4]
1.5332000000053085	EXP	instr_done_button: size = [1,1]
1.5332000000053085	EXP	instr_done_button: lineWidth = 1
1.5332000000053085	EXP	instr_done_button: lineColor = {"_hex":"#000000","_rgb":[0,0,0]}
1.5332000000053085	EXP	instr_done_button: fillColor = {"_hex":"#FFFFFF","_rgb":[1,1,1]}
1.5332000000053085	EXP	instr_done_button: vertices = [[-0.5,0],[0,0.5],[0.5,0]]
1.5332000000053085	EXP	instr_done_button: closeShape = true
1.5332000000053085	EXP	instr_done_button: contrast = 1
1.5332000000053085	EXP	instr_done_button: depth = -2
1.5332000000053085	EXP	instr_done_button: interpolate = true
1.5332000000053085	EXP	instr_done_button: width = 0.4
1.5332000000053085	EXP	instr_done_button: vertices = [[-0.2,null],[0.2,null],[0.2,null],[-0.2,null]]
1.5332000000053085	EXP	instr_done_button: height = 0.1
1.5332000000053085	EXP	instr_done_button: vertices = [[-0.2,-0.05],[0.2,-0.05],[0.2,0.05],[-0.2,0.05]]
1.5332000000053085	EXP	instr_done_button: vertices = [[-0.2,-0.05],[0.2,-0.05],[0.2,0.05],[-0.2,0.05]]
1.5332000000053085	EXP	instr_done_label: units = "height"
1.5332000000053085	EXP	instr_done_label: ori = 0
1.5332000000053085	EXP	instr_done_label: opacity = 1
1.5332000000053085	EXP	instr_done_label: pos = [0,-0.4]
1.5332000000053085	EXP	instr_done_label: size = undefined
1.5332000000053085	EXP	instr_done_label: text = "Continue"
1.5332000000053085	EXP	instr_done_label: font = "Courier New"
1.5332000000053085	EXP	instr_done_label: color = {"_hex":"#000000","_rgb":[0,0,0]}
1.5332000000053085	EXP	instr_done_label: contrast = 1
1.5332000000053085	EXP	instr_done_label: height = 0.05
1.5332000000053085	EXP	instr_done_label: bold = false
1.5332000000053085	EXP	instr_done_label: italic = false
1.5332000000053085	EXP	instr_done_label: alignHoriz = "left"
1.5332000000053085	EXP	instr_done_label: alignVert = "center"
1.5332000000053085	EXP	instr_done_label: wrapWidth = 1
1.5332000000053085	EXP	instr_done_label: flipHoriz = false
1.5332000000053085	EXP	instr_done_label: flipVert = false
1.5332000000053085	EXP	fixation_mask: units = "height"
1.5332000000053085	EXP	fixation_mask: ori = 0
1.5332000000053085	EXP	fixation_mask: opacity = 1
1.5332000000053085	EXP	fixation_mask: pos = [0,0]
1.5332000000053085	EXP	fixation_mask: size = undefined
1.5332000000053085	EXP	fixation_mask: text = "######"
1.5332000000053085	EXP	fixation_mask: font = "Courier New"
1.5332000000053085	EXP	fixation_mask: color = {"_hex":"#000000","_rgb":[0,0,0]}
1.5332000000053085	EXP	fixation_mask: contrast = 1
1.5332000000053085	EXP	fixation_mask: height = 0.1
1.5332000000053085	EXP	fixation_mask: bold = false
1.5332000000053085	EXP	fixation_mask: italic = false
1.5332000000053085	EXP	fixation_mask: alignHoriz = "left"
1.5332000000053085	EXP	fixation_mask: alignVert = "center"
1.5332000000053085	EXP	fixation_mask: wrapWidth = 1
1.5332000000053085	EXP	fixation_mask: flipHoriz = false
1.5332000000053085	EXP	fixation_mask: flipVert = false
1.5332000000053085	EXP	prime_text: units = "height"
1.5332000000053085	EXP	prime_text: ori = 0
1.5332000000053085	EXP	prime_text: opacity = 1
1.5332000000053085	EXP	prime_text: pos = [0,0]
1.5332000000053085	EXP	prime_text: size = undefined
1.5332000000053085	EXP	prime_text: text = "default text"
1.5332000000053085	EXP	prime_text: font = "Courier New"
1.5332000000053085	EXP	prime_text: color = {"_hex":"#000000","_rgb":[0,0,0]}
1.5332000000053085	EXP	prime_text: contrast = 1
1.5332000000053085	EXP	prime_text: height = 0.1
1.5332000000053085	EXP	prime_text: bold = false
1.5332000000053085	EXP	prime_text: italic = false
1.5332000000053085	EXP	prime_text: alignHoriz = "left"
1.5332000000053085	EXP	prime_text: alignVert = "center"
1.5332000000053085	EXP	prime_text: wrapWidth = 1
1.5332000000053085	EXP	prime_text: flipHoriz = false
1.5332000000053085	EXP	prime_text: flipVert = false
1.5332000000053085	EXP	target: units = "height"
1.5332000000053085	EXP	target: ori = 0
1.5332000000053085	EXP	target: opacity = 1
1.5332000000053085	EXP	target: pos = [0,0]
1.5332000000053085	EXP	target: size = undefined
1.5332000000053085	EXP	target: text = "default text"
1.5332000000053085	EXP	target: font = "Arial"
1.5332000000053085	EXP	target: color = {"_hex":"#000000","_rgb":[0,0,0]}
1.5332000000053085	EXP	target: contrast = 1
1.5332000000053085	EXP	target: height = 0.1
1.5332000000053085	EXP	target: bold = false
1.5332000000053085	EXP	target: italic = false
1.5332000000053085	EXP	target: alignHoriz = "left"
1.5332000000053085	EXP	target: alignVert = "center"
1.5332000000053085	EXP	target: wrapWidth = 1
1.5332000000053085	EXP	target: flipHoriz = false
1.5332000000053085	EXP	target: flipVert = false
1.5332000000053085	EXP	button_left: units = "height"
1.5332000000053085	EXP	button_left: ori = 0
1.5332000000053085	EXP	button_left: opacity = 1
1.5332000000053085	EXP	button_left: pos = [-0.4,-0.3]
1.5332000000053085	EXP	button_left: size = [1,1]
1.5332000000053085	EXP	button_left: lineWidth = 1
1.5332000000053085	EXP	button_left: lineColor = {"_hex":"#000000","_rgb":[0,0,0]}
1.5332000000053085	EXP	button_left: fillColor = {"_hex":"#FFFFFF","_rgb":[1,1,1]}
1.5332000000053085	EXP	button_left: vertices = [[-0.5,0],[0,0.5],[0.5,0]]
1.5332000000053085	EXP	button_left: closeShape = true
1.5332000000053085	EXP	button_left: contrast = 1
1.5332000000053085	EXP	button_left: depth = -5
1.5332000000053085	EXP	button_left: interpolate = true
1.5332000000053085	EXP	button_left: width = 0.4
1.5332000000053085	EXP	button_left: vertices = [[-0.2,null],[0.2,null],[0.2,null],[-0.2,null]]
1.5332000000053085	EXP	button_left: height = 0.2
1.5332000000053085	EXP	button_left: vertices = [[-0.2,-0.1],[0.2,-0.1],[0.2,0.1],[-0.2,0.1]]
1.5332000000053085	EXP	button_left: vertices = [[-0.2,-0.1],[0.2,-0.1],[0.2,0.1],[-0.2,0.1]]
1.5332000000053085	EXP	button_right: units = "height"
1.5332000000053085	EXP	button_right: ori = 0
1.5332000000053085	EXP	button_right: opacity = 1
1.5332000000053085	EXP	button_right: pos = [0.4,-0.3]
1.5332000000053085	EXP	button_right: size = [1,1]
1.5332000000053085	EXP	button_right: lineWidth = 1
1.5332000000053085	EXP	button_right: lineColor = {"_hex":"#000000","_rgb":[0,0,0]}
1.5332000000053085	EXP	button_right: fillColor = {"_hex":"#FFFFFF","_rgb":[1,1,1]}
1.5332000000053085	EXP	button_right: vertices = [[-0.5,0],[0,0.5],[0.5,0]]
1.5332000000053085	EXP	button_right: closeShape = true
1.5332000000053085	EXP	button_right: contrast = 1
1.5332000000053085	EXP	button_right: depth = -6
1.5332000000053085	EXP	button_right: interpolate = true
1.5332000000053085	EXP	button_right: width = 0.4
1.5332000000053085	EXP	button_right: vertices = [[-0.2,null],[0.2,null],[0.2,null],[-0.2,null]]
1.5332000000053085	EXP	button_right: height = 0.2
1.5332000000053085	EXP	button_right: vertices = [[-0.2,-0.1],[0.2,-0.1],[0.2,0.1],[-0.2,0.1]]
1.5332000000053085	EXP	button_right: vertices = [[-0.2,-0.1],[0.2,-0.1],[0.2,0.1],[-0.2,0.1]]
1.5332000000053085	EXP	trial_label_right: units = "height"
1.5332000000053085	EXP	trial_label_right: ori = 0
1.5332000000053085	EXP	trial_label_right: opacity = 1
1.5332000000053085	EXP	trial_label_right: pos = [0.4,-0.3]
1.5332000000053085	EXP	trial_label_right: size = undefined
1.5332000000053085	EXP	trial_label_right: text = "l = Word"
1.5332000000053085	EXP	trial_label_right: font = "Courier New"
1.5332000000053085	EXP	trial_label_right: color = {"_hex":"#000000","_rgb":[0,0,0]}
1.5332000000053085	EXP	trial_label_right: contrast = 1
1.5332000000053085	EXP	trial_label_right: height = 0.05
1.5332000000053085	EXP	trial_label_right: bold = false
1.5332000000053085	EXP	trial_label_right: italic = false
1.5332000000053085	EXP	trial_label_right: alignHoriz = "left"
1.5332000000053085	EXP	trial_label_right: alignVert = "center"
1.5332000000053085	EXP	trial_label_right: wrapWidth = 1
1.5332000000053085	EXP	trial_label_right: flipHoriz = false
1.5332000000053085	EXP	trial_label_right: flipVert = false
1.5332000000053085	EXP	trial_label_left_new: units = "height"
1.5332000000053085	EXP	trial_label_left_new: ori = 0
1.5332000000053085	EXP	trial_label_left_new: opacity = 1
1.5332000000053085	EXP	trial_label_left_new: pos = [-0.4,-0.3]
1.5332000000053085	EXP	trial_label_left_new: size = undefined
1.5332000000053085	EXP	trial_label_left_new: text = "a = Nonword"
1.5332000000053085	EXP	trial_label_left_new: font = "Courier New"
1.5332000000053085	EXP	trial_label_left_new: color = {"_hex":"#000000","_rgb":[0,0,0]}
1.5332000000053085	EXP	trial_label_left_new: contrast = 1
1.5332000000053085	EXP	trial_label_left_new: height = 0.05
1.5332000000053085	EXP	trial_label_left_new: bold = false
1.5332000000053085	EXP	trial_label_left_new: italic = false
1.5332000000053085	EXP	trial_label_left_new: alignHoriz = "left"
1.5332000000053085	EXP	trial_label_left_new: alignVert = "center"
1.5332000000053085	EXP	trial_label_left_new: wrapWidth = 1
1.5332000000053085	EXP	trial_label_left_new: flipHoriz = false
1.5332000000053085	EXP	trial_label_left_new: flipVert = false
1.5332000000053085	EXP	feedback_text: units = "height"
1.5332000000053085	EXP	feedback_text: ori = 0
1.5332000000053085	EXP	feedback_text: opacity = 1
1.5332000000053085	EXP	feedback_text: pos = [0,0]
1.5332000000053085	EXP	feedback_text: size = undefined
1.5332000000053085	EXP	feedback_text: text = "default text"
1.5332000000053085	EXP	feedback_text: font = "Courier New"
1.5332000000053085	EXP	feedback_text: color = {"_hex":"#FFFFFF","_rgb":[1,1,1]}
1.5332000000053085	EXP	feedback_text: contrast = 1
1.5332000000053085	EXP	feedback_text: height = 0.05
1.5332000000053085	EXP	feedback_text: bold = false
1.5332000000053085	EXP	feedback_text: italic = false
1.5332000000053085	EXP	feedback_text: alignHoriz = "left"
1.5332000000053085	EXP	feedback_text: alignVert = "center"
1.5332000000053085	EXP	feedback_text: wrapWidth = 1
1.5332000000053085	EXP	feedback_text: flipHoriz = false
1.5332000000053085	EXP	feedback_text: flipVert = false
1.5332000000053085	EXP	button_left_2: units = "height"
1.5332000000053085	EXP	button_left_2: ori = 0
1.5332000000053085	EXP	button_left_2: opacity = 1
1.5332000000053085	EXP	button_left_2: pos = [-0.4,-0.3]
1.5332000000053085	EXP	button_left_2: size = [1,1]
1.5332000000053085	EXP	button_left_2: lineWidth = 1
1.5332000000053085	EXP	button_left_2: lineColor = {"_hex":"#000000","_rgb":[0,0,0]}
1.5332000000053085	EXP	button_left_2: fillColor = {"_hex":"#FFFFFF","_rgb":[1,1,1]}
1.5332000000053085	EXP	button_left_2: vertices = [[-0.5,0],[0,0.5],[0.5,0]]
1.5332000000053085	EXP	button_left_2: closeShape = true
1.5332000000053085	EXP	button_left_2: contrast = 1
1.5332000000053085	EXP	button_left_2: depth = -2
1.5332000000053085	EXP	button_left_2: interpolate = true
1.5332000000053085	EXP	button_left_2: width = 0.4
1.5332000000053085	EXP	button_left_2: vertices = [[-0.2,null],[0.2,null],[0.2,null],[-0.2,null]]
1.5332000000053085	EXP	button_left_2: height = 0.2
1.5332000000053085	EXP	button_left_2: vertices = [[-0.2,-0.1],[0.2,-0.1],[0.2,0.1],[-0.2,0.1]]
1.5332000000053085	EXP	button_left_2: vertices = [[-0.2,-0.1],[0.2,-0.1],[0.2,0.1],[-0.2,0.1]]
1.5332000000053085	EXP	button_right_2: units = "height"
1.5332000000053085	EXP	button_right_2: ori = 0
1.5332000000053085	EXP	button_right_2: opacity = 1
1.5332000000053085	EXP	button_right_2: pos = [0.4,-0.3]
1.5332000000053085	EXP	button_right_2: size = [1,1]
1.5332000000053085	EXP	button_right_2: lineWidth = 1
1.5332000000053085	EXP	button_right_2: lineColor = {"_hex":"#000000","_rgb":[0,0,0]}
1.5332000000053085	EXP	button_right_2: fillColor = {"_hex":"#FFFFFF","_rgb":[1,1,1]}
1.5332000000053085	EXP	button_right_2: vertices = [[-0.5,0],[0,0.5],[0.5,0]]
1.5332000000053085	EXP	button_right_2: closeShape = true
1.5332000000053085	EXP	button_right_2: contrast = 1
1.5332000000053085	EXP	button_right_2: depth = -3
1.5332000000053085	EXP	button_right_2: interpolate = true
1.5332000000053085	EXP	button_right_2: width = 0.4
1.5332000000053085	EXP	button_right_2: vertices = [[-0.2,null],[0.2,null],[0.2,null],[-0.2,null]]
1.5332000000053085	EXP	button_right_2: height = 0.2
1.5332000000053085	EXP	button_right_2: vertices = [[-0.2,-0.1],[0.2,-0.1],[0.2,0.1],[-0.2,0.1]]
1.5332000000053085	EXP	button_right_2: vertices = [[-0.2,-0.1],[0.2,-0.1],[0.2,0.1],[-0.2,0.1]]
1.5332000000053085	EXP	trial_label_left_2: units = "height"
1.5332000000053085	EXP	trial_label_left_2: ori = 0
1.5332000000053085	EXP	trial_label_left_2: opacity = 1
1.5332000000053085	EXP	trial_label_left_2: pos = [-0.4,-0.3]
1.5332000000053085	EXP	trial_label_left_2: size = undefined
1.5332000000053085	EXP	trial_label_left_2: text = "a = Nonword"
1.5332000000053085	EXP	trial_label_left_2: font = "Courier New"
1.5332000000053085	EXP	trial_label_left_2: color = {"_hex":"#000000","_rgb":[0,0,0]}
1.5332000000053085	EXP	trial_label_left_2: contrast = 1
1.5332000000053085	EXP	trial_label_left_2: height = 0.05
1.5332000000053085	EXP	trial_label_left_2: bold = false
1.5332000000053085	EXP	trial_label_left_2: italic = false
1.5332000000053085	EXP	trial_label_left_2: alignHoriz = "left"
1.5332000000053085	EXP	trial_label_left_2: alignVert = "center"
1.5332000000053085	EXP	trial_label_left_2: wrapWidth = 1
1.5332000000053085	EXP	trial_label_left_2: flipHoriz = false
1.5332000000053085	EXP	trial_label_left_2: flipVert = false
1.5332000000053085	EXP	trial_label_right_2: units = "height"
1.5332000000053085	EXP	trial_label_right_2: ori = 0
1.5332000000053085	EXP	trial_label_right_2: opacity = 1
1.5332000000053085	EXP	trial_label_right_2: pos = [0.4,-0.3]
1.5332000000053085	EXP	trial_label_right_2: size = undefined
1.5332000000053085	EXP	trial_label_right_2: text = "l = Word"
1.5332000000053085	EXP	trial_label_right_2: font = "Courier New"
1.5332000000053085	EXP	trial_label_right_2: color = {"_hex":"#000000","_rgb":[0,0,0]}
1.5332000000053085	EXP	trial_label_right_2: contrast = 1
1.5332000000053085	EXP	trial_label_right_2: height = 0.05
1.5332000000053085	EXP	trial_label_right_2: bold = false
1.5332000000053085	EXP	trial_label_right_2: italic = false
1.5332000000053085	EXP	trial_label_right_2: alignHoriz = "left"
1.5332000000053085	EXP	trial_label_right_2: alignVert = "center"
1.5332000000053085	EXP	trial_label_right_2: wrapWidth = 1
1.5332000000053085	EXP	trial_label_right_2: flipHoriz = false
1.5332000000053085	EXP	trial_label_right_2: flipVert = false
1.5332000000053085	EXP	break_text: units = "height"
1.5332000000053085	EXP	break_text: ori = 0
1.5332000000053085	EXP	break_text: opacity = 1
1.5332000000053085	EXP	break_text: pos = [0,0]
1.5332000000053085	EXP	break_text: size = undefined
1.5332000000053085	EXP	break_text: text = "default text"
1.5332000000053085	EXP	break_text: font = "Courier New"
1.5332000000053085	EXP	break_text: color = {"_hex":"#000000","_rgb":[0,0,0]}
1.5332000000053085	EXP	break_text: contrast = 1
1.5332000000053085	EXP	break_text: height = 0.05
1.5332000000053085	EXP	break_text: bold = false
1.5332000000053085	EXP	break_text: italic = false
1.5332000000053085	EXP	break_text: alignHoriz = "left"
1.5332000000053085	EXP	break_text: alignVert = "center"
1.5332000000053085	EXP	break_text: wrapWidth = 1
1.5332000000053085	EXP	break_text: flipHoriz = false
1.5332000000053085	EXP	break_text: flipVert = false
1.5332000000053085	EXP	break_done_button: units = "height"
1.5332000000053085	EXP	break_done_button: ori = 0
1.5332000000053085	EXP	break_done_button: opacity = 1
1.5332000000053085	EXP	break_done_button: pos = [0,-0.4]
1.5332000000053085	EXP	break_done_button: size = [1,1]
1.5332000000053085	EXP	break_done_button: lineWidth = 1
1.5332000000053085	EXP	break_done_button: lineColor = {"_hex":"#000000","_rgb":[0,0,0]}
1.5332000000053085	EXP	break_done_button: fillColor = {"_hex":"#FFFFFF","_rgb":[1,1,1]}
1.5332000000053085	EXP	break_done_button: vertices = [[-0.5,0],[0,0.5],[0.5,0]]
1.5332000000053085	EXP	break_done_button: closeShape = true
1.5332000000053085	EXP	break_done_button: contrast = 1
1.5332000000053085	EXP	break_done_button: depth = -4
1.5332000000053085	EXP	break_done_button: interpolate = true
1.5332000000053085	EXP	break_done_button: width = 0.4
1.5332000000053085	EXP	break_done_button: vertices = [[-0.2,null],[0.2,null],[0.2,null],[-0.2,null]]
1.5332000000053085	EXP	break_done_button: height = 0.1
1.5332000000053085	EXP	break_done_button: vertices = [[-0.2,-0.05],[0.2,-0.05],[0.2,0.05],[-0.2,0.05]]
1.5332000000053085	EXP	break_done_button: vertices = [[-0.2,-0.05],[0.2,-0.05],[0.2,0.05],[-0.2,0.05]]
1.5332000000053085	EXP	break_done_button_label: units = "height"
1.5332000000053085	EXP	break_done_button_label: ori = 0
1.5332000000053085	EXP	break_done_button_label: opacity = 1
1.5332000000053085	EXP	break_done_button_label: pos = [0,-0.4]
1.5332000000053085	EXP	break_done_button_label: size = undefined
1.5332000000053085	EXP	break_done_button_label: text = "Continue"
1.5332000000053085	EXP	break_done_button_label: font = "Courier New"
1.5332000000053085	EXP	break_done_button_label: color = {"_hex":"#000000","_rgb":[0,0,0]}
1.5332000000053085	EXP	break_done_button_label: contrast = 1
1.5332000000053085	EXP	break_done_button_label: height = 0.05
1.5332000000053085	EXP	break_done_button_label: bold = false
1.5332000000053085	EXP	break_done_button_label: italic = false
1.5332000000053085	EXP	break_done_button_label: alignHoriz = "left"
1.5332000000053085	EXP	break_done_button_label: alignVert = "center"
1.5332000000053085	EXP	break_done_button_label: wrapWidth = 1
1.5332000000053085	EXP	break_done_button_label: flipHoriz = false
1.5332000000053085	EXP	break_done_button_label: flipVert = false
1.5332000000053085	EXP	thank_you: units = "height"
1.5332000000053085	EXP	thank_you: ori = 0
1.5332000000053085	EXP	thank_you: opacity = 1
1.5332000000053085	EXP	thank_you: pos = [0,0]
1.5332000000053085	EXP	thank_you: size = undefined
1.5332000000053085	EXP	thank_you: text = "This is the end of the experiment.\n\nPlease do not close this window until you have been redirected to the debriefing page. \n\nYou must go to the debriefing page in order to receive your participation credit."
1.5332000000053085	EXP	thank_you: font = "Courier New"
1.5332000000053085	EXP	thank_you: color = {"_hex":"#000000","_rgb":[0,0,0]}
1.5332000000053085	EXP	thank_you: contrast = 1
1.5332000000053085	EXP	thank_you: height = 1
1.5332000000053085	EXP	thank_you: bold = false
1.5332000000053085	EXP	thank_you: italic = false
1.5332000000053085	EXP	thank_you: alignHoriz = "left"
1.5332000000053085	EXP	thank_you: alignVert = "center"
1.5332000000053085	EXP	thank_you: wrapWidth = 1
1.5332000000053085	EXP	thank_you: flipHoriz = false
1.5332000000053085	EXP	thank_you: flipVert = false
1.5332000000053085	EXP	instructions: text = "INSTRUCTIONS\r\nAt the start of each trial, look at the hash marks (######) in the center of the screen. After a moment, a string of letters will appear. Your task is to indicate if the letter string forms a word or not (i.e., if it is a nonword). For example, AUTHOR is a word while AUTHON is a nonword.\r\n\r\nPress the space bar or click the button below to continue."
1.5332000000053085	EXP	instructions: autoDraw = true
1.5332000000053085	EXP	instr_done_button: autoDraw = true
1.5332000000053085	EXP	instr_done_label: autoDraw = true
2.6522899999981746	DATA	Mouse: wheel shift=(0,100), pos=(939,917)
2.668680000002496	DATA	Mouse: wheel shift=(0,100), pos=(939,917)
2.6853750000009313	DATA	Mouse: wheel shift=(0,100), pos=(939,917)
2.868654999998398	DATA	Mouse: wheel shift=(0,100), pos=(939,917)
3.9974999999976717	DATA	Mouse: 0 button down, pos=(953,953)
4.011315000010654	EXP	instructions: autoDraw = false
4.011315000010654	EXP	instr_done_button: autoDraw = false
4.011315000010654	EXP	instr_done_label: autoDraw = false
4.011315000010654	EXP	instructions: text = "If your device has a keyboard, press the 'a' key for nonwords and the 'l' key for words. If your device does not have a keyboard, touch the left button on the screen for nonwords and the right button for words. Do not use the mouse as this will slow down your response. \r\n\r\nPress the space bar or click the button below to continue."
4.011315000010654	EXP	instructions: autoDraw = true
4.011315000010654	EXP	instr_done_button: autoDraw = true
4.011315000010654	EXP	instr_done_label: autoDraw = true
4.497605000040494	DATA	Mouse: 0 button down, pos=(953,953)
6.008545000047889	DATA	Mouse: 0 button down, pos=(953,953)
6.030079999996815	EXP	instructions: autoDraw = false
6.030079999996815	EXP	instr_done_button: autoDraw = false
6.030079999996815	EXP	instr_done_label: autoDraw = false
6.030079999996815	EXP	instructions: text = "It is very important that you respond as quickly and accurately as possible, as each letter string will only be on the screen for two seconds. If you do not respond within this time, the message 'Too slow!' will be displayed and the experiment will progress to the next letter string. The first 20 trials will be practice trials and you will receive feedback on your answers. \r\n\r\nPress the space bar or touch the button below to start the practice trials."
6.030079999996815	EXP	instructions: autoDraw = true
6.030079999996815	EXP	instr_done_button: autoDraw = true
6.030079999996815	EXP	instr_done_label: autoDraw = true
6.493570000049658	DATA	Mouse: 0 button down, pos=(953,953)
7.7636050000437535	DATA	Mouse: 0 button down, pos=(953,953)
7.8611300000338815	EXP	instructions: autoDraw = false
7.8611300000338815	EXP	instr_done_button: autoDraw = false
7.8611300000338815	EXP	instr_done_label: autoDraw = false
7.8611300000338815	EXP	prime_text: text = "frenzy"
7.8611300000338815	EXP	target: text = "OBTAIN"
7.8611300000338815	EXP	target: font = "Courier New"
7.8611300000338815	EXP	fixation_mask: autoDraw = true
7.8611300000338815	EXP	button_left: autoDraw = true
7.8611300000338815	EXP	button_right: autoDraw = true
7.8611300000338815	EXP	trial_label_right: autoDraw = true
7.8611300000338815	EXP	trial_label_left_new: autoDraw = true
8.341355000040494	EXP	fixation_mask: autoDraw = false
8.359330000006594	EXP	prime_text: autoDraw = true
8.37481500004651	EXP	prime_text: autoDraw = false
8.379420000012033	DATA	Mouse: 0 button down, pos=(953,953)
8.392735000001267	EXP	target: autoDraw = true
10.378240000049118	EXP	target: autoDraw = false
10.378240000049118	EXP	button_left: autoDraw = false
10.378240000049118	EXP	button_right: autoDraw = false
10.378240000049118	EXP	trial_label_right: autoDraw = false
10.378240000049118	EXP	trial_label_left_new: autoDraw = false
10.378240000049118	EXP	fixation_mask: autoDraw = false
10.378240000049118	EXP	prime_text: autoDraw = false
10.378240000049118	EXP	target: autoDraw = false
10.378240000049118	EXP	button_left: autoDraw = false
10.378240000049118	EXP	button_right: autoDraw = false
10.378240000049118	EXP	trial_label_right: autoDraw = false
10.378240000049118	EXP	trial_label_left_new: autoDraw = false
10.378240000049118	EXP	feedback_text: color = {"_hex":"#000000","_rgb":[0,0,0]}
10.378240000049118	EXP	feedback_text: text = "Too slow!"
10.378240000049118	EXP	feedback_text: autoDraw = true
10.378240000049118	EXP	button_left_2: autoDraw = true
10.378240000049118	EXP	button_right_2: autoDraw = true
10.378240000049118	EXP	trial_label_left_2: autoDraw = true
10.378240000049118	EXP	trial_label_right_2: autoDraw = true
10.87591500004055	EXP	feedback_text: autoDraw = false
10.87591500004055	EXP	button_left_2: autoDraw = false
10.87591500004055	EXP	button_right_2: autoDraw = false
10.87591500004055	EXP	trial_label_left_2: autoDraw = false
10.87591500004055	EXP	trial_label_right_2: autoDraw = false
10.87591500004055	EXP	feedback_text: autoDraw = false
10.87591500004055	EXP	button_left_2: autoDraw = false
10.87591500004055	EXP	button_right_2: autoDraw = false
10.87591500004055	EXP	trial_label_left_2: autoDraw = false
10.87591500004055	EXP	trial_label_right_2: autoDraw = false
10.87591500004055	EXP	prime_text: text = "fariny"
10.87591500004055	EXP	target: text = "FARINY"
10.87591500004055	EXP	target: font = "Courier New"
10.87591500004055	EXP	fixation_mask: autoDraw = true
10.87591500004055	EXP	button_left: autoDraw = true
10.87591500004055	EXP	button_right: autoDraw = true
10.87591500004055	EXP	trial_label_right: autoDraw = true
10.87591500004055	EXP	trial_label_left_new: autoDraw = true
11.375705000013113	EXP	fixation_mask: autoDraw = false
11.393299999996088	EXP	prime_text: autoDraw = true
11.409555000020191	EXP	prime_text: autoDraw = false
11.426490000041667	EXP	target: autoDraw = true
13.410100000037346	EXP	target: autoDraw = false
13.410100000037346	EXP	button_left: autoDraw = false
13.410100000037346	EXP	button_right: autoDraw = false
13.410100000037346	EXP	trial_label_right: autoDraw = false
13.410100000037346	EXP	trial_label_left_new: autoDraw = false
13.410100000037346	EXP	fixation_mask: autoDraw = false
13.410100000037346	EXP	prime_text: autoDraw = false
13.410100000037346	EXP	target: autoDraw = false
13.410100000037346	EXP	button_left: autoDraw = false
13.410100000037346	EXP	button_right: autoDraw = false
13.410100000037346	EXP	trial_label_right: autoDraw = false
13.410100000037346	EXP	trial_label_left_new: autoDraw = false
13.410100000037346	EXP	feedback_text: color = {"_hex":"#000000","_rgb":[0,0,0]}
13.410100000037346	EXP	feedback_text: text = "Too slow!"
13.410100000037346	EXP	feedback_text: autoDraw = true
13.410100000037346	EXP	button_left_2: autoDraw = true
13.410100000037346	EXP	button_right_2: autoDraw = true
13.410100000037346	EXP	trial_label_left_2: autoDraw = true
13.410100000037346	EXP	trial_label_right_2: autoDraw = true
13.908480000041891	EXP	feedback_text: autoDraw = false
13.908480000041891	EXP	button_left_2: autoDraw = false
13.908480000041891	EXP	button_right_2: autoDraw = false
13.908480000041891	EXP	trial_label_left_2: autoDraw = false
13.908480000041891	EXP	trial_label_right_2: autoDraw = false
13.908480000041891	EXP	feedback_text: autoDraw = false
13.908480000041891	EXP	button_left_2: autoDraw = false
13.908480000041891	EXP	button_right_2: autoDraw = false
13.908480000041891	EXP	trial_label_left_2: autoDraw = false
13.908480000041891	EXP	trial_label_right_2: autoDraw = false
13.908480000041891	EXP	prime_text: text = "abound"
13.908480000041891	EXP	target: text = "SQUEAK"
13.908480000041891	EXP	target: font = "Courier New"
13.908480000041891	EXP	fixation_mask: autoDraw = true
13.908480000041891	EXP	button_left: autoDraw = true
13.908480000041891	EXP	button_right: autoDraw = true
13.908480000041891	EXP	trial_label_right: autoDraw = true
13.908480000041891	EXP	trial_label_left_new: autoDraw = true
14.409145000041462	EXP	fixation_mask: autoDraw = false
14.427110000047833	EXP	prime_text: autoDraw = true
14.44272000005003	EXP	prime_text: autoDraw = false
14.462679999996908	EXP	target: autoDraw = true
16.444010000035632	EXP	target: autoDraw = false
16.444010000035632	EXP	button_left: autoDraw = false
16.444010000035632	EXP	button_right: autoDraw = false
16.444010000035632	EXP	trial_label_right: autoDraw = false
16.444010000035632	EXP	trial_label_left_new: autoDraw = false
16.444010000035632	EXP	fixation_mask: autoDraw = false
16.444010000035632	EXP	prime_text: autoDraw = false
16.444010000035632	EXP	target: autoDraw = false
16.444010000035632	EXP	button_left: autoDraw = false
16.444010000035632	EXP	button_right: autoDraw = false
16.444010000035632	EXP	trial_label_right: autoDraw = false
16.444010000035632	EXP	trial_label_left_new: autoDraw = false
16.444010000035632	EXP	feedback_text: color = {"_hex":"#000000","_rgb":[0,0,0]}
16.444010000035632	EXP	feedback_text: text = "Too slow!"
16.444010000035632	EXP	feedback_text: autoDraw = true
16.444010000035632	EXP	button_left_2: autoDraw = true
16.444010000035632	EXP	button_right_2: autoDraw = true
16.444010000035632	EXP	trial_label_left_2: autoDraw = true
16.444010000035632	EXP	trial_label_right_2: autoDraw = true
16.942325000010896	EXP	feedback_text: autoDraw = false
16.942325000010896	EXP	button_left_2: autoDraw = false
16.942325000010896	EXP	button_right_2: autoDraw = false
16.942325000010896	EXP	trial_label_left_2: autoDraw = false
16.942325000010896	EXP	trial_label_right_2: autoDraw = false
16.942325000010896	EXP	feedback_text: autoDraw = false
16.942325000010896	EXP	button_left_2: autoDraw = false
16.942325000010896	EXP	button_right_2: autoDraw = false
16.942325000010896	EXP	trial_label_left_2: autoDraw = false
16.942325000010896	EXP	trial_label_right_2: autoDraw = false
16.942325000010896	EXP	prime_text: text = "aslert"
16.942325000010896	EXP	target: text = "ASLERT"
16.942325000010896	EXP	target: font = "Courier New"
16.942325000010896	EXP	fixation_mask: autoDraw = true
16.942325000010896	EXP	button_left: autoDraw = true
16.942325000010896	EXP	button_right: autoDraw = true
16.942325000010896	EXP	trial_label_right: autoDraw = true
16.942325000010896	EXP	trial_label_left_new: autoDraw = true
17.44262000004528	EXP	fixation_mask: autoDraw = false
17.46013000002131	EXP	prime_text: autoDraw = true
17.475965000048745	EXP	prime_text: autoDraw = false
17.493140000035055	EXP	target: autoDraw = true
19.476780000026338	EXP	target: autoDraw = false
19.476780000026338	EXP	button_left: autoDraw = false
19.476780000026338	EXP	button_right: autoDraw = false
19.476780000026338	EXP	trial_label_right: autoDraw = false
19.476780000026338	EXP	trial_label_left_new: autoDraw = false
19.476780000026338	EXP	fixation_mask: autoDraw = false
19.476780000026338	EXP	prime_text: autoDraw = false
19.476780000026338	EXP	target: autoDraw = false
19.476780000026338	EXP	button_left: autoDraw = false
19.476780000026338	EXP	button_right: autoDraw = false
19.476780000026338	EXP	trial_label_right: autoDraw = false
19.476780000026338	EXP	trial_label_left_new: autoDraw = false
19.476780000026338	EXP	feedback_text: color = {"_hex":"#000000","_rgb":[0,0,0]}
19.476780000026338	EXP	feedback_text: text = "Too slow!"
19.476780000026338	EXP	feedback_text: autoDraw = true
19.476780000026338	EXP	button_left_2: autoDraw = true
19.476780000026338	EXP	button_right_2: autoDraw = true
19.476780000026338	EXP	trial_label_left_2: autoDraw = true
19.476780000026338	EXP	trial_label_right_2: autoDraw = true
19.976034999999683	EXP	feedback_text: autoDraw = false
19.976034999999683	EXP	button_left_2: autoDraw = false
19.976034999999683	EXP	button_right_2: autoDraw = false
19.976034999999683	EXP	trial_label_left_2: autoDraw = false
19.976034999999683	EXP	trial_label_right_2: autoDraw = false
19.976034999999683	EXP	feedback_text: autoDraw = false
19.976034999999683	EXP	button_left_2: autoDraw = false
19.976034999999683	EXP	button_right_2: autoDraw = false
19.976034999999683	EXP	trial_label_left_2: autoDraw = false
19.976034999999683	EXP	trial_label_right_2: autoDraw = false
19.976034999999683	EXP	prime_text: text = "adveil"
19.976034999999683	EXP	target: text = "SPRINY"
19.976034999999683	EXP	target: font = "Courier New"
19.976034999999683	EXP	fixation_mask: autoDraw = true
19.976034999999683	EXP	button_left: autoDraw = true
19.976034999999683	EXP	button_right: autoDraw = true
19.976034999999683	EXP	trial_label_right: autoDraw = true
19.976034999999683	EXP	trial_label_left_new: autoDraw = true
20.474474999995437	EXP	fixation_mask: autoDraw = false
20.492224999994505	EXP	prime_text: autoDraw = true
20.50779500004137	EXP	prime_text: autoDraw = false
20.525665000022855	EXP	target: autoDraw = true
21.16758500004653	DATA	Mouse: 0 button down, pos=(946,694)
21.231935000047088	DATA	Mouse: 0 button down, pos=(943,689)
21.528145000047516	DATA	Keydown: Escape
21.71213500003796	DATA	Keydown: Escape
22.231079999997746	DATA	Keydown: Escape
