0.16886999999405816	EXP	Created Window = Window( name=Window, fullscr=true, color=#ffffff, units=height, waitBlanking=true, autoLog=true, size=[1920,1013] )
1.6102049999753945	DATA	Mouse: wheel shift=(0,100), pos=(902,654)
1.6203499999828637	EXP	Created instructions = TextStim( name=instructions, win=Window( name=Window, fullscr=true, color=#ffffff, ~), autoDraw=null, autoLog=true, units=height, ori=null, opacity=1, pos=[0,0], size=undefined, text=default text, font=Courier New, color=#000000, contrast=1, height=0.035, bold=null, italic=null, alignHoriz=left, alignVert=center, wrapWidth=1, flipHoriz=null, flipVert=null )
1.6269200000097044	EXP	Created instr_done_button = Rect( name=instr_done_button, win=Window( name=Window, fullscr=true, color=#ffffff, ~), autoDraw=null, autoLog=true, units=height, ori=null, opacity=1, pos=[0,-0.4], size=[1,1], lineWidth=1, lineColor=#000000, fillColor=#FFFFFF, vertices=[[-0.2,-0.05],[0.2,-0.05],[0.2,0.05],[-0.2,0.05]], closeShape=true, contrast=1, depth=-2, interpolate=true, width=0.4, height=0.1 )
1.6277550000231713	EXP	Created instr_done_label = TextStim( name=instr_done_label, win=Window( name=Window, fullscr=true, color=#ffffff, ~), autoDraw=null, autoLog=true, units=height, ori=null, opacity=1, pos=[0,-0.4], size=undefined, text=Continue, font=Courier New, color=#000000, contrast=1, height=0.05, bold=null, italic=null, alignHoriz=left, alignVert=center, wrapWidth=1, flipHoriz=null, flipVert=null )
1.6293999999761581	EXP	Created fixation_mask = TextStim( name=fixation_mask, win=Window( name=Window, fullscr=true, color=#ffffff, ~), autoDraw=null, autoLog=true, units=height, ori=null, opacity=1, pos=[0,0], size=undefined, text=######, font=Courier New, color=#000000, contrast=1, height=0.1, bold=null, italic=null, alignHoriz=left, alignVert=center, wrapWidth=1, flipHoriz=null, flipVert=null )
1.630200000014156	EXP	Created prime_text = TextStim( name=prime_text, win=Window( name=Window, fullscr=true, color=#ffffff, ~), autoDraw=null, autoLog=true, units=height, ori=null, opacity=1, pos=[0,0], size=undefined, text=default text, font=Courier New, color=#000000, contrast=1, height=0.1, bold=null, italic=null, alignHoriz=left, alignVert=center, wrapWidth=1, flipHoriz=null, flipVert=null )
1.630814999982249	EXP	Created target = TextStim( name=target, win=Window( name=Window, fullscr=true, color=#ffffff, ~), autoDraw=null, autoLog=true, units=height, ori=null, opacity=1, pos=[0,0], size=undefined, text=default text, font=Arial, color=#000000, contrast=1, height=0.1, bold=null, italic=null, alignHoriz=left, alignVert=center, wrapWidth=1, flipHoriz=null, flipVert=null )
1.633655000012368	EXP	Created button_left = Rect( name=button_left, win=Window( name=Window, fullscr=true, color=#ffffff, ~), autoDraw=null, autoLog=true, units=height, ori=null, opacity=1, pos=[-0.4,-0.3], size=[1,1], lineWidth=1, lineColor=#000000, fillColor=#FFFFFF, vertices=[[-0.2,-0.1],[0.2,-0.1],[0.2,0.1],[-0.2,0.1]], closeShape=true, contrast=1, depth=-5, interpolate=true, width=0.4, height=0.2 )
1.6369500000146218	EXP	Created button_right = Rect( name=button_right, win=Window( name=Window, fullscr=true, color=#ffffff, ~), autoDraw=null, autoLog=true, units=height, ori=null, opacity=1, pos=[0.4,-0.3], size=[1,1], lineWidth=1, lineColor=#000000, fillColor=#FFFFFF, vertices=[[-0.2,-0.1],[0.2,-0.1],[0.2,0.1],[-0.2,0.1]], closeShape=true, contrast=1, depth=-6, interpolate=true, width=0.4, height=0.2 )
1.6377050000010058	EXP	Created trial_label_right = TextStim( name=trial_label_right, win=Window( name=Window, fullscr=true, color=#ffffff, ~), autoDraw=null, autoLog=true, units=height, ori=null, opacity=1, pos=[0.4,-0.3], size=undefined, text=l = Word, font=Courier New, color=#000000, contrast=1, height=0.05, bold=null, italic=null, alignHoriz=left, alignVert=center, wrapWidth=1, flipHoriz=null, flipVert=null )
1.6383899999782443	EXP	Created trial_label_left_new = TextStim( name=trial_label_left_new, win=Window( name=Window, fullscr=true, color=#ffffff, ~), autoDraw=null, autoLog=true, units=height, ori=null, opacity=1, pos=[-0.4,-0.3], size=undefined, text=a = Nonword, font=Courier New, color=#000000, contrast=1, height=0.05, bold=null, italic=null, alignHoriz=left, alignVert=center, wrapWidth=1, flipHoriz=null, flipVert=null )
1.6391200000070967	EXP	Created feedback_text = TextStim( name=feedback_text, win=Window( name=Window, fullscr=true, color=#ffffff, ~), autoDraw=null, autoLog=true, units=height, ori=null, opacity=1, pos=[0,0], size=undefined, text=default text, font=Courier New, color=#FFFFFF, contrast=1, height=0.05, bold=null, italic=null, alignHoriz=left, alignVert=center, wrapWidth=1, flipHoriz=null, flipVert=null )
1.6428750000195578	EXP	Created button_left_2 = Rect( name=button_left_2, win=Window( name=Window, fullscr=true, color=#ffffff, ~), autoDraw=null, autoLog=true, units=height, ori=null, opacity=1, pos=[-0.4,-0.3], size=[1,1], lineWidth=1, lineColor=#000000, fillColor=#FFFFFF, vertices=[[-0.2,-0.1],[0.2,-0.1],[0.2,0.1],[-0.2,0.1]], closeShape=true, contrast=1, depth=-2, interpolate=true, width=0.4, height=0.2 )
1.6461799999815412	EXP	Created button_right_2 = Rect( name=button_right_2, win=Window( name=Window, fullscr=true, color=#ffffff, ~), autoDraw=null, autoLog=true, units=height, ori=null, opacity=1, pos=[0.4,-0.3], size=[1,1], lineWidth=1, lineColor=#000000, fillColor=#FFFFFF, vertices=[[-0.2,-0.1],[0.2,-0.1],[0.2,0.1],[-0.2,0.1]], closeShape=true, contrast=1, depth=-3, interpolate=true, width=0.4, height=0.2 )
1.6468849999946542	EXP	Created trial_label_left_2 = TextStim( name=trial_label_left_2, win=Window( name=Window, fullscr=true, color=#ffffff, ~), autoDraw=null, autoLog=true, units=height, ori=null, opacity=1, pos=[-0.4,-0.3], size=undefined, text=a = Nonword, font=Courier New, color=#000000, contrast=1, height=0.05, bold=null, italic=null, alignHoriz=left, alignVert=center, wrapWidth=1, flipHoriz=null, flipVert=null )
1.6476099999854341	EXP	Created trial_label_right_2 = TextStim( name=trial_label_right_2, win=Window( name=Window, fullscr=true, color=#ffffff, ~), autoDraw=null, autoLog=true, units=height, ori=null, opacity=1, pos=[0.4,-0.3], size=undefined, text=l = Word, font=Courier New, color=#000000, contrast=1, height=0.05, bold=null, italic=null, alignHoriz=left, alignVert=center, wrapWidth=1, flipHoriz=null, flipVert=null )
1.6484199999831617	EXP	Created instructions = TextStim( name=instructions, win=Window( name=Window, fullscr=true, color=#ffffff, ~), autoDraw=null, autoLog=true, units=height, ori=null, opacity=1, pos=[0,0], size=undefined, text=default text, font=Courier New, color=#000000, contrast=1, height=0.035, bold=null, italic=null, alignHoriz=left, alignVert=center, wrapWidth=1, flipHoriz=null, flipVert=null )
1.6519349999725819	EXP	Created instr_done_button = Rect( name=instr_done_button, win=Window( name=Window, fullscr=true, color=#ffffff, ~), autoDraw=null, autoLog=true, units=height, ori=null, opacity=1, pos=[0,-0.4], size=[1,1], lineWidth=1, lineColor=#000000, fillColor=#FFFFFF, vertices=[[-0.2,-0.05],[0.2,-0.05],[0.2,0.05],[-0.2,0.05]], closeShape=true, contrast=1, depth=-2, interpolate=true, width=0.4, height=0.1 )
1.6531599999871105	EXP	Created instr_done_label = TextStim( name=instr_done_label, win=Window( name=Window, fullscr=true, color=#ffffff, ~), autoDraw=null, autoLog=true, units=height, ori=null, opacity=1, pos=[0,-0.4], size=undefined, text=Continue, font=Courier New, color=#000000, contrast=1, height=0.05, bold=null, italic=null, alignHoriz=left, alignVert=center, wrapWidth=1, flipHoriz=null, flipVert=null )
1.6544149999972433	EXP	Created fixation_mask = TextStim( name=fixation_mask, win=Window( name=Window, fullscr=true, color=#ffffff, ~), autoDraw=null, autoLog=true, units=height, ori=null, opacity=1, pos=[0,0], size=undefined, text=######, font=Courier New, color=#000000, contrast=1, height=0.1, bold=null, italic=null, alignHoriz=left, alignVert=center, wrapWidth=1, flipHoriz=null, flipVert=null )
1.655510000011418	EXP	Created prime_text = TextStim( name=prime_text, win=Window( name=Window, fullscr=true, color=#ffffff, ~), autoDraw=null, autoLog=true, units=height, ori=null, opacity=1, pos=[0,0], size=undefined, text=default text, font=Courier New, color=#000000, contrast=1, height=0.1, bold=null, italic=null, alignHoriz=left, alignVert=center, wrapWidth=1, flipHoriz=null, flipVert=null )
1.6564999999827705	EXP	Created target = TextStim( name=target, win=Window( name=Window, fullscr=true, color=#ffffff, ~), autoDraw=null, autoLog=true, units=height, ori=null, opacity=1, pos=[0,0], size=undefined, text=default text, font=Arial, color=#000000, contrast=1, height=0.1, bold=null, italic=null, alignHoriz=left, alignVert=center, wrapWidth=1, flipHoriz=null, flipVert=null )
1.6613650000072084	EXP	Created button_left = Rect( name=button_left, win=Window( name=Window, fullscr=true, color=#ffffff, ~), autoDraw=null, autoLog=true, units=height, ori=null, opacity=1, pos=[-0.4,-0.3], size=[1,1], lineWidth=1, lineColor=#000000, fillColor=#FFFFFF, vertices=[[-0.2,-0.1],[0.2,-0.1],[0.2,0.1],[-0.2,0.1]], closeShape=true, contrast=1, depth=-5, interpolate=true, width=0.4, height=0.2 )
1.6657300000078976	EXP	Created button_right = Rect( name=button_right, win=Window( name=Window, fullscr=true, color=#ffffff, ~), autoDraw=null, autoLog=true, units=height, ori=null, opacity=1, pos=[0.4,-0.3], size=[1,1], lineWidth=1, lineColor=#000000, fillColor=#FFFFFF, vertices=[[-0.2,-0.1],[0.2,-0.1],[0.2,0.1],[-0.2,0.1]], closeShape=true, contrast=1, depth=-6, interpolate=true, width=0.4, height=0.2 )
1.6665650000213645	EXP	Created trial_label_right = TextStim( name=trial_label_right, win=Window( name=Window, fullscr=true, color=#ffffff, ~), autoDraw=null, autoLog=true, units=height, ori=null, opacity=1, pos=[0.4,-0.3], size=undefined, text=l = Word, font=Courier New, color=#000000, contrast=1, height=0.05, bold=null, italic=null, alignHoriz=left, alignVert=center, wrapWidth=1, flipHoriz=null, flipVert=null )
1.667429999972228	EXP	Created trial_label_left_new = TextStim( name=trial_label_left_new, win=Window( name=Window, fullscr=true, color=#ffffff, ~), autoDraw=null, autoLog=true, units=height, ori=null, opacity=1, pos=[-0.4,-0.3], size=undefined, text=a = Nonword, font=Courier New, color=#000000, contrast=1, height=0.05, bold=null, italic=null, alignHoriz=left, alignVert=center, wrapWidth=1, flipHoriz=null, flipVert=null )
1.6681850000168197	EXP	Created feedback_text = TextStim( name=feedback_text, win=Window( name=Window, fullscr=true, color=#ffffff, ~), autoDraw=null, autoLog=true, units=height, ori=null, opacity=1, pos=[0,0], size=undefined, text=default text, font=Courier New, color=#FFFFFF, contrast=1, height=0.05, bold=null, italic=null, alignHoriz=left, alignVert=center, wrapWidth=1, flipHoriz=null, flipVert=null )
1.6712200000183657	EXP	Created button_left_2 = Rect( name=button_left_2, win=Window( name=Window, fullscr=true, color=#ffffff, ~), autoDraw=null, autoLog=true, units=height, ori=null, opacity=1, pos=[-0.4,-0.3], size=[1,1], lineWidth=1, lineColor=#000000, fillColor=#FFFFFF, vertices=[[-0.2,-0.1],[0.2,-0.1],[0.2,0.1],[-0.2,0.1]], closeShape=true, contrast=1, depth=-2, interpolate=true, width=0.4, height=0.2 )
1.674189999990631	EXP	Created button_right_2 = Rect( name=button_right_2, win=Window( name=Window, fullscr=true, color=#ffffff, ~), autoDraw=null, autoLog=true, units=height, ori=null, opacity=1, pos=[0.4,-0.3], size=[1,1], lineWidth=1, lineColor=#000000, fillColor=#FFFFFF, vertices=[[-0.2,-0.1],[0.2,-0.1],[0.2,0.1],[-0.2,0.1]], closeShape=true, contrast=1, depth=-3, interpolate=true, width=0.4, height=0.2 )
1.6749350000172853	EXP	Created trial_label_left_2 = TextStim( name=trial_label_left_2, win=Window( name=Window, fullscr=true, color=#ffffff, ~), autoDraw=null, autoLog=true, units=height, ori=null, opacity=1, pos=[-0.4,-0.3], size=undefined, text=a = Nonword, font=Courier New, color=#000000, contrast=1, height=0.05, bold=null, italic=null, alignHoriz=left, alignVert=center, wrapWidth=1, flipHoriz=null, flipVert=null )
1.6756199999945238	EXP	Created trial_label_right_2 = TextStim( name=trial_label_right_2, win=Window( name=Window, fullscr=true, color=#ffffff, ~), autoDraw=null, autoLog=true, units=height, ori=null, opacity=1, pos=[0.4,-0.3], size=undefined, text=l = Word, font=Courier New, color=#000000, contrast=1, height=0.05, bold=null, italic=null, alignHoriz=left, alignVert=center, wrapWidth=1, flipHoriz=null, flipVert=null )
1.6763049999717623	EXP	Created break_text = TextStim( name=break_text, win=Window( name=Window, fullscr=true, color=#ffffff, ~), autoDraw=null, autoLog=true, units=height, ori=null, opacity=1, pos=[0,0], size=undefined, text=default text, font=Courier New, color=#000000, contrast=1, height=0.05, bold=null, italic=null, alignHoriz=left, alignVert=center, wrapWidth=1, flipHoriz=null, flipVert=null )
1.6807200000039302	EXP	Created break_done_button = Rect( name=break_done_button, win=Window( name=Window, fullscr=true, color=#ffffff, ~), autoDraw=null, autoLog=true, units=height, ori=null, opacity=1, pos=[0,-0.4], size=[1,1], lineWidth=1, lineColor=#000000, fillColor=#FFFFFF, vertices=[[-0.2,-0.05],[0.2,-0.05],[0.2,0.05],[-0.2,0.05]], closeShape=true, contrast=1, depth=-4, interpolate=true, width=0.4, height=0.1 )
1.6815649999771267	EXP	Created break_done_button_label = TextStim( name=break_done_button_label, win=Window( name=Window, fullscr=true, color=#ffffff, ~), autoDraw=null, autoLog=true, units=height, ori=null, opacity=1, pos=[0,-0.4], size=undefined, text=Continue, font=Courier New, color=#000000, contrast=1, height=0.05, bold=null, italic=null, alignHoriz=left, alignVert=center, wrapWidth=1, flipHoriz=null, flipVert=null )
1.682604999979958	EXP	Created thank_you = TextStim( name=thank_you, win=Window( name=Window, fullscr=true, color=#ffffff, ~), autoDraw=null, autoLog=true, units=height, ori=null, opacity=1, pos=[0,0], size=undefined, text=This is the end of the experiment.

Please do not ~, font=Courier New, color=#000000, contrast=1, height=1, bold=null, italic=null, alignHoriz=left, alignVert=center, wrapWidth=1, flipHoriz=null, flipVert=null )
1.8408850000123493	EXP	instructions: units = "height"
1.8408850000123493	EXP	instructions: ori = 0
1.8408850000123493	EXP	instructions: opacity = 1
1.8408850000123493	EXP	instructions: pos = [0,0]
1.8408850000123493	EXP	instructions: size = undefined
1.8408850000123493	EXP	instructions: text = "default text"
1.8408850000123493	EXP	instructions: font = "Courier New"
1.8408850000123493	EXP	instructions: color = {"_hex":"#000000","_rgb":[0,0,0]}
1.8408850000123493	EXP	instructions: contrast = 1
1.8408850000123493	EXP	instructions: height = 0.035
1.8408850000123493	EXP	instructions: bold = false
1.8408850000123493	EXP	instructions: italic = false
1.8408850000123493	EXP	instructions: alignHoriz = "left"
1.8408850000123493	EXP	instructions: alignVert = "center"
1.8408850000123493	EXP	instructions: wrapWidth = 1
1.8408850000123493	EXP	instructions: flipHoriz = false
1.8408850000123493	EXP	instructions: flipVert = false
1.8408850000123493	EXP	instr_done_button: units = "height"
1.8408850000123493	EXP	instr_done_button: ori = 0
1.8408850000123493	EXP	instr_done_button: opacity = 1
1.8408850000123493	EXP	instr_done_button: pos = [0,-0.4]
1.8408850000123493	EXP	instr_done_button: size = [1,1]
1.8408850000123493	EXP	instr_done_button: lineWidth = 1
1.8408850000123493	EXP	instr_done_button: lineColor = {"_hex":"#000000","_rgb":[0,0,0]}
1.8408850000123493	EXP	instr_done_button: fillColor = {"_hex":"#FFFFFF","_rgb":[1,1,1]}
1.8408850000123493	EXP	instr_done_button: vertices = [[-0.5,0],[0,0.5],[0.5,0]]
1.8408850000123493	EXP	instr_done_button: closeShape = true
1.8408850000123493	EXP	instr_done_button: contrast = 1
1.8408850000123493	EXP	instr_done_button: depth = -2
1.8408850000123493	EXP	instr_done_button: interpolate = true
1.8408850000123493	EXP	instr_done_button: width = 0.4
1.8408850000123493	EXP	instr_done_button: vertices = [[-0.2,null],[0.2,null],[0.2,null],[-0.2,null]]
1.8408850000123493	EXP	instr_done_button: height = 0.1
1.8408850000123493	EXP	instr_done_button: vertices = [[-0.2,-0.05],[0.2,-0.05],[0.2,0.05],[-0.2,0.05]]
1.8408850000123493	EXP	instr_done_button: vertices = [[-0.2,-0.05],[0.2,-0.05],[0.2,0.05],[-0.2,0.05]]
1.8408850000123493	EXP	instr_done_label: units = "height"
1.8408850000123493	EXP	instr_done_label: ori = 0
1.8408850000123493	EXP	instr_done_label: opacity = 1
1.8408850000123493	EXP	instr_done_label: pos = [0,-0.4]
1.8408850000123493	EXP	instr_done_label: size = undefined
1.8408850000123493	EXP	instr_done_label: text = "Continue"
1.8408850000123493	EXP	instr_done_label: font = "Courier New"
1.8408850000123493	EXP	instr_done_label: color = {"_hex":"#000000","_rgb":[0,0,0]}
1.8408850000123493	EXP	instr_done_label: contrast = 1
1.8408850000123493	EXP	instr_done_label: height = 0.05
1.8408850000123493	EXP	instr_done_label: bold = false
1.8408850000123493	EXP	instr_done_label: italic = false
1.8408850000123493	EXP	instr_done_label: alignHoriz = "left"
1.8408850000123493	EXP	instr_done_label: alignVert = "center"
1.8408850000123493	EXP	instr_done_label: wrapWidth = 1
1.8408850000123493	EXP	instr_done_label: flipHoriz = false
1.8408850000123493	EXP	instr_done_label: flipVert = false
1.8408850000123493	EXP	fixation_mask: units = "height"
1.8408850000123493	EXP	fixation_mask: ori = 0
1.8408850000123493	EXP	fixation_mask: opacity = 1
1.8408850000123493	EXP	fixation_mask: pos = [0,0]
1.8408850000123493	EXP	fixation_mask: size = undefined
1.8408850000123493	EXP	fixation_mask: text = "######"
1.8408850000123493	EXP	fixation_mask: font = "Courier New"
1.8408850000123493	EXP	fixation_mask: color = {"_hex":"#000000","_rgb":[0,0,0]}
1.8408850000123493	EXP	fixation_mask: contrast = 1
1.8408850000123493	EXP	fixation_mask: height = 0.1
1.8408850000123493	EXP	fixation_mask: bold = false
1.8408850000123493	EXP	fixation_mask: italic = false
1.8408850000123493	EXP	fixation_mask: alignHoriz = "left"
1.8408850000123493	EXP	fixation_mask: alignVert = "center"
1.8408850000123493	EXP	fixation_mask: wrapWidth = 1
1.8408850000123493	EXP	fixation_mask: flipHoriz = false
1.8408850000123493	EXP	fixation_mask: flipVert = false
1.8408850000123493	EXP	prime_text: units = "height"
1.8408850000123493	EXP	prime_text: ori = 0
1.8408850000123493	EXP	prime_text: opacity = 1
1.8408850000123493	EXP	prime_text: pos = [0,0]
1.8408850000123493	EXP	prime_text: size = undefined
1.8408850000123493	EXP	prime_text: text = "default text"
1.8408850000123493	EXP	prime_text: font = "Courier New"
1.8408850000123493	EXP	prime_text: color = {"_hex":"#000000","_rgb":[0,0,0]}
1.8408850000123493	EXP	prime_text: contrast = 1
1.8408850000123493	EXP	prime_text: height = 0.1
1.8408850000123493	EXP	prime_text: bold = false
1.8408850000123493	EXP	prime_text: italic = false
1.8408850000123493	EXP	prime_text: alignHoriz = "left"
1.8408850000123493	EXP	prime_text: alignVert = "center"
1.8408850000123493	EXP	prime_text: wrapWidth = 1
1.8408850000123493	EXP	prime_text: flipHoriz = false
1.8408850000123493	EXP	prime_text: flipVert = false
1.8408850000123493	EXP	target: units = "height"
1.8408850000123493	EXP	target: ori = 0
1.8408850000123493	EXP	target: opacity = 1
1.8408850000123493	EXP	target: pos = [0,0]
1.8408850000123493	EXP	target: size = undefined
1.8408850000123493	EXP	target: text = "default text"
1.8408850000123493	EXP	target: font = "Arial"
1.8408850000123493	EXP	target: color = {"_hex":"#000000","_rgb":[0,0,0]}
1.8408850000123493	EXP	target: contrast = 1
1.8408850000123493	EXP	target: height = 0.1
1.8408850000123493	EXP	target: bold = false
1.8408850000123493	EXP	target: italic = false
1.8408850000123493	EXP	target: alignHoriz = "left"
1.8408850000123493	EXP	target: alignVert = "center"
1.8408850000123493	EXP	target: wrapWidth = 1
1.8408850000123493	EXP	target: flipHoriz = false
1.8408850000123493	EXP	target: flipVert = false
1.8408850000123493	EXP	button_left: units = "height"
1.8408850000123493	EXP	button_left: ori = 0
1.8408850000123493	EXP	button_left: opacity = 1
1.8408850000123493	EXP	button_left: pos = [-0.4,-0.3]
1.8408850000123493	EXP	button_left: size = [1,1]
1.8408850000123493	EXP	button_left: lineWidth = 1
1.8408850000123493	EXP	button_left: lineColor = {"_hex":"#000000","_rgb":[0,0,0]}
1.8408850000123493	EXP	button_left: fillColor = {"_hex":"#FFFFFF","_rgb":[1,1,1]}
1.8408850000123493	EXP	button_left: vertices = [[-0.5,0],[0,0.5],[0.5,0]]
1.8408850000123493	EXP	button_left: closeShape = true
1.8408850000123493	EXP	button_left: contrast = 1
1.8408850000123493	EXP	button_left: depth = -5
1.8408850000123493	EXP	button_left: interpolate = true
1.8408850000123493	EXP	button_left: width = 0.4
1.8408850000123493	EXP	button_left: vertices = [[-0.2,null],[0.2,null],[0.2,null],[-0.2,null]]
1.8408850000123493	EXP	button_left: height = 0.2
1.8408850000123493	EXP	button_left: vertices = [[-0.2,-0.1],[0.2,-0.1],[0.2,0.1],[-0.2,0.1]]
1.8408850000123493	EXP	button_left: vertices = [[-0.2,-0.1],[0.2,-0.1],[0.2,0.1],[-0.2,0.1]]
1.8408850000123493	EXP	button_right: units = "height"
1.8408850000123493	EXP	button_right: ori = 0
1.8408850000123493	EXP	button_right: opacity = 1
1.8408850000123493	EXP	button_right: pos = [0.4,-0.3]
1.8408850000123493	EXP	button_right: size = [1,1]
1.8408850000123493	EXP	button_right: lineWidth = 1
1.8408850000123493	EXP	button_right: lineColor = {"_hex":"#000000","_rgb":[0,0,0]}
1.8408850000123493	EXP	button_right: fillColor = {"_hex":"#FFFFFF","_rgb":[1,1,1]}
1.8408850000123493	EXP	button_right: vertices = [[-0.5,0],[0,0.5],[0.5,0]]
1.8408850000123493	EXP	button_right: closeShape = true
1.8408850000123493	EXP	button_right: contrast = 1
1.8408850000123493	EXP	button_right: depth = -6
1.8408850000123493	EXP	button_right: interpolate = true
1.8408850000123493	EXP	button_right: width = 0.4
1.8408850000123493	EXP	button_right: vertices = [[-0.2,null],[0.2,null],[0.2,null],[-0.2,null]]
1.8408850000123493	EXP	button_right: height = 0.2
1.8408850000123493	EXP	button_right: vertices = [[-0.2,-0.1],[0.2,-0.1],[0.2,0.1],[-0.2,0.1]]
1.8408850000123493	EXP	button_right: vertices = [[-0.2,-0.1],[0.2,-0.1],[0.2,0.1],[-0.2,0.1]]
1.8408850000123493	EXP	trial_label_right: units = "height"
1.8408850000123493	EXP	trial_label_right: ori = 0
1.8408850000123493	EXP	trial_label_right: opacity = 1
1.8408850000123493	EXP	trial_label_right: pos = [0.4,-0.3]
1.8408850000123493	EXP	trial_label_right: size = undefined
1.8408850000123493	EXP	trial_label_right: text = "l = Word"
1.8408850000123493	EXP	trial_label_right: font = "Courier New"
1.8408850000123493	EXP	trial_label_right: color = {"_hex":"#000000","_rgb":[0,0,0]}
1.8408850000123493	EXP	trial_label_right: contrast = 1
1.8408850000123493	EXP	trial_label_right: height = 0.05
1.8408850000123493	EXP	trial_label_right: bold = false
1.8408850000123493	EXP	trial_label_right: italic = false
1.8408850000123493	EXP	trial_label_right: alignHoriz = "left"
1.8408850000123493	EXP	trial_label_right: alignVert = "center"
1.8408850000123493	EXP	trial_label_right: wrapWidth = 1
1.8408850000123493	EXP	trial_label_right: flipHoriz = false
1.8408850000123493	EXP	trial_label_right: flipVert = false
1.8408850000123493	EXP	trial_label_left_new: units = "height"
1.8408850000123493	EXP	trial_label_left_new: ori = 0
1.8408850000123493	EXP	trial_label_left_new: opacity = 1
1.8408850000123493	EXP	trial_label_left_new: pos = [-0.4,-0.3]
1.8408850000123493	EXP	trial_label_left_new: size = undefined
1.8408850000123493	EXP	trial_label_left_new: text = "a = Nonword"
1.8408850000123493	EXP	trial_label_left_new: font = "Courier New"
1.8408850000123493	EXP	trial_label_left_new: color = {"_hex":"#000000","_rgb":[0,0,0]}
1.8408850000123493	EXP	trial_label_left_new: contrast = 1
1.8408850000123493	EXP	trial_label_left_new: height = 0.05
1.8408850000123493	EXP	trial_label_left_new: bold = false
1.8408850000123493	EXP	trial_label_left_new: italic = false
1.8408850000123493	EXP	trial_label_left_new: alignHoriz = "left"
1.8408850000123493	EXP	trial_label_left_new: alignVert = "center"
1.8408850000123493	EXP	trial_label_left_new: wrapWidth = 1
1.8408850000123493	EXP	trial_label_left_new: flipHoriz = false
1.8408850000123493	EXP	trial_label_left_new: flipVert = false
1.8408850000123493	EXP	feedback_text: units = "height"
1.8408850000123493	EXP	feedback_text: ori = 0
1.8408850000123493	EXP	feedback_text: opacity = 1
1.8408850000123493	EXP	feedback_text: pos = [0,0]
1.8408850000123493	EXP	feedback_text: size = undefined
1.8408850000123493	EXP	feedback_text: text = "default text"
1.8408850000123493	EXP	feedback_text: font = "Courier New"
1.8408850000123493	EXP	feedback_text: color = {"_hex":"#FFFFFF","_rgb":[1,1,1]}
1.8408850000123493	EXP	feedback_text: contrast = 1
1.8408850000123493	EXP	feedback_text: height = 0.05
1.8408850000123493	EXP	feedback_text: bold = false
1.8408850000123493	EXP	feedback_text: italic = false
1.8408850000123493	EXP	feedback_text: alignHoriz = "left"
1.8408850000123493	EXP	feedback_text: alignVert = "center"
1.8408850000123493	EXP	feedback_text: wrapWidth = 1
1.8408850000123493	EXP	feedback_text: flipHoriz = false
1.8408850000123493	EXP	feedback_text: flipVert = false
1.8408850000123493	EXP	button_left_2: units = "height"
1.8408850000123493	EXP	button_left_2: ori = 0
1.8408850000123493	EXP	button_left_2: opacity = 1
1.8408850000123493	EXP	button_left_2: pos = [-0.4,-0.3]
1.8408850000123493	EXP	button_left_2: size = [1,1]
1.8408850000123493	EXP	button_left_2: lineWidth = 1
1.8408850000123493	EXP	button_left_2: lineColor = {"_hex":"#000000","_rgb":[0,0,0]}
1.8408850000123493	EXP	button_left_2: fillColor = {"_hex":"#FFFFFF","_rgb":[1,1,1]}
1.8408850000123493	EXP	button_left_2: vertices = [[-0.5,0],[0,0.5],[0.5,0]]
1.8408850000123493	EXP	button_left_2: closeShape = true
1.8408850000123493	EXP	button_left_2: contrast = 1
1.8408850000123493	EXP	button_left_2: depth = -2
1.8408850000123493	EXP	button_left_2: interpolate = true
1.8408850000123493	EXP	button_left_2: width = 0.4
1.8408850000123493	EXP	button_left_2: vertices = [[-0.2,null],[0.2,null],[0.2,null],[-0.2,null]]
1.8408850000123493	EXP	button_left_2: height = 0.2
1.8408850000123493	EXP	button_left_2: vertices = [[-0.2,-0.1],[0.2,-0.1],[0.2,0.1],[-0.2,0.1]]
1.8408850000123493	EXP	button_left_2: vertices = [[-0.2,-0.1],[0.2,-0.1],[0.2,0.1],[-0.2,0.1]]
1.8408850000123493	EXP	button_right_2: units = "height"
1.8408850000123493	EXP	button_right_2: ori = 0
1.8408850000123493	EXP	button_right_2: opacity = 1
1.8408850000123493	EXP	button_right_2: pos = [0.4,-0.3]
1.8408850000123493	EXP	button_right_2: size = [1,1]
1.8408850000123493	EXP	button_right_2: lineWidth = 1
1.8408850000123493	EXP	button_right_2: lineColor = {"_hex":"#000000","_rgb":[0,0,0]}
1.8408850000123493	EXP	button_right_2: fillColor = {"_hex":"#FFFFFF","_rgb":[1,1,1]}
1.8408850000123493	EXP	button_right_2: vertices = [[-0.5,0],[0,0.5],[0.5,0]]
1.8408850000123493	EXP	button_right_2: closeShape = true
1.8408850000123493	EXP	button_right_2: contrast = 1
1.8408850000123493	EXP	button_right_2: depth = -3
1.8408850000123493	EXP	button_right_2: interpolate = true
1.8408850000123493	EXP	button_right_2: width = 0.4
1.8408850000123493	EXP	button_right_2: vertices = [[-0.2,null],[0.2,null],[0.2,null],[-0.2,null]]
1.8408850000123493	EXP	button_right_2: height = 0.2
1.8408850000123493	EXP	button_right_2: vertices = [[-0.2,-0.1],[0.2,-0.1],[0.2,0.1],[-0.2,0.1]]
1.8408850000123493	EXP	button_right_2: vertices = [[-0.2,-0.1],[0.2,-0.1],[0.2,0.1],[-0.2,0.1]]
1.8408850000123493	EXP	trial_label_left_2: units = "height"
1.8408850000123493	EXP	trial_label_left_2: ori = 0
1.8408850000123493	EXP	trial_label_left_2: opacity = 1
1.8408850000123493	EXP	trial_label_left_2: pos = [-0.4,-0.3]
1.8408850000123493	EXP	trial_label_left_2: size = undefined
1.8408850000123493	EXP	trial_label_left_2: text = "a = Nonword"
1.8408850000123493	EXP	trial_label_left_2: font = "Courier New"
1.8408850000123493	EXP	trial_label_left_2: color = {"_hex":"#000000","_rgb":[0,0,0]}
1.8408850000123493	EXP	trial_label_left_2: contrast = 1
1.8408850000123493	EXP	trial_label_left_2: height = 0.05
1.8408850000123493	EXP	trial_label_left_2: bold = false
1.8408850000123493	EXP	trial_label_left_2: italic = false
1.8408850000123493	EXP	trial_label_left_2: alignHoriz = "left"
1.8408850000123493	EXP	trial_label_left_2: alignVert = "center"
1.8408850000123493	EXP	trial_label_left_2: wrapWidth = 1
1.8408850000123493	EXP	trial_label_left_2: flipHoriz = false
1.8408850000123493	EXP	trial_label_left_2: flipVert = false
1.8408850000123493	EXP	trial_label_right_2: units = "height"
1.8408850000123493	EXP	trial_label_right_2: ori = 0
1.8408850000123493	EXP	trial_label_right_2: opacity = 1
1.8408850000123493	EXP	trial_label_right_2: pos = [0.4,-0.3]
1.8408850000123493	EXP	trial_label_right_2: size = undefined
1.8408850000123493	EXP	trial_label_right_2: text = "l = Word"
1.8408850000123493	EXP	trial_label_right_2: font = "Courier New"
1.8408850000123493	EXP	trial_label_right_2: color = {"_hex":"#000000","_rgb":[0,0,0]}
1.8408850000123493	EXP	trial_label_right_2: contrast = 1
1.8408850000123493	EXP	trial_label_right_2: height = 0.05
1.8408850000123493	EXP	trial_label_right_2: bold = false
1.8408850000123493	EXP	trial_label_right_2: italic = false
1.8408850000123493	EXP	trial_label_right_2: alignHoriz = "left"
1.8408850000123493	EXP	trial_label_right_2: alignVert = "center"
1.8408850000123493	EXP	trial_label_right_2: wrapWidth = 1
1.8408850000123493	EXP	trial_label_right_2: flipHoriz = false
1.8408850000123493	EXP	trial_label_right_2: flipVert = false
1.8408850000123493	EXP	instructions: units = "height"
1.8408850000123493	EXP	instructions: ori = 0
1.8408850000123493	EXP	instructions: opacity = 1
1.8408850000123493	EXP	instructions: pos = [0,0]
1.8408850000123493	EXP	instructions: size = undefined
1.8408850000123493	EXP	instructions: text = "default text"
1.8408850000123493	EXP	instructions: font = "Courier New"
1.8408850000123493	EXP	instructions: color = {"_hex":"#000000","_rgb":[0,0,0]}
1.8408850000123493	EXP	instructions: contrast = 1
1.8408850000123493	EXP	instructions: height = 0.035
1.8408850000123493	EXP	instructions: bold = false
1.8408850000123493	EXP	instructions: italic = false
1.8408850000123493	EXP	instructions: alignHoriz = "left"
1.8408850000123493	EXP	instructions: alignVert = "center"
1.8408850000123493	EXP	instructions: wrapWidth = 1
1.8408850000123493	EXP	instructions: flipHoriz = false
1.8408850000123493	EXP	instructions: flipVert = false
1.8408850000123493	EXP	instr_done_button: units = "height"
1.8408850000123493	EXP	instr_done_button: ori = 0
1.8408850000123493	EXP	instr_done_button: opacity = 1
1.8408850000123493	EXP	instr_done_button: pos = [0,-0.4]
1.8408850000123493	EXP	instr_done_button: size = [1,1]
1.8408850000123493	EXP	instr_done_button: lineWidth = 1
1.8408850000123493	EXP	instr_done_button: lineColor = {"_hex":"#000000","_rgb":[0,0,0]}
1.8408850000123493	EXP	instr_done_button: fillColor = {"_hex":"#FFFFFF","_rgb":[1,1,1]}
1.8408850000123493	EXP	instr_done_button: vertices = [[-0.5,0],[0,0.5],[0.5,0]]
1.8408850000123493	EXP	instr_done_button: closeShape = true
1.8408850000123493	EXP	instr_done_button: contrast = 1
1.8408850000123493	EXP	instr_done_button: depth = -2
1.8408850000123493	EXP	instr_done_button: interpolate = true
1.8408850000123493	EXP	instr_done_button: width = 0.4
1.8408850000123493	EXP	instr_done_button: vertices = [[-0.2,null],[0.2,null],[0.2,null],[-0.2,null]]
1.8408850000123493	EXP	instr_done_button: height = 0.1
1.8408850000123493	EXP	instr_done_button: vertices = [[-0.2,-0.05],[0.2,-0.05],[0.2,0.05],[-0.2,0.05]]
1.8408850000123493	EXP	instr_done_button: vertices = [[-0.2,-0.05],[0.2,-0.05],[0.2,0.05],[-0.2,0.05]]
1.8408850000123493	EXP	instr_done_label: units = "height"
1.8408850000123493	EXP	instr_done_label: ori = 0
1.8408850000123493	EXP	instr_done_label: opacity = 1
1.8408850000123493	EXP	instr_done_label: pos = [0,-0.4]
1.8408850000123493	EXP	instr_done_label: size = undefined
1.8408850000123493	EXP	instr_done_label: text = "Continue"
1.8408850000123493	EXP	instr_done_label: font = "Courier New"
1.8408850000123493	EXP	instr_done_label: color = {"_hex":"#000000","_rgb":[0,0,0]}
1.8408850000123493	EXP	instr_done_label: contrast = 1
1.8408850000123493	EXP	instr_done_label: height = 0.05
1.8408850000123493	EXP	instr_done_label: bold = false
1.8408850000123493	EXP	instr_done_label: italic = false
1.8408850000123493	EXP	instr_done_label: alignHoriz = "left"
1.8408850000123493	EXP	instr_done_label: alignVert = "center"
1.8408850000123493	EXP	instr_done_label: wrapWidth = 1
1.8408850000123493	EXP	instr_done_label: flipHoriz = false
1.8408850000123493	EXP	instr_done_label: flipVert = false
1.8408850000123493	EXP	fixation_mask: units = "height"
1.8408850000123493	EXP	fixation_mask: ori = 0
1.8408850000123493	EXP	fixation_mask: opacity = 1
1.8408850000123493	EXP	fixation_mask: pos = [0,0]
1.8408850000123493	EXP	fixation_mask: size = undefined
1.8408850000123493	EXP	fixation_mask: text = "######"
1.8408850000123493	EXP	fixation_mask: font = "Courier New"
1.8408850000123493	EXP	fixation_mask: color = {"_hex":"#000000","_rgb":[0,0,0]}
1.8408850000123493	EXP	fixation_mask: contrast = 1
1.8408850000123493	EXP	fixation_mask: height = 0.1
1.8408850000123493	EXP	fixation_mask: bold = false
1.8408850000123493	EXP	fixation_mask: italic = false
1.8408850000123493	EXP	fixation_mask: alignHoriz = "left"
1.8408850000123493	EXP	fixation_mask: alignVert = "center"
1.8408850000123493	EXP	fixation_mask: wrapWidth = 1
1.8408850000123493	EXP	fixation_mask: flipHoriz = false
1.8408850000123493	EXP	fixation_mask: flipVert = false
1.8408850000123493	EXP	prime_text: units = "height"
1.8408850000123493	EXP	prime_text: ori = 0
1.8408850000123493	EXP	prime_text: opacity = 1
1.8408850000123493	EXP	prime_text: pos = [0,0]
1.8408850000123493	EXP	prime_text: size = undefined
1.8408850000123493	EXP	prime_text: text = "default text"
1.8408850000123493	EXP	prime_text: font = "Courier New"
1.8408850000123493	EXP	prime_text: color = {"_hex":"#000000","_rgb":[0,0,0]}
1.8408850000123493	EXP	prime_text: contrast = 1
1.8408850000123493	EXP	prime_text: height = 0.1
1.8408850000123493	EXP	prime_text: bold = false
1.8408850000123493	EXP	prime_text: italic = false
1.8408850000123493	EXP	prime_text: alignHoriz = "left"
1.8408850000123493	EXP	prime_text: alignVert = "center"
1.8408850000123493	EXP	prime_text: wrapWidth = 1
1.8408850000123493	EXP	prime_text: flipHoriz = false
1.8408850000123493	EXP	prime_text: flipVert = false
1.8408850000123493	EXP	target: units = "height"
1.8408850000123493	EXP	target: ori = 0
1.8408850000123493	EXP	target: opacity = 1
1.8408850000123493	EXP	target: pos = [0,0]
1.8408850000123493	EXP	target: size = undefined
1.8408850000123493	EXP	target: text = "default text"
1.8408850000123493	EXP	target: font = "Arial"
1.8408850000123493	EXP	target: color = {"_hex":"#000000","_rgb":[0,0,0]}
1.8408850000123493	EXP	target: contrast = 1
1.8408850000123493	EXP	target: height = 0.1
1.8408850000123493	EXP	target: bold = false
1.8408850000123493	EXP	target: italic = false
1.8408850000123493	EXP	target: alignHoriz = "left"
1.8408850000123493	EXP	target: alignVert = "center"
1.8408850000123493	EXP	target: wrapWidth = 1
1.8408850000123493	EXP	target: flipHoriz = false
1.8408850000123493	EXP	target: flipVert = false
1.8408850000123493	EXP	button_left: units = "height"
1.8408850000123493	EXP	button_left: ori = 0
1.8408850000123493	EXP	button_left: opacity = 1
1.8408850000123493	EXP	button_left: pos = [-0.4,-0.3]
1.8408850000123493	EXP	button_left: size = [1,1]
1.8408850000123493	EXP	button_left: lineWidth = 1
1.8408850000123493	EXP	button_left: lineColor = {"_hex":"#000000","_rgb":[0,0,0]}
1.8408850000123493	EXP	button_left: fillColor = {"_hex":"#FFFFFF","_rgb":[1,1,1]}
1.8408850000123493	EXP	button_left: vertices = [[-0.5,0],[0,0.5],[0.5,0]]
1.8408850000123493	EXP	button_left: closeShape = true
1.8408850000123493	EXP	button_left: contrast = 1
1.8408850000123493	EXP	button_left: depth = -5
1.8408850000123493	EXP	button_left: interpolate = true
1.8408850000123493	EXP	button_left: width = 0.4
1.8408850000123493	EXP	button_left: vertices = [[-0.2,null],[0.2,null],[0.2,null],[-0.2,null]]
1.8408850000123493	EXP	button_left: height = 0.2
1.8408850000123493	EXP	button_left: vertices = [[-0.2,-0.1],[0.2,-0.1],[0.2,0.1],[-0.2,0.1]]
1.8408850000123493	EXP	button_left: vertices = [[-0.2,-0.1],[0.2,-0.1],[0.2,0.1],[-0.2,0.1]]
1.8408850000123493	EXP	button_right: units = "height"
1.8408850000123493	EXP	button_right: ori = 0
1.8408850000123493	EXP	button_right: opacity = 1
1.8408850000123493	EXP	button_right: pos = [0.4,-0.3]
1.8408850000123493	EXP	button_right: size = [1,1]
1.8408850000123493	EXP	button_right: lineWidth = 1
1.8408850000123493	EXP	button_right: lineColor = {"_hex":"#000000","_rgb":[0,0,0]}
1.8408850000123493	EXP	button_right: fillColor = {"_hex":"#FFFFFF","_rgb":[1,1,1]}
1.8408850000123493	EXP	button_right: vertices = [[-0.5,0],[0,0.5],[0.5,0]]
1.8408850000123493	EXP	button_right: closeShape = true
1.8408850000123493	EXP	button_right: contrast = 1
1.8408850000123493	EXP	button_right: depth = -6
1.8408850000123493	EXP	button_right: interpolate = true
1.8408850000123493	EXP	button_right: width = 0.4
1.8408850000123493	EXP	button_right: vertices = [[-0.2,null],[0.2,null],[0.2,null],[-0.2,null]]
1.8408850000123493	EXP	button_right: height = 0.2
1.8408850000123493	EXP	button_right: vertices = [[-0.2,-0.1],[0.2,-0.1],[0.2,0.1],[-0.2,0.1]]
1.8408850000123493	EXP	button_right: vertices = [[-0.2,-0.1],[0.2,-0.1],[0.2,0.1],[-0.2,0.1]]
1.8408850000123493	EXP	trial_label_right: units = "height"
1.8408850000123493	EXP	trial_label_right: ori = 0
1.8408850000123493	EXP	trial_label_right: opacity = 1
1.8408850000123493	EXP	trial_label_right: pos = [0.4,-0.3]
1.8408850000123493	EXP	trial_label_right: size = undefined
1.8408850000123493	EXP	trial_label_right: text = "l = Word"
1.8408850000123493	EXP	trial_label_right: font = "Courier New"
1.8408850000123493	EXP	trial_label_right: color = {"_hex":"#000000","_rgb":[0,0,0]}
1.8408850000123493	EXP	trial_label_right: contrast = 1
1.8408850000123493	EXP	trial_label_right: height = 0.05
1.8408850000123493	EXP	trial_label_right: bold = false
1.8408850000123493	EXP	trial_label_right: italic = false
1.8408850000123493	EXP	trial_label_right: alignHoriz = "left"
1.8408850000123493	EXP	trial_label_right: alignVert = "center"
1.8408850000123493	EXP	trial_label_right: wrapWidth = 1
1.8408850000123493	EXP	trial_label_right: flipHoriz = false
1.8408850000123493	EXP	trial_label_right: flipVert = false
1.8408850000123493	EXP	trial_label_left_new: units = "height"
1.8408850000123493	EXP	trial_label_left_new: ori = 0
1.8408850000123493	EXP	trial_label_left_new: opacity = 1
1.8408850000123493	EXP	trial_label_left_new: pos = [-0.4,-0.3]
1.8408850000123493	EXP	trial_label_left_new: size = undefined
1.8408850000123493	EXP	trial_label_left_new: text = "a = Nonword"
1.8408850000123493	EXP	trial_label_left_new: font = "Courier New"
1.8408850000123493	EXP	trial_label_left_new: color = {"_hex":"#000000","_rgb":[0,0,0]}
1.8408850000123493	EXP	trial_label_left_new: contrast = 1
1.8408850000123493	EXP	trial_label_left_new: height = 0.05
1.8408850000123493	EXP	trial_label_left_new: bold = false
1.8408850000123493	EXP	trial_label_left_new: italic = false
1.8408850000123493	EXP	trial_label_left_new: alignHoriz = "left"
1.8408850000123493	EXP	trial_label_left_new: alignVert = "center"
1.8408850000123493	EXP	trial_label_left_new: wrapWidth = 1
1.8408850000123493	EXP	trial_label_left_new: flipHoriz = false
1.8408850000123493	EXP	trial_label_left_new: flipVert = false
1.8408850000123493	EXP	feedback_text: units = "height"
1.8408850000123493	EXP	feedback_text: ori = 0
1.8408850000123493	EXP	feedback_text: opacity = 1
1.8408850000123493	EXP	feedback_text: pos = [0,0]
1.8408850000123493	EXP	feedback_text: size = undefined
1.8408850000123493	EXP	feedback_text: text = "default text"
1.8408850000123493	EXP	feedback_text: font = "Courier New"
1.8408850000123493	EXP	feedback_text: color = {"_hex":"#FFFFFF","_rgb":[1,1,1]}
1.8408850000123493	EXP	feedback_text: contrast = 1
1.8408850000123493	EXP	feedback_text: height = 0.05
1.8408850000123493	EXP	feedback_text: bold = false
1.8408850000123493	EXP	feedback_text: italic = false
1.8408850000123493	EXP	feedback_text: alignHoriz = "left"
1.8408850000123493	EXP	feedback_text: alignVert = "center"
1.8408850000123493	EXP	feedback_text: wrapWidth = 1
1.8408850000123493	EXP	feedback_text: flipHoriz = false
1.8408850000123493	EXP	feedback_text: flipVert = false
1.8408850000123493	EXP	button_left_2: units = "height"
1.8408850000123493	EXP	button_left_2: ori = 0
1.8408850000123493	EXP	button_left_2: opacity = 1
1.8408850000123493	EXP	button_left_2: pos = [-0.4,-0.3]
1.8408850000123493	EXP	button_left_2: size = [1,1]
1.8408850000123493	EXP	button_left_2: lineWidth = 1
1.8408850000123493	EXP	button_left_2: lineColor = {"_hex":"#000000","_rgb":[0,0,0]}
1.8408850000123493	EXP	button_left_2: fillColor = {"_hex":"#FFFFFF","_rgb":[1,1,1]}
1.8408850000123493	EXP	button_left_2: vertices = [[-0.5,0],[0,0.5],[0.5,0]]
1.8408850000123493	EXP	button_left_2: closeShape = true
1.8408850000123493	EXP	button_left_2: contrast = 1
1.8408850000123493	EXP	button_left_2: depth = -2
1.8408850000123493	EXP	button_left_2: interpolate = true
1.8408850000123493	EXP	button_left_2: width = 0.4
1.8408850000123493	EXP	button_left_2: vertices = [[-0.2,null],[0.2,null],[0.2,null],[-0.2,null]]
1.8408850000123493	EXP	button_left_2: height = 0.2
1.8408850000123493	EXP	button_left_2: vertices = [[-0.2,-0.1],[0.2,-0.1],[0.2,0.1],[-0.2,0.1]]
1.8408850000123493	EXP	button_left_2: vertices = [[-0.2,-0.1],[0.2,-0.1],[0.2,0.1],[-0.2,0.1]]
1.8408850000123493	EXP	button_right_2: units = "height"
1.8408850000123493	EXP	button_right_2: ori = 0
1.8408850000123493	EXP	button_right_2: opacity = 1
1.8408850000123493	EXP	button_right_2: pos = [0.4,-0.3]
1.8408850000123493	EXP	button_right_2: size = [1,1]
1.8408850000123493	EXP	button_right_2: lineWidth = 1
1.8408850000123493	EXP	button_right_2: lineColor = {"_hex":"#000000","_rgb":[0,0,0]}
1.8408850000123493	EXP	button_right_2: fillColor = {"_hex":"#FFFFFF","_rgb":[1,1,1]}
1.8408850000123493	EXP	button_right_2: vertices = [[-0.5,0],[0,0.5],[0.5,0]]
1.8408850000123493	EXP	button_right_2: closeShape = true
1.8408850000123493	EXP	button_right_2: contrast = 1
1.8408850000123493	EXP	button_right_2: depth = -3
1.8408850000123493	EXP	button_right_2: interpolate = true
1.8408850000123493	EXP	button_right_2: width = 0.4
1.8408850000123493	EXP	button_right_2: vertices = [[-0.2,null],[0.2,null],[0.2,null],[-0.2,null]]
1.8408850000123493	EXP	button_right_2: height = 0.2
1.8408850000123493	EXP	button_right_2: vertices = [[-0.2,-0.1],[0.2,-0.1],[0.2,0.1],[-0.2,0.1]]
1.8408850000123493	EXP	button_right_2: vertices = [[-0.2,-0.1],[0.2,-0.1],[0.2,0.1],[-0.2,0.1]]
1.8408850000123493	EXP	trial_label_left_2: units = "height"
1.8408850000123493	EXP	trial_label_left_2: ori = 0
1.8408850000123493	EXP	trial_label_left_2: opacity = 1
1.8408850000123493	EXP	trial_label_left_2: pos = [-0.4,-0.3]
1.8408850000123493	EXP	trial_label_left_2: size = undefined
1.8408850000123493	EXP	trial_label_left_2: text = "a = Nonword"
1.8408850000123493	EXP	trial_label_left_2: font = "Courier New"
1.8408850000123493	EXP	trial_label_left_2: color = {"_hex":"#000000","_rgb":[0,0,0]}
1.8408850000123493	EXP	trial_label_left_2: contrast = 1
1.8408850000123493	EXP	trial_label_left_2: height = 0.05
1.8408850000123493	EXP	trial_label_left_2: bold = false
1.8408850000123493	EXP	trial_label_left_2: italic = false
1.8408850000123493	EXP	trial_label_left_2: alignHoriz = "left"
1.8408850000123493	EXP	trial_label_left_2: alignVert = "center"
1.8408850000123493	EXP	trial_label_left_2: wrapWidth = 1
1.8408850000123493	EXP	trial_label_left_2: flipHoriz = false
1.8408850000123493	EXP	trial_label_left_2: flipVert = false
1.8408850000123493	EXP	trial_label_right_2: units = "height"
1.8408850000123493	EXP	trial_label_right_2: ori = 0
1.8408850000123493	EXP	trial_label_right_2: opacity = 1
1.8408850000123493	EXP	trial_label_right_2: pos = [0.4,-0.3]
1.8408850000123493	EXP	trial_label_right_2: size = undefined
1.8408850000123493	EXP	trial_label_right_2: text = "l = Word"
1.8408850000123493	EXP	trial_label_right_2: font = "Courier New"
1.8408850000123493	EXP	trial_label_right_2: color = {"_hex":"#000000","_rgb":[0,0,0]}
1.8408850000123493	EXP	trial_label_right_2: contrast = 1
1.8408850000123493	EXP	trial_label_right_2: height = 0.05
1.8408850000123493	EXP	trial_label_right_2: bold = false
1.8408850000123493	EXP	trial_label_right_2: italic = false
1.8408850000123493	EXP	trial_label_right_2: alignHoriz = "left"
1.8408850000123493	EXP	trial_label_right_2: alignVert = "center"
1.8408850000123493	EXP	trial_label_right_2: wrapWidth = 1
1.8408850000123493	EXP	trial_label_right_2: flipHoriz = false
1.8408850000123493	EXP	trial_label_right_2: flipVert = false
1.8408850000123493	EXP	break_text: units = "height"
1.8408850000123493	EXP	break_text: ori = 0
1.8408850000123493	EXP	break_text: opacity = 1
1.8408850000123493	EXP	break_text: pos = [0,0]
1.8408850000123493	EXP	break_text: size = undefined
1.8408850000123493	EXP	break_text: text = "default text"
1.8408850000123493	EXP	break_text: font = "Courier New"
1.8408850000123493	EXP	break_text: color = {"_hex":"#000000","_rgb":[0,0,0]}
1.8408850000123493	EXP	break_text: contrast = 1
1.8408850000123493	EXP	break_text: height = 0.05
1.8408850000123493	EXP	break_text: bold = false
1.8408850000123493	EXP	break_text: italic = false
1.8408850000123493	EXP	break_text: alignHoriz = "left"
1.8408850000123493	EXP	break_text: alignVert = "center"
1.8408850000123493	EXP	break_text: wrapWidth = 1
1.8408850000123493	EXP	break_text: flipHoriz = false
1.8408850000123493	EXP	break_text: flipVert = false
1.8408850000123493	EXP	break_done_button: units = "height"
1.8408850000123493	EXP	break_done_button: ori = 0
1.8408850000123493	EXP	break_done_button: opacity = 1
1.8408850000123493	EXP	break_done_button: pos = [0,-0.4]
1.8408850000123493	EXP	break_done_button: size = [1,1]
1.8408850000123493	EXP	break_done_button: lineWidth = 1
1.8408850000123493	EXP	break_done_button: lineColor = {"_hex":"#000000","_rgb":[0,0,0]}
1.8408850000123493	EXP	break_done_button: fillColor = {"_hex":"#FFFFFF","_rgb":[1,1,1]}
1.8408850000123493	EXP	break_done_button: vertices = [[-0.5,0],[0,0.5],[0.5,0]]
1.8408850000123493	EXP	break_done_button: closeShape = true
1.8408850000123493	EXP	break_done_button: contrast = 1
1.8408850000123493	EXP	break_done_button: depth = -4
1.8408850000123493	EXP	break_done_button: interpolate = true
1.8408850000123493	EXP	break_done_button: width = 0.4
1.8408850000123493	EXP	break_done_button: vertices = [[-0.2,null],[0.2,null],[0.2,null],[-0.2,null]]
1.8408850000123493	EXP	break_done_button: height = 0.1
1.8408850000123493	EXP	break_done_button: vertices = [[-0.2,-0.05],[0.2,-0.05],[0.2,0.05],[-0.2,0.05]]
1.8408850000123493	EXP	break_done_button: vertices = [[-0.2,-0.05],[0.2,-0.05],[0.2,0.05],[-0.2,0.05]]
1.8408850000123493	EXP	break_done_button_label: units = "height"
1.8408850000123493	EXP	break_done_button_label: ori = 0
1.8408850000123493	EXP	break_done_button_label: opacity = 1
1.8408850000123493	EXP	break_done_button_label: pos = [0,-0.4]
1.8408850000123493	EXP	break_done_button_label: size = undefined
1.8408850000123493	EXP	break_done_button_label: text = "Continue"
1.8408850000123493	EXP	break_done_button_label: font = "Courier New"
1.8408850000123493	EXP	break_done_button_label: color = {"_hex":"#000000","_rgb":[0,0,0]}
1.8408850000123493	EXP	break_done_button_label: contrast = 1
1.8408850000123493	EXP	break_done_button_label: height = 0.05
1.8408850000123493	EXP	break_done_button_label: bold = false
1.8408850000123493	EXP	break_done_button_label: italic = false
1.8408850000123493	EXP	break_done_button_label: alignHoriz = "left"
1.8408850000123493	EXP	break_done_button_label: alignVert = "center"
1.8408850000123493	EXP	break_done_button_label: wrapWidth = 1
1.8408850000123493	EXP	break_done_button_label: flipHoriz = false
1.8408850000123493	EXP	break_done_button_label: flipVert = false
1.8408850000123493	EXP	thank_you: units = "height"
1.8408850000123493	EXP	thank_you: ori = 0
1.8408850000123493	EXP	thank_you: opacity = 1
1.8408850000123493	EXP	thank_you: pos = [0,0]
1.8408850000123493	EXP	thank_you: size = undefined
1.8408850000123493	EXP	thank_you: text = "This is the end of the experiment.\n\nPlease do not close this window until you have been redirected to the debriefing page. \n\nYou must go to the debriefing page in order to receive your participation credit."
1.8408850000123493	EXP	thank_you: font = "Courier New"
1.8408850000123493	EXP	thank_you: color = {"_hex":"#000000","_rgb":[0,0,0]}
1.8408850000123493	EXP	thank_you: contrast = 1
1.8408850000123493	EXP	thank_you: height = 1
1.8408850000123493	EXP	thank_you: bold = false
1.8408850000123493	EXP	thank_you: italic = false
1.8408850000123493	EXP	thank_you: alignHoriz = "left"
1.8408850000123493	EXP	thank_you: alignVert = "center"
1.8408850000123493	EXP	thank_you: wrapWidth = 1
1.8408850000123493	EXP	thank_you: flipHoriz = false
1.8408850000123493	EXP	thank_you: flipVert = false
1.8408850000123493	EXP	instructions: text = "INSTRUCTIONS\r\nAt the start of each trial, look at the hash marks (######) in the center of the screen. After a moment, a string of letters will appear. Your task is to indicate if the letter string forms a word or not (i.e., if it is a nonword). For example, AUTHOR is a word while AUTHON is a nonword.\r\n\r\nPress the space bar or click the button below to continue."
1.8408850000123493	EXP	instructions: autoDraw = true
1.8408850000123493	EXP	instr_done_button: autoDraw = true
1.8408850000123493	EXP	instr_done_label: autoDraw = true
2.814799999992829	DATA	Mouse: 0 button down, pos=(916,943)
2.829280000005383	EXP	instructions: autoDraw = false
2.829280000005383	EXP	instr_done_button: autoDraw = false
2.829280000005383	EXP	instr_done_label: autoDraw = false
2.829280000005383	EXP	instructions: text = "If your device has a keyboard, press the 'a' key for nonwords and the 'l' key for words. If your device does not have a keyboard, touch the left button on the screen for nonwords and the right button for words. Do not use the mouse as this will slow down your response. \r\n\r\nPress the space bar or click the button below to continue."
2.829280000005383	EXP	instructions: autoDraw = true
2.829280000005383	EXP	instr_done_button: autoDraw = true
2.829280000005383	EXP	instr_done_label: autoDraw = true
2.9107749999966472	DATA	Mouse: 0 button down, pos=(916,943)
3.294274999992922	DATA	Mouse: 0 button down, pos=(916,943)
3.3134399999980815	EXP	instructions: autoDraw = false
3.3134399999980815	EXP	instr_done_button: autoDraw = false
3.3134399999980815	EXP	instr_done_label: autoDraw = false
3.3134399999980815	EXP	instructions: text = "It is very important that you respond as quickly and accurately as possible, as each letter string will only be on the screen for two seconds. If you do not respond within this time, the message 'Too slow!' will be displayed and the experiment will progress to the next letter string. The first 20 trials will be practice trials and you will receive feedback on your answers. \r\n\r\nPress the space bar or touch the button below to start the practice trials."
3.3134399999980815	EXP	instructions: autoDraw = true
3.3134399999980815	EXP	instr_done_button: autoDraw = true
3.3134399999980815	EXP	instr_done_label: autoDraw = true
3.3917200000141747	DATA	Mouse: 0 button down, pos=(916,943)
3.935829999973066	DATA	Mouse: 0 button down, pos=(917,943)
4.0724499999778345	EXP	instructions: autoDraw = false
4.0724499999778345	EXP	instr_done_button: autoDraw = false
4.0724499999778345	EXP	instr_done_label: autoDraw = false
4.0724499999778345	EXP	prime_text: text = "inlade"
4.0724499999778345	EXP	target: text = "INLADE"
4.0724499999778345	EXP	target: font = "Courier New"
4.0724499999778345	EXP	fixation_mask: autoDraw = true
4.0724499999778345	EXP	button_left: autoDraw = true
4.0724499999778345	EXP	button_right: autoDraw = true
4.0724499999778345	EXP	trial_label_right: autoDraw = true
4.0724499999778345	EXP	trial_label_left_new: autoDraw = true
4.244814999983646	DATA	Mouse: 0 button down, pos=(917,943)
4.560360000003129	EXP	fixation_mask: autoDraw = false
4.577229999995325	EXP	prime_text: autoDraw = true
4.612495000008494	EXP	prime_text: autoDraw = false
4.627770000020973	EXP	target: autoDraw = true
6.612569999997504	EXP	target: autoDraw = false
6.612569999997504	EXP	button_left: autoDraw = false
6.612569999997504	EXP	button_right: autoDraw = false
6.612569999997504	EXP	trial_label_right: autoDraw = false
6.612569999997504	EXP	trial_label_left_new: autoDraw = false
6.612569999997504	EXP	fixation_mask: autoDraw = false
6.612569999997504	EXP	prime_text: autoDraw = false
6.612569999997504	EXP	target: autoDraw = false
6.612569999997504	EXP	button_left: autoDraw = false
6.612569999997504	EXP	button_right: autoDraw = false
6.612569999997504	EXP	trial_label_right: autoDraw = false
6.612569999997504	EXP	trial_label_left_new: autoDraw = false
6.612569999997504	EXP	feedback_text: color = {"_hex":"#000000","_rgb":[0,0,0]}
6.612569999997504	EXP	feedback_text: text = "Too slow!"
6.612569999997504	EXP	feedback_text: autoDraw = true
6.612569999997504	EXP	button_left_2: autoDraw = true
6.612569999997504	EXP	button_right_2: autoDraw = true
6.612569999997504	EXP	trial_label_left_2: autoDraw = true
6.612569999997504	EXP	trial_label_right_2: autoDraw = true
7.105589999991935	EXP	feedback_text: autoDraw = false
7.105589999991935	EXP	button_left_2: autoDraw = false
7.105589999991935	EXP	button_right_2: autoDraw = false
7.105589999991935	EXP	trial_label_left_2: autoDraw = false
7.105589999991935	EXP	trial_label_right_2: autoDraw = false
7.105589999991935	EXP	feedback_text: autoDraw = false
7.105589999991935	EXP	button_left_2: autoDraw = false
7.105589999991935	EXP	button_right_2: autoDraw = false
7.105589999991935	EXP	trial_label_left_2: autoDraw = false
7.105589999991935	EXP	trial_label_right_2: autoDraw = false
7.105589999991935	EXP	prime_text: text = "matrix"
7.105589999991935	EXP	target: text = "MATRIX"
7.105589999991935	EXP	target: font = "Courier New"
7.105589999991935	EXP	fixation_mask: autoDraw = true
7.105589999991935	EXP	button_left: autoDraw = true
7.105589999991935	EXP	button_right: autoDraw = true
7.105589999991935	EXP	trial_label_right: autoDraw = true
7.105589999991935	EXP	trial_label_left_new: autoDraw = true
7.604234999977052	EXP	fixation_mask: autoDraw = false
7.621869999973569	EXP	prime_text: autoDraw = true
7.653739999979734	EXP	prime_text: autoDraw = false
7.672469999990426	EXP	target: autoDraw = true
9.654604999988806	EXP	target: autoDraw = false
9.654604999988806	EXP	button_left: autoDraw = false
9.654604999988806	EXP	button_right: autoDraw = false
9.654604999988806	EXP	trial_label_right: autoDraw = false
9.654604999988806	EXP	trial_label_left_new: autoDraw = false
9.654604999988806	EXP	fixation_mask: autoDraw = false
9.654604999988806	EXP	prime_text: autoDraw = false
9.654604999988806	EXP	target: autoDraw = false
9.654604999988806	EXP	button_left: autoDraw = false
9.654604999988806	EXP	button_right: autoDraw = false
9.654604999988806	EXP	trial_label_right: autoDraw = false
9.654604999988806	EXP	trial_label_left_new: autoDraw = false
9.654604999988806	EXP	feedback_text: color = {"_hex":"#000000","_rgb":[0,0,0]}
9.654604999988806	EXP	feedback_text: text = "Too slow!"
9.654604999988806	EXP	feedback_text: autoDraw = true
9.654604999988806	EXP	button_left_2: autoDraw = true
9.654604999988806	EXP	button_right_2: autoDraw = true
9.654604999988806	EXP	trial_label_left_2: autoDraw = true
9.654604999988806	EXP	trial_label_right_2: autoDraw = true
10.154054999991786	EXP	feedback_text: autoDraw = false
10.154054999991786	EXP	button_left_2: autoDraw = false
10.154054999991786	EXP	button_right_2: autoDraw = false
10.154054999991786	EXP	trial_label_left_2: autoDraw = false
10.154054999991786	EXP	trial_label_right_2: autoDraw = false
10.154054999991786	EXP	feedback_text: autoDraw = false
10.154054999991786	EXP	button_left_2: autoDraw = false
10.154054999991786	EXP	button_right_2: autoDraw = false
10.154054999991786	EXP	trial_label_left_2: autoDraw = false
10.154054999991786	EXP	trial_label_right_2: autoDraw = false
10.154054999991786	EXP	prime_text: text = "frenzy"
10.154054999991786	EXP	target: text = "OBTAIN"
10.154054999991786	EXP	target: font = "Courier New"
10.154054999991786	EXP	fixation_mask: autoDraw = true
10.154054999991786	EXP	button_left: autoDraw = true
10.154054999991786	EXP	button_right: autoDraw = true
10.154054999991786	EXP	trial_label_right: autoDraw = true
10.154054999991786	EXP	trial_label_left_new: autoDraw = true
10.653824999986682	EXP	fixation_mask: autoDraw = false
10.671685000008438	EXP	prime_text: autoDraw = true
10.687320000026375	EXP	prime_text: autoDraw = false
10.705039999971632	EXP	target: autoDraw = true
12.688329999975394	EXP	target: autoDraw = false
12.688329999975394	EXP	button_left: autoDraw = false
12.688329999975394	EXP	button_right: autoDraw = false
12.688329999975394	EXP	trial_label_right: autoDraw = false
12.688329999975394	EXP	trial_label_left_new: autoDraw = false
12.688329999975394	EXP	fixation_mask: autoDraw = false
12.688329999975394	EXP	prime_text: autoDraw = false
12.688329999975394	EXP	target: autoDraw = false
12.688329999975394	EXP	button_left: autoDraw = false
12.688329999975394	EXP	button_right: autoDraw = false
12.688329999975394	EXP	trial_label_right: autoDraw = false
12.688329999975394	EXP	trial_label_left_new: autoDraw = false
12.688329999975394	EXP	feedback_text: color = {"_hex":"#000000","_rgb":[0,0,0]}
12.688329999975394	EXP	feedback_text: text = "Too slow!"
12.688329999975394	EXP	feedback_text: autoDraw = true
12.688329999975394	EXP	button_left_2: autoDraw = true
12.688329999975394	EXP	button_right_2: autoDraw = true
12.688329999975394	EXP	trial_label_left_2: autoDraw = true
12.688329999975394	EXP	trial_label_right_2: autoDraw = true
13.187144999974407	EXP	feedback_text: autoDraw = false
13.187144999974407	EXP	button_left_2: autoDraw = false
13.187144999974407	EXP	button_right_2: autoDraw = false
13.187144999974407	EXP	trial_label_left_2: autoDraw = false
13.187144999974407	EXP	trial_label_right_2: autoDraw = false
13.187144999974407	EXP	feedback_text: autoDraw = false
13.187144999974407	EXP	button_left_2: autoDraw = false
13.187144999974407	EXP	button_right_2: autoDraw = false
13.187144999974407	EXP	trial_label_left_2: autoDraw = false
13.187144999974407	EXP	trial_label_right_2: autoDraw = false
13.187144999974407	EXP	prime_text: text = "aslert"
13.187144999974407	EXP	target: text = "ASLERT"
13.187144999974407	EXP	target: font = "Courier New"
13.187144999974407	EXP	fixation_mask: autoDraw = true
13.187144999974407	EXP	button_left: autoDraw = true
13.187144999974407	EXP	button_right: autoDraw = true
13.187144999974407	EXP	trial_label_right: autoDraw = true
13.187144999974407	EXP	trial_label_left_new: autoDraw = true
13.686930000025313	EXP	fixation_mask: autoDraw = false
13.704570000001695	EXP	prime_text: autoDraw = true
13.720235000015236	EXP	prime_text: autoDraw = false
13.738565000006929	EXP	target: autoDraw = true
15.640880000020843	DATA	Mouse: 0 button down, pos=(802,595)
15.705094999982975	DATA	Mouse: 0 button down, pos=(801,595)
15.721629999985453	EXP	target: autoDraw = false
15.721629999985453	EXP	button_left: autoDraw = false
15.721629999985453	EXP	button_right: autoDraw = false
15.721629999985453	EXP	trial_label_right: autoDraw = false
15.721629999985453	EXP	trial_label_left_new: autoDraw = false
15.721629999985453	EXP	fixation_mask: autoDraw = false
15.721629999985453	EXP	prime_text: autoDraw = false
15.721629999985453	EXP	target: autoDraw = false
15.721629999985453	EXP	button_left: autoDraw = false
15.721629999985453	EXP	button_right: autoDraw = false
15.721629999985453	EXP	trial_label_right: autoDraw = false
15.721629999985453	EXP	trial_label_left_new: autoDraw = false
15.721629999985453	EXP	feedback_text: color = {"_hex":"#000000","_rgb":[0,0,0]}
15.721629999985453	EXP	feedback_text: text = "Too slow!"
15.721629999985453	EXP	feedback_text: autoDraw = true
15.721629999985453	EXP	button_left_2: autoDraw = true
15.721629999985453	EXP	button_right_2: autoDraw = true
15.721629999985453	EXP	trial_label_left_2: autoDraw = true
15.721629999985453	EXP	trial_label_right_2: autoDraw = true
15.909104999969713	DATA	Keydown: Escape
16.10879000002751	DATA	Keydown: Escape
16.38082000002032	DATA	Keydown: Escape
