0.09744499996304512	EXP	Created Window = Window( name=Window, fullscr=true, color=#ffffff, units=height, waitBlanking=true, autoLog=true, size=[1920,1013] )
2.904274999978952	EXP	Created instructions = TextStim( name=instructions, win=Window( name=Window, fullscr=true, color=#ffffff, ~), autoDraw=null, autoLog=true, units=height, ori=null, opacity=1, pos=[0,0], size=undefined, text=default text, font=Courier New, color=#000000, contrast=1, height=0.035, bold=null, italic=null, alignHoriz=left, alignVert=center, wrapWidth=1, flipHoriz=null, flipVert=null )
2.9073549999739043	EXP	Created instr_done_button = Rect( name=instr_done_button, win=Window( name=Window, fullscr=true, color=#ffffff, ~), autoDraw=null, autoLog=true, units=height, ori=null, opacity=1, pos=[0,-0.4], size=[1,1], lineWidth=1, lineColor=#000000, fillColor=#FFFFFF, vertices=[[-0.2,-0.05],[0.2,-0.05],[0.2,0.05],[-0.2,0.05]], closeShape=true, contrast=1, depth=-2, interpolate=true, width=0.4, height=0.1 )
2.9078049999661744	EXP	Created instr_done_label = TextStim( name=instr_done_label, win=Window( name=Window, fullscr=true, color=#ffffff, ~), autoDraw=null, autoLog=true, units=height, ori=null, opacity=1, pos=[0,-0.4], size=undefined, text=Continue, font=Courier New, color=#000000, contrast=1, height=0.05, bold=null, italic=null, alignHoriz=left, alignVert=center, wrapWidth=1, flipHoriz=null, flipVert=null )
2.9109999999636784	EXP	Created instructions_image = ImageStim( name=instructions_image, win=Window( name=Window, fullscr=true, color=#ffffff, ~), autoDraw=null, autoLog=true, units=height, ori=null, opacity=1, pos=[0,0], size=[0.5,0.5], image=undefined, mask=undefined, color=#ffffff, contrast=1, texRes=128, interpolate=true, depth=-6, flipHoriz=null, flipVert=null )
2.9124299999675713	EXP	Created instruction_image = ImageStim( name=instruction_image, win=Window( name=Window, fullscr=true, color=#ffffff, ~), autoDraw=null, autoLog=true, units=height, ori=null, opacity=1, pos=[0,0], size=[0.5,0.5], image=undefined, mask=undefined, color=#ffffff, contrast=1, texRes=128, interpolate=true, depth=null, flipHoriz=null, flipVert=null )
2.9136949999956414	EXP	Created fixation_mask = TextStim( name=fixation_mask, win=Window( name=Window, fullscr=true, color=#ffffff, ~), autoDraw=null, autoLog=true, units=height, ori=null, opacity=1, pos=[0,0], size=undefined, text=######, font=Courier New, color=#000000, contrast=1, height=0.1, bold=null, italic=null, alignHoriz=left, alignVert=center, wrapWidth=1, flipHoriz=null, flipVert=null )
2.9146399999735877	EXP	Created prime_text = TextStim( name=prime_text, win=Window( name=Window, fullscr=true, color=#ffffff, ~), autoDraw=null, autoLog=true, units=height, ori=null, opacity=1, pos=[0,0], size=undefined, text=default text, font=Courier New, color=#000000, contrast=1, height=0.1, bold=null, italic=null, alignHoriz=left, alignVert=center, wrapWidth=1, flipHoriz=null, flipVert=null )
2.9154550000093877	EXP	Created target = TextStim( name=target, win=Window( name=Window, fullscr=true, color=#ffffff, ~), autoDraw=null, autoLog=true, units=height, ori=null, opacity=1, pos=[0,0], size=undefined, text=default text, font=Arial, color=#000000, contrast=1, height=0.1, bold=null, italic=null, alignHoriz=left, alignVert=center, wrapWidth=1, flipHoriz=null, flipVert=null )
2.9174999999813735	EXP	Created button_left = Rect( name=button_left, win=Window( name=Window, fullscr=true, color=#ffffff, ~), autoDraw=null, autoLog=true, units=height, ori=null, opacity=1, pos=[-0.4,-0.3], size=[1,1], lineWidth=1, lineColor=#000000, fillColor=#FFFFFF, vertices=[[-0.2,-0.1],[0.2,-0.1],[0.2,0.1],[-0.2,0.1]], closeShape=true, contrast=1, depth=-5, interpolate=true, width=0.4, height=0.2 )
2.9192199999815784	EXP	Created button_right = Rect( name=button_right, win=Window( name=Window, fullscr=true, color=#ffffff, ~), autoDraw=null, autoLog=true, units=height, ori=null, opacity=1, pos=[0.4,-0.3], size=[1,1], lineWidth=1, lineColor=#000000, fillColor=#FFFFFF, vertices=[[-0.2,-0.1],[0.2,-0.1],[0.2,0.1],[-0.2,0.1]], closeShape=true, contrast=1, depth=-6, interpolate=true, width=0.4, height=0.2 )
2.9197500000009313	EXP	Created trial_label_right = TextStim( name=trial_label_right, win=Window( name=Window, fullscr=true, color=#ffffff, ~), autoDraw=null, autoLog=true, units=height, ori=null, opacity=1, pos=[0.4,-0.3], size=undefined, text=l = Word, font=Courier New, color=#000000, contrast=1, height=0.05, bold=null, italic=null, alignHoriz=left, alignVert=center, wrapWidth=1, flipHoriz=null, flipVert=null )
2.9202649999642745	EXP	Created trial_label_left_new = TextStim( name=trial_label_left_new, win=Window( name=Window, fullscr=true, color=#ffffff, ~), autoDraw=null, autoLog=true, units=height, ori=null, opacity=1, pos=[-0.4,-0.3], size=undefined, text=a = Nonword, font=Courier New, color=#000000, contrast=1, height=0.05, bold=null, italic=null, alignHoriz=left, alignVert=center, wrapWidth=1, flipHoriz=null, flipVert=null )
2.9206799999810755	EXP	Created feedback_text = TextStim( name=feedback_text, win=Window( name=Window, fullscr=true, color=#ffffff, ~), autoDraw=null, autoLog=true, units=height, ori=null, opacity=1, pos=[0,0], size=undefined, text=default text, font=Courier New, color=#FFFFFF, contrast=1, height=0.05, bold=null, italic=null, alignHoriz=left, alignVert=center, wrapWidth=1, flipHoriz=null, flipVert=null )
2.9222849999787286	EXP	Created button_left_2 = Rect( name=button_left_2, win=Window( name=Window, fullscr=true, color=#ffffff, ~), autoDraw=null, autoLog=true, units=height, ori=null, opacity=1, pos=[-0.4,-0.3], size=[1,1], lineWidth=1, lineColor=#000000, fillColor=#FFFFFF, vertices=[[-0.2,-0.1],[0.2,-0.1],[0.2,0.1],[-0.2,0.1]], closeShape=true, contrast=1, depth=-2, interpolate=true, width=0.4, height=0.2 )
2.9237199999624863	EXP	Created button_right_2 = Rect( name=button_right_2, win=Window( name=Window, fullscr=true, color=#ffffff, ~), autoDraw=null, autoLog=true, units=height, ori=null, opacity=1, pos=[0.4,-0.3], size=[1,1], lineWidth=1, lineColor=#000000, fillColor=#FFFFFF, vertices=[[-0.2,-0.1],[0.2,-0.1],[0.2,0.1],[-0.2,0.1]], closeShape=true, contrast=1, depth=-3, interpolate=true, width=0.4, height=0.2 )
2.9241150000016205	EXP	Created trial_label_left_2 = TextStim( name=trial_label_left_2, win=Window( name=Window, fullscr=true, color=#ffffff, ~), autoDraw=null, autoLog=true, units=height, ori=null, opacity=1, pos=[-0.4,-0.3], size=undefined, text=a = Nonword, font=Courier New, color=#000000, contrast=1, height=0.05, bold=null, italic=null, alignHoriz=left, alignVert=center, wrapWidth=1, flipHoriz=null, flipVert=null )
2.9246449999627657	EXP	Created trial_label_right_2 = TextStim( name=trial_label_right_2, win=Window( name=Window, fullscr=true, color=#ffffff, ~), autoDraw=null, autoLog=true, units=height, ori=null, opacity=1, pos=[0.4,-0.3], size=undefined, text=l = Word, font=Courier New, color=#000000, contrast=1, height=0.05, bold=null, italic=null, alignHoriz=left, alignVert=center, wrapWidth=1, flipHoriz=null, flipVert=null )
2.925054999999702	EXP	Created instructions = TextStim( name=instructions, win=Window( name=Window, fullscr=true, color=#ffffff, ~), autoDraw=null, autoLog=true, units=height, ori=null, opacity=1, pos=[0,0], size=undefined, text=default text, font=Courier New, color=#000000, contrast=1, height=0.035, bold=null, italic=null, alignHoriz=left, alignVert=center, wrapWidth=1, flipHoriz=null, flipVert=null )
2.9267450000043027	EXP	Created instr_done_button = Rect( name=instr_done_button, win=Window( name=Window, fullscr=true, color=#ffffff, ~), autoDraw=null, autoLog=true, units=height, ori=null, opacity=1, pos=[0,-0.4], size=[1,1], lineWidth=1, lineColor=#000000, fillColor=#FFFFFF, vertices=[[-0.2,-0.05],[0.2,-0.05],[0.2,0.05],[-0.2,0.05]], closeShape=true, contrast=1, depth=-2, interpolate=true, width=0.4, height=0.1 )
2.9273149999789894	EXP	Created instr_done_label = TextStim( name=instr_done_label, win=Window( name=Window, fullscr=true, color=#ffffff, ~), autoDraw=null, autoLog=true, units=height, ori=null, opacity=1, pos=[0,-0.4], size=undefined, text=Continue, font=Courier New, color=#000000, contrast=1, height=0.05, bold=null, italic=null, alignHoriz=left, alignVert=center, wrapWidth=1, flipHoriz=null, flipVert=null )
2.9290749999927357	EXP	Created instructions_image = ImageStim( name=instructions_image, win=Window( name=Window, fullscr=true, color=#ffffff, ~), autoDraw=null, autoLog=true, units=height, ori=null, opacity=1, pos=[0,0], size=[0.5,0.5], image=undefined, mask=undefined, color=#ffffff, contrast=1, texRes=128, interpolate=true, depth=-6, flipHoriz=null, flipVert=null )
2.9297899999655783	EXP	Created fixation_mask = TextStim( name=fixation_mask, win=Window( name=Window, fullscr=true, color=#ffffff, ~), autoDraw=null, autoLog=true, units=height, ori=null, opacity=1, pos=[0,0], size=undefined, text=######, font=Courier New, color=#000000, contrast=1, height=0.1, bold=null, italic=null, alignHoriz=left, alignVert=center, wrapWidth=1, flipHoriz=null, flipVert=null )
2.9302349999779835	EXP	Created prime_text = TextStim( name=prime_text, win=Window( name=Window, fullscr=true, color=#ffffff, ~), autoDraw=null, autoLog=true, units=height, ori=null, opacity=1, pos=[0,0], size=undefined, text=default text, font=Courier New, color=#000000, contrast=1, height=0.1, bold=null, italic=null, alignHoriz=left, alignVert=center, wrapWidth=1, flipHoriz=null, flipVert=null )
2.930660000012722	EXP	Created target = TextStim( name=target, win=Window( name=Window, fullscr=true, color=#ffffff, ~), autoDraw=null, autoLog=true, units=height, ori=null, opacity=1, pos=[0,0], size=undefined, text=default text, font=Arial, color=#000000, contrast=1, height=0.1, bold=null, italic=null, alignHoriz=left, alignVert=center, wrapWidth=1, flipHoriz=null, flipVert=null )
2.932954999967478	EXP	Created button_left = Rect( name=button_left, win=Window( name=Window, fullscr=true, color=#ffffff, ~), autoDraw=null, autoLog=true, units=height, ori=null, opacity=1, pos=[-0.4,-0.3], size=[1,1], lineWidth=1, lineColor=#000000, fillColor=#FFFFFF, vertices=[[-0.2,-0.1],[0.2,-0.1],[0.2,0.1],[-0.2,0.1]], closeShape=true, contrast=1, depth=-5, interpolate=true, width=0.4, height=0.2 )
2.9348749999771826	EXP	Created button_right = Rect( name=button_right, win=Window( name=Window, fullscr=true, color=#ffffff, ~), autoDraw=null, autoLog=true, units=height, ori=null, opacity=1, pos=[0.4,-0.3], size=[1,1], lineWidth=1, lineColor=#000000, fillColor=#FFFFFF, vertices=[[-0.2,-0.1],[0.2,-0.1],[0.2,0.1],[-0.2,0.1]], closeShape=true, contrast=1, depth=-6, interpolate=true, width=0.4, height=0.2 )
2.935349999985192	EXP	Created trial_label_right = TextStim( name=trial_label_right, win=Window( name=Window, fullscr=true, color=#ffffff, ~), autoDraw=null, autoLog=true, units=height, ori=null, opacity=1, pos=[0.4,-0.3], size=undefined, text=l = Word, font=Courier New, color=#000000, contrast=1, height=0.05, bold=null, italic=null, alignHoriz=left, alignVert=center, wrapWidth=1, flipHoriz=null, flipVert=null )
2.9358699999866076	EXP	Created trial_label_left_new = TextStim( name=trial_label_left_new, win=Window( name=Window, fullscr=true, color=#ffffff, ~), autoDraw=null, autoLog=true, units=height, ori=null, opacity=1, pos=[-0.4,-0.3], size=undefined, text=a = Nonword, font=Courier New, color=#000000, contrast=1, height=0.05, bold=null, italic=null, alignHoriz=left, alignVert=center, wrapWidth=1, flipHoriz=null, flipVert=null )
2.9364849999547005	EXP	Created feedback_text = TextStim( name=feedback_text, win=Window( name=Window, fullscr=true, color=#ffffff, ~), autoDraw=null, autoLog=true, units=height, ori=null, opacity=1, pos=[0,0], size=undefined, text=default text, font=Courier New, color=#FFFFFF, contrast=1, height=0.05, bold=null, italic=null, alignHoriz=left, alignVert=center, wrapWidth=1, flipHoriz=null, flipVert=null )
2.9381949999951757	EXP	Created button_left_2 = Rect( name=button_left_2, win=Window( name=Window, fullscr=true, color=#ffffff, ~), autoDraw=null, autoLog=true, units=height, ori=null, opacity=1, pos=[-0.4,-0.3], size=[1,1], lineWidth=1, lineColor=#000000, fillColor=#FFFFFF, vertices=[[-0.2,-0.1],[0.2,-0.1],[0.2,0.1],[-0.2,0.1]], closeShape=true, contrast=1, depth=-2, interpolate=true, width=0.4, height=0.2 )
2.9398899999796413	EXP	Created button_right_2 = Rect( name=button_right_2, win=Window( name=Window, fullscr=true, color=#ffffff, ~), autoDraw=null, autoLog=true, units=height, ori=null, opacity=1, pos=[0.4,-0.3], size=[1,1], lineWidth=1, lineColor=#000000, fillColor=#FFFFFF, vertices=[[-0.2,-0.1],[0.2,-0.1],[0.2,0.1],[-0.2,0.1]], closeShape=true, contrast=1, depth=-3, interpolate=true, width=0.4, height=0.2 )
2.9406050000106916	EXP	Created trial_label_left_2 = TextStim( name=trial_label_left_2, win=Window( name=Window, fullscr=true, color=#ffffff, ~), autoDraw=null, autoLog=true, units=height, ori=null, opacity=1, pos=[-0.4,-0.3], size=undefined, text=a = Nonword, font=Courier New, color=#000000, contrast=1, height=0.05, bold=null, italic=null, alignHoriz=left, alignVert=center, wrapWidth=1, flipHoriz=null, flipVert=null )
2.941274999990128	EXP	Created trial_label_right_2 = TextStim( name=trial_label_right_2, win=Window( name=Window, fullscr=true, color=#ffffff, ~), autoDraw=null, autoLog=true, units=height, ori=null, opacity=1, pos=[0.4,-0.3], size=undefined, text=l = Word, font=Courier New, color=#000000, contrast=1, height=0.05, bold=null, italic=null, alignHoriz=left, alignVert=center, wrapWidth=1, flipHoriz=null, flipVert=null )
2.9419449999695644	EXP	Created break_text = TextStim( name=break_text, win=Window( name=Window, fullscr=true, color=#ffffff, ~), autoDraw=null, autoLog=true, units=height, ori=null, opacity=1, pos=[0,0], size=undefined, text=default text, font=Courier New, color=#000000, contrast=1, height=0.05, bold=null, italic=null, alignHoriz=left, alignVert=center, wrapWidth=1, flipHoriz=null, flipVert=null )
2.9445749999722466	EXP	Created break_done_button = Rect( name=break_done_button, win=Window( name=Window, fullscr=true, color=#ffffff, ~), autoDraw=null, autoLog=true, units=height, ori=null, opacity=1, pos=[0,-0.4], size=[1,1], lineWidth=1, lineColor=#000000, fillColor=#FFFFFF, vertices=[[-0.2,-0.05],[0.2,-0.05],[0.2,0.05],[-0.2,0.05]], closeShape=true, contrast=1, depth=-4, interpolate=true, width=0.4, height=0.1 )
2.945305000001099	EXP	Created break_done_button_label = TextStim( name=break_done_button_label, win=Window( name=Window, fullscr=true, color=#ffffff, ~), autoDraw=null, autoLog=true, units=height, ori=null, opacity=1, pos=[0,-0.4], size=undefined, text=Continue, font=Courier New, color=#000000, contrast=1, height=0.05, bold=null, italic=null, alignHoriz=left, alignVert=center, wrapWidth=1, flipHoriz=null, flipVert=null )
2.946204999985639	EXP	Created thank_you = TextStim( name=thank_you, win=Window( name=Window, fullscr=true, color=#ffffff, ~), autoDraw=null, autoLog=true, units=height, ori=null, opacity=1, pos=[0,0], size=undefined, text=This is the end of the experiment.

Please do not ~, font=Courier New, color=#000000, contrast=1, height=1, bold=null, italic=null, alignHoriz=left, alignVert=center, wrapWidth=1, flipHoriz=null, flipVert=null )
3.0390049999696203	EXP	instructions: units = "height"
3.0390049999696203	EXP	instructions: ori = 0
3.0390049999696203	EXP	instructions: opacity = 1
3.0390049999696203	EXP	instructions: pos = [0,0]
3.0390049999696203	EXP	instructions: size = undefined
3.0390049999696203	EXP	instructions: text = "default text"
3.0390049999696203	EXP	instructions: font = "Courier New"
3.0390049999696203	EXP	instructions: color = {"_hex":"#000000","_rgb":[0,0,0]}
3.0390049999696203	EXP	instructions: contrast = 1
3.0390049999696203	EXP	instructions: height = 0.035
3.0390049999696203	EXP	instructions: bold = false
3.0390049999696203	EXP	instructions: italic = false
3.0390049999696203	EXP	instructions: alignHoriz = "left"
3.0390049999696203	EXP	instructions: alignVert = "center"
3.0390049999696203	EXP	instructions: wrapWidth = 1
3.0390049999696203	EXP	instructions: flipHoriz = false
3.0390049999696203	EXP	instructions: flipVert = false
3.0390049999696203	EXP	instr_done_button: units = "height"
3.0390049999696203	EXP	instr_done_button: ori = 0
3.0390049999696203	EXP	instr_done_button: opacity = 1
3.0390049999696203	EXP	instr_done_button: pos = [0,-0.4]
3.0390049999696203	EXP	instr_done_button: size = [1,1]
3.0390049999696203	EXP	instr_done_button: lineWidth = 1
3.0390049999696203	EXP	instr_done_button: lineColor = {"_hex":"#000000","_rgb":[0,0,0]}
3.0390049999696203	EXP	instr_done_button: fillColor = {"_hex":"#FFFFFF","_rgb":[1,1,1]}
3.0390049999696203	EXP	instr_done_button: vertices = [[-0.5,0],[0,0.5],[0.5,0]]
3.0390049999696203	EXP	instr_done_button: closeShape = true
3.0390049999696203	EXP	instr_done_button: contrast = 1
3.0390049999696203	EXP	instr_done_button: depth = -2
3.0390049999696203	EXP	instr_done_button: interpolate = true
3.0390049999696203	EXP	instr_done_button: width = 0.4
3.0390049999696203	EXP	instr_done_button: vertices = [[-0.2,null],[0.2,null],[0.2,null],[-0.2,null]]
3.0390049999696203	EXP	instr_done_button: height = 0.1
3.0390049999696203	EXP	instr_done_button: vertices = [[-0.2,-0.05],[0.2,-0.05],[0.2,0.05],[-0.2,0.05]]
3.0390049999696203	EXP	instr_done_button: vertices = [[-0.2,-0.05],[0.2,-0.05],[0.2,0.05],[-0.2,0.05]]
3.0390049999696203	EXP	instr_done_label: units = "height"
3.0390049999696203	EXP	instr_done_label: ori = 0
3.0390049999696203	EXP	instr_done_label: opacity = 1
3.0390049999696203	EXP	instr_done_label: pos = [0,-0.4]
3.0390049999696203	EXP	instr_done_label: size = undefined
3.0390049999696203	EXP	instr_done_label: text = "Continue"
3.0390049999696203	EXP	instr_done_label: font = "Courier New"
3.0390049999696203	EXP	instr_done_label: color = {"_hex":"#000000","_rgb":[0,0,0]}
3.0390049999696203	EXP	instr_done_label: contrast = 1
3.0390049999696203	EXP	instr_done_label: height = 0.05
3.0390049999696203	EXP	instr_done_label: bold = false
3.0390049999696203	EXP	instr_done_label: italic = false
3.0390049999696203	EXP	instr_done_label: alignHoriz = "left"
3.0390049999696203	EXP	instr_done_label: alignVert = "center"
3.0390049999696203	EXP	instr_done_label: wrapWidth = 1
3.0390049999696203	EXP	instr_done_label: flipHoriz = false
3.0390049999696203	EXP	instr_done_label: flipVert = false
3.0390049999696203	EXP	instructions_image: units = "height"
3.0390049999696203	EXP	instructions_image: ori = 0
3.0390049999696203	EXP	instructions_image: opacity = 1
3.0390049999696203	EXP	instructions_image: pos = [0,0]
3.0390049999696203	EXP	instructions_image: size = [0.5,0.5]
3.0390049999696203	EXP	instructions_image: image = undefined
3.0390049999696203	EXP	instructions_image: mask = undefined
3.0390049999696203	EXP	instructions_image: color = {"_rgb":[1,1,1]}
3.0390049999696203	EXP	instructions_image: contrast = 1
3.0390049999696203	EXP	instructions_image: texRes = 128
3.0390049999696203	EXP	instructions_image: interpolate = true
3.0390049999696203	EXP	instructions_image: depth = -6
3.0390049999696203	EXP	instructions_image: flipHoriz = false
3.0390049999696203	EXP	instructions_image: flipVert = false
3.0390049999696203	EXP	instruction_image: units = "height"
3.0390049999696203	EXP	instruction_image: ori = 0
3.0390049999696203	EXP	instruction_image: opacity = 1
3.0390049999696203	EXP	instruction_image: pos = [0,0]
3.0390049999696203	EXP	instruction_image: size = [0.5,0.5]
3.0390049999696203	EXP	instruction_image: image = undefined
3.0390049999696203	EXP	instruction_image: mask = undefined
3.0390049999696203	EXP	instruction_image: color = {"_rgb":[1,1,1]}
3.0390049999696203	EXP	instruction_image: contrast = 1
3.0390049999696203	EXP	instruction_image: texRes = 128
3.0390049999696203	EXP	instruction_image: interpolate = true
3.0390049999696203	EXP	instruction_image: depth = 0
3.0390049999696203	EXP	instruction_image: flipHoriz = false
3.0390049999696203	EXP	instruction_image: flipVert = false
3.0390049999696203	EXP	fixation_mask: units = "height"
3.0390049999696203	EXP	fixation_mask: ori = 0
3.0390049999696203	EXP	fixation_mask: opacity = 1
3.0390049999696203	EXP	fixation_mask: pos = [0,0]
3.0390049999696203	EXP	fixation_mask: size = undefined
3.0390049999696203	EXP	fixation_mask: text = "######"
3.0390049999696203	EXP	fixation_mask: font = "Courier New"
3.0390049999696203	EXP	fixation_mask: color = {"_hex":"#000000","_rgb":[0,0,0]}
3.0390049999696203	EXP	fixation_mask: contrast = 1
3.0390049999696203	EXP	fixation_mask: height = 0.1
3.0390049999696203	EXP	fixation_mask: bold = false
3.0390049999696203	EXP	fixation_mask: italic = false
3.0390049999696203	EXP	fixation_mask: alignHoriz = "left"
3.0390049999696203	EXP	fixation_mask: alignVert = "center"
3.0390049999696203	EXP	fixation_mask: wrapWidth = 1
3.0390049999696203	EXP	fixation_mask: flipHoriz = false
3.0390049999696203	EXP	fixation_mask: flipVert = false
3.0390049999696203	EXP	prime_text: units = "height"
3.0390049999696203	EXP	prime_text: ori = 0
3.0390049999696203	EXP	prime_text: opacity = 1
3.0390049999696203	EXP	prime_text: pos = [0,0]
3.0390049999696203	EXP	prime_text: size = undefined
3.0390049999696203	EXP	prime_text: text = "default text"
3.0390049999696203	EXP	prime_text: font = "Courier New"
3.0390049999696203	EXP	prime_text: color = {"_hex":"#000000","_rgb":[0,0,0]}
3.0390049999696203	EXP	prime_text: contrast = 1
3.0390049999696203	EXP	prime_text: height = 0.1
3.0390049999696203	EXP	prime_text: bold = false
3.0390049999696203	EXP	prime_text: italic = false
3.0390049999696203	EXP	prime_text: alignHoriz = "left"
3.0390049999696203	EXP	prime_text: alignVert = "center"
3.0390049999696203	EXP	prime_text: wrapWidth = 1
3.0390049999696203	EXP	prime_text: flipHoriz = false
3.0390049999696203	EXP	prime_text: flipVert = false
3.0390049999696203	EXP	target: units = "height"
3.0390049999696203	EXP	target: ori = 0
3.0390049999696203	EXP	target: opacity = 1
3.0390049999696203	EXP	target: pos = [0,0]
3.0390049999696203	EXP	target: size = undefined
3.0390049999696203	EXP	target: text = "default text"
3.0390049999696203	EXP	target: font = "Arial"
3.0390049999696203	EXP	target: color = {"_hex":"#000000","_rgb":[0,0,0]}
3.0390049999696203	EXP	target: contrast = 1
3.0390049999696203	EXP	target: height = 0.1
3.0390049999696203	EXP	target: bold = false
3.0390049999696203	EXP	target: italic = false
3.0390049999696203	EXP	target: alignHoriz = "left"
3.0390049999696203	EXP	target: alignVert = "center"
3.0390049999696203	EXP	target: wrapWidth = 1
3.0390049999696203	EXP	target: flipHoriz = false
3.0390049999696203	EXP	target: flipVert = false
3.0390049999696203	EXP	button_left: units = "height"
3.0390049999696203	EXP	button_left: ori = 0
3.0390049999696203	EXP	button_left: opacity = 1
3.0390049999696203	EXP	button_left: pos = [-0.4,-0.3]
3.0390049999696203	EXP	button_left: size = [1,1]
3.0390049999696203	EXP	button_left: lineWidth = 1
3.0390049999696203	EXP	button_left: lineColor = {"_hex":"#000000","_rgb":[0,0,0]}
3.0390049999696203	EXP	button_left: fillColor = {"_hex":"#FFFFFF","_rgb":[1,1,1]}
3.0390049999696203	EXP	button_left: vertices = [[-0.5,0],[0,0.5],[0.5,0]]
3.0390049999696203	EXP	button_left: closeShape = true
3.0390049999696203	EXP	button_left: contrast = 1
3.0390049999696203	EXP	button_left: depth = -5
3.0390049999696203	EXP	button_left: interpolate = true
3.0390049999696203	EXP	button_left: width = 0.4
3.0390049999696203	EXP	button_left: vertices = [[-0.2,null],[0.2,null],[0.2,null],[-0.2,null]]
3.0390049999696203	EXP	button_left: height = 0.2
3.0390049999696203	EXP	button_left: vertices = [[-0.2,-0.1],[0.2,-0.1],[0.2,0.1],[-0.2,0.1]]
3.0390049999696203	EXP	button_left: vertices = [[-0.2,-0.1],[0.2,-0.1],[0.2,0.1],[-0.2,0.1]]
3.0390049999696203	EXP	button_right: units = "height"
3.0390049999696203	EXP	button_right: ori = 0
3.0390049999696203	EXP	button_right: opacity = 1
3.0390049999696203	EXP	button_right: pos = [0.4,-0.3]
3.0390049999696203	EXP	button_right: size = [1,1]
3.0390049999696203	EXP	button_right: lineWidth = 1
3.0390049999696203	EXP	button_right: lineColor = {"_hex":"#000000","_rgb":[0,0,0]}
3.0390049999696203	EXP	button_right: fillColor = {"_hex":"#FFFFFF","_rgb":[1,1,1]}
3.0390049999696203	EXP	button_right: vertices = [[-0.5,0],[0,0.5],[0.5,0]]
3.0390049999696203	EXP	button_right: closeShape = true
3.0390049999696203	EXP	button_right: contrast = 1
3.0390049999696203	EXP	button_right: depth = -6
3.0390049999696203	EXP	button_right: interpolate = true
3.0390049999696203	EXP	button_right: width = 0.4
3.0390049999696203	EXP	button_right: vertices = [[-0.2,null],[0.2,null],[0.2,null],[-0.2,null]]
3.0390049999696203	EXP	button_right: height = 0.2
3.0390049999696203	EXP	button_right: vertices = [[-0.2,-0.1],[0.2,-0.1],[0.2,0.1],[-0.2,0.1]]
3.0390049999696203	EXP	button_right: vertices = [[-0.2,-0.1],[0.2,-0.1],[0.2,0.1],[-0.2,0.1]]
3.0390049999696203	EXP	trial_label_right: units = "height"
3.0390049999696203	EXP	trial_label_right: ori = 0
3.0390049999696203	EXP	trial_label_right: opacity = 1
3.0390049999696203	EXP	trial_label_right: pos = [0.4,-0.3]
3.0390049999696203	EXP	trial_label_right: size = undefined
3.0390049999696203	EXP	trial_label_right: text = "l = Word"
3.0390049999696203	EXP	trial_label_right: font = "Courier New"
3.0390049999696203	EXP	trial_label_right: color = {"_hex":"#000000","_rgb":[0,0,0]}
3.0390049999696203	EXP	trial_label_right: contrast = 1
3.0390049999696203	EXP	trial_label_right: height = 0.05
3.0390049999696203	EXP	trial_label_right: bold = false
3.0390049999696203	EXP	trial_label_right: italic = false
3.0390049999696203	EXP	trial_label_right: alignHoriz = "left"
3.0390049999696203	EXP	trial_label_right: alignVert = "center"
3.0390049999696203	EXP	trial_label_right: wrapWidth = 1
3.0390049999696203	EXP	trial_label_right: flipHoriz = false
3.0390049999696203	EXP	trial_label_right: flipVert = false
3.0390049999696203	EXP	trial_label_left_new: units = "height"
3.0390049999696203	EXP	trial_label_left_new: ori = 0
3.0390049999696203	EXP	trial_label_left_new: opacity = 1
3.0390049999696203	EXP	trial_label_left_new: pos = [-0.4,-0.3]
3.0390049999696203	EXP	trial_label_left_new: size = undefined
3.0390049999696203	EXP	trial_label_left_new: text = "a = Nonword"
3.0390049999696203	EXP	trial_label_left_new: font = "Courier New"
3.0390049999696203	EXP	trial_label_left_new: color = {"_hex":"#000000","_rgb":[0,0,0]}
3.0390049999696203	EXP	trial_label_left_new: contrast = 1
3.0390049999696203	EXP	trial_label_left_new: height = 0.05
3.0390049999696203	EXP	trial_label_left_new: bold = false
3.0390049999696203	EXP	trial_label_left_new: italic = false
3.0390049999696203	EXP	trial_label_left_new: alignHoriz = "left"
3.0390049999696203	EXP	trial_label_left_new: alignVert = "center"
3.0390049999696203	EXP	trial_label_left_new: wrapWidth = 1
3.0390049999696203	EXP	trial_label_left_new: flipHoriz = false
3.0390049999696203	EXP	trial_label_left_new: flipVert = false
3.0390049999696203	EXP	feedback_text: units = "height"
3.0390049999696203	EXP	feedback_text: ori = 0
3.0390049999696203	EXP	feedback_text: opacity = 1
3.0390049999696203	EXP	feedback_text: pos = [0,0]
3.0390049999696203	EXP	feedback_text: size = undefined
3.0390049999696203	EXP	feedback_text: text = "default text"
3.0390049999696203	EXP	feedback_text: font = "Courier New"
3.0390049999696203	EXP	feedback_text: color = {"_hex":"#FFFFFF","_rgb":[1,1,1]}
3.0390049999696203	EXP	feedback_text: contrast = 1
3.0390049999696203	EXP	feedback_text: height = 0.05
3.0390049999696203	EXP	feedback_text: bold = false
3.0390049999696203	EXP	feedback_text: italic = false
3.0390049999696203	EXP	feedback_text: alignHoriz = "left"
3.0390049999696203	EXP	feedback_text: alignVert = "center"
3.0390049999696203	EXP	feedback_text: wrapWidth = 1
3.0390049999696203	EXP	feedback_text: flipHoriz = false
3.0390049999696203	EXP	feedback_text: flipVert = false
3.0390049999696203	EXP	button_left_2: units = "height"
3.0390049999696203	EXP	button_left_2: ori = 0
3.0390049999696203	EXP	button_left_2: opacity = 1
3.0390049999696203	EXP	button_left_2: pos = [-0.4,-0.3]
3.0390049999696203	EXP	button_left_2: size = [1,1]
3.0390049999696203	EXP	button_left_2: lineWidth = 1
3.0390049999696203	EXP	button_left_2: lineColor = {"_hex":"#000000","_rgb":[0,0,0]}
3.0390049999696203	EXP	button_left_2: fillColor = {"_hex":"#FFFFFF","_rgb":[1,1,1]}
3.0390049999696203	EXP	button_left_2: vertices = [[-0.5,0],[0,0.5],[0.5,0]]
3.0390049999696203	EXP	button_left_2: closeShape = true
3.0390049999696203	EXP	button_left_2: contrast = 1
3.0390049999696203	EXP	button_left_2: depth = -2
3.0390049999696203	EXP	button_left_2: interpolate = true
3.0390049999696203	EXP	button_left_2: width = 0.4
3.0390049999696203	EXP	button_left_2: vertices = [[-0.2,null],[0.2,null],[0.2,null],[-0.2,null]]
3.0390049999696203	EXP	button_left_2: height = 0.2
3.0390049999696203	EXP	button_left_2: vertices = [[-0.2,-0.1],[0.2,-0.1],[0.2,0.1],[-0.2,0.1]]
3.0390049999696203	EXP	button_left_2: vertices = [[-0.2,-0.1],[0.2,-0.1],[0.2,0.1],[-0.2,0.1]]
3.0390049999696203	EXP	button_right_2: units = "height"
3.0390049999696203	EXP	button_right_2: ori = 0
3.0390049999696203	EXP	button_right_2: opacity = 1
3.0390049999696203	EXP	button_right_2: pos = [0.4,-0.3]
3.0390049999696203	EXP	button_right_2: size = [1,1]
3.0390049999696203	EXP	button_right_2: lineWidth = 1
3.0390049999696203	EXP	button_right_2: lineColor = {"_hex":"#000000","_rgb":[0,0,0]}
3.0390049999696203	EXP	button_right_2: fillColor = {"_hex":"#FFFFFF","_rgb":[1,1,1]}
3.0390049999696203	EXP	button_right_2: vertices = [[-0.5,0],[0,0.5],[0.5,0]]
3.0390049999696203	EXP	button_right_2: closeShape = true
3.0390049999696203	EXP	button_right_2: contrast = 1
3.0390049999696203	EXP	button_right_2: depth = -3
3.0390049999696203	EXP	button_right_2: interpolate = true
3.0390049999696203	EXP	button_right_2: width = 0.4
3.0390049999696203	EXP	button_right_2: vertices = [[-0.2,null],[0.2,null],[0.2,null],[-0.2,null]]
3.0390049999696203	EXP	button_right_2: height = 0.2
3.0390049999696203	EXP	button_right_2: vertices = [[-0.2,-0.1],[0.2,-0.1],[0.2,0.1],[-0.2,0.1]]
3.0390049999696203	EXP	button_right_2: vertices = [[-0.2,-0.1],[0.2,-0.1],[0.2,0.1],[-0.2,0.1]]
3.0390049999696203	EXP	trial_label_left_2: units = "height"
3.0390049999696203	EXP	trial_label_left_2: ori = 0
3.0390049999696203	EXP	trial_label_left_2: opacity = 1
3.0390049999696203	EXP	trial_label_left_2: pos = [-0.4,-0.3]
3.0390049999696203	EXP	trial_label_left_2: size = undefined
3.0390049999696203	EXP	trial_label_left_2: text = "a = Nonword"
3.0390049999696203	EXP	trial_label_left_2: font = "Courier New"
3.0390049999696203	EXP	trial_label_left_2: color = {"_hex":"#000000","_rgb":[0,0,0]}
3.0390049999696203	EXP	trial_label_left_2: contrast = 1
3.0390049999696203	EXP	trial_label_left_2: height = 0.05
3.0390049999696203	EXP	trial_label_left_2: bold = false
3.0390049999696203	EXP	trial_label_left_2: italic = false
3.0390049999696203	EXP	trial_label_left_2: alignHoriz = "left"
3.0390049999696203	EXP	trial_label_left_2: alignVert = "center"
3.0390049999696203	EXP	trial_label_left_2: wrapWidth = 1
3.0390049999696203	EXP	trial_label_left_2: flipHoriz = false
3.0390049999696203	EXP	trial_label_left_2: flipVert = false
3.0390049999696203	EXP	trial_label_right_2: units = "height"
3.0390049999696203	EXP	trial_label_right_2: ori = 0
3.0390049999696203	EXP	trial_label_right_2: opacity = 1
3.0390049999696203	EXP	trial_label_right_2: pos = [0.4,-0.3]
3.0390049999696203	EXP	trial_label_right_2: size = undefined
3.0390049999696203	EXP	trial_label_right_2: text = "l = Word"
3.0390049999696203	EXP	trial_label_right_2: font = "Courier New"
3.0390049999696203	EXP	trial_label_right_2: color = {"_hex":"#000000","_rgb":[0,0,0]}
3.0390049999696203	EXP	trial_label_right_2: contrast = 1
3.0390049999696203	EXP	trial_label_right_2: height = 0.05
3.0390049999696203	EXP	trial_label_right_2: bold = false
3.0390049999696203	EXP	trial_label_right_2: italic = false
3.0390049999696203	EXP	trial_label_right_2: alignHoriz = "left"
3.0390049999696203	EXP	trial_label_right_2: alignVert = "center"
3.0390049999696203	EXP	trial_label_right_2: wrapWidth = 1
3.0390049999696203	EXP	trial_label_right_2: flipHoriz = false
3.0390049999696203	EXP	trial_label_right_2: flipVert = false
3.0390049999696203	EXP	instructions: units = "height"
3.0390049999696203	EXP	instructions: ori = 0
3.0390049999696203	EXP	instructions: opacity = 1
3.0390049999696203	EXP	instructions: pos = [0,0]
3.0390049999696203	EXP	instructions: size = undefined
3.0390049999696203	EXP	instructions: text = "default text"
3.0390049999696203	EXP	instructions: font = "Courier New"
3.0390049999696203	EXP	instructions: color = {"_hex":"#000000","_rgb":[0,0,0]}
3.0390049999696203	EXP	instructions: contrast = 1
3.0390049999696203	EXP	instructions: height = 0.035
3.0390049999696203	EXP	instructions: bold = false
3.0390049999696203	EXP	instructions: italic = false
3.0390049999696203	EXP	instructions: alignHoriz = "left"
3.0390049999696203	EXP	instructions: alignVert = "center"
3.0390049999696203	EXP	instructions: wrapWidth = 1
3.0390049999696203	EXP	instructions: flipHoriz = false
3.0390049999696203	EXP	instructions: flipVert = false
3.0390049999696203	EXP	instr_done_button: units = "height"
3.0390049999696203	EXP	instr_done_button: ori = 0
3.0390049999696203	EXP	instr_done_button: opacity = 1
3.0390049999696203	EXP	instr_done_button: pos = [0,-0.4]
3.0390049999696203	EXP	instr_done_button: size = [1,1]
3.0390049999696203	EXP	instr_done_button: lineWidth = 1
3.0390049999696203	EXP	instr_done_button: lineColor = {"_hex":"#000000","_rgb":[0,0,0]}
3.0390049999696203	EXP	instr_done_button: fillColor = {"_hex":"#FFFFFF","_rgb":[1,1,1]}
3.0390049999696203	EXP	instr_done_button: vertices = [[-0.5,0],[0,0.5],[0.5,0]]
3.0390049999696203	EXP	instr_done_button: closeShape = true
3.0390049999696203	EXP	instr_done_button: contrast = 1
3.0390049999696203	EXP	instr_done_button: depth = -2
3.0390049999696203	EXP	instr_done_button: interpolate = true
3.0390049999696203	EXP	instr_done_button: width = 0.4
3.0390049999696203	EXP	instr_done_button: vertices = [[-0.2,null],[0.2,null],[0.2,null],[-0.2,null]]
3.0390049999696203	EXP	instr_done_button: height = 0.1
3.0390049999696203	EXP	instr_done_button: vertices = [[-0.2,-0.05],[0.2,-0.05],[0.2,0.05],[-0.2,0.05]]
3.0390049999696203	EXP	instr_done_button: vertices = [[-0.2,-0.05],[0.2,-0.05],[0.2,0.05],[-0.2,0.05]]
3.0390049999696203	EXP	instr_done_label: units = "height"
3.0390049999696203	EXP	instr_done_label: ori = 0
3.0390049999696203	EXP	instr_done_label: opacity = 1
3.0390049999696203	EXP	instr_done_label: pos = [0,-0.4]
3.0390049999696203	EXP	instr_done_label: size = undefined
3.0390049999696203	EXP	instr_done_label: text = "Continue"
3.0390049999696203	EXP	instr_done_label: font = "Courier New"
3.0390049999696203	EXP	instr_done_label: color = {"_hex":"#000000","_rgb":[0,0,0]}
3.0390049999696203	EXP	instr_done_label: contrast = 1
3.0390049999696203	EXP	instr_done_label: height = 0.05
3.0390049999696203	EXP	instr_done_label: bold = false
3.0390049999696203	EXP	instr_done_label: italic = false
3.0390049999696203	EXP	instr_done_label: alignHoriz = "left"
3.0390049999696203	EXP	instr_done_label: alignVert = "center"
3.0390049999696203	EXP	instr_done_label: wrapWidth = 1
3.0390049999696203	EXP	instr_done_label: flipHoriz = false
3.0390049999696203	EXP	instr_done_label: flipVert = false
3.0390049999696203	EXP	instructions_image: units = "height"
3.0390049999696203	EXP	instructions_image: ori = 0
3.0390049999696203	EXP	instructions_image: opacity = 1
3.0390049999696203	EXP	instructions_image: pos = [0,0]
3.0390049999696203	EXP	instructions_image: size = [0.5,0.5]
3.0390049999696203	EXP	instructions_image: image = undefined
3.0390049999696203	EXP	instructions_image: mask = undefined
3.0390049999696203	EXP	instructions_image: color = {"_rgb":[1,1,1]}
3.0390049999696203	EXP	instructions_image: contrast = 1
3.0390049999696203	EXP	instructions_image: texRes = 128
3.0390049999696203	EXP	instructions_image: interpolate = true
3.0390049999696203	EXP	instructions_image: depth = -6
3.0390049999696203	EXP	instructions_image: flipHoriz = false
3.0390049999696203	EXP	instructions_image: flipVert = false
3.0390049999696203	EXP	fixation_mask: units = "height"
3.0390049999696203	EXP	fixation_mask: ori = 0
3.0390049999696203	EXP	fixation_mask: opacity = 1
3.0390049999696203	EXP	fixation_mask: pos = [0,0]
3.0390049999696203	EXP	fixation_mask: size = undefined
3.0390049999696203	EXP	fixation_mask: text = "######"
3.0390049999696203	EXP	fixation_mask: font = "Courier New"
3.0390049999696203	EXP	fixation_mask: color = {"_hex":"#000000","_rgb":[0,0,0]}
3.0390049999696203	EXP	fixation_mask: contrast = 1
3.0390049999696203	EXP	fixation_mask: height = 0.1
3.0390049999696203	EXP	fixation_mask: bold = false
3.0390049999696203	EXP	fixation_mask: italic = false
3.0390049999696203	EXP	fixation_mask: alignHoriz = "left"
3.0390049999696203	EXP	fixation_mask: alignVert = "center"
3.0390049999696203	EXP	fixation_mask: wrapWidth = 1
3.0390049999696203	EXP	fixation_mask: flipHoriz = false
3.0390049999696203	EXP	fixation_mask: flipVert = false
3.0390049999696203	EXP	prime_text: units = "height"
3.0390049999696203	EXP	prime_text: ori = 0
3.0390049999696203	EXP	prime_text: opacity = 1
3.0390049999696203	EXP	prime_text: pos = [0,0]
3.0390049999696203	EXP	prime_text: size = undefined
3.0390049999696203	EXP	prime_text: text = "default text"
3.0390049999696203	EXP	prime_text: font = "Courier New"
3.0390049999696203	EXP	prime_text: color = {"_hex":"#000000","_rgb":[0,0,0]}
3.0390049999696203	EXP	prime_text: contrast = 1
3.0390049999696203	EXP	prime_text: height = 0.1
3.0390049999696203	EXP	prime_text: bold = false
3.0390049999696203	EXP	prime_text: italic = false
3.0390049999696203	EXP	prime_text: alignHoriz = "left"
3.0390049999696203	EXP	prime_text: alignVert = "center"
3.0390049999696203	EXP	prime_text: wrapWidth = 1
3.0390049999696203	EXP	prime_text: flipHoriz = false
3.0390049999696203	EXP	prime_text: flipVert = false
3.0390049999696203	EXP	target: units = "height"
3.0390049999696203	EXP	target: ori = 0
3.0390049999696203	EXP	target: opacity = 1
3.0390049999696203	EXP	target: pos = [0,0]
3.0390049999696203	EXP	target: size = undefined
3.0390049999696203	EXP	target: text = "default text"
3.0390049999696203	EXP	target: font = "Arial"
3.0390049999696203	EXP	target: color = {"_hex":"#000000","_rgb":[0,0,0]}
3.0390049999696203	EXP	target: contrast = 1
3.0390049999696203	EXP	target: height = 0.1
3.0390049999696203	EXP	target: bold = false
3.0390049999696203	EXP	target: italic = false
3.0390049999696203	EXP	target: alignHoriz = "left"
3.0390049999696203	EXP	target: alignVert = "center"
3.0390049999696203	EXP	target: wrapWidth = 1
3.0390049999696203	EXP	target: flipHoriz = false
3.0390049999696203	EXP	target: flipVert = false
3.0390049999696203	EXP	button_left: units = "height"
3.0390049999696203	EXP	button_left: ori = 0
3.0390049999696203	EXP	button_left: opacity = 1
3.0390049999696203	EXP	button_left: pos = [-0.4,-0.3]
3.0390049999696203	EXP	button_left: size = [1,1]
3.0390049999696203	EXP	button_left: lineWidth = 1
3.0390049999696203	EXP	button_left: lineColor = {"_hex":"#000000","_rgb":[0,0,0]}
3.0390049999696203	EXP	button_left: fillColor = {"_hex":"#FFFFFF","_rgb":[1,1,1]}
3.0390049999696203	EXP	button_left: vertices = [[-0.5,0],[0,0.5],[0.5,0]]
3.0390049999696203	EXP	button_left: closeShape = true
3.0390049999696203	EXP	button_left: contrast = 1
3.0390049999696203	EXP	button_left: depth = -5
3.0390049999696203	EXP	button_left: interpolate = true
3.0390049999696203	EXP	button_left: width = 0.4
3.0390049999696203	EXP	button_left: vertices = [[-0.2,null],[0.2,null],[0.2,null],[-0.2,null]]
3.0390049999696203	EXP	button_left: height = 0.2
3.0390049999696203	EXP	button_left: vertices = [[-0.2,-0.1],[0.2,-0.1],[0.2,0.1],[-0.2,0.1]]
3.0390049999696203	EXP	button_left: vertices = [[-0.2,-0.1],[0.2,-0.1],[0.2,0.1],[-0.2,0.1]]
3.0390049999696203	EXP	button_right: units = "height"
3.0390049999696203	EXP	button_right: ori = 0
3.0390049999696203	EXP	button_right: opacity = 1
3.0390049999696203	EXP	button_right: pos = [0.4,-0.3]
3.0390049999696203	EXP	button_right: size = [1,1]
3.0390049999696203	EXP	button_right: lineWidth = 1
3.0390049999696203	EXP	button_right: lineColor = {"_hex":"#000000","_rgb":[0,0,0]}
3.0390049999696203	EXP	button_right: fillColor = {"_hex":"#FFFFFF","_rgb":[1,1,1]}
3.0390049999696203	EXP	button_right: vertices = [[-0.5,0],[0,0.5],[0.5,0]]
3.0390049999696203	EXP	button_right: closeShape = true
3.0390049999696203	EXP	button_right: contrast = 1
3.0390049999696203	EXP	button_right: depth = -6
3.0390049999696203	EXP	button_right: interpolate = true
3.0390049999696203	EXP	button_right: width = 0.4
3.0390049999696203	EXP	button_right: vertices = [[-0.2,null],[0.2,null],[0.2,null],[-0.2,null]]
3.0390049999696203	EXP	button_right: height = 0.2
3.0390049999696203	EXP	button_right: vertices = [[-0.2,-0.1],[0.2,-0.1],[0.2,0.1],[-0.2,0.1]]
3.0390049999696203	EXP	button_right: vertices = [[-0.2,-0.1],[0.2,-0.1],[0.2,0.1],[-0.2,0.1]]
3.0390049999696203	EXP	trial_label_right: units = "height"
3.0390049999696203	EXP	trial_label_right: ori = 0
3.0390049999696203	EXP	trial_label_right: opacity = 1
3.0390049999696203	EXP	trial_label_right: pos = [0.4,-0.3]
3.0390049999696203	EXP	trial_label_right: size = undefined
3.0390049999696203	EXP	trial_label_right: text = "l = Word"
3.0390049999696203	EXP	trial_label_right: font = "Courier New"
3.0390049999696203	EXP	trial_label_right: color = {"_hex":"#000000","_rgb":[0,0,0]}
3.0390049999696203	EXP	trial_label_right: contrast = 1
3.0390049999696203	EXP	trial_label_right: height = 0.05
3.0390049999696203	EXP	trial_label_right: bold = false
3.0390049999696203	EXP	trial_label_right: italic = false
3.0390049999696203	EXP	trial_label_right: alignHoriz = "left"
3.0390049999696203	EXP	trial_label_right: alignVert = "center"
3.0390049999696203	EXP	trial_label_right: wrapWidth = 1
3.0390049999696203	EXP	trial_label_right: flipHoriz = false
3.0390049999696203	EXP	trial_label_right: flipVert = false
3.0390049999696203	EXP	trial_label_left_new: units = "height"
3.0390049999696203	EXP	trial_label_left_new: ori = 0
3.0390049999696203	EXP	trial_label_left_new: opacity = 1
3.0390049999696203	EXP	trial_label_left_new: pos = [-0.4,-0.3]
3.0390049999696203	EXP	trial_label_left_new: size = undefined
3.0390049999696203	EXP	trial_label_left_new: text = "a = Nonword"
3.0390049999696203	EXP	trial_label_left_new: font = "Courier New"
3.0390049999696203	EXP	trial_label_left_new: color = {"_hex":"#000000","_rgb":[0,0,0]}
3.0390049999696203	EXP	trial_label_left_new: contrast = 1
3.0390049999696203	EXP	trial_label_left_new: height = 0.05
3.0390049999696203	EXP	trial_label_left_new: bold = false
3.0390049999696203	EXP	trial_label_left_new: italic = false
3.0390049999696203	EXP	trial_label_left_new: alignHoriz = "left"
3.0390049999696203	EXP	trial_label_left_new: alignVert = "center"
3.0390049999696203	EXP	trial_label_left_new: wrapWidth = 1
3.0390049999696203	EXP	trial_label_left_new: flipHoriz = false
3.0390049999696203	EXP	trial_label_left_new: flipVert = false
3.0390049999696203	EXP	feedback_text: units = "height"
3.0390049999696203	EXP	feedback_text: ori = 0
3.0390049999696203	EXP	feedback_text: opacity = 1
3.0390049999696203	EXP	feedback_text: pos = [0,0]
3.0390049999696203	EXP	feedback_text: size = undefined
3.0390049999696203	EXP	feedback_text: text = "default text"
3.0390049999696203	EXP	feedback_text: font = "Courier New"
3.0390049999696203	EXP	feedback_text: color = {"_hex":"#FFFFFF","_rgb":[1,1,1]}
3.0390049999696203	EXP	feedback_text: contrast = 1
3.0390049999696203	EXP	feedback_text: height = 0.05
3.0390049999696203	EXP	feedback_text: bold = false
3.0390049999696203	EXP	feedback_text: italic = false
3.0390049999696203	EXP	feedback_text: alignHoriz = "left"
3.0390049999696203	EXP	feedback_text: alignVert = "center"
3.0390049999696203	EXP	feedback_text: wrapWidth = 1
3.0390049999696203	EXP	feedback_text: flipHoriz = false
3.0390049999696203	EXP	feedback_text: flipVert = false
3.0390049999696203	EXP	button_left_2: units = "height"
3.0390049999696203	EXP	button_left_2: ori = 0
3.0390049999696203	EXP	button_left_2: opacity = 1
3.0390049999696203	EXP	button_left_2: pos = [-0.4,-0.3]
3.0390049999696203	EXP	button_left_2: size = [1,1]
3.0390049999696203	EXP	button_left_2: lineWidth = 1
3.0390049999696203	EXP	button_left_2: lineColor = {"_hex":"#000000","_rgb":[0,0,0]}
3.0390049999696203	EXP	button_left_2: fillColor = {"_hex":"#FFFFFF","_rgb":[1,1,1]}
3.0390049999696203	EXP	button_left_2: vertices = [[-0.5,0],[0,0.5],[0.5,0]]
3.0390049999696203	EXP	button_left_2: closeShape = true
3.0390049999696203	EXP	button_left_2: contrast = 1
3.0390049999696203	EXP	button_left_2: depth = -2
3.0390049999696203	EXP	button_left_2: interpolate = true
3.0390049999696203	EXP	button_left_2: width = 0.4
3.0390049999696203	EXP	button_left_2: vertices = [[-0.2,null],[0.2,null],[0.2,null],[-0.2,null]]
3.0390049999696203	EXP	button_left_2: height = 0.2
3.0390049999696203	EXP	button_left_2: vertices = [[-0.2,-0.1],[0.2,-0.1],[0.2,0.1],[-0.2,0.1]]
3.0390049999696203	EXP	button_left_2: vertices = [[-0.2,-0.1],[0.2,-0.1],[0.2,0.1],[-0.2,0.1]]
3.0390049999696203	EXP	button_right_2: units = "height"
3.0390049999696203	EXP	button_right_2: ori = 0
3.0390049999696203	EXP	button_right_2: opacity = 1
3.0390049999696203	EXP	button_right_2: pos = [0.4,-0.3]
3.0390049999696203	EXP	button_right_2: size = [1,1]
3.0390049999696203	EXP	button_right_2: lineWidth = 1
3.0390049999696203	EXP	button_right_2: lineColor = {"_hex":"#000000","_rgb":[0,0,0]}
3.0390049999696203	EXP	button_right_2: fillColor = {"_hex":"#FFFFFF","_rgb":[1,1,1]}
3.0390049999696203	EXP	button_right_2: vertices = [[-0.5,0],[0,0.5],[0.5,0]]
3.0390049999696203	EXP	button_right_2: closeShape = true
3.0390049999696203	EXP	button_right_2: contrast = 1
3.0390049999696203	EXP	button_right_2: depth = -3
3.0390049999696203	EXP	button_right_2: interpolate = true
3.0390049999696203	EXP	button_right_2: width = 0.4
3.0390049999696203	EXP	button_right_2: vertices = [[-0.2,null],[0.2,null],[0.2,null],[-0.2,null]]
3.0390049999696203	EXP	button_right_2: height = 0.2
3.0390049999696203	EXP	button_right_2: vertices = [[-0.2,-0.1],[0.2,-0.1],[0.2,0.1],[-0.2,0.1]]
3.0390049999696203	EXP	button_right_2: vertices = [[-0.2,-0.1],[0.2,-0.1],[0.2,0.1],[-0.2,0.1]]
3.0390049999696203	EXP	trial_label_left_2: units = "height"
3.0390049999696203	EXP	trial_label_left_2: ori = 0
3.0390049999696203	EXP	trial_label_left_2: opacity = 1
3.0390049999696203	EXP	trial_label_left_2: pos = [-0.4,-0.3]
3.0390049999696203	EXP	trial_label_left_2: size = undefined
3.0390049999696203	EXP	trial_label_left_2: text = "a = Nonword"
3.0390049999696203	EXP	trial_label_left_2: font = "Courier New"
3.0390049999696203	EXP	trial_label_left_2: color = {"_hex":"#000000","_rgb":[0,0,0]}
3.0390049999696203	EXP	trial_label_left_2: contrast = 1
3.0390049999696203	EXP	trial_label_left_2: height = 0.05
3.0390049999696203	EXP	trial_label_left_2: bold = false
3.0390049999696203	EXP	trial_label_left_2: italic = false
3.0390049999696203	EXP	trial_label_left_2: alignHoriz = "left"
3.0390049999696203	EXP	trial_label_left_2: alignVert = "center"
3.0390049999696203	EXP	trial_label_left_2: wrapWidth = 1
3.0390049999696203	EXP	trial_label_left_2: flipHoriz = false
3.0390049999696203	EXP	trial_label_left_2: flipVert = false
3.0390049999696203	EXP	trial_label_right_2: units = "height"
3.0390049999696203	EXP	trial_label_right_2: ori = 0
3.0390049999696203	EXP	trial_label_right_2: opacity = 1
3.0390049999696203	EXP	trial_label_right_2: pos = [0.4,-0.3]
3.0390049999696203	EXP	trial_label_right_2: size = undefined
3.0390049999696203	EXP	trial_label_right_2: text = "l = Word"
3.0390049999696203	EXP	trial_label_right_2: font = "Courier New"
3.0390049999696203	EXP	trial_label_right_2: color = {"_hex":"#000000","_rgb":[0,0,0]}
3.0390049999696203	EXP	trial_label_right_2: contrast = 1
3.0390049999696203	EXP	trial_label_right_2: height = 0.05
3.0390049999696203	EXP	trial_label_right_2: bold = false
3.0390049999696203	EXP	trial_label_right_2: italic = false
3.0390049999696203	EXP	trial_label_right_2: alignHoriz = "left"
3.0390049999696203	EXP	trial_label_right_2: alignVert = "center"
3.0390049999696203	EXP	trial_label_right_2: wrapWidth = 1
3.0390049999696203	EXP	trial_label_right_2: flipHoriz = false
3.0390049999696203	EXP	trial_label_right_2: flipVert = false
3.0390049999696203	EXP	break_text: units = "height"
3.0390049999696203	EXP	break_text: ori = 0
3.0390049999696203	EXP	break_text: opacity = 1
3.0390049999696203	EXP	break_text: pos = [0,0]
3.0390049999696203	EXP	break_text: size = undefined
3.0390049999696203	EXP	break_text: text = "default text"
3.0390049999696203	EXP	break_text: font = "Courier New"
3.0390049999696203	EXP	break_text: color = {"_hex":"#000000","_rgb":[0,0,0]}
3.0390049999696203	EXP	break_text: contrast = 1
3.0390049999696203	EXP	break_text: height = 0.05
3.0390049999696203	EXP	break_text: bold = false
3.0390049999696203	EXP	break_text: italic = false
3.0390049999696203	EXP	break_text: alignHoriz = "left"
3.0390049999696203	EXP	break_text: alignVert = "center"
3.0390049999696203	EXP	break_text: wrapWidth = 1
3.0390049999696203	EXP	break_text: flipHoriz = false
3.0390049999696203	EXP	break_text: flipVert = false
3.0390049999696203	EXP	break_done_button: units = "height"
3.0390049999696203	EXP	break_done_button: ori = 0
3.0390049999696203	EXP	break_done_button: opacity = 1
3.0390049999696203	EXP	break_done_button: pos = [0,-0.4]
3.0390049999696203	EXP	break_done_button: size = [1,1]
3.0390049999696203	EXP	break_done_button: lineWidth = 1
3.0390049999696203	EXP	break_done_button: lineColor = {"_hex":"#000000","_rgb":[0,0,0]}
3.0390049999696203	EXP	break_done_button: fillColor = {"_hex":"#FFFFFF","_rgb":[1,1,1]}
3.0390049999696203	EXP	break_done_button: vertices = [[-0.5,0],[0,0.5],[0.5,0]]
3.0390049999696203	EXP	break_done_button: closeShape = true
3.0390049999696203	EXP	break_done_button: contrast = 1
3.0390049999696203	EXP	break_done_button: depth = -4
3.0390049999696203	EXP	break_done_button: interpolate = true
3.0390049999696203	EXP	break_done_button: width = 0.4
3.0390049999696203	EXP	break_done_button: vertices = [[-0.2,null],[0.2,null],[0.2,null],[-0.2,null]]
3.0390049999696203	EXP	break_done_button: height = 0.1
3.0390049999696203	EXP	break_done_button: vertices = [[-0.2,-0.05],[0.2,-0.05],[0.2,0.05],[-0.2,0.05]]
3.0390049999696203	EXP	break_done_button: vertices = [[-0.2,-0.05],[0.2,-0.05],[0.2,0.05],[-0.2,0.05]]
3.0390049999696203	EXP	break_done_button_label: units = "height"
3.0390049999696203	EXP	break_done_button_label: ori = 0
3.0390049999696203	EXP	break_done_button_label: opacity = 1
3.0390049999696203	EXP	break_done_button_label: pos = [0,-0.4]
3.0390049999696203	EXP	break_done_button_label: size = undefined
3.0390049999696203	EXP	break_done_button_label: text = "Continue"
3.0390049999696203	EXP	break_done_button_label: font = "Courier New"
3.0390049999696203	EXP	break_done_button_label: color = {"_hex":"#000000","_rgb":[0,0,0]}
3.0390049999696203	EXP	break_done_button_label: contrast = 1
3.0390049999696203	EXP	break_done_button_label: height = 0.05
3.0390049999696203	EXP	break_done_button_label: bold = false
3.0390049999696203	EXP	break_done_button_label: italic = false
3.0390049999696203	EXP	break_done_button_label: alignHoriz = "left"
3.0390049999696203	EXP	break_done_button_label: alignVert = "center"
3.0390049999696203	EXP	break_done_button_label: wrapWidth = 1
3.0390049999696203	EXP	break_done_button_label: flipHoriz = false
3.0390049999696203	EXP	break_done_button_label: flipVert = false
3.0390049999696203	EXP	thank_you: units = "height"
3.0390049999696203	EXP	thank_you: ori = 0
3.0390049999696203	EXP	thank_you: opacity = 1
3.0390049999696203	EXP	thank_you: pos = [0,0]
3.0390049999696203	EXP	thank_you: size = undefined
3.0390049999696203	EXP	thank_you: text = "This is the end of the experiment.\n\nPlease do not close this window until you have been redirected to the debriefing page. \n\nYou must go to the debriefing page in order to receive your participation credit."
3.0390049999696203	EXP	thank_you: font = "Courier New"
3.0390049999696203	EXP	thank_you: color = {"_hex":"#000000","_rgb":[0,0,0]}
3.0390049999696203	EXP	thank_you: contrast = 1
3.0390049999696203	EXP	thank_you: height = 1
3.0390049999696203	EXP	thank_you: bold = false
3.0390049999696203	EXP	thank_you: italic = false
3.0390049999696203	EXP	thank_you: alignHoriz = "left"
3.0390049999696203	EXP	thank_you: alignVert = "center"
3.0390049999696203	EXP	thank_you: wrapWidth = 1
3.0390049999696203	EXP	thank_you: flipHoriz = false
3.0390049999696203	EXP	thank_you: flipVert = false
3.0390049999696203	EXP	instructions: text = "INSTRUCTIONS\r\nAt the start of each trial, look at the hash marks (######) in the center of the screen. After a moment, a string of letters will appear. Your task is to indicate if the letter string forms a word or not (i.e., if it is a nonword). For example, AUTHOR is a word while AUTHON is a nonword.\r\n\r\nPress the space bar or touch the button below to continue."
3.0390049999696203	EXP	instructions_image: image = undefined
3.0390049999696203	EXP	instructions: autoDraw = true
3.0390049999696203	EXP	instr_done_button: autoDraw = true
3.0390049999696203	EXP	instr_done_label: autoDraw = true
3.9039049999555573	DATA	Mouse: 0 button down, pos=(960,980)
3.9199899999657646	EXP	instructions: autoDraw = false
3.9199899999657646	EXP	instr_done_button: autoDraw = false
3.9199899999657646	EXP	instr_done_label: autoDraw = false
3.9199899999657646	EXP	instructions_image: autoDraw = false
3.9199899999657646	EXP	instruction_image: image = undefined
3.9199899999657646	EXP	instruction_image: autoDraw = true
3.9199899999657646	EXP	instruction_image: autoDraw = false
3.9199899999657646	EXP	instructions: text = "If your device has a keyboard, press the 'a' key for nonwords and the 'l' key for words. If your device does not have a keyboard, touch the left button on the screen for nonwords and the right button for words. Do not use the mouse as this will slow down your response. \r\n\r\nPress the space bar or touch the button below to continue."
3.9199899999657646	EXP	instructions_image: image = undefined
3.9199899999657646	EXP	instructions: autoDraw = true
3.9199899999657646	EXP	instr_done_button: autoDraw = true
3.9199899999657646	EXP	instr_done_label: autoDraw = true
3.9856249999720603	DATA	Mouse: 0 button down, pos=(959,980)
4.519469999999274	DATA	Mouse: 0 button down, pos=(954,976)
4.5381649999762885	EXP	instructions: autoDraw = false
4.5381649999762885	EXP	instr_done_button: autoDraw = false
4.5381649999762885	EXP	instr_done_label: autoDraw = false
4.5381649999762885	EXP	instructions_image: autoDraw = false
4.5381649999762885	EXP	instruction_image: image = undefined
4.5381649999762885	EXP	instruction_image: autoDraw = true
4.5381649999762885	EXP	instruction_image: autoDraw = false
4.5381649999762885	EXP	instructions: text = "Test"
4.5381649999762885	EXP	instructions_image: image = {}
4.5381649999762885	EXP	instructions: autoDraw = true
4.5381649999762885	EXP	instr_done_button: autoDraw = true
4.5381649999762885	EXP	instr_done_label: autoDraw = true
4.5381649999762885	EXP	instructions_image: autoDraw = true
4.636980000010226	DATA	Mouse: 0 button down, pos=(954,976)
5.690434999996796	DATA	Mouse: 0 button down, pos=(871,226)
5.8198499999707565	DATA	Mouse: 0 button down, pos=(852,229)
6.092514999967534	DATA	Mouse: 0 button down, pos=(589,327)
6.189364999998361	DATA	Mouse: 0 button down, pos=(583,351)
6.319465000007767	DATA	Mouse: 0 button down, pos=(577,397)
6.426455000007991	DATA	Mouse: 0 button down, pos=(683,436)
6.522750000003725	DATA	Mouse: 0 button down, pos=(763,459)
6.636389999999665	DATA	Mouse: 0 button down, pos=(859,480)
6.702879999997094	DATA	Mouse: 0 button down, pos=(900,490)
6.803404999955092	DATA	Mouse: 0 button down, pos=(918,497)
7.48871499998495	DATA	Mouse: 0 button down, pos=(902,1004)
7.499959999986459	EXP	instructions: autoDraw = false
7.499959999986459	EXP	instr_done_button: autoDraw = false
7.499959999986459	EXP	instr_done_label: autoDraw = false
7.499959999986459	EXP	instructions_image: autoDraw = false
7.499959999986459	EXP	instruction_image: image = {}
7.499959999986459	EXP	instruction_image: autoDraw = true
7.5855299999821	DATA	Mouse: 0 button down, pos=(899,1003)
8.57152999995742	DATA	Mouse: 0 button down, pos=(788,655)
8.586104999994859	EXP	instruction_image: autoDraw = false
8.586104999994859	EXP	instructions: text = "It is very important that you respond as quickly and accurately as possible, as each letter string will only be on the screen for two seconds. If you do not respond within this time, the message 'Too slow!' will be displayed and the experiment will progress to the next letter string. The first 20 trials will be practice trials and you will receive feedback on your answers. \r\n\r\nPress the space bar or touch the button below to start the practice trials."
8.586104999994859	EXP	instructions_image: image = undefined
8.586104999994859	EXP	instructions: autoDraw = true
8.586104999994859	EXP	instr_done_button: autoDraw = true
8.586104999994859	EXP	instr_done_label: autoDraw = true
8.642404999991413	DATA	Mouse: 0 button down, pos=(788,655)
12.504399999976158	DATA	Mouse: 0 button down, pos=(916,239)
12.624294999986887	DATA	Mouse: 0 button down, pos=(915,241)
12.787429999967571	DATA	Keydown: Escape
12.971179999993183	DATA	Keydown: Escape
