0.12494000000879169	EXP	Created Window = Window( name=Window, fullscr=true, color=#ffffff, units=height, waitBlanking=true, autoLog=true, size=[1268,598] )
3.349225000012666	EXP	Created instructions = TextStim( name=instructions, win=Window( name=Window, fullscr=true, color=#ffffff, ~), autoDraw=null, autoLog=true, units=height, ori=null, opacity=1, pos=[0,0], size=undefined, text=default text, font=Courier New, color=#000000, contrast=1, height=0.035, bold=null, italic=null, alignHoriz=left, alignVert=center, wrapWidth=1, flipHoriz=null, flipVert=null )
3.360144999984186	EXP	Created instr_done_button = Rect( name=instr_done_button, win=Window( name=Window, fullscr=true, color=#ffffff, ~), autoDraw=null, autoLog=true, units=height, ori=null, opacity=1, pos=[0,-0.4], size=[1,1], lineWidth=1, lineColor=#000000, fillColor=#FFFFFF, vertices=[[-0.2,-0.05],[0.2,-0.05],[0.2,0.05],[-0.2,0.05]], closeShape=true, contrast=1, depth=-2, interpolate=true, width=0.4, height=0.1 )
3.3608299999614246	EXP	Created instr_done_label = TextStim( name=instr_done_label, win=Window( name=Window, fullscr=true, color=#ffffff, ~), autoDraw=null, autoLog=true, units=height, ori=null, opacity=1, pos=[0,-0.4], size=undefined, text=Continue, font=Courier New, color=#000000, contrast=1, height=0.05, bold=null, italic=null, alignHoriz=left, alignVert=center, wrapWidth=1, flipHoriz=null, flipVert=null )
3.361749999981839	EXP	Created fixation_mask = TextStim( name=fixation_mask, win=Window( name=Window, fullscr=true, color=#ffffff, ~), autoDraw=null, autoLog=true, units=height, ori=null, opacity=1, pos=[0,0], size=undefined, text=######, font=Courier New, color=#000000, contrast=1, height=0.1, bold=null, italic=null, alignHoriz=left, alignVert=center, wrapWidth=1, flipHoriz=null, flipVert=null )
3.3622899999609217	EXP	Created prime_text = TextStim( name=prime_text, win=Window( name=Window, fullscr=true, color=#ffffff, ~), autoDraw=null, autoLog=true, units=height, ori=null, opacity=1, pos=[0,0], size=undefined, text=default text, font=Courier New, color=#000000, contrast=1, height=0.1, bold=null, italic=null, alignHoriz=left, alignVert=center, wrapWidth=1, flipHoriz=null, flipVert=null )
3.362729999993462	EXP	Created target = TextStim( name=target, win=Window( name=Window, fullscr=true, color=#ffffff, ~), autoDraw=null, autoLog=true, units=height, ori=null, opacity=1, pos=[0,0], size=undefined, text=default text, font=Arial, color=#000000, contrast=1, height=0.1, bold=null, italic=null, alignHoriz=left, alignVert=center, wrapWidth=1, flipHoriz=null, flipVert=null )
3.364709999994375	EXP	Created button_left = Rect( name=button_left, win=Window( name=Window, fullscr=true, color=#ffffff, ~), autoDraw=null, autoLog=true, units=height, ori=null, opacity=1, pos=[-0.4,-0.3], size=[1,1], lineWidth=1, lineColor=#000000, fillColor=#FFFFFF, vertices=[[-0.2,-0.1],[0.2,-0.1],[0.2,0.1],[-0.2,0.1]], closeShape=true, contrast=1, depth=-5, interpolate=true, width=0.4, height=0.2 )
3.366715000011027	EXP	Created button_right = Rect( name=button_right, win=Window( name=Window, fullscr=true, color=#ffffff, ~), autoDraw=null, autoLog=true, units=height, ori=null, opacity=1, pos=[0.4,-0.3], size=[1,1], lineWidth=1, lineColor=#000000, fillColor=#FFFFFF, vertices=[[-0.2,-0.1],[0.2,-0.1],[0.2,0.1],[-0.2,0.1]], closeShape=true, contrast=1, depth=-6, interpolate=true, width=0.4, height=0.2 )
3.3672200000146404	EXP	Created trial_label_right = TextStim( name=trial_label_right, win=Window( name=Window, fullscr=true, color=#ffffff, ~), autoDraw=null, autoLog=true, units=height, ori=null, opacity=1, pos=[0.4,-0.3], size=undefined, text=l = Word, font=Courier New, color=#000000, contrast=1, height=0.05, bold=null, italic=null, alignHoriz=left, alignVert=center, wrapWidth=1, flipHoriz=null, flipVert=null )
3.3677000000025146	EXP	Created trial_label_left_new = TextStim( name=trial_label_left_new, win=Window( name=Window, fullscr=true, color=#ffffff, ~), autoDraw=null, autoLog=true, units=height, ori=null, opacity=1, pos=[-0.4,-0.3], size=undefined, text=a = Nonword, font=Courier New, color=#000000, contrast=1, height=0.05, bold=null, italic=null, alignHoriz=left, alignVert=center, wrapWidth=1, flipHoriz=null, flipVert=null )
3.368075000005774	EXP	Created feedback_text = TextStim( name=feedback_text, win=Window( name=Window, fullscr=true, color=#ffffff, ~), autoDraw=null, autoLog=true, units=height, ori=null, opacity=1, pos=[0,0], size=undefined, text=default text, font=Courier New, color=#FFFFFF, contrast=1, height=0.05, bold=null, italic=null, alignHoriz=left, alignVert=center, wrapWidth=1, flipHoriz=null, flipVert=null )
3.369665000005625	EXP	Created button_left_2 = Rect( name=button_left_2, win=Window( name=Window, fullscr=true, color=#ffffff, ~), autoDraw=null, autoLog=true, units=height, ori=null, opacity=1, pos=[-0.4,-0.3], size=[1,1], lineWidth=1, lineColor=#000000, fillColor=#FFFFFF, vertices=[[-0.2,-0.1],[0.2,-0.1],[0.2,0.1],[-0.2,0.1]], closeShape=true, contrast=1, depth=-2, interpolate=true, width=0.4, height=0.2 )
3.3711699999985285	EXP	Created button_right_2 = Rect( name=button_right_2, win=Window( name=Window, fullscr=true, color=#ffffff, ~), autoDraw=null, autoLog=true, units=height, ori=null, opacity=1, pos=[0.4,-0.3], size=[1,1], lineWidth=1, lineColor=#000000, fillColor=#FFFFFF, vertices=[[-0.2,-0.1],[0.2,-0.1],[0.2,0.1],[-0.2,0.1]], closeShape=true, contrast=1, depth=-3, interpolate=true, width=0.4, height=0.2 )
3.371994999994058	EXP	Created trial_label_left_2 = TextStim( name=trial_label_left_2, win=Window( name=Window, fullscr=true, color=#ffffff, ~), autoDraw=null, autoLog=true, units=height, ori=null, opacity=1, pos=[-0.4,-0.3], size=undefined, text=a = Nonword, font=Courier New, color=#000000, contrast=1, height=0.05, bold=null, italic=null, alignHoriz=left, alignVert=center, wrapWidth=1, flipHoriz=null, flipVert=null )
3.3726599999936298	EXP	Created trial_label_right_2 = TextStim( name=trial_label_right_2, win=Window( name=Window, fullscr=true, color=#ffffff, ~), autoDraw=null, autoLog=true, units=height, ori=null, opacity=1, pos=[0.4,-0.3], size=undefined, text=l = Word, font=Courier New, color=#000000, contrast=1, height=0.05, bold=null, italic=null, alignHoriz=left, alignVert=center, wrapWidth=1, flipHoriz=null, flipVert=null )
3.373075000010431	EXP	Created instructions = TextStim( name=instructions, win=Window( name=Window, fullscr=true, color=#ffffff, ~), autoDraw=null, autoLog=true, units=height, ori=null, opacity=1, pos=[0,0], size=undefined, text=default text, font=Courier New, color=#000000, contrast=1, height=0.035, bold=null, italic=null, alignHoriz=left, alignVert=center, wrapWidth=1, flipHoriz=null, flipVert=null )
3.3746849999879487	EXP	Created instr_done_button = Rect( name=instr_done_button, win=Window( name=Window, fullscr=true, color=#ffffff, ~), autoDraw=null, autoLog=true, units=height, ori=null, opacity=1, pos=[0,-0.4], size=[1,1], lineWidth=1, lineColor=#000000, fillColor=#FFFFFF, vertices=[[-0.2,-0.05],[0.2,-0.05],[0.2,0.05],[-0.2,0.05]], closeShape=true, contrast=1, depth=-2, interpolate=true, width=0.4, height=0.1 )
3.3751049999846146	EXP	Created instr_done_label = TextStim( name=instr_done_label, win=Window( name=Window, fullscr=true, color=#ffffff, ~), autoDraw=null, autoLog=true, units=height, ori=null, opacity=1, pos=[0,-0.4], size=undefined, text=Continue, font=Courier New, color=#000000, contrast=1, height=0.05, bold=null, italic=null, alignHoriz=left, alignVert=center, wrapWidth=1, flipHoriz=null, flipVert=null )
3.375590000010561	EXP	Created fixation_mask = TextStim( name=fixation_mask, win=Window( name=Window, fullscr=true, color=#ffffff, ~), autoDraw=null, autoLog=true, units=height, ori=null, opacity=1, pos=[0,0], size=undefined, text=######, font=Courier New, color=#000000, contrast=1, height=0.1, bold=null, italic=null, alignHoriz=left, alignVert=center, wrapWidth=1, flipHoriz=null, flipVert=null )
3.3760749999783	EXP	Created prime_text = TextStim( name=prime_text, win=Window( name=Window, fullscr=true, color=#ffffff, ~), autoDraw=null, autoLog=true, units=height, ori=null, opacity=1, pos=[0,0], size=undefined, text=default text, font=Courier New, color=#000000, contrast=1, height=0.1, bold=null, italic=null, alignHoriz=left, alignVert=center, wrapWidth=1, flipHoriz=null, flipVert=null )
3.376749999995809	EXP	Created target = TextStim( name=target, win=Window( name=Window, fullscr=true, color=#ffffff, ~), autoDraw=null, autoLog=true, units=height, ori=null, opacity=1, pos=[0,0], size=undefined, text=default text, font=Arial, color=#000000, contrast=1, height=0.1, bold=null, italic=null, alignHoriz=left, alignVert=center, wrapWidth=1, flipHoriz=null, flipVert=null )
3.3803199999965727	EXP	Created button_left = Rect( name=button_left, win=Window( name=Window, fullscr=true, color=#ffffff, ~), autoDraw=null, autoLog=true, units=height, ori=null, opacity=1, pos=[-0.4,-0.3], size=[1,1], lineWidth=1, lineColor=#000000, fillColor=#FFFFFF, vertices=[[-0.2,-0.1],[0.2,-0.1],[0.2,0.1],[-0.2,0.1]], closeShape=true, contrast=1, depth=-5, interpolate=true, width=0.4, height=0.2 )
3.3887199999880977	EXP	Created button_right = Rect( name=button_right, win=Window( name=Window, fullscr=true, color=#ffffff, ~), autoDraw=null, autoLog=true, units=height, ori=null, opacity=1, pos=[0.4,-0.3], size=[1,1], lineWidth=1, lineColor=#000000, fillColor=#FFFFFF, vertices=[[-0.2,-0.1],[0.2,-0.1],[0.2,0.1],[-0.2,0.1]], closeShape=true, contrast=1, depth=-6, interpolate=true, width=0.4, height=0.2 )
3.3905849999864586	EXP	Created trial_label_right = TextStim( name=trial_label_right, win=Window( name=Window, fullscr=true, color=#ffffff, ~), autoDraw=null, autoLog=true, units=height, ori=null, opacity=1, pos=[0.4,-0.3], size=undefined, text=l = Word, font=Courier New, color=#000000, contrast=1, height=0.05, bold=null, italic=null, alignHoriz=left, alignVert=center, wrapWidth=1, flipHoriz=null, flipVert=null )
3.392379999975674	EXP	Created trial_label_left_new = TextStim( name=trial_label_left_new, win=Window( name=Window, fullscr=true, color=#ffffff, ~), autoDraw=null, autoLog=true, units=height, ori=null, opacity=1, pos=[-0.4,-0.3], size=undefined, text=a = Nonword, font=Courier New, color=#000000, contrast=1, height=0.05, bold=null, italic=null, alignHoriz=left, alignVert=center, wrapWidth=1, flipHoriz=null, flipVert=null )
3.3956799999577925	EXP	Created feedback_text = TextStim( name=feedback_text, win=Window( name=Window, fullscr=true, color=#ffffff, ~), autoDraw=null, autoLog=true, units=height, ori=null, opacity=1, pos=[0,0], size=undefined, text=default text, font=Courier New, color=#FFFFFF, contrast=1, height=0.05, bold=null, italic=null, alignHoriz=left, alignVert=center, wrapWidth=1, flipHoriz=null, flipVert=null )
3.405704999982845	EXP	Created button_left_2 = Rect( name=button_left_2, win=Window( name=Window, fullscr=true, color=#ffffff, ~), autoDraw=null, autoLog=true, units=height, ori=null, opacity=1, pos=[-0.4,-0.3], size=[1,1], lineWidth=1, lineColor=#000000, fillColor=#FFFFFF, vertices=[[-0.2,-0.1],[0.2,-0.1],[0.2,0.1],[-0.2,0.1]], closeShape=true, contrast=1, depth=-2, interpolate=true, width=0.4, height=0.2 )
3.408904999960214	EXP	Created button_right_2 = Rect( name=button_right_2, win=Window( name=Window, fullscr=true, color=#ffffff, ~), autoDraw=null, autoLog=true, units=height, ori=null, opacity=1, pos=[0.4,-0.3], size=[1,1], lineWidth=1, lineColor=#000000, fillColor=#FFFFFF, vertices=[[-0.2,-0.1],[0.2,-0.1],[0.2,0.1],[-0.2,0.1]], closeShape=true, contrast=1, depth=-3, interpolate=true, width=0.4, height=0.2 )
3.4094199999817647	EXP	Created trial_label_left_2 = TextStim( name=trial_label_left_2, win=Window( name=Window, fullscr=true, color=#ffffff, ~), autoDraw=null, autoLog=true, units=height, ori=null, opacity=1, pos=[-0.4,-0.3], size=undefined, text=a = Nonword, font=Courier New, color=#000000, contrast=1, height=0.05, bold=null, italic=null, alignHoriz=left, alignVert=center, wrapWidth=1, flipHoriz=null, flipVert=null )
3.4098699999740347	EXP	Created trial_label_right_2 = TextStim( name=trial_label_right_2, win=Window( name=Window, fullscr=true, color=#ffffff, ~), autoDraw=null, autoLog=true, units=height, ori=null, opacity=1, pos=[0.4,-0.3], size=undefined, text=l = Word, font=Courier New, color=#000000, contrast=1, height=0.05, bold=null, italic=null, alignHoriz=left, alignVert=center, wrapWidth=1, flipHoriz=null, flipVert=null )
3.410359999979846	EXP	Created break_text = TextStim( name=break_text, win=Window( name=Window, fullscr=true, color=#ffffff, ~), autoDraw=null, autoLog=true, units=height, ori=null, opacity=1, pos=[0,0], size=undefined, text=BREAK

Please take a short break.

When you are do~, font=Courier New, color=#000000, contrast=1, height=0.05, bold=null, italic=null, alignHoriz=left, alignVert=center, wrapWidth=1, flipHoriz=null, flipVert=null )
3.4123900000122376	EXP	Created break_done_button = Rect( name=break_done_button, win=Window( name=Window, fullscr=true, color=#ffffff, ~), autoDraw=null, autoLog=true, units=height, ori=null, opacity=1, pos=[0,-0.4], size=[1,1], lineWidth=1, lineColor=#000000, fillColor=#FFFFFF, vertices=[[-0.2,-0.05],[0.2,-0.05],[0.2,0.05],[-0.2,0.05]], closeShape=true, contrast=1, depth=-3, interpolate=true, width=0.4, height=0.1 )
3.4128899999777786	EXP	Created break_done_button_label = TextStim( name=break_done_button_label, win=Window( name=Window, fullscr=true, color=#ffffff, ~), autoDraw=null, autoLog=true, units=height, ori=null, opacity=1, pos=[0,-0.4], size=undefined, text=Continue, font=Courier New, color=#000000, contrast=1, height=0.05, bold=null, italic=null, alignHoriz=left, alignVert=center, wrapWidth=1, flipHoriz=null, flipVert=null )
3.413319999992382	EXP	Created thank_you = TextStim( name=thank_you, win=Window( name=Window, fullscr=true, color=#ffffff, ~), autoDraw=null, autoLog=true, units=height, ori=null, opacity=1, pos=[0,0], size=undefined, text=This is the end of the experiment.

Please do not ~, font=Courier New, color=#000000, contrast=1, height=1, bold=null, italic=null, alignHoriz=left, alignVert=center, wrapWidth=1, flipHoriz=null, flipVert=null )
3.5956199999782257	EXP	instructions: units = "height"
3.5956199999782257	EXP	instructions: ori = 0
3.5956199999782257	EXP	instructions: opacity = 1
3.5956199999782257	EXP	instructions: pos = [0,0]
3.5956199999782257	EXP	instructions: size = undefined
3.5956199999782257	EXP	instructions: text = "default text"
3.5956199999782257	EXP	instructions: font = "Courier New"
3.5956199999782257	EXP	instructions: color = {"_hex":"#000000","_rgb":[0,0,0]}
3.5956199999782257	EXP	instructions: contrast = 1
3.5956199999782257	EXP	instructions: height = 0.035
3.5956199999782257	EXP	instructions: bold = false
3.5956199999782257	EXP	instructions: italic = false
3.5956199999782257	EXP	instructions: alignHoriz = "left"
3.5956199999782257	EXP	instructions: alignVert = "center"
3.5956199999782257	EXP	instructions: wrapWidth = 1
3.5956199999782257	EXP	instructions: flipHoriz = false
3.5956199999782257	EXP	instructions: flipVert = false
3.5956199999782257	EXP	instr_done_button: units = "height"
3.5956199999782257	EXP	instr_done_button: ori = 0
3.5956199999782257	EXP	instr_done_button: opacity = 1
3.5956199999782257	EXP	instr_done_button: pos = [0,-0.4]
3.5956199999782257	EXP	instr_done_button: size = [1,1]
3.5956199999782257	EXP	instr_done_button: lineWidth = 1
3.5956199999782257	EXP	instr_done_button: lineColor = {"_hex":"#000000","_rgb":[0,0,0]}
3.5956199999782257	EXP	instr_done_button: fillColor = {"_hex":"#FFFFFF","_rgb":[1,1,1]}
3.5956199999782257	EXP	instr_done_button: vertices = [[-0.5,0],[0,0.5],[0.5,0]]
3.5956199999782257	EXP	instr_done_button: closeShape = true
3.5956199999782257	EXP	instr_done_button: contrast = 1
3.5956199999782257	EXP	instr_done_button: depth = -2
3.5956199999782257	EXP	instr_done_button: interpolate = true
3.5956199999782257	EXP	instr_done_button: width = 0.4
3.5956199999782257	EXP	instr_done_button: vertices = [[-0.2,null],[0.2,null],[0.2,null],[-0.2,null]]
3.5956199999782257	EXP	instr_done_button: height = 0.1
3.5956199999782257	EXP	instr_done_button: vertices = [[-0.2,-0.05],[0.2,-0.05],[0.2,0.05],[-0.2,0.05]]
3.5956199999782257	EXP	instr_done_button: vertices = [[-0.2,-0.05],[0.2,-0.05],[0.2,0.05],[-0.2,0.05]]
3.5956199999782257	EXP	instr_done_label: units = "height"
3.5956199999782257	EXP	instr_done_label: ori = 0
3.5956199999782257	EXP	instr_done_label: opacity = 1
3.5956199999782257	EXP	instr_done_label: pos = [0,-0.4]
3.5956199999782257	EXP	instr_done_label: size = undefined
3.5956199999782257	EXP	instr_done_label: text = "Continue"
3.5956199999782257	EXP	instr_done_label: font = "Courier New"
3.5956199999782257	EXP	instr_done_label: color = {"_hex":"#000000","_rgb":[0,0,0]}
3.5956199999782257	EXP	instr_done_label: contrast = 1
3.5956199999782257	EXP	instr_done_label: height = 0.05
3.5956199999782257	EXP	instr_done_label: bold = false
3.5956199999782257	EXP	instr_done_label: italic = false
3.5956199999782257	EXP	instr_done_label: alignHoriz = "left"
3.5956199999782257	EXP	instr_done_label: alignVert = "center"
3.5956199999782257	EXP	instr_done_label: wrapWidth = 1
3.5956199999782257	EXP	instr_done_label: flipHoriz = false
3.5956199999782257	EXP	instr_done_label: flipVert = false
3.5956199999782257	EXP	fixation_mask: units = "height"
3.5956199999782257	EXP	fixation_mask: ori = 0
3.5956199999782257	EXP	fixation_mask: opacity = 1
3.5956199999782257	EXP	fixation_mask: pos = [0,0]
3.5956199999782257	EXP	fixation_mask: size = undefined
3.5956199999782257	EXP	fixation_mask: text = "######"
3.5956199999782257	EXP	fixation_mask: font = "Courier New"
3.5956199999782257	EXP	fixation_mask: color = {"_hex":"#000000","_rgb":[0,0,0]}
3.5956199999782257	EXP	fixation_mask: contrast = 1
3.5956199999782257	EXP	fixation_mask: height = 0.1
3.5956199999782257	EXP	fixation_mask: bold = false
3.5956199999782257	EXP	fixation_mask: italic = false
3.5956199999782257	EXP	fixation_mask: alignHoriz = "left"
3.5956199999782257	EXP	fixation_mask: alignVert = "center"
3.5956199999782257	EXP	fixation_mask: wrapWidth = 1
3.5956199999782257	EXP	fixation_mask: flipHoriz = false
3.5956199999782257	EXP	fixation_mask: flipVert = false
3.5956199999782257	EXP	prime_text: units = "height"
3.5956199999782257	EXP	prime_text: ori = 0
3.5956199999782257	EXP	prime_text: opacity = 1
3.5956199999782257	EXP	prime_text: pos = [0,0]
3.5956199999782257	EXP	prime_text: size = undefined
3.5956199999782257	EXP	prime_text: text = "default text"
3.5956199999782257	EXP	prime_text: font = "Courier New"
3.5956199999782257	EXP	prime_text: color = {"_hex":"#000000","_rgb":[0,0,0]}
3.5956199999782257	EXP	prime_text: contrast = 1
3.5956199999782257	EXP	prime_text: height = 0.1
3.5956199999782257	EXP	prime_text: bold = false
3.5956199999782257	EXP	prime_text: italic = false
3.5956199999782257	EXP	prime_text: alignHoriz = "left"
3.5956199999782257	EXP	prime_text: alignVert = "center"
3.5956199999782257	EXP	prime_text: wrapWidth = 1
3.5956199999782257	EXP	prime_text: flipHoriz = false
3.5956199999782257	EXP	prime_text: flipVert = false
3.5956199999782257	EXP	target: units = "height"
3.5956199999782257	EXP	target: ori = 0
3.5956199999782257	EXP	target: opacity = 1
3.5956199999782257	EXP	target: pos = [0,0]
3.5956199999782257	EXP	target: size = undefined
3.5956199999782257	EXP	target: text = "default text"
3.5956199999782257	EXP	target: font = "Arial"
3.5956199999782257	EXP	target: color = {"_hex":"#000000","_rgb":[0,0,0]}
3.5956199999782257	EXP	target: contrast = 1
3.5956199999782257	EXP	target: height = 0.1
3.5956199999782257	EXP	target: bold = false
3.5956199999782257	EXP	target: italic = false
3.5956199999782257	EXP	target: alignHoriz = "left"
3.5956199999782257	EXP	target: alignVert = "center"
3.5956199999782257	EXP	target: wrapWidth = 1
3.5956199999782257	EXP	target: flipHoriz = false
3.5956199999782257	EXP	target: flipVert = false
3.5956199999782257	EXP	button_left: units = "height"
3.5956199999782257	EXP	button_left: ori = 0
3.5956199999782257	EXP	button_left: opacity = 1
3.5956199999782257	EXP	button_left: pos = [-0.4,-0.3]
3.5956199999782257	EXP	button_left: size = [1,1]
3.5956199999782257	EXP	button_left: lineWidth = 1
3.5956199999782257	EXP	button_left: lineColor = {"_hex":"#000000","_rgb":[0,0,0]}
3.5956199999782257	EXP	button_left: fillColor = {"_hex":"#FFFFFF","_rgb":[1,1,1]}
3.5956199999782257	EXP	button_left: vertices = [[-0.5,0],[0,0.5],[0.5,0]]
3.5956199999782257	EXP	button_left: closeShape = true
3.5956199999782257	EXP	button_left: contrast = 1
3.5956199999782257	EXP	button_left: depth = -5
3.5956199999782257	EXP	button_left: interpolate = true
3.5956199999782257	EXP	button_left: width = 0.4
3.5956199999782257	EXP	button_left: vertices = [[-0.2,null],[0.2,null],[0.2,null],[-0.2,null]]
3.5956199999782257	EXP	button_left: height = 0.2
3.5956199999782257	EXP	button_left: vertices = [[-0.2,-0.1],[0.2,-0.1],[0.2,0.1],[-0.2,0.1]]
3.5956199999782257	EXP	button_left: vertices = [[-0.2,-0.1],[0.2,-0.1],[0.2,0.1],[-0.2,0.1]]
3.5956199999782257	EXP	button_right: units = "height"
3.5956199999782257	EXP	button_right: ori = 0
3.5956199999782257	EXP	button_right: opacity = 1
3.5956199999782257	EXP	button_right: pos = [0.4,-0.3]
3.5956199999782257	EXP	button_right: size = [1,1]
3.5956199999782257	EXP	button_right: lineWidth = 1
3.5956199999782257	EXP	button_right: lineColor = {"_hex":"#000000","_rgb":[0,0,0]}
3.5956199999782257	EXP	button_right: fillColor = {"_hex":"#FFFFFF","_rgb":[1,1,1]}
3.5956199999782257	EXP	button_right: vertices = [[-0.5,0],[0,0.5],[0.5,0]]
3.5956199999782257	EXP	button_right: closeShape = true
3.5956199999782257	EXP	button_right: contrast = 1
3.5956199999782257	EXP	button_right: depth = -6
3.5956199999782257	EXP	button_right: interpolate = true
3.5956199999782257	EXP	button_right: width = 0.4
3.5956199999782257	EXP	button_right: vertices = [[-0.2,null],[0.2,null],[0.2,null],[-0.2,null]]
3.5956199999782257	EXP	button_right: height = 0.2
3.5956199999782257	EXP	button_right: vertices = [[-0.2,-0.1],[0.2,-0.1],[0.2,0.1],[-0.2,0.1]]
3.5956199999782257	EXP	button_right: vertices = [[-0.2,-0.1],[0.2,-0.1],[0.2,0.1],[-0.2,0.1]]
3.5956199999782257	EXP	trial_label_right: units = "height"
3.5956199999782257	EXP	trial_label_right: ori = 0
3.5956199999782257	EXP	trial_label_right: opacity = 1
3.5956199999782257	EXP	trial_label_right: pos = [0.4,-0.3]
3.5956199999782257	EXP	trial_label_right: size = undefined
3.5956199999782257	EXP	trial_label_right: text = "l = Word"
3.5956199999782257	EXP	trial_label_right: font = "Courier New"
3.5956199999782257	EXP	trial_label_right: color = {"_hex":"#000000","_rgb":[0,0,0]}
3.5956199999782257	EXP	trial_label_right: contrast = 1
3.5956199999782257	EXP	trial_label_right: height = 0.05
3.5956199999782257	EXP	trial_label_right: bold = false
3.5956199999782257	EXP	trial_label_right: italic = false
3.5956199999782257	EXP	trial_label_right: alignHoriz = "left"
3.5956199999782257	EXP	trial_label_right: alignVert = "center"
3.5956199999782257	EXP	trial_label_right: wrapWidth = 1
3.5956199999782257	EXP	trial_label_right: flipHoriz = false
3.5956199999782257	EXP	trial_label_right: flipVert = false
3.5956199999782257	EXP	trial_label_left_new: units = "height"
3.5956199999782257	EXP	trial_label_left_new: ori = 0
3.5956199999782257	EXP	trial_label_left_new: opacity = 1
3.5956199999782257	EXP	trial_label_left_new: pos = [-0.4,-0.3]
3.5956199999782257	EXP	trial_label_left_new: size = undefined
3.5956199999782257	EXP	trial_label_left_new: text = "a = Nonword"
3.5956199999782257	EXP	trial_label_left_new: font = "Courier New"
3.5956199999782257	EXP	trial_label_left_new: color = {"_hex":"#000000","_rgb":[0,0,0]}
3.5956199999782257	EXP	trial_label_left_new: contrast = 1
3.5956199999782257	EXP	trial_label_left_new: height = 0.05
3.5956199999782257	EXP	trial_label_left_new: bold = false
3.5956199999782257	EXP	trial_label_left_new: italic = false
3.5956199999782257	EXP	trial_label_left_new: alignHoriz = "left"
3.5956199999782257	EXP	trial_label_left_new: alignVert = "center"
3.5956199999782257	EXP	trial_label_left_new: wrapWidth = 1
3.5956199999782257	EXP	trial_label_left_new: flipHoriz = false
3.5956199999782257	EXP	trial_label_left_new: flipVert = false
3.5956199999782257	EXP	feedback_text: units = "height"
3.5956199999782257	EXP	feedback_text: ori = 0
3.5956199999782257	EXP	feedback_text: opacity = 1
3.5956199999782257	EXP	feedback_text: pos = [0,0]
3.5956199999782257	EXP	feedback_text: size = undefined
3.5956199999782257	EXP	feedback_text: text = "default text"
3.5956199999782257	EXP	feedback_text: font = "Courier New"
3.5956199999782257	EXP	feedback_text: color = {"_hex":"#FFFFFF","_rgb":[1,1,1]}
3.5956199999782257	EXP	feedback_text: contrast = 1
3.5956199999782257	EXP	feedback_text: height = 0.05
3.5956199999782257	EXP	feedback_text: bold = false
3.5956199999782257	EXP	feedback_text: italic = false
3.5956199999782257	EXP	feedback_text: alignHoriz = "left"
3.5956199999782257	EXP	feedback_text: alignVert = "center"
3.5956199999782257	EXP	feedback_text: wrapWidth = 1
3.5956199999782257	EXP	feedback_text: flipHoriz = false
3.5956199999782257	EXP	feedback_text: flipVert = false
3.5956199999782257	EXP	button_left_2: units = "height"
3.5956199999782257	EXP	button_left_2: ori = 0
3.5956199999782257	EXP	button_left_2: opacity = 1
3.5956199999782257	EXP	button_left_2: pos = [-0.4,-0.3]
3.5956199999782257	EXP	button_left_2: size = [1,1]
3.5956199999782257	EXP	button_left_2: lineWidth = 1
3.5956199999782257	EXP	button_left_2: lineColor = {"_hex":"#000000","_rgb":[0,0,0]}
3.5956199999782257	EXP	button_left_2: fillColor = {"_hex":"#FFFFFF","_rgb":[1,1,1]}
3.5956199999782257	EXP	button_left_2: vertices = [[-0.5,0],[0,0.5],[0.5,0]]
3.5956199999782257	EXP	button_left_2: closeShape = true
3.5956199999782257	EXP	button_left_2: contrast = 1
3.5956199999782257	EXP	button_left_2: depth = -2
3.5956199999782257	EXP	button_left_2: interpolate = true
3.5956199999782257	EXP	button_left_2: width = 0.4
3.5956199999782257	EXP	button_left_2: vertices = [[-0.2,null],[0.2,null],[0.2,null],[-0.2,null]]
3.5956199999782257	EXP	button_left_2: height = 0.2
3.5956199999782257	EXP	button_left_2: vertices = [[-0.2,-0.1],[0.2,-0.1],[0.2,0.1],[-0.2,0.1]]
3.5956199999782257	EXP	button_left_2: vertices = [[-0.2,-0.1],[0.2,-0.1],[0.2,0.1],[-0.2,0.1]]
3.5956199999782257	EXP	button_right_2: units = "height"
3.5956199999782257	EXP	button_right_2: ori = 0
3.5956199999782257	EXP	button_right_2: opacity = 1
3.5956199999782257	EXP	button_right_2: pos = [0.4,-0.3]
3.5956199999782257	EXP	button_right_2: size = [1,1]
3.5956199999782257	EXP	button_right_2: lineWidth = 1
3.5956199999782257	EXP	button_right_2: lineColor = {"_hex":"#000000","_rgb":[0,0,0]}
3.5956199999782257	EXP	button_right_2: fillColor = {"_hex":"#FFFFFF","_rgb":[1,1,1]}
3.5956199999782257	EXP	button_right_2: vertices = [[-0.5,0],[0,0.5],[0.5,0]]
3.5956199999782257	EXP	button_right_2: closeShape = true
3.5956199999782257	EXP	button_right_2: contrast = 1
3.5956199999782257	EXP	button_right_2: depth = -3
3.5956199999782257	EXP	button_right_2: interpolate = true
3.5956199999782257	EXP	button_right_2: width = 0.4
3.5956199999782257	EXP	button_right_2: vertices = [[-0.2,null],[0.2,null],[0.2,null],[-0.2,null]]
3.5956199999782257	EXP	button_right_2: height = 0.2
3.5956199999782257	EXP	button_right_2: vertices = [[-0.2,-0.1],[0.2,-0.1],[0.2,0.1],[-0.2,0.1]]
3.5956199999782257	EXP	button_right_2: vertices = [[-0.2,-0.1],[0.2,-0.1],[0.2,0.1],[-0.2,0.1]]
3.5956199999782257	EXP	trial_label_left_2: units = "height"
3.5956199999782257	EXP	trial_label_left_2: ori = 0
3.5956199999782257	EXP	trial_label_left_2: opacity = 1
3.5956199999782257	EXP	trial_label_left_2: pos = [-0.4,-0.3]
3.5956199999782257	EXP	trial_label_left_2: size = undefined
3.5956199999782257	EXP	trial_label_left_2: text = "a = Nonword"
3.5956199999782257	EXP	trial_label_left_2: font = "Courier New"
3.5956199999782257	EXP	trial_label_left_2: color = {"_hex":"#000000","_rgb":[0,0,0]}
3.5956199999782257	EXP	trial_label_left_2: contrast = 1
3.5956199999782257	EXP	trial_label_left_2: height = 0.05
3.5956199999782257	EXP	trial_label_left_2: bold = false
3.5956199999782257	EXP	trial_label_left_2: italic = false
3.5956199999782257	EXP	trial_label_left_2: alignHoriz = "left"
3.5956199999782257	EXP	trial_label_left_2: alignVert = "center"
3.5956199999782257	EXP	trial_label_left_2: wrapWidth = 1
3.5956199999782257	EXP	trial_label_left_2: flipHoriz = false
3.5956199999782257	EXP	trial_label_left_2: flipVert = false
3.5956199999782257	EXP	trial_label_right_2: units = "height"
3.5956199999782257	EXP	trial_label_right_2: ori = 0
3.5956199999782257	EXP	trial_label_right_2: opacity = 1
3.5956199999782257	EXP	trial_label_right_2: pos = [0.4,-0.3]
3.5956199999782257	EXP	trial_label_right_2: size = undefined
3.5956199999782257	EXP	trial_label_right_2: text = "l = Word"
3.5956199999782257	EXP	trial_label_right_2: font = "Courier New"
3.5956199999782257	EXP	trial_label_right_2: color = {"_hex":"#000000","_rgb":[0,0,0]}
3.5956199999782257	EXP	trial_label_right_2: contrast = 1
3.5956199999782257	EXP	trial_label_right_2: height = 0.05
3.5956199999782257	EXP	trial_label_right_2: bold = false
3.5956199999782257	EXP	trial_label_right_2: italic = false
3.5956199999782257	EXP	trial_label_right_2: alignHoriz = "left"
3.5956199999782257	EXP	trial_label_right_2: alignVert = "center"
3.5956199999782257	EXP	trial_label_right_2: wrapWidth = 1
3.5956199999782257	EXP	trial_label_right_2: flipHoriz = false
3.5956199999782257	EXP	trial_label_right_2: flipVert = false
3.5956199999782257	EXP	instructions: units = "height"
3.5956199999782257	EXP	instructions: ori = 0
3.5956199999782257	EXP	instructions: opacity = 1
3.5956199999782257	EXP	instructions: pos = [0,0]
3.5956199999782257	EXP	instructions: size = undefined
3.5956199999782257	EXP	instructions: text = "default text"
3.5956199999782257	EXP	instructions: font = "Courier New"
3.5956199999782257	EXP	instructions: color = {"_hex":"#000000","_rgb":[0,0,0]}
3.5956199999782257	EXP	instructions: contrast = 1
3.5956199999782257	EXP	instructions: height = 0.035
3.5956199999782257	EXP	instructions: bold = false
3.5956199999782257	EXP	instructions: italic = false
3.5956199999782257	EXP	instructions: alignHoriz = "left"
3.5956199999782257	EXP	instructions: alignVert = "center"
3.5956199999782257	EXP	instructions: wrapWidth = 1
3.5956199999782257	EXP	instructions: flipHoriz = false
3.5956199999782257	EXP	instructions: flipVert = false
3.5956199999782257	EXP	instr_done_button: units = "height"
3.5956199999782257	EXP	instr_done_button: ori = 0
3.5956199999782257	EXP	instr_done_button: opacity = 1
3.5956199999782257	EXP	instr_done_button: pos = [0,-0.4]
3.5956199999782257	EXP	instr_done_button: size = [1,1]
3.5956199999782257	EXP	instr_done_button: lineWidth = 1
3.5956199999782257	EXP	instr_done_button: lineColor = {"_hex":"#000000","_rgb":[0,0,0]}
3.5956199999782257	EXP	instr_done_button: fillColor = {"_hex":"#FFFFFF","_rgb":[1,1,1]}
3.5956199999782257	EXP	instr_done_button: vertices = [[-0.5,0],[0,0.5],[0.5,0]]
3.5956199999782257	EXP	instr_done_button: closeShape = true
3.5956199999782257	EXP	instr_done_button: contrast = 1
3.5956199999782257	EXP	instr_done_button: depth = -2
3.5956199999782257	EXP	instr_done_button: interpolate = true
3.5956199999782257	EXP	instr_done_button: width = 0.4
3.5956199999782257	EXP	instr_done_button: vertices = [[-0.2,null],[0.2,null],[0.2,null],[-0.2,null]]
3.5956199999782257	EXP	instr_done_button: height = 0.1
3.5956199999782257	EXP	instr_done_button: vertices = [[-0.2,-0.05],[0.2,-0.05],[0.2,0.05],[-0.2,0.05]]
3.5956199999782257	EXP	instr_done_button: vertices = [[-0.2,-0.05],[0.2,-0.05],[0.2,0.05],[-0.2,0.05]]
3.5956199999782257	EXP	instr_done_label: units = "height"
3.5956199999782257	EXP	instr_done_label: ori = 0
3.5956199999782257	EXP	instr_done_label: opacity = 1
3.5956199999782257	EXP	instr_done_label: pos = [0,-0.4]
3.5956199999782257	EXP	instr_done_label: size = undefined
3.5956199999782257	EXP	instr_done_label: text = "Continue"
3.5956199999782257	EXP	instr_done_label: font = "Courier New"
3.5956199999782257	EXP	instr_done_label: color = {"_hex":"#000000","_rgb":[0,0,0]}
3.5956199999782257	EXP	instr_done_label: contrast = 1
3.5956199999782257	EXP	instr_done_label: height = 0.05
3.5956199999782257	EXP	instr_done_label: bold = false
3.5956199999782257	EXP	instr_done_label: italic = false
3.5956199999782257	EXP	instr_done_label: alignHoriz = "left"
3.5956199999782257	EXP	instr_done_label: alignVert = "center"
3.5956199999782257	EXP	instr_done_label: wrapWidth = 1
3.5956199999782257	EXP	instr_done_label: flipHoriz = false
3.5956199999782257	EXP	instr_done_label: flipVert = false
3.5956199999782257	EXP	fixation_mask: units = "height"
3.5956199999782257	EXP	fixation_mask: ori = 0
3.5956199999782257	EXP	fixation_mask: opacity = 1
3.5956199999782257	EXP	fixation_mask: pos = [0,0]
3.5956199999782257	EXP	fixation_mask: size = undefined
3.5956199999782257	EXP	fixation_mask: text = "######"
3.5956199999782257	EXP	fixation_mask: font = "Courier New"
3.5956199999782257	EXP	fixation_mask: color = {"_hex":"#000000","_rgb":[0,0,0]}
3.5956199999782257	EXP	fixation_mask: contrast = 1
3.5956199999782257	EXP	fixation_mask: height = 0.1
3.5956199999782257	EXP	fixation_mask: bold = false
3.5956199999782257	EXP	fixation_mask: italic = false
3.5956199999782257	EXP	fixation_mask: alignHoriz = "left"
3.5956199999782257	EXP	fixation_mask: alignVert = "center"
3.5956199999782257	EXP	fixation_mask: wrapWidth = 1
3.5956199999782257	EXP	fixation_mask: flipHoriz = false
3.5956199999782257	EXP	fixation_mask: flipVert = false
3.5956199999782257	EXP	prime_text: units = "height"
3.5956199999782257	EXP	prime_text: ori = 0
3.5956199999782257	EXP	prime_text: opacity = 1
3.5956199999782257	EXP	prime_text: pos = [0,0]
3.5956199999782257	EXP	prime_text: size = undefined
3.5956199999782257	EXP	prime_text: text = "default text"
3.5956199999782257	EXP	prime_text: font = "Courier New"
3.5956199999782257	EXP	prime_text: color = {"_hex":"#000000","_rgb":[0,0,0]}
3.5956199999782257	EXP	prime_text: contrast = 1
3.5956199999782257	EXP	prime_text: height = 0.1
3.5956199999782257	EXP	prime_text: bold = false
3.5956199999782257	EXP	prime_text: italic = false
3.5956199999782257	EXP	prime_text: alignHoriz = "left"
3.5956199999782257	EXP	prime_text: alignVert = "center"
3.5956199999782257	EXP	prime_text: wrapWidth = 1
3.5956199999782257	EXP	prime_text: flipHoriz = false
3.5956199999782257	EXP	prime_text: flipVert = false
3.5956199999782257	EXP	target: units = "height"
3.5956199999782257	EXP	target: ori = 0
3.5956199999782257	EXP	target: opacity = 1
3.5956199999782257	EXP	target: pos = [0,0]
3.5956199999782257	EXP	target: size = undefined
3.5956199999782257	EXP	target: text = "default text"
3.5956199999782257	EXP	target: font = "Arial"
3.5956199999782257	EXP	target: color = {"_hex":"#000000","_rgb":[0,0,0]}
3.5956199999782257	EXP	target: contrast = 1
3.5956199999782257	EXP	target: height = 0.1
3.5956199999782257	EXP	target: bold = false
3.5956199999782257	EXP	target: italic = false
3.5956199999782257	EXP	target: alignHoriz = "left"
3.5956199999782257	EXP	target: alignVert = "center"
3.5956199999782257	EXP	target: wrapWidth = 1
3.5956199999782257	EXP	target: flipHoriz = false
3.5956199999782257	EXP	target: flipVert = false
3.5956199999782257	EXP	button_left: units = "height"
3.5956199999782257	EXP	button_left: ori = 0
3.5956199999782257	EXP	button_left: opacity = 1
3.5956199999782257	EXP	button_left: pos = [-0.4,-0.3]
3.5956199999782257	EXP	button_left: size = [1,1]
3.5956199999782257	EXP	button_left: lineWidth = 1
3.5956199999782257	EXP	button_left: lineColor = {"_hex":"#000000","_rgb":[0,0,0]}
3.5956199999782257	EXP	button_left: fillColor = {"_hex":"#FFFFFF","_rgb":[1,1,1]}
3.5956199999782257	EXP	button_left: vertices = [[-0.5,0],[0,0.5],[0.5,0]]
3.5956199999782257	EXP	button_left: closeShape = true
3.5956199999782257	EXP	button_left: contrast = 1
3.5956199999782257	EXP	button_left: depth = -5
3.5956199999782257	EXP	button_left: interpolate = true
3.5956199999782257	EXP	button_left: width = 0.4
3.5956199999782257	EXP	button_left: vertices = [[-0.2,null],[0.2,null],[0.2,null],[-0.2,null]]
3.5956199999782257	EXP	button_left: height = 0.2
3.5956199999782257	EXP	button_left: vertices = [[-0.2,-0.1],[0.2,-0.1],[0.2,0.1],[-0.2,0.1]]
3.5956199999782257	EXP	button_left: vertices = [[-0.2,-0.1],[0.2,-0.1],[0.2,0.1],[-0.2,0.1]]
3.5956199999782257	EXP	button_right: units = "height"
3.5956199999782257	EXP	button_right: ori = 0
3.5956199999782257	EXP	button_right: opacity = 1
3.5956199999782257	EXP	button_right: pos = [0.4,-0.3]
3.5956199999782257	EXP	button_right: size = [1,1]
3.5956199999782257	EXP	button_right: lineWidth = 1
3.5956199999782257	EXP	button_right: lineColor = {"_hex":"#000000","_rgb":[0,0,0]}
3.5956199999782257	EXP	button_right: fillColor = {"_hex":"#FFFFFF","_rgb":[1,1,1]}
3.5956199999782257	EXP	button_right: vertices = [[-0.5,0],[0,0.5],[0.5,0]]
3.5956199999782257	EXP	button_right: closeShape = true
3.5956199999782257	EXP	button_right: contrast = 1
3.5956199999782257	EXP	button_right: depth = -6
3.5956199999782257	EXP	button_right: interpolate = true
3.5956199999782257	EXP	button_right: width = 0.4
3.5956199999782257	EXP	button_right: vertices = [[-0.2,null],[0.2,null],[0.2,null],[-0.2,null]]
3.5956199999782257	EXP	button_right: height = 0.2
3.5956199999782257	EXP	button_right: vertices = [[-0.2,-0.1],[0.2,-0.1],[0.2,0.1],[-0.2,0.1]]
3.5956199999782257	EXP	button_right: vertices = [[-0.2,-0.1],[0.2,-0.1],[0.2,0.1],[-0.2,0.1]]
3.5956199999782257	EXP	trial_label_right: units = "height"
3.5956199999782257	EXP	trial_label_right: ori = 0
3.5956199999782257	EXP	trial_label_right: opacity = 1
3.5956199999782257	EXP	trial_label_right: pos = [0.4,-0.3]
3.5956199999782257	EXP	trial_label_right: size = undefined
3.5956199999782257	EXP	trial_label_right: text = "l = Word"
3.5956199999782257	EXP	trial_label_right: font = "Courier New"
3.5956199999782257	EXP	trial_label_right: color = {"_hex":"#000000","_rgb":[0,0,0]}
3.5956199999782257	EXP	trial_label_right: contrast = 1
3.5956199999782257	EXP	trial_label_right: height = 0.05
3.5956199999782257	EXP	trial_label_right: bold = false
3.5956199999782257	EXP	trial_label_right: italic = false
3.5956199999782257	EXP	trial_label_right: alignHoriz = "left"
3.5956199999782257	EXP	trial_label_right: alignVert = "center"
3.5956199999782257	EXP	trial_label_right: wrapWidth = 1
3.5956199999782257	EXP	trial_label_right: flipHoriz = false
3.5956199999782257	EXP	trial_label_right: flipVert = false
3.5956199999782257	EXP	trial_label_left_new: units = "height"
3.5956199999782257	EXP	trial_label_left_new: ori = 0
3.5956199999782257	EXP	trial_label_left_new: opacity = 1
3.5956199999782257	EXP	trial_label_left_new: pos = [-0.4,-0.3]
3.5956199999782257	EXP	trial_label_left_new: size = undefined
3.5956199999782257	EXP	trial_label_left_new: text = "a = Nonword"
3.5956199999782257	EXP	trial_label_left_new: font = "Courier New"
3.5956199999782257	EXP	trial_label_left_new: color = {"_hex":"#000000","_rgb":[0,0,0]}
3.5956199999782257	EXP	trial_label_left_new: contrast = 1
3.5956199999782257	EXP	trial_label_left_new: height = 0.05
3.5956199999782257	EXP	trial_label_left_new: bold = false
3.5956199999782257	EXP	trial_label_left_new: italic = false
3.5956199999782257	EXP	trial_label_left_new: alignHoriz = "left"
3.5956199999782257	EXP	trial_label_left_new: alignVert = "center"
3.5956199999782257	EXP	trial_label_left_new: wrapWidth = 1
3.5956199999782257	EXP	trial_label_left_new: flipHoriz = false
3.5956199999782257	EXP	trial_label_left_new: flipVert = false
3.5956199999782257	EXP	feedback_text: units = "height"
3.5956199999782257	EXP	feedback_text: ori = 0
3.5956199999782257	EXP	feedback_text: opacity = 1
3.5956199999782257	EXP	feedback_text: pos = [0,0]
3.5956199999782257	EXP	feedback_text: size = undefined
3.5956199999782257	EXP	feedback_text: text = "default text"
3.5956199999782257	EXP	feedback_text: font = "Courier New"
3.5956199999782257	EXP	feedback_text: color = {"_hex":"#FFFFFF","_rgb":[1,1,1]}
3.5956199999782257	EXP	feedback_text: contrast = 1
3.5956199999782257	EXP	feedback_text: height = 0.05
3.5956199999782257	EXP	feedback_text: bold = false
3.5956199999782257	EXP	feedback_text: italic = false
3.5956199999782257	EXP	feedback_text: alignHoriz = "left"
3.5956199999782257	EXP	feedback_text: alignVert = "center"
3.5956199999782257	EXP	feedback_text: wrapWidth = 1
3.5956199999782257	EXP	feedback_text: flipHoriz = false
3.5956199999782257	EXP	feedback_text: flipVert = false
3.5956199999782257	EXP	button_left_2: units = "height"
3.5956199999782257	EXP	button_left_2: ori = 0
3.5956199999782257	EXP	button_left_2: opacity = 1
3.5956199999782257	EXP	button_left_2: pos = [-0.4,-0.3]
3.5956199999782257	EXP	button_left_2: size = [1,1]
3.5956199999782257	EXP	button_left_2: lineWidth = 1
3.5956199999782257	EXP	button_left_2: lineColor = {"_hex":"#000000","_rgb":[0,0,0]}
3.5956199999782257	EXP	button_left_2: fillColor = {"_hex":"#FFFFFF","_rgb":[1,1,1]}
3.5956199999782257	EXP	button_left_2: vertices = [[-0.5,0],[0,0.5],[0.5,0]]
3.5956199999782257	EXP	button_left_2: closeShape = true
3.5956199999782257	EXP	button_left_2: contrast = 1
3.5956199999782257	EXP	button_left_2: depth = -2
3.5956199999782257	EXP	button_left_2: interpolate = true
3.5956199999782257	EXP	button_left_2: width = 0.4
3.5956199999782257	EXP	button_left_2: vertices = [[-0.2,null],[0.2,null],[0.2,null],[-0.2,null]]
3.5956199999782257	EXP	button_left_2: height = 0.2
3.5956199999782257	EXP	button_left_2: vertices = [[-0.2,-0.1],[0.2,-0.1],[0.2,0.1],[-0.2,0.1]]
3.5956199999782257	EXP	button_left_2: vertices = [[-0.2,-0.1],[0.2,-0.1],[0.2,0.1],[-0.2,0.1]]
3.5956199999782257	EXP	button_right_2: units = "height"
3.5956199999782257	EXP	button_right_2: ori = 0
3.5956199999782257	EXP	button_right_2: opacity = 1
3.5956199999782257	EXP	button_right_2: pos = [0.4,-0.3]
3.5956199999782257	EXP	button_right_2: size = [1,1]
3.5956199999782257	EXP	button_right_2: lineWidth = 1
3.5956199999782257	EXP	button_right_2: lineColor = {"_hex":"#000000","_rgb":[0,0,0]}
3.5956199999782257	EXP	button_right_2: fillColor = {"_hex":"#FFFFFF","_rgb":[1,1,1]}
3.5956199999782257	EXP	button_right_2: vertices = [[-0.5,0],[0,0.5],[0.5,0]]
3.5956199999782257	EXP	button_right_2: closeShape = true
3.5956199999782257	EXP	button_right_2: contrast = 1
3.5956199999782257	EXP	button_right_2: depth = -3
3.5956199999782257	EXP	button_right_2: interpolate = true
3.5956199999782257	EXP	button_right_2: width = 0.4
3.5956199999782257	EXP	button_right_2: vertices = [[-0.2,null],[0.2,null],[0.2,null],[-0.2,null]]
3.5956199999782257	EXP	button_right_2: height = 0.2
3.5956199999782257	EXP	button_right_2: vertices = [[-0.2,-0.1],[0.2,-0.1],[0.2,0.1],[-0.2,0.1]]
3.5956199999782257	EXP	button_right_2: vertices = [[-0.2,-0.1],[0.2,-0.1],[0.2,0.1],[-0.2,0.1]]
3.5956199999782257	EXP	trial_label_left_2: units = "height"
3.5956199999782257	EXP	trial_label_left_2: ori = 0
3.5956199999782257	EXP	trial_label_left_2: opacity = 1
3.5956199999782257	EXP	trial_label_left_2: pos = [-0.4,-0.3]
3.5956199999782257	EXP	trial_label_left_2: size = undefined
3.5956199999782257	EXP	trial_label_left_2: text = "a = Nonword"
3.5956199999782257	EXP	trial_label_left_2: font = "Courier New"
3.5956199999782257	EXP	trial_label_left_2: color = {"_hex":"#000000","_rgb":[0,0,0]}
3.5956199999782257	EXP	trial_label_left_2: contrast = 1
3.5956199999782257	EXP	trial_label_left_2: height = 0.05
3.5956199999782257	EXP	trial_label_left_2: bold = false
3.5956199999782257	EXP	trial_label_left_2: italic = false
3.5956199999782257	EXP	trial_label_left_2: alignHoriz = "left"
3.5956199999782257	EXP	trial_label_left_2: alignVert = "center"
3.5956199999782257	EXP	trial_label_left_2: wrapWidth = 1
3.5956199999782257	EXP	trial_label_left_2: flipHoriz = false
3.5956199999782257	EXP	trial_label_left_2: flipVert = false
3.5956199999782257	EXP	trial_label_right_2: units = "height"
3.5956199999782257	EXP	trial_label_right_2: ori = 0
3.5956199999782257	EXP	trial_label_right_2: opacity = 1
3.5956199999782257	EXP	trial_label_right_2: pos = [0.4,-0.3]
3.5956199999782257	EXP	trial_label_right_2: size = undefined
3.5956199999782257	EXP	trial_label_right_2: text = "l = Word"
3.5956199999782257	EXP	trial_label_right_2: font = "Courier New"
3.5956199999782257	EXP	trial_label_right_2: color = {"_hex":"#000000","_rgb":[0,0,0]}
3.5956199999782257	EXP	trial_label_right_2: contrast = 1
3.5956199999782257	EXP	trial_label_right_2: height = 0.05
3.5956199999782257	EXP	trial_label_right_2: bold = false
3.5956199999782257	EXP	trial_label_right_2: italic = false
3.5956199999782257	EXP	trial_label_right_2: alignHoriz = "left"
3.5956199999782257	EXP	trial_label_right_2: alignVert = "center"
3.5956199999782257	EXP	trial_label_right_2: wrapWidth = 1
3.5956199999782257	EXP	trial_label_right_2: flipHoriz = false
3.5956199999782257	EXP	trial_label_right_2: flipVert = false
3.5956199999782257	EXP	break_text: units = "height"
3.5956199999782257	EXP	break_text: ori = 0
3.5956199999782257	EXP	break_text: opacity = 1
3.5956199999782257	EXP	break_text: pos = [0,0]
3.5956199999782257	EXP	break_text: size = undefined
3.5956199999782257	EXP	break_text: text = "BREAK\n\nPlease take a short break.\n\nWhen you are done, please press the space bar or touch the \"Continue\" button below to continue the experiment."
3.5956199999782257	EXP	break_text: font = "Courier New"
3.5956199999782257	EXP	break_text: color = {"_hex":"#000000","_rgb":[0,0,0]}
3.5956199999782257	EXP	break_text: contrast = 1
3.5956199999782257	EXP	break_text: height = 0.05
3.5956199999782257	EXP	break_text: bold = false
3.5956199999782257	EXP	break_text: italic = false
3.5956199999782257	EXP	break_text: alignHoriz = "left"
3.5956199999782257	EXP	break_text: alignVert = "center"
3.5956199999782257	EXP	break_text: wrapWidth = 1
3.5956199999782257	EXP	break_text: flipHoriz = false
3.5956199999782257	EXP	break_text: flipVert = false
3.5956199999782257	EXP	break_done_button: units = "height"
3.5956199999782257	EXP	break_done_button: ori = 0
3.5956199999782257	EXP	break_done_button: opacity = 1
3.5956199999782257	EXP	break_done_button: pos = [0,-0.4]
3.5956199999782257	EXP	break_done_button: size = [1,1]
3.5956199999782257	EXP	break_done_button: lineWidth = 1
3.5956199999782257	EXP	break_done_button: lineColor = {"_hex":"#000000","_rgb":[0,0,0]}
3.5956199999782257	EXP	break_done_button: fillColor = {"_hex":"#FFFFFF","_rgb":[1,1,1]}
3.5956199999782257	EXP	break_done_button: vertices = [[-0.5,0],[0,0.5],[0.5,0]]
3.5956199999782257	EXP	break_done_button: closeShape = true
3.5956199999782257	EXP	break_done_button: contrast = 1
3.5956199999782257	EXP	break_done_button: depth = -3
3.5956199999782257	EXP	break_done_button: interpolate = true
3.5956199999782257	EXP	break_done_button: width = 0.4
3.5956199999782257	EXP	break_done_button: vertices = [[-0.2,null],[0.2,null],[0.2,null],[-0.2,null]]
3.5956199999782257	EXP	break_done_button: height = 0.1
3.5956199999782257	EXP	break_done_button: vertices = [[-0.2,-0.05],[0.2,-0.05],[0.2,0.05],[-0.2,0.05]]
3.5956199999782257	EXP	break_done_button: vertices = [[-0.2,-0.05],[0.2,-0.05],[0.2,0.05],[-0.2,0.05]]
3.5956199999782257	EXP	break_done_button_label: units = "height"
3.5956199999782257	EXP	break_done_button_label: ori = 0
3.5956199999782257	EXP	break_done_button_label: opacity = 1
3.5956199999782257	EXP	break_done_button_label: pos = [0,-0.4]
3.5956199999782257	EXP	break_done_button_label: size = undefined
3.5956199999782257	EXP	break_done_button_label: text = "Continue"
3.5956199999782257	EXP	break_done_button_label: font = "Courier New"
3.5956199999782257	EXP	break_done_button_label: color = {"_hex":"#000000","_rgb":[0,0,0]}
3.5956199999782257	EXP	break_done_button_label: contrast = 1
3.5956199999782257	EXP	break_done_button_label: height = 0.05
3.5956199999782257	EXP	break_done_button_label: bold = false
3.5956199999782257	EXP	break_done_button_label: italic = false
3.5956199999782257	EXP	break_done_button_label: alignHoriz = "left"
3.5956199999782257	EXP	break_done_button_label: alignVert = "center"
3.5956199999782257	EXP	break_done_button_label: wrapWidth = 1
3.5956199999782257	EXP	break_done_button_label: flipHoriz = false
3.5956199999782257	EXP	break_done_button_label: flipVert = false
3.5956199999782257	EXP	thank_you: units = "height"
3.5956199999782257	EXP	thank_you: ori = 0
3.5956199999782257	EXP	thank_you: opacity = 1
3.5956199999782257	EXP	thank_you: pos = [0,0]
3.5956199999782257	EXP	thank_you: size = undefined
3.5956199999782257	EXP	thank_you: text = "This is the end of the experiment.\n\nPlease do not close this window yet. \n\nYou will now be redirected to the debriefing page. You must go to this page in order to receive your participation credit."
3.5956199999782257	EXP	thank_you: font = "Courier New"
3.5956199999782257	EXP	thank_you: color = {"_hex":"#000000","_rgb":[0,0,0]}
3.5956199999782257	EXP	thank_you: contrast = 1
3.5956199999782257	EXP	thank_you: height = 1
3.5956199999782257	EXP	thank_you: bold = false
3.5956199999782257	EXP	thank_you: italic = false
3.5956199999782257	EXP	thank_you: alignHoriz = "left"
3.5956199999782257	EXP	thank_you: alignVert = "center"
3.5956199999782257	EXP	thank_you: wrapWidth = 1
3.5956199999782257	EXP	thank_you: flipHoriz = false
3.5956199999782257	EXP	thank_you: flipVert = false
3.5956199999782257	EXP	instructions: text = "In this task you will judge whether a string of letters forms a word or not (i.e., is a nonword). Look at the cross at the start of each trial. After a second, a string of letters will appear. Your task is to indicate if the letter string forms a word or not (i.e., if it is a nonword).\r\n\r\n For example, AUTHOR is a word while AUTHON is a nonword.\r\n\r\nPress the space bar or click the button below to continue."
3.5956199999782257	EXP	instructions: autoDraw = true
3.5956199999782257	EXP	instr_done_button: autoDraw = true
3.5956199999782257	EXP	instr_done_label: autoDraw = true
5.877960000012536	DATA	Mouse: 0 button down, pos=(673.000020056963,639.000019043684)
5.895424999995157	EXP	instructions: autoDraw = false
5.895424999995157	EXP	instr_done_button: autoDraw = false
5.895424999995157	EXP	instr_done_label: autoDraw = false
5.895424999995157	EXP	instructions: text = " If your device has a keyboard, press the 'a' key for nonwords and the 'l' key for words. If your device does not have a keyboard, touch the left button on the screen for nonwords and the right button for words. Do not use the mouse as this will slow down your response. \r\n\r\nPress the space bar or click the button below to continue."
5.895424999995157	EXP	instructions: autoDraw = true
5.895424999995157	EXP	instr_done_button: autoDraw = true
5.895424999995157	EXP	instr_done_label: autoDraw = true
5.9938250000122935	DATA	Mouse: 0 button down, pos=(673.000020056963,639.000019043684)
9.396665000007488	DATA	Mouse: 0 button down, pos=(624.333392630022,637.3333930174522)
9.41826000000583	EXP	instructions: autoDraw = false
9.41826000000583	EXP	instr_done_button: autoDraw = false
9.41826000000583	EXP	instr_done_label: autoDraw = false
9.41826000000583	EXP	instructions: text = "It is very important that you respond as quickly and accurately as possible, as each letter string will only be on the screen for two seconds. If you do not respond within this time, the message 'Too slow!' will be displayed and the experiment will progress to the next letter string. \r\n\r\nThe first 20 trials will be practice trials and you will receive feedback on your answers. \r\n\r\nPress the space bar or touch the button below to start the practice trials."
9.41826000000583	EXP	instructions: autoDraw = true
9.41826000000583	EXP	instr_done_button: autoDraw = true
9.41826000000583	EXP	instr_done_label: autoDraw = true
9.498064999992494	DATA	Mouse: 0 button down, pos=(624.333392630022,637.3333930174522)
14.166414999985136	DATA	Mouse: wheel shift=(0,-300), pos=(612.3333922723941,640.3333931068591)
14.216344999964349	DATA	Mouse: wheel shift=(0,-300), pos=(612.6666849255562,651.6666860878468)
14.807924999971874	DATA	Mouse: 0 button down, pos=(625.3333926598243,652.333393464487)
14.894359999976587	EXP	instructions: autoDraw = false
14.894359999976587	EXP	instr_done_button: autoDraw = false
14.894359999976587	EXP	instr_done_label: autoDraw = false
14.894359999976587	EXP	prime_text: text = "miaber"
14.894359999976587	EXP	target: text = "THRALE"
14.894359999976587	EXP	target: font = "Courier New"
14.894359999976587	EXP	fixation_mask: autoDraw = true
14.894359999976587	EXP	button_left: autoDraw = true
14.894359999976587	EXP	button_right: autoDraw = true
14.894359999976587	EXP	trial_label_right: autoDraw = true
14.894359999976587	EXP	trial_label_left_new: autoDraw = true
14.9085999999661	DATA	Mouse: 0 button down, pos=(625.3333926598243,652.333393464487)
15.396464999997988	EXP	fixation_mask: autoDraw = false
15.396464999997988	EXP	prime_text: autoDraw = true
15.44686999998521	EXP	prime_text: autoDraw = false
15.44686999998521	EXP	target: autoDraw = true
16.36347999999998	DATA	Mouse: 0 button down, pos=(810.3333574831486,572.6666837334633)
16.380194999976084	EXP	fixation_mask: autoDraw = false
16.380194999976084	EXP	prime_text: autoDraw = false
16.380194999976084	EXP	target: autoDraw = false
16.380194999976084	EXP	button_left: autoDraw = false
16.380194999976084	EXP	button_right: autoDraw = false
16.380194999976084	EXP	trial_label_right: autoDraw = false
16.380194999976084	EXP	trial_label_left_new: autoDraw = false
16.380194999976084	EXP	feedback_text: color = {"_hex":"#FF0000","_rgb":[1,0,0]}
16.380194999976084	EXP	feedback_text: text = "Incorrect"
16.380194999976084	EXP	feedback_text: autoDraw = true
16.380194999976084	EXP	button_left_2: autoDraw = true
16.380194999976084	EXP	button_right_2: autoDraw = true
16.380194999976084	EXP	trial_label_left_2: autoDraw = true
16.380194999976084	EXP	trial_label_right_2: autoDraw = true
16.447184999997262	DATA	Mouse: 0 button down, pos=(811.0000241696835,573.0000170767307)
16.87938999995822	EXP	feedback_text: autoDraw = false
16.87938999995822	EXP	button_left_2: autoDraw = false
16.87938999995822	EXP	button_right_2: autoDraw = false
16.87938999995822	EXP	trial_label_left_2: autoDraw = false
16.87938999995822	EXP	trial_label_right_2: autoDraw = false
16.87938999995822	EXP	feedback_text: autoDraw = false
16.87938999995822	EXP	button_left_2: autoDraw = false
16.87938999995822	EXP	button_right_2: autoDraw = false
16.87938999995822	EXP	trial_label_left_2: autoDraw = false
16.87938999995822	EXP	trial_label_right_2: autoDraw = false
16.87938999995822	EXP	prime_text: text = "mushed"
16.87938999995822	EXP	target: text = "WHAISE"
16.87938999995822	EXP	target: font = "Courier New"
16.87938999995822	EXP	fixation_mask: autoDraw = true
16.87938999995822	EXP	button_left: autoDraw = true
16.87938999995822	EXP	button_right: autoDraw = true
16.87938999995822	EXP	trial_label_right: autoDraw = true
16.87938999995822	EXP	trial_label_left_new: autoDraw = true
17.246990000014193	DATA	Mouse: 0 button down, pos=(813.3333575725555,574.6666837930679)
17.36358000000473	DATA	Mouse: 0 button down, pos=(813.3333575725555,574.6666837930679)
17.379284999973606	EXP	fixation_mask: autoDraw = false
17.396294999984093	EXP	prime_text: autoDraw = true
17.429260000004433	EXP	prime_text: autoDraw = false
17.44641999999294	EXP	target: autoDraw = true
19.426359999983106	EXP	target: autoDraw = false
19.426359999983106	EXP	button_left: autoDraw = false
19.426359999983106	EXP	button_right: autoDraw = false
19.426359999983106	EXP	trial_label_right: autoDraw = false
19.426359999983106	EXP	trial_label_left_new: autoDraw = false
19.426359999983106	EXP	fixation_mask: autoDraw = false
19.426359999983106	EXP	prime_text: autoDraw = false
19.426359999983106	EXP	target: autoDraw = false
19.426359999983106	EXP	button_left: autoDraw = false
19.426359999983106	EXP	button_right: autoDraw = false
19.426359999983106	EXP	trial_label_right: autoDraw = false
19.426359999983106	EXP	trial_label_left_new: autoDraw = false
19.426359999983106	EXP	feedback_text: color = {"_hex":"#000000","_rgb":[0,0,0]}
19.426359999983106	EXP	feedback_text: text = "Too slow!"
19.426359999983106	EXP	feedback_text: autoDraw = true
19.426359999983106	EXP	button_left_2: autoDraw = true
19.426359999983106	EXP	button_right_2: autoDraw = true
19.426359999983106	EXP	trial_label_left_2: autoDraw = true
19.426359999983106	EXP	trial_label_right_2: autoDraw = true
19.944359999964945	EXP	feedback_text: autoDraw = false
19.944359999964945	EXP	button_left_2: autoDraw = false
19.944359999964945	EXP	button_right_2: autoDraw = false
19.944359999964945	EXP	trial_label_left_2: autoDraw = false
19.944359999964945	EXP	trial_label_right_2: autoDraw = false
19.944359999964945	EXP	feedback_text: autoDraw = false
19.944359999964945	EXP	button_left_2: autoDraw = false
19.944359999964945	EXP	button_right_2: autoDraw = false
19.944359999964945	EXP	trial_label_left_2: autoDraw = false
19.944359999964945	EXP	trial_label_right_2: autoDraw = false
19.944359999964945	EXP	prime_text: text = "inlade"
19.944359999964945	EXP	target: text = "INLADE"
19.944359999964945	EXP	target: font = "Courier New"
19.944359999964945	EXP	fixation_mask: autoDraw = true
19.944359999964945	EXP	button_left: autoDraw = true
19.944359999964945	EXP	button_right: autoDraw = true
19.944359999964945	EXP	trial_label_right: autoDraw = true
19.944359999964945	EXP	trial_label_left_new: autoDraw = true
20.450364999996964	EXP	fixation_mask: autoDraw = false
20.450364999996964	EXP	prime_text: autoDraw = true
20.48951499996474	EXP	prime_text: autoDraw = false
20.48951499996474	EXP	target: autoDraw = true
20.51769000000786	DATA	Keydown: Escape
20.81636499997694	DATA	Keydown: Escape
21.00017499999376	DATA	Keydown: Escape
