0.07675499998731539	EXP	Created Window = Window( name=Window, fullscr=true, color=#ffffff, units=height, waitBlanking=true, autoLog=true, size=[1920,1013] )
0.16362999996636063	DATA	Mouse: wheel shift=(-100,0), pos=(776,630)
0.17924499994842336	DATA	Mouse: wheel shift=(-300,0), pos=(776,630)
0.1935249999514781	DATA	Mouse: wheel shift=(-100,0), pos=(779,631)
0.23216499999398366	DATA	Mouse: wheel shift=(-100,0), pos=(781,633)
0.2987949999514967	DATA	Mouse: wheel shift=(-100,0), pos=(781,633)
1.5488699999987148	EXP	Created instructions = TextStim( name=instructions, win=Window( name=Window, fullscr=true, color=#ffffff, ~), autoDraw=null, autoLog=true, units=height, ori=null, opacity=1, pos=[0,0], size=undefined, text=default text, font=Courier New, color=#000000, contrast=1, height=0.035, bold=null, italic=null, alignHoriz=left, alignVert=center, wrapWidth=1, flipHoriz=null, flipVert=null )
1.5528300000005402	EXP	Created instr_done_button = Rect( name=instr_done_button, win=Window( name=Window, fullscr=true, color=#ffffff, ~), autoDraw=null, autoLog=true, units=height, ori=null, opacity=1, pos=[0,-0.4], size=[1,1], lineWidth=1, lineColor=#000000, fillColor=#FFFFFF, vertices=[[-0.2,-0.05],[0.2,-0.05],[0.2,0.05],[-0.2,0.05]], closeShape=true, contrast=1, depth=-2, interpolate=true, width=0.4, height=0.1 )
1.5535299999755807	EXP	Created instr_done_label = TextStim( name=instr_done_label, win=Window( name=Window, fullscr=true, color=#ffffff, ~), autoDraw=null, autoLog=true, units=height, ori=null, opacity=1, pos=[0,-0.4], size=undefined, text=Continue, font=Courier New, color=#000000, contrast=1, height=0.05, bold=null, italic=null, alignHoriz=left, alignVert=center, wrapWidth=1, flipHoriz=null, flipVert=null )
1.5565699999569915	EXP	Created instructions_image = ImageStim( name=instructions_image, win=Window( name=Window, fullscr=true, color=#ffffff, ~), autoDraw=null, autoLog=true, units=height, ori=null, opacity=1, pos=[0,0], size=[0.5,0.5], image=undefined, mask=undefined, color=#ffffff, contrast=1, texRes=128, interpolate=true, depth=-6, flipHoriz=null, flipVert=null )
1.5581449999590404	EXP	Created instruction_image = ImageStim( name=instruction_image, win=Window( name=Window, fullscr=true, color=#ffffff, ~), autoDraw=null, autoLog=true, units=height, ori=null, opacity=1, pos=[0,0], size=[0.5,0.5], image=undefined, mask=undefined, color=#ffffff, contrast=1, texRes=128, interpolate=true, depth=null, flipHoriz=null, flipVert=null )
1.55879499996081	EXP	Created fixation_mask = TextStim( name=fixation_mask, win=Window( name=Window, fullscr=true, color=#ffffff, ~), autoDraw=null, autoLog=true, units=height, ori=null, opacity=1, pos=[0,0], size=undefined, text=######, font=Courier New, color=#000000, contrast=1, height=0.1, bold=null, italic=null, alignHoriz=left, alignVert=center, wrapWidth=1, flipHoriz=null, flipVert=null )
1.559224999975413	EXP	Created prime_text = TextStim( name=prime_text, win=Window( name=Window, fullscr=true, color=#ffffff, ~), autoDraw=null, autoLog=true, units=height, ori=null, opacity=1, pos=[0,0], size=undefined, text=default text, font=Courier New, color=#000000, contrast=1, height=0.1, bold=null, italic=null, alignHoriz=left, alignVert=center, wrapWidth=1, flipHoriz=null, flipVert=null )
1.5598299999837764	EXP	Created target = TextStim( name=target, win=Window( name=Window, fullscr=true, color=#ffffff, ~), autoDraw=null, autoLog=true, units=height, ori=null, opacity=1, pos=[0,0], size=undefined, text=default text, font=Arial, color=#000000, contrast=1, height=0.1, bold=null, italic=null, alignHoriz=left, alignVert=center, wrapWidth=1, flipHoriz=null, flipVert=null )
1.562969999969937	EXP	Created button_left = Rect( name=button_left, win=Window( name=Window, fullscr=true, color=#ffffff, ~), autoDraw=null, autoLog=true, units=height, ori=null, opacity=1, pos=[-0.4,-0.3], size=[1,1], lineWidth=1, lineColor=#000000, fillColor=#FFFFFF, vertices=[[-0.2,-0.1],[0.2,-0.1],[0.2,0.1],[-0.2,0.1]], closeShape=true, contrast=1, depth=-5, interpolate=true, width=0.4, height=0.2 )
1.5656650000019	EXP	Created button_right = Rect( name=button_right, win=Window( name=Window, fullscr=true, color=#ffffff, ~), autoDraw=null, autoLog=true, units=height, ori=null, opacity=1, pos=[0.4,-0.3], size=[1,1], lineWidth=1, lineColor=#000000, fillColor=#FFFFFF, vertices=[[-0.2,-0.1],[0.2,-0.1],[0.2,0.1],[-0.2,0.1]], closeShape=true, contrast=1, depth=-6, interpolate=true, width=0.4, height=0.2 )
1.5661549999495037	EXP	Created trial_label_right = TextStim( name=trial_label_right, win=Window( name=Window, fullscr=true, color=#ffffff, ~), autoDraw=null, autoLog=true, units=height, ori=null, opacity=1, pos=[0.4,-0.3], size=undefined, text=l = Word, font=Courier New, color=#000000, contrast=1, height=0.05, bold=null, italic=null, alignHoriz=left, alignVert=center, wrapWidth=1, flipHoriz=null, flipVert=null )
1.5666399999754503	EXP	Created trial_label_left_new = TextStim( name=trial_label_left_new, win=Window( name=Window, fullscr=true, color=#ffffff, ~), autoDraw=null, autoLog=true, units=height, ori=null, opacity=1, pos=[-0.4,-0.3], size=undefined, text=a = Nonword, font=Courier New, color=#000000, contrast=1, height=0.05, bold=null, italic=null, alignHoriz=left, alignVert=center, wrapWidth=1, flipHoriz=null, flipVert=null )
1.5670099999988452	EXP	Created feedback_text = TextStim( name=feedback_text, win=Window( name=Window, fullscr=true, color=#ffffff, ~), autoDraw=null, autoLog=true, units=height, ori=null, opacity=1, pos=[0,0], size=undefined, text=default text, font=Courier New, color=#FFFFFF, contrast=1, height=0.05, bold=null, italic=null, alignHoriz=left, alignVert=center, wrapWidth=1, flipHoriz=null, flipVert=null )
1.568524999951478	EXP	Created button_left_2 = Rect( name=button_left_2, win=Window( name=Window, fullscr=true, color=#ffffff, ~), autoDraw=null, autoLog=true, units=height, ori=null, opacity=1, pos=[-0.4,-0.3], size=[1,1], lineWidth=1, lineColor=#000000, fillColor=#FFFFFF, vertices=[[-0.2,-0.1],[0.2,-0.1],[0.2,0.1],[-0.2,0.1]], closeShape=true, contrast=1, depth=-2, interpolate=true, width=0.4, height=0.2 )
1.5698949999641627	EXP	Created button_right_2 = Rect( name=button_right_2, win=Window( name=Window, fullscr=true, color=#ffffff, ~), autoDraw=null, autoLog=true, units=height, ori=null, opacity=1, pos=[0.4,-0.3], size=[1,1], lineWidth=1, lineColor=#000000, fillColor=#FFFFFF, vertices=[[-0.2,-0.1],[0.2,-0.1],[0.2,0.1],[-0.2,0.1]], closeShape=true, contrast=1, depth=-3, interpolate=true, width=0.4, height=0.2 )
1.5702649999875575	EXP	Created trial_label_left_2 = TextStim( name=trial_label_left_2, win=Window( name=Window, fullscr=true, color=#ffffff, ~), autoDraw=null, autoLog=true, units=height, ori=null, opacity=1, pos=[-0.4,-0.3], size=undefined, text=a = Nonword, font=Courier New, color=#000000, contrast=1, height=0.05, bold=null, italic=null, alignHoriz=left, alignVert=center, wrapWidth=1, flipHoriz=null, flipVert=null )
1.5706749999662861	EXP	Created trial_label_right_2 = TextStim( name=trial_label_right_2, win=Window( name=Window, fullscr=true, color=#ffffff, ~), autoDraw=null, autoLog=true, units=height, ori=null, opacity=1, pos=[0.4,-0.3], size=undefined, text=l = Word, font=Courier New, color=#000000, contrast=1, height=0.05, bold=null, italic=null, alignHoriz=left, alignVert=center, wrapWidth=1, flipHoriz=null, flipVert=null )
1.5711499999742955	EXP	Created instructions = TextStim( name=instructions, win=Window( name=Window, fullscr=true, color=#ffffff, ~), autoDraw=null, autoLog=true, units=height, ori=null, opacity=1, pos=[0,0], size=undefined, text=default text, font=Courier New, color=#000000, contrast=1, height=0.035, bold=null, italic=null, alignHoriz=left, alignVert=center, wrapWidth=1, flipHoriz=null, flipVert=null )
1.5726399999693967	EXP	Created instr_done_button = Rect( name=instr_done_button, win=Window( name=Window, fullscr=true, color=#ffffff, ~), autoDraw=null, autoLog=true, units=height, ori=null, opacity=1, pos=[0,-0.4], size=[1,1], lineWidth=1, lineColor=#000000, fillColor=#FFFFFF, vertices=[[-0.2,-0.05],[0.2,-0.05],[0.2,0.05],[-0.2,0.05]], closeShape=true, contrast=1, depth=-2, interpolate=true, width=0.4, height=0.1 )
1.5730800000019372	EXP	Created instr_done_label = TextStim( name=instr_done_label, win=Window( name=Window, fullscr=true, color=#ffffff, ~), autoDraw=null, autoLog=true, units=height, ori=null, opacity=1, pos=[0,-0.4], size=undefined, text=Continue, font=Courier New, color=#000000, contrast=1, height=0.05, bold=null, italic=null, alignHoriz=left, alignVert=center, wrapWidth=1, flipHoriz=null, flipVert=null )
1.5743749999674037	EXP	Created instructions_image = ImageStim( name=instructions_image, win=Window( name=Window, fullscr=true, color=#ffffff, ~), autoDraw=null, autoLog=true, units=height, ori=null, opacity=1, pos=[0,0], size=[0.5,0.5], image=undefined, mask=undefined, color=#ffffff, contrast=1, texRes=128, interpolate=true, depth=-6, flipHoriz=null, flipVert=null )
1.5748649999732152	EXP	Created fixation_mask = TextStim( name=fixation_mask, win=Window( name=Window, fullscr=true, color=#ffffff, ~), autoDraw=null, autoLog=true, units=height, ori=null, opacity=1, pos=[0,0], size=undefined, text=######, font=Courier New, color=#000000, contrast=1, height=0.1, bold=null, italic=null, alignHoriz=left, alignVert=center, wrapWidth=1, flipHoriz=null, flipVert=null )
1.575249999994412	EXP	Created prime_text = TextStim( name=prime_text, win=Window( name=Window, fullscr=true, color=#ffffff, ~), autoDraw=null, autoLog=true, units=height, ori=null, opacity=1, pos=[0,0], size=undefined, text=default text, font=Courier New, color=#000000, contrast=1, height=0.1, bold=null, italic=null, alignHoriz=left, alignVert=center, wrapWidth=1, flipHoriz=null, flipVert=null )
1.5756599999731407	EXP	Created target = TextStim( name=target, win=Window( name=Window, fullscr=true, color=#ffffff, ~), autoDraw=null, autoLog=true, units=height, ori=null, opacity=1, pos=[0,0], size=undefined, text=default text, font=Arial, color=#000000, contrast=1, height=0.1, bold=null, italic=null, alignHoriz=left, alignVert=center, wrapWidth=1, flipHoriz=null, flipVert=null )
1.5774499999824911	EXP	Created button_left = Rect( name=button_left, win=Window( name=Window, fullscr=true, color=#ffffff, ~), autoDraw=null, autoLog=true, units=height, ori=null, opacity=1, pos=[-0.4,-0.3], size=[1,1], lineWidth=1, lineColor=#000000, fillColor=#FFFFFF, vertices=[[-0.2,-0.1],[0.2,-0.1],[0.2,0.1],[-0.2,0.1]], closeShape=true, contrast=1, depth=-5, interpolate=true, width=0.4, height=0.2 )
1.5789849999709986	EXP	Created button_right = Rect( name=button_right, win=Window( name=Window, fullscr=true, color=#ffffff, ~), autoDraw=null, autoLog=true, units=height, ori=null, opacity=1, pos=[0.4,-0.3], size=[1,1], lineWidth=1, lineColor=#000000, fillColor=#FFFFFF, vertices=[[-0.2,-0.1],[0.2,-0.1],[0.2,0.1],[-0.2,0.1]], closeShape=true, contrast=1, depth=-6, interpolate=true, width=0.4, height=0.2 )
1.579714999999851	EXP	Created trial_label_right = TextStim( name=trial_label_right, win=Window( name=Window, fullscr=true, color=#ffffff, ~), autoDraw=null, autoLog=true, units=height, ori=null, opacity=1, pos=[0.4,-0.3], size=undefined, text=l = Word, font=Courier New, color=#000000, contrast=1, height=0.05, bold=null, italic=null, alignHoriz=left, alignVert=center, wrapWidth=1, flipHoriz=null, flipVert=null )
1.580519999959506	EXP	Created trial_label_left_new = TextStim( name=trial_label_left_new, win=Window( name=Window, fullscr=true, color=#ffffff, ~), autoDraw=null, autoLog=true, units=height, ori=null, opacity=1, pos=[-0.4,-0.3], size=undefined, text=a = Nonword, font=Courier New, color=#000000, contrast=1, height=0.05, bold=null, italic=null, alignHoriz=left, alignVert=center, wrapWidth=1, flipHoriz=null, flipVert=null )
1.581145000003744	EXP	Created feedback_text = TextStim( name=feedback_text, win=Window( name=Window, fullscr=true, color=#ffffff, ~), autoDraw=null, autoLog=true, units=height, ori=null, opacity=1, pos=[0,0], size=undefined, text=default text, font=Courier New, color=#FFFFFF, contrast=1, height=0.05, bold=null, italic=null, alignHoriz=left, alignVert=center, wrapWidth=1, flipHoriz=null, flipVert=null )
1.583329999994021	EXP	Created button_left_2 = Rect( name=button_left_2, win=Window( name=Window, fullscr=true, color=#ffffff, ~), autoDraw=null, autoLog=true, units=height, ori=null, opacity=1, pos=[-0.4,-0.3], size=[1,1], lineWidth=1, lineColor=#000000, fillColor=#FFFFFF, vertices=[[-0.2,-0.1],[0.2,-0.1],[0.2,0.1],[-0.2,0.1]], closeShape=true, contrast=1, depth=-2, interpolate=true, width=0.4, height=0.2 )
1.5856700000003912	EXP	Created button_right_2 = Rect( name=button_right_2, win=Window( name=Window, fullscr=true, color=#ffffff, ~), autoDraw=null, autoLog=true, units=height, ori=null, opacity=1, pos=[0.4,-0.3], size=[1,1], lineWidth=1, lineColor=#000000, fillColor=#FFFFFF, vertices=[[-0.2,-0.1],[0.2,-0.1],[0.2,0.1],[-0.2,0.1]], closeShape=true, contrast=1, depth=-3, interpolate=true, width=0.4, height=0.2 )
1.5862549999728799	EXP	Created trial_label_left_2 = TextStim( name=trial_label_left_2, win=Window( name=Window, fullscr=true, color=#ffffff, ~), autoDraw=null, autoLog=true, units=height, ori=null, opacity=1, pos=[-0.4,-0.3], size=undefined, text=a = Nonword, font=Courier New, color=#000000, contrast=1, height=0.05, bold=null, italic=null, alignHoriz=left, alignVert=center, wrapWidth=1, flipHoriz=null, flipVert=null )
1.5867899999720976	EXP	Created trial_label_right_2 = TextStim( name=trial_label_right_2, win=Window( name=Window, fullscr=true, color=#ffffff, ~), autoDraw=null, autoLog=true, units=height, ori=null, opacity=1, pos=[0.4,-0.3], size=undefined, text=l = Word, font=Courier New, color=#000000, contrast=1, height=0.05, bold=null, italic=null, alignHoriz=left, alignVert=center, wrapWidth=1, flipHoriz=null, flipVert=null )
1.5874149999581277	EXP	Created break_text = TextStim( name=break_text, win=Window( name=Window, fullscr=true, color=#ffffff, ~), autoDraw=null, autoLog=true, units=height, ori=null, opacity=1, pos=[0,0], size=undefined, text=default text, font=Courier New, color=#000000, contrast=1, height=0.05, bold=null, italic=null, alignHoriz=left, alignVert=center, wrapWidth=1, flipHoriz=null, flipVert=null )
1.5896599999978207	EXP	Created break_done_button = Rect( name=break_done_button, win=Window( name=Window, fullscr=true, color=#ffffff, ~), autoDraw=null, autoLog=true, units=height, ori=null, opacity=1, pos=[0,-0.4], size=[1,1], lineWidth=1, lineColor=#000000, fillColor=#FFFFFF, vertices=[[-0.2,-0.05],[0.2,-0.05],[0.2,0.05],[-0.2,0.05]], closeShape=true, contrast=1, depth=-4, interpolate=true, width=0.4, height=0.1 )
1.5902649999479763	EXP	Created break_done_button_label = TextStim( name=break_done_button_label, win=Window( name=Window, fullscr=true, color=#ffffff, ~), autoDraw=null, autoLog=true, units=height, ori=null, opacity=1, pos=[0,-0.4], size=undefined, text=Continue, font=Courier New, color=#000000, contrast=1, height=0.05, bold=null, italic=null, alignHoriz=left, alignVert=center, wrapWidth=1, flipHoriz=null, flipVert=null )
1.5907099999603815	EXP	Created thank_you = TextStim( name=thank_you, win=Window( name=Window, fullscr=true, color=#ffffff, ~), autoDraw=null, autoLog=true, units=height, ori=null, opacity=1, pos=[0,0], size=undefined, text=This is the end of the experiment.

Please do not ~, font=Courier New, color=#000000, contrast=1, height=1, bold=null, italic=null, alignHoriz=left, alignVert=center, wrapWidth=1, flipHoriz=null, flipVert=null )
1.6727249999530613	EXP	instructions: units = "height"
1.6727249999530613	EXP	instructions: ori = 0
1.6727249999530613	EXP	instructions: opacity = 1
1.6727249999530613	EXP	instructions: pos = [0,0]
1.6727249999530613	EXP	instructions: size = undefined
1.6727249999530613	EXP	instructions: text = "default text"
1.6727249999530613	EXP	instructions: font = "Courier New"
1.6727249999530613	EXP	instructions: color = {"_hex":"#000000","_rgb":[0,0,0]}
1.6727249999530613	EXP	instructions: contrast = 1
1.6727249999530613	EXP	instructions: height = 0.035
1.6727249999530613	EXP	instructions: bold = false
1.6727249999530613	EXP	instructions: italic = false
1.6727249999530613	EXP	instructions: alignHoriz = "left"
1.6727249999530613	EXP	instructions: alignVert = "center"
1.6727249999530613	EXP	instructions: wrapWidth = 1
1.6727249999530613	EXP	instructions: flipHoriz = false
1.6727249999530613	EXP	instructions: flipVert = false
1.6727249999530613	EXP	instr_done_button: units = "height"
1.6727249999530613	EXP	instr_done_button: ori = 0
1.6727249999530613	EXP	instr_done_button: opacity = 1
1.6727249999530613	EXP	instr_done_button: pos = [0,-0.4]
1.6727249999530613	EXP	instr_done_button: size = [1,1]
1.6727249999530613	EXP	instr_done_button: lineWidth = 1
1.6727249999530613	EXP	instr_done_button: lineColor = {"_hex":"#000000","_rgb":[0,0,0]}
1.6727249999530613	EXP	instr_done_button: fillColor = {"_hex":"#FFFFFF","_rgb":[1,1,1]}
1.6727249999530613	EXP	instr_done_button: vertices = [[-0.5,0],[0,0.5],[0.5,0]]
1.6727249999530613	EXP	instr_done_button: closeShape = true
1.6727249999530613	EXP	instr_done_button: contrast = 1
1.6727249999530613	EXP	instr_done_button: depth = -2
1.6727249999530613	EXP	instr_done_button: interpolate = true
1.6727249999530613	EXP	instr_done_button: width = 0.4
1.6727249999530613	EXP	instr_done_button: vertices = [[-0.2,null],[0.2,null],[0.2,null],[-0.2,null]]
1.6727249999530613	EXP	instr_done_button: height = 0.1
1.6727249999530613	EXP	instr_done_button: vertices = [[-0.2,-0.05],[0.2,-0.05],[0.2,0.05],[-0.2,0.05]]
1.6727249999530613	EXP	instr_done_button: vertices = [[-0.2,-0.05],[0.2,-0.05],[0.2,0.05],[-0.2,0.05]]
1.6727249999530613	EXP	instr_done_label: units = "height"
1.6727249999530613	EXP	instr_done_label: ori = 0
1.6727249999530613	EXP	instr_done_label: opacity = 1
1.6727249999530613	EXP	instr_done_label: pos = [0,-0.4]
1.6727249999530613	EXP	instr_done_label: size = undefined
1.6727249999530613	EXP	instr_done_label: text = "Continue"
1.6727249999530613	EXP	instr_done_label: font = "Courier New"
1.6727249999530613	EXP	instr_done_label: color = {"_hex":"#000000","_rgb":[0,0,0]}
1.6727249999530613	EXP	instr_done_label: contrast = 1
1.6727249999530613	EXP	instr_done_label: height = 0.05
1.6727249999530613	EXP	instr_done_label: bold = false
1.6727249999530613	EXP	instr_done_label: italic = false
1.6727249999530613	EXP	instr_done_label: alignHoriz = "left"
1.6727249999530613	EXP	instr_done_label: alignVert = "center"
1.6727249999530613	EXP	instr_done_label: wrapWidth = 1
1.6727249999530613	EXP	instr_done_label: flipHoriz = false
1.6727249999530613	EXP	instr_done_label: flipVert = false
1.6727249999530613	EXP	instructions_image: units = "height"
1.6727249999530613	EXP	instructions_image: ori = 0
1.6727249999530613	EXP	instructions_image: opacity = 1
1.6727249999530613	EXP	instructions_image: pos = [0,0]
1.6727249999530613	EXP	instructions_image: size = [0.5,0.5]
1.6727249999530613	EXP	instructions_image: image = undefined
1.6727249999530613	EXP	instructions_image: mask = undefined
1.6727249999530613	EXP	instructions_image: color = {"_rgb":[1,1,1]}
1.6727249999530613	EXP	instructions_image: contrast = 1
1.6727249999530613	EXP	instructions_image: texRes = 128
1.6727249999530613	EXP	instructions_image: interpolate = true
1.6727249999530613	EXP	instructions_image: depth = -6
1.6727249999530613	EXP	instructions_image: flipHoriz = false
1.6727249999530613	EXP	instructions_image: flipVert = false
1.6727249999530613	EXP	instruction_image: units = "height"
1.6727249999530613	EXP	instruction_image: ori = 0
1.6727249999530613	EXP	instruction_image: opacity = 1
1.6727249999530613	EXP	instruction_image: pos = [0,0]
1.6727249999530613	EXP	instruction_image: size = [0.5,0.5]
1.6727249999530613	EXP	instruction_image: image = undefined
1.6727249999530613	EXP	instruction_image: mask = undefined
1.6727249999530613	EXP	instruction_image: color = {"_rgb":[1,1,1]}
1.6727249999530613	EXP	instruction_image: contrast = 1
1.6727249999530613	EXP	instruction_image: texRes = 128
1.6727249999530613	EXP	instruction_image: interpolate = true
1.6727249999530613	EXP	instruction_image: depth = 0
1.6727249999530613	EXP	instruction_image: flipHoriz = false
1.6727249999530613	EXP	instruction_image: flipVert = false
1.6727249999530613	EXP	fixation_mask: units = "height"
1.6727249999530613	EXP	fixation_mask: ori = 0
1.6727249999530613	EXP	fixation_mask: opacity = 1
1.6727249999530613	EXP	fixation_mask: pos = [0,0]
1.6727249999530613	EXP	fixation_mask: size = undefined
1.6727249999530613	EXP	fixation_mask: text = "######"
1.6727249999530613	EXP	fixation_mask: font = "Courier New"
1.6727249999530613	EXP	fixation_mask: color = {"_hex":"#000000","_rgb":[0,0,0]}
1.6727249999530613	EXP	fixation_mask: contrast = 1
1.6727249999530613	EXP	fixation_mask: height = 0.1
1.6727249999530613	EXP	fixation_mask: bold = false
1.6727249999530613	EXP	fixation_mask: italic = false
1.6727249999530613	EXP	fixation_mask: alignHoriz = "left"
1.6727249999530613	EXP	fixation_mask: alignVert = "center"
1.6727249999530613	EXP	fixation_mask: wrapWidth = 1
1.6727249999530613	EXP	fixation_mask: flipHoriz = false
1.6727249999530613	EXP	fixation_mask: flipVert = false
1.6727249999530613	EXP	prime_text: units = "height"
1.6727249999530613	EXP	prime_text: ori = 0
1.6727249999530613	EXP	prime_text: opacity = 1
1.6727249999530613	EXP	prime_text: pos = [0,0]
1.6727249999530613	EXP	prime_text: size = undefined
1.6727249999530613	EXP	prime_text: text = "default text"
1.6727249999530613	EXP	prime_text: font = "Courier New"
1.6727249999530613	EXP	prime_text: color = {"_hex":"#000000","_rgb":[0,0,0]}
1.6727249999530613	EXP	prime_text: contrast = 1
1.6727249999530613	EXP	prime_text: height = 0.1
1.6727249999530613	EXP	prime_text: bold = false
1.6727249999530613	EXP	prime_text: italic = false
1.6727249999530613	EXP	prime_text: alignHoriz = "left"
1.6727249999530613	EXP	prime_text: alignVert = "center"
1.6727249999530613	EXP	prime_text: wrapWidth = 1
1.6727249999530613	EXP	prime_text: flipHoriz = false
1.6727249999530613	EXP	prime_text: flipVert = false
1.6727249999530613	EXP	target: units = "height"
1.6727249999530613	EXP	target: ori = 0
1.6727249999530613	EXP	target: opacity = 1
1.6727249999530613	EXP	target: pos = [0,0]
1.6727249999530613	EXP	target: size = undefined
1.6727249999530613	EXP	target: text = "default text"
1.6727249999530613	EXP	target: font = "Arial"
1.6727249999530613	EXP	target: color = {"_hex":"#000000","_rgb":[0,0,0]}
1.6727249999530613	EXP	target: contrast = 1
1.6727249999530613	EXP	target: height = 0.1
1.6727249999530613	EXP	target: bold = false
1.6727249999530613	EXP	target: italic = false
1.6727249999530613	EXP	target: alignHoriz = "left"
1.6727249999530613	EXP	target: alignVert = "center"
1.6727249999530613	EXP	target: wrapWidth = 1
1.6727249999530613	EXP	target: flipHoriz = false
1.6727249999530613	EXP	target: flipVert = false
1.6727249999530613	EXP	button_left: units = "height"
1.6727249999530613	EXP	button_left: ori = 0
1.6727249999530613	EXP	button_left: opacity = 1
1.6727249999530613	EXP	button_left: pos = [-0.4,-0.3]
1.6727249999530613	EXP	button_left: size = [1,1]
1.6727249999530613	EXP	button_left: lineWidth = 1
1.6727249999530613	EXP	button_left: lineColor = {"_hex":"#000000","_rgb":[0,0,0]}
1.6727249999530613	EXP	button_left: fillColor = {"_hex":"#FFFFFF","_rgb":[1,1,1]}
1.6727249999530613	EXP	button_left: vertices = [[-0.5,0],[0,0.5],[0.5,0]]
1.6727249999530613	EXP	button_left: closeShape = true
1.6727249999530613	EXP	button_left: contrast = 1
1.6727249999530613	EXP	button_left: depth = -5
1.6727249999530613	EXP	button_left: interpolate = true
1.6727249999530613	EXP	button_left: width = 0.4
1.6727249999530613	EXP	button_left: vertices = [[-0.2,null],[0.2,null],[0.2,null],[-0.2,null]]
1.6727249999530613	EXP	button_left: height = 0.2
1.6727249999530613	EXP	button_left: vertices = [[-0.2,-0.1],[0.2,-0.1],[0.2,0.1],[-0.2,0.1]]
1.6727249999530613	EXP	button_left: vertices = [[-0.2,-0.1],[0.2,-0.1],[0.2,0.1],[-0.2,0.1]]
1.6727249999530613	EXP	button_right: units = "height"
1.6727249999530613	EXP	button_right: ori = 0
1.6727249999530613	EXP	button_right: opacity = 1
1.6727249999530613	EXP	button_right: pos = [0.4,-0.3]
1.6727249999530613	EXP	button_right: size = [1,1]
1.6727249999530613	EXP	button_right: lineWidth = 1
1.6727249999530613	EXP	button_right: lineColor = {"_hex":"#000000","_rgb":[0,0,0]}
1.6727249999530613	EXP	button_right: fillColor = {"_hex":"#FFFFFF","_rgb":[1,1,1]}
1.6727249999530613	EXP	button_right: vertices = [[-0.5,0],[0,0.5],[0.5,0]]
1.6727249999530613	EXP	button_right: closeShape = true
1.6727249999530613	EXP	button_right: contrast = 1
1.6727249999530613	EXP	button_right: depth = -6
1.6727249999530613	EXP	button_right: interpolate = true
1.6727249999530613	EXP	button_right: width = 0.4
1.6727249999530613	EXP	button_right: vertices = [[-0.2,null],[0.2,null],[0.2,null],[-0.2,null]]
1.6727249999530613	EXP	button_right: height = 0.2
1.6727249999530613	EXP	button_right: vertices = [[-0.2,-0.1],[0.2,-0.1],[0.2,0.1],[-0.2,0.1]]
1.6727249999530613	EXP	button_right: vertices = [[-0.2,-0.1],[0.2,-0.1],[0.2,0.1],[-0.2,0.1]]
1.6727249999530613	EXP	trial_label_right: units = "height"
1.6727249999530613	EXP	trial_label_right: ori = 0
1.6727249999530613	EXP	trial_label_right: opacity = 1
1.6727249999530613	EXP	trial_label_right: pos = [0.4,-0.3]
1.6727249999530613	EXP	trial_label_right: size = undefined
1.6727249999530613	EXP	trial_label_right: text = "l = Word"
1.6727249999530613	EXP	trial_label_right: font = "Courier New"
1.6727249999530613	EXP	trial_label_right: color = {"_hex":"#000000","_rgb":[0,0,0]}
1.6727249999530613	EXP	trial_label_right: contrast = 1
1.6727249999530613	EXP	trial_label_right: height = 0.05
1.6727249999530613	EXP	trial_label_right: bold = false
1.6727249999530613	EXP	trial_label_right: italic = false
1.6727249999530613	EXP	trial_label_right: alignHoriz = "left"
1.6727249999530613	EXP	trial_label_right: alignVert = "center"
1.6727249999530613	EXP	trial_label_right: wrapWidth = 1
1.6727249999530613	EXP	trial_label_right: flipHoriz = false
1.6727249999530613	EXP	trial_label_right: flipVert = false
1.6727249999530613	EXP	trial_label_left_new: units = "height"
1.6727249999530613	EXP	trial_label_left_new: ori = 0
1.6727249999530613	EXP	trial_label_left_new: opacity = 1
1.6727249999530613	EXP	trial_label_left_new: pos = [-0.4,-0.3]
1.6727249999530613	EXP	trial_label_left_new: size = undefined
1.6727249999530613	EXP	trial_label_left_new: text = "a = Nonword"
1.6727249999530613	EXP	trial_label_left_new: font = "Courier New"
1.6727249999530613	EXP	trial_label_left_new: color = {"_hex":"#000000","_rgb":[0,0,0]}
1.6727249999530613	EXP	trial_label_left_new: contrast = 1
1.6727249999530613	EXP	trial_label_left_new: height = 0.05
1.6727249999530613	EXP	trial_label_left_new: bold = false
1.6727249999530613	EXP	trial_label_left_new: italic = false
1.6727249999530613	EXP	trial_label_left_new: alignHoriz = "left"
1.6727249999530613	EXP	trial_label_left_new: alignVert = "center"
1.6727249999530613	EXP	trial_label_left_new: wrapWidth = 1
1.6727249999530613	EXP	trial_label_left_new: flipHoriz = false
1.6727249999530613	EXP	trial_label_left_new: flipVert = false
1.6727249999530613	EXP	feedback_text: units = "height"
1.6727249999530613	EXP	feedback_text: ori = 0
1.6727249999530613	EXP	feedback_text: opacity = 1
1.6727249999530613	EXP	feedback_text: pos = [0,0]
1.6727249999530613	EXP	feedback_text: size = undefined
1.6727249999530613	EXP	feedback_text: text = "default text"
1.6727249999530613	EXP	feedback_text: font = "Courier New"
1.6727249999530613	EXP	feedback_text: color = {"_hex":"#FFFFFF","_rgb":[1,1,1]}
1.6727249999530613	EXP	feedback_text: contrast = 1
1.6727249999530613	EXP	feedback_text: height = 0.05
1.6727249999530613	EXP	feedback_text: bold = false
1.6727249999530613	EXP	feedback_text: italic = false
1.6727249999530613	EXP	feedback_text: alignHoriz = "left"
1.6727249999530613	EXP	feedback_text: alignVert = "center"
1.6727249999530613	EXP	feedback_text: wrapWidth = 1
1.6727249999530613	EXP	feedback_text: flipHoriz = false
1.6727249999530613	EXP	feedback_text: flipVert = false
1.6727249999530613	EXP	button_left_2: units = "height"
1.6727249999530613	EXP	button_left_2: ori = 0
1.6727249999530613	EXP	button_left_2: opacity = 1
1.6727249999530613	EXP	button_left_2: pos = [-0.4,-0.3]
1.6727249999530613	EXP	button_left_2: size = [1,1]
1.6727249999530613	EXP	button_left_2: lineWidth = 1
1.6727249999530613	EXP	button_left_2: lineColor = {"_hex":"#000000","_rgb":[0,0,0]}
1.6727249999530613	EXP	button_left_2: fillColor = {"_hex":"#FFFFFF","_rgb":[1,1,1]}
1.6727249999530613	EXP	button_left_2: vertices = [[-0.5,0],[0,0.5],[0.5,0]]
1.6727249999530613	EXP	button_left_2: closeShape = true
1.6727249999530613	EXP	button_left_2: contrast = 1
1.6727249999530613	EXP	button_left_2: depth = -2
1.6727249999530613	EXP	button_left_2: interpolate = true
1.6727249999530613	EXP	button_left_2: width = 0.4
1.6727249999530613	EXP	button_left_2: vertices = [[-0.2,null],[0.2,null],[0.2,null],[-0.2,null]]
1.6727249999530613	EXP	button_left_2: height = 0.2
1.6727249999530613	EXP	button_left_2: vertices = [[-0.2,-0.1],[0.2,-0.1],[0.2,0.1],[-0.2,0.1]]
1.6727249999530613	EXP	button_left_2: vertices = [[-0.2,-0.1],[0.2,-0.1],[0.2,0.1],[-0.2,0.1]]
1.6727249999530613	EXP	button_right_2: units = "height"
1.6727249999530613	EXP	button_right_2: ori = 0
1.6727249999530613	EXP	button_right_2: opacity = 1
1.6727249999530613	EXP	button_right_2: pos = [0.4,-0.3]
1.6727249999530613	EXP	button_right_2: size = [1,1]
1.6727249999530613	EXP	button_right_2: lineWidth = 1
1.6727249999530613	EXP	button_right_2: lineColor = {"_hex":"#000000","_rgb":[0,0,0]}
1.6727249999530613	EXP	button_right_2: fillColor = {"_hex":"#FFFFFF","_rgb":[1,1,1]}
1.6727249999530613	EXP	button_right_2: vertices = [[-0.5,0],[0,0.5],[0.5,0]]
1.6727249999530613	EXP	button_right_2: closeShape = true
1.6727249999530613	EXP	button_right_2: contrast = 1
1.6727249999530613	EXP	button_right_2: depth = -3
1.6727249999530613	EXP	button_right_2: interpolate = true
1.6727249999530613	EXP	button_right_2: width = 0.4
1.6727249999530613	EXP	button_right_2: vertices = [[-0.2,null],[0.2,null],[0.2,null],[-0.2,null]]
1.6727249999530613	EXP	button_right_2: height = 0.2
1.6727249999530613	EXP	button_right_2: vertices = [[-0.2,-0.1],[0.2,-0.1],[0.2,0.1],[-0.2,0.1]]
1.6727249999530613	EXP	button_right_2: vertices = [[-0.2,-0.1],[0.2,-0.1],[0.2,0.1],[-0.2,0.1]]
1.6727249999530613	EXP	trial_label_left_2: units = "height"
1.6727249999530613	EXP	trial_label_left_2: ori = 0
1.6727249999530613	EXP	trial_label_left_2: opacity = 1
1.6727249999530613	EXP	trial_label_left_2: pos = [-0.4,-0.3]
1.6727249999530613	EXP	trial_label_left_2: size = undefined
1.6727249999530613	EXP	trial_label_left_2: text = "a = Nonword"
1.6727249999530613	EXP	trial_label_left_2: font = "Courier New"
1.6727249999530613	EXP	trial_label_left_2: color = {"_hex":"#000000","_rgb":[0,0,0]}
1.6727249999530613	EXP	trial_label_left_2: contrast = 1
1.6727249999530613	EXP	trial_label_left_2: height = 0.05
1.6727249999530613	EXP	trial_label_left_2: bold = false
1.6727249999530613	EXP	trial_label_left_2: italic = false
1.6727249999530613	EXP	trial_label_left_2: alignHoriz = "left"
1.6727249999530613	EXP	trial_label_left_2: alignVert = "center"
1.6727249999530613	EXP	trial_label_left_2: wrapWidth = 1
1.6727249999530613	EXP	trial_label_left_2: flipHoriz = false
1.6727249999530613	EXP	trial_label_left_2: flipVert = false
1.6727249999530613	EXP	trial_label_right_2: units = "height"
1.6727249999530613	EXP	trial_label_right_2: ori = 0
1.6727249999530613	EXP	trial_label_right_2: opacity = 1
1.6727249999530613	EXP	trial_label_right_2: pos = [0.4,-0.3]
1.6727249999530613	EXP	trial_label_right_2: size = undefined
1.6727249999530613	EXP	trial_label_right_2: text = "l = Word"
1.6727249999530613	EXP	trial_label_right_2: font = "Courier New"
1.6727249999530613	EXP	trial_label_right_2: color = {"_hex":"#000000","_rgb":[0,0,0]}
1.6727249999530613	EXP	trial_label_right_2: contrast = 1
1.6727249999530613	EXP	trial_label_right_2: height = 0.05
1.6727249999530613	EXP	trial_label_right_2: bold = false
1.6727249999530613	EXP	trial_label_right_2: italic = false
1.6727249999530613	EXP	trial_label_right_2: alignHoriz = "left"
1.6727249999530613	EXP	trial_label_right_2: alignVert = "center"
1.6727249999530613	EXP	trial_label_right_2: wrapWidth = 1
1.6727249999530613	EXP	trial_label_right_2: flipHoriz = false
1.6727249999530613	EXP	trial_label_right_2: flipVert = false
1.6727249999530613	EXP	instructions: units = "height"
1.6727249999530613	EXP	instructions: ori = 0
1.6727249999530613	EXP	instructions: opacity = 1
1.6727249999530613	EXP	instructions: pos = [0,0]
1.6727249999530613	EXP	instructions: size = undefined
1.6727249999530613	EXP	instructions: text = "default text"
1.6727249999530613	EXP	instructions: font = "Courier New"
1.6727249999530613	EXP	instructions: color = {"_hex":"#000000","_rgb":[0,0,0]}
1.6727249999530613	EXP	instructions: contrast = 1
1.6727249999530613	EXP	instructions: height = 0.035
1.6727249999530613	EXP	instructions: bold = false
1.6727249999530613	EXP	instructions: italic = false
1.6727249999530613	EXP	instructions: alignHoriz = "left"
1.6727249999530613	EXP	instructions: alignVert = "center"
1.6727249999530613	EXP	instructions: wrapWidth = 1
1.6727249999530613	EXP	instructions: flipHoriz = false
1.6727249999530613	EXP	instructions: flipVert = false
1.6727249999530613	EXP	instr_done_button: units = "height"
1.6727249999530613	EXP	instr_done_button: ori = 0
1.6727249999530613	EXP	instr_done_button: opacity = 1
1.6727249999530613	EXP	instr_done_button: pos = [0,-0.4]
1.6727249999530613	EXP	instr_done_button: size = [1,1]
1.6727249999530613	EXP	instr_done_button: lineWidth = 1
1.6727249999530613	EXP	instr_done_button: lineColor = {"_hex":"#000000","_rgb":[0,0,0]}
1.6727249999530613	EXP	instr_done_button: fillColor = {"_hex":"#FFFFFF","_rgb":[1,1,1]}
1.6727249999530613	EXP	instr_done_button: vertices = [[-0.5,0],[0,0.5],[0.5,0]]
1.6727249999530613	EXP	instr_done_button: closeShape = true
1.6727249999530613	EXP	instr_done_button: contrast = 1
1.6727249999530613	EXP	instr_done_button: depth = -2
1.6727249999530613	EXP	instr_done_button: interpolate = true
1.6727249999530613	EXP	instr_done_button: width = 0.4
1.6727249999530613	EXP	instr_done_button: vertices = [[-0.2,null],[0.2,null],[0.2,null],[-0.2,null]]
1.6727249999530613	EXP	instr_done_button: height = 0.1
1.6727249999530613	EXP	instr_done_button: vertices = [[-0.2,-0.05],[0.2,-0.05],[0.2,0.05],[-0.2,0.05]]
1.6727249999530613	EXP	instr_done_button: vertices = [[-0.2,-0.05],[0.2,-0.05],[0.2,0.05],[-0.2,0.05]]
1.6727249999530613	EXP	instr_done_label: units = "height"
1.6727249999530613	EXP	instr_done_label: ori = 0
1.6727249999530613	EXP	instr_done_label: opacity = 1
1.6727249999530613	EXP	instr_done_label: pos = [0,-0.4]
1.6727249999530613	EXP	instr_done_label: size = undefined
1.6727249999530613	EXP	instr_done_label: text = "Continue"
1.6727249999530613	EXP	instr_done_label: font = "Courier New"
1.6727249999530613	EXP	instr_done_label: color = {"_hex":"#000000","_rgb":[0,0,0]}
1.6727249999530613	EXP	instr_done_label: contrast = 1
1.6727249999530613	EXP	instr_done_label: height = 0.05
1.6727249999530613	EXP	instr_done_label: bold = false
1.6727249999530613	EXP	instr_done_label: italic = false
1.6727249999530613	EXP	instr_done_label: alignHoriz = "left"
1.6727249999530613	EXP	instr_done_label: alignVert = "center"
1.6727249999530613	EXP	instr_done_label: wrapWidth = 1
1.6727249999530613	EXP	instr_done_label: flipHoriz = false
1.6727249999530613	EXP	instr_done_label: flipVert = false
1.6727249999530613	EXP	instructions_image: units = "height"
1.6727249999530613	EXP	instructions_image: ori = 0
1.6727249999530613	EXP	instructions_image: opacity = 1
1.6727249999530613	EXP	instructions_image: pos = [0,0]
1.6727249999530613	EXP	instructions_image: size = [0.5,0.5]
1.6727249999530613	EXP	instructions_image: image = undefined
1.6727249999530613	EXP	instructions_image: mask = undefined
1.6727249999530613	EXP	instructions_image: color = {"_rgb":[1,1,1]}
1.6727249999530613	EXP	instructions_image: contrast = 1
1.6727249999530613	EXP	instructions_image: texRes = 128
1.6727249999530613	EXP	instructions_image: interpolate = true
1.6727249999530613	EXP	instructions_image: depth = -6
1.6727249999530613	EXP	instructions_image: flipHoriz = false
1.6727249999530613	EXP	instructions_image: flipVert = false
1.6727249999530613	EXP	fixation_mask: units = "height"
1.6727249999530613	EXP	fixation_mask: ori = 0
1.6727249999530613	EXP	fixation_mask: opacity = 1
1.6727249999530613	EXP	fixation_mask: pos = [0,0]
1.6727249999530613	EXP	fixation_mask: size = undefined
1.6727249999530613	EXP	fixation_mask: text = "######"
1.6727249999530613	EXP	fixation_mask: font = "Courier New"
1.6727249999530613	EXP	fixation_mask: color = {"_hex":"#000000","_rgb":[0,0,0]}
1.6727249999530613	EXP	fixation_mask: contrast = 1
1.6727249999530613	EXP	fixation_mask: height = 0.1
1.6727249999530613	EXP	fixation_mask: bold = false
1.6727249999530613	EXP	fixation_mask: italic = false
1.6727249999530613	EXP	fixation_mask: alignHoriz = "left"
1.6727249999530613	EXP	fixation_mask: alignVert = "center"
1.6727249999530613	EXP	fixation_mask: wrapWidth = 1
1.6727249999530613	EXP	fixation_mask: flipHoriz = false
1.6727249999530613	EXP	fixation_mask: flipVert = false
1.6727249999530613	EXP	prime_text: units = "height"
1.6727249999530613	EXP	prime_text: ori = 0
1.6727249999530613	EXP	prime_text: opacity = 1
1.6727249999530613	EXP	prime_text: pos = [0,0]
1.6727249999530613	EXP	prime_text: size = undefined
1.6727249999530613	EXP	prime_text: text = "default text"
1.6727249999530613	EXP	prime_text: font = "Courier New"
1.6727249999530613	EXP	prime_text: color = {"_hex":"#000000","_rgb":[0,0,0]}
1.6727249999530613	EXP	prime_text: contrast = 1
1.6727249999530613	EXP	prime_text: height = 0.1
1.6727249999530613	EXP	prime_text: bold = false
1.6727249999530613	EXP	prime_text: italic = false
1.6727249999530613	EXP	prime_text: alignHoriz = "left"
1.6727249999530613	EXP	prime_text: alignVert = "center"
1.6727249999530613	EXP	prime_text: wrapWidth = 1
1.6727249999530613	EXP	prime_text: flipHoriz = false
1.6727249999530613	EXP	prime_text: flipVert = false
1.6727249999530613	EXP	target: units = "height"
1.6727249999530613	EXP	target: ori = 0
1.6727249999530613	EXP	target: opacity = 1
1.6727249999530613	EXP	target: pos = [0,0]
1.6727249999530613	EXP	target: size = undefined
1.6727249999530613	EXP	target: text = "default text"
1.6727249999530613	EXP	target: font = "Arial"
1.6727249999530613	EXP	target: color = {"_hex":"#000000","_rgb":[0,0,0]}
1.6727249999530613	EXP	target: contrast = 1
1.6727249999530613	EXP	target: height = 0.1
1.6727249999530613	EXP	target: bold = false
1.6727249999530613	EXP	target: italic = false
1.6727249999530613	EXP	target: alignHoriz = "left"
1.6727249999530613	EXP	target: alignVert = "center"
1.6727249999530613	EXP	target: wrapWidth = 1
1.6727249999530613	EXP	target: flipHoriz = false
1.6727249999530613	EXP	target: flipVert = false
1.6727249999530613	EXP	button_left: units = "height"
1.6727249999530613	EXP	button_left: ori = 0
1.6727249999530613	EXP	button_left: opacity = 1
1.6727249999530613	EXP	button_left: pos = [-0.4,-0.3]
1.6727249999530613	EXP	button_left: size = [1,1]
1.6727249999530613	EXP	button_left: lineWidth = 1
1.6727249999530613	EXP	button_left: lineColor = {"_hex":"#000000","_rgb":[0,0,0]}
1.6727249999530613	EXP	button_left: fillColor = {"_hex":"#FFFFFF","_rgb":[1,1,1]}
1.6727249999530613	EXP	button_left: vertices = [[-0.5,0],[0,0.5],[0.5,0]]
1.6727249999530613	EXP	button_left: closeShape = true
1.6727249999530613	EXP	button_left: contrast = 1
1.6727249999530613	EXP	button_left: depth = -5
1.6727249999530613	EXP	button_left: interpolate = true
1.6727249999530613	EXP	button_left: width = 0.4
1.6727249999530613	EXP	button_left: vertices = [[-0.2,null],[0.2,null],[0.2,null],[-0.2,null]]
1.6727249999530613	EXP	button_left: height = 0.2
1.6727249999530613	EXP	button_left: vertices = [[-0.2,-0.1],[0.2,-0.1],[0.2,0.1],[-0.2,0.1]]
1.6727249999530613	EXP	button_left: vertices = [[-0.2,-0.1],[0.2,-0.1],[0.2,0.1],[-0.2,0.1]]
1.6727249999530613	EXP	button_right: units = "height"
1.6727249999530613	EXP	button_right: ori = 0
1.6727249999530613	EXP	button_right: opacity = 1
1.6727249999530613	EXP	button_right: pos = [0.4,-0.3]
1.6727249999530613	EXP	button_right: size = [1,1]
1.6727249999530613	EXP	button_right: lineWidth = 1
1.6727249999530613	EXP	button_right: lineColor = {"_hex":"#000000","_rgb":[0,0,0]}
1.6727249999530613	EXP	button_right: fillColor = {"_hex":"#FFFFFF","_rgb":[1,1,1]}
1.6727249999530613	EXP	button_right: vertices = [[-0.5,0],[0,0.5],[0.5,0]]
1.6727249999530613	EXP	button_right: closeShape = true
1.6727249999530613	EXP	button_right: contrast = 1
1.6727249999530613	EXP	button_right: depth = -6
1.6727249999530613	EXP	button_right: interpolate = true
1.6727249999530613	EXP	button_right: width = 0.4
1.6727249999530613	EXP	button_right: vertices = [[-0.2,null],[0.2,null],[0.2,null],[-0.2,null]]
1.6727249999530613	EXP	button_right: height = 0.2
1.6727249999530613	EXP	button_right: vertices = [[-0.2,-0.1],[0.2,-0.1],[0.2,0.1],[-0.2,0.1]]
1.6727249999530613	EXP	button_right: vertices = [[-0.2,-0.1],[0.2,-0.1],[0.2,0.1],[-0.2,0.1]]
1.6727249999530613	EXP	trial_label_right: units = "height"
1.6727249999530613	EXP	trial_label_right: ori = 0
1.6727249999530613	EXP	trial_label_right: opacity = 1
1.6727249999530613	EXP	trial_label_right: pos = [0.4,-0.3]
1.6727249999530613	EXP	trial_label_right: size = undefined
1.6727249999530613	EXP	trial_label_right: text = "l = Word"
1.6727249999530613	EXP	trial_label_right: font = "Courier New"
1.6727249999530613	EXP	trial_label_right: color = {"_hex":"#000000","_rgb":[0,0,0]}
1.6727249999530613	EXP	trial_label_right: contrast = 1
1.6727249999530613	EXP	trial_label_right: height = 0.05
1.6727249999530613	EXP	trial_label_right: bold = false
1.6727249999530613	EXP	trial_label_right: italic = false
1.6727249999530613	EXP	trial_label_right: alignHoriz = "left"
1.6727249999530613	EXP	trial_label_right: alignVert = "center"
1.6727249999530613	EXP	trial_label_right: wrapWidth = 1
1.6727249999530613	EXP	trial_label_right: flipHoriz = false
1.6727249999530613	EXP	trial_label_right: flipVert = false
1.6727249999530613	EXP	trial_label_left_new: units = "height"
1.6727249999530613	EXP	trial_label_left_new: ori = 0
1.6727249999530613	EXP	trial_label_left_new: opacity = 1
1.6727249999530613	EXP	trial_label_left_new: pos = [-0.4,-0.3]
1.6727249999530613	EXP	trial_label_left_new: size = undefined
1.6727249999530613	EXP	trial_label_left_new: text = "a = Nonword"
1.6727249999530613	EXP	trial_label_left_new: font = "Courier New"
1.6727249999530613	EXP	trial_label_left_new: color = {"_hex":"#000000","_rgb":[0,0,0]}
1.6727249999530613	EXP	trial_label_left_new: contrast = 1
1.6727249999530613	EXP	trial_label_left_new: height = 0.05
1.6727249999530613	EXP	trial_label_left_new: bold = false
1.6727249999530613	EXP	trial_label_left_new: italic = false
1.6727249999530613	EXP	trial_label_left_new: alignHoriz = "left"
1.6727249999530613	EXP	trial_label_left_new: alignVert = "center"
1.6727249999530613	EXP	trial_label_left_new: wrapWidth = 1
1.6727249999530613	EXP	trial_label_left_new: flipHoriz = false
1.6727249999530613	EXP	trial_label_left_new: flipVert = false
1.6727249999530613	EXP	feedback_text: units = "height"
1.6727249999530613	EXP	feedback_text: ori = 0
1.6727249999530613	EXP	feedback_text: opacity = 1
1.6727249999530613	EXP	feedback_text: pos = [0,0]
1.6727249999530613	EXP	feedback_text: size = undefined
1.6727249999530613	EXP	feedback_text: text = "default text"
1.6727249999530613	EXP	feedback_text: font = "Courier New"
1.6727249999530613	EXP	feedback_text: color = {"_hex":"#FFFFFF","_rgb":[1,1,1]}
1.6727249999530613	EXP	feedback_text: contrast = 1
1.6727249999530613	EXP	feedback_text: height = 0.05
1.6727249999530613	EXP	feedback_text: bold = false
1.6727249999530613	EXP	feedback_text: italic = false
1.6727249999530613	EXP	feedback_text: alignHoriz = "left"
1.6727249999530613	EXP	feedback_text: alignVert = "center"
1.6727249999530613	EXP	feedback_text: wrapWidth = 1
1.6727249999530613	EXP	feedback_text: flipHoriz = false
1.6727249999530613	EXP	feedback_text: flipVert = false
1.6727249999530613	EXP	button_left_2: units = "height"
1.6727249999530613	EXP	button_left_2: ori = 0
1.6727249999530613	EXP	button_left_2: opacity = 1
1.6727249999530613	EXP	button_left_2: pos = [-0.4,-0.3]
1.6727249999530613	EXP	button_left_2: size = [1,1]
1.6727249999530613	EXP	button_left_2: lineWidth = 1
1.6727249999530613	EXP	button_left_2: lineColor = {"_hex":"#000000","_rgb":[0,0,0]}
1.6727249999530613	EXP	button_left_2: fillColor = {"_hex":"#FFFFFF","_rgb":[1,1,1]}
1.6727249999530613	EXP	button_left_2: vertices = [[-0.5,0],[0,0.5],[0.5,0]]
1.6727249999530613	EXP	button_left_2: closeShape = true
1.6727249999530613	EXP	button_left_2: contrast = 1
1.6727249999530613	EXP	button_left_2: depth = -2
1.6727249999530613	EXP	button_left_2: interpolate = true
1.6727249999530613	EXP	button_left_2: width = 0.4
1.6727249999530613	EXP	button_left_2: vertices = [[-0.2,null],[0.2,null],[0.2,null],[-0.2,null]]
1.6727249999530613	EXP	button_left_2: height = 0.2
1.6727249999530613	EXP	button_left_2: vertices = [[-0.2,-0.1],[0.2,-0.1],[0.2,0.1],[-0.2,0.1]]
1.6727249999530613	EXP	button_left_2: vertices = [[-0.2,-0.1],[0.2,-0.1],[0.2,0.1],[-0.2,0.1]]
1.6727249999530613	EXP	button_right_2: units = "height"
1.6727249999530613	EXP	button_right_2: ori = 0
1.6727249999530613	EXP	button_right_2: opacity = 1
1.6727249999530613	EXP	button_right_2: pos = [0.4,-0.3]
1.6727249999530613	EXP	button_right_2: size = [1,1]
1.6727249999530613	EXP	button_right_2: lineWidth = 1
1.6727249999530613	EXP	button_right_2: lineColor = {"_hex":"#000000","_rgb":[0,0,0]}
1.6727249999530613	EXP	button_right_2: fillColor = {"_hex":"#FFFFFF","_rgb":[1,1,1]}
1.6727249999530613	EXP	button_right_2: vertices = [[-0.5,0],[0,0.5],[0.5,0]]
1.6727249999530613	EXP	button_right_2: closeShape = true
1.6727249999530613	EXP	button_right_2: contrast = 1
1.6727249999530613	EXP	button_right_2: depth = -3
1.6727249999530613	EXP	button_right_2: interpolate = true
1.6727249999530613	EXP	button_right_2: width = 0.4
1.6727249999530613	EXP	button_right_2: vertices = [[-0.2,null],[0.2,null],[0.2,null],[-0.2,null]]
1.6727249999530613	EXP	button_right_2: height = 0.2
1.6727249999530613	EXP	button_right_2: vertices = [[-0.2,-0.1],[0.2,-0.1],[0.2,0.1],[-0.2,0.1]]
1.6727249999530613	EXP	button_right_2: vertices = [[-0.2,-0.1],[0.2,-0.1],[0.2,0.1],[-0.2,0.1]]
1.6727249999530613	EXP	trial_label_left_2: units = "height"
1.6727249999530613	EXP	trial_label_left_2: ori = 0
1.6727249999530613	EXP	trial_label_left_2: opacity = 1
1.6727249999530613	EXP	trial_label_left_2: pos = [-0.4,-0.3]
1.6727249999530613	EXP	trial_label_left_2: size = undefined
1.6727249999530613	EXP	trial_label_left_2: text = "a = Nonword"
1.6727249999530613	EXP	trial_label_left_2: font = "Courier New"
1.6727249999530613	EXP	trial_label_left_2: color = {"_hex":"#000000","_rgb":[0,0,0]}
1.6727249999530613	EXP	trial_label_left_2: contrast = 1
1.6727249999530613	EXP	trial_label_left_2: height = 0.05
1.6727249999530613	EXP	trial_label_left_2: bold = false
1.6727249999530613	EXP	trial_label_left_2: italic = false
1.6727249999530613	EXP	trial_label_left_2: alignHoriz = "left"
1.6727249999530613	EXP	trial_label_left_2: alignVert = "center"
1.6727249999530613	EXP	trial_label_left_2: wrapWidth = 1
1.6727249999530613	EXP	trial_label_left_2: flipHoriz = false
1.6727249999530613	EXP	trial_label_left_2: flipVert = false
1.6727249999530613	EXP	trial_label_right_2: units = "height"
1.6727249999530613	EXP	trial_label_right_2: ori = 0
1.6727249999530613	EXP	trial_label_right_2: opacity = 1
1.6727249999530613	EXP	trial_label_right_2: pos = [0.4,-0.3]
1.6727249999530613	EXP	trial_label_right_2: size = undefined
1.6727249999530613	EXP	trial_label_right_2: text = "l = Word"
1.6727249999530613	EXP	trial_label_right_2: font = "Courier New"
1.6727249999530613	EXP	trial_label_right_2: color = {"_hex":"#000000","_rgb":[0,0,0]}
1.6727249999530613	EXP	trial_label_right_2: contrast = 1
1.6727249999530613	EXP	trial_label_right_2: height = 0.05
1.6727249999530613	EXP	trial_label_right_2: bold = false
1.6727249999530613	EXP	trial_label_right_2: italic = false
1.6727249999530613	EXP	trial_label_right_2: alignHoriz = "left"
1.6727249999530613	EXP	trial_label_right_2: alignVert = "center"
1.6727249999530613	EXP	trial_label_right_2: wrapWidth = 1
1.6727249999530613	EXP	trial_label_right_2: flipHoriz = false
1.6727249999530613	EXP	trial_label_right_2: flipVert = false
1.6727249999530613	EXP	break_text: units = "height"
1.6727249999530613	EXP	break_text: ori = 0
1.6727249999530613	EXP	break_text: opacity = 1
1.6727249999530613	EXP	break_text: pos = [0,0]
1.6727249999530613	EXP	break_text: size = undefined
1.6727249999530613	EXP	break_text: text = "default text"
1.6727249999530613	EXP	break_text: font = "Courier New"
1.6727249999530613	EXP	break_text: color = {"_hex":"#000000","_rgb":[0,0,0]}
1.6727249999530613	EXP	break_text: contrast = 1
1.6727249999530613	EXP	break_text: height = 0.05
1.6727249999530613	EXP	break_text: bold = false
1.6727249999530613	EXP	break_text: italic = false
1.6727249999530613	EXP	break_text: alignHoriz = "left"
1.6727249999530613	EXP	break_text: alignVert = "center"
1.6727249999530613	EXP	break_text: wrapWidth = 1
1.6727249999530613	EXP	break_text: flipHoriz = false
1.6727249999530613	EXP	break_text: flipVert = false
1.6727249999530613	EXP	break_done_button: units = "height"
1.6727249999530613	EXP	break_done_button: ori = 0
1.6727249999530613	EXP	break_done_button: opacity = 1
1.6727249999530613	EXP	break_done_button: pos = [0,-0.4]
1.6727249999530613	EXP	break_done_button: size = [1,1]
1.6727249999530613	EXP	break_done_button: lineWidth = 1
1.6727249999530613	EXP	break_done_button: lineColor = {"_hex":"#000000","_rgb":[0,0,0]}
1.6727249999530613	EXP	break_done_button: fillColor = {"_hex":"#FFFFFF","_rgb":[1,1,1]}
1.6727249999530613	EXP	break_done_button: vertices = [[-0.5,0],[0,0.5],[0.5,0]]
1.6727249999530613	EXP	break_done_button: closeShape = true
1.6727249999530613	EXP	break_done_button: contrast = 1
1.6727249999530613	EXP	break_done_button: depth = -4
1.6727249999530613	EXP	break_done_button: interpolate = true
1.6727249999530613	EXP	break_done_button: width = 0.4
1.6727249999530613	EXP	break_done_button: vertices = [[-0.2,null],[0.2,null],[0.2,null],[-0.2,null]]
1.6727249999530613	EXP	break_done_button: height = 0.1
1.6727249999530613	EXP	break_done_button: vertices = [[-0.2,-0.05],[0.2,-0.05],[0.2,0.05],[-0.2,0.05]]
1.6727249999530613	EXP	break_done_button: vertices = [[-0.2,-0.05],[0.2,-0.05],[0.2,0.05],[-0.2,0.05]]
1.6727249999530613	EXP	break_done_button_label: units = "height"
1.6727249999530613	EXP	break_done_button_label: ori = 0
1.6727249999530613	EXP	break_done_button_label: opacity = 1
1.6727249999530613	EXP	break_done_button_label: pos = [0,-0.4]
1.6727249999530613	EXP	break_done_button_label: size = undefined
1.6727249999530613	EXP	break_done_button_label: text = "Continue"
1.6727249999530613	EXP	break_done_button_label: font = "Courier New"
1.6727249999530613	EXP	break_done_button_label: color = {"_hex":"#000000","_rgb":[0,0,0]}
1.6727249999530613	EXP	break_done_button_label: contrast = 1
1.6727249999530613	EXP	break_done_button_label: height = 0.05
1.6727249999530613	EXP	break_done_button_label: bold = false
1.6727249999530613	EXP	break_done_button_label: italic = false
1.6727249999530613	EXP	break_done_button_label: alignHoriz = "left"
1.6727249999530613	EXP	break_done_button_label: alignVert = "center"
1.6727249999530613	EXP	break_done_button_label: wrapWidth = 1
1.6727249999530613	EXP	break_done_button_label: flipHoriz = false
1.6727249999530613	EXP	break_done_button_label: flipVert = false
1.6727249999530613	EXP	thank_you: units = "height"
1.6727249999530613	EXP	thank_you: ori = 0
1.6727249999530613	EXP	thank_you: opacity = 1
1.6727249999530613	EXP	thank_you: pos = [0,0]
1.6727249999530613	EXP	thank_you: size = undefined
1.6727249999530613	EXP	thank_you: text = "This is the end of the experiment.\n\nPlease do not close this window until you have been redirected to the debriefing page. \n\nYou must go to the debriefing page in order to receive your participation credit."
1.6727249999530613	EXP	thank_you: font = "Courier New"
1.6727249999530613	EXP	thank_you: color = {"_hex":"#000000","_rgb":[0,0,0]}
1.6727249999530613	EXP	thank_you: contrast = 1
1.6727249999530613	EXP	thank_you: height = 1
1.6727249999530613	EXP	thank_you: bold = false
1.6727249999530613	EXP	thank_you: italic = false
1.6727249999530613	EXP	thank_you: alignHoriz = "left"
1.6727249999530613	EXP	thank_you: alignVert = "center"
1.6727249999530613	EXP	thank_you: wrapWidth = 1
1.6727249999530613	EXP	thank_you: flipHoriz = false
1.6727249999530613	EXP	thank_you: flipVert = false
1.6727249999530613	EXP	instructions: text = "INSTRUCTIONS\r\nAt the start of each trial, look at the hash marks (######) in the center of the screen. After a moment, a string of letters will appear. Your task is to indicate if the letter string forms a word or not (i.e., if it is a nonword). For example, AUTHOR is a word while AUTHON is a nonword.\r\n\r\nPress the space bar or touch the button below to continue."
1.6727249999530613	EXP	instructions_image: image = undefined
1.6727249999530613	EXP	instructions: autoDraw = true
1.6727249999530613	EXP	instr_done_button: autoDraw = true
1.6727249999530613	EXP	instr_done_label: autoDraw = true
2.74873499997193	DATA	Mouse: 0 button down, pos=(976,967)
2.7693399999989197	EXP	instructions: autoDraw = false
2.7693399999989197	EXP	instr_done_button: autoDraw = false
2.7693399999989197	EXP	instr_done_label: autoDraw = false
2.7693399999989197	EXP	instructions_image: autoDraw = false
2.7693399999989197	EXP	instruction_image: image = undefined
2.7693399999989197	EXP	instruction_image: autoDraw = true
2.7693399999989197	EXP	instruction_image: autoDraw = false
2.7693399999989197	EXP	instructions: text = "If your device has a keyboard, press the 'a' key for nonwords and the 'l' key for words. If your device does not have a keyboard, touch the left button on the screen for nonwords and the right button for words. Do not use the mouse as this will slow down your response. \r\n\r\nPress the space bar or touch the button below to continue."
2.7693399999989197	EXP	instructions_image: image = undefined
2.7693399999989197	EXP	instructions: autoDraw = true
2.7693399999989197	EXP	instr_done_button: autoDraw = true
2.7693399999989197	EXP	instr_done_label: autoDraw = true
2.8329699999885634	DATA	Mouse: 0 button down, pos=(975,967)
3.4903099999646656	DATA	Mouse: 0 button down, pos=(966,964)
3.5035949999582954	EXP	instructions: autoDraw = false
3.5035949999582954	EXP	instr_done_button: autoDraw = false
3.5035949999582954	EXP	instr_done_label: autoDraw = false
3.5035949999582954	EXP	instructions_image: autoDraw = false
3.5035949999582954	EXP	instruction_image: image = undefined
3.5035949999582954	EXP	instruction_image: autoDraw = true
3.5035949999582954	EXP	instruction_image: autoDraw = false
3.5035949999582954	EXP	instructions: text = "Test"
3.5035949999582954	EXP	instructions_image: image = {}
3.5035949999582954	EXP	instructions: autoDraw = true
3.5035949999582954	EXP	instr_done_button: autoDraw = true
3.5035949999582954	EXP	instr_done_label: autoDraw = true
3.5035949999582954	EXP	instructions_image: autoDraw = true
3.6432049999712035	DATA	Mouse: 0 button down, pos=(965,964)
6.025499999988824	DATA	Mouse: 0 button down, pos=(930,952)
6.031220000004396	EXP	instructions: autoDraw = false
6.031220000004396	EXP	instr_done_button: autoDraw = false
6.031220000004396	EXP	instr_done_label: autoDraw = false
6.031220000004396	EXP	instructions_image: autoDraw = false
6.031220000004396	EXP	instruction_image: image = {}
6.031220000004396	EXP	instruction_image: autoDraw = true
6.1512799999909475	DATA	Mouse: 0 button down, pos=(930,952)
7.443834999983665	DATA	Mouse: 0 button down, pos=(845,594)
7.452204999979585	EXP	instruction_image: autoDraw = false
7.452204999979585	EXP	instructions: text = "It is very important that you respond as quickly and accurately as possible, as each letter string will only be on the screen for two seconds. If you do not respond within this time, the message 'Too slow!' will be displayed and the experiment will progress to the next letter string. The first 20 trials will be practice trials and you will receive feedback on your answers. \r\n\r\nPress the space bar or touch the button below to start the practice trials."
7.452204999979585	EXP	instructions_image: image = undefined
7.452204999979585	EXP	instructions: autoDraw = true
7.452204999979585	EXP	instr_done_button: autoDraw = true
7.452204999979585	EXP	instr_done_label: autoDraw = true
7.536049999995157	DATA	Mouse: 0 button down, pos=(846,594)
9.317724999971688	DATA	Mouse: 0 button down, pos=(832,630)
9.41285500000231	DATA	Mouse: 0 button down, pos=(832,630)
9.876829999964684	DATA	Mouse: wheel shift=(-100,0), pos=(737,667)
9.926574999990407	DATA	Mouse: wheel shift=(-100,0), pos=(737,667)
9.976634999969974	DATA	Mouse: wheel shift=(-100,0), pos=(737,667)
10.613610000000335	DATA	Mouse: 0 button down, pos=(942,949)
10.70462499995483	EXP	instructions: autoDraw = false
10.70462499995483	EXP	instr_done_button: autoDraw = false
10.70462499995483	EXP	instr_done_label: autoDraw = false
10.70462499995483	EXP	instructions_image: autoDraw = false
10.70462499995483	EXP	instruction_image: image = undefined
10.70462499995483	EXP	instruction_image: autoDraw = true
10.70462499995483	EXP	instruction_image: autoDraw = false
10.70462499995483	EXP	prime_text: text = "matrix"
10.70462499995483	EXP	target: text = "MATRIX"
10.70462499995483	EXP	target: font = "Courier New"
10.70462499995483	EXP	fixation_mask: autoDraw = true
10.70462499995483	EXP	button_left: autoDraw = true
10.70462499995483	EXP	button_right: autoDraw = true
10.70462499995483	EXP	trial_label_right: autoDraw = true
10.70462499995483	EXP	trial_label_left_new: autoDraw = true
10.706949999963399	DATA	Mouse: 0 button down, pos=(942,949)
11.198824999970384	EXP	fixation_mask: autoDraw = false
11.198824999970384	EXP	prime_text: autoDraw = true
11.249619999958668	EXP	prime_text: autoDraw = false
11.249619999958668	EXP	target: autoDraw = true
13.251744999957737	EXP	target: autoDraw = false
13.251744999957737	EXP	button_left: autoDraw = false
13.251744999957737	EXP	button_right: autoDraw = false
13.251744999957737	EXP	trial_label_right: autoDraw = false
13.251744999957737	EXP	trial_label_left_new: autoDraw = false
13.251744999957737	EXP	fixation_mask: autoDraw = false
13.251744999957737	EXP	prime_text: autoDraw = false
13.251744999957737	EXP	target: autoDraw = false
13.251744999957737	EXP	button_left: autoDraw = false
13.251744999957737	EXP	button_right: autoDraw = false
13.251744999957737	EXP	trial_label_right: autoDraw = false
13.251744999957737	EXP	trial_label_left_new: autoDraw = false
13.251744999957737	EXP	feedback_text: color = {"_hex":"#000000","_rgb":[0,0,0]}
13.251744999957737	EXP	feedback_text: text = "Too slow!"
13.251744999957737	EXP	feedback_text: autoDraw = true
13.251744999957737	EXP	button_left_2: autoDraw = true
13.251744999957737	EXP	button_right_2: autoDraw = true
13.251744999957737	EXP	trial_label_left_2: autoDraw = true
13.251744999957737	EXP	trial_label_right_2: autoDraw = true
13.74721999996109	EXP	feedback_text: autoDraw = false
13.74721999996109	EXP	button_left_2: autoDraw = false
13.74721999996109	EXP	button_right_2: autoDraw = false
13.74721999996109	EXP	trial_label_left_2: autoDraw = false
13.74721999996109	EXP	trial_label_right_2: autoDraw = false
13.74721999996109	EXP	feedback_text: autoDraw = false
13.74721999996109	EXP	button_left_2: autoDraw = false
13.74721999996109	EXP	button_right_2: autoDraw = false
13.74721999996109	EXP	trial_label_left_2: autoDraw = false
13.74721999996109	EXP	trial_label_right_2: autoDraw = false
13.74721999996109	EXP	prime_text: text = "adjust"
13.74721999996109	EXP	target: text = "ADJUST"
13.74721999996109	EXP	target: font = "Courier New"
13.74721999996109	EXP	fixation_mask: autoDraw = true
13.74721999996109	EXP	button_left: autoDraw = true
13.74721999996109	EXP	button_right: autoDraw = true
13.74721999996109	EXP	trial_label_right: autoDraw = true
13.74721999996109	EXP	trial_label_left_new: autoDraw = true
14.246509999968112	EXP	fixation_mask: autoDraw = false
14.265244999958668	EXP	prime_text: autoDraw = true
14.279714999953285	EXP	prime_text: autoDraw = false
14.298689999966882	EXP	target: autoDraw = true
15.78538999997545	DATA	Mouse: 0 button down, pos=(430,738)
15.869034999981523	DATA	Mouse: 0 button down, pos=(430,736)
15.876754999975674	DATA	Mouse: wheel shift=(-100,0), pos=(430,736)
16.102324999985285	DATA	Keydown: Escape
16.263154999993276	DATA	Keydown: Escape
16.68554999999469	DATA	Keydown: Escape
