0.09406500001205131	EXP	Created Window = Window( name=Window, fullscr=true, color=#ffffff, units=height, waitBlanking=true, autoLog=true, size=[1920,1013] )
1.517130000051111	EXP	Created instructions = TextStim( name=instructions, win=Window( name=Window, fullscr=true, color=#ffffff, ~), autoDraw=null, autoLog=true, units=height, ori=null, opacity=1, pos=[0,0], size=undefined, text=default text, font=Courier New, color=#000000, contrast=1, height=0.035, bold=null, italic=null, alignHoriz=left, alignVert=center, wrapWidth=1, flipHoriz=null, flipVert=null )
1.5199350000475533	EXP	Created instr_done_button = Rect( name=instr_done_button, win=Window( name=Window, fullscr=true, color=#ffffff, ~), autoDraw=null, autoLog=true, units=height, ori=null, opacity=1, pos=[0,-0.4], size=[1,1], lineWidth=1, lineColor=#000000, fillColor=#FFFFFF, vertices=[[-0.2,-0.05],[0.2,-0.05],[0.2,0.05],[-0.2,0.05]], closeShape=true, contrast=1, depth=-2, interpolate=true, width=0.4, height=0.1 )
1.5205350000178441	EXP	Created instr_done_label = TextStim( name=instr_done_label, win=Window( name=Window, fullscr=true, color=#ffffff, ~), autoDraw=null, autoLog=true, units=height, ori=null, opacity=1, pos=[0,-0.4], size=undefined, text=Continue, font=Courier New, color=#000000, contrast=1, height=0.05, bold=null, italic=null, alignHoriz=left, alignVert=center, wrapWidth=1, flipHoriz=null, flipVert=null )
1.521625000052154	EXP	Created fixation_mask = TextStim( name=fixation_mask, win=Window( name=Window, fullscr=true, color=#ffffff, ~), autoDraw=null, autoLog=true, units=height, ori=null, opacity=1, pos=[0,0], size=undefined, text=######, font=Courier New, color=#000000, contrast=1, height=0.1, bold=null, italic=null, alignHoriz=left, alignVert=center, wrapWidth=1, flipHoriz=null, flipVert=null )
1.522255000018049	EXP	Created prime_text = TextStim( name=prime_text, win=Window( name=Window, fullscr=true, color=#ffffff, ~), autoDraw=null, autoLog=true, units=height, ori=null, opacity=1, pos=[0,0], size=undefined, text=default text, font=Courier New, color=#000000, contrast=1, height=0.1, bold=null, italic=null, alignHoriz=left, alignVert=center, wrapWidth=1, flipHoriz=null, flipVert=null )
1.5229050000198185	EXP	Created target = TextStim( name=target, win=Window( name=Window, fullscr=true, color=#ffffff, ~), autoDraw=null, autoLog=true, units=height, ori=null, opacity=1, pos=[0,0], size=undefined, text=default text, font=Arial, color=#000000, contrast=1, height=0.1, bold=null, italic=null, alignHoriz=left, alignVert=center, wrapWidth=1, flipHoriz=null, flipVert=null )
1.5269850000040606	EXP	Created button_left = Rect( name=button_left, win=Window( name=Window, fullscr=true, color=#ffffff, ~), autoDraw=null, autoLog=true, units=height, ori=null, opacity=1, pos=[-0.4,-0.3], size=[1,1], lineWidth=1, lineColor=#000000, fillColor=#FFFFFF, vertices=[[-0.2,-0.1],[0.2,-0.1],[0.2,0.1],[-0.2,0.1]], closeShape=true, contrast=1, depth=-5, interpolate=true, width=0.4, height=0.2 )
1.5297100000316277	EXP	Created button_right = Rect( name=button_right, win=Window( name=Window, fullscr=true, color=#ffffff, ~), autoDraw=null, autoLog=true, units=height, ori=null, opacity=1, pos=[0.4,-0.3], size=[1,1], lineWidth=1, lineColor=#000000, fillColor=#FFFFFF, vertices=[[-0.2,-0.1],[0.2,-0.1],[0.2,0.1],[-0.2,0.1]], closeShape=true, contrast=1, depth=-6, interpolate=true, width=0.4, height=0.2 )
1.5308400000212714	EXP	Created trial_label_right = TextStim( name=trial_label_right, win=Window( name=Window, fullscr=true, color=#ffffff, ~), autoDraw=null, autoLog=true, units=height, ori=null, opacity=1, pos=[0.4,-0.3], size=undefined, text=l = Word, font=Courier New, color=#000000, contrast=1, height=0.05, bold=null, italic=null, alignHoriz=left, alignVert=center, wrapWidth=1, flipHoriz=null, flipVert=null )
1.5314200000138953	EXP	Created trial_label_left_new = TextStim( name=trial_label_left_new, win=Window( name=Window, fullscr=true, color=#ffffff, ~), autoDraw=null, autoLog=true, units=height, ori=null, opacity=1, pos=[-0.4,-0.3], size=undefined, text=a = Nonword, font=Courier New, color=#000000, contrast=1, height=0.05, bold=null, italic=null, alignHoriz=left, alignVert=center, wrapWidth=1, flipHoriz=null, flipVert=null )
1.5318850000039674	EXP	Created feedback_text = TextStim( name=feedback_text, win=Window( name=Window, fullscr=true, color=#ffffff, ~), autoDraw=null, autoLog=true, units=height, ori=null, opacity=1, pos=[0,0], size=undefined, text=default text, font=Courier New, color=#FFFFFF, contrast=1, height=0.05, bold=null, italic=null, alignHoriz=left, alignVert=center, wrapWidth=1, flipHoriz=null, flipVert=null )
1.5333800000371411	EXP	Created button_left_2 = Rect( name=button_left_2, win=Window( name=Window, fullscr=true, color=#ffffff, ~), autoDraw=null, autoLog=true, units=height, ori=null, opacity=1, pos=[-0.4,-0.3], size=[1,1], lineWidth=1, lineColor=#000000, fillColor=#FFFFFF, vertices=[[-0.2,-0.1],[0.2,-0.1],[0.2,0.1],[-0.2,0.1]], closeShape=true, contrast=1, depth=-2, interpolate=true, width=0.4, height=0.2 )
1.5353950000135228	EXP	Created button_right_2 = Rect( name=button_right_2, win=Window( name=Window, fullscr=true, color=#ffffff, ~), autoDraw=null, autoLog=true, units=height, ori=null, opacity=1, pos=[0.4,-0.3], size=[1,1], lineWidth=1, lineColor=#000000, fillColor=#FFFFFF, vertices=[[-0.2,-0.1],[0.2,-0.1],[0.2,0.1],[-0.2,0.1]], closeShape=true, contrast=1, depth=-3, interpolate=true, width=0.4, height=0.2 )
1.5359600000083447	EXP	Created trial_label_left_2 = TextStim( name=trial_label_left_2, win=Window( name=Window, fullscr=true, color=#ffffff, ~), autoDraw=null, autoLog=true, units=height, ori=null, opacity=1, pos=[-0.4,-0.3], size=undefined, text=a = Nonword, font=Courier New, color=#000000, contrast=1, height=0.05, bold=null, italic=null, alignHoriz=left, alignVert=center, wrapWidth=1, flipHoriz=null, flipVert=null )
1.5364800000097603	EXP	Created trial_label_right_2 = TextStim( name=trial_label_right_2, win=Window( name=Window, fullscr=true, color=#ffffff, ~), autoDraw=null, autoLog=true, units=height, ori=null, opacity=1, pos=[0.4,-0.3], size=undefined, text=l = Word, font=Courier New, color=#000000, contrast=1, height=0.05, bold=null, italic=null, alignHoriz=left, alignVert=center, wrapWidth=1, flipHoriz=null, flipVert=null )
1.5370000000111759	EXP	Created instructions = TextStim( name=instructions, win=Window( name=Window, fullscr=true, color=#ffffff, ~), autoDraw=null, autoLog=true, units=height, ori=null, opacity=1, pos=[0,0], size=undefined, text=default text, font=Courier New, color=#000000, contrast=1, height=0.035, bold=null, italic=null, alignHoriz=left, alignVert=center, wrapWidth=1, flipHoriz=null, flipVert=null )
1.539310000021942	EXP	Created instr_done_button = Rect( name=instr_done_button, win=Window( name=Window, fullscr=true, color=#ffffff, ~), autoDraw=null, autoLog=true, units=height, ori=null, opacity=1, pos=[0,-0.4], size=[1,1], lineWidth=1, lineColor=#000000, fillColor=#FFFFFF, vertices=[[-0.2,-0.05],[0.2,-0.05],[0.2,0.05],[-0.2,0.05]], closeShape=true, contrast=1, depth=-2, interpolate=true, width=0.4, height=0.1 )
1.539905000012368	EXP	Created instr_done_label = TextStim( name=instr_done_label, win=Window( name=Window, fullscr=true, color=#ffffff, ~), autoDraw=null, autoLog=true, units=height, ori=null, opacity=1, pos=[0,-0.4], size=undefined, text=Continue, font=Courier New, color=#000000, contrast=1, height=0.05, bold=null, italic=null, alignHoriz=left, alignVert=center, wrapWidth=1, flipHoriz=null, flipVert=null )
1.5404600000474602	EXP	Created fixation_mask = TextStim( name=fixation_mask, win=Window( name=Window, fullscr=true, color=#ffffff, ~), autoDraw=null, autoLog=true, units=height, ori=null, opacity=1, pos=[0,0], size=undefined, text=######, font=Courier New, color=#000000, contrast=1, height=0.1, bold=null, italic=null, alignHoriz=left, alignVert=center, wrapWidth=1, flipHoriz=null, flipVert=null )
1.540930000017397	EXP	Created prime_text = TextStim( name=prime_text, win=Window( name=Window, fullscr=true, color=#ffffff, ~), autoDraw=null, autoLog=true, units=height, ori=null, opacity=1, pos=[0,0], size=undefined, text=default text, font=Courier New, color=#000000, contrast=1, height=0.1, bold=null, italic=null, alignHoriz=left, alignVert=center, wrapWidth=1, flipHoriz=null, flipVert=null )
1.5414150000433438	EXP	Created target = TextStim( name=target, win=Window( name=Window, fullscr=true, color=#ffffff, ~), autoDraw=null, autoLog=true, units=height, ori=null, opacity=1, pos=[0,0], size=undefined, text=default text, font=Arial, color=#000000, contrast=1, height=0.1, bold=null, italic=null, alignHoriz=left, alignVert=center, wrapWidth=1, flipHoriz=null, flipVert=null )
1.5434150000219233	EXP	Created button_left = Rect( name=button_left, win=Window( name=Window, fullscr=true, color=#ffffff, ~), autoDraw=null, autoLog=true, units=height, ori=null, opacity=1, pos=[-0.4,-0.3], size=[1,1], lineWidth=1, lineColor=#000000, fillColor=#FFFFFF, vertices=[[-0.2,-0.1],[0.2,-0.1],[0.2,0.1],[-0.2,0.1]], closeShape=true, contrast=1, depth=-5, interpolate=true, width=0.4, height=0.2 )
1.546230000036303	EXP	Created button_right = Rect( name=button_right, win=Window( name=Window, fullscr=true, color=#ffffff, ~), autoDraw=null, autoLog=true, units=height, ori=null, opacity=1, pos=[0.4,-0.3], size=[1,1], lineWidth=1, lineColor=#000000, fillColor=#FFFFFF, vertices=[[-0.2,-0.1],[0.2,-0.1],[0.2,0.1],[-0.2,0.1]], closeShape=true, contrast=1, depth=-6, interpolate=true, width=0.4, height=0.2 )
1.5473250000504777	EXP	Created trial_label_right = TextStim( name=trial_label_right, win=Window( name=Window, fullscr=true, color=#ffffff, ~), autoDraw=null, autoLog=true, units=height, ori=null, opacity=1, pos=[0.4,-0.3], size=undefined, text=l = Word, font=Courier New, color=#000000, contrast=1, height=0.05, bold=null, italic=null, alignHoriz=left, alignVert=center, wrapWidth=1, flipHoriz=null, flipVert=null )
1.5487450000364333	EXP	Created trial_label_left_new = TextStim( name=trial_label_left_new, win=Window( name=Window, fullscr=true, color=#ffffff, ~), autoDraw=null, autoLog=true, units=height, ori=null, opacity=1, pos=[-0.4,-0.3], size=undefined, text=a = Nonword, font=Courier New, color=#000000, contrast=1, height=0.05, bold=null, italic=null, alignHoriz=left, alignVert=center, wrapWidth=1, flipHoriz=null, flipVert=null )
1.5495600000140257	EXP	Created feedback_text = TextStim( name=feedback_text, win=Window( name=Window, fullscr=true, color=#ffffff, ~), autoDraw=null, autoLog=true, units=height, ori=null, opacity=1, pos=[0,0], size=undefined, text=default text, font=Courier New, color=#FFFFFF, contrast=1, height=0.05, bold=null, italic=null, alignHoriz=left, alignVert=center, wrapWidth=1, flipHoriz=null, flipVert=null )
1.5517150000086986	EXP	Created button_left_2 = Rect( name=button_left_2, win=Window( name=Window, fullscr=true, color=#ffffff, ~), autoDraw=null, autoLog=true, units=height, ori=null, opacity=1, pos=[-0.4,-0.3], size=[1,1], lineWidth=1, lineColor=#000000, fillColor=#FFFFFF, vertices=[[-0.2,-0.1],[0.2,-0.1],[0.2,0.1],[-0.2,0.1]], closeShape=true, contrast=1, depth=-2, interpolate=true, width=0.4, height=0.2 )
1.5530100000323728	EXP	Created button_right_2 = Rect( name=button_right_2, win=Window( name=Window, fullscr=true, color=#ffffff, ~), autoDraw=null, autoLog=true, units=height, ori=null, opacity=1, pos=[0.4,-0.3], size=[1,1], lineWidth=1, lineColor=#000000, fillColor=#FFFFFF, vertices=[[-0.2,-0.1],[0.2,-0.1],[0.2,0.1],[-0.2,0.1]], closeShape=true, contrast=1, depth=-3, interpolate=true, width=0.4, height=0.2 )
1.5533649999997579	EXP	Created trial_label_left_2 = TextStim( name=trial_label_left_2, win=Window( name=Window, fullscr=true, color=#ffffff, ~), autoDraw=null, autoLog=true, units=height, ori=null, opacity=1, pos=[-0.4,-0.3], size=undefined, text=a = Nonword, font=Courier New, color=#000000, contrast=1, height=0.05, bold=null, italic=null, alignHoriz=left, alignVert=center, wrapWidth=1, flipHoriz=null, flipVert=null )
1.5536850000498816	EXP	Created trial_label_right_2 = TextStim( name=trial_label_right_2, win=Window( name=Window, fullscr=true, color=#ffffff, ~), autoDraw=null, autoLog=true, units=height, ori=null, opacity=1, pos=[0.4,-0.3], size=undefined, text=l = Word, font=Courier New, color=#000000, contrast=1, height=0.05, bold=null, italic=null, alignHoriz=left, alignVert=center, wrapWidth=1, flipHoriz=null, flipVert=null )
1.5542500000447035	EXP	Created break_text = TextStim( name=break_text, win=Window( name=Window, fullscr=true, color=#ffffff, ~), autoDraw=null, autoLog=true, units=height, ori=null, opacity=1, pos=[0,0], size=undefined, text=default text, font=Courier New, color=#000000, contrast=1, height=0.05, bold=null, italic=null, alignHoriz=left, alignVert=center, wrapWidth=1, flipHoriz=null, flipVert=null )
1.556215000047814	EXP	Created break_done_button = Rect( name=break_done_button, win=Window( name=Window, fullscr=true, color=#ffffff, ~), autoDraw=null, autoLog=true, units=height, ori=null, opacity=1, pos=[0,-0.4], size=[1,1], lineWidth=1, lineColor=#000000, fillColor=#FFFFFF, vertices=[[-0.2,-0.05],[0.2,-0.05],[0.2,0.05],[-0.2,0.05]], closeShape=true, contrast=1, depth=-4, interpolate=true, width=0.4, height=0.1 )
1.557150000007823	EXP	Created break_done_button_label = TextStim( name=break_done_button_label, win=Window( name=Window, fullscr=true, color=#ffffff, ~), autoDraw=null, autoLog=true, units=height, ori=null, opacity=1, pos=[0,-0.4], size=undefined, text=Continue, font=Courier New, color=#000000, contrast=1, height=0.05, bold=null, italic=null, alignHoriz=left, alignVert=center, wrapWidth=1, flipHoriz=null, flipVert=null )
1.557790000049863	EXP	Created thank_you = TextStim( name=thank_you, win=Window( name=Window, fullscr=true, color=#ffffff, ~), autoDraw=null, autoLog=true, units=height, ori=null, opacity=1, pos=[0,0], size=undefined, text=This is the end of the experiment.

Please do not ~, font=Courier New, color=#000000, contrast=1, height=1, bold=null, italic=null, alignHoriz=left, alignVert=center, wrapWidth=1, flipHoriz=null, flipVert=null )
1.6522250000271015	EXP	instructions: units = "height"
1.6522250000271015	EXP	instructions: ori = 0
1.6522250000271015	EXP	instructions: opacity = 1
1.6522250000271015	EXP	instructions: pos = [0,0]
1.6522250000271015	EXP	instructions: size = undefined
1.6522250000271015	EXP	instructions: text = "default text"
1.6522250000271015	EXP	instructions: font = "Courier New"
1.6522250000271015	EXP	instructions: color = {"_hex":"#000000","_rgb":[0,0,0]}
1.6522250000271015	EXP	instructions: contrast = 1
1.6522250000271015	EXP	instructions: height = 0.035
1.6522250000271015	EXP	instructions: bold = false
1.6522250000271015	EXP	instructions: italic = false
1.6522250000271015	EXP	instructions: alignHoriz = "left"
1.6522250000271015	EXP	instructions: alignVert = "center"
1.6522250000271015	EXP	instructions: wrapWidth = 1
1.6522250000271015	EXP	instructions: flipHoriz = false
1.6522250000271015	EXP	instructions: flipVert = false
1.6522250000271015	EXP	instr_done_button: units = "height"
1.6522250000271015	EXP	instr_done_button: ori = 0
1.6522250000271015	EXP	instr_done_button: opacity = 1
1.6522250000271015	EXP	instr_done_button: pos = [0,-0.4]
1.6522250000271015	EXP	instr_done_button: size = [1,1]
1.6522250000271015	EXP	instr_done_button: lineWidth = 1
1.6522250000271015	EXP	instr_done_button: lineColor = {"_hex":"#000000","_rgb":[0,0,0]}
1.6522250000271015	EXP	instr_done_button: fillColor = {"_hex":"#FFFFFF","_rgb":[1,1,1]}
1.6522250000271015	EXP	instr_done_button: vertices = [[-0.5,0],[0,0.5],[0.5,0]]
1.6522250000271015	EXP	instr_done_button: closeShape = true
1.6522250000271015	EXP	instr_done_button: contrast = 1
1.6522250000271015	EXP	instr_done_button: depth = -2
1.6522250000271015	EXP	instr_done_button: interpolate = true
1.6522250000271015	EXP	instr_done_button: width = 0.4
1.6522250000271015	EXP	instr_done_button: vertices = [[-0.2,null],[0.2,null],[0.2,null],[-0.2,null]]
1.6522250000271015	EXP	instr_done_button: height = 0.1
1.6522250000271015	EXP	instr_done_button: vertices = [[-0.2,-0.05],[0.2,-0.05],[0.2,0.05],[-0.2,0.05]]
1.6522250000271015	EXP	instr_done_button: vertices = [[-0.2,-0.05],[0.2,-0.05],[0.2,0.05],[-0.2,0.05]]
1.6522250000271015	EXP	instr_done_label: units = "height"
1.6522250000271015	EXP	instr_done_label: ori = 0
1.6522250000271015	EXP	instr_done_label: opacity = 1
1.6522250000271015	EXP	instr_done_label: pos = [0,-0.4]
1.6522250000271015	EXP	instr_done_label: size = undefined
1.6522250000271015	EXP	instr_done_label: text = "Continue"
1.6522250000271015	EXP	instr_done_label: font = "Courier New"
1.6522250000271015	EXP	instr_done_label: color = {"_hex":"#000000","_rgb":[0,0,0]}
1.6522250000271015	EXP	instr_done_label: contrast = 1
1.6522250000271015	EXP	instr_done_label: height = 0.05
1.6522250000271015	EXP	instr_done_label: bold = false
1.6522250000271015	EXP	instr_done_label: italic = false
1.6522250000271015	EXP	instr_done_label: alignHoriz = "left"
1.6522250000271015	EXP	instr_done_label: alignVert = "center"
1.6522250000271015	EXP	instr_done_label: wrapWidth = 1
1.6522250000271015	EXP	instr_done_label: flipHoriz = false
1.6522250000271015	EXP	instr_done_label: flipVert = false
1.6522250000271015	EXP	fixation_mask: units = "height"
1.6522250000271015	EXP	fixation_mask: ori = 0
1.6522250000271015	EXP	fixation_mask: opacity = 1
1.6522250000271015	EXP	fixation_mask: pos = [0,0]
1.6522250000271015	EXP	fixation_mask: size = undefined
1.6522250000271015	EXP	fixation_mask: text = "######"
1.6522250000271015	EXP	fixation_mask: font = "Courier New"
1.6522250000271015	EXP	fixation_mask: color = {"_hex":"#000000","_rgb":[0,0,0]}
1.6522250000271015	EXP	fixation_mask: contrast = 1
1.6522250000271015	EXP	fixation_mask: height = 0.1
1.6522250000271015	EXP	fixation_mask: bold = false
1.6522250000271015	EXP	fixation_mask: italic = false
1.6522250000271015	EXP	fixation_mask: alignHoriz = "left"
1.6522250000271015	EXP	fixation_mask: alignVert = "center"
1.6522250000271015	EXP	fixation_mask: wrapWidth = 1
1.6522250000271015	EXP	fixation_mask: flipHoriz = false
1.6522250000271015	EXP	fixation_mask: flipVert = false
1.6522250000271015	EXP	prime_text: units = "height"
1.6522250000271015	EXP	prime_text: ori = 0
1.6522250000271015	EXP	prime_text: opacity = 1
1.6522250000271015	EXP	prime_text: pos = [0,0]
1.6522250000271015	EXP	prime_text: size = undefined
1.6522250000271015	EXP	prime_text: text = "default text"
1.6522250000271015	EXP	prime_text: font = "Courier New"
1.6522250000271015	EXP	prime_text: color = {"_hex":"#000000","_rgb":[0,0,0]}
1.6522250000271015	EXP	prime_text: contrast = 1
1.6522250000271015	EXP	prime_text: height = 0.1
1.6522250000271015	EXP	prime_text: bold = false
1.6522250000271015	EXP	prime_text: italic = false
1.6522250000271015	EXP	prime_text: alignHoriz = "left"
1.6522250000271015	EXP	prime_text: alignVert = "center"
1.6522250000271015	EXP	prime_text: wrapWidth = 1
1.6522250000271015	EXP	prime_text: flipHoriz = false
1.6522250000271015	EXP	prime_text: flipVert = false
1.6522250000271015	EXP	target: units = "height"
1.6522250000271015	EXP	target: ori = 0
1.6522250000271015	EXP	target: opacity = 1
1.6522250000271015	EXP	target: pos = [0,0]
1.6522250000271015	EXP	target: size = undefined
1.6522250000271015	EXP	target: text = "default text"
1.6522250000271015	EXP	target: font = "Arial"
1.6522250000271015	EXP	target: color = {"_hex":"#000000","_rgb":[0,0,0]}
1.6522250000271015	EXP	target: contrast = 1
1.6522250000271015	EXP	target: height = 0.1
1.6522250000271015	EXP	target: bold = false
1.6522250000271015	EXP	target: italic = false
1.6522250000271015	EXP	target: alignHoriz = "left"
1.6522250000271015	EXP	target: alignVert = "center"
1.6522250000271015	EXP	target: wrapWidth = 1
1.6522250000271015	EXP	target: flipHoriz = false
1.6522250000271015	EXP	target: flipVert = false
1.6522250000271015	EXP	button_left: units = "height"
1.6522250000271015	EXP	button_left: ori = 0
1.6522250000271015	EXP	button_left: opacity = 1
1.6522250000271015	EXP	button_left: pos = [-0.4,-0.3]
1.6522250000271015	EXP	button_left: size = [1,1]
1.6522250000271015	EXP	button_left: lineWidth = 1
1.6522250000271015	EXP	button_left: lineColor = {"_hex":"#000000","_rgb":[0,0,0]}
1.6522250000271015	EXP	button_left: fillColor = {"_hex":"#FFFFFF","_rgb":[1,1,1]}
1.6522250000271015	EXP	button_left: vertices = [[-0.5,0],[0,0.5],[0.5,0]]
1.6522250000271015	EXP	button_left: closeShape = true
1.6522250000271015	EXP	button_left: contrast = 1
1.6522250000271015	EXP	button_left: depth = -5
1.6522250000271015	EXP	button_left: interpolate = true
1.6522250000271015	EXP	button_left: width = 0.4
1.6522250000271015	EXP	button_left: vertices = [[-0.2,null],[0.2,null],[0.2,null],[-0.2,null]]
1.6522250000271015	EXP	button_left: height = 0.2
1.6522250000271015	EXP	button_left: vertices = [[-0.2,-0.1],[0.2,-0.1],[0.2,0.1],[-0.2,0.1]]
1.6522250000271015	EXP	button_left: vertices = [[-0.2,-0.1],[0.2,-0.1],[0.2,0.1],[-0.2,0.1]]
1.6522250000271015	EXP	button_right: units = "height"
1.6522250000271015	EXP	button_right: ori = 0
1.6522250000271015	EXP	button_right: opacity = 1
1.6522250000271015	EXP	button_right: pos = [0.4,-0.3]
1.6522250000271015	EXP	button_right: size = [1,1]
1.6522250000271015	EXP	button_right: lineWidth = 1
1.6522250000271015	EXP	button_right: lineColor = {"_hex":"#000000","_rgb":[0,0,0]}
1.6522250000271015	EXP	button_right: fillColor = {"_hex":"#FFFFFF","_rgb":[1,1,1]}
1.6522250000271015	EXP	button_right: vertices = [[-0.5,0],[0,0.5],[0.5,0]]
1.6522250000271015	EXP	button_right: closeShape = true
1.6522250000271015	EXP	button_right: contrast = 1
1.6522250000271015	EXP	button_right: depth = -6
1.6522250000271015	EXP	button_right: interpolate = true
1.6522250000271015	EXP	button_right: width = 0.4
1.6522250000271015	EXP	button_right: vertices = [[-0.2,null],[0.2,null],[0.2,null],[-0.2,null]]
1.6522250000271015	EXP	button_right: height = 0.2
1.6522250000271015	EXP	button_right: vertices = [[-0.2,-0.1],[0.2,-0.1],[0.2,0.1],[-0.2,0.1]]
1.6522250000271015	EXP	button_right: vertices = [[-0.2,-0.1],[0.2,-0.1],[0.2,0.1],[-0.2,0.1]]
1.6522250000271015	EXP	trial_label_right: units = "height"
1.6522250000271015	EXP	trial_label_right: ori = 0
1.6522250000271015	EXP	trial_label_right: opacity = 1
1.6522250000271015	EXP	trial_label_right: pos = [0.4,-0.3]
1.6522250000271015	EXP	trial_label_right: size = undefined
1.6522250000271015	EXP	trial_label_right: text = "l = Word"
1.6522250000271015	EXP	trial_label_right: font = "Courier New"
1.6522250000271015	EXP	trial_label_right: color = {"_hex":"#000000","_rgb":[0,0,0]}
1.6522250000271015	EXP	trial_label_right: contrast = 1
1.6522250000271015	EXP	trial_label_right: height = 0.05
1.6522250000271015	EXP	trial_label_right: bold = false
1.6522250000271015	EXP	trial_label_right: italic = false
1.6522250000271015	EXP	trial_label_right: alignHoriz = "left"
1.6522250000271015	EXP	trial_label_right: alignVert = "center"
1.6522250000271015	EXP	trial_label_right: wrapWidth = 1
1.6522250000271015	EXP	trial_label_right: flipHoriz = false
1.6522250000271015	EXP	trial_label_right: flipVert = false
1.6522250000271015	EXP	trial_label_left_new: units = "height"
1.6522250000271015	EXP	trial_label_left_new: ori = 0
1.6522250000271015	EXP	trial_label_left_new: opacity = 1
1.6522250000271015	EXP	trial_label_left_new: pos = [-0.4,-0.3]
1.6522250000271015	EXP	trial_label_left_new: size = undefined
1.6522250000271015	EXP	trial_label_left_new: text = "a = Nonword"
1.6522250000271015	EXP	trial_label_left_new: font = "Courier New"
1.6522250000271015	EXP	trial_label_left_new: color = {"_hex":"#000000","_rgb":[0,0,0]}
1.6522250000271015	EXP	trial_label_left_new: contrast = 1
1.6522250000271015	EXP	trial_label_left_new: height = 0.05
1.6522250000271015	EXP	trial_label_left_new: bold = false
1.6522250000271015	EXP	trial_label_left_new: italic = false
1.6522250000271015	EXP	trial_label_left_new: alignHoriz = "left"
1.6522250000271015	EXP	trial_label_left_new: alignVert = "center"
1.6522250000271015	EXP	trial_label_left_new: wrapWidth = 1
1.6522250000271015	EXP	trial_label_left_new: flipHoriz = false
1.6522250000271015	EXP	trial_label_left_new: flipVert = false
1.6522250000271015	EXP	feedback_text: units = "height"
1.6522250000271015	EXP	feedback_text: ori = 0
1.6522250000271015	EXP	feedback_text: opacity = 1
1.6522250000271015	EXP	feedback_text: pos = [0,0]
1.6522250000271015	EXP	feedback_text: size = undefined
1.6522250000271015	EXP	feedback_text: text = "default text"
1.6522250000271015	EXP	feedback_text: font = "Courier New"
1.6522250000271015	EXP	feedback_text: color = {"_hex":"#FFFFFF","_rgb":[1,1,1]}
1.6522250000271015	EXP	feedback_text: contrast = 1
1.6522250000271015	EXP	feedback_text: height = 0.05
1.6522250000271015	EXP	feedback_text: bold = false
1.6522250000271015	EXP	feedback_text: italic = false
1.6522250000271015	EXP	feedback_text: alignHoriz = "left"
1.6522250000271015	EXP	feedback_text: alignVert = "center"
1.6522250000271015	EXP	feedback_text: wrapWidth = 1
1.6522250000271015	EXP	feedback_text: flipHoriz = false
1.6522250000271015	EXP	feedback_text: flipVert = false
1.6522250000271015	EXP	button_left_2: units = "height"
1.6522250000271015	EXP	button_left_2: ori = 0
1.6522250000271015	EXP	button_left_2: opacity = 1
1.6522250000271015	EXP	button_left_2: pos = [-0.4,-0.3]
1.6522250000271015	EXP	button_left_2: size = [1,1]
1.6522250000271015	EXP	button_left_2: lineWidth = 1
1.6522250000271015	EXP	button_left_2: lineColor = {"_hex":"#000000","_rgb":[0,0,0]}
1.6522250000271015	EXP	button_left_2: fillColor = {"_hex":"#FFFFFF","_rgb":[1,1,1]}
1.6522250000271015	EXP	button_left_2: vertices = [[-0.5,0],[0,0.5],[0.5,0]]
1.6522250000271015	EXP	button_left_2: closeShape = true
1.6522250000271015	EXP	button_left_2: contrast = 1
1.6522250000271015	EXP	button_left_2: depth = -2
1.6522250000271015	EXP	button_left_2: interpolate = true
1.6522250000271015	EXP	button_left_2: width = 0.4
1.6522250000271015	EXP	button_left_2: vertices = [[-0.2,null],[0.2,null],[0.2,null],[-0.2,null]]
1.6522250000271015	EXP	button_left_2: height = 0.2
1.6522250000271015	EXP	button_left_2: vertices = [[-0.2,-0.1],[0.2,-0.1],[0.2,0.1],[-0.2,0.1]]
1.6522250000271015	EXP	button_left_2: vertices = [[-0.2,-0.1],[0.2,-0.1],[0.2,0.1],[-0.2,0.1]]
1.6522250000271015	EXP	button_right_2: units = "height"
1.6522250000271015	EXP	button_right_2: ori = 0
1.6522250000271015	EXP	button_right_2: opacity = 1
1.6522250000271015	EXP	button_right_2: pos = [0.4,-0.3]
1.6522250000271015	EXP	button_right_2: size = [1,1]
1.6522250000271015	EXP	button_right_2: lineWidth = 1
1.6522250000271015	EXP	button_right_2: lineColor = {"_hex":"#000000","_rgb":[0,0,0]}
1.6522250000271015	EXP	button_right_2: fillColor = {"_hex":"#FFFFFF","_rgb":[1,1,1]}
1.6522250000271015	EXP	button_right_2: vertices = [[-0.5,0],[0,0.5],[0.5,0]]
1.6522250000271015	EXP	button_right_2: closeShape = true
1.6522250000271015	EXP	button_right_2: contrast = 1
1.6522250000271015	EXP	button_right_2: depth = -3
1.6522250000271015	EXP	button_right_2: interpolate = true
1.6522250000271015	EXP	button_right_2: width = 0.4
1.6522250000271015	EXP	button_right_2: vertices = [[-0.2,null],[0.2,null],[0.2,null],[-0.2,null]]
1.6522250000271015	EXP	button_right_2: height = 0.2
1.6522250000271015	EXP	button_right_2: vertices = [[-0.2,-0.1],[0.2,-0.1],[0.2,0.1],[-0.2,0.1]]
1.6522250000271015	EXP	button_right_2: vertices = [[-0.2,-0.1],[0.2,-0.1],[0.2,0.1],[-0.2,0.1]]
1.6522250000271015	EXP	trial_label_left_2: units = "height"
1.6522250000271015	EXP	trial_label_left_2: ori = 0
1.6522250000271015	EXP	trial_label_left_2: opacity = 1
1.6522250000271015	EXP	trial_label_left_2: pos = [-0.4,-0.3]
1.6522250000271015	EXP	trial_label_left_2: size = undefined
1.6522250000271015	EXP	trial_label_left_2: text = "a = Nonword"
1.6522250000271015	EXP	trial_label_left_2: font = "Courier New"
1.6522250000271015	EXP	trial_label_left_2: color = {"_hex":"#000000","_rgb":[0,0,0]}
1.6522250000271015	EXP	trial_label_left_2: contrast = 1
1.6522250000271015	EXP	trial_label_left_2: height = 0.05
1.6522250000271015	EXP	trial_label_left_2: bold = false
1.6522250000271015	EXP	trial_label_left_2: italic = false
1.6522250000271015	EXP	trial_label_left_2: alignHoriz = "left"
1.6522250000271015	EXP	trial_label_left_2: alignVert = "center"
1.6522250000271015	EXP	trial_label_left_2: wrapWidth = 1
1.6522250000271015	EXP	trial_label_left_2: flipHoriz = false
1.6522250000271015	EXP	trial_label_left_2: flipVert = false
1.6522250000271015	EXP	trial_label_right_2: units = "height"
1.6522250000271015	EXP	trial_label_right_2: ori = 0
1.6522250000271015	EXP	trial_label_right_2: opacity = 1
1.6522250000271015	EXP	trial_label_right_2: pos = [0.4,-0.3]
1.6522250000271015	EXP	trial_label_right_2: size = undefined
1.6522250000271015	EXP	trial_label_right_2: text = "l = Word"
1.6522250000271015	EXP	trial_label_right_2: font = "Courier New"
1.6522250000271015	EXP	trial_label_right_2: color = {"_hex":"#000000","_rgb":[0,0,0]}
1.6522250000271015	EXP	trial_label_right_2: contrast = 1
1.6522250000271015	EXP	trial_label_right_2: height = 0.05
1.6522250000271015	EXP	trial_label_right_2: bold = false
1.6522250000271015	EXP	trial_label_right_2: italic = false
1.6522250000271015	EXP	trial_label_right_2: alignHoriz = "left"
1.6522250000271015	EXP	trial_label_right_2: alignVert = "center"
1.6522250000271015	EXP	trial_label_right_2: wrapWidth = 1
1.6522250000271015	EXP	trial_label_right_2: flipHoriz = false
1.6522250000271015	EXP	trial_label_right_2: flipVert = false
1.6522250000271015	EXP	instructions: units = "height"
1.6522250000271015	EXP	instructions: ori = 0
1.6522250000271015	EXP	instructions: opacity = 1
1.6522250000271015	EXP	instructions: pos = [0,0]
1.6522250000271015	EXP	instructions: size = undefined
1.6522250000271015	EXP	instructions: text = "default text"
1.6522250000271015	EXP	instructions: font = "Courier New"
1.6522250000271015	EXP	instructions: color = {"_hex":"#000000","_rgb":[0,0,0]}
1.6522250000271015	EXP	instructions: contrast = 1
1.6522250000271015	EXP	instructions: height = 0.035
1.6522250000271015	EXP	instructions: bold = false
1.6522250000271015	EXP	instructions: italic = false
1.6522250000271015	EXP	instructions: alignHoriz = "left"
1.6522250000271015	EXP	instructions: alignVert = "center"
1.6522250000271015	EXP	instructions: wrapWidth = 1
1.6522250000271015	EXP	instructions: flipHoriz = false
1.6522250000271015	EXP	instructions: flipVert = false
1.6522250000271015	EXP	instr_done_button: units = "height"
1.6522250000271015	EXP	instr_done_button: ori = 0
1.6522250000271015	EXP	instr_done_button: opacity = 1
1.6522250000271015	EXP	instr_done_button: pos = [0,-0.4]
1.6522250000271015	EXP	instr_done_button: size = [1,1]
1.6522250000271015	EXP	instr_done_button: lineWidth = 1
1.6522250000271015	EXP	instr_done_button: lineColor = {"_hex":"#000000","_rgb":[0,0,0]}
1.6522250000271015	EXP	instr_done_button: fillColor = {"_hex":"#FFFFFF","_rgb":[1,1,1]}
1.6522250000271015	EXP	instr_done_button: vertices = [[-0.5,0],[0,0.5],[0.5,0]]
1.6522250000271015	EXP	instr_done_button: closeShape = true
1.6522250000271015	EXP	instr_done_button: contrast = 1
1.6522250000271015	EXP	instr_done_button: depth = -2
1.6522250000271015	EXP	instr_done_button: interpolate = true
1.6522250000271015	EXP	instr_done_button: width = 0.4
1.6522250000271015	EXP	instr_done_button: vertices = [[-0.2,null],[0.2,null],[0.2,null],[-0.2,null]]
1.6522250000271015	EXP	instr_done_button: height = 0.1
1.6522250000271015	EXP	instr_done_button: vertices = [[-0.2,-0.05],[0.2,-0.05],[0.2,0.05],[-0.2,0.05]]
1.6522250000271015	EXP	instr_done_button: vertices = [[-0.2,-0.05],[0.2,-0.05],[0.2,0.05],[-0.2,0.05]]
1.6522250000271015	EXP	instr_done_label: units = "height"
1.6522250000271015	EXP	instr_done_label: ori = 0
1.6522250000271015	EXP	instr_done_label: opacity = 1
1.6522250000271015	EXP	instr_done_label: pos = [0,-0.4]
1.6522250000271015	EXP	instr_done_label: size = undefined
1.6522250000271015	EXP	instr_done_label: text = "Continue"
1.6522250000271015	EXP	instr_done_label: font = "Courier New"
1.6522250000271015	EXP	instr_done_label: color = {"_hex":"#000000","_rgb":[0,0,0]}
1.6522250000271015	EXP	instr_done_label: contrast = 1
1.6522250000271015	EXP	instr_done_label: height = 0.05
1.6522250000271015	EXP	instr_done_label: bold = false
1.6522250000271015	EXP	instr_done_label: italic = false
1.6522250000271015	EXP	instr_done_label: alignHoriz = "left"
1.6522250000271015	EXP	instr_done_label: alignVert = "center"
1.6522250000271015	EXP	instr_done_label: wrapWidth = 1
1.6522250000271015	EXP	instr_done_label: flipHoriz = false
1.6522250000271015	EXP	instr_done_label: flipVert = false
1.6522250000271015	EXP	fixation_mask: units = "height"
1.6522250000271015	EXP	fixation_mask: ori = 0
1.6522250000271015	EXP	fixation_mask: opacity = 1
1.6522250000271015	EXP	fixation_mask: pos = [0,0]
1.6522250000271015	EXP	fixation_mask: size = undefined
1.6522250000271015	EXP	fixation_mask: text = "######"
1.6522250000271015	EXP	fixation_mask: font = "Courier New"
1.6522250000271015	EXP	fixation_mask: color = {"_hex":"#000000","_rgb":[0,0,0]}
1.6522250000271015	EXP	fixation_mask: contrast = 1
1.6522250000271015	EXP	fixation_mask: height = 0.1
1.6522250000271015	EXP	fixation_mask: bold = false
1.6522250000271015	EXP	fixation_mask: italic = false
1.6522250000271015	EXP	fixation_mask: alignHoriz = "left"
1.6522250000271015	EXP	fixation_mask: alignVert = "center"
1.6522250000271015	EXP	fixation_mask: wrapWidth = 1
1.6522250000271015	EXP	fixation_mask: flipHoriz = false
1.6522250000271015	EXP	fixation_mask: flipVert = false
1.6522250000271015	EXP	prime_text: units = "height"
1.6522250000271015	EXP	prime_text: ori = 0
1.6522250000271015	EXP	prime_text: opacity = 1
1.6522250000271015	EXP	prime_text: pos = [0,0]
1.6522250000271015	EXP	prime_text: size = undefined
1.6522250000271015	EXP	prime_text: text = "default text"
1.6522250000271015	EXP	prime_text: font = "Courier New"
1.6522250000271015	EXP	prime_text: color = {"_hex":"#000000","_rgb":[0,0,0]}
1.6522250000271015	EXP	prime_text: contrast = 1
1.6522250000271015	EXP	prime_text: height = 0.1
1.6522250000271015	EXP	prime_text: bold = false
1.6522250000271015	EXP	prime_text: italic = false
1.6522250000271015	EXP	prime_text: alignHoriz = "left"
1.6522250000271015	EXP	prime_text: alignVert = "center"
1.6522250000271015	EXP	prime_text: wrapWidth = 1
1.6522250000271015	EXP	prime_text: flipHoriz = false
1.6522250000271015	EXP	prime_text: flipVert = false
1.6522250000271015	EXP	target: units = "height"
1.6522250000271015	EXP	target: ori = 0
1.6522250000271015	EXP	target: opacity = 1
1.6522250000271015	EXP	target: pos = [0,0]
1.6522250000271015	EXP	target: size = undefined
1.6522250000271015	EXP	target: text = "default text"
1.6522250000271015	EXP	target: font = "Arial"
1.6522250000271015	EXP	target: color = {"_hex":"#000000","_rgb":[0,0,0]}
1.6522250000271015	EXP	target: contrast = 1
1.6522250000271015	EXP	target: height = 0.1
1.6522250000271015	EXP	target: bold = false
1.6522250000271015	EXP	target: italic = false
1.6522250000271015	EXP	target: alignHoriz = "left"
1.6522250000271015	EXP	target: alignVert = "center"
1.6522250000271015	EXP	target: wrapWidth = 1
1.6522250000271015	EXP	target: flipHoriz = false
1.6522250000271015	EXP	target: flipVert = false
1.6522250000271015	EXP	button_left: units = "height"
1.6522250000271015	EXP	button_left: ori = 0
1.6522250000271015	EXP	button_left: opacity = 1
1.6522250000271015	EXP	button_left: pos = [-0.4,-0.3]
1.6522250000271015	EXP	button_left: size = [1,1]
1.6522250000271015	EXP	button_left: lineWidth = 1
1.6522250000271015	EXP	button_left: lineColor = {"_hex":"#000000","_rgb":[0,0,0]}
1.6522250000271015	EXP	button_left: fillColor = {"_hex":"#FFFFFF","_rgb":[1,1,1]}
1.6522250000271015	EXP	button_left: vertices = [[-0.5,0],[0,0.5],[0.5,0]]
1.6522250000271015	EXP	button_left: closeShape = true
1.6522250000271015	EXP	button_left: contrast = 1
1.6522250000271015	EXP	button_left: depth = -5
1.6522250000271015	EXP	button_left: interpolate = true
1.6522250000271015	EXP	button_left: width = 0.4
1.6522250000271015	EXP	button_left: vertices = [[-0.2,null],[0.2,null],[0.2,null],[-0.2,null]]
1.6522250000271015	EXP	button_left: height = 0.2
1.6522250000271015	EXP	button_left: vertices = [[-0.2,-0.1],[0.2,-0.1],[0.2,0.1],[-0.2,0.1]]
1.6522250000271015	EXP	button_left: vertices = [[-0.2,-0.1],[0.2,-0.1],[0.2,0.1],[-0.2,0.1]]
1.6522250000271015	EXP	button_right: units = "height"
1.6522250000271015	EXP	button_right: ori = 0
1.6522250000271015	EXP	button_right: opacity = 1
1.6522250000271015	EXP	button_right: pos = [0.4,-0.3]
1.6522250000271015	EXP	button_right: size = [1,1]
1.6522250000271015	EXP	button_right: lineWidth = 1
1.6522250000271015	EXP	button_right: lineColor = {"_hex":"#000000","_rgb":[0,0,0]}
1.6522250000271015	EXP	button_right: fillColor = {"_hex":"#FFFFFF","_rgb":[1,1,1]}
1.6522250000271015	EXP	button_right: vertices = [[-0.5,0],[0,0.5],[0.5,0]]
1.6522250000271015	EXP	button_right: closeShape = true
1.6522250000271015	EXP	button_right: contrast = 1
1.6522250000271015	EXP	button_right: depth = -6
1.6522250000271015	EXP	button_right: interpolate = true
1.6522250000271015	EXP	button_right: width = 0.4
1.6522250000271015	EXP	button_right: vertices = [[-0.2,null],[0.2,null],[0.2,null],[-0.2,null]]
1.6522250000271015	EXP	button_right: height = 0.2
1.6522250000271015	EXP	button_right: vertices = [[-0.2,-0.1],[0.2,-0.1],[0.2,0.1],[-0.2,0.1]]
1.6522250000271015	EXP	button_right: vertices = [[-0.2,-0.1],[0.2,-0.1],[0.2,0.1],[-0.2,0.1]]
1.6522250000271015	EXP	trial_label_right: units = "height"
1.6522250000271015	EXP	trial_label_right: ori = 0
1.6522250000271015	EXP	trial_label_right: opacity = 1
1.6522250000271015	EXP	trial_label_right: pos = [0.4,-0.3]
1.6522250000271015	EXP	trial_label_right: size = undefined
1.6522250000271015	EXP	trial_label_right: text = "l = Word"
1.6522250000271015	EXP	trial_label_right: font = "Courier New"
1.6522250000271015	EXP	trial_label_right: color = {"_hex":"#000000","_rgb":[0,0,0]}
1.6522250000271015	EXP	trial_label_right: contrast = 1
1.6522250000271015	EXP	trial_label_right: height = 0.05
1.6522250000271015	EXP	trial_label_right: bold = false
1.6522250000271015	EXP	trial_label_right: italic = false
1.6522250000271015	EXP	trial_label_right: alignHoriz = "left"
1.6522250000271015	EXP	trial_label_right: alignVert = "center"
1.6522250000271015	EXP	trial_label_right: wrapWidth = 1
1.6522250000271015	EXP	trial_label_right: flipHoriz = false
1.6522250000271015	EXP	trial_label_right: flipVert = false
1.6522250000271015	EXP	trial_label_left_new: units = "height"
1.6522250000271015	EXP	trial_label_left_new: ori = 0
1.6522250000271015	EXP	trial_label_left_new: opacity = 1
1.6522250000271015	EXP	trial_label_left_new: pos = [-0.4,-0.3]
1.6522250000271015	EXP	trial_label_left_new: size = undefined
1.6522250000271015	EXP	trial_label_left_new: text = "a = Nonword"
1.6522250000271015	EXP	trial_label_left_new: font = "Courier New"
1.6522250000271015	EXP	trial_label_left_new: color = {"_hex":"#000000","_rgb":[0,0,0]}
1.6522250000271015	EXP	trial_label_left_new: contrast = 1
1.6522250000271015	EXP	trial_label_left_new: height = 0.05
1.6522250000271015	EXP	trial_label_left_new: bold = false
1.6522250000271015	EXP	trial_label_left_new: italic = false
1.6522250000271015	EXP	trial_label_left_new: alignHoriz = "left"
1.6522250000271015	EXP	trial_label_left_new: alignVert = "center"
1.6522250000271015	EXP	trial_label_left_new: wrapWidth = 1
1.6522250000271015	EXP	trial_label_left_new: flipHoriz = false
1.6522250000271015	EXP	trial_label_left_new: flipVert = false
1.6522250000271015	EXP	feedback_text: units = "height"
1.6522250000271015	EXP	feedback_text: ori = 0
1.6522250000271015	EXP	feedback_text: opacity = 1
1.6522250000271015	EXP	feedback_text: pos = [0,0]
1.6522250000271015	EXP	feedback_text: size = undefined
1.6522250000271015	EXP	feedback_text: text = "default text"
1.6522250000271015	EXP	feedback_text: font = "Courier New"
1.6522250000271015	EXP	feedback_text: color = {"_hex":"#FFFFFF","_rgb":[1,1,1]}
1.6522250000271015	EXP	feedback_text: contrast = 1
1.6522250000271015	EXP	feedback_text: height = 0.05
1.6522250000271015	EXP	feedback_text: bold = false
1.6522250000271015	EXP	feedback_text: italic = false
1.6522250000271015	EXP	feedback_text: alignHoriz = "left"
1.6522250000271015	EXP	feedback_text: alignVert = "center"
1.6522250000271015	EXP	feedback_text: wrapWidth = 1
1.6522250000271015	EXP	feedback_text: flipHoriz = false
1.6522250000271015	EXP	feedback_text: flipVert = false
1.6522250000271015	EXP	button_left_2: units = "height"
1.6522250000271015	EXP	button_left_2: ori = 0
1.6522250000271015	EXP	button_left_2: opacity = 1
1.6522250000271015	EXP	button_left_2: pos = [-0.4,-0.3]
1.6522250000271015	EXP	button_left_2: size = [1,1]
1.6522250000271015	EXP	button_left_2: lineWidth = 1
1.6522250000271015	EXP	button_left_2: lineColor = {"_hex":"#000000","_rgb":[0,0,0]}
1.6522250000271015	EXP	button_left_2: fillColor = {"_hex":"#FFFFFF","_rgb":[1,1,1]}
1.6522250000271015	EXP	button_left_2: vertices = [[-0.5,0],[0,0.5],[0.5,0]]
1.6522250000271015	EXP	button_left_2: closeShape = true
1.6522250000271015	EXP	button_left_2: contrast = 1
1.6522250000271015	EXP	button_left_2: depth = -2
1.6522250000271015	EXP	button_left_2: interpolate = true
1.6522250000271015	EXP	button_left_2: width = 0.4
1.6522250000271015	EXP	button_left_2: vertices = [[-0.2,null],[0.2,null],[0.2,null],[-0.2,null]]
1.6522250000271015	EXP	button_left_2: height = 0.2
1.6522250000271015	EXP	button_left_2: vertices = [[-0.2,-0.1],[0.2,-0.1],[0.2,0.1],[-0.2,0.1]]
1.6522250000271015	EXP	button_left_2: vertices = [[-0.2,-0.1],[0.2,-0.1],[0.2,0.1],[-0.2,0.1]]
1.6522250000271015	EXP	button_right_2: units = "height"
1.6522250000271015	EXP	button_right_2: ori = 0
1.6522250000271015	EXP	button_right_2: opacity = 1
1.6522250000271015	EXP	button_right_2: pos = [0.4,-0.3]
1.6522250000271015	EXP	button_right_2: size = [1,1]
1.6522250000271015	EXP	button_right_2: lineWidth = 1
1.6522250000271015	EXP	button_right_2: lineColor = {"_hex":"#000000","_rgb":[0,0,0]}
1.6522250000271015	EXP	button_right_2: fillColor = {"_hex":"#FFFFFF","_rgb":[1,1,1]}
1.6522250000271015	EXP	button_right_2: vertices = [[-0.5,0],[0,0.5],[0.5,0]]
1.6522250000271015	EXP	button_right_2: closeShape = true
1.6522250000271015	EXP	button_right_2: contrast = 1
1.6522250000271015	EXP	button_right_2: depth = -3
1.6522250000271015	EXP	button_right_2: interpolate = true
1.6522250000271015	EXP	button_right_2: width = 0.4
1.6522250000271015	EXP	button_right_2: vertices = [[-0.2,null],[0.2,null],[0.2,null],[-0.2,null]]
1.6522250000271015	EXP	button_right_2: height = 0.2
1.6522250000271015	EXP	button_right_2: vertices = [[-0.2,-0.1],[0.2,-0.1],[0.2,0.1],[-0.2,0.1]]
1.6522250000271015	EXP	button_right_2: vertices = [[-0.2,-0.1],[0.2,-0.1],[0.2,0.1],[-0.2,0.1]]
1.6522250000271015	EXP	trial_label_left_2: units = "height"
1.6522250000271015	EXP	trial_label_left_2: ori = 0
1.6522250000271015	EXP	trial_label_left_2: opacity = 1
1.6522250000271015	EXP	trial_label_left_2: pos = [-0.4,-0.3]
1.6522250000271015	EXP	trial_label_left_2: size = undefined
1.6522250000271015	EXP	trial_label_left_2: text = "a = Nonword"
1.6522250000271015	EXP	trial_label_left_2: font = "Courier New"
1.6522250000271015	EXP	trial_label_left_2: color = {"_hex":"#000000","_rgb":[0,0,0]}
1.6522250000271015	EXP	trial_label_left_2: contrast = 1
1.6522250000271015	EXP	trial_label_left_2: height = 0.05
1.6522250000271015	EXP	trial_label_left_2: bold = false
1.6522250000271015	EXP	trial_label_left_2: italic = false
1.6522250000271015	EXP	trial_label_left_2: alignHoriz = "left"
1.6522250000271015	EXP	trial_label_left_2: alignVert = "center"
1.6522250000271015	EXP	trial_label_left_2: wrapWidth = 1
1.6522250000271015	EXP	trial_label_left_2: flipHoriz = false
1.6522250000271015	EXP	trial_label_left_2: flipVert = false
1.6522250000271015	EXP	trial_label_right_2: units = "height"
1.6522250000271015	EXP	trial_label_right_2: ori = 0
1.6522250000271015	EXP	trial_label_right_2: opacity = 1
1.6522250000271015	EXP	trial_label_right_2: pos = [0.4,-0.3]
1.6522250000271015	EXP	trial_label_right_2: size = undefined
1.6522250000271015	EXP	trial_label_right_2: text = "l = Word"
1.6522250000271015	EXP	trial_label_right_2: font = "Courier New"
1.6522250000271015	EXP	trial_label_right_2: color = {"_hex":"#000000","_rgb":[0,0,0]}
1.6522250000271015	EXP	trial_label_right_2: contrast = 1
1.6522250000271015	EXP	trial_label_right_2: height = 0.05
1.6522250000271015	EXP	trial_label_right_2: bold = false
1.6522250000271015	EXP	trial_label_right_2: italic = false
1.6522250000271015	EXP	trial_label_right_2: alignHoriz = "left"
1.6522250000271015	EXP	trial_label_right_2: alignVert = "center"
1.6522250000271015	EXP	trial_label_right_2: wrapWidth = 1
1.6522250000271015	EXP	trial_label_right_2: flipHoriz = false
1.6522250000271015	EXP	trial_label_right_2: flipVert = false
1.6522250000271015	EXP	break_text: units = "height"
1.6522250000271015	EXP	break_text: ori = 0
1.6522250000271015	EXP	break_text: opacity = 1
1.6522250000271015	EXP	break_text: pos = [0,0]
1.6522250000271015	EXP	break_text: size = undefined
1.6522250000271015	EXP	break_text: text = "default text"
1.6522250000271015	EXP	break_text: font = "Courier New"
1.6522250000271015	EXP	break_text: color = {"_hex":"#000000","_rgb":[0,0,0]}
1.6522250000271015	EXP	break_text: contrast = 1
1.6522250000271015	EXP	break_text: height = 0.05
1.6522250000271015	EXP	break_text: bold = false
1.6522250000271015	EXP	break_text: italic = false
1.6522250000271015	EXP	break_text: alignHoriz = "left"
1.6522250000271015	EXP	break_text: alignVert = "center"
1.6522250000271015	EXP	break_text: wrapWidth = 1
1.6522250000271015	EXP	break_text: flipHoriz = false
1.6522250000271015	EXP	break_text: flipVert = false
1.6522250000271015	EXP	break_done_button: units = "height"
1.6522250000271015	EXP	break_done_button: ori = 0
1.6522250000271015	EXP	break_done_button: opacity = 1
1.6522250000271015	EXP	break_done_button: pos = [0,-0.4]
1.6522250000271015	EXP	break_done_button: size = [1,1]
1.6522250000271015	EXP	break_done_button: lineWidth = 1
1.6522250000271015	EXP	break_done_button: lineColor = {"_hex":"#000000","_rgb":[0,0,0]}
1.6522250000271015	EXP	break_done_button: fillColor = {"_hex":"#FFFFFF","_rgb":[1,1,1]}
1.6522250000271015	EXP	break_done_button: vertices = [[-0.5,0],[0,0.5],[0.5,0]]
1.6522250000271015	EXP	break_done_button: closeShape = true
1.6522250000271015	EXP	break_done_button: contrast = 1
1.6522250000271015	EXP	break_done_button: depth = -4
1.6522250000271015	EXP	break_done_button: interpolate = true
1.6522250000271015	EXP	break_done_button: width = 0.4
1.6522250000271015	EXP	break_done_button: vertices = [[-0.2,null],[0.2,null],[0.2,null],[-0.2,null]]
1.6522250000271015	EXP	break_done_button: height = 0.1
1.6522250000271015	EXP	break_done_button: vertices = [[-0.2,-0.05],[0.2,-0.05],[0.2,0.05],[-0.2,0.05]]
1.6522250000271015	EXP	break_done_button: vertices = [[-0.2,-0.05],[0.2,-0.05],[0.2,0.05],[-0.2,0.05]]
1.6522250000271015	EXP	break_done_button_label: units = "height"
1.6522250000271015	EXP	break_done_button_label: ori = 0
1.6522250000271015	EXP	break_done_button_label: opacity = 1
1.6522250000271015	EXP	break_done_button_label: pos = [0,-0.4]
1.6522250000271015	EXP	break_done_button_label: size = undefined
1.6522250000271015	EXP	break_done_button_label: text = "Continue"
1.6522250000271015	EXP	break_done_button_label: font = "Courier New"
1.6522250000271015	EXP	break_done_button_label: color = {"_hex":"#000000","_rgb":[0,0,0]}
1.6522250000271015	EXP	break_done_button_label: contrast = 1
1.6522250000271015	EXP	break_done_button_label: height = 0.05
1.6522250000271015	EXP	break_done_button_label: bold = false
1.6522250000271015	EXP	break_done_button_label: italic = false
1.6522250000271015	EXP	break_done_button_label: alignHoriz = "left"
1.6522250000271015	EXP	break_done_button_label: alignVert = "center"
1.6522250000271015	EXP	break_done_button_label: wrapWidth = 1
1.6522250000271015	EXP	break_done_button_label: flipHoriz = false
1.6522250000271015	EXP	break_done_button_label: flipVert = false
1.6522250000271015	EXP	thank_you: units = "height"
1.6522250000271015	EXP	thank_you: ori = 0
1.6522250000271015	EXP	thank_you: opacity = 1
1.6522250000271015	EXP	thank_you: pos = [0,0]
1.6522250000271015	EXP	thank_you: size = undefined
1.6522250000271015	EXP	thank_you: text = "This is the end of the experiment.\n\nPlease do not close this window until you have been redirected to the debriefing page. \n\nYou must go to the debriefing page in order to receive your participation credit."
1.6522250000271015	EXP	thank_you: font = "Courier New"
1.6522250000271015	EXP	thank_you: color = {"_hex":"#000000","_rgb":[0,0,0]}
1.6522250000271015	EXP	thank_you: contrast = 1
1.6522250000271015	EXP	thank_you: height = 1
1.6522250000271015	EXP	thank_you: bold = false
1.6522250000271015	EXP	thank_you: italic = false
1.6522250000271015	EXP	thank_you: alignHoriz = "left"
1.6522250000271015	EXP	thank_you: alignVert = "center"
1.6522250000271015	EXP	thank_you: wrapWidth = 1
1.6522250000271015	EXP	thank_you: flipHoriz = false
1.6522250000271015	EXP	thank_you: flipVert = false
1.6522250000271015	EXP	instructions: text = "INSTRUCTIONS\r\nAt the start of each trial, look at the hash marks (######) in the center of the screen. After a moment, a string of letters will appear. Your task is to indicate if the letter string forms a word or not (i.e., if it is a nonword). For example, AUTHOR is a word while AUTHON is a nonword.\r\n\r\nPress the space bar or click the button below to continue."
1.6522250000271015	EXP	instructions: autoDraw = true
1.6522250000271015	EXP	instr_done_button: autoDraw = true
1.6522250000271015	EXP	instr_done_label: autoDraw = true
2.9342100000358187	DATA	Mouse: 0 button down, pos=(961,1004)
2.947870000032708	EXP	instructions: autoDraw = false
2.947870000032708	EXP	instr_done_button: autoDraw = false
2.947870000032708	EXP	instr_done_label: autoDraw = false
2.947870000032708	EXP	instructions: text = "If your device has a keyboard, press the 'a' key for nonwords and the 'l' key for words. If your device does not have a keyboard, touch the left button on the screen for nonwords and the right button for words. Do not use the mouse as this will slow down your response. \r\n\r\nPress the space bar or click the button below to continue."
2.947870000032708	EXP	instructions: autoDraw = true
2.947870000032708	EXP	instr_done_button: autoDraw = true
2.947870000032708	EXP	instr_done_label: autoDraw = true
3.020180000050459	DATA	Mouse: 0 button down, pos=(959,1003)
4.350510000018403	DATA	Mouse: 0 button down, pos=(940,975)
4.365175000042655	EXP	instructions: autoDraw = false
4.365175000042655	EXP	instr_done_button: autoDraw = false
4.365175000042655	EXP	instr_done_label: autoDraw = false
4.365175000042655	EXP	instructions: text = "It is very important that you respond as quickly and accurately as possible, as each letter string will only be on the screen for two seconds. If you do not respond within this time, the message 'Too slow!' will be displayed and the experiment will progress to the next letter string. The first 20 trials will be practice trials and you will receive feedback on your answers. \r\n\r\nPress the space bar or touch the button below to start the practice trials."
4.365175000042655	EXP	instructions: autoDraw = true
4.365175000042655	EXP	instr_done_button: autoDraw = true
4.365175000042655	EXP	instr_done_label: autoDraw = true
4.448275000031572	DATA	Mouse: 0 button down, pos=(940,975)
5.250895000004675	DATA	Mouse: 0 button down, pos=(936,973)
5.353750000009313	EXP	instructions: autoDraw = false
5.353750000009313	EXP	instr_done_button: autoDraw = false
5.353750000009313	EXP	instr_done_label: autoDraw = false
5.353750000009313	EXP	prime_text: text = "inlade"
5.353750000009313	EXP	target: text = "INLADE"
5.353750000009313	EXP	target: font = "Courier New"
5.353750000009313	EXP	fixation_mask: autoDraw = true
5.353750000009313	EXP	button_left: autoDraw = true
5.353750000009313	EXP	button_right: autoDraw = true
5.353750000009313	EXP	trial_label_right: autoDraw = true
5.353750000009313	EXP	trial_label_left_new: autoDraw = true
5.404240000003483	DATA	Mouse: 0 button down, pos=(936,973)
5.846625000005588	EXP	fixation_mask: autoDraw = false
5.846625000005588	EXP	prime_text: autoDraw = true
5.8946600000490434	EXP	prime_text: autoDraw = false
5.8946600000490434	EXP	target: autoDraw = true
6.466130000015255	DATA	Mouse: 0 button down, pos=(1284,881)
6.481255000049714	EXP	fixation_mask: autoDraw = false
6.481255000049714	EXP	prime_text: autoDraw = false
6.481255000049714	EXP	target: autoDraw = false
6.481255000049714	EXP	button_left: autoDraw = false
6.481255000049714	EXP	button_right: autoDraw = false
6.481255000049714	EXP	trial_label_right: autoDraw = false
6.481255000049714	EXP	trial_label_left_new: autoDraw = false
6.481255000049714	EXP	feedback_text: color = {"_hex":"#FF0000","_rgb":[1,0,0]}
6.481255000049714	EXP	feedback_text: text = "Incorrect"
6.481255000049714	EXP	feedback_text: autoDraw = true
6.481255000049714	EXP	button_left_2: autoDraw = true
6.481255000049714	EXP	button_right_2: autoDraw = true
6.481255000049714	EXP	trial_label_left_2: autoDraw = true
6.481255000049714	EXP	trial_label_right_2: autoDraw = true
6.51806500001112	DATA	Mouse: 0 button down, pos=(1284,882)
6.977090000000317	EXP	feedback_text: autoDraw = false
6.977090000000317	EXP	button_left_2: autoDraw = false
6.977090000000317	EXP	button_right_2: autoDraw = false
6.977090000000317	EXP	trial_label_left_2: autoDraw = false
6.977090000000317	EXP	trial_label_right_2: autoDraw = false
6.977090000000317	EXP	feedback_text: autoDraw = false
6.977090000000317	EXP	button_left_2: autoDraw = false
6.977090000000317	EXP	button_right_2: autoDraw = false
6.977090000000317	EXP	trial_label_left_2: autoDraw = false
6.977090000000317	EXP	trial_label_right_2: autoDraw = false
6.977090000000317	EXP	prime_text: text = "utopia"
6.977090000000317	EXP	target: text = "UTOPIA"
6.977090000000317	EXP	target: font = "Courier New"
6.977090000000317	EXP	fixation_mask: autoDraw = true
6.977090000000317	EXP	button_left: autoDraw = true
6.977090000000317	EXP	button_right: autoDraw = true
6.977090000000317	EXP	trial_label_right: autoDraw = true
6.977090000000317	EXP	trial_label_left_new: autoDraw = true
7.47741000005044	EXP	fixation_mask: autoDraw = false
7.496215000050142	EXP	prime_text: autoDraw = true
7.510334999999031	EXP	prime_text: autoDraw = false
7.529950000054669	EXP	target: autoDraw = true
7.701580000051763	DATA	Keydown: Escape
8.07822500000475	DATA	Keydown: Escape
