0.12989999999990687	EXP	Created Window = Window( name=Window, fullscr=true, color=#ffffff, units=height, waitBlanking=true, autoLog=true, size=[1268,598] )
3.273585000017192	EXP	Created instructions = TextStim( name=instructions, win=Window( name=Window, fullscr=true, color=#ffffff, ~), autoDraw=null, autoLog=true, units=height, ori=null, opacity=1, pos=[0,0], size=undefined, text=default text, font=Courier New, color=#000000, contrast=1, height=0.035, bold=null, italic=null, alignHoriz=left, alignVert=center, wrapWidth=1, flipHoriz=null, flipVert=null )
3.282520000007935	EXP	Created instr_done_button = Rect( name=instr_done_button, win=Window( name=Window, fullscr=true, color=#ffffff, ~), autoDraw=null, autoLog=true, units=height, ori=null, opacity=1, pos=[0,-0.4], size=[1,1], lineWidth=1, lineColor=#000000, fillColor=#FFFFFF, vertices=[[-0.2,-0.05],[0.2,-0.05],[0.2,0.05],[-0.2,0.05]], closeShape=true, contrast=1, depth=-2, interpolate=true, width=0.4, height=0.1 )
3.2838099999935366	EXP	Created instr_done_label = TextStim( name=instr_done_label, win=Window( name=Window, fullscr=true, color=#ffffff, ~), autoDraw=null, autoLog=true, units=height, ori=null, opacity=1, pos=[0,-0.4], size=undefined, text=Continue, font=Courier New, color=#000000, contrast=1, height=0.05, bold=null, italic=null, alignHoriz=left, alignVert=center, wrapWidth=1, flipHoriz=null, flipVert=null )
3.285165000008419	EXP	Created fixation_mask = TextStim( name=fixation_mask, win=Window( name=Window, fullscr=true, color=#ffffff, ~), autoDraw=null, autoLog=true, units=height, ori=null, opacity=1, pos=[0,0], size=undefined, text=######, font=Courier New, color=#000000, contrast=1, height=0.1, bold=null, italic=null, alignHoriz=left, alignVert=center, wrapWidth=1, flipHoriz=null, flipVert=null )
3.2867500000284053	EXP	Created prime_text = TextStim( name=prime_text, win=Window( name=Window, fullscr=true, color=#ffffff, ~), autoDraw=null, autoLog=true, units=height, ori=null, opacity=1, pos=[0,0], size=undefined, text=default text, font=Courier New, color=#000000, contrast=1, height=0.1, bold=null, italic=null, alignHoriz=left, alignVert=center, wrapWidth=1, flipHoriz=null, flipVert=null )
3.2881150000030175	EXP	Created target = TextStim( name=target, win=Window( name=Window, fullscr=true, color=#ffffff, ~), autoDraw=null, autoLog=true, units=height, ori=null, opacity=1, pos=[0,0], size=undefined, text=default text, font=Arial, color=#000000, contrast=1, height=0.1, bold=null, italic=null, alignHoriz=left, alignVert=center, wrapWidth=1, flipHoriz=null, flipVert=null )
3.2904550000093877	EXP	Created button_left = Rect( name=button_left, win=Window( name=Window, fullscr=true, color=#ffffff, ~), autoDraw=null, autoLog=true, units=height, ori=null, opacity=1, pos=[-0.4,-0.3], size=[1,1], lineWidth=1, lineColor=#000000, fillColor=#FFFFFF, vertices=[[-0.2,-0.1],[0.2,-0.1],[0.2,0.1],[-0.2,0.1]], closeShape=true, contrast=1, depth=-5, interpolate=true, width=0.4, height=0.2 )
3.2955199999851175	EXP	Created button_right = Rect( name=button_right, win=Window( name=Window, fullscr=true, color=#ffffff, ~), autoDraw=null, autoLog=true, units=height, ori=null, opacity=1, pos=[0.4,-0.3], size=[1,1], lineWidth=1, lineColor=#000000, fillColor=#FFFFFF, vertices=[[-0.2,-0.1],[0.2,-0.1],[0.2,0.1],[-0.2,0.1]], closeShape=true, contrast=1, depth=-6, interpolate=true, width=0.4, height=0.2 )
3.29660000000149	EXP	Created trial_label_right = TextStim( name=trial_label_right, win=Window( name=Window, fullscr=true, color=#ffffff, ~), autoDraw=null, autoLog=true, units=height, ori=null, opacity=1, pos=[0.4,-0.3], size=undefined, text=l = Word, font=Courier New, color=#000000, contrast=1, height=0.05, bold=null, italic=null, alignHoriz=left, alignVert=center, wrapWidth=1, flipHoriz=null, flipVert=null )
3.3008450000197627	EXP	Created trial_label_left_new = TextStim( name=trial_label_left_new, win=Window( name=Window, fullscr=true, color=#ffffff, ~), autoDraw=null, autoLog=true, units=height, ori=null, opacity=1, pos=[-0.4,-0.3], size=undefined, text=a = Nonword, font=Courier New, color=#000000, contrast=1, height=0.05, bold=null, italic=null, alignHoriz=left, alignVert=center, wrapWidth=1, flipHoriz=null, flipVert=null )
3.302659999986645	EXP	Created feedback_text = TextStim( name=feedback_text, win=Window( name=Window, fullscr=true, color=#ffffff, ~), autoDraw=null, autoLog=true, units=height, ori=null, opacity=1, pos=[0,0], size=undefined, text=default text, font=Courier New, color=#FFFFFF, contrast=1, height=0.05, bold=null, italic=null, alignHoriz=left, alignVert=center, wrapWidth=1, flipHoriz=null, flipVert=null )
3.3140049999929033	EXP	Created button_left_2 = Rect( name=button_left_2, win=Window( name=Window, fullscr=true, color=#ffffff, ~), autoDraw=null, autoLog=true, units=height, ori=null, opacity=1, pos=[-0.4,-0.3], size=[1,1], lineWidth=1, lineColor=#000000, fillColor=#FFFFFF, vertices=[[-0.2,-0.1],[0.2,-0.1],[0.2,0.1],[-0.2,0.1]], closeShape=true, contrast=1, depth=-2, interpolate=true, width=0.4, height=0.2 )
3.325185000023339	EXP	Created button_right_2 = Rect( name=button_right_2, win=Window( name=Window, fullscr=true, color=#ffffff, ~), autoDraw=null, autoLog=true, units=height, ori=null, opacity=1, pos=[0.4,-0.3], size=[1,1], lineWidth=1, lineColor=#000000, fillColor=#FFFFFF, vertices=[[-0.2,-0.1],[0.2,-0.1],[0.2,0.1],[-0.2,0.1]], closeShape=true, contrast=1, depth=-3, interpolate=true, width=0.4, height=0.2 )
3.3262400000239722	EXP	Created trial_label_left_2 = TextStim( name=trial_label_left_2, win=Window( name=Window, fullscr=true, color=#ffffff, ~), autoDraw=null, autoLog=true, units=height, ori=null, opacity=1, pos=[-0.4,-0.3], size=undefined, text=a = Nonword, font=Courier New, color=#000000, contrast=1, height=0.05, bold=null, italic=null, alignHoriz=left, alignVert=center, wrapWidth=1, flipHoriz=null, flipVert=null )
3.327144999988377	EXP	Created trial_label_right_2 = TextStim( name=trial_label_right_2, win=Window( name=Window, fullscr=true, color=#ffffff, ~), autoDraw=null, autoLog=true, units=height, ori=null, opacity=1, pos=[0.4,-0.3], size=undefined, text=l = Word, font=Courier New, color=#000000, contrast=1, height=0.05, bold=null, italic=null, alignHoriz=left, alignVert=center, wrapWidth=1, flipHoriz=null, flipVert=null )
3.3278949999948964	EXP	Created instructions = TextStim( name=instructions, win=Window( name=Window, fullscr=true, color=#ffffff, ~), autoDraw=null, autoLog=true, units=height, ori=null, opacity=1, pos=[0,0], size=undefined, text=default text, font=Courier New, color=#000000, contrast=1, height=0.035, bold=null, italic=null, alignHoriz=left, alignVert=center, wrapWidth=1, flipHoriz=null, flipVert=null )
3.3320650000241585	EXP	Created instr_done_button = Rect( name=instr_done_button, win=Window( name=Window, fullscr=true, color=#ffffff, ~), autoDraw=null, autoLog=true, units=height, ori=null, opacity=1, pos=[0,-0.4], size=[1,1], lineWidth=1, lineColor=#000000, fillColor=#FFFFFF, vertices=[[-0.2,-0.05],[0.2,-0.05],[0.2,0.05],[-0.2,0.05]], closeShape=true, contrast=1, depth=-2, interpolate=true, width=0.4, height=0.1 )
3.3331900000339374	EXP	Created instr_done_label = TextStim( name=instr_done_label, win=Window( name=Window, fullscr=true, color=#ffffff, ~), autoDraw=null, autoLog=true, units=height, ori=null, opacity=1, pos=[0,-0.4], size=undefined, text=Continue, font=Courier New, color=#000000, contrast=1, height=0.05, bold=null, italic=null, alignHoriz=left, alignVert=center, wrapWidth=1, flipHoriz=null, flipVert=null )
3.3342800000100397	EXP	Created fixation_mask = TextStim( name=fixation_mask, win=Window( name=Window, fullscr=true, color=#ffffff, ~), autoDraw=null, autoLog=true, units=height, ori=null, opacity=1, pos=[0,0], size=undefined, text=######, font=Courier New, color=#000000, contrast=1, height=0.1, bold=null, italic=null, alignHoriz=left, alignVert=center, wrapWidth=1, flipHoriz=null, flipVert=null )
3.334964999987278	EXP	Created prime_text = TextStim( name=prime_text, win=Window( name=Window, fullscr=true, color=#ffffff, ~), autoDraw=null, autoLog=true, units=height, ori=null, opacity=1, pos=[0,0], size=undefined, text=default text, font=Courier New, color=#000000, contrast=1, height=0.1, bold=null, italic=null, alignHoriz=left, alignVert=center, wrapWidth=1, flipHoriz=null, flipVert=null )
3.3355950000113808	EXP	Created target = TextStim( name=target, win=Window( name=Window, fullscr=true, color=#ffffff, ~), autoDraw=null, autoLog=true, units=height, ori=null, opacity=1, pos=[0,0], size=undefined, text=default text, font=Arial, color=#000000, contrast=1, height=0.1, bold=null, italic=null, alignHoriz=left, alignVert=center, wrapWidth=1, flipHoriz=null, flipVert=null )
3.3378350000130013	EXP	Created button_left = Rect( name=button_left, win=Window( name=Window, fullscr=true, color=#ffffff, ~), autoDraw=null, autoLog=true, units=height, ori=null, opacity=1, pos=[-0.4,-0.3], size=[1,1], lineWidth=1, lineColor=#000000, fillColor=#FFFFFF, vertices=[[-0.2,-0.1],[0.2,-0.1],[0.2,0.1],[-0.2,0.1]], closeShape=true, contrast=1, depth=-5, interpolate=true, width=0.4, height=0.2 )
3.339849999989383	EXP	Created button_right = Rect( name=button_right, win=Window( name=Window, fullscr=true, color=#ffffff, ~), autoDraw=null, autoLog=true, units=height, ori=null, opacity=1, pos=[0.4,-0.3], size=[1,1], lineWidth=1, lineColor=#000000, fillColor=#FFFFFF, vertices=[[-0.2,-0.1],[0.2,-0.1],[0.2,0.1],[-0.2,0.1]], closeShape=true, contrast=1, depth=-6, interpolate=true, width=0.4, height=0.2 )
3.3404800000134856	EXP	Created trial_label_right = TextStim( name=trial_label_right, win=Window( name=Window, fullscr=true, color=#ffffff, ~), autoDraw=null, autoLog=true, units=height, ori=null, opacity=1, pos=[0.4,-0.3], size=undefined, text=l = Word, font=Courier New, color=#000000, contrast=1, height=0.05, bold=null, italic=null, alignHoriz=left, alignVert=center, wrapWidth=1, flipHoriz=null, flipVert=null )
3.343120000034105	EXP	Created trial_label_left_new = TextStim( name=trial_label_left_new, win=Window( name=Window, fullscr=true, color=#ffffff, ~), autoDraw=null, autoLog=true, units=height, ori=null, opacity=1, pos=[-0.4,-0.3], size=undefined, text=a = Nonword, font=Courier New, color=#000000, contrast=1, height=0.05, bold=null, italic=null, alignHoriz=left, alignVert=center, wrapWidth=1, flipHoriz=null, flipVert=null )
3.3452500000130385	EXP	Created feedback_text = TextStim( name=feedback_text, win=Window( name=Window, fullscr=true, color=#ffffff, ~), autoDraw=null, autoLog=true, units=height, ori=null, opacity=1, pos=[0,0], size=undefined, text=default text, font=Courier New, color=#FFFFFF, contrast=1, height=0.05, bold=null, italic=null, alignHoriz=left, alignVert=center, wrapWidth=1, flipHoriz=null, flipVert=null )
3.3487000000313856	EXP	Created button_left_2 = Rect( name=button_left_2, win=Window( name=Window, fullscr=true, color=#ffffff, ~), autoDraw=null, autoLog=true, units=height, ori=null, opacity=1, pos=[-0.4,-0.3], size=[1,1], lineWidth=1, lineColor=#000000, fillColor=#FFFFFF, vertices=[[-0.2,-0.1],[0.2,-0.1],[0.2,0.1],[-0.2,0.1]], closeShape=true, contrast=1, depth=-2, interpolate=true, width=0.4, height=0.2 )
3.3508850000216626	EXP	Created button_right_2 = Rect( name=button_right_2, win=Window( name=Window, fullscr=true, color=#ffffff, ~), autoDraw=null, autoLog=true, units=height, ori=null, opacity=1, pos=[0.4,-0.3], size=[1,1], lineWidth=1, lineColor=#000000, fillColor=#FFFFFF, vertices=[[-0.2,-0.1],[0.2,-0.1],[0.2,0.1],[-0.2,0.1]], closeShape=true, contrast=1, depth=-3, interpolate=true, width=0.4, height=0.2 )
3.351525000005495	EXP	Created trial_label_left_2 = TextStim( name=trial_label_left_2, win=Window( name=Window, fullscr=true, color=#ffffff, ~), autoDraw=null, autoLog=true, units=height, ori=null, opacity=1, pos=[-0.4,-0.3], size=undefined, text=a = Nonword, font=Courier New, color=#000000, contrast=1, height=0.05, bold=null, italic=null, alignHoriz=left, alignVert=center, wrapWidth=1, flipHoriz=null, flipVert=null )
3.3520550000248477	EXP	Created trial_label_right_2 = TextStim( name=trial_label_right_2, win=Window( name=Window, fullscr=true, color=#ffffff, ~), autoDraw=null, autoLog=true, units=height, ori=null, opacity=1, pos=[0.4,-0.3], size=undefined, text=l = Word, font=Courier New, color=#000000, contrast=1, height=0.05, bold=null, italic=null, alignHoriz=left, alignVert=center, wrapWidth=1, flipHoriz=null, flipVert=null )
3.352560000028461	EXP	Created break_text = TextStim( name=break_text, win=Window( name=Window, fullscr=true, color=#ffffff, ~), autoDraw=null, autoLog=true, units=height, ori=null, opacity=1, pos=[0,0], size=undefined, text=BREAK

Please take a short break.

When you are do~, font=Courier New, color=#000000, contrast=1, height=0.05, bold=null, italic=null, alignHoriz=left, alignVert=center, wrapWidth=1, flipHoriz=null, flipVert=null )
3.356885000015609	EXP	Created break_done_button = Rect( name=break_done_button, win=Window( name=Window, fullscr=true, color=#ffffff, ~), autoDraw=null, autoLog=true, units=height, ori=null, opacity=1, pos=[0,-0.4], size=[1,1], lineWidth=1, lineColor=#000000, fillColor=#FFFFFF, vertices=[[-0.2,-0.05],[0.2,-0.05],[0.2,0.05],[-0.2,0.05]], closeShape=true, contrast=1, depth=-3, interpolate=true, width=0.4, height=0.1 )
3.358315000019502	EXP	Created break_done_button_label = TextStim( name=break_done_button_label, win=Window( name=Window, fullscr=true, color=#ffffff, ~), autoDraw=null, autoLog=true, units=height, ori=null, opacity=1, pos=[0,-0.4], size=undefined, text=Continue, font=Courier New, color=#000000, contrast=1, height=0.05, bold=null, italic=null, alignHoriz=left, alignVert=center, wrapWidth=1, flipHoriz=null, flipVert=null )
3.3597399999853224	EXP	Created thank_you = TextStim( name=thank_you, win=Window( name=Window, fullscr=true, color=#ffffff, ~), autoDraw=null, autoLog=true, units=height, ori=null, opacity=1, pos=[0,0], size=undefined, text=This is the end of the experiment.

Please do not ~, font=Courier New, color=#000000, contrast=1, height=1, bold=null, italic=null, alignHoriz=left, alignVert=center, wrapWidth=1, flipHoriz=null, flipVert=null )
3.588660000008531	EXP	instructions: units = "height"
3.588660000008531	EXP	instructions: ori = 0
3.588660000008531	EXP	instructions: opacity = 1
3.588660000008531	EXP	instructions: pos = [0,0]
3.588660000008531	EXP	instructions: size = undefined
3.588660000008531	EXP	instructions: text = "default text"
3.588660000008531	EXP	instructions: font = "Courier New"
3.588660000008531	EXP	instructions: color = {"_hex":"#000000","_rgb":[0,0,0]}
3.588660000008531	EXP	instructions: contrast = 1
3.588660000008531	EXP	instructions: height = 0.035
3.588660000008531	EXP	instructions: bold = false
3.588660000008531	EXP	instructions: italic = false
3.588660000008531	EXP	instructions: alignHoriz = "left"
3.588660000008531	EXP	instructions: alignVert = "center"
3.588660000008531	EXP	instructions: wrapWidth = 1
3.588660000008531	EXP	instructions: flipHoriz = false
3.588660000008531	EXP	instructions: flipVert = false
3.588660000008531	EXP	instr_done_button: units = "height"
3.588660000008531	EXP	instr_done_button: ori = 0
3.588660000008531	EXP	instr_done_button: opacity = 1
3.588660000008531	EXP	instr_done_button: pos = [0,-0.4]
3.588660000008531	EXP	instr_done_button: size = [1,1]
3.588660000008531	EXP	instr_done_button: lineWidth = 1
3.588660000008531	EXP	instr_done_button: lineColor = {"_hex":"#000000","_rgb":[0,0,0]}
3.588660000008531	EXP	instr_done_button: fillColor = {"_hex":"#FFFFFF","_rgb":[1,1,1]}
3.588660000008531	EXP	instr_done_button: vertices = [[-0.5,0],[0,0.5],[0.5,0]]
3.588660000008531	EXP	instr_done_button: closeShape = true
3.588660000008531	EXP	instr_done_button: contrast = 1
3.588660000008531	EXP	instr_done_button: depth = -2
3.588660000008531	EXP	instr_done_button: interpolate = true
3.588660000008531	EXP	instr_done_button: width = 0.4
3.588660000008531	EXP	instr_done_button: vertices = [[-0.2,null],[0.2,null],[0.2,null],[-0.2,null]]
3.588660000008531	EXP	instr_done_button: height = 0.1
3.588660000008531	EXP	instr_done_button: vertices = [[-0.2,-0.05],[0.2,-0.05],[0.2,0.05],[-0.2,0.05]]
3.588660000008531	EXP	instr_done_button: vertices = [[-0.2,-0.05],[0.2,-0.05],[0.2,0.05],[-0.2,0.05]]
3.588660000008531	EXP	instr_done_label: units = "height"
3.588660000008531	EXP	instr_done_label: ori = 0
3.588660000008531	EXP	instr_done_label: opacity = 1
3.588660000008531	EXP	instr_done_label: pos = [0,-0.4]
3.588660000008531	EXP	instr_done_label: size = undefined
3.588660000008531	EXP	instr_done_label: text = "Continue"
3.588660000008531	EXP	instr_done_label: font = "Courier New"
3.588660000008531	EXP	instr_done_label: color = {"_hex":"#000000","_rgb":[0,0,0]}
3.588660000008531	EXP	instr_done_label: contrast = 1
3.588660000008531	EXP	instr_done_label: height = 0.05
3.588660000008531	EXP	instr_done_label: bold = false
3.588660000008531	EXP	instr_done_label: italic = false
3.588660000008531	EXP	instr_done_label: alignHoriz = "left"
3.588660000008531	EXP	instr_done_label: alignVert = "center"
3.588660000008531	EXP	instr_done_label: wrapWidth = 1
3.588660000008531	EXP	instr_done_label: flipHoriz = false
3.588660000008531	EXP	instr_done_label: flipVert = false
3.588660000008531	EXP	fixation_mask: units = "height"
3.588660000008531	EXP	fixation_mask: ori = 0
3.588660000008531	EXP	fixation_mask: opacity = 1
3.588660000008531	EXP	fixation_mask: pos = [0,0]
3.588660000008531	EXP	fixation_mask: size = undefined
3.588660000008531	EXP	fixation_mask: text = "######"
3.588660000008531	EXP	fixation_mask: font = "Courier New"
3.588660000008531	EXP	fixation_mask: color = {"_hex":"#000000","_rgb":[0,0,0]}
3.588660000008531	EXP	fixation_mask: contrast = 1
3.588660000008531	EXP	fixation_mask: height = 0.1
3.588660000008531	EXP	fixation_mask: bold = false
3.588660000008531	EXP	fixation_mask: italic = false
3.588660000008531	EXP	fixation_mask: alignHoriz = "left"
3.588660000008531	EXP	fixation_mask: alignVert = "center"
3.588660000008531	EXP	fixation_mask: wrapWidth = 1
3.588660000008531	EXP	fixation_mask: flipHoriz = false
3.588660000008531	EXP	fixation_mask: flipVert = false
3.588660000008531	EXP	prime_text: units = "height"
3.588660000008531	EXP	prime_text: ori = 0
3.588660000008531	EXP	prime_text: opacity = 1
3.588660000008531	EXP	prime_text: pos = [0,0]
3.588660000008531	EXP	prime_text: size = undefined
3.588660000008531	EXP	prime_text: text = "default text"
3.588660000008531	EXP	prime_text: font = "Courier New"
3.588660000008531	EXP	prime_text: color = {"_hex":"#000000","_rgb":[0,0,0]}
3.588660000008531	EXP	prime_text: contrast = 1
3.588660000008531	EXP	prime_text: height = 0.1
3.588660000008531	EXP	prime_text: bold = false
3.588660000008531	EXP	prime_text: italic = false
3.588660000008531	EXP	prime_text: alignHoriz = "left"
3.588660000008531	EXP	prime_text: alignVert = "center"
3.588660000008531	EXP	prime_text: wrapWidth = 1
3.588660000008531	EXP	prime_text: flipHoriz = false
3.588660000008531	EXP	prime_text: flipVert = false
3.588660000008531	EXP	target: units = "height"
3.588660000008531	EXP	target: ori = 0
3.588660000008531	EXP	target: opacity = 1
3.588660000008531	EXP	target: pos = [0,0]
3.588660000008531	EXP	target: size = undefined
3.588660000008531	EXP	target: text = "default text"
3.588660000008531	EXP	target: font = "Arial"
3.588660000008531	EXP	target: color = {"_hex":"#000000","_rgb":[0,0,0]}
3.588660000008531	EXP	target: contrast = 1
3.588660000008531	EXP	target: height = 0.1
3.588660000008531	EXP	target: bold = false
3.588660000008531	EXP	target: italic = false
3.588660000008531	EXP	target: alignHoriz = "left"
3.588660000008531	EXP	target: alignVert = "center"
3.588660000008531	EXP	target: wrapWidth = 1
3.588660000008531	EXP	target: flipHoriz = false
3.588660000008531	EXP	target: flipVert = false
3.588660000008531	EXP	button_left: units = "height"
3.588660000008531	EXP	button_left: ori = 0
3.588660000008531	EXP	button_left: opacity = 1
3.588660000008531	EXP	button_left: pos = [-0.4,-0.3]
3.588660000008531	EXP	button_left: size = [1,1]
3.588660000008531	EXP	button_left: lineWidth = 1
3.588660000008531	EXP	button_left: lineColor = {"_hex":"#000000","_rgb":[0,0,0]}
3.588660000008531	EXP	button_left: fillColor = {"_hex":"#FFFFFF","_rgb":[1,1,1]}
3.588660000008531	EXP	button_left: vertices = [[-0.5,0],[0,0.5],[0.5,0]]
3.588660000008531	EXP	button_left: closeShape = true
3.588660000008531	EXP	button_left: contrast = 1
3.588660000008531	EXP	button_left: depth = -5
3.588660000008531	EXP	button_left: interpolate = true
3.588660000008531	EXP	button_left: width = 0.4
3.588660000008531	EXP	button_left: vertices = [[-0.2,null],[0.2,null],[0.2,null],[-0.2,null]]
3.588660000008531	EXP	button_left: height = 0.2
3.588660000008531	EXP	button_left: vertices = [[-0.2,-0.1],[0.2,-0.1],[0.2,0.1],[-0.2,0.1]]
3.588660000008531	EXP	button_left: vertices = [[-0.2,-0.1],[0.2,-0.1],[0.2,0.1],[-0.2,0.1]]
3.588660000008531	EXP	button_right: units = "height"
3.588660000008531	EXP	button_right: ori = 0
3.588660000008531	EXP	button_right: opacity = 1
3.588660000008531	EXP	button_right: pos = [0.4,-0.3]
3.588660000008531	EXP	button_right: size = [1,1]
3.588660000008531	EXP	button_right: lineWidth = 1
3.588660000008531	EXP	button_right: lineColor = {"_hex":"#000000","_rgb":[0,0,0]}
3.588660000008531	EXP	button_right: fillColor = {"_hex":"#FFFFFF","_rgb":[1,1,1]}
3.588660000008531	EXP	button_right: vertices = [[-0.5,0],[0,0.5],[0.5,0]]
3.588660000008531	EXP	button_right: closeShape = true
3.588660000008531	EXP	button_right: contrast = 1
3.588660000008531	EXP	button_right: depth = -6
3.588660000008531	EXP	button_right: interpolate = true
3.588660000008531	EXP	button_right: width = 0.4
3.588660000008531	EXP	button_right: vertices = [[-0.2,null],[0.2,null],[0.2,null],[-0.2,null]]
3.588660000008531	EXP	button_right: height = 0.2
3.588660000008531	EXP	button_right: vertices = [[-0.2,-0.1],[0.2,-0.1],[0.2,0.1],[-0.2,0.1]]
3.588660000008531	EXP	button_right: vertices = [[-0.2,-0.1],[0.2,-0.1],[0.2,0.1],[-0.2,0.1]]
3.588660000008531	EXP	trial_label_right: units = "height"
3.588660000008531	EXP	trial_label_right: ori = 0
3.588660000008531	EXP	trial_label_right: opacity = 1
3.588660000008531	EXP	trial_label_right: pos = [0.4,-0.3]
3.588660000008531	EXP	trial_label_right: size = undefined
3.588660000008531	EXP	trial_label_right: text = "l = Word"
3.588660000008531	EXP	trial_label_right: font = "Courier New"
3.588660000008531	EXP	trial_label_right: color = {"_hex":"#000000","_rgb":[0,0,0]}
3.588660000008531	EXP	trial_label_right: contrast = 1
3.588660000008531	EXP	trial_label_right: height = 0.05
3.588660000008531	EXP	trial_label_right: bold = false
3.588660000008531	EXP	trial_label_right: italic = false
3.588660000008531	EXP	trial_label_right: alignHoriz = "left"
3.588660000008531	EXP	trial_label_right: alignVert = "center"
3.588660000008531	EXP	trial_label_right: wrapWidth = 1
3.588660000008531	EXP	trial_label_right: flipHoriz = false
3.588660000008531	EXP	trial_label_right: flipVert = false
3.588660000008531	EXP	trial_label_left_new: units = "height"
3.588660000008531	EXP	trial_label_left_new: ori = 0
3.588660000008531	EXP	trial_label_left_new: opacity = 1
3.588660000008531	EXP	trial_label_left_new: pos = [-0.4,-0.3]
3.588660000008531	EXP	trial_label_left_new: size = undefined
3.588660000008531	EXP	trial_label_left_new: text = "a = Nonword"
3.588660000008531	EXP	trial_label_left_new: font = "Courier New"
3.588660000008531	EXP	trial_label_left_new: color = {"_hex":"#000000","_rgb":[0,0,0]}
3.588660000008531	EXP	trial_label_left_new: contrast = 1
3.588660000008531	EXP	trial_label_left_new: height = 0.05
3.588660000008531	EXP	trial_label_left_new: bold = false
3.588660000008531	EXP	trial_label_left_new: italic = false
3.588660000008531	EXP	trial_label_left_new: alignHoriz = "left"
3.588660000008531	EXP	trial_label_left_new: alignVert = "center"
3.588660000008531	EXP	trial_label_left_new: wrapWidth = 1
3.588660000008531	EXP	trial_label_left_new: flipHoriz = false
3.588660000008531	EXP	trial_label_left_new: flipVert = false
3.588660000008531	EXP	feedback_text: units = "height"
3.588660000008531	EXP	feedback_text: ori = 0
3.588660000008531	EXP	feedback_text: opacity = 1
3.588660000008531	EXP	feedback_text: pos = [0,0]
3.588660000008531	EXP	feedback_text: size = undefined
3.588660000008531	EXP	feedback_text: text = "default text"
3.588660000008531	EXP	feedback_text: font = "Courier New"
3.588660000008531	EXP	feedback_text: color = {"_hex":"#FFFFFF","_rgb":[1,1,1]}
3.588660000008531	EXP	feedback_text: contrast = 1
3.588660000008531	EXP	feedback_text: height = 0.05
3.588660000008531	EXP	feedback_text: bold = false
3.588660000008531	EXP	feedback_text: italic = false
3.588660000008531	EXP	feedback_text: alignHoriz = "left"
3.588660000008531	EXP	feedback_text: alignVert = "center"
3.588660000008531	EXP	feedback_text: wrapWidth = 1
3.588660000008531	EXP	feedback_text: flipHoriz = false
3.588660000008531	EXP	feedback_text: flipVert = false
3.588660000008531	EXP	button_left_2: units = "height"
3.588660000008531	EXP	button_left_2: ori = 0
3.588660000008531	EXP	button_left_2: opacity = 1
3.588660000008531	EXP	button_left_2: pos = [-0.4,-0.3]
3.588660000008531	EXP	button_left_2: size = [1,1]
3.588660000008531	EXP	button_left_2: lineWidth = 1
3.588660000008531	EXP	button_left_2: lineColor = {"_hex":"#000000","_rgb":[0,0,0]}
3.588660000008531	EXP	button_left_2: fillColor = {"_hex":"#FFFFFF","_rgb":[1,1,1]}
3.588660000008531	EXP	button_left_2: vertices = [[-0.5,0],[0,0.5],[0.5,0]]
3.588660000008531	EXP	button_left_2: closeShape = true
3.588660000008531	EXP	button_left_2: contrast = 1
3.588660000008531	EXP	button_left_2: depth = -2
3.588660000008531	EXP	button_left_2: interpolate = true
3.588660000008531	EXP	button_left_2: width = 0.4
3.588660000008531	EXP	button_left_2: vertices = [[-0.2,null],[0.2,null],[0.2,null],[-0.2,null]]
3.588660000008531	EXP	button_left_2: height = 0.2
3.588660000008531	EXP	button_left_2: vertices = [[-0.2,-0.1],[0.2,-0.1],[0.2,0.1],[-0.2,0.1]]
3.588660000008531	EXP	button_left_2: vertices = [[-0.2,-0.1],[0.2,-0.1],[0.2,0.1],[-0.2,0.1]]
3.588660000008531	EXP	button_right_2: units = "height"
3.588660000008531	EXP	button_right_2: ori = 0
3.588660000008531	EXP	button_right_2: opacity = 1
3.588660000008531	EXP	button_right_2: pos = [0.4,-0.3]
3.588660000008531	EXP	button_right_2: size = [1,1]
3.588660000008531	EXP	button_right_2: lineWidth = 1
3.588660000008531	EXP	button_right_2: lineColor = {"_hex":"#000000","_rgb":[0,0,0]}
3.588660000008531	EXP	button_right_2: fillColor = {"_hex":"#FFFFFF","_rgb":[1,1,1]}
3.588660000008531	EXP	button_right_2: vertices = [[-0.5,0],[0,0.5],[0.5,0]]
3.588660000008531	EXP	button_right_2: closeShape = true
3.588660000008531	EXP	button_right_2: contrast = 1
3.588660000008531	EXP	button_right_2: depth = -3
3.588660000008531	EXP	button_right_2: interpolate = true
3.588660000008531	EXP	button_right_2: width = 0.4
3.588660000008531	EXP	button_right_2: vertices = [[-0.2,null],[0.2,null],[0.2,null],[-0.2,null]]
3.588660000008531	EXP	button_right_2: height = 0.2
3.588660000008531	EXP	button_right_2: vertices = [[-0.2,-0.1],[0.2,-0.1],[0.2,0.1],[-0.2,0.1]]
3.588660000008531	EXP	button_right_2: vertices = [[-0.2,-0.1],[0.2,-0.1],[0.2,0.1],[-0.2,0.1]]
3.588660000008531	EXP	trial_label_left_2: units = "height"
3.588660000008531	EXP	trial_label_left_2: ori = 0
3.588660000008531	EXP	trial_label_left_2: opacity = 1
3.588660000008531	EXP	trial_label_left_2: pos = [-0.4,-0.3]
3.588660000008531	EXP	trial_label_left_2: size = undefined
3.588660000008531	EXP	trial_label_left_2: text = "a = Nonword"
3.588660000008531	EXP	trial_label_left_2: font = "Courier New"
3.588660000008531	EXP	trial_label_left_2: color = {"_hex":"#000000","_rgb":[0,0,0]}
3.588660000008531	EXP	trial_label_left_2: contrast = 1
3.588660000008531	EXP	trial_label_left_2: height = 0.05
3.588660000008531	EXP	trial_label_left_2: bold = false
3.588660000008531	EXP	trial_label_left_2: italic = false
3.588660000008531	EXP	trial_label_left_2: alignHoriz = "left"
3.588660000008531	EXP	trial_label_left_2: alignVert = "center"
3.588660000008531	EXP	trial_label_left_2: wrapWidth = 1
3.588660000008531	EXP	trial_label_left_2: flipHoriz = false
3.588660000008531	EXP	trial_label_left_2: flipVert = false
3.588660000008531	EXP	trial_label_right_2: units = "height"
3.588660000008531	EXP	trial_label_right_2: ori = 0
3.588660000008531	EXP	trial_label_right_2: opacity = 1
3.588660000008531	EXP	trial_label_right_2: pos = [0.4,-0.3]
3.588660000008531	EXP	trial_label_right_2: size = undefined
3.588660000008531	EXP	trial_label_right_2: text = "l = Word"
3.588660000008531	EXP	trial_label_right_2: font = "Courier New"
3.588660000008531	EXP	trial_label_right_2: color = {"_hex":"#000000","_rgb":[0,0,0]}
3.588660000008531	EXP	trial_label_right_2: contrast = 1
3.588660000008531	EXP	trial_label_right_2: height = 0.05
3.588660000008531	EXP	trial_label_right_2: bold = false
3.588660000008531	EXP	trial_label_right_2: italic = false
3.588660000008531	EXP	trial_label_right_2: alignHoriz = "left"
3.588660000008531	EXP	trial_label_right_2: alignVert = "center"
3.588660000008531	EXP	trial_label_right_2: wrapWidth = 1
3.588660000008531	EXP	trial_label_right_2: flipHoriz = false
3.588660000008531	EXP	trial_label_right_2: flipVert = false
3.588660000008531	EXP	instructions: units = "height"
3.588660000008531	EXP	instructions: ori = 0
3.588660000008531	EXP	instructions: opacity = 1
3.588660000008531	EXP	instructions: pos = [0,0]
3.588660000008531	EXP	instructions: size = undefined
3.588660000008531	EXP	instructions: text = "default text"
3.588660000008531	EXP	instructions: font = "Courier New"
3.588660000008531	EXP	instructions: color = {"_hex":"#000000","_rgb":[0,0,0]}
3.588660000008531	EXP	instructions: contrast = 1
3.588660000008531	EXP	instructions: height = 0.035
3.588660000008531	EXP	instructions: bold = false
3.588660000008531	EXP	instructions: italic = false
3.588660000008531	EXP	instructions: alignHoriz = "left"
3.588660000008531	EXP	instructions: alignVert = "center"
3.588660000008531	EXP	instructions: wrapWidth = 1
3.588660000008531	EXP	instructions: flipHoriz = false
3.588660000008531	EXP	instructions: flipVert = false
3.588660000008531	EXP	instr_done_button: units = "height"
3.588660000008531	EXP	instr_done_button: ori = 0
3.588660000008531	EXP	instr_done_button: opacity = 1
3.588660000008531	EXP	instr_done_button: pos = [0,-0.4]
3.588660000008531	EXP	instr_done_button: size = [1,1]
3.588660000008531	EXP	instr_done_button: lineWidth = 1
3.588660000008531	EXP	instr_done_button: lineColor = {"_hex":"#000000","_rgb":[0,0,0]}
3.588660000008531	EXP	instr_done_button: fillColor = {"_hex":"#FFFFFF","_rgb":[1,1,1]}
3.588660000008531	EXP	instr_done_button: vertices = [[-0.5,0],[0,0.5],[0.5,0]]
3.588660000008531	EXP	instr_done_button: closeShape = true
3.588660000008531	EXP	instr_done_button: contrast = 1
3.588660000008531	EXP	instr_done_button: depth = -2
3.588660000008531	EXP	instr_done_button: interpolate = true
3.588660000008531	EXP	instr_done_button: width = 0.4
3.588660000008531	EXP	instr_done_button: vertices = [[-0.2,null],[0.2,null],[0.2,null],[-0.2,null]]
3.588660000008531	EXP	instr_done_button: height = 0.1
3.588660000008531	EXP	instr_done_button: vertices = [[-0.2,-0.05],[0.2,-0.05],[0.2,0.05],[-0.2,0.05]]
3.588660000008531	EXP	instr_done_button: vertices = [[-0.2,-0.05],[0.2,-0.05],[0.2,0.05],[-0.2,0.05]]
3.588660000008531	EXP	instr_done_label: units = "height"
3.588660000008531	EXP	instr_done_label: ori = 0
3.588660000008531	EXP	instr_done_label: opacity = 1
3.588660000008531	EXP	instr_done_label: pos = [0,-0.4]
3.588660000008531	EXP	instr_done_label: size = undefined
3.588660000008531	EXP	instr_done_label: text = "Continue"
3.588660000008531	EXP	instr_done_label: font = "Courier New"
3.588660000008531	EXP	instr_done_label: color = {"_hex":"#000000","_rgb":[0,0,0]}
3.588660000008531	EXP	instr_done_label: contrast = 1
3.588660000008531	EXP	instr_done_label: height = 0.05
3.588660000008531	EXP	instr_done_label: bold = false
3.588660000008531	EXP	instr_done_label: italic = false
3.588660000008531	EXP	instr_done_label: alignHoriz = "left"
3.588660000008531	EXP	instr_done_label: alignVert = "center"
3.588660000008531	EXP	instr_done_label: wrapWidth = 1
3.588660000008531	EXP	instr_done_label: flipHoriz = false
3.588660000008531	EXP	instr_done_label: flipVert = false
3.588660000008531	EXP	fixation_mask: units = "height"
3.588660000008531	EXP	fixation_mask: ori = 0
3.588660000008531	EXP	fixation_mask: opacity = 1
3.588660000008531	EXP	fixation_mask: pos = [0,0]
3.588660000008531	EXP	fixation_mask: size = undefined
3.588660000008531	EXP	fixation_mask: text = "######"
3.588660000008531	EXP	fixation_mask: font = "Courier New"
3.588660000008531	EXP	fixation_mask: color = {"_hex":"#000000","_rgb":[0,0,0]}
3.588660000008531	EXP	fixation_mask: contrast = 1
3.588660000008531	EXP	fixation_mask: height = 0.1
3.588660000008531	EXP	fixation_mask: bold = false
3.588660000008531	EXP	fixation_mask: italic = false
3.588660000008531	EXP	fixation_mask: alignHoriz = "left"
3.588660000008531	EXP	fixation_mask: alignVert = "center"
3.588660000008531	EXP	fixation_mask: wrapWidth = 1
3.588660000008531	EXP	fixation_mask: flipHoriz = false
3.588660000008531	EXP	fixation_mask: flipVert = false
3.588660000008531	EXP	prime_text: units = "height"
3.588660000008531	EXP	prime_text: ori = 0
3.588660000008531	EXP	prime_text: opacity = 1
3.588660000008531	EXP	prime_text: pos = [0,0]
3.588660000008531	EXP	prime_text: size = undefined
3.588660000008531	EXP	prime_text: text = "default text"
3.588660000008531	EXP	prime_text: font = "Courier New"
3.588660000008531	EXP	prime_text: color = {"_hex":"#000000","_rgb":[0,0,0]}
3.588660000008531	EXP	prime_text: contrast = 1
3.588660000008531	EXP	prime_text: height = 0.1
3.588660000008531	EXP	prime_text: bold = false
3.588660000008531	EXP	prime_text: italic = false
3.588660000008531	EXP	prime_text: alignHoriz = "left"
3.588660000008531	EXP	prime_text: alignVert = "center"
3.588660000008531	EXP	prime_text: wrapWidth = 1
3.588660000008531	EXP	prime_text: flipHoriz = false
3.588660000008531	EXP	prime_text: flipVert = false
3.588660000008531	EXP	target: units = "height"
3.588660000008531	EXP	target: ori = 0
3.588660000008531	EXP	target: opacity = 1
3.588660000008531	EXP	target: pos = [0,0]
3.588660000008531	EXP	target: size = undefined
3.588660000008531	EXP	target: text = "default text"
3.588660000008531	EXP	target: font = "Arial"
3.588660000008531	EXP	target: color = {"_hex":"#000000","_rgb":[0,0,0]}
3.588660000008531	EXP	target: contrast = 1
3.588660000008531	EXP	target: height = 0.1
3.588660000008531	EXP	target: bold = false
3.588660000008531	EXP	target: italic = false
3.588660000008531	EXP	target: alignHoriz = "left"
3.588660000008531	EXP	target: alignVert = "center"
3.588660000008531	EXP	target: wrapWidth = 1
3.588660000008531	EXP	target: flipHoriz = false
3.588660000008531	EXP	target: flipVert = false
3.588660000008531	EXP	button_left: units = "height"
3.588660000008531	EXP	button_left: ori = 0
3.588660000008531	EXP	button_left: opacity = 1
3.588660000008531	EXP	button_left: pos = [-0.4,-0.3]
3.588660000008531	EXP	button_left: size = [1,1]
3.588660000008531	EXP	button_left: lineWidth = 1
3.588660000008531	EXP	button_left: lineColor = {"_hex":"#000000","_rgb":[0,0,0]}
3.588660000008531	EXP	button_left: fillColor = {"_hex":"#FFFFFF","_rgb":[1,1,1]}
3.588660000008531	EXP	button_left: vertices = [[-0.5,0],[0,0.5],[0.5,0]]
3.588660000008531	EXP	button_left: closeShape = true
3.588660000008531	EXP	button_left: contrast = 1
3.588660000008531	EXP	button_left: depth = -5
3.588660000008531	EXP	button_left: interpolate = true
3.588660000008531	EXP	button_left: width = 0.4
3.588660000008531	EXP	button_left: vertices = [[-0.2,null],[0.2,null],[0.2,null],[-0.2,null]]
3.588660000008531	EXP	button_left: height = 0.2
3.588660000008531	EXP	button_left: vertices = [[-0.2,-0.1],[0.2,-0.1],[0.2,0.1],[-0.2,0.1]]
3.588660000008531	EXP	button_left: vertices = [[-0.2,-0.1],[0.2,-0.1],[0.2,0.1],[-0.2,0.1]]
3.588660000008531	EXP	button_right: units = "height"
3.588660000008531	EXP	button_right: ori = 0
3.588660000008531	EXP	button_right: opacity = 1
3.588660000008531	EXP	button_right: pos = [0.4,-0.3]
3.588660000008531	EXP	button_right: size = [1,1]
3.588660000008531	EXP	button_right: lineWidth = 1
3.588660000008531	EXP	button_right: lineColor = {"_hex":"#000000","_rgb":[0,0,0]}
3.588660000008531	EXP	button_right: fillColor = {"_hex":"#FFFFFF","_rgb":[1,1,1]}
3.588660000008531	EXP	button_right: vertices = [[-0.5,0],[0,0.5],[0.5,0]]
3.588660000008531	EXP	button_right: closeShape = true
3.588660000008531	EXP	button_right: contrast = 1
3.588660000008531	EXP	button_right: depth = -6
3.588660000008531	EXP	button_right: interpolate = true
3.588660000008531	EXP	button_right: width = 0.4
3.588660000008531	EXP	button_right: vertices = [[-0.2,null],[0.2,null],[0.2,null],[-0.2,null]]
3.588660000008531	EXP	button_right: height = 0.2
3.588660000008531	EXP	button_right: vertices = [[-0.2,-0.1],[0.2,-0.1],[0.2,0.1],[-0.2,0.1]]
3.588660000008531	EXP	button_right: vertices = [[-0.2,-0.1],[0.2,-0.1],[0.2,0.1],[-0.2,0.1]]
3.588660000008531	EXP	trial_label_right: units = "height"
3.588660000008531	EXP	trial_label_right: ori = 0
3.588660000008531	EXP	trial_label_right: opacity = 1
3.588660000008531	EXP	trial_label_right: pos = [0.4,-0.3]
3.588660000008531	EXP	trial_label_right: size = undefined
3.588660000008531	EXP	trial_label_right: text = "l = Word"
3.588660000008531	EXP	trial_label_right: font = "Courier New"
3.588660000008531	EXP	trial_label_right: color = {"_hex":"#000000","_rgb":[0,0,0]}
3.588660000008531	EXP	trial_label_right: contrast = 1
3.588660000008531	EXP	trial_label_right: height = 0.05
3.588660000008531	EXP	trial_label_right: bold = false
3.588660000008531	EXP	trial_label_right: italic = false
3.588660000008531	EXP	trial_label_right: alignHoriz = "left"
3.588660000008531	EXP	trial_label_right: alignVert = "center"
3.588660000008531	EXP	trial_label_right: wrapWidth = 1
3.588660000008531	EXP	trial_label_right: flipHoriz = false
3.588660000008531	EXP	trial_label_right: flipVert = false
3.588660000008531	EXP	trial_label_left_new: units = "height"
3.588660000008531	EXP	trial_label_left_new: ori = 0
3.588660000008531	EXP	trial_label_left_new: opacity = 1
3.588660000008531	EXP	trial_label_left_new: pos = [-0.4,-0.3]
3.588660000008531	EXP	trial_label_left_new: size = undefined
3.588660000008531	EXP	trial_label_left_new: text = "a = Nonword"
3.588660000008531	EXP	trial_label_left_new: font = "Courier New"
3.588660000008531	EXP	trial_label_left_new: color = {"_hex":"#000000","_rgb":[0,0,0]}
3.588660000008531	EXP	trial_label_left_new: contrast = 1
3.588660000008531	EXP	trial_label_left_new: height = 0.05
3.588660000008531	EXP	trial_label_left_new: bold = false
3.588660000008531	EXP	trial_label_left_new: italic = false
3.588660000008531	EXP	trial_label_left_new: alignHoriz = "left"
3.588660000008531	EXP	trial_label_left_new: alignVert = "center"
3.588660000008531	EXP	trial_label_left_new: wrapWidth = 1
3.588660000008531	EXP	trial_label_left_new: flipHoriz = false
3.588660000008531	EXP	trial_label_left_new: flipVert = false
3.588660000008531	EXP	feedback_text: units = "height"
3.588660000008531	EXP	feedback_text: ori = 0
3.588660000008531	EXP	feedback_text: opacity = 1
3.588660000008531	EXP	feedback_text: pos = [0,0]
3.588660000008531	EXP	feedback_text: size = undefined
3.588660000008531	EXP	feedback_text: text = "default text"
3.588660000008531	EXP	feedback_text: font = "Courier New"
3.588660000008531	EXP	feedback_text: color = {"_hex":"#FFFFFF","_rgb":[1,1,1]}
3.588660000008531	EXP	feedback_text: contrast = 1
3.588660000008531	EXP	feedback_text: height = 0.05
3.588660000008531	EXP	feedback_text: bold = false
3.588660000008531	EXP	feedback_text: italic = false
3.588660000008531	EXP	feedback_text: alignHoriz = "left"
3.588660000008531	EXP	feedback_text: alignVert = "center"
3.588660000008531	EXP	feedback_text: wrapWidth = 1
3.588660000008531	EXP	feedback_text: flipHoriz = false
3.588660000008531	EXP	feedback_text: flipVert = false
3.588660000008531	EXP	button_left_2: units = "height"
3.588660000008531	EXP	button_left_2: ori = 0
3.588660000008531	EXP	button_left_2: opacity = 1
3.588660000008531	EXP	button_left_2: pos = [-0.4,-0.3]
3.588660000008531	EXP	button_left_2: size = [1,1]
3.588660000008531	EXP	button_left_2: lineWidth = 1
3.588660000008531	EXP	button_left_2: lineColor = {"_hex":"#000000","_rgb":[0,0,0]}
3.588660000008531	EXP	button_left_2: fillColor = {"_hex":"#FFFFFF","_rgb":[1,1,1]}
3.588660000008531	EXP	button_left_2: vertices = [[-0.5,0],[0,0.5],[0.5,0]]
3.588660000008531	EXP	button_left_2: closeShape = true
3.588660000008531	EXP	button_left_2: contrast = 1
3.588660000008531	EXP	button_left_2: depth = -2
3.588660000008531	EXP	button_left_2: interpolate = true
3.588660000008531	EXP	button_left_2: width = 0.4
3.588660000008531	EXP	button_left_2: vertices = [[-0.2,null],[0.2,null],[0.2,null],[-0.2,null]]
3.588660000008531	EXP	button_left_2: height = 0.2
3.588660000008531	EXP	button_left_2: vertices = [[-0.2,-0.1],[0.2,-0.1],[0.2,0.1],[-0.2,0.1]]
3.588660000008531	EXP	button_left_2: vertices = [[-0.2,-0.1],[0.2,-0.1],[0.2,0.1],[-0.2,0.1]]
3.588660000008531	EXP	button_right_2: units = "height"
3.588660000008531	EXP	button_right_2: ori = 0
3.588660000008531	EXP	button_right_2: opacity = 1
3.588660000008531	EXP	button_right_2: pos = [0.4,-0.3]
3.588660000008531	EXP	button_right_2: size = [1,1]
3.588660000008531	EXP	button_right_2: lineWidth = 1
3.588660000008531	EXP	button_right_2: lineColor = {"_hex":"#000000","_rgb":[0,0,0]}
3.588660000008531	EXP	button_right_2: fillColor = {"_hex":"#FFFFFF","_rgb":[1,1,1]}
3.588660000008531	EXP	button_right_2: vertices = [[-0.5,0],[0,0.5],[0.5,0]]
3.588660000008531	EXP	button_right_2: closeShape = true
3.588660000008531	EXP	button_right_2: contrast = 1
3.588660000008531	EXP	button_right_2: depth = -3
3.588660000008531	EXP	button_right_2: interpolate = true
3.588660000008531	EXP	button_right_2: width = 0.4
3.588660000008531	EXP	button_right_2: vertices = [[-0.2,null],[0.2,null],[0.2,null],[-0.2,null]]
3.588660000008531	EXP	button_right_2: height = 0.2
3.588660000008531	EXP	button_right_2: vertices = [[-0.2,-0.1],[0.2,-0.1],[0.2,0.1],[-0.2,0.1]]
3.588660000008531	EXP	button_right_2: vertices = [[-0.2,-0.1],[0.2,-0.1],[0.2,0.1],[-0.2,0.1]]
3.588660000008531	EXP	trial_label_left_2: units = "height"
3.588660000008531	EXP	trial_label_left_2: ori = 0
3.588660000008531	EXP	trial_label_left_2: opacity = 1
3.588660000008531	EXP	trial_label_left_2: pos = [-0.4,-0.3]
3.588660000008531	EXP	trial_label_left_2: size = undefined
3.588660000008531	EXP	trial_label_left_2: text = "a = Nonword"
3.588660000008531	EXP	trial_label_left_2: font = "Courier New"
3.588660000008531	EXP	trial_label_left_2: color = {"_hex":"#000000","_rgb":[0,0,0]}
3.588660000008531	EXP	trial_label_left_2: contrast = 1
3.588660000008531	EXP	trial_label_left_2: height = 0.05
3.588660000008531	EXP	trial_label_left_2: bold = false
3.588660000008531	EXP	trial_label_left_2: italic = false
3.588660000008531	EXP	trial_label_left_2: alignHoriz = "left"
3.588660000008531	EXP	trial_label_left_2: alignVert = "center"
3.588660000008531	EXP	trial_label_left_2: wrapWidth = 1
3.588660000008531	EXP	trial_label_left_2: flipHoriz = false
3.588660000008531	EXP	trial_label_left_2: flipVert = false
3.588660000008531	EXP	trial_label_right_2: units = "height"
3.588660000008531	EXP	trial_label_right_2: ori = 0
3.588660000008531	EXP	trial_label_right_2: opacity = 1
3.588660000008531	EXP	trial_label_right_2: pos = [0.4,-0.3]
3.588660000008531	EXP	trial_label_right_2: size = undefined
3.588660000008531	EXP	trial_label_right_2: text = "l = Word"
3.588660000008531	EXP	trial_label_right_2: font = "Courier New"
3.588660000008531	EXP	trial_label_right_2: color = {"_hex":"#000000","_rgb":[0,0,0]}
3.588660000008531	EXP	trial_label_right_2: contrast = 1
3.588660000008531	EXP	trial_label_right_2: height = 0.05
3.588660000008531	EXP	trial_label_right_2: bold = false
3.588660000008531	EXP	trial_label_right_2: italic = false
3.588660000008531	EXP	trial_label_right_2: alignHoriz = "left"
3.588660000008531	EXP	trial_label_right_2: alignVert = "center"
3.588660000008531	EXP	trial_label_right_2: wrapWidth = 1
3.588660000008531	EXP	trial_label_right_2: flipHoriz = false
3.588660000008531	EXP	trial_label_right_2: flipVert = false
3.588660000008531	EXP	break_text: units = "height"
3.588660000008531	EXP	break_text: ori = 0
3.588660000008531	EXP	break_text: opacity = 1
3.588660000008531	EXP	break_text: pos = [0,0]
3.588660000008531	EXP	break_text: size = undefined
3.588660000008531	EXP	break_text: text = "BREAK\n\nPlease take a short break.\n\nWhen you are done, please press the space bar or touch the \"Continue\" button below to continue the experiment."
3.588660000008531	EXP	break_text: font = "Courier New"
3.588660000008531	EXP	break_text: color = {"_hex":"#000000","_rgb":[0,0,0]}
3.588660000008531	EXP	break_text: contrast = 1
3.588660000008531	EXP	break_text: height = 0.05
3.588660000008531	EXP	break_text: bold = false
3.588660000008531	EXP	break_text: italic = false
3.588660000008531	EXP	break_text: alignHoriz = "left"
3.588660000008531	EXP	break_text: alignVert = "center"
3.588660000008531	EXP	break_text: wrapWidth = 1
3.588660000008531	EXP	break_text: flipHoriz = false
3.588660000008531	EXP	break_text: flipVert = false
3.588660000008531	EXP	break_done_button: units = "height"
3.588660000008531	EXP	break_done_button: ori = 0
3.588660000008531	EXP	break_done_button: opacity = 1
3.588660000008531	EXP	break_done_button: pos = [0,-0.4]
3.588660000008531	EXP	break_done_button: size = [1,1]
3.588660000008531	EXP	break_done_button: lineWidth = 1
3.588660000008531	EXP	break_done_button: lineColor = {"_hex":"#000000","_rgb":[0,0,0]}
3.588660000008531	EXP	break_done_button: fillColor = {"_hex":"#FFFFFF","_rgb":[1,1,1]}
3.588660000008531	EXP	break_done_button: vertices = [[-0.5,0],[0,0.5],[0.5,0]]
3.588660000008531	EXP	break_done_button: closeShape = true
3.588660000008531	EXP	break_done_button: contrast = 1
3.588660000008531	EXP	break_done_button: depth = -3
3.588660000008531	EXP	break_done_button: interpolate = true
3.588660000008531	EXP	break_done_button: width = 0.4
3.588660000008531	EXP	break_done_button: vertices = [[-0.2,null],[0.2,null],[0.2,null],[-0.2,null]]
3.588660000008531	EXP	break_done_button: height = 0.1
3.588660000008531	EXP	break_done_button: vertices = [[-0.2,-0.05],[0.2,-0.05],[0.2,0.05],[-0.2,0.05]]
3.588660000008531	EXP	break_done_button: vertices = [[-0.2,-0.05],[0.2,-0.05],[0.2,0.05],[-0.2,0.05]]
3.588660000008531	EXP	break_done_button_label: units = "height"
3.588660000008531	EXP	break_done_button_label: ori = 0
3.588660000008531	EXP	break_done_button_label: opacity = 1
3.588660000008531	EXP	break_done_button_label: pos = [0,-0.4]
3.588660000008531	EXP	break_done_button_label: size = undefined
3.588660000008531	EXP	break_done_button_label: text = "Continue"
3.588660000008531	EXP	break_done_button_label: font = "Courier New"
3.588660000008531	EXP	break_done_button_label: color = {"_hex":"#000000","_rgb":[0,0,0]}
3.588660000008531	EXP	break_done_button_label: contrast = 1
3.588660000008531	EXP	break_done_button_label: height = 0.05
3.588660000008531	EXP	break_done_button_label: bold = false
3.588660000008531	EXP	break_done_button_label: italic = false
3.588660000008531	EXP	break_done_button_label: alignHoriz = "left"
3.588660000008531	EXP	break_done_button_label: alignVert = "center"
3.588660000008531	EXP	break_done_button_label: wrapWidth = 1
3.588660000008531	EXP	break_done_button_label: flipHoriz = false
3.588660000008531	EXP	break_done_button_label: flipVert = false
3.588660000008531	EXP	thank_you: units = "height"
3.588660000008531	EXP	thank_you: ori = 0
3.588660000008531	EXP	thank_you: opacity = 1
3.588660000008531	EXP	thank_you: pos = [0,0]
3.588660000008531	EXP	thank_you: size = undefined
3.588660000008531	EXP	thank_you: text = "This is the end of the experiment.\n\nPlease do not close this window yet. \n\nYou will now be redirected to the debriefing page. You must go to this page in order to receive your participation credit."
3.588660000008531	EXP	thank_you: font = "Courier New"
3.588660000008531	EXP	thank_you: color = {"_hex":"#000000","_rgb":[0,0,0]}
3.588660000008531	EXP	thank_you: contrast = 1
3.588660000008531	EXP	thank_you: height = 1
3.588660000008531	EXP	thank_you: bold = false
3.588660000008531	EXP	thank_you: italic = false
3.588660000008531	EXP	thank_you: alignHoriz = "left"
3.588660000008531	EXP	thank_you: alignVert = "center"
3.588660000008531	EXP	thank_you: wrapWidth = 1
3.588660000008531	EXP	thank_you: flipHoriz = false
3.588660000008531	EXP	thank_you: flipVert = false
3.588660000008531	EXP	instructions: text = "In this task you will judge whether a string of letters forms a word or not (i.e., is a nonword). Look at the cross at the start of each trial. After a second, a string of letters will appear. Your task is to indicate if the letter string forms a word or not (i.e., if it is a nonword).\r\n\r\n For example, AUTHOR is a word while AUTHON is a nonword.\r\n\r\nPress the space bar or click the button below to continue."
3.588660000008531	EXP	instructions: autoDraw = true
3.588660000008531	EXP	instr_done_button: autoDraw = true
3.588660000008531	EXP	instr_done_label: autoDraw = true
14.488575000024866	DATA	Mouse: wheel shift=(-300,0), pos=(832.0000247955322,479.6666809618473)
14.506460000004154	DATA	Mouse: wheel shift=(-600,0), pos=(822.000024497509,489.3333479166031)
14.973784999980126	DATA	Mouse: 0 button down, pos=(725.3333549499512,644.0000191926956)
15.071289999992587	EXP	instructions: autoDraw = false
15.071289999992587	EXP	instr_done_button: autoDraw = false
15.071289999992587	EXP	instr_done_label: autoDraw = false
15.071289999992587	EXP	prime_text: text = "miaber"
15.071289999992587	EXP	target: text = "THRALE"
15.071289999992587	EXP	target: font = "Courier New"
15.071289999992587	EXP	fixation_mask: autoDraw = true
15.071289999992587	EXP	button_left: autoDraw = true
15.071289999992587	EXP	button_right: autoDraw = true
15.071289999992587	EXP	trial_label_right: autoDraw = true
15.071289999992587	EXP	trial_label_left_new: autoDraw = true
15.073600000003353	DATA	Mouse: 0 button down, pos=(726.3333549797535,640.0000190734863)
15.565174999996088	EXP	fixation_mask: autoDraw = false
15.594455000013113	EXP	prime_text: autoDraw = true
15.611260000034235	EXP	prime_text: autoDraw = false
15.631564999988768	EXP	target: autoDraw = true
17.628750000032596	EXP	target: autoDraw = false
17.628750000032596	EXP	button_left: autoDraw = false
17.628750000032596	EXP	button_right: autoDraw = false
17.628750000032596	EXP	trial_label_right: autoDraw = false
17.628750000032596	EXP	trial_label_left_new: autoDraw = false
17.628750000032596	EXP	fixation_mask: autoDraw = false
17.628750000032596	EXP	prime_text: autoDraw = false
17.628750000032596	EXP	target: autoDraw = false
17.628750000032596	EXP	button_left: autoDraw = false
17.628750000032596	EXP	button_right: autoDraw = false
17.628750000032596	EXP	trial_label_right: autoDraw = false
17.628750000032596	EXP	trial_label_left_new: autoDraw = false
17.628750000032596	EXP	feedback_text: color = {"_hex":"#000000","_rgb":[0,0,0]}
17.628750000032596	EXP	feedback_text: text = "Too slow!"
17.628750000032596	EXP	feedback_text: autoDraw = true
17.628750000032596	EXP	button_left_2: autoDraw = true
17.628750000032596	EXP	button_right_2: autoDraw = true
17.628750000032596	EXP	trial_label_left_2: autoDraw = true
17.628750000032596	EXP	trial_label_right_2: autoDraw = true
18.111109999998007	EXP	feedback_text: autoDraw = false
18.111109999998007	EXP	button_left_2: autoDraw = false
18.111109999998007	EXP	button_right_2: autoDraw = false
18.111109999998007	EXP	trial_label_left_2: autoDraw = false
18.111109999998007	EXP	trial_label_right_2: autoDraw = false
18.111109999998007	EXP	feedback_text: autoDraw = false
18.111109999998007	EXP	button_left_2: autoDraw = false
18.111109999998007	EXP	button_right_2: autoDraw = false
18.111109999998007	EXP	trial_label_left_2: autoDraw = false
18.111109999998007	EXP	trial_label_right_2: autoDraw = false
18.111109999998007	EXP	prime_text: text = "abound"
18.111109999998007	EXP	target: text = "SQUEAK"
18.111109999998007	EXP	target: font = "Courier New"
18.111109999998007	EXP	fixation_mask: autoDraw = true
18.111109999998007	EXP	button_left: autoDraw = true
18.111109999998007	EXP	button_right: autoDraw = true
18.111109999998007	EXP	trial_label_right: autoDraw = true
18.111109999998007	EXP	trial_label_left_new: autoDraw = true
18.6030449999962	EXP	fixation_mask: autoDraw = false
18.631865000003017	EXP	prime_text: autoDraw = true
18.64942000003066	EXP	prime_text: autoDraw = false
18.64942000003066	EXP	target: autoDraw = true
20.869485000032	EXP	target: autoDraw = false
20.869485000032	EXP	button_left: autoDraw = false
20.869485000032	EXP	button_right: autoDraw = false
20.869485000032	EXP	trial_label_right: autoDraw = false
20.869485000032	EXP	trial_label_left_new: autoDraw = false
20.869485000032	EXP	fixation_mask: autoDraw = false
20.869485000032	EXP	prime_text: autoDraw = false
20.869485000032	EXP	target: autoDraw = false
20.869485000032	EXP	button_left: autoDraw = false
20.869485000032	EXP	button_right: autoDraw = false
20.869485000032	EXP	trial_label_right: autoDraw = false
20.869485000032	EXP	trial_label_left_new: autoDraw = false
20.869485000032	EXP	feedback_text: color = {"_hex":"#000000","_rgb":[0,0,0]}
20.869485000032	EXP	feedback_text: text = "Too slow!"
20.869485000032	EXP	feedback_text: autoDraw = true
20.869485000032	EXP	button_left_2: autoDraw = true
20.869485000032	EXP	button_right_2: autoDraw = true
20.869485000032	EXP	trial_label_left_2: autoDraw = true
20.869485000032	EXP	trial_label_right_2: autoDraw = true
21.35142999998061	EXP	feedback_text: autoDraw = false
21.35142999998061	EXP	button_left_2: autoDraw = false
21.35142999998061	EXP	button_right_2: autoDraw = false
21.35142999998061	EXP	trial_label_left_2: autoDraw = false
21.35142999998061	EXP	trial_label_right_2: autoDraw = false
21.35142999998061	EXP	feedback_text: autoDraw = false
21.35142999998061	EXP	button_left_2: autoDraw = false
21.35142999998061	EXP	button_right_2: autoDraw = false
21.35142999998061	EXP	trial_label_left_2: autoDraw = false
21.35142999998061	EXP	trial_label_right_2: autoDraw = false
21.35142999998061	EXP	prime_text: text = "matrix"
21.35142999998061	EXP	target: text = "MATRIX"
21.35142999998061	EXP	target: font = "Courier New"
21.35142999998061	EXP	fixation_mask: autoDraw = true
21.35142999998061	EXP	button_left: autoDraw = true
21.35142999998061	EXP	button_right: autoDraw = true
21.35142999998061	EXP	trial_label_right: autoDraw = true
21.35142999998061	EXP	trial_label_left_new: autoDraw = true
21.87953999999445	EXP	fixation_mask: autoDraw = false
21.87953999999445	EXP	prime_text: autoDraw = true
21.89877999998862	EXP	prime_text: autoDraw = false
21.89877999998862	EXP	target: autoDraw = true
23.92055999999866	EXP	target: autoDraw = false
23.92055999999866	EXP	button_left: autoDraw = false
23.92055999999866	EXP	button_right: autoDraw = false
23.92055999999866	EXP	trial_label_right: autoDraw = false
23.92055999999866	EXP	trial_label_left_new: autoDraw = false
23.92055999999866	EXP	fixation_mask: autoDraw = false
23.92055999999866	EXP	prime_text: autoDraw = false
23.92055999999866	EXP	target: autoDraw = false
23.92055999999866	EXP	button_left: autoDraw = false
23.92055999999866	EXP	button_right: autoDraw = false
23.92055999999866	EXP	trial_label_right: autoDraw = false
23.92055999999866	EXP	trial_label_left_new: autoDraw = false
23.92055999999866	EXP	feedback_text: color = {"_hex":"#000000","_rgb":[0,0,0]}
23.92055999999866	EXP	feedback_text: text = "Too slow!"
23.92055999999866	EXP	feedback_text: autoDraw = true
23.92055999999866	EXP	button_left_2: autoDraw = true
23.92055999999866	EXP	button_right_2: autoDraw = true
23.92055999999866	EXP	trial_label_left_2: autoDraw = true
23.92055999999866	EXP	trial_label_right_2: autoDraw = true
24.391189999994822	EXP	feedback_text: autoDraw = false
24.391189999994822	EXP	button_left_2: autoDraw = false
24.391189999994822	EXP	button_right_2: autoDraw = false
24.391189999994822	EXP	trial_label_left_2: autoDraw = false
24.391189999994822	EXP	trial_label_right_2: autoDraw = false
24.391189999994822	EXP	feedback_text: autoDraw = false
24.391189999994822	EXP	button_left_2: autoDraw = false
24.391189999994822	EXP	button_right_2: autoDraw = false
24.391189999994822	EXP	trial_label_left_2: autoDraw = false
24.391189999994822	EXP	trial_label_right_2: autoDraw = false
24.391189999994822	EXP	prime_text: text = "tropic"
24.391189999994822	EXP	target: text = "ZOMBIE"
24.391189999994822	EXP	target: font = "Courier New"
24.391189999994822	EXP	fixation_mask: autoDraw = true
24.391189999994822	EXP	button_left: autoDraw = true
24.391189999994822	EXP	button_right: autoDraw = true
24.391189999994822	EXP	trial_label_right: autoDraw = true
24.391189999994822	EXP	trial_label_left_new: autoDraw = true
24.673134999989998	DATA	Keydown: Escape
