0.19100000000000006	EXP	Created Window = Window( name=Window, fullscr=true, color=#ffffff, units=height, waitBlanking=true, autoLog=true, size=[1924,1008] )
2.2190000000000003	EXP	Created instructions = TextStim( name=instructions, win=Window( name=Window, fullscr=true, color=#ffffff, ~), autoDraw=null, autoLog=true, units=height, ori=null, opacity=1, pos=[0,0], size=undefined, text=default text, font=Courier New, color=#000000, contrast=1, height=0.035, bold=null, italic=null, alignHoriz=left, alignVert=center, wrapWidth=1, flipHoriz=null, flipVert=null )
2.224	EXP	Created instr_done_button = Rect( name=instr_done_button, win=Window( name=Window, fullscr=true, color=#ffffff, ~), autoDraw=null, autoLog=true, units=height, ori=null, opacity=1, pos=[0,-0.4], size=[1,1], lineWidth=1, lineColor=#000000, fillColor=#FFFFFF, vertices=[[-0.2,-0.05],[0.2,-0.05],[0.2,0.05],[-0.2,0.05]], closeShape=true, contrast=1, depth=-2, interpolate=true, width=0.4, height=0.1 )
2.226	EXP	Created instr_done_label = TextStim( name=instr_done_label, win=Window( name=Window, fullscr=true, color=#ffffff, ~), autoDraw=null, autoLog=true, units=height, ori=null, opacity=1, pos=[0,-0.4], size=undefined, text=Continue, font=Courier New, color=#000000, contrast=1, height=0.05, bold=null, italic=null, alignHoriz=left, alignVert=center, wrapWidth=1, flipHoriz=null, flipVert=null )
2.2329999999999997	EXP	Created instructions_image = ImageStim( name=instructions_image, win=Window( name=Window, fullscr=true, color=#ffffff, ~), autoDraw=null, autoLog=true, units=height, ori=null, opacity=1, pos=[0,0], size=[0.4,0.3], image=undefined, mask=undefined, color=#ffffff, contrast=1, texRes=128, interpolate=true, depth=-6, flipHoriz=null, flipVert=null )
2.234	EXP	Created fixation_mask = TextStim( name=fixation_mask, win=Window( name=Window, fullscr=true, color=#ffffff, ~), autoDraw=null, autoLog=true, units=height, ori=null, opacity=1, pos=[0,0], size=undefined, text=######, font=Courier New, color=#000000, contrast=1, height=0.1, bold=null, italic=null, alignHoriz=left, alignVert=center, wrapWidth=1, flipHoriz=null, flipVert=null )
2.2359999999999998	EXP	Created prime_text = TextStim( name=prime_text, win=Window( name=Window, fullscr=true, color=#ffffff, ~), autoDraw=null, autoLog=true, units=height, ori=null, opacity=1, pos=[0,0], size=undefined, text=default text, font=Courier New, color=#000000, contrast=1, height=0.1, bold=null, italic=null, alignHoriz=left, alignVert=center, wrapWidth=1, flipHoriz=null, flipVert=null )
2.2380000000000004	EXP	Created target = TextStim( name=target, win=Window( name=Window, fullscr=true, color=#ffffff, ~), autoDraw=null, autoLog=true, units=height, ori=null, opacity=1, pos=[0,0], size=undefined, text=default text, font=Arial, color=#000000, contrast=1, height=0.1, bold=null, italic=null, alignHoriz=left, alignVert=center, wrapWidth=1, flipHoriz=null, flipVert=null )
2.2409999999999997	EXP	Created button_left = Rect( name=button_left, win=Window( name=Window, fullscr=true, color=#ffffff, ~), autoDraw=null, autoLog=true, units=height, ori=null, opacity=1, pos=[-0.4,-0.3], size=[1,1], lineWidth=1, lineColor=#000000, fillColor=#FFFFFF, vertices=[[-0.2,-0.1],[0.2,-0.1],[0.2,0.1],[-0.2,0.1]], closeShape=true, contrast=1, depth=-5, interpolate=true, width=0.4, height=0.2 )
2.2439999999999998	EXP	Created button_right = Rect( name=button_right, win=Window( name=Window, fullscr=true, color=#ffffff, ~), autoDraw=null, autoLog=true, units=height, ori=null, opacity=1, pos=[0.4,-0.3], size=[1,1], lineWidth=1, lineColor=#000000, fillColor=#FFFFFF, vertices=[[-0.2,-0.1],[0.2,-0.1],[0.2,0.1],[-0.2,0.1]], closeShape=true, contrast=1, depth=-6, interpolate=true, width=0.4, height=0.2 )
2.247	EXP	Created trial_label_right = TextStim( name=trial_label_right, win=Window( name=Window, fullscr=true, color=#ffffff, ~), autoDraw=null, autoLog=true, units=height, ori=null, opacity=1, pos=[0.4,-0.3], size=undefined, text=M = Word, font=Courier New, color=#000000, contrast=1, height=0.05, bold=null, italic=null, alignHoriz=left, alignVert=center, wrapWidth=1, flipHoriz=null, flipVert=null )
2.2489999999999997	EXP	Created trial_label_left_new = TextStim( name=trial_label_left_new, win=Window( name=Window, fullscr=true, color=#ffffff, ~), autoDraw=null, autoLog=true, units=height, ori=null, opacity=1, pos=[-0.4,-0.3], size=undefined, text=Z = Nonword, font=Courier New, color=#000000, contrast=1, height=0.05, bold=null, italic=null, alignHoriz=left, alignVert=center, wrapWidth=1, flipHoriz=null, flipVert=null )
2.2510000000000003	EXP	Created feedback_text = TextStim( name=feedback_text, win=Window( name=Window, fullscr=true, color=#ffffff, ~), autoDraw=null, autoLog=true, units=height, ori=null, opacity=1, pos=[0,0], size=undefined, text=default text, font=Courier New, color=#FFFFFF, contrast=1, height=0.05, bold=null, italic=null, alignHoriz=left, alignVert=center, wrapWidth=1, flipHoriz=null, flipVert=null )
2.255	EXP	Created button_left_2 = Rect( name=button_left_2, win=Window( name=Window, fullscr=true, color=#ffffff, ~), autoDraw=null, autoLog=true, units=height, ori=null, opacity=1, pos=[-0.4,-0.3], size=[1,1], lineWidth=1, lineColor=#000000, fillColor=#FFFFFF, vertices=[[-0.2,-0.1],[0.2,-0.1],[0.2,0.1],[-0.2,0.1]], closeShape=true, contrast=1, depth=-2, interpolate=true, width=0.4, height=0.2 )
2.2590000000000003	EXP	Created button_right_2 = Rect( name=button_right_2, win=Window( name=Window, fullscr=true, color=#ffffff, ~), autoDraw=null, autoLog=true, units=height, ori=null, opacity=1, pos=[0.4,-0.3], size=[1,1], lineWidth=1, lineColor=#000000, fillColor=#FFFFFF, vertices=[[-0.2,-0.1],[0.2,-0.1],[0.2,0.1],[-0.2,0.1]], closeShape=true, contrast=1, depth=-3, interpolate=true, width=0.4, height=0.2 )
2.261	EXP	Created trial_label_left_2 = TextStim( name=trial_label_left_2, win=Window( name=Window, fullscr=true, color=#ffffff, ~), autoDraw=null, autoLog=true, units=height, ori=null, opacity=1, pos=[-0.4,-0.3], size=undefined, text=M = Nonword, font=Courier New, color=#000000, contrast=1, height=0.05, bold=null, italic=null, alignHoriz=left, alignVert=center, wrapWidth=1, flipHoriz=null, flipVert=null )
2.2640000000000002	EXP	Created trial_label_right_2 = TextStim( name=trial_label_right_2, win=Window( name=Window, fullscr=true, color=#ffffff, ~), autoDraw=null, autoLog=true, units=height, ori=null, opacity=1, pos=[0.4,-0.3], size=undefined, text=Z = Word, font=Courier New, color=#000000, contrast=1, height=0.05, bold=null, italic=null, alignHoriz=left, alignVert=center, wrapWidth=1, flipHoriz=null, flipVert=null )
2.266	EXP	Created instructions = TextStim( name=instructions, win=Window( name=Window, fullscr=true, color=#ffffff, ~), autoDraw=null, autoLog=true, units=height, ori=null, opacity=1, pos=[0,0], size=undefined, text=default text, font=Courier New, color=#000000, contrast=1, height=0.035, bold=null, italic=null, alignHoriz=left, alignVert=center, wrapWidth=1, flipHoriz=null, flipVert=null )
2.29	EXP	Created instr_done_button = Rect( name=instr_done_button, win=Window( name=Window, fullscr=true, color=#ffffff, ~), autoDraw=null, autoLog=true, units=height, ori=null, opacity=1, pos=[0,-0.4], size=[1,1], lineWidth=1, lineColor=#000000, fillColor=#FFFFFF, vertices=[[-0.2,-0.05],[0.2,-0.05],[0.2,0.05],[-0.2,0.05]], closeShape=true, contrast=1, depth=-2, interpolate=true, width=0.4, height=0.1 )
2.292	EXP	Created instr_done_label = TextStim( name=instr_done_label, win=Window( name=Window, fullscr=true, color=#ffffff, ~), autoDraw=null, autoLog=true, units=height, ori=null, opacity=1, pos=[0,-0.4], size=undefined, text=Continue, font=Courier New, color=#000000, contrast=1, height=0.05, bold=null, italic=null, alignHoriz=left, alignVert=center, wrapWidth=1, flipHoriz=null, flipVert=null )
2.298	EXP	Created instructions_image = ImageStim( name=instructions_image, win=Window( name=Window, fullscr=true, color=#ffffff, ~), autoDraw=null, autoLog=true, units=height, ori=null, opacity=1, pos=[0,0], size=[0.4,0.3], image=undefined, mask=undefined, color=#ffffff, contrast=1, texRes=128, interpolate=true, depth=-6, flipHoriz=null, flipVert=null )
2.301	EXP	Created fixation_mask = TextStim( name=fixation_mask, win=Window( name=Window, fullscr=true, color=#ffffff, ~), autoDraw=null, autoLog=true, units=height, ori=null, opacity=1, pos=[0,0], size=undefined, text=######, font=Courier New, color=#000000, contrast=1, height=0.1, bold=null, italic=null, alignHoriz=left, alignVert=center, wrapWidth=1, flipHoriz=null, flipVert=null )
2.303	EXP	Created prime_text = TextStim( name=prime_text, win=Window( name=Window, fullscr=true, color=#ffffff, ~), autoDraw=null, autoLog=true, units=height, ori=null, opacity=1, pos=[0,0], size=undefined, text=default text, font=Courier New, color=#000000, contrast=1, height=0.1, bold=null, italic=null, alignHoriz=left, alignVert=center, wrapWidth=1, flipHoriz=null, flipVert=null )
2.3049999999999997	EXP	Created target = TextStim( name=target, win=Window( name=Window, fullscr=true, color=#ffffff, ~), autoDraw=null, autoLog=true, units=height, ori=null, opacity=1, pos=[0,0], size=undefined, text=default text, font=Arial, color=#000000, contrast=1, height=0.1, bold=null, italic=null, alignHoriz=left, alignVert=center, wrapWidth=1, flipHoriz=null, flipVert=null )
2.3070000000000004	EXP	Created button_left = Rect( name=button_left, win=Window( name=Window, fullscr=true, color=#ffffff, ~), autoDraw=null, autoLog=true, units=height, ori=null, opacity=1, pos=[-0.4,-0.3], size=[1,1], lineWidth=1, lineColor=#000000, fillColor=#FFFFFF, vertices=[[-0.2,-0.1],[0.2,-0.1],[0.2,0.1],[-0.2,0.1]], closeShape=true, contrast=1, depth=-5, interpolate=true, width=0.4, height=0.2 )
2.309	EXP	Created button_right = Rect( name=button_right, win=Window( name=Window, fullscr=true, color=#ffffff, ~), autoDraw=null, autoLog=true, units=height, ori=null, opacity=1, pos=[0.4,-0.3], size=[1,1], lineWidth=1, lineColor=#000000, fillColor=#FFFFFF, vertices=[[-0.2,-0.1],[0.2,-0.1],[0.2,0.1],[-0.2,0.1]], closeShape=true, contrast=1, depth=-6, interpolate=true, width=0.4, height=0.2 )
2.3100000000000005	EXP	Created trial_label_right = TextStim( name=trial_label_right, win=Window( name=Window, fullscr=true, color=#ffffff, ~), autoDraw=null, autoLog=true, units=height, ori=null, opacity=1, pos=[0.4,-0.3], size=undefined, text=M = Word, font=Courier New, color=#000000, contrast=1, height=0.05, bold=null, italic=null, alignHoriz=left, alignVert=center, wrapWidth=1, flipHoriz=null, flipVert=null )
2.311	EXP	Created trial_label_left_new = TextStim( name=trial_label_left_new, win=Window( name=Window, fullscr=true, color=#ffffff, ~), autoDraw=null, autoLog=true, units=height, ori=null, opacity=1, pos=[-0.4,-0.3], size=undefined, text=Z = Nonword, font=Courier New, color=#000000, contrast=1, height=0.05, bold=null, italic=null, alignHoriz=left, alignVert=center, wrapWidth=1, flipHoriz=null, flipVert=null )
2.3129999999999997	EXP	Created feedback_text = TextStim( name=feedback_text, win=Window( name=Window, fullscr=true, color=#ffffff, ~), autoDraw=null, autoLog=true, units=height, ori=null, opacity=1, pos=[0,0], size=undefined, text=default text, font=Courier New, color=#FFFFFF, contrast=1, height=0.05, bold=null, italic=null, alignHoriz=left, alignVert=center, wrapWidth=1, flipHoriz=null, flipVert=null )
2.3180000000000005	EXP	Created button_left_2 = Rect( name=button_left_2, win=Window( name=Window, fullscr=true, color=#ffffff, ~), autoDraw=null, autoLog=true, units=height, ori=null, opacity=1, pos=[-0.4,-0.3], size=[1,1], lineWidth=1, lineColor=#000000, fillColor=#FFFFFF, vertices=[[-0.2,-0.1],[0.2,-0.1],[0.2,0.1],[-0.2,0.1]], closeShape=true, contrast=1, depth=-2, interpolate=true, width=0.4, height=0.2 )
2.3209999999999997	EXP	Created button_right_2 = Rect( name=button_right_2, win=Window( name=Window, fullscr=true, color=#ffffff, ~), autoDraw=null, autoLog=true, units=height, ori=null, opacity=1, pos=[0.4,-0.3], size=[1,1], lineWidth=1, lineColor=#000000, fillColor=#FFFFFF, vertices=[[-0.2,-0.1],[0.2,-0.1],[0.2,0.1],[-0.2,0.1]], closeShape=true, contrast=1, depth=-3, interpolate=true, width=0.4, height=0.2 )
2.322	EXP	Created trial_label_left_2 = TextStim( name=trial_label_left_2, win=Window( name=Window, fullscr=true, color=#ffffff, ~), autoDraw=null, autoLog=true, units=height, ori=null, opacity=1, pos=[-0.4,-0.3], size=undefined, text=M = Nonword, font=Courier New, color=#000000, contrast=1, height=0.05, bold=null, italic=null, alignHoriz=left, alignVert=center, wrapWidth=1, flipHoriz=null, flipVert=null )
2.3230000000000004	EXP	Created trial_label_right_2 = TextStim( name=trial_label_right_2, win=Window( name=Window, fullscr=true, color=#ffffff, ~), autoDraw=null, autoLog=true, units=height, ori=null, opacity=1, pos=[0.4,-0.3], size=undefined, text=Z = Word, font=Courier New, color=#000000, contrast=1, height=0.05, bold=null, italic=null, alignHoriz=left, alignVert=center, wrapWidth=1, flipHoriz=null, flipVert=null )
2.324	EXP	Created break_text = TextStim( name=break_text, win=Window( name=Window, fullscr=true, color=#ffffff, ~), autoDraw=null, autoLog=true, units=height, ori=null, opacity=1, pos=[0,0], size=undefined, text=default text, font=Courier New, color=#000000, contrast=1, height=0.05, bold=null, italic=null, alignHoriz=left, alignVert=center, wrapWidth=1, flipHoriz=null, flipVert=null )
2.3280000000000003	EXP	Created break_done_button = Rect( name=break_done_button, win=Window( name=Window, fullscr=true, color=#ffffff, ~), autoDraw=null, autoLog=true, units=height, ori=null, opacity=1, pos=[0,-0.4], size=[1,1], lineWidth=1, lineColor=#000000, fillColor=#FFFFFF, vertices=[[-0.2,-0.05],[0.2,-0.05],[0.2,0.05],[-0.2,0.05]], closeShape=true, contrast=1, depth=-4, interpolate=true, width=0.4, height=0.1 )
2.3310000000000004	EXP	Created break_done_button_label = TextStim( name=break_done_button_label, win=Window( name=Window, fullscr=true, color=#ffffff, ~), autoDraw=null, autoLog=true, units=height, ori=null, opacity=1, pos=[0,-0.4], size=undefined, text=Continue, font=Courier New, color=#000000, contrast=1, height=0.05, bold=null, italic=null, alignHoriz=left, alignVert=center, wrapWidth=1, flipHoriz=null, flipVert=null )
2.332	EXP	Created thank_you = TextStim( name=thank_you, win=Window( name=Window, fullscr=true, color=#ffffff, ~), autoDraw=null, autoLog=true, units=height, ori=null, opacity=1, pos=[0,0], size=undefined, text=This is the end of the experiment.

Please do not ~, font=Courier New, color=#000000, contrast=1, height=1, bold=null, italic=null, alignHoriz=left, alignVert=center, wrapWidth=1, flipHoriz=null, flipVert=null )
2.46	EXP	instructions: units = "height"
2.46	EXP	instructions: ori = 0
2.46	EXP	instructions: opacity = 1
2.46	EXP	instructions: pos = [0,0]
2.46	EXP	instructions: size = undefined
2.46	EXP	instructions: text = "default text"
2.46	EXP	instructions: font = "Courier New"
2.46	EXP	instructions: color = {"_hex":"#000000","_rgb":[0,0,0]}
2.46	EXP	instructions: contrast = 1
2.46	EXP	instructions: height = 0.035
2.46	EXP	instructions: bold = false
2.46	EXP	instructions: italic = false
2.46	EXP	instructions: alignHoriz = "left"
2.46	EXP	instructions: alignVert = "center"
2.46	EXP	instructions: wrapWidth = 1
2.46	EXP	instructions: flipHoriz = false
2.46	EXP	instructions: flipVert = false
2.46	EXP	instr_done_button: units = "height"
2.46	EXP	instr_done_button: ori = 0
2.46	EXP	instr_done_button: opacity = 1
2.46	EXP	instr_done_button: pos = [0,-0.4]
2.46	EXP	instr_done_button: size = [1,1]
2.46	EXP	instr_done_button: lineWidth = 1
2.46	EXP	instr_done_button: lineColor = {"_hex":"#000000","_rgb":[0,0,0]}
2.46	EXP	instr_done_button: fillColor = {"_hex":"#FFFFFF","_rgb":[1,1,1]}
2.46	EXP	instr_done_button: vertices = [[-0.5,0],[0,0.5],[0.5,0]]
2.46	EXP	instr_done_button: closeShape = true
2.46	EXP	instr_done_button: contrast = 1
2.46	EXP	instr_done_button: depth = -2
2.46	EXP	instr_done_button: interpolate = true
2.46	EXP	instr_done_button: width = 0.4
2.46	EXP	instr_done_button: vertices = [[-0.2,null],[0.2,null],[0.2,null],[-0.2,null]]
2.46	EXP	instr_done_button: height = 0.1
2.46	EXP	instr_done_button: vertices = [[-0.2,-0.05],[0.2,-0.05],[0.2,0.05],[-0.2,0.05]]
2.46	EXP	instr_done_button: vertices = [[-0.2,-0.05],[0.2,-0.05],[0.2,0.05],[-0.2,0.05]]
2.46	EXP	instr_done_label: units = "height"
2.46	EXP	instr_done_label: ori = 0
2.46	EXP	instr_done_label: opacity = 1
2.46	EXP	instr_done_label: pos = [0,-0.4]
2.46	EXP	instr_done_label: size = undefined
2.46	EXP	instr_done_label: text = "Continue"
2.46	EXP	instr_done_label: font = "Courier New"
2.46	EXP	instr_done_label: color = {"_hex":"#000000","_rgb":[0,0,0]}
2.46	EXP	instr_done_label: contrast = 1
2.46	EXP	instr_done_label: height = 0.05
2.46	EXP	instr_done_label: bold = false
2.46	EXP	instr_done_label: italic = false
2.46	EXP	instr_done_label: alignHoriz = "left"
2.46	EXP	instr_done_label: alignVert = "center"
2.46	EXP	instr_done_label: wrapWidth = 1
2.46	EXP	instr_done_label: flipHoriz = false
2.46	EXP	instr_done_label: flipVert = false
2.46	EXP	instructions_image: units = "height"
2.46	EXP	instructions_image: ori = 0
2.46	EXP	instructions_image: opacity = 1
2.46	EXP	instructions_image: pos = [0,0]
2.46	EXP	instructions_image: size = [0.4,0.3]
2.46	EXP	instructions_image: image = undefined
2.46	EXP	instructions_image: mask = undefined
2.46	EXP	instructions_image: color = {"_rgb":[1,1,1]}
2.46	EXP	instructions_image: contrast = 1
2.46	EXP	instructions_image: texRes = 128
2.46	EXP	instructions_image: interpolate = true
2.46	EXP	instructions_image: depth = -6
2.46	EXP	instructions_image: flipHoriz = false
2.46	EXP	instructions_image: flipVert = false
2.46	EXP	fixation_mask: units = "height"
2.46	EXP	fixation_mask: ori = 0
2.46	EXP	fixation_mask: opacity = 1
2.46	EXP	fixation_mask: pos = [0,0]
2.46	EXP	fixation_mask: size = undefined
2.46	EXP	fixation_mask: text = "######"
2.46	EXP	fixation_mask: font = "Courier New"
2.46	EXP	fixation_mask: color = {"_hex":"#000000","_rgb":[0,0,0]}
2.46	EXP	fixation_mask: contrast = 1
2.46	EXP	fixation_mask: height = 0.1
2.46	EXP	fixation_mask: bold = false
2.46	EXP	fixation_mask: italic = false
2.46	EXP	fixation_mask: alignHoriz = "left"
2.46	EXP	fixation_mask: alignVert = "center"
2.46	EXP	fixation_mask: wrapWidth = 1
2.46	EXP	fixation_mask: flipHoriz = false
2.46	EXP	fixation_mask: flipVert = false
2.46	EXP	prime_text: units = "height"
2.46	EXP	prime_text: ori = 0
2.46	EXP	prime_text: opacity = 1
2.46	EXP	prime_text: pos = [0,0]
2.46	EXP	prime_text: size = undefined
2.46	EXP	prime_text: text = "default text"
2.46	EXP	prime_text: font = "Courier New"
2.46	EXP	prime_text: color = {"_hex":"#000000","_rgb":[0,0,0]}
2.46	EXP	prime_text: contrast = 1
2.46	EXP	prime_text: height = 0.1
2.46	EXP	prime_text: bold = false
2.46	EXP	prime_text: italic = false
2.46	EXP	prime_text: alignHoriz = "left"
2.46	EXP	prime_text: alignVert = "center"
2.46	EXP	prime_text: wrapWidth = 1
2.46	EXP	prime_text: flipHoriz = false
2.46	EXP	prime_text: flipVert = false
2.46	EXP	target: units = "height"
2.46	EXP	target: ori = 0
2.46	EXP	target: opacity = 1
2.46	EXP	target: pos = [0,0]
2.46	EXP	target: size = undefined
2.46	EXP	target: text = "default text"
2.46	EXP	target: font = "Arial"
2.46	EXP	target: color = {"_hex":"#000000","_rgb":[0,0,0]}
2.46	EXP	target: contrast = 1
2.46	EXP	target: height = 0.1
2.46	EXP	target: bold = false
2.46	EXP	target: italic = false
2.46	EXP	target: alignHoriz = "left"
2.46	EXP	target: alignVert = "center"
2.46	EXP	target: wrapWidth = 1
2.46	EXP	target: flipHoriz = false
2.46	EXP	target: flipVert = false
2.46	EXP	button_left: units = "height"
2.46	EXP	button_left: ori = 0
2.46	EXP	button_left: opacity = 1
2.46	EXP	button_left: pos = [-0.4,-0.3]
2.46	EXP	button_left: size = [1,1]
2.46	EXP	button_left: lineWidth = 1
2.46	EXP	button_left: lineColor = {"_hex":"#000000","_rgb":[0,0,0]}
2.46	EXP	button_left: fillColor = {"_hex":"#FFFFFF","_rgb":[1,1,1]}
2.46	EXP	button_left: vertices = [[-0.5,0],[0,0.5],[0.5,0]]
2.46	EXP	button_left: closeShape = true
2.46	EXP	button_left: contrast = 1
2.46	EXP	button_left: depth = -5
2.46	EXP	button_left: interpolate = true
2.46	EXP	button_left: width = 0.4
2.46	EXP	button_left: vertices = [[-0.2,null],[0.2,null],[0.2,null],[-0.2,null]]
2.46	EXP	button_left: height = 0.2
2.46	EXP	button_left: vertices = [[-0.2,-0.1],[0.2,-0.1],[0.2,0.1],[-0.2,0.1]]
2.46	EXP	button_left: vertices = [[-0.2,-0.1],[0.2,-0.1],[0.2,0.1],[-0.2,0.1]]
2.46	EXP	button_right: units = "height"
2.46	EXP	button_right: ori = 0
2.46	EXP	button_right: opacity = 1
2.46	EXP	button_right: pos = [0.4,-0.3]
2.46	EXP	button_right: size = [1,1]
2.46	EXP	button_right: lineWidth = 1
2.46	EXP	button_right: lineColor = {"_hex":"#000000","_rgb":[0,0,0]}
2.46	EXP	button_right: fillColor = {"_hex":"#FFFFFF","_rgb":[1,1,1]}
2.46	EXP	button_right: vertices = [[-0.5,0],[0,0.5],[0.5,0]]
2.46	EXP	button_right: closeShape = true
2.46	EXP	button_right: contrast = 1
2.46	EXP	button_right: depth = -6
2.46	EXP	button_right: interpolate = true
2.46	EXP	button_right: width = 0.4
2.46	EXP	button_right: vertices = [[-0.2,null],[0.2,null],[0.2,null],[-0.2,null]]
2.46	EXP	button_right: height = 0.2
2.46	EXP	button_right: vertices = [[-0.2,-0.1],[0.2,-0.1],[0.2,0.1],[-0.2,0.1]]
2.46	EXP	button_right: vertices = [[-0.2,-0.1],[0.2,-0.1],[0.2,0.1],[-0.2,0.1]]
2.46	EXP	trial_label_right: units = "height"
2.46	EXP	trial_label_right: ori = 0
2.46	EXP	trial_label_right: opacity = 1
2.46	EXP	trial_label_right: pos = [0.4,-0.3]
2.46	EXP	trial_label_right: size = undefined
2.46	EXP	trial_label_right: text = "M = Word"
2.46	EXP	trial_label_right: font = "Courier New"
2.46	EXP	trial_label_right: color = {"_hex":"#000000","_rgb":[0,0,0]}
2.46	EXP	trial_label_right: contrast = 1
2.46	EXP	trial_label_right: height = 0.05
2.46	EXP	trial_label_right: bold = false
2.46	EXP	trial_label_right: italic = false
2.46	EXP	trial_label_right: alignHoriz = "left"
2.46	EXP	trial_label_right: alignVert = "center"
2.46	EXP	trial_label_right: wrapWidth = 1
2.46	EXP	trial_label_right: flipHoriz = false
2.46	EXP	trial_label_right: flipVert = false
2.46	EXP	trial_label_left_new: units = "height"
2.46	EXP	trial_label_left_new: ori = 0
2.46	EXP	trial_label_left_new: opacity = 1
2.46	EXP	trial_label_left_new: pos = [-0.4,-0.3]
2.46	EXP	trial_label_left_new: size = undefined
2.46	EXP	trial_label_left_new: text = "Z = Nonword"
2.46	EXP	trial_label_left_new: font = "Courier New"
2.46	EXP	trial_label_left_new: color = {"_hex":"#000000","_rgb":[0,0,0]}
2.46	EXP	trial_label_left_new: contrast = 1
2.46	EXP	trial_label_left_new: height = 0.05
2.46	EXP	trial_label_left_new: bold = false
2.46	EXP	trial_label_left_new: italic = false
2.46	EXP	trial_label_left_new: alignHoriz = "left"
2.46	EXP	trial_label_left_new: alignVert = "center"
2.46	EXP	trial_label_left_new: wrapWidth = 1
2.46	EXP	trial_label_left_new: flipHoriz = false
2.46	EXP	trial_label_left_new: flipVert = false
2.46	EXP	feedback_text: units = "height"
2.46	EXP	feedback_text: ori = 0
2.46	EXP	feedback_text: opacity = 1
2.46	EXP	feedback_text: pos = [0,0]
2.46	EXP	feedback_text: size = undefined
2.46	EXP	feedback_text: text = "default text"
2.46	EXP	feedback_text: font = "Courier New"
2.46	EXP	feedback_text: color = {"_hex":"#FFFFFF","_rgb":[1,1,1]}
2.46	EXP	feedback_text: contrast = 1
2.46	EXP	feedback_text: height = 0.05
2.46	EXP	feedback_text: bold = false
2.46	EXP	feedback_text: italic = false
2.46	EXP	feedback_text: alignHoriz = "left"
2.46	EXP	feedback_text: alignVert = "center"
2.46	EXP	feedback_text: wrapWidth = 1
2.46	EXP	feedback_text: flipHoriz = false
2.46	EXP	feedback_text: flipVert = false
2.46	EXP	button_left_2: units = "height"
2.46	EXP	button_left_2: ori = 0
2.46	EXP	button_left_2: opacity = 1
2.46	EXP	button_left_2: pos = [-0.4,-0.3]
2.46	EXP	button_left_2: size = [1,1]
2.46	EXP	button_left_2: lineWidth = 1
2.46	EXP	button_left_2: lineColor = {"_hex":"#000000","_rgb":[0,0,0]}
2.46	EXP	button_left_2: fillColor = {"_hex":"#FFFFFF","_rgb":[1,1,1]}
2.46	EXP	button_left_2: vertices = [[-0.5,0],[0,0.5],[0.5,0]]
2.46	EXP	button_left_2: closeShape = true
2.46	EXP	button_left_2: contrast = 1
2.46	EXP	button_left_2: depth = -2
2.46	EXP	button_left_2: interpolate = true
2.46	EXP	button_left_2: width = 0.4
2.46	EXP	button_left_2: vertices = [[-0.2,null],[0.2,null],[0.2,null],[-0.2,null]]
2.46	EXP	button_left_2: height = 0.2
2.46	EXP	button_left_2: vertices = [[-0.2,-0.1],[0.2,-0.1],[0.2,0.1],[-0.2,0.1]]
2.46	EXP	button_left_2: vertices = [[-0.2,-0.1],[0.2,-0.1],[0.2,0.1],[-0.2,0.1]]
2.46	EXP	button_right_2: units = "height"
2.46	EXP	button_right_2: ori = 0
2.46	EXP	button_right_2: opacity = 1
2.46	EXP	button_right_2: pos = [0.4,-0.3]
2.46	EXP	button_right_2: size = [1,1]
2.46	EXP	button_right_2: lineWidth = 1
2.46	EXP	button_right_2: lineColor = {"_hex":"#000000","_rgb":[0,0,0]}
2.46	EXP	button_right_2: fillColor = {"_hex":"#FFFFFF","_rgb":[1,1,1]}
2.46	EXP	button_right_2: vertices = [[-0.5,0],[0,0.5],[0.5,0]]
2.46	EXP	button_right_2: closeShape = true
2.46	EXP	button_right_2: contrast = 1
2.46	EXP	button_right_2: depth = -3
2.46	EXP	button_right_2: interpolate = true
2.46	EXP	button_right_2: width = 0.4
2.46	EXP	button_right_2: vertices = [[-0.2,null],[0.2,null],[0.2,null],[-0.2,null]]
2.46	EXP	button_right_2: height = 0.2
2.46	EXP	button_right_2: vertices = [[-0.2,-0.1],[0.2,-0.1],[0.2,0.1],[-0.2,0.1]]
2.46	EXP	button_right_2: vertices = [[-0.2,-0.1],[0.2,-0.1],[0.2,0.1],[-0.2,0.1]]
2.46	EXP	trial_label_left_2: units = "height"
2.46	EXP	trial_label_left_2: ori = 0
2.46	EXP	trial_label_left_2: opacity = 1
2.46	EXP	trial_label_left_2: pos = [-0.4,-0.3]
2.46	EXP	trial_label_left_2: size = undefined
2.46	EXP	trial_label_left_2: text = "M = Nonword"
2.46	EXP	trial_label_left_2: font = "Courier New"
2.46	EXP	trial_label_left_2: color = {"_hex":"#000000","_rgb":[0,0,0]}
2.46	EXP	trial_label_left_2: contrast = 1
2.46	EXP	trial_label_left_2: height = 0.05
2.46	EXP	trial_label_left_2: bold = false
2.46	EXP	trial_label_left_2: italic = false
2.46	EXP	trial_label_left_2: alignHoriz = "left"
2.46	EXP	trial_label_left_2: alignVert = "center"
2.46	EXP	trial_label_left_2: wrapWidth = 1
2.46	EXP	trial_label_left_2: flipHoriz = false
2.46	EXP	trial_label_left_2: flipVert = false
2.46	EXP	trial_label_right_2: units = "height"
2.46	EXP	trial_label_right_2: ori = 0
2.46	EXP	trial_label_right_2: opacity = 1
2.46	EXP	trial_label_right_2: pos = [0.4,-0.3]
2.46	EXP	trial_label_right_2: size = undefined
2.46	EXP	trial_label_right_2: text = "Z = Word"
2.46	EXP	trial_label_right_2: font = "Courier New"
2.46	EXP	trial_label_right_2: color = {"_hex":"#000000","_rgb":[0,0,0]}
2.46	EXP	trial_label_right_2: contrast = 1
2.46	EXP	trial_label_right_2: height = 0.05
2.46	EXP	trial_label_right_2: bold = false
2.46	EXP	trial_label_right_2: italic = false
2.46	EXP	trial_label_right_2: alignHoriz = "left"
2.46	EXP	trial_label_right_2: alignVert = "center"
2.46	EXP	trial_label_right_2: wrapWidth = 1
2.46	EXP	trial_label_right_2: flipHoriz = false
2.46	EXP	trial_label_right_2: flipVert = false
2.46	EXP	instructions: units = "height"
2.46	EXP	instructions: ori = 0
2.46	EXP	instructions: opacity = 1
2.46	EXP	instructions: pos = [0,0]
2.46	EXP	instructions: size = undefined
2.46	EXP	instructions: text = "default text"
2.46	EXP	instructions: font = "Courier New"
2.46	EXP	instructions: color = {"_hex":"#000000","_rgb":[0,0,0]}
2.46	EXP	instructions: contrast = 1
2.46	EXP	instructions: height = 0.035
2.46	EXP	instructions: bold = false
2.46	EXP	instructions: italic = false
2.46	EXP	instructions: alignHoriz = "left"
2.46	EXP	instructions: alignVert = "center"
2.46	EXP	instructions: wrapWidth = 1
2.46	EXP	instructions: flipHoriz = false
2.46	EXP	instructions: flipVert = false
2.46	EXP	instr_done_button: units = "height"
2.46	EXP	instr_done_button: ori = 0
2.46	EXP	instr_done_button: opacity = 1
2.46	EXP	instr_done_button: pos = [0,-0.4]
2.46	EXP	instr_done_button: size = [1,1]
2.46	EXP	instr_done_button: lineWidth = 1
2.46	EXP	instr_done_button: lineColor = {"_hex":"#000000","_rgb":[0,0,0]}
2.46	EXP	instr_done_button: fillColor = {"_hex":"#FFFFFF","_rgb":[1,1,1]}
2.46	EXP	instr_done_button: vertices = [[-0.5,0],[0,0.5],[0.5,0]]
2.46	EXP	instr_done_button: closeShape = true
2.46	EXP	instr_done_button: contrast = 1
2.46	EXP	instr_done_button: depth = -2
2.46	EXP	instr_done_button: interpolate = true
2.46	EXP	instr_done_button: width = 0.4
2.46	EXP	instr_done_button: vertices = [[-0.2,null],[0.2,null],[0.2,null],[-0.2,null]]
2.46	EXP	instr_done_button: height = 0.1
2.46	EXP	instr_done_button: vertices = [[-0.2,-0.05],[0.2,-0.05],[0.2,0.05],[-0.2,0.05]]
2.46	EXP	instr_done_button: vertices = [[-0.2,-0.05],[0.2,-0.05],[0.2,0.05],[-0.2,0.05]]
2.46	EXP	instr_done_label: units = "height"
2.46	EXP	instr_done_label: ori = 0
2.46	EXP	instr_done_label: opacity = 1
2.46	EXP	instr_done_label: pos = [0,-0.4]
2.46	EXP	instr_done_label: size = undefined
2.46	EXP	instr_done_label: text = "Continue"
2.46	EXP	instr_done_label: font = "Courier New"
2.46	EXP	instr_done_label: color = {"_hex":"#000000","_rgb":[0,0,0]}
2.46	EXP	instr_done_label: contrast = 1
2.46	EXP	instr_done_label: height = 0.05
2.46	EXP	instr_done_label: bold = false
2.46	EXP	instr_done_label: italic = false
2.46	EXP	instr_done_label: alignHoriz = "left"
2.46	EXP	instr_done_label: alignVert = "center"
2.46	EXP	instr_done_label: wrapWidth = 1
2.46	EXP	instr_done_label: flipHoriz = false
2.46	EXP	instr_done_label: flipVert = false
2.46	EXP	instructions_image: units = "height"
2.46	EXP	instructions_image: ori = 0
2.46	EXP	instructions_image: opacity = 1
2.46	EXP	instructions_image: pos = [0,0]
2.46	EXP	instructions_image: size = [0.4,0.3]
2.46	EXP	instructions_image: image = undefined
2.46	EXP	instructions_image: mask = undefined
2.46	EXP	instructions_image: color = {"_rgb":[1,1,1]}
2.46	EXP	instructions_image: contrast = 1
2.46	EXP	instructions_image: texRes = 128
2.46	EXP	instructions_image: interpolate = true
2.46	EXP	instructions_image: depth = -6
2.46	EXP	instructions_image: flipHoriz = false
2.46	EXP	instructions_image: flipVert = false
2.46	EXP	fixation_mask: units = "height"
2.46	EXP	fixation_mask: ori = 0
2.46	EXP	fixation_mask: opacity = 1
2.46	EXP	fixation_mask: pos = [0,0]
2.46	EXP	fixation_mask: size = undefined
2.46	EXP	fixation_mask: text = "######"
2.46	EXP	fixation_mask: font = "Courier New"
2.46	EXP	fixation_mask: color = {"_hex":"#000000","_rgb":[0,0,0]}
2.46	EXP	fixation_mask: contrast = 1
2.46	EXP	fixation_mask: height = 0.1
2.46	EXP	fixation_mask: bold = false
2.46	EXP	fixation_mask: italic = false
2.46	EXP	fixation_mask: alignHoriz = "left"
2.46	EXP	fixation_mask: alignVert = "center"
2.46	EXP	fixation_mask: wrapWidth = 1
2.46	EXP	fixation_mask: flipHoriz = false
2.46	EXP	fixation_mask: flipVert = false
2.46	EXP	prime_text: units = "height"
2.46	EXP	prime_text: ori = 0
2.46	EXP	prime_text: opacity = 1
2.46	EXP	prime_text: pos = [0,0]
2.46	EXP	prime_text: size = undefined
2.46	EXP	prime_text: text = "default text"
2.46	EXP	prime_text: font = "Courier New"
2.46	EXP	prime_text: color = {"_hex":"#000000","_rgb":[0,0,0]}
2.46	EXP	prime_text: contrast = 1
2.46	EXP	prime_text: height = 0.1
2.46	EXP	prime_text: bold = false
2.46	EXP	prime_text: italic = false
2.46	EXP	prime_text: alignHoriz = "left"
2.46	EXP	prime_text: alignVert = "center"
2.46	EXP	prime_text: wrapWidth = 1
2.46	EXP	prime_text: flipHoriz = false
2.46	EXP	prime_text: flipVert = false
2.46	EXP	target: units = "height"
2.46	EXP	target: ori = 0
2.46	EXP	target: opacity = 1
2.46	EXP	target: pos = [0,0]
2.46	EXP	target: size = undefined
2.46	EXP	target: text = "default text"
2.46	EXP	target: font = "Arial"
2.46	EXP	target: color = {"_hex":"#000000","_rgb":[0,0,0]}
2.46	EXP	target: contrast = 1
2.46	EXP	target: height = 0.1
2.46	EXP	target: bold = false
2.46	EXP	target: italic = false
2.46	EXP	target: alignHoriz = "left"
2.46	EXP	target: alignVert = "center"
2.46	EXP	target: wrapWidth = 1
2.46	EXP	target: flipHoriz = false
2.46	EXP	target: flipVert = false
2.46	EXP	button_left: units = "height"
2.46	EXP	button_left: ori = 0
2.46	EXP	button_left: opacity = 1
2.46	EXP	button_left: pos = [-0.4,-0.3]
2.46	EXP	button_left: size = [1,1]
2.46	EXP	button_left: lineWidth = 1
2.46	EXP	button_left: lineColor = {"_hex":"#000000","_rgb":[0,0,0]}
2.46	EXP	button_left: fillColor = {"_hex":"#FFFFFF","_rgb":[1,1,1]}
2.46	EXP	button_left: vertices = [[-0.5,0],[0,0.5],[0.5,0]]
2.46	EXP	button_left: closeShape = true
2.46	EXP	button_left: contrast = 1
2.46	EXP	button_left: depth = -5
2.46	EXP	button_left: interpolate = true
2.46	EXP	button_left: width = 0.4
2.46	EXP	button_left: vertices = [[-0.2,null],[0.2,null],[0.2,null],[-0.2,null]]
2.46	EXP	button_left: height = 0.2
2.46	EXP	button_left: vertices = [[-0.2,-0.1],[0.2,-0.1],[0.2,0.1],[-0.2,0.1]]
2.46	EXP	button_left: vertices = [[-0.2,-0.1],[0.2,-0.1],[0.2,0.1],[-0.2,0.1]]
2.46	EXP	button_right: units = "height"
2.46	EXP	button_right: ori = 0
2.46	EXP	button_right: opacity = 1
2.46	EXP	button_right: pos = [0.4,-0.3]
2.46	EXP	button_right: size = [1,1]
2.46	EXP	button_right: lineWidth = 1
2.46	EXP	button_right: lineColor = {"_hex":"#000000","_rgb":[0,0,0]}
2.46	EXP	button_right: fillColor = {"_hex":"#FFFFFF","_rgb":[1,1,1]}
2.46	EXP	button_right: vertices = [[-0.5,0],[0,0.5],[0.5,0]]
2.46	EXP	button_right: closeShape = true
2.46	EXP	button_right: contrast = 1
2.46	EXP	button_right: depth = -6
2.46	EXP	button_right: interpolate = true
2.46	EXP	button_right: width = 0.4
2.46	EXP	button_right: vertices = [[-0.2,null],[0.2,null],[0.2,null],[-0.2,null]]
2.46	EXP	button_right: height = 0.2
2.46	EXP	button_right: vertices = [[-0.2,-0.1],[0.2,-0.1],[0.2,0.1],[-0.2,0.1]]
2.46	EXP	button_right: vertices = [[-0.2,-0.1],[0.2,-0.1],[0.2,0.1],[-0.2,0.1]]
2.46	EXP	trial_label_right: units = "height"
2.46	EXP	trial_label_right: ori = 0
2.46	EXP	trial_label_right: opacity = 1
2.46	EXP	trial_label_right: pos = [0.4,-0.3]
2.46	EXP	trial_label_right: size = undefined
2.46	EXP	trial_label_right: text = "M = Word"
2.46	EXP	trial_label_right: font = "Courier New"
2.46	EXP	trial_label_right: color = {"_hex":"#000000","_rgb":[0,0,0]}
2.46	EXP	trial_label_right: contrast = 1
2.46	EXP	trial_label_right: height = 0.05
2.46	EXP	trial_label_right: bold = false
2.46	EXP	trial_label_right: italic = false
2.46	EXP	trial_label_right: alignHoriz = "left"
2.46	EXP	trial_label_right: alignVert = "center"
2.46	EXP	trial_label_right: wrapWidth = 1
2.46	EXP	trial_label_right: flipHoriz = false
2.46	EXP	trial_label_right: flipVert = false
2.46	EXP	trial_label_left_new: units = "height"
2.46	EXP	trial_label_left_new: ori = 0
2.46	EXP	trial_label_left_new: opacity = 1
2.46	EXP	trial_label_left_new: pos = [-0.4,-0.3]
2.46	EXP	trial_label_left_new: size = undefined
2.46	EXP	trial_label_left_new: text = "Z = Nonword"
2.46	EXP	trial_label_left_new: font = "Courier New"
2.46	EXP	trial_label_left_new: color = {"_hex":"#000000","_rgb":[0,0,0]}
2.46	EXP	trial_label_left_new: contrast = 1
2.46	EXP	trial_label_left_new: height = 0.05
2.46	EXP	trial_label_left_new: bold = false
2.46	EXP	trial_label_left_new: italic = false
2.46	EXP	trial_label_left_new: alignHoriz = "left"
2.46	EXP	trial_label_left_new: alignVert = "center"
2.46	EXP	trial_label_left_new: wrapWidth = 1
2.46	EXP	trial_label_left_new: flipHoriz = false
2.46	EXP	trial_label_left_new: flipVert = false
2.46	EXP	feedback_text: units = "height"
2.46	EXP	feedback_text: ori = 0
2.46	EXP	feedback_text: opacity = 1
2.46	EXP	feedback_text: pos = [0,0]
2.46	EXP	feedback_text: size = undefined
2.46	EXP	feedback_text: text = "default text"
2.46	EXP	feedback_text: font = "Courier New"
2.46	EXP	feedback_text: color = {"_hex":"#FFFFFF","_rgb":[1,1,1]}
2.46	EXP	feedback_text: contrast = 1
2.46	EXP	feedback_text: height = 0.05
2.46	EXP	feedback_text: bold = false
2.46	EXP	feedback_text: italic = false
2.46	EXP	feedback_text: alignHoriz = "left"
2.46	EXP	feedback_text: alignVert = "center"
2.46	EXP	feedback_text: wrapWidth = 1
2.46	EXP	feedback_text: flipHoriz = false
2.46	EXP	feedback_text: flipVert = false
2.46	EXP	button_left_2: units = "height"
2.46	EXP	button_left_2: ori = 0
2.46	EXP	button_left_2: opacity = 1
2.46	EXP	button_left_2: pos = [-0.4,-0.3]
2.46	EXP	button_left_2: size = [1,1]
2.46	EXP	button_left_2: lineWidth = 1
2.46	EXP	button_left_2: lineColor = {"_hex":"#000000","_rgb":[0,0,0]}
2.46	EXP	button_left_2: fillColor = {"_hex":"#FFFFFF","_rgb":[1,1,1]}
2.46	EXP	button_left_2: vertices = [[-0.5,0],[0,0.5],[0.5,0]]
2.46	EXP	button_left_2: closeShape = true
2.46	EXP	button_left_2: contrast = 1
2.46	EXP	button_left_2: depth = -2
2.46	EXP	button_left_2: interpolate = true
2.46	EXP	button_left_2: width = 0.4
2.46	EXP	button_left_2: vertices = [[-0.2,null],[0.2,null],[0.2,null],[-0.2,null]]
2.46	EXP	button_left_2: height = 0.2
2.46	EXP	button_left_2: vertices = [[-0.2,-0.1],[0.2,-0.1],[0.2,0.1],[-0.2,0.1]]
2.46	EXP	button_left_2: vertices = [[-0.2,-0.1],[0.2,-0.1],[0.2,0.1],[-0.2,0.1]]
2.46	EXP	button_right_2: units = "height"
2.46	EXP	button_right_2: ori = 0
2.46	EXP	button_right_2: opacity = 1
2.46	EXP	button_right_2: pos = [0.4,-0.3]
2.46	EXP	button_right_2: size = [1,1]
2.46	EXP	button_right_2: lineWidth = 1
2.46	EXP	button_right_2: lineColor = {"_hex":"#000000","_rgb":[0,0,0]}
2.46	EXP	button_right_2: fillColor = {"_hex":"#FFFFFF","_rgb":[1,1,1]}
2.46	EXP	button_right_2: vertices = [[-0.5,0],[0,0.5],[0.5,0]]
2.46	EXP	button_right_2: closeShape = true
2.46	EXP	button_right_2: contrast = 1
2.46	EXP	button_right_2: depth = -3
2.46	EXP	button_right_2: interpolate = true
2.46	EXP	button_right_2: width = 0.4
2.46	EXP	button_right_2: vertices = [[-0.2,null],[0.2,null],[0.2,null],[-0.2,null]]
2.46	EXP	button_right_2: height = 0.2
2.46	EXP	button_right_2: vertices = [[-0.2,-0.1],[0.2,-0.1],[0.2,0.1],[-0.2,0.1]]
2.46	EXP	button_right_2: vertices = [[-0.2,-0.1],[0.2,-0.1],[0.2,0.1],[-0.2,0.1]]
2.46	EXP	trial_label_left_2: units = "height"
2.46	EXP	trial_label_left_2: ori = 0
2.46	EXP	trial_label_left_2: opacity = 1
2.46	EXP	trial_label_left_2: pos = [-0.4,-0.3]
2.46	EXP	trial_label_left_2: size = undefined
2.46	EXP	trial_label_left_2: text = "M = Nonword"
2.46	EXP	trial_label_left_2: font = "Courier New"
2.46	EXP	trial_label_left_2: color = {"_hex":"#000000","_rgb":[0,0,0]}
2.46	EXP	trial_label_left_2: contrast = 1
2.46	EXP	trial_label_left_2: height = 0.05
2.46	EXP	trial_label_left_2: bold = false
2.46	EXP	trial_label_left_2: italic = false
2.46	EXP	trial_label_left_2: alignHoriz = "left"
2.46	EXP	trial_label_left_2: alignVert = "center"
2.46	EXP	trial_label_left_2: wrapWidth = 1
2.46	EXP	trial_label_left_2: flipHoriz = false
2.46	EXP	trial_label_left_2: flipVert = false
2.46	EXP	trial_label_right_2: units = "height"
2.46	EXP	trial_label_right_2: ori = 0
2.46	EXP	trial_label_right_2: opacity = 1
2.46	EXP	trial_label_right_2: pos = [0.4,-0.3]
2.46	EXP	trial_label_right_2: size = undefined
2.46	EXP	trial_label_right_2: text = "Z = Word"
2.46	EXP	trial_label_right_2: font = "Courier New"
2.46	EXP	trial_label_right_2: color = {"_hex":"#000000","_rgb":[0,0,0]}
2.46	EXP	trial_label_right_2: contrast = 1
2.46	EXP	trial_label_right_2: height = 0.05
2.46	EXP	trial_label_right_2: bold = false
2.46	EXP	trial_label_right_2: italic = false
2.46	EXP	trial_label_right_2: alignHoriz = "left"
2.46	EXP	trial_label_right_2: alignVert = "center"
2.46	EXP	trial_label_right_2: wrapWidth = 1
2.46	EXP	trial_label_right_2: flipHoriz = false
2.46	EXP	trial_label_right_2: flipVert = false
2.46	EXP	break_text: units = "height"
2.46	EXP	break_text: ori = 0
2.46	EXP	break_text: opacity = 1
2.46	EXP	break_text: pos = [0,0]
2.46	EXP	break_text: size = undefined
2.46	EXP	break_text: text = "default text"
2.46	EXP	break_text: font = "Courier New"
2.46	EXP	break_text: color = {"_hex":"#000000","_rgb":[0,0,0]}
2.46	EXP	break_text: contrast = 1
2.46	EXP	break_text: height = 0.05
2.46	EXP	break_text: bold = false
2.46	EXP	break_text: italic = false
2.46	EXP	break_text: alignHoriz = "left"
2.46	EXP	break_text: alignVert = "center"
2.46	EXP	break_text: wrapWidth = 1
2.46	EXP	break_text: flipHoriz = false
2.46	EXP	break_text: flipVert = false
2.46	EXP	break_done_button: units = "height"
2.46	EXP	break_done_button: ori = 0
2.46	EXP	break_done_button: opacity = 1
2.46	EXP	break_done_button: pos = [0,-0.4]
2.46	EXP	break_done_button: size = [1,1]
2.46	EXP	break_done_button: lineWidth = 1
2.46	EXP	break_done_button: lineColor = {"_hex":"#000000","_rgb":[0,0,0]}
2.46	EXP	break_done_button: fillColor = {"_hex":"#FFFFFF","_rgb":[1,1,1]}
2.46	EXP	break_done_button: vertices = [[-0.5,0],[0,0.5],[0.5,0]]
2.46	EXP	break_done_button: closeShape = true
2.46	EXP	break_done_button: contrast = 1
2.46	EXP	break_done_button: depth = -4
2.46	EXP	break_done_button: interpolate = true
2.46	EXP	break_done_button: width = 0.4
2.46	EXP	break_done_button: vertices = [[-0.2,null],[0.2,null],[0.2,null],[-0.2,null]]
2.46	EXP	break_done_button: height = 0.1
2.46	EXP	break_done_button: vertices = [[-0.2,-0.05],[0.2,-0.05],[0.2,0.05],[-0.2,0.05]]
2.46	EXP	break_done_button: vertices = [[-0.2,-0.05],[0.2,-0.05],[0.2,0.05],[-0.2,0.05]]
2.46	EXP	break_done_button_label: units = "height"
2.46	EXP	break_done_button_label: ori = 0
2.46	EXP	break_done_button_label: opacity = 1
2.46	EXP	break_done_button_label: pos = [0,-0.4]
2.46	EXP	break_done_button_label: size = undefined
2.46	EXP	break_done_button_label: text = "Continue"
2.46	EXP	break_done_button_label: font = "Courier New"
2.46	EXP	break_done_button_label: color = {"_hex":"#000000","_rgb":[0,0,0]}
2.46	EXP	break_done_button_label: contrast = 1
2.46	EXP	break_done_button_label: height = 0.05
2.46	EXP	break_done_button_label: bold = false
2.46	EXP	break_done_button_label: italic = false
2.46	EXP	break_done_button_label: alignHoriz = "left"
2.46	EXP	break_done_button_label: alignVert = "center"
2.46	EXP	break_done_button_label: wrapWidth = 1
2.46	EXP	break_done_button_label: flipHoriz = false
2.46	EXP	break_done_button_label: flipVert = false
2.46	EXP	thank_you: units = "height"
2.46	EXP	thank_you: ori = 0
2.46	EXP	thank_you: opacity = 1
2.46	EXP	thank_you: pos = [0,0]
2.46	EXP	thank_you: size = undefined
2.46	EXP	thank_you: text = "This is the end of the experiment.\n\nPlease do not close this window until you have been redirected to the debriefing page. \n\nYou must go to the debriefing page in order to receive your participation credit."
2.46	EXP	thank_you: font = "Courier New"
2.46	EXP	thank_you: color = {"_hex":"#000000","_rgb":[0,0,0]}
2.46	EXP	thank_you: contrast = 1
2.46	EXP	thank_you: height = 1
2.46	EXP	thank_you: bold = false
2.46	EXP	thank_you: italic = false
2.46	EXP	thank_you: alignHoriz = "left"
2.46	EXP	thank_you: alignVert = "center"
2.46	EXP	thank_you: wrapWidth = 1
2.46	EXP	thank_you: flipHoriz = false
2.46	EXP	thank_you: flipVert = false
2.46	EXP	instructions: text = "INSTRUCTIONS\r\nAt the start of each trial, look at the hash marks (######) in the center of the screen. After a moment, a string of letters will appear. Your task is to indicate if the letter string forms a word or not (i.e., if it is a nonword). For example, AUTHOR is a word while AUTHON is a nonword.\r\n\r\nPress the space bar or touch the button below to continue."
2.46	EXP	instructions_image: image = undefined
2.46	EXP	instructions: autoDraw = true
2.46	EXP	instr_done_button: autoDraw = true
2.46	EXP	instr_done_label: autoDraw = true
3.5540000000000003	DATA	Mouse: 0 button down, pos=(988,951)
3.591	EXP	instructions: autoDraw = false
3.591	EXP	instr_done_button: autoDraw = false
3.591	EXP	instr_done_label: autoDraw = false
3.591	EXP	instructions_image: autoDraw = false
3.591	EXP	instructions: text = "If your device has a keyboard, press the 'Z' key for nonwords and the 'M' key for words.\r\n\r\n\r\n\r\n\r\n\r\nPress the space bar or touch the button below to continue."
3.591	EXP	instructions_image: image = {}
3.591	EXP	instructions: autoDraw = true
3.591	EXP	instr_done_button: autoDraw = true
3.591	EXP	instr_done_label: autoDraw = true
3.591	EXP	instructions_image: autoDraw = true
3.649	DATA	Mouse: 0 button down, pos=(988,951)
5.692	DATA	Mouse: 0 button down, pos=(994,956)
5.728	EXP	instructions: autoDraw = false
5.728	EXP	instr_done_button: autoDraw = false
5.728	EXP	instr_done_label: autoDraw = false
5.728	EXP	instructions_image: autoDraw = false
5.728	EXP	instructions: text = "If you are using a touchscreen only device, use the buttons on the screen. Do not use the mouse as this will slow down your response. \r\n\r\n\r\n\r\n\r\nPress the space bar or touch the button below to continue."
5.728	EXP	instructions_image: image = {}
5.728	EXP	instructions: autoDraw = true
5.728	EXP	instr_done_button: autoDraw = true
5.728	EXP	instr_done_label: autoDraw = true
5.728	EXP	instructions_image: autoDraw = true
5.742999999999999	DATA	Mouse: 0 button down, pos=(994,956)
1593.6209999999999	DATA	Mouse: 0 button down, pos=(68,517)
1593.724	DATA	Mouse: 0 button down, pos=(69,517)
1595.6889999999999	DATA	Keydown: Escape
