0.14093499997397885	EXP	Created Window = Window( name=Window, fullscr=true, color=#ffffff, units=height, waitBlanking=true, autoLog=true, size=[1268,598] )
2.385130000009667	EXP	Created instructions = TextStim( name=instructions, win=Window( name=Window, fullscr=true, color=#ffffff, ~), autoDraw=null, autoLog=true, units=height, ori=null, opacity=1, pos=[0,0], size=undefined, text=default text, font=Courier New, color=#000000, contrast=1, height=0.035, bold=null, italic=null, alignHoriz=left, alignVert=center, wrapWidth=1, flipHoriz=null, flipVert=null )
2.3955650000134483	EXP	Created instr_done_button = Rect( name=instr_done_button, win=Window( name=Window, fullscr=true, color=#ffffff, ~), autoDraw=null, autoLog=true, units=height, ori=null, opacity=1, pos=[0,-0.4], size=[1,1], lineWidth=1, lineColor=#000000, fillColor=#FFFFFF, vertices=[[-0.2,-0.05],[0.2,-0.05],[0.2,0.05],[-0.2,0.05]], closeShape=true, contrast=1, depth=-2, interpolate=true, width=0.4, height=0.1 )
2.3962349999928847	EXP	Created instr_done_label = TextStim( name=instr_done_label, win=Window( name=Window, fullscr=true, color=#ffffff, ~), autoDraw=null, autoLog=true, units=height, ori=null, opacity=1, pos=[0,-0.4], size=undefined, text=Continue, font=Courier New, color=#000000, contrast=1, height=0.05, bold=null, italic=null, alignHoriz=left, alignVert=center, wrapWidth=1, flipHoriz=null, flipVert=null )
2.3982349999714643	EXP	Created fixation_mask = TextStim( name=fixation_mask, win=Window( name=Window, fullscr=true, color=#ffffff, ~), autoDraw=null, autoLog=true, units=height, ori=null, opacity=1, pos=[0,0], size=undefined, text=######, font=Courier New, color=#000000, contrast=1, height=0.1, bold=null, italic=null, alignHoriz=left, alignVert=center, wrapWidth=1, flipHoriz=null, flipVert=null )
2.3996799999731593	EXP	Created prime_text = TextStim( name=prime_text, win=Window( name=Window, fullscr=true, color=#ffffff, ~), autoDraw=null, autoLog=true, units=height, ori=null, opacity=1, pos=[0,0], size=undefined, text=default text, font=Courier New, color=#000000, contrast=1, height=0.1, bold=null, italic=null, alignHoriz=left, alignVert=center, wrapWidth=1, flipHoriz=null, flipVert=null )
2.4006400000071153	EXP	Created target = TextStim( name=target, win=Window( name=Window, fullscr=true, color=#ffffff, ~), autoDraw=null, autoLog=true, units=height, ori=null, opacity=1, pos=[0,0], size=undefined, text=default text, font=Arial, color=#000000, contrast=1, height=0.1, bold=null, italic=null, alignHoriz=left, alignVert=center, wrapWidth=1, flipHoriz=null, flipVert=null )
2.404374999983702	EXP	Created button_left = Rect( name=button_left, win=Window( name=Window, fullscr=true, color=#ffffff, ~), autoDraw=null, autoLog=true, units=height, ori=null, opacity=1, pos=[-0.4,-0.3], size=[1,1], lineWidth=1, lineColor=#000000, fillColor=#FFFFFF, vertices=[[-0.2,-0.1],[0.2,-0.1],[0.2,0.1],[-0.2,0.1]], closeShape=true, contrast=1, depth=-5, interpolate=true, width=0.4, height=0.2 )
2.4065299999783747	EXP	Created button_right = Rect( name=button_right, win=Window( name=Window, fullscr=true, color=#ffffff, ~), autoDraw=null, autoLog=true, units=height, ori=null, opacity=1, pos=[0.4,-0.3], size=[1,1], lineWidth=1, lineColor=#000000, fillColor=#FFFFFF, vertices=[[-0.2,-0.1],[0.2,-0.1],[0.2,0.1],[-0.2,0.1]], closeShape=true, contrast=1, depth=-6, interpolate=true, width=0.4, height=0.2 )
2.407264999987092	EXP	Created trial_label_right = TextStim( name=trial_label_right, win=Window( name=Window, fullscr=true, color=#ffffff, ~), autoDraw=null, autoLog=true, units=height, ori=null, opacity=1, pos=[0.4,-0.3], size=undefined, text=l = Word, font=Courier New, color=#000000, contrast=1, height=0.05, bold=null, italic=null, alignHoriz=left, alignVert=center, wrapWidth=1, flipHoriz=null, flipVert=null )
2.408004999975674	EXP	Created trial_label_left_new = TextStim( name=trial_label_left_new, win=Window( name=Window, fullscr=true, color=#ffffff, ~), autoDraw=null, autoLog=true, units=height, ori=null, opacity=1, pos=[-0.4,-0.3], size=undefined, text=a = Nonword, font=Courier New, color=#000000, contrast=1, height=0.05, bold=null, italic=null, alignHoriz=left, alignVert=center, wrapWidth=1, flipHoriz=null, flipVert=null )
2.4087900000158697	EXP	Created feedback_text = TextStim( name=feedback_text, win=Window( name=Window, fullscr=true, color=#ffffff, ~), autoDraw=null, autoLog=true, units=height, ori=null, opacity=1, pos=[0,0], size=undefined, text=default text, font=Courier New, color=#FFFFFF, contrast=1, height=0.05, bold=null, italic=null, alignHoriz=left, alignVert=center, wrapWidth=1, flipHoriz=null, flipVert=null )
2.4125249999924563	EXP	Created button_left_2 = Rect( name=button_left_2, win=Window( name=Window, fullscr=true, color=#ffffff, ~), autoDraw=null, autoLog=true, units=height, ori=null, opacity=1, pos=[-0.4,-0.3], size=[1,1], lineWidth=1, lineColor=#000000, fillColor=#FFFFFF, vertices=[[-0.2,-0.1],[0.2,-0.1],[0.2,0.1],[-0.2,0.1]], closeShape=true, contrast=1, depth=-2, interpolate=true, width=0.4, height=0.2 )
2.416659999988042	EXP	Created button_right_2 = Rect( name=button_right_2, win=Window( name=Window, fullscr=true, color=#ffffff, ~), autoDraw=null, autoLog=true, units=height, ori=null, opacity=1, pos=[0.4,-0.3], size=[1,1], lineWidth=1, lineColor=#000000, fillColor=#FFFFFF, vertices=[[-0.2,-0.1],[0.2,-0.1],[0.2,0.1],[-0.2,0.1]], closeShape=true, contrast=1, depth=-3, interpolate=true, width=0.4, height=0.2 )
2.419500000018161	EXP	Created trial_label_left_2 = TextStim( name=trial_label_left_2, win=Window( name=Window, fullscr=true, color=#ffffff, ~), autoDraw=null, autoLog=true, units=height, ori=null, opacity=1, pos=[-0.4,-0.3], size=undefined, text=a = Nonword, font=Courier New, color=#000000, contrast=1, height=0.05, bold=null, italic=null, alignHoriz=left, alignVert=center, wrapWidth=1, flipHoriz=null, flipVert=null )
2.4223149999743327	EXP	Created trial_label_right_2 = TextStim( name=trial_label_right_2, win=Window( name=Window, fullscr=true, color=#ffffff, ~), autoDraw=null, autoLog=true, units=height, ori=null, opacity=1, pos=[0.4,-0.3], size=undefined, text=l = Word, font=Courier New, color=#000000, contrast=1, height=0.05, bold=null, italic=null, alignHoriz=left, alignVert=center, wrapWidth=1, flipHoriz=null, flipVert=null )
2.4249500000150874	EXP	Created instructions = TextStim( name=instructions, win=Window( name=Window, fullscr=true, color=#ffffff, ~), autoDraw=null, autoLog=true, units=height, ori=null, opacity=1, pos=[0,0], size=undefined, text=default text, font=Courier New, color=#000000, contrast=1, height=0.035, bold=null, italic=null, alignHoriz=left, alignVert=center, wrapWidth=1, flipHoriz=null, flipVert=null )
2.4331549999769777	EXP	Created instr_done_button = Rect( name=instr_done_button, win=Window( name=Window, fullscr=true, color=#ffffff, ~), autoDraw=null, autoLog=true, units=height, ori=null, opacity=1, pos=[0,-0.4], size=[1,1], lineWidth=1, lineColor=#000000, fillColor=#FFFFFF, vertices=[[-0.2,-0.05],[0.2,-0.05],[0.2,0.05],[-0.2,0.05]], closeShape=true, contrast=1, depth=-2, interpolate=true, width=0.4, height=0.1 )
2.4340250000241213	EXP	Created instr_done_label = TextStim( name=instr_done_label, win=Window( name=Window, fullscr=true, color=#ffffff, ~), autoDraw=null, autoLog=true, units=height, ori=null, opacity=1, pos=[0,-0.4], size=undefined, text=Continue, font=Courier New, color=#000000, contrast=1, height=0.05, bold=null, italic=null, alignHoriz=left, alignVert=center, wrapWidth=1, flipHoriz=null, flipVert=null )
2.4348299999837764	EXP	Created fixation_mask = TextStim( name=fixation_mask, win=Window( name=Window, fullscr=true, color=#ffffff, ~), autoDraw=null, autoLog=true, units=height, ori=null, opacity=1, pos=[0,0], size=undefined, text=######, font=Courier New, color=#000000, contrast=1, height=0.1, bold=null, italic=null, alignHoriz=left, alignVert=center, wrapWidth=1, flipHoriz=null, flipVert=null )
2.43650000001071	EXP	Created prime_text = TextStim( name=prime_text, win=Window( name=Window, fullscr=true, color=#ffffff, ~), autoDraw=null, autoLog=true, units=height, ori=null, opacity=1, pos=[0,0], size=undefined, text=default text, font=Courier New, color=#000000, contrast=1, height=0.1, bold=null, italic=null, alignHoriz=left, alignVert=center, wrapWidth=1, flipHoriz=null, flipVert=null )
2.437904999998864	EXP	Created target = TextStim( name=target, win=Window( name=Window, fullscr=true, color=#ffffff, ~), autoDraw=null, autoLog=true, units=height, ori=null, opacity=1, pos=[0,0], size=undefined, text=default text, font=Arial, color=#000000, contrast=1, height=0.1, bold=null, italic=null, alignHoriz=left, alignVert=center, wrapWidth=1, flipHoriz=null, flipVert=null )
2.4514499999932013	EXP	Created button_left = Rect( name=button_left, win=Window( name=Window, fullscr=true, color=#ffffff, ~), autoDraw=null, autoLog=true, units=height, ori=null, opacity=1, pos=[-0.4,-0.3], size=[1,1], lineWidth=1, lineColor=#000000, fillColor=#FFFFFF, vertices=[[-0.2,-0.1],[0.2,-0.1],[0.2,0.1],[-0.2,0.1]], closeShape=true, contrast=1, depth=-5, interpolate=true, width=0.4, height=0.2 )
2.462829999974929	EXP	Created button_right = Rect( name=button_right, win=Window( name=Window, fullscr=true, color=#ffffff, ~), autoDraw=null, autoLog=true, units=height, ori=null, opacity=1, pos=[0.4,-0.3], size=[1,1], lineWidth=1, lineColor=#000000, fillColor=#FFFFFF, vertices=[[-0.2,-0.1],[0.2,-0.1],[0.2,0.1],[-0.2,0.1]], closeShape=true, contrast=1, depth=-6, interpolate=true, width=0.4, height=0.2 )
2.4633749999920838	EXP	Created trial_label_right = TextStim( name=trial_label_right, win=Window( name=Window, fullscr=true, color=#ffffff, ~), autoDraw=null, autoLog=true, units=height, ori=null, opacity=1, pos=[0.4,-0.3], size=undefined, text=l = Word, font=Courier New, color=#000000, contrast=1, height=0.05, bold=null, italic=null, alignHoriz=left, alignVert=center, wrapWidth=1, flipHoriz=null, flipVert=null )
2.46530999999959	EXP	Created trial_label_left_new = TextStim( name=trial_label_left_new, win=Window( name=Window, fullscr=true, color=#ffffff, ~), autoDraw=null, autoLog=true, units=height, ori=null, opacity=1, pos=[-0.4,-0.3], size=undefined, text=a = Nonword, font=Courier New, color=#000000, contrast=1, height=0.05, bold=null, italic=null, alignHoriz=left, alignVert=center, wrapWidth=1, flipHoriz=null, flipVert=null )
2.4671700000180863	EXP	Created feedback_text = TextStim( name=feedback_text, win=Window( name=Window, fullscr=true, color=#ffffff, ~), autoDraw=null, autoLog=true, units=height, ori=null, opacity=1, pos=[0,0], size=undefined, text=default text, font=Courier New, color=#FFFFFF, contrast=1, height=0.05, bold=null, italic=null, alignHoriz=left, alignVert=center, wrapWidth=1, flipHoriz=null, flipVert=null )
2.4740350000211038	EXP	Created button_left_2 = Rect( name=button_left_2, win=Window( name=Window, fullscr=true, color=#ffffff, ~), autoDraw=null, autoLog=true, units=height, ori=null, opacity=1, pos=[-0.4,-0.3], size=[1,1], lineWidth=1, lineColor=#000000, fillColor=#FFFFFF, vertices=[[-0.2,-0.1],[0.2,-0.1],[0.2,0.1],[-0.2,0.1]], closeShape=true, contrast=1, depth=-2, interpolate=true, width=0.4, height=0.2 )
2.4779499999713153	EXP	Created button_right_2 = Rect( name=button_right_2, win=Window( name=Window, fullscr=true, color=#ffffff, ~), autoDraw=null, autoLog=true, units=height, ori=null, opacity=1, pos=[0.4,-0.3], size=[1,1], lineWidth=1, lineColor=#000000, fillColor=#FFFFFF, vertices=[[-0.2,-0.1],[0.2,-0.1],[0.2,0.1],[-0.2,0.1]], closeShape=true, contrast=1, depth=-3, interpolate=true, width=0.4, height=0.2 )
2.4793599999975413	EXP	Created trial_label_left_2 = TextStim( name=trial_label_left_2, win=Window( name=Window, fullscr=true, color=#ffffff, ~), autoDraw=null, autoLog=true, units=height, ori=null, opacity=1, pos=[-0.4,-0.3], size=undefined, text=a = Nonword, font=Courier New, color=#000000, contrast=1, height=0.05, bold=null, italic=null, alignHoriz=left, alignVert=center, wrapWidth=1, flipHoriz=null, flipVert=null )
2.480084999988321	EXP	Created trial_label_right_2 = TextStim( name=trial_label_right_2, win=Window( name=Window, fullscr=true, color=#ffffff, ~), autoDraw=null, autoLog=true, units=height, ori=null, opacity=1, pos=[0.4,-0.3], size=undefined, text=l = Word, font=Courier New, color=#000000, contrast=1, height=0.05, bold=null, italic=null, alignHoriz=left, alignVert=center, wrapWidth=1, flipHoriz=null, flipVert=null )
2.4810750000178814	EXP	Created break_text = TextStim( name=break_text, win=Window( name=Window, fullscr=true, color=#ffffff, ~), autoDraw=null, autoLog=true, units=height, ori=null, opacity=1, pos=[0,0], size=undefined, text=BREAK

Please take a short break.

When you are do~, font=Courier New, color=#000000, contrast=1, height=0.05, bold=null, italic=null, alignHoriz=left, alignVert=center, wrapWidth=1, flipHoriz=null, flipVert=null )
2.484210000024177	EXP	Created break_done_button = Rect( name=break_done_button, win=Window( name=Window, fullscr=true, color=#ffffff, ~), autoDraw=null, autoLog=true, units=height, ori=null, opacity=1, pos=[0,-0.4], size=[1,1], lineWidth=1, lineColor=#000000, fillColor=#FFFFFF, vertices=[[-0.2,-0.05],[0.2,-0.05],[0.2,0.05],[-0.2,0.05]], closeShape=true, contrast=1, depth=-3, interpolate=true, width=0.4, height=0.1 )
2.484920000017155	EXP	Created break_done_button_label = TextStim( name=break_done_button_label, win=Window( name=Window, fullscr=true, color=#ffffff, ~), autoDraw=null, autoLog=true, units=height, ori=null, opacity=1, pos=[0,-0.4], size=undefined, text=Continue, font=Courier New, color=#000000, contrast=1, height=0.05, bold=null, italic=null, alignHoriz=left, alignVert=center, wrapWidth=1, flipHoriz=null, flipVert=null )
2.4855550000211224	EXP	Created thank_you = TextStim( name=thank_you, win=Window( name=Window, fullscr=true, color=#ffffff, ~), autoDraw=null, autoLog=true, units=height, ori=null, opacity=1, pos=[0,0], size=undefined, text=This is the end of the experiment.

Please do not ~, font=Courier New, color=#000000, contrast=1, height=1, bold=null, italic=null, alignHoriz=left, alignVert=center, wrapWidth=1, flipHoriz=null, flipVert=null )
2.741180000011809	EXP	instructions: units = "height"
2.741180000011809	EXP	instructions: ori = 0
2.741180000011809	EXP	instructions: opacity = 1
2.741180000011809	EXP	instructions: pos = [0,0]
2.741180000011809	EXP	instructions: size = undefined
2.741180000011809	EXP	instructions: text = "default text"
2.741180000011809	EXP	instructions: font = "Courier New"
2.741180000011809	EXP	instructions: color = {"_hex":"#000000","_rgb":[0,0,0]}
2.741180000011809	EXP	instructions: contrast = 1
2.741180000011809	EXP	instructions: height = 0.035
2.741180000011809	EXP	instructions: bold = false
2.741180000011809	EXP	instructions: italic = false
2.741180000011809	EXP	instructions: alignHoriz = "left"
2.741180000011809	EXP	instructions: alignVert = "center"
2.741180000011809	EXP	instructions: wrapWidth = 1
2.741180000011809	EXP	instructions: flipHoriz = false
2.741180000011809	EXP	instructions: flipVert = false
2.741180000011809	EXP	instr_done_button: units = "height"
2.741180000011809	EXP	instr_done_button: ori = 0
2.741180000011809	EXP	instr_done_button: opacity = 1
2.741180000011809	EXP	instr_done_button: pos = [0,-0.4]
2.741180000011809	EXP	instr_done_button: size = [1,1]
2.741180000011809	EXP	instr_done_button: lineWidth = 1
2.741180000011809	EXP	instr_done_button: lineColor = {"_hex":"#000000","_rgb":[0,0,0]}
2.741180000011809	EXP	instr_done_button: fillColor = {"_hex":"#FFFFFF","_rgb":[1,1,1]}
2.741180000011809	EXP	instr_done_button: vertices = [[-0.5,0],[0,0.5],[0.5,0]]
2.741180000011809	EXP	instr_done_button: closeShape = true
2.741180000011809	EXP	instr_done_button: contrast = 1
2.741180000011809	EXP	instr_done_button: depth = -2
2.741180000011809	EXP	instr_done_button: interpolate = true
2.741180000011809	EXP	instr_done_button: width = 0.4
2.741180000011809	EXP	instr_done_button: vertices = [[-0.2,null],[0.2,null],[0.2,null],[-0.2,null]]
2.741180000011809	EXP	instr_done_button: height = 0.1
2.741180000011809	EXP	instr_done_button: vertices = [[-0.2,-0.05],[0.2,-0.05],[0.2,0.05],[-0.2,0.05]]
2.741180000011809	EXP	instr_done_button: vertices = [[-0.2,-0.05],[0.2,-0.05],[0.2,0.05],[-0.2,0.05]]
2.741180000011809	EXP	instr_done_label: units = "height"
2.741180000011809	EXP	instr_done_label: ori = 0
2.741180000011809	EXP	instr_done_label: opacity = 1
2.741180000011809	EXP	instr_done_label: pos = [0,-0.4]
2.741180000011809	EXP	instr_done_label: size = undefined
2.741180000011809	EXP	instr_done_label: text = "Continue"
2.741180000011809	EXP	instr_done_label: font = "Courier New"
2.741180000011809	EXP	instr_done_label: color = {"_hex":"#000000","_rgb":[0,0,0]}
2.741180000011809	EXP	instr_done_label: contrast = 1
2.741180000011809	EXP	instr_done_label: height = 0.05
2.741180000011809	EXP	instr_done_label: bold = false
2.741180000011809	EXP	instr_done_label: italic = false
2.741180000011809	EXP	instr_done_label: alignHoriz = "left"
2.741180000011809	EXP	instr_done_label: alignVert = "center"
2.741180000011809	EXP	instr_done_label: wrapWidth = 1
2.741180000011809	EXP	instr_done_label: flipHoriz = false
2.741180000011809	EXP	instr_done_label: flipVert = false
2.741180000011809	EXP	fixation_mask: units = "height"
2.741180000011809	EXP	fixation_mask: ori = 0
2.741180000011809	EXP	fixation_mask: opacity = 1
2.741180000011809	EXP	fixation_mask: pos = [0,0]
2.741180000011809	EXP	fixation_mask: size = undefined
2.741180000011809	EXP	fixation_mask: text = "######"
2.741180000011809	EXP	fixation_mask: font = "Courier New"
2.741180000011809	EXP	fixation_mask: color = {"_hex":"#000000","_rgb":[0,0,0]}
2.741180000011809	EXP	fixation_mask: contrast = 1
2.741180000011809	EXP	fixation_mask: height = 0.1
2.741180000011809	EXP	fixation_mask: bold = false
2.741180000011809	EXP	fixation_mask: italic = false
2.741180000011809	EXP	fixation_mask: alignHoriz = "left"
2.741180000011809	EXP	fixation_mask: alignVert = "center"
2.741180000011809	EXP	fixation_mask: wrapWidth = 1
2.741180000011809	EXP	fixation_mask: flipHoriz = false
2.741180000011809	EXP	fixation_mask: flipVert = false
2.741180000011809	EXP	prime_text: units = "height"
2.741180000011809	EXP	prime_text: ori = 0
2.741180000011809	EXP	prime_text: opacity = 1
2.741180000011809	EXP	prime_text: pos = [0,0]
2.741180000011809	EXP	prime_text: size = undefined
2.741180000011809	EXP	prime_text: text = "default text"
2.741180000011809	EXP	prime_text: font = "Courier New"
2.741180000011809	EXP	prime_text: color = {"_hex":"#000000","_rgb":[0,0,0]}
2.741180000011809	EXP	prime_text: contrast = 1
2.741180000011809	EXP	prime_text: height = 0.1
2.741180000011809	EXP	prime_text: bold = false
2.741180000011809	EXP	prime_text: italic = false
2.741180000011809	EXP	prime_text: alignHoriz = "left"
2.741180000011809	EXP	prime_text: alignVert = "center"
2.741180000011809	EXP	prime_text: wrapWidth = 1
2.741180000011809	EXP	prime_text: flipHoriz = false
2.741180000011809	EXP	prime_text: flipVert = false
2.741180000011809	EXP	target: units = "height"
2.741180000011809	EXP	target: ori = 0
2.741180000011809	EXP	target: opacity = 1
2.741180000011809	EXP	target: pos = [0,0]
2.741180000011809	EXP	target: size = undefined
2.741180000011809	EXP	target: text = "default text"
2.741180000011809	EXP	target: font = "Arial"
2.741180000011809	EXP	target: color = {"_hex":"#000000","_rgb":[0,0,0]}
2.741180000011809	EXP	target: contrast = 1
2.741180000011809	EXP	target: height = 0.1
2.741180000011809	EXP	target: bold = false
2.741180000011809	EXP	target: italic = false
2.741180000011809	EXP	target: alignHoriz = "left"
2.741180000011809	EXP	target: alignVert = "center"
2.741180000011809	EXP	target: wrapWidth = 1
2.741180000011809	EXP	target: flipHoriz = false
2.741180000011809	EXP	target: flipVert = false
2.741180000011809	EXP	button_left: units = "height"
2.741180000011809	EXP	button_left: ori = 0
2.741180000011809	EXP	button_left: opacity = 1
2.741180000011809	EXP	button_left: pos = [-0.4,-0.3]
2.741180000011809	EXP	button_left: size = [1,1]
2.741180000011809	EXP	button_left: lineWidth = 1
2.741180000011809	EXP	button_left: lineColor = {"_hex":"#000000","_rgb":[0,0,0]}
2.741180000011809	EXP	button_left: fillColor = {"_hex":"#FFFFFF","_rgb":[1,1,1]}
2.741180000011809	EXP	button_left: vertices = [[-0.5,0],[0,0.5],[0.5,0]]
2.741180000011809	EXP	button_left: closeShape = true
2.741180000011809	EXP	button_left: contrast = 1
2.741180000011809	EXP	button_left: depth = -5
2.741180000011809	EXP	button_left: interpolate = true
2.741180000011809	EXP	button_left: width = 0.4
2.741180000011809	EXP	button_left: vertices = [[-0.2,null],[0.2,null],[0.2,null],[-0.2,null]]
2.741180000011809	EXP	button_left: height = 0.2
2.741180000011809	EXP	button_left: vertices = [[-0.2,-0.1],[0.2,-0.1],[0.2,0.1],[-0.2,0.1]]
2.741180000011809	EXP	button_left: vertices = [[-0.2,-0.1],[0.2,-0.1],[0.2,0.1],[-0.2,0.1]]
2.741180000011809	EXP	button_right: units = "height"
2.741180000011809	EXP	button_right: ori = 0
2.741180000011809	EXP	button_right: opacity = 1
2.741180000011809	EXP	button_right: pos = [0.4,-0.3]
2.741180000011809	EXP	button_right: size = [1,1]
2.741180000011809	EXP	button_right: lineWidth = 1
2.741180000011809	EXP	button_right: lineColor = {"_hex":"#000000","_rgb":[0,0,0]}
2.741180000011809	EXP	button_right: fillColor = {"_hex":"#FFFFFF","_rgb":[1,1,1]}
2.741180000011809	EXP	button_right: vertices = [[-0.5,0],[0,0.5],[0.5,0]]
2.741180000011809	EXP	button_right: closeShape = true
2.741180000011809	EXP	button_right: contrast = 1
2.741180000011809	EXP	button_right: depth = -6
2.741180000011809	EXP	button_right: interpolate = true
2.741180000011809	EXP	button_right: width = 0.4
2.741180000011809	EXP	button_right: vertices = [[-0.2,null],[0.2,null],[0.2,null],[-0.2,null]]
2.741180000011809	EXP	button_right: height = 0.2
2.741180000011809	EXP	button_right: vertices = [[-0.2,-0.1],[0.2,-0.1],[0.2,0.1],[-0.2,0.1]]
2.741180000011809	EXP	button_right: vertices = [[-0.2,-0.1],[0.2,-0.1],[0.2,0.1],[-0.2,0.1]]
2.741180000011809	EXP	trial_label_right: units = "height"
2.741180000011809	EXP	trial_label_right: ori = 0
2.741180000011809	EXP	trial_label_right: opacity = 1
2.741180000011809	EXP	trial_label_right: pos = [0.4,-0.3]
2.741180000011809	EXP	trial_label_right: size = undefined
2.741180000011809	EXP	trial_label_right: text = "l = Word"
2.741180000011809	EXP	trial_label_right: font = "Courier New"
2.741180000011809	EXP	trial_label_right: color = {"_hex":"#000000","_rgb":[0,0,0]}
2.741180000011809	EXP	trial_label_right: contrast = 1
2.741180000011809	EXP	trial_label_right: height = 0.05
2.741180000011809	EXP	trial_label_right: bold = false
2.741180000011809	EXP	trial_label_right: italic = false
2.741180000011809	EXP	trial_label_right: alignHoriz = "left"
2.741180000011809	EXP	trial_label_right: alignVert = "center"
2.741180000011809	EXP	trial_label_right: wrapWidth = 1
2.741180000011809	EXP	trial_label_right: flipHoriz = false
2.741180000011809	EXP	trial_label_right: flipVert = false
2.741180000011809	EXP	trial_label_left_new: units = "height"
2.741180000011809	EXP	trial_label_left_new: ori = 0
2.741180000011809	EXP	trial_label_left_new: opacity = 1
2.741180000011809	EXP	trial_label_left_new: pos = [-0.4,-0.3]
2.741180000011809	EXP	trial_label_left_new: size = undefined
2.741180000011809	EXP	trial_label_left_new: text = "a = Nonword"
2.741180000011809	EXP	trial_label_left_new: font = "Courier New"
2.741180000011809	EXP	trial_label_left_new: color = {"_hex":"#000000","_rgb":[0,0,0]}
2.741180000011809	EXP	trial_label_left_new: contrast = 1
2.741180000011809	EXP	trial_label_left_new: height = 0.05
2.741180000011809	EXP	trial_label_left_new: bold = false
2.741180000011809	EXP	trial_label_left_new: italic = false
2.741180000011809	EXP	trial_label_left_new: alignHoriz = "left"
2.741180000011809	EXP	trial_label_left_new: alignVert = "center"
2.741180000011809	EXP	trial_label_left_new: wrapWidth = 1
2.741180000011809	EXP	trial_label_left_new: flipHoriz = false
2.741180000011809	EXP	trial_label_left_new: flipVert = false
2.741180000011809	EXP	feedback_text: units = "height"
2.741180000011809	EXP	feedback_text: ori = 0
2.741180000011809	EXP	feedback_text: opacity = 1
2.741180000011809	EXP	feedback_text: pos = [0,0]
2.741180000011809	EXP	feedback_text: size = undefined
2.741180000011809	EXP	feedback_text: text = "default text"
2.741180000011809	EXP	feedback_text: font = "Courier New"
2.741180000011809	EXP	feedback_text: color = {"_hex":"#FFFFFF","_rgb":[1,1,1]}
2.741180000011809	EXP	feedback_text: contrast = 1
2.741180000011809	EXP	feedback_text: height = 0.05
2.741180000011809	EXP	feedback_text: bold = false
2.741180000011809	EXP	feedback_text: italic = false
2.741180000011809	EXP	feedback_text: alignHoriz = "left"
2.741180000011809	EXP	feedback_text: alignVert = "center"
2.741180000011809	EXP	feedback_text: wrapWidth = 1
2.741180000011809	EXP	feedback_text: flipHoriz = false
2.741180000011809	EXP	feedback_text: flipVert = false
2.741180000011809	EXP	button_left_2: units = "height"
2.741180000011809	EXP	button_left_2: ori = 0
2.741180000011809	EXP	button_left_2: opacity = 1
2.741180000011809	EXP	button_left_2: pos = [-0.4,-0.3]
2.741180000011809	EXP	button_left_2: size = [1,1]
2.741180000011809	EXP	button_left_2: lineWidth = 1
2.741180000011809	EXP	button_left_2: lineColor = {"_hex":"#000000","_rgb":[0,0,0]}
2.741180000011809	EXP	button_left_2: fillColor = {"_hex":"#FFFFFF","_rgb":[1,1,1]}
2.741180000011809	EXP	button_left_2: vertices = [[-0.5,0],[0,0.5],[0.5,0]]
2.741180000011809	EXP	button_left_2: closeShape = true
2.741180000011809	EXP	button_left_2: contrast = 1
2.741180000011809	EXP	button_left_2: depth = -2
2.741180000011809	EXP	button_left_2: interpolate = true
2.741180000011809	EXP	button_left_2: width = 0.4
2.741180000011809	EXP	button_left_2: vertices = [[-0.2,null],[0.2,null],[0.2,null],[-0.2,null]]
2.741180000011809	EXP	button_left_2: height = 0.2
2.741180000011809	EXP	button_left_2: vertices = [[-0.2,-0.1],[0.2,-0.1],[0.2,0.1],[-0.2,0.1]]
2.741180000011809	EXP	button_left_2: vertices = [[-0.2,-0.1],[0.2,-0.1],[0.2,0.1],[-0.2,0.1]]
2.741180000011809	EXP	button_right_2: units = "height"
2.741180000011809	EXP	button_right_2: ori = 0
2.741180000011809	EXP	button_right_2: opacity = 1
2.741180000011809	EXP	button_right_2: pos = [0.4,-0.3]
2.741180000011809	EXP	button_right_2: size = [1,1]
2.741180000011809	EXP	button_right_2: lineWidth = 1
2.741180000011809	EXP	button_right_2: lineColor = {"_hex":"#000000","_rgb":[0,0,0]}
2.741180000011809	EXP	button_right_2: fillColor = {"_hex":"#FFFFFF","_rgb":[1,1,1]}
2.741180000011809	EXP	button_right_2: vertices = [[-0.5,0],[0,0.5],[0.5,0]]
2.741180000011809	EXP	button_right_2: closeShape = true
2.741180000011809	EXP	button_right_2: contrast = 1
2.741180000011809	EXP	button_right_2: depth = -3
2.741180000011809	EXP	button_right_2: interpolate = true
2.741180000011809	EXP	button_right_2: width = 0.4
2.741180000011809	EXP	button_right_2: vertices = [[-0.2,null],[0.2,null],[0.2,null],[-0.2,null]]
2.741180000011809	EXP	button_right_2: height = 0.2
2.741180000011809	EXP	button_right_2: vertices = [[-0.2,-0.1],[0.2,-0.1],[0.2,0.1],[-0.2,0.1]]
2.741180000011809	EXP	button_right_2: vertices = [[-0.2,-0.1],[0.2,-0.1],[0.2,0.1],[-0.2,0.1]]
2.741180000011809	EXP	trial_label_left_2: units = "height"
2.741180000011809	EXP	trial_label_left_2: ori = 0
2.741180000011809	EXP	trial_label_left_2: opacity = 1
2.741180000011809	EXP	trial_label_left_2: pos = [-0.4,-0.3]
2.741180000011809	EXP	trial_label_left_2: size = undefined
2.741180000011809	EXP	trial_label_left_2: text = "a = Nonword"
2.741180000011809	EXP	trial_label_left_2: font = "Courier New"
2.741180000011809	EXP	trial_label_left_2: color = {"_hex":"#000000","_rgb":[0,0,0]}
2.741180000011809	EXP	trial_label_left_2: contrast = 1
2.741180000011809	EXP	trial_label_left_2: height = 0.05
2.741180000011809	EXP	trial_label_left_2: bold = false
2.741180000011809	EXP	trial_label_left_2: italic = false
2.741180000011809	EXP	trial_label_left_2: alignHoriz = "left"
2.741180000011809	EXP	trial_label_left_2: alignVert = "center"
2.741180000011809	EXP	trial_label_left_2: wrapWidth = 1
2.741180000011809	EXP	trial_label_left_2: flipHoriz = false
2.741180000011809	EXP	trial_label_left_2: flipVert = false
2.741180000011809	EXP	trial_label_right_2: units = "height"
2.741180000011809	EXP	trial_label_right_2: ori = 0
2.741180000011809	EXP	trial_label_right_2: opacity = 1
2.741180000011809	EXP	trial_label_right_2: pos = [0.4,-0.3]
2.741180000011809	EXP	trial_label_right_2: size = undefined
2.741180000011809	EXP	trial_label_right_2: text = "l = Word"
2.741180000011809	EXP	trial_label_right_2: font = "Courier New"
2.741180000011809	EXP	trial_label_right_2: color = {"_hex":"#000000","_rgb":[0,0,0]}
2.741180000011809	EXP	trial_label_right_2: contrast = 1
2.741180000011809	EXP	trial_label_right_2: height = 0.05
2.741180000011809	EXP	trial_label_right_2: bold = false
2.741180000011809	EXP	trial_label_right_2: italic = false
2.741180000011809	EXP	trial_label_right_2: alignHoriz = "left"
2.741180000011809	EXP	trial_label_right_2: alignVert = "center"
2.741180000011809	EXP	trial_label_right_2: wrapWidth = 1
2.741180000011809	EXP	trial_label_right_2: flipHoriz = false
2.741180000011809	EXP	trial_label_right_2: flipVert = false
2.741180000011809	EXP	instructions: units = "height"
2.741180000011809	EXP	instructions: ori = 0
2.741180000011809	EXP	instructions: opacity = 1
2.741180000011809	EXP	instructions: pos = [0,0]
2.741180000011809	EXP	instructions: size = undefined
2.741180000011809	EXP	instructions: text = "default text"
2.741180000011809	EXP	instructions: font = "Courier New"
2.741180000011809	EXP	instructions: color = {"_hex":"#000000","_rgb":[0,0,0]}
2.741180000011809	EXP	instructions: contrast = 1
2.741180000011809	EXP	instructions: height = 0.035
2.741180000011809	EXP	instructions: bold = false
2.741180000011809	EXP	instructions: italic = false
2.741180000011809	EXP	instructions: alignHoriz = "left"
2.741180000011809	EXP	instructions: alignVert = "center"
2.741180000011809	EXP	instructions: wrapWidth = 1
2.741180000011809	EXP	instructions: flipHoriz = false
2.741180000011809	EXP	instructions: flipVert = false
2.741180000011809	EXP	instr_done_button: units = "height"
2.741180000011809	EXP	instr_done_button: ori = 0
2.741180000011809	EXP	instr_done_button: opacity = 1
2.741180000011809	EXP	instr_done_button: pos = [0,-0.4]
2.741180000011809	EXP	instr_done_button: size = [1,1]
2.741180000011809	EXP	instr_done_button: lineWidth = 1
2.741180000011809	EXP	instr_done_button: lineColor = {"_hex":"#000000","_rgb":[0,0,0]}
2.741180000011809	EXP	instr_done_button: fillColor = {"_hex":"#FFFFFF","_rgb":[1,1,1]}
2.741180000011809	EXP	instr_done_button: vertices = [[-0.5,0],[0,0.5],[0.5,0]]
2.741180000011809	EXP	instr_done_button: closeShape = true
2.741180000011809	EXP	instr_done_button: contrast = 1
2.741180000011809	EXP	instr_done_button: depth = -2
2.741180000011809	EXP	instr_done_button: interpolate = true
2.741180000011809	EXP	instr_done_button: width = 0.4
2.741180000011809	EXP	instr_done_button: vertices = [[-0.2,null],[0.2,null],[0.2,null],[-0.2,null]]
2.741180000011809	EXP	instr_done_button: height = 0.1
2.741180000011809	EXP	instr_done_button: vertices = [[-0.2,-0.05],[0.2,-0.05],[0.2,0.05],[-0.2,0.05]]
2.741180000011809	EXP	instr_done_button: vertices = [[-0.2,-0.05],[0.2,-0.05],[0.2,0.05],[-0.2,0.05]]
2.741180000011809	EXP	instr_done_label: units = "height"
2.741180000011809	EXP	instr_done_label: ori = 0
2.741180000011809	EXP	instr_done_label: opacity = 1
2.741180000011809	EXP	instr_done_label: pos = [0,-0.4]
2.741180000011809	EXP	instr_done_label: size = undefined
2.741180000011809	EXP	instr_done_label: text = "Continue"
2.741180000011809	EXP	instr_done_label: font = "Courier New"
2.741180000011809	EXP	instr_done_label: color = {"_hex":"#000000","_rgb":[0,0,0]}
2.741180000011809	EXP	instr_done_label: contrast = 1
2.741180000011809	EXP	instr_done_label: height = 0.05
2.741180000011809	EXP	instr_done_label: bold = false
2.741180000011809	EXP	instr_done_label: italic = false
2.741180000011809	EXP	instr_done_label: alignHoriz = "left"
2.741180000011809	EXP	instr_done_label: alignVert = "center"
2.741180000011809	EXP	instr_done_label: wrapWidth = 1
2.741180000011809	EXP	instr_done_label: flipHoriz = false
2.741180000011809	EXP	instr_done_label: flipVert = false
2.741180000011809	EXP	fixation_mask: units = "height"
2.741180000011809	EXP	fixation_mask: ori = 0
2.741180000011809	EXP	fixation_mask: opacity = 1
2.741180000011809	EXP	fixation_mask: pos = [0,0]
2.741180000011809	EXP	fixation_mask: size = undefined
2.741180000011809	EXP	fixation_mask: text = "######"
2.741180000011809	EXP	fixation_mask: font = "Courier New"
2.741180000011809	EXP	fixation_mask: color = {"_hex":"#000000","_rgb":[0,0,0]}
2.741180000011809	EXP	fixation_mask: contrast = 1
2.741180000011809	EXP	fixation_mask: height = 0.1
2.741180000011809	EXP	fixation_mask: bold = false
2.741180000011809	EXP	fixation_mask: italic = false
2.741180000011809	EXP	fixation_mask: alignHoriz = "left"
2.741180000011809	EXP	fixation_mask: alignVert = "center"
2.741180000011809	EXP	fixation_mask: wrapWidth = 1
2.741180000011809	EXP	fixation_mask: flipHoriz = false
2.741180000011809	EXP	fixation_mask: flipVert = false
2.741180000011809	EXP	prime_text: units = "height"
2.741180000011809	EXP	prime_text: ori = 0
2.741180000011809	EXP	prime_text: opacity = 1
2.741180000011809	EXP	prime_text: pos = [0,0]
2.741180000011809	EXP	prime_text: size = undefined
2.741180000011809	EXP	prime_text: text = "default text"
2.741180000011809	EXP	prime_text: font = "Courier New"
2.741180000011809	EXP	prime_text: color = {"_hex":"#000000","_rgb":[0,0,0]}
2.741180000011809	EXP	prime_text: contrast = 1
2.741180000011809	EXP	prime_text: height = 0.1
2.741180000011809	EXP	prime_text: bold = false
2.741180000011809	EXP	prime_text: italic = false
2.741180000011809	EXP	prime_text: alignHoriz = "left"
2.741180000011809	EXP	prime_text: alignVert = "center"
2.741180000011809	EXP	prime_text: wrapWidth = 1
2.741180000011809	EXP	prime_text: flipHoriz = false
2.741180000011809	EXP	prime_text: flipVert = false
2.741180000011809	EXP	target: units = "height"
2.741180000011809	EXP	target: ori = 0
2.741180000011809	EXP	target: opacity = 1
2.741180000011809	EXP	target: pos = [0,0]
2.741180000011809	EXP	target: size = undefined
2.741180000011809	EXP	target: text = "default text"
2.741180000011809	EXP	target: font = "Arial"
2.741180000011809	EXP	target: color = {"_hex":"#000000","_rgb":[0,0,0]}
2.741180000011809	EXP	target: contrast = 1
2.741180000011809	EXP	target: height = 0.1
2.741180000011809	EXP	target: bold = false
2.741180000011809	EXP	target: italic = false
2.741180000011809	EXP	target: alignHoriz = "left"
2.741180000011809	EXP	target: alignVert = "center"
2.741180000011809	EXP	target: wrapWidth = 1
2.741180000011809	EXP	target: flipHoriz = false
2.741180000011809	EXP	target: flipVert = false
2.741180000011809	EXP	button_left: units = "height"
2.741180000011809	EXP	button_left: ori = 0
2.741180000011809	EXP	button_left: opacity = 1
2.741180000011809	EXP	button_left: pos = [-0.4,-0.3]
2.741180000011809	EXP	button_left: size = [1,1]
2.741180000011809	EXP	button_left: lineWidth = 1
2.741180000011809	EXP	button_left: lineColor = {"_hex":"#000000","_rgb":[0,0,0]}
2.741180000011809	EXP	button_left: fillColor = {"_hex":"#FFFFFF","_rgb":[1,1,1]}
2.741180000011809	EXP	button_left: vertices = [[-0.5,0],[0,0.5],[0.5,0]]
2.741180000011809	EXP	button_left: closeShape = true
2.741180000011809	EXP	button_left: contrast = 1
2.741180000011809	EXP	button_left: depth = -5
2.741180000011809	EXP	button_left: interpolate = true
2.741180000011809	EXP	button_left: width = 0.4
2.741180000011809	EXP	button_left: vertices = [[-0.2,null],[0.2,null],[0.2,null],[-0.2,null]]
2.741180000011809	EXP	button_left: height = 0.2
2.741180000011809	EXP	button_left: vertices = [[-0.2,-0.1],[0.2,-0.1],[0.2,0.1],[-0.2,0.1]]
2.741180000011809	EXP	button_left: vertices = [[-0.2,-0.1],[0.2,-0.1],[0.2,0.1],[-0.2,0.1]]
2.741180000011809	EXP	button_right: units = "height"
2.741180000011809	EXP	button_right: ori = 0
2.741180000011809	EXP	button_right: opacity = 1
2.741180000011809	EXP	button_right: pos = [0.4,-0.3]
2.741180000011809	EXP	button_right: size = [1,1]
2.741180000011809	EXP	button_right: lineWidth = 1
2.741180000011809	EXP	button_right: lineColor = {"_hex":"#000000","_rgb":[0,0,0]}
2.741180000011809	EXP	button_right: fillColor = {"_hex":"#FFFFFF","_rgb":[1,1,1]}
2.741180000011809	EXP	button_right: vertices = [[-0.5,0],[0,0.5],[0.5,0]]
2.741180000011809	EXP	button_right: closeShape = true
2.741180000011809	EXP	button_right: contrast = 1
2.741180000011809	EXP	button_right: depth = -6
2.741180000011809	EXP	button_right: interpolate = true
2.741180000011809	EXP	button_right: width = 0.4
2.741180000011809	EXP	button_right: vertices = [[-0.2,null],[0.2,null],[0.2,null],[-0.2,null]]
2.741180000011809	EXP	button_right: height = 0.2
2.741180000011809	EXP	button_right: vertices = [[-0.2,-0.1],[0.2,-0.1],[0.2,0.1],[-0.2,0.1]]
2.741180000011809	EXP	button_right: vertices = [[-0.2,-0.1],[0.2,-0.1],[0.2,0.1],[-0.2,0.1]]
2.741180000011809	EXP	trial_label_right: units = "height"
2.741180000011809	EXP	trial_label_right: ori = 0
2.741180000011809	EXP	trial_label_right: opacity = 1
2.741180000011809	EXP	trial_label_right: pos = [0.4,-0.3]
2.741180000011809	EXP	trial_label_right: size = undefined
2.741180000011809	EXP	trial_label_right: text = "l = Word"
2.741180000011809	EXP	trial_label_right: font = "Courier New"
2.741180000011809	EXP	trial_label_right: color = {"_hex":"#000000","_rgb":[0,0,0]}
2.741180000011809	EXP	trial_label_right: contrast = 1
2.741180000011809	EXP	trial_label_right: height = 0.05
2.741180000011809	EXP	trial_label_right: bold = false
2.741180000011809	EXP	trial_label_right: italic = false
2.741180000011809	EXP	trial_label_right: alignHoriz = "left"
2.741180000011809	EXP	trial_label_right: alignVert = "center"
2.741180000011809	EXP	trial_label_right: wrapWidth = 1
2.741180000011809	EXP	trial_label_right: flipHoriz = false
2.741180000011809	EXP	trial_label_right: flipVert = false
2.741180000011809	EXP	trial_label_left_new: units = "height"
2.741180000011809	EXP	trial_label_left_new: ori = 0
2.741180000011809	EXP	trial_label_left_new: opacity = 1
2.741180000011809	EXP	trial_label_left_new: pos = [-0.4,-0.3]
2.741180000011809	EXP	trial_label_left_new: size = undefined
2.741180000011809	EXP	trial_label_left_new: text = "a = Nonword"
2.741180000011809	EXP	trial_label_left_new: font = "Courier New"
2.741180000011809	EXP	trial_label_left_new: color = {"_hex":"#000000","_rgb":[0,0,0]}
2.741180000011809	EXP	trial_label_left_new: contrast = 1
2.741180000011809	EXP	trial_label_left_new: height = 0.05
2.741180000011809	EXP	trial_label_left_new: bold = false
2.741180000011809	EXP	trial_label_left_new: italic = false
2.741180000011809	EXP	trial_label_left_new: alignHoriz = "left"
2.741180000011809	EXP	trial_label_left_new: alignVert = "center"
2.741180000011809	EXP	trial_label_left_new: wrapWidth = 1
2.741180000011809	EXP	trial_label_left_new: flipHoriz = false
2.741180000011809	EXP	trial_label_left_new: flipVert = false
2.741180000011809	EXP	feedback_text: units = "height"
2.741180000011809	EXP	feedback_text: ori = 0
2.741180000011809	EXP	feedback_text: opacity = 1
2.741180000011809	EXP	feedback_text: pos = [0,0]
2.741180000011809	EXP	feedback_text: size = undefined
2.741180000011809	EXP	feedback_text: text = "default text"
2.741180000011809	EXP	feedback_text: font = "Courier New"
2.741180000011809	EXP	feedback_text: color = {"_hex":"#FFFFFF","_rgb":[1,1,1]}
2.741180000011809	EXP	feedback_text: contrast = 1
2.741180000011809	EXP	feedback_text: height = 0.05
2.741180000011809	EXP	feedback_text: bold = false
2.741180000011809	EXP	feedback_text: italic = false
2.741180000011809	EXP	feedback_text: alignHoriz = "left"
2.741180000011809	EXP	feedback_text: alignVert = "center"
2.741180000011809	EXP	feedback_text: wrapWidth = 1
2.741180000011809	EXP	feedback_text: flipHoriz = false
2.741180000011809	EXP	feedback_text: flipVert = false
2.741180000011809	EXP	button_left_2: units = "height"
2.741180000011809	EXP	button_left_2: ori = 0
2.741180000011809	EXP	button_left_2: opacity = 1
2.741180000011809	EXP	button_left_2: pos = [-0.4,-0.3]
2.741180000011809	EXP	button_left_2: size = [1,1]
2.741180000011809	EXP	button_left_2: lineWidth = 1
2.741180000011809	EXP	button_left_2: lineColor = {"_hex":"#000000","_rgb":[0,0,0]}
2.741180000011809	EXP	button_left_2: fillColor = {"_hex":"#FFFFFF","_rgb":[1,1,1]}
2.741180000011809	EXP	button_left_2: vertices = [[-0.5,0],[0,0.5],[0.5,0]]
2.741180000011809	EXP	button_left_2: closeShape = true
2.741180000011809	EXP	button_left_2: contrast = 1
2.741180000011809	EXP	button_left_2: depth = -2
2.741180000011809	EXP	button_left_2: interpolate = true
2.741180000011809	EXP	button_left_2: width = 0.4
2.741180000011809	EXP	button_left_2: vertices = [[-0.2,null],[0.2,null],[0.2,null],[-0.2,null]]
2.741180000011809	EXP	button_left_2: height = 0.2
2.741180000011809	EXP	button_left_2: vertices = [[-0.2,-0.1],[0.2,-0.1],[0.2,0.1],[-0.2,0.1]]
2.741180000011809	EXP	button_left_2: vertices = [[-0.2,-0.1],[0.2,-0.1],[0.2,0.1],[-0.2,0.1]]
2.741180000011809	EXP	button_right_2: units = "height"
2.741180000011809	EXP	button_right_2: ori = 0
2.741180000011809	EXP	button_right_2: opacity = 1
2.741180000011809	EXP	button_right_2: pos = [0.4,-0.3]
2.741180000011809	EXP	button_right_2: size = [1,1]
2.741180000011809	EXP	button_right_2: lineWidth = 1
2.741180000011809	EXP	button_right_2: lineColor = {"_hex":"#000000","_rgb":[0,0,0]}
2.741180000011809	EXP	button_right_2: fillColor = {"_hex":"#FFFFFF","_rgb":[1,1,1]}
2.741180000011809	EXP	button_right_2: vertices = [[-0.5,0],[0,0.5],[0.5,0]]
2.741180000011809	EXP	button_right_2: closeShape = true
2.741180000011809	EXP	button_right_2: contrast = 1
2.741180000011809	EXP	button_right_2: depth = -3
2.741180000011809	EXP	button_right_2: interpolate = true
2.741180000011809	EXP	button_right_2: width = 0.4
2.741180000011809	EXP	button_right_2: vertices = [[-0.2,null],[0.2,null],[0.2,null],[-0.2,null]]
2.741180000011809	EXP	button_right_2: height = 0.2
2.741180000011809	EXP	button_right_2: vertices = [[-0.2,-0.1],[0.2,-0.1],[0.2,0.1],[-0.2,0.1]]
2.741180000011809	EXP	button_right_2: vertices = [[-0.2,-0.1],[0.2,-0.1],[0.2,0.1],[-0.2,0.1]]
2.741180000011809	EXP	trial_label_left_2: units = "height"
2.741180000011809	EXP	trial_label_left_2: ori = 0
2.741180000011809	EXP	trial_label_left_2: opacity = 1
2.741180000011809	EXP	trial_label_left_2: pos = [-0.4,-0.3]
2.741180000011809	EXP	trial_label_left_2: size = undefined
2.741180000011809	EXP	trial_label_left_2: text = "a = Nonword"
2.741180000011809	EXP	trial_label_left_2: font = "Courier New"
2.741180000011809	EXP	trial_label_left_2: color = {"_hex":"#000000","_rgb":[0,0,0]}
2.741180000011809	EXP	trial_label_left_2: contrast = 1
2.741180000011809	EXP	trial_label_left_2: height = 0.05
2.741180000011809	EXP	trial_label_left_2: bold = false
2.741180000011809	EXP	trial_label_left_2: italic = false
2.741180000011809	EXP	trial_label_left_2: alignHoriz = "left"
2.741180000011809	EXP	trial_label_left_2: alignVert = "center"
2.741180000011809	EXP	trial_label_left_2: wrapWidth = 1
2.741180000011809	EXP	trial_label_left_2: flipHoriz = false
2.741180000011809	EXP	trial_label_left_2: flipVert = false
2.741180000011809	EXP	trial_label_right_2: units = "height"
2.741180000011809	EXP	trial_label_right_2: ori = 0
2.741180000011809	EXP	trial_label_right_2: opacity = 1
2.741180000011809	EXP	trial_label_right_2: pos = [0.4,-0.3]
2.741180000011809	EXP	trial_label_right_2: size = undefined
2.741180000011809	EXP	trial_label_right_2: text = "l = Word"
2.741180000011809	EXP	trial_label_right_2: font = "Courier New"
2.741180000011809	EXP	trial_label_right_2: color = {"_hex":"#000000","_rgb":[0,0,0]}
2.741180000011809	EXP	trial_label_right_2: contrast = 1
2.741180000011809	EXP	trial_label_right_2: height = 0.05
2.741180000011809	EXP	trial_label_right_2: bold = false
2.741180000011809	EXP	trial_label_right_2: italic = false
2.741180000011809	EXP	trial_label_right_2: alignHoriz = "left"
2.741180000011809	EXP	trial_label_right_2: alignVert = "center"
2.741180000011809	EXP	trial_label_right_2: wrapWidth = 1
2.741180000011809	EXP	trial_label_right_2: flipHoriz = false
2.741180000011809	EXP	trial_label_right_2: flipVert = false
2.741180000011809	EXP	break_text: units = "height"
2.741180000011809	EXP	break_text: ori = 0
2.741180000011809	EXP	break_text: opacity = 1
2.741180000011809	EXP	break_text: pos = [0,0]
2.741180000011809	EXP	break_text: size = undefined
2.741180000011809	EXP	break_text: text = "BREAK\n\nPlease take a short break.\n\nWhen you are done, please press the space bar or touch the \"Continue\" button below to continue the experiment."
2.741180000011809	EXP	break_text: font = "Courier New"
2.741180000011809	EXP	break_text: color = {"_hex":"#000000","_rgb":[0,0,0]}
2.741180000011809	EXP	break_text: contrast = 1
2.741180000011809	EXP	break_text: height = 0.05
2.741180000011809	EXP	break_text: bold = false
2.741180000011809	EXP	break_text: italic = false
2.741180000011809	EXP	break_text: alignHoriz = "left"
2.741180000011809	EXP	break_text: alignVert = "center"
2.741180000011809	EXP	break_text: wrapWidth = 1
2.741180000011809	EXP	break_text: flipHoriz = false
2.741180000011809	EXP	break_text: flipVert = false
2.741180000011809	EXP	break_done_button: units = "height"
2.741180000011809	EXP	break_done_button: ori = 0
2.741180000011809	EXP	break_done_button: opacity = 1
2.741180000011809	EXP	break_done_button: pos = [0,-0.4]
2.741180000011809	EXP	break_done_button: size = [1,1]
2.741180000011809	EXP	break_done_button: lineWidth = 1
2.741180000011809	EXP	break_done_button: lineColor = {"_hex":"#000000","_rgb":[0,0,0]}
2.741180000011809	EXP	break_done_button: fillColor = {"_hex":"#FFFFFF","_rgb":[1,1,1]}
2.741180000011809	EXP	break_done_button: vertices = [[-0.5,0],[0,0.5],[0.5,0]]
2.741180000011809	EXP	break_done_button: closeShape = true
2.741180000011809	EXP	break_done_button: contrast = 1
2.741180000011809	EXP	break_done_button: depth = -3
2.741180000011809	EXP	break_done_button: interpolate = true
2.741180000011809	EXP	break_done_button: width = 0.4
2.741180000011809	EXP	break_done_button: vertices = [[-0.2,null],[0.2,null],[0.2,null],[-0.2,null]]
2.741180000011809	EXP	break_done_button: height = 0.1
2.741180000011809	EXP	break_done_button: vertices = [[-0.2,-0.05],[0.2,-0.05],[0.2,0.05],[-0.2,0.05]]
2.741180000011809	EXP	break_done_button: vertices = [[-0.2,-0.05],[0.2,-0.05],[0.2,0.05],[-0.2,0.05]]
2.741180000011809	EXP	break_done_button_label: units = "height"
2.741180000011809	EXP	break_done_button_label: ori = 0
2.741180000011809	EXP	break_done_button_label: opacity = 1
2.741180000011809	EXP	break_done_button_label: pos = [0,-0.4]
2.741180000011809	EXP	break_done_button_label: size = undefined
2.741180000011809	EXP	break_done_button_label: text = "Continue"
2.741180000011809	EXP	break_done_button_label: font = "Courier New"
2.741180000011809	EXP	break_done_button_label: color = {"_hex":"#000000","_rgb":[0,0,0]}
2.741180000011809	EXP	break_done_button_label: contrast = 1
2.741180000011809	EXP	break_done_button_label: height = 0.05
2.741180000011809	EXP	break_done_button_label: bold = false
2.741180000011809	EXP	break_done_button_label: italic = false
2.741180000011809	EXP	break_done_button_label: alignHoriz = "left"
2.741180000011809	EXP	break_done_button_label: alignVert = "center"
2.741180000011809	EXP	break_done_button_label: wrapWidth = 1
2.741180000011809	EXP	break_done_button_label: flipHoriz = false
2.741180000011809	EXP	break_done_button_label: flipVert = false
2.741180000011809	EXP	thank_you: units = "height"
2.741180000011809	EXP	thank_you: ori = 0
2.741180000011809	EXP	thank_you: opacity = 1
2.741180000011809	EXP	thank_you: pos = [0,0]
2.741180000011809	EXP	thank_you: size = undefined
2.741180000011809	EXP	thank_you: text = "This is the end of the experiment.\n\nPlease do not close this window yet. \n\nYou will now be redirected to the debriefing page. You must go to this page in order to receive your participation credit."
2.741180000011809	EXP	thank_you: font = "Courier New"
2.741180000011809	EXP	thank_you: color = {"_hex":"#000000","_rgb":[0,0,0]}
2.741180000011809	EXP	thank_you: contrast = 1
2.741180000011809	EXP	thank_you: height = 1
2.741180000011809	EXP	thank_you: bold = false
2.741180000011809	EXP	thank_you: italic = false
2.741180000011809	EXP	thank_you: alignHoriz = "left"
2.741180000011809	EXP	thank_you: alignVert = "center"
2.741180000011809	EXP	thank_you: wrapWidth = 1
2.741180000011809	EXP	thank_you: flipHoriz = false
2.741180000011809	EXP	thank_you: flipVert = false
2.741180000011809	EXP	instructions: text = "In this task you will judge whether a string of letters forms a word or not (i.e., is a nonword). Look at the cross at the start of each trial. After a second, a string of letters will appear. Your task is to indicate if the letter string forms a word or not (i.e., if it is a nonword). For example, AUTHOR is a word while AUTHON is a nonword.\r\n\r\nPress the space bar or click the button below to continue."
2.741180000011809	EXP	instructions: autoDraw = true
2.741180000011809	EXP	instr_done_button: autoDraw = true
2.741180000011809	EXP	instr_done_label: autoDraw = true
13.931374999985565	DATA	Mouse: 0 button down, pos=(654.3333935240917,651.3333934346847)
13.965115000028163	EXP	instructions: autoDraw = false
13.965115000028163	EXP	instr_done_button: autoDraw = false
13.965115000028163	EXP	instr_done_label: autoDraw = false
13.965115000028163	EXP	instructions: text = " If your device has a keyboard, press the 'a' key for nonwords and the 'l' key for words. If your device does not have a keyboard, touch the left button on the screen for nonwords and the right button for words. Do not use the mouse as this will slow down your response. \r\n\r\nPress the space bar or click the button below to continue."
13.965115000028163	EXP	instructions: autoDraw = true
13.965115000028163	EXP	instr_done_button: autoDraw = true
13.965115000028163	EXP	instr_done_label: autoDraw = true
14.026484999980312	DATA	Mouse: 0 button down, pos=(654.3333935240917,651.3333934346847)
15.188220000010915	DATA	Mouse: 0 button down, pos=(658.333393643301,642.6666858196259)
15.212735000008252	EXP	instructions: autoDraw = false
15.212735000008252	EXP	instr_done_button: autoDraw = false
15.212735000008252	EXP	instr_done_label: autoDraw = false
15.212735000008252	EXP	instructions: text = "It is very important that you respond as quickly and accurately as possible, as each letter string will only be on the screen for two seconds. If you do not respond within this time, the message 'Too slow!' will be displayed and the experiment will progress to the next letter string. The first 20 trials will be practice trials and you will receive feedback on your answers. \r\n\r\nPress the space bar or touch the button below to start the practice trials."
15.212735000008252	EXP	instructions: autoDraw = true
15.212735000008252	EXP	instr_done_button: autoDraw = true
15.212735000008252	EXP	instr_done_label: autoDraw = true
15.27526999998372	DATA	Mouse: 0 button down, pos=(658.333393643301,642.6666858196259)
19.932489999977406	DATA	Mouse: 0 button down, pos=(622.6666852235794,641.6666857898235)
20.060419999994338	EXP	instructions: autoDraw = false
20.060419999994338	EXP	instr_done_button: autoDraw = false
20.060419999994338	EXP	instr_done_label: autoDraw = false
20.060419999994338	EXP	prime_text: text = "mushed"
20.060419999994338	EXP	target: text = "WHAISE"
20.060419999994338	EXP	target: font = "Courier New"
20.060419999994338	EXP	fixation_mask: autoDraw = true
20.060419999994338	EXP	button_left: autoDraw = true
20.060419999994338	EXP	button_right: autoDraw = true
20.060419999994338	EXP	trial_label_right: autoDraw = true
20.060419999994338	EXP	trial_label_left_new: autoDraw = true
20.062455000006594	DATA	Mouse: 0 button down, pos=(622.6666852235794,641.6666857898235)
20.542130000016186	EXP	fixation_mask: autoDraw = false
20.572274999984074	EXP	prime_text: autoDraw = true
20.58999499998754	EXP	prime_text: autoDraw = false
20.620129999995697	EXP	target: autoDraw = true
21.92426499997964	DATA	Mouse: 0 button down, pos=(853.3333587646484,586.6666841506958)
21.95594999997411	EXP	fixation_mask: autoDraw = false
21.95594999997411	EXP	prime_text: autoDraw = false
21.95594999997411	EXP	target: autoDraw = false
21.95594999997411	EXP	button_left: autoDraw = false
21.95594999997411	EXP	button_right: autoDraw = false
21.95594999997411	EXP	trial_label_right: autoDraw = false
21.95594999997411	EXP	trial_label_left_new: autoDraw = false
21.95594999997411	EXP	feedback_text: color = {"_hex":"#FF0000","_rgb":[1,0,0]}
21.95594999997411	EXP	feedback_text: text = "Incorrect"
21.95594999997411	EXP	feedback_text: autoDraw = true
21.95594999997411	EXP	button_left_2: autoDraw = true
21.95594999997411	EXP	button_right_2: autoDraw = true
21.95594999997411	EXP	trial_label_left_2: autoDraw = true
21.95594999997411	EXP	trial_label_right_2: autoDraw = true
22.074620000028517	DATA	Mouse: 0 button down, pos=(853.3333587646484,586.6666841506958)
22.440059999993537	EXP	feedback_text: autoDraw = false
22.440059999993537	EXP	button_left_2: autoDraw = false
22.440059999993537	EXP	button_right_2: autoDraw = false
22.440059999993537	EXP	trial_label_left_2: autoDraw = false
22.440059999993537	EXP	trial_label_right_2: autoDraw = false
22.440059999993537	EXP	feedback_text: autoDraw = false
22.440059999993537	EXP	button_left_2: autoDraw = false
22.440059999993537	EXP	button_right_2: autoDraw = false
22.440059999993537	EXP	trial_label_left_2: autoDraw = false
22.440059999993537	EXP	trial_label_right_2: autoDraw = false
22.440059999993537	EXP	prime_text: text = "adveil"
22.440059999993537	EXP	target: text = "SPRINY"
22.440059999993537	EXP	target: font = "Courier New"
22.440059999993537	EXP	fixation_mask: autoDraw = true
22.440059999993537	EXP	button_left: autoDraw = true
22.440059999993537	EXP	button_right: autoDraw = true
22.440059999993537	EXP	trial_label_right: autoDraw = true
22.440059999993537	EXP	trial_label_left_new: autoDraw = true
22.930939999991097	EXP	fixation_mask: autoDraw = false
22.965680000022985	EXP	prime_text: autoDraw = true
22.985845000017434	EXP	prime_text: autoDraw = false
22.985845000017434	EXP	target: autoDraw = true
24.47783500002697	DATA	Mouse: 0 button down, pos=(379.3333446383476,539.3333900968246)
24.506274999992456	EXP	fixation_mask: autoDraw = false
24.506274999992456	EXP	prime_text: autoDraw = false
24.506274999992456	EXP	target: autoDraw = false
24.506274999992456	EXP	button_left: autoDraw = false
24.506274999992456	EXP	button_right: autoDraw = false
24.506274999992456	EXP	trial_label_right: autoDraw = false
24.506274999992456	EXP	trial_label_left_new: autoDraw = false
24.506274999992456	EXP	feedback_text: color = {"_hex":"#008000","_rgb":[0,0.5019607843137255,0]}
24.506274999992456	EXP	feedback_text: text = "Correct"
24.506274999992456	EXP	feedback_text: autoDraw = true
24.506274999992456	EXP	button_left_2: autoDraw = true
24.506274999992456	EXP	button_right_2: autoDraw = true
24.506274999992456	EXP	trial_label_left_2: autoDraw = true
24.506274999992456	EXP	trial_label_right_2: autoDraw = true
24.526375000015832	DATA	Mouse: 0 button down, pos=(381.33334469795227,538.3333900670223)
25.00344000000041	EXP	feedback_text: autoDraw = false
25.00344000000041	EXP	button_left_2: autoDraw = false
25.00344000000041	EXP	button_right_2: autoDraw = false
25.00344000000041	EXP	trial_label_left_2: autoDraw = false
25.00344000000041	EXP	trial_label_right_2: autoDraw = false
25.00344000000041	EXP	feedback_text: autoDraw = false
25.00344000000041	EXP	button_left_2: autoDraw = false
25.00344000000041	EXP	button_right_2: autoDraw = false
25.00344000000041	EXP	trial_label_left_2: autoDraw = false
25.00344000000041	EXP	trial_label_right_2: autoDraw = false
25.00344000000041	EXP	prime_text: text = "hurdle"
25.00344000000041	EXP	target: text = "VOLUME"
25.00344000000041	EXP	target: font = "Courier New"
25.00344000000041	EXP	fixation_mask: autoDraw = true
25.00344000000041	EXP	button_left: autoDraw = true
25.00344000000041	EXP	button_right: autoDraw = true
25.00344000000041	EXP	trial_label_right: autoDraw = true
25.00344000000041	EXP	trial_label_left_new: autoDraw = true
25.4892150000087	EXP	fixation_mask: autoDraw = false
25.509305000014137	EXP	prime_text: autoDraw = true
25.54781499999808	EXP	prime_text: autoDraw = false
25.57257999997819	EXP	target: autoDraw = true
26.358454999979585	DATA	Mouse: 0 button down, pos=(860.3333589732647,568.666683614254)
26.377559999993537	EXP	fixation_mask: autoDraw = false
26.377559999993537	EXP	prime_text: autoDraw = false
26.377559999993537	EXP	target: autoDraw = false
26.377559999993537	EXP	button_left: autoDraw = false
26.377559999993537	EXP	button_right: autoDraw = false
26.377559999993537	EXP	trial_label_right: autoDraw = false
26.377559999993537	EXP	trial_label_left_new: autoDraw = false
26.377559999993537	EXP	feedback_text: color = {"_hex":"#008000","_rgb":[0,0.5019607843137255,0]}
26.377559999993537	EXP	feedback_text: text = "Correct"
26.377559999993537	EXP	feedback_text: autoDraw = true
26.377559999993537	EXP	button_left_2: autoDraw = true
26.377559999993537	EXP	button_right_2: autoDraw = true
26.377559999993537	EXP	trial_label_left_2: autoDraw = true
26.377559999993537	EXP	trial_label_right_2: autoDraw = true
26.46284499997273	DATA	Mouse: 0 button down, pos=(860.3333589732647,568.666683614254)
26.886490000004414	EXP	feedback_text: autoDraw = false
26.886490000004414	EXP	button_left_2: autoDraw = false
26.886490000004414	EXP	button_right_2: autoDraw = false
26.886490000004414	EXP	trial_label_left_2: autoDraw = false
26.886490000004414	EXP	trial_label_right_2: autoDraw = false
26.886490000004414	EXP	feedback_text: autoDraw = false
26.886490000004414	EXP	button_left_2: autoDraw = false
26.886490000004414	EXP	button_right_2: autoDraw = false
26.886490000004414	EXP	trial_label_left_2: autoDraw = false
26.886490000004414	EXP	trial_label_right_2: autoDraw = false
26.886490000004414	EXP	prime_text: text = "frenzy"
26.886490000004414	EXP	target: text = "OBTAIN"
26.886490000004414	EXP	target: font = "Courier New"
26.886490000004414	EXP	fixation_mask: autoDraw = true
26.886490000004414	EXP	button_left: autoDraw = true
26.886490000004414	EXP	button_right: autoDraw = true
26.886490000004414	EXP	trial_label_right: autoDraw = true
26.886490000004414	EXP	trial_label_left_new: autoDraw = true
27.386370000021998	EXP	fixation_mask: autoDraw = false
27.4166049999767	EXP	prime_text: autoDraw = true
27.4166049999767	EXP	prime_text: autoDraw = false
27.435505000001285	EXP	target: autoDraw = true
28.563314999977592	DATA	Mouse: 0 button down, pos=(920.0000274181366,563.3333908120803)
28.591049999988172	EXP	fixation_mask: autoDraw = false
28.591049999988172	EXP	prime_text: autoDraw = false
28.591049999988172	EXP	target: autoDraw = false
28.591049999988172	EXP	button_left: autoDraw = false
28.591049999988172	EXP	button_right: autoDraw = false
28.591049999988172	EXP	trial_label_right: autoDraw = false
28.591049999988172	EXP	trial_label_left_new: autoDraw = false
28.591049999988172	EXP	feedback_text: color = {"_hex":"#008000","_rgb":[0,0.5019607843137255,0]}
28.591049999988172	EXP	feedback_text: text = "Correct"
28.591049999988172	EXP	feedback_text: autoDraw = true
28.591049999988172	EXP	button_left_2: autoDraw = true
28.591049999988172	EXP	button_right_2: autoDraw = true
28.591049999988172	EXP	trial_label_left_2: autoDraw = true
28.591049999988172	EXP	trial_label_right_2: autoDraw = true
28.631440000026487	DATA	Mouse: 0 button down, pos=(922.6666941642761,561.3333907524757)
29.078480000025593	EXP	feedback_text: autoDraw = false
29.078480000025593	EXP	button_left_2: autoDraw = false
29.078480000025593	EXP	button_right_2: autoDraw = false
29.078480000025593	EXP	trial_label_left_2: autoDraw = false
29.078480000025593	EXP	trial_label_right_2: autoDraw = false
29.078480000025593	EXP	feedback_text: autoDraw = false
29.078480000025593	EXP	button_left_2: autoDraw = false
29.078480000025593	EXP	button_right_2: autoDraw = false
29.078480000025593	EXP	trial_label_left_2: autoDraw = false
29.078480000025593	EXP	trial_label_right_2: autoDraw = false
29.078480000025593	EXP	prime_text: text = "almond"
29.078480000025593	EXP	target: text = "ALMOND"
29.078480000025593	EXP	target: font = "Courier New"
29.078480000025593	EXP	fixation_mask: autoDraw = true
29.078480000025593	EXP	button_left: autoDraw = true
29.078480000025593	EXP	button_right: autoDraw = true
29.078480000025593	EXP	trial_label_right: autoDraw = true
29.078480000025593	EXP	trial_label_left_new: autoDraw = true
29.56198499997845	EXP	fixation_mask: autoDraw = false
29.587230000004638	EXP	prime_text: autoDraw = true
29.62658999999985	EXP	prime_text: autoDraw = false
29.64660500001628	EXP	target: autoDraw = true
30.36598000000231	DATA	Mouse: 0 button down, pos=(923.333360850811,560.6666833758354)
30.386475000006612	EXP	fixation_mask: autoDraw = false
30.386475000006612	EXP	prime_text: autoDraw = false
30.386475000006612	EXP	target: autoDraw = false
30.386475000006612	EXP	button_left: autoDraw = false
30.386475000006612	EXP	button_right: autoDraw = false
30.386475000006612	EXP	trial_label_right: autoDraw = false
30.386475000006612	EXP	trial_label_left_new: autoDraw = false
30.386475000006612	EXP	feedback_text: color = {"_hex":"#008000","_rgb":[0,0.5019607843137255,0]}
30.386475000006612	EXP	feedback_text: text = "Correct"
30.386475000006612	EXP	feedback_text: autoDraw = true
30.386475000006612	EXP	button_left_2: autoDraw = true
30.386475000006612	EXP	button_right_2: autoDraw = true
30.386475000006612	EXP	trial_label_left_2: autoDraw = true
30.386475000006612	EXP	trial_label_right_2: autoDraw = true
30.427199999976438	DATA	Mouse: 0 button down, pos=(923.333360850811,560.6666833758354)
30.46633500000462	DATA	Mouse: wheel shift=(300,0), pos=(923.333360850811,560.6666833758354)
30.880690000019968	EXP	feedback_text: autoDraw = false
30.880690000019968	EXP	button_left_2: autoDraw = false
30.880690000019968	EXP	button_right_2: autoDraw = false
30.880690000019968	EXP	trial_label_left_2: autoDraw = false
30.880690000019968	EXP	trial_label_right_2: autoDraw = false
30.880690000019968	EXP	feedback_text: autoDraw = false
30.880690000019968	EXP	button_left_2: autoDraw = false
30.880690000019968	EXP	button_right_2: autoDraw = false
30.880690000019968	EXP	trial_label_left_2: autoDraw = false
30.880690000019968	EXP	trial_label_right_2: autoDraw = false
30.880690000019968	EXP	prime_text: text = "abound"
30.880690000019968	EXP	target: text = "SQUEAK"
30.880690000019968	EXP	target: font = "Courier New"
30.880690000019968	EXP	fixation_mask: autoDraw = true
30.880690000019968	EXP	button_left: autoDraw = true
30.880690000019968	EXP	button_right: autoDraw = true
30.880690000019968	EXP	trial_label_right: autoDraw = true
30.880690000019968	EXP	trial_label_left_new: autoDraw = true
31.37238499999512	EXP	fixation_mask: autoDraw = false
31.403790000011213	EXP	prime_text: autoDraw = true
31.42267499997979	EXP	prime_text: autoDraw = false
31.42267499997979	EXP	target: autoDraw = true
32.32212999998592	DATA	Mouse: 0 button down, pos=(869.3333592414856,577.3333912293128)
32.35203000000911	EXP	fixation_mask: autoDraw = false
32.35203000000911	EXP	prime_text: autoDraw = false
32.35203000000911	EXP	target: autoDraw = false
32.35203000000911	EXP	button_left: autoDraw = false
32.35203000000911	EXP	button_right: autoDraw = false
32.35203000000911	EXP	trial_label_right: autoDraw = false
32.35203000000911	EXP	trial_label_left_new: autoDraw = false
32.35203000000911	EXP	feedback_text: color = {"_hex":"#008000","_rgb":[0,0.5019607843137255,0]}
32.35203000000911	EXP	feedback_text: text = "Correct"
32.35203000000911	EXP	feedback_text: autoDraw = true
32.35203000000911	EXP	button_left_2: autoDraw = true
32.35203000000911	EXP	button_right_2: autoDraw = true
32.35203000000911	EXP	trial_label_left_2: autoDraw = true
32.35203000000911	EXP	trial_label_right_2: autoDraw = true
32.41174499999033	DATA	Mouse: 0 button down, pos=(869.3333592414856,577.3333912293128)
32.849800000025425	EXP	feedback_text: autoDraw = false
32.849800000025425	EXP	button_left_2: autoDraw = false
32.849800000025425	EXP	button_right_2: autoDraw = false
32.849800000025425	EXP	trial_label_left_2: autoDraw = false
32.849800000025425	EXP	trial_label_right_2: autoDraw = false
32.849800000025425	EXP	feedback_text: autoDraw = false
32.849800000025425	EXP	button_left_2: autoDraw = false
32.849800000025425	EXP	button_right_2: autoDraw = false
32.849800000025425	EXP	trial_label_left_2: autoDraw = false
32.849800000025425	EXP	trial_label_right_2: autoDraw = false
32.849800000025425	EXP	prime_text: text = "matrix"
32.849800000025425	EXP	target: text = "MATRIX"
32.849800000025425	EXP	target: font = "Courier New"
32.849800000025425	EXP	fixation_mask: autoDraw = true
32.849800000025425	EXP	button_left: autoDraw = true
32.849800000025425	EXP	button_right: autoDraw = true
32.849800000025425	EXP	trial_label_right: autoDraw = true
32.849800000025425	EXP	trial_label_left_new: autoDraw = true
33.35905999998795	EXP	fixation_mask: autoDraw = false
33.35905999998795	EXP	prime_text: autoDraw = true
33.40444000001298	EXP	prime_text: autoDraw = false
33.40444000001298	EXP	target: autoDraw = true
34.698374999978114	DATA	Mouse: 0 button down, pos=(955.0000284612179,604.0000180006027)
34.70007000002079	DATA	Mouse: 0 button down, pos=(955.0000284612179,604.0000180006027)
35.094429999997374	DATA	Mouse: 0 button down, pos=(941.3333613872528,591.3333916465454)
35.096120000001974	DATA	Mouse: 0 button down, pos=(941.0000280439854,590.0000175833702)
35.35584500001278	DATA	Mouse: 0 button down, pos=(929.3333610296249,582.6666840314865)
35.38628500001505	EXP	fixation_mask: autoDraw = false
35.38628500001505	EXP	prime_text: autoDraw = false
35.38628500001505	EXP	target: autoDraw = false
35.38628500001505	EXP	button_left: autoDraw = false
35.38628500001505	EXP	button_right: autoDraw = false
35.38628500001505	EXP	trial_label_right: autoDraw = false
35.38628500001505	EXP	trial_label_left_new: autoDraw = false
35.38628500001505	EXP	feedback_text: color = {"_hex":"#008000","_rgb":[0,0.5019607843137255,0]}
35.38628500001505	EXP	feedback_text: text = "Correct"
35.38628500001505	EXP	feedback_text: autoDraw = true
35.38628500001505	EXP	button_left_2: autoDraw = true
35.38628500001505	EXP	button_right_2: autoDraw = true
35.38628500001505	EXP	trial_label_left_2: autoDraw = true
35.38628500001505	EXP	trial_label_right_2: autoDraw = true
35.44675499998266	DATA	Mouse: 0 button down, pos=(929.3333610296249,582.6666840314865)
35.87679000000935	EXP	feedback_text: autoDraw = false
35.87679000000935	EXP	button_left_2: autoDraw = false
35.87679000000935	EXP	button_right_2: autoDraw = false
35.87679000000935	EXP	trial_label_left_2: autoDraw = false
35.87679000000935	EXP	trial_label_right_2: autoDraw = false
35.87679000000935	EXP	feedback_text: autoDraw = false
35.87679000000935	EXP	button_left_2: autoDraw = false
35.87679000000935	EXP	button_right_2: autoDraw = false
35.87679000000935	EXP	trial_label_left_2: autoDraw = false
35.87679000000935	EXP	trial_label_right_2: autoDraw = false
35.87679000000935	EXP	prime_text: text = "tropic"
35.87679000000935	EXP	target: text = "ZOMBIE"
35.87679000000935	EXP	target: font = "Courier New"
35.87679000000935	EXP	fixation_mask: autoDraw = true
35.87679000000935	EXP	button_left: autoDraw = true
35.87679000000935	EXP	button_right: autoDraw = true
35.87679000000935	EXP	trial_label_right: autoDraw = true
35.87679000000935	EXP	trial_label_left_new: autoDraw = true
36.37658999999985	EXP	fixation_mask: autoDraw = false
36.396550000004936	EXP	prime_text: autoDraw = true
36.41557000001194	EXP	prime_text: autoDraw = false
36.44774500001222	EXP	target: autoDraw = true
36.998704999976326	DATA	Mouse: 0 button down, pos=(889.0000264942646,573.3333911101035)
37.016829999978654	EXP	fixation_mask: autoDraw = false
37.016829999978654	EXP	prime_text: autoDraw = false
37.016829999978654	EXP	target: autoDraw = false
37.016829999978654	EXP	button_left: autoDraw = false
37.016829999978654	EXP	button_right: autoDraw = false
37.016829999978654	EXP	trial_label_right: autoDraw = false
37.016829999978654	EXP	trial_label_left_new: autoDraw = false
37.016829999978654	EXP	feedback_text: color = {"_hex":"#008000","_rgb":[0,0.5019607843137255,0]}
37.016829999978654	EXP	feedback_text: text = "Correct"
37.016829999978654	EXP	feedback_text: autoDraw = true
37.016829999978654	EXP	button_left_2: autoDraw = true
37.016829999978654	EXP	button_right_2: autoDraw = true
37.016829999978654	EXP	trial_label_left_2: autoDraw = true
37.016829999978654	EXP	trial_label_right_2: autoDraw = true
37.155120000010356	DATA	Mouse: 0 button down, pos=(889.0000264942646,573.3333911101035)
37.509439999994356	EXP	feedback_text: autoDraw = false
37.509439999994356	EXP	button_left_2: autoDraw = false
37.509439999994356	EXP	button_right_2: autoDraw = false
37.509439999994356	EXP	trial_label_left_2: autoDraw = false
37.509439999994356	EXP	trial_label_right_2: autoDraw = false
37.509439999994356	EXP	feedback_text: autoDraw = false
37.509439999994356	EXP	button_left_2: autoDraw = false
37.509439999994356	EXP	button_right_2: autoDraw = false
37.509439999994356	EXP	trial_label_left_2: autoDraw = false
37.509439999994356	EXP	trial_label_right_2: autoDraw = false
37.509439999994356	EXP	prime_text: text = "winfer"
37.509439999994356	EXP	target: text = "ROUPET"
37.509439999994356	EXP	target: font = "Courier New"
37.509439999994356	EXP	fixation_mask: autoDraw = true
37.509439999994356	EXP	button_left: autoDraw = true
37.509439999994356	EXP	button_right: autoDraw = true
37.509439999994356	EXP	trial_label_right: autoDraw = true
37.509439999994356	EXP	trial_label_left_new: autoDraw = true
38.00803999998607	EXP	fixation_mask: autoDraw = false
38.038249999983236	EXP	prime_text: autoDraw = true
38.05687999998918	EXP	prime_text: autoDraw = false
38.05687999998918	EXP	target: autoDraw = true
38.51591499999631	DATA	Mouse: 0 button down, pos=(337.6666970749702,585.0000174343586)
38.516569999977946	DATA	Mouse: undefined button down, pos=(337.66668701171875,585)
38.54219499998726	EXP	fixation_mask: autoDraw = false
38.54219499998726	EXP	prime_text: autoDraw = false
38.54219499998726	EXP	target: autoDraw = false
38.54219499998726	EXP	button_left: autoDraw = false
38.54219499998726	EXP	button_right: autoDraw = false
38.54219499998726	EXP	trial_label_right: autoDraw = false
38.54219499998726	EXP	trial_label_left_new: autoDraw = false
38.54219499998726	EXP	feedback_text: color = {"_hex":"#008000","_rgb":[0,0.5019607843137255,0]}
38.54219499998726	EXP	feedback_text: text = "Correct"
38.54219499998726	EXP	feedback_text: autoDraw = true
38.54219499998726	EXP	button_left_2: autoDraw = true
38.54219499998726	EXP	button_right_2: autoDraw = true
38.54219499998726	EXP	trial_label_left_2: autoDraw = true
38.54219499998726	EXP	trial_label_right_2: autoDraw = true
38.60064499999862	DATA	Mouse: 0 button down, pos=(336.6666970451679,586.6666841506958)
38.6011699999799	DATA	Mouse: undefined button down, pos=(336.66668701171875,586.6666870117188)
39.0392850000062	EXP	feedback_text: autoDraw = false
39.0392850000062	EXP	button_left_2: autoDraw = false
39.0392850000062	EXP	button_right_2: autoDraw = false
39.0392850000062	EXP	trial_label_left_2: autoDraw = false
39.0392850000062	EXP	trial_label_right_2: autoDraw = false
39.0392850000062	EXP	feedback_text: autoDraw = false
39.0392850000062	EXP	button_left_2: autoDraw = false
39.0392850000062	EXP	button_right_2: autoDraw = false
39.0392850000062	EXP	trial_label_left_2: autoDraw = false
39.0392850000062	EXP	trial_label_right_2: autoDraw = false
39.0392850000062	EXP	prime_text: text = "fariny"
39.0392850000062	EXP	target: text = "FARINY"
39.0392850000062	EXP	target: font = "Courier New"
39.0392850000062	EXP	fixation_mask: autoDraw = true
39.0392850000062	EXP	button_left: autoDraw = true
39.0392850000062	EXP	button_right: autoDraw = true
39.0392850000062	EXP	trial_label_right: autoDraw = true
39.0392850000062	EXP	trial_label_left_new: autoDraw = true
39.5276549999835	EXP	fixation_mask: autoDraw = false
39.5587199999718	EXP	prime_text: autoDraw = true
39.58707000000868	EXP	prime_text: autoDraw = false
39.58707000000868	EXP	target: autoDraw = true
40.18521000002511	DATA	Mouse: 0 button down, pos=(378.00001126527786,584.6666840910912)
40.185430000012275	DATA	Mouse: undefined button down, pos=(378,584.6666870117188)
40.216055000026245	EXP	fixation_mask: autoDraw = false
40.216055000026245	EXP	prime_text: autoDraw = false
40.216055000026245	EXP	target: autoDraw = false
40.216055000026245	EXP	button_left: autoDraw = false
40.216055000026245	EXP	button_right: autoDraw = false
40.216055000026245	EXP	trial_label_right: autoDraw = false
40.216055000026245	EXP	trial_label_left_new: autoDraw = false
40.216055000026245	EXP	feedback_text: color = {"_hex":"#008000","_rgb":[0,0.5019607843137255,0]}
40.216055000026245	EXP	feedback_text: text = "Correct"
40.216055000026245	EXP	feedback_text: autoDraw = true
40.216055000026245	EXP	button_left_2: autoDraw = true
40.216055000026245	EXP	button_right_2: autoDraw = true
40.216055000026245	EXP	trial_label_left_2: autoDraw = true
40.216055000026245	EXP	trial_label_right_2: autoDraw = true
40.27777500002412	DATA	Mouse: 0 button down, pos=(380.6666780114174,590.0000175833702)
40.27789500000654	DATA	Mouse: undefined button down, pos=(380.66668701171875,590)
40.6951049999916	EXP	feedback_text: autoDraw = false
40.6951049999916	EXP	button_left_2: autoDraw = false
40.6951049999916	EXP	button_right_2: autoDraw = false
40.6951049999916	EXP	trial_label_left_2: autoDraw = false
40.6951049999916	EXP	trial_label_right_2: autoDraw = false
40.6951049999916	EXP	feedback_text: autoDraw = false
40.6951049999916	EXP	button_left_2: autoDraw = false
40.6951049999916	EXP	button_right_2: autoDraw = false
40.6951049999916	EXP	trial_label_left_2: autoDraw = false
40.6951049999916	EXP	trial_label_right_2: autoDraw = false
40.6951049999916	EXP	prime_text: text = "utopia"
40.6951049999916	EXP	target: text = "UTOPIA"
40.6951049999916	EXP	target: font = "Courier New"
40.6951049999916	EXP	fixation_mask: autoDraw = true
40.6951049999916	EXP	button_left: autoDraw = true
40.6951049999916	EXP	button_right: autoDraw = true
40.6951049999916	EXP	trial_label_right: autoDraw = true
40.6951049999916	EXP	trial_label_left_new: autoDraw = true
41.192900000023656	EXP	fixation_mask: autoDraw = false
41.22408999997424	EXP	prime_text: autoDraw = true
41.24209499999415	EXP	prime_text: autoDraw = false
41.24209499999415	EXP	target: autoDraw = true
42.009490000025835	DATA	Mouse: 0 button down, pos=(829.3333580493927,537.3333900372199)
42.00963500002399	DATA	Mouse: undefined button down, pos=(829.3333740234375,537.3333740234375)
42.03831500001252	EXP	fixation_mask: autoDraw = false
42.03831500001252	EXP	prime_text: autoDraw = false
42.03831500001252	EXP	target: autoDraw = false
42.03831500001252	EXP	button_left: autoDraw = false
42.03831500001252	EXP	button_right: autoDraw = false
42.03831500001252	EXP	trial_label_right: autoDraw = false
42.03831500001252	EXP	trial_label_left_new: autoDraw = false
42.03831500001252	EXP	feedback_text: color = {"_hex":"#008000","_rgb":[0,0.5019607843137255,0]}
42.03831500001252	EXP	feedback_text: text = "Correct"
42.03831500001252	EXP	feedback_text: autoDraw = true
42.03831500001252	EXP	button_left_2: autoDraw = true
42.03831500001252	EXP	button_right_2: autoDraw = true
42.03831500001252	EXP	trial_label_left_2: autoDraw = true
42.03831500001252	EXP	trial_label_right_2: autoDraw = true
42.19336999999359	DATA	Mouse: 0 button down, pos=(859.6666922867298,537.3333900372199)
42.193559999985155	DATA	Mouse: undefined button down, pos=(859.6666870117188,537.3333740234375)
42.53649500000756	EXP	feedback_text: autoDraw = false
42.53649500000756	EXP	button_left_2: autoDraw = false
42.53649500000756	EXP	button_right_2: autoDraw = false
42.53649500000756	EXP	trial_label_left_2: autoDraw = false
42.53649500000756	EXP	trial_label_right_2: autoDraw = false
42.53649500000756	EXP	feedback_text: autoDraw = false
42.53649500000756	EXP	button_left_2: autoDraw = false
42.53649500000756	EXP	button_right_2: autoDraw = false
42.53649500000756	EXP	trial_label_left_2: autoDraw = false
42.53649500000756	EXP	trial_label_right_2: autoDraw = false
42.53649500000756	EXP	prime_text: text = "miaber"
42.53649500000756	EXP	target: text = "THRALE"
42.53649500000756	EXP	target: font = "Courier New"
42.53649500000756	EXP	fixation_mask: autoDraw = true
42.53649500000756	EXP	button_left: autoDraw = true
42.53649500000756	EXP	button_right: autoDraw = true
42.53649500000756	EXP	trial_label_right: autoDraw = true
42.53649500000756	EXP	trial_label_left_new: autoDraw = true
43.031804999976885	EXP	fixation_mask: autoDraw = false
43.06157499999972	EXP	prime_text: autoDraw = true
43.0722250000108	EXP	prime_text: autoDraw = false
43.092354999971576	EXP	target: autoDraw = true
44.19050999998581	DATA	Mouse: 0 button down, pos=(404.00001204013824,587.0000174939632)
44.19072000001324	DATA	Mouse: undefined button down, pos=(404,587)
44.219370000006165	EXP	fixation_mask: autoDraw = false
44.219370000006165	EXP	prime_text: autoDraw = false
44.219370000006165	EXP	target: autoDraw = false
44.219370000006165	EXP	button_left: autoDraw = false
44.219370000006165	EXP	button_right: autoDraw = false
44.219370000006165	EXP	trial_label_right: autoDraw = false
44.219370000006165	EXP	trial_label_left_new: autoDraw = false
44.219370000006165	EXP	feedback_text: color = {"_hex":"#008000","_rgb":[0,0.5019607843137255,0]}
44.219370000006165	EXP	feedback_text: text = "Correct"
44.219370000006165	EXP	feedback_text: autoDraw = true
44.219370000006165	EXP	button_left_2: autoDraw = true
44.219370000006165	EXP	button_right_2: autoDraw = true
44.219370000006165	EXP	trial_label_left_2: autoDraw = true
44.219370000006165	EXP	trial_label_right_2: autoDraw = true
44.25926999998046	DATA	Mouse: 0 button down, pos=(405.00001206994057,587.0000174939632)
44.2595100000035	DATA	Mouse: undefined button down, pos=(405,587)
44.7130200000247	EXP	feedback_text: autoDraw = false
44.7130200000247	EXP	button_left_2: autoDraw = false
44.7130200000247	EXP	button_right_2: autoDraw = false
44.7130200000247	EXP	trial_label_left_2: autoDraw = false
44.7130200000247	EXP	trial_label_right_2: autoDraw = false
44.7130200000247	EXP	feedback_text: autoDraw = false
44.7130200000247	EXP	button_left_2: autoDraw = false
44.7130200000247	EXP	button_right_2: autoDraw = false
44.7130200000247	EXP	trial_label_left_2: autoDraw = false
44.7130200000247	EXP	trial_label_right_2: autoDraw = false
44.7130200000247	EXP	prime_text: text = "adjust"
44.7130200000247	EXP	target: text = "ADJUST"
44.7130200000247	EXP	target: font = "Courier New"
44.7130200000247	EXP	fixation_mask: autoDraw = true
44.7130200000247	EXP	button_left: autoDraw = true
44.7130200000247	EXP	button_right: autoDraw = true
44.7130200000247	EXP	trial_label_right: autoDraw = true
44.7130200000247	EXP	trial_label_left_new: autoDraw = true
45.20886499999324	EXP	fixation_mask: autoDraw = false
45.22850000002654	EXP	prime_text: autoDraw = true
45.24825000000419	EXP	prime_text: autoDraw = false
45.24825000000419	EXP	target: autoDraw = true
46.14882000000216	DATA	Mouse: 0 button down, pos=(872.3333593308926,580.3333913187198)
46.14908000000287	DATA	Mouse: undefined button down, pos=(872.3333740234375,580.3333740234375)
46.177974999998696	EXP	fixation_mask: autoDraw = false
46.177974999998696	EXP	prime_text: autoDraw = false
46.177974999998696	EXP	target: autoDraw = false
46.177974999998696	EXP	button_left: autoDraw = false
46.177974999998696	EXP	button_right: autoDraw = false
46.177974999998696	EXP	trial_label_right: autoDraw = false
46.177974999998696	EXP	trial_label_left_new: autoDraw = false
46.177974999998696	EXP	feedback_text: color = {"_hex":"#008000","_rgb":[0,0.5019607843137255,0]}
46.177974999998696	EXP	feedback_text: text = "Correct"
46.177974999998696	EXP	feedback_text: autoDraw = true
46.177974999998696	EXP	button_left_2: autoDraw = true
46.177974999998696	EXP	button_right_2: autoDraw = true
46.177974999998696	EXP	trial_label_left_2: autoDraw = true
46.177974999998696	EXP	trial_label_right_2: autoDraw = true
46.25984499999322	DATA	Mouse: 0 button down, pos=(872.3333593308926,582.3333913783244)
46.260115000011865	DATA	Mouse: undefined button down, pos=(872.3333740234375,582.3333740234375)
46.66125499998452	EXP	feedback_text: autoDraw = false
46.66125499998452	EXP	button_left_2: autoDraw = false
46.66125499998452	EXP	button_right_2: autoDraw = false
46.66125499998452	EXP	trial_label_left_2: autoDraw = false
46.66125499998452	EXP	trial_label_right_2: autoDraw = false
46.66125499998452	EXP	feedback_text: autoDraw = false
46.66125499998452	EXP	button_left_2: autoDraw = false
46.66125499998452	EXP	button_right_2: autoDraw = false
46.66125499998452	EXP	trial_label_left_2: autoDraw = false
46.66125499998452	EXP	trial_label_right_2: autoDraw = false
46.66125499998452	EXP	prime_text: text = "inlade"
46.66125499998452	EXP	target: text = "INLADE"
46.66125499998452	EXP	target: font = "Courier New"
46.66125499998452	EXP	fixation_mask: autoDraw = true
46.66125499998452	EXP	button_left: autoDraw = true
46.66125499998452	EXP	button_right: autoDraw = true
46.66125499998452	EXP	trial_label_right: autoDraw = true
46.66125499998452	EXP	trial_label_left_new: autoDraw = true
47.15585500001907	EXP	fixation_mask: autoDraw = false
47.17590500001097	EXP	prime_text: autoDraw = true
47.21966499998234	EXP	prime_text: autoDraw = false
47.239609999989625	EXP	target: autoDraw = true
48.40526500000851	DATA	Mouse: 0 button down, pos=(430.6666795015335,608.6666848063469)
48.405390000029	DATA	Mouse: undefined button down, pos=(430.66668701171875,608.6666870117188)
48.43445499998052	EXP	fixation_mask: autoDraw = false
48.43445499998052	EXP	prime_text: autoDraw = false
48.43445499998052	EXP	target: autoDraw = false
48.43445499998052	EXP	button_left: autoDraw = false
48.43445499998052	EXP	button_right: autoDraw = false
48.43445499998052	EXP	trial_label_right: autoDraw = false
48.43445499998052	EXP	trial_label_left_new: autoDraw = false
48.43445499998052	EXP	feedback_text: color = {"_hex":"#008000","_rgb":[0,0.5019607843137255,0]}
48.43445499998052	EXP	feedback_text: text = "Correct"
48.43445499998052	EXP	feedback_text: autoDraw = true
48.43445499998052	EXP	button_left_2: autoDraw = true
48.43445499998052	EXP	button_right_2: autoDraw = true
48.43445499998052	EXP	trial_label_left_2: autoDraw = true
48.43445499998052	EXP	trial_label_right_2: autoDraw = true
48.493290000013076	DATA	Mouse: 0 button down, pos=(438.33334639668465,614.3333923319988)
48.493499999982305	DATA	Mouse: undefined button down, pos=(438.3333435058594,614.3333740234375)
48.930225000018254	EXP	feedback_text: autoDraw = false
48.930225000018254	EXP	button_left_2: autoDraw = false
48.930225000018254	EXP	button_right_2: autoDraw = false
48.930225000018254	EXP	trial_label_left_2: autoDraw = false
48.930225000018254	EXP	trial_label_right_2: autoDraw = false
48.930225000018254	EXP	feedback_text: autoDraw = false
48.930225000018254	EXP	button_left_2: autoDraw = false
48.930225000018254	EXP	button_right_2: autoDraw = false
48.930225000018254	EXP	trial_label_left_2: autoDraw = false
48.930225000018254	EXP	trial_label_right_2: autoDraw = false
48.930225000018254	EXP	prime_text: text = "aslert"
48.930225000018254	EXP	target: text = "ASLERT"
48.930225000018254	EXP	target: font = "Courier New"
48.930225000018254	EXP	fixation_mask: autoDraw = true
48.930225000018254	EXP	button_left: autoDraw = true
48.930225000018254	EXP	button_right: autoDraw = true
48.930225000018254	EXP	trial_label_right: autoDraw = true
48.930225000018254	EXP	trial_label_left_new: autoDraw = true
49.4394050000119	EXP	fixation_mask: autoDraw = false
49.4394050000119	EXP	prime_text: autoDraw = true
49.458775000006426	EXP	prime_text: autoDraw = false
49.478140000021085	EXP	target: autoDraw = true
50.91535500000464	DATA	Mouse: 0 button down, pos=(422.66667926311493,620.6666851639748)
50.915425000013784	DATA	Mouse: undefined button down, pos=(422.66668701171875,620.6666870117188)
50.93689000001177	EXP	fixation_mask: autoDraw = false
50.93689000001177	EXP	prime_text: autoDraw = false
50.93689000001177	EXP	target: autoDraw = false
50.93689000001177	EXP	button_left: autoDraw = false
50.93689000001177	EXP	button_right: autoDraw = false
50.93689000001177	EXP	trial_label_right: autoDraw = false
50.93689000001177	EXP	trial_label_left_new: autoDraw = false
50.93689000001177	EXP	feedback_text: color = {"_hex":"#008000","_rgb":[0,0.5019607843137255,0]}
50.93689000001177	EXP	feedback_text: text = "Correct"
50.93689000001177	EXP	feedback_text: autoDraw = true
50.93689000001177	EXP	button_left_2: autoDraw = true
50.93689000001177	EXP	button_right_2: autoDraw = true
50.93689000001177	EXP	trial_label_left_2: autoDraw = true
50.93689000001177	EXP	trial_label_right_2: autoDraw = true
50.958035000017844	DATA	Mouse: 0 button down, pos=(423.3333459496498,619.0000184476376)
50.95877000002656	DATA	Mouse: undefined button down, pos=(423.3333435058594,619)
51.43924999999581	EXP	feedback_text: autoDraw = false
51.43924999999581	EXP	button_left_2: autoDraw = false
51.43924999999581	EXP	button_right_2: autoDraw = false
51.43924999999581	EXP	trial_label_left_2: autoDraw = false
51.43924999999581	EXP	trial_label_right_2: autoDraw = false
51.43924999999581	EXP	feedback_text: autoDraw = false
51.43924999999581	EXP	button_left_2: autoDraw = false
51.43924999999581	EXP	button_right_2: autoDraw = false
51.43924999999581	EXP	trial_label_left_2: autoDraw = false
51.43924999999581	EXP	trial_label_right_2: autoDraw = false
51.43924999999581	EXP	prime_text: text = "rashet"
51.43924999999581	EXP	target: text = "RASHET"
51.43924999999581	EXP	target: font = "Courier New"
51.43924999999581	EXP	fixation_mask: autoDraw = true
51.43924999999581	EXP	button_left: autoDraw = true
51.43924999999581	EXP	button_right: autoDraw = true
51.43924999999581	EXP	trial_label_right: autoDraw = true
51.43924999999581	EXP	trial_label_left_new: autoDraw = true
51.956294999981765	EXP	fixation_mask: autoDraw = false
51.956294999981765	EXP	prime_text: autoDraw = true
51.99310500000138	EXP	prime_text: autoDraw = false
51.99310500000138	EXP	target: autoDraw = true
52.579719999979716	DATA	Mouse: 0 button down, pos=(456.000013589859,601.3333919445686)
52.579795000026934	DATA	Mouse: undefined button down, pos=(456,601.3333740234375)
52.59841500001494	EXP	fixation_mask: autoDraw = false
52.59841500001494	EXP	prime_text: autoDraw = false
52.59841500001494	EXP	target: autoDraw = false
52.59841500001494	EXP	button_left: autoDraw = false
52.59841500001494	EXP	button_right: autoDraw = false
52.59841500001494	EXP	trial_label_right: autoDraw = false
52.59841500001494	EXP	trial_label_left_new: autoDraw = false
52.59841500001494	EXP	feedback_text: color = {"_hex":"#008000","_rgb":[0,0.5019607843137255,0]}
52.59841500001494	EXP	feedback_text: text = "Correct"
52.59841500001494	EXP	feedback_text: autoDraw = true
52.59841500001494	EXP	button_left_2: autoDraw = true
52.59841500001494	EXP	button_right_2: autoDraw = true
52.59841500001494	EXP	trial_label_left_2: autoDraw = true
52.59841500001494	EXP	trial_label_right_2: autoDraw = true
52.6607049999875	DATA	Mouse: 0 button down, pos=(456.33334693312645,602.666684627533)
52.660934999992605	DATA	Mouse: undefined button down, pos=(456.3333435058594,602.6666870117188)
53.152405000000726	EXP	feedback_text: autoDraw = false
53.152405000000726	EXP	button_left_2: autoDraw = false
53.152405000000726	EXP	button_right_2: autoDraw = false
53.152405000000726	EXP	trial_label_left_2: autoDraw = false
53.152405000000726	EXP	trial_label_right_2: autoDraw = false
53.152405000000726	EXP	feedback_text: autoDraw = false
53.152405000000726	EXP	button_left_2: autoDraw = false
53.152405000000726	EXP	button_right_2: autoDraw = false
53.152405000000726	EXP	trial_label_left_2: autoDraw = false
53.152405000000726	EXP	trial_label_right_2: autoDraw = false
53.152405000000726	EXP	instructions: text = "You have completed the practice trials. During the experimental trials, you will not receive feedback, but it is very important that you respond as quickly and accurately as possible. \r\n\r\nBefore you begin, please ensure that you are in a comfortable and quiet location and will not be disturbed for about 25 minutes, as we cannot use your data if you do not complete all the trials. \r\n\r\nThere will be opportunities to take breaks at regular intervals during the experiment. When you are ready to start the experimental trials, please press space or touch the button below."
53.152405000000726	EXP	instructions: autoDraw = true
53.152405000000726	EXP	instr_done_button: autoDraw = true
53.152405000000726	EXP	instr_done_label: autoDraw = true
83.00668499997118	DATA	Mouse: 0 button down, pos=(623.6666852533817,113.00000336766243)
83.03567999997176	DATA	Mouse: 0 button down, pos=(627.666685372591,112.00000333786011)
85.19095000001835	DATA	Keydown: Escape
