0.18642500002169982	EXP	Created Window = Window( name=Window, fullscr=true, color=#ffffff, units=height, waitBlanking=true, autoLog=true, size=[1920,1013] )
2.7122249999665655	EXP	Created instructions = TextStim( name=instructions, win=Window( name=Window, fullscr=true, color=#ffffff, ~), autoDraw=null, autoLog=true, units=height, ori=null, opacity=1, pos=[0,0], size=undefined, text=default text, font=Courier New, color=#000000, contrast=1, height=0.035, bold=null, italic=null, alignHoriz=left, alignVert=center, wrapWidth=1, flipHoriz=null, flipVert=null )
2.719715000013821	EXP	Created instr_done_button = Rect( name=instr_done_button, win=Window( name=Window, fullscr=true, color=#ffffff, ~), autoDraw=null, autoLog=true, units=height, ori=null, opacity=1, pos=[0,-0.4], size=[1,1], lineWidth=1, lineColor=#000000, fillColor=#FFFFFF, vertices=[[-0.2,-0.05],[0.2,-0.05],[0.2,0.05],[-0.2,0.05]], closeShape=true, contrast=1, depth=-2, interpolate=true, width=0.4, height=0.1 )
2.7210049999994226	EXP	Created instr_done_label = TextStim( name=instr_done_label, win=Window( name=Window, fullscr=true, color=#ffffff, ~), autoDraw=null, autoLog=true, units=height, ori=null, opacity=1, pos=[0,-0.4], size=undefined, text=Continue, font=Courier New, color=#000000, contrast=1, height=0.05, bold=null, italic=null, alignHoriz=left, alignVert=center, wrapWidth=1, flipHoriz=null, flipVert=null )
2.7231799999717623	EXP	Created fixation_mask = TextStim( name=fixation_mask, win=Window( name=Window, fullscr=true, color=#ffffff, ~), autoDraw=null, autoLog=true, units=height, ori=null, opacity=1, pos=[0,0], size=undefined, text=######, font=Courier New, color=#000000, contrast=1, height=0.1, bold=null, italic=null, alignHoriz=left, alignVert=center, wrapWidth=1, flipHoriz=null, flipVert=null )
2.7243599999928847	EXP	Created prime_text = TextStim( name=prime_text, win=Window( name=Window, fullscr=true, color=#ffffff, ~), autoDraw=null, autoLog=true, units=height, ori=null, opacity=1, pos=[0,0], size=undefined, text=default text, font=Courier New, color=#000000, contrast=1, height=0.1, bold=null, italic=null, alignHoriz=left, alignVert=center, wrapWidth=1, flipHoriz=null, flipVert=null )
2.7254899999825284	EXP	Created target = TextStim( name=target, win=Window( name=Window, fullscr=true, color=#ffffff, ~), autoDraw=null, autoLog=true, units=height, ori=null, opacity=1, pos=[0,0], size=undefined, text=default text, font=Arial, color=#000000, contrast=1, height=0.1, bold=null, italic=null, alignHoriz=left, alignVert=center, wrapWidth=1, flipHoriz=null, flipVert=null )
2.7282150000100955	EXP	Created button_left = Rect( name=button_left, win=Window( name=Window, fullscr=true, color=#ffffff, ~), autoDraw=null, autoLog=true, units=height, ori=null, opacity=1, pos=[-0.4,-0.3], size=[1,1], lineWidth=1, lineColor=#000000, fillColor=#FFFFFF, vertices=[[-0.2,-0.1],[0.2,-0.1],[0.2,0.1],[-0.2,0.1]], closeShape=true, contrast=1, depth=-5, interpolate=true, width=0.4, height=0.2 )
2.7308399999747053	EXP	Created button_right = Rect( name=button_right, win=Window( name=Window, fullscr=true, color=#ffffff, ~), autoDraw=null, autoLog=true, units=height, ori=null, opacity=1, pos=[0.4,-0.3], size=[1,1], lineWidth=1, lineColor=#000000, fillColor=#FFFFFF, vertices=[[-0.2,-0.1],[0.2,-0.1],[0.2,0.1],[-0.2,0.1]], closeShape=true, contrast=1, depth=-6, interpolate=true, width=0.4, height=0.2 )
2.7313849999918602	EXP	Created trial_label_right = TextStim( name=trial_label_right, win=Window( name=Window, fullscr=true, color=#ffffff, ~), autoDraw=null, autoLog=true, units=height, ori=null, opacity=1, pos=[0.4,-0.3], size=undefined, text=l = Word, font=Courier New, color=#000000, contrast=1, height=0.05, bold=null, italic=null, alignHoriz=left, alignVert=center, wrapWidth=1, flipHoriz=null, flipVert=null )
2.731900000013411	EXP	Created trial_label_left_new = TextStim( name=trial_label_left_new, win=Window( name=Window, fullscr=true, color=#ffffff, ~), autoDraw=null, autoLog=true, units=height, ori=null, opacity=1, pos=[-0.4,-0.3], size=undefined, text=a = Nonword, font=Courier New, color=#000000, contrast=1, height=0.05, bold=null, italic=null, alignHoriz=left, alignVert=center, wrapWidth=1, flipHoriz=null, flipVert=null )
2.7323800000012852	EXP	Created feedback_text = TextStim( name=feedback_text, win=Window( name=Window, fullscr=true, color=#ffffff, ~), autoDraw=null, autoLog=true, units=height, ori=null, opacity=1, pos=[0,0], size=undefined, text=default text, font=Courier New, color=#FFFFFF, contrast=1, height=0.05, bold=null, italic=null, alignHoriz=left, alignVert=center, wrapWidth=1, flipHoriz=null, flipVert=null )
2.7356199999921955	EXP	Created button_left_2 = Rect( name=button_left_2, win=Window( name=Window, fullscr=true, color=#ffffff, ~), autoDraw=null, autoLog=true, units=height, ori=null, opacity=1, pos=[-0.4,-0.3], size=[1,1], lineWidth=1, lineColor=#000000, fillColor=#FFFFFF, vertices=[[-0.2,-0.1],[0.2,-0.1],[0.2,0.1],[-0.2,0.1]], closeShape=true, contrast=1, depth=-2, interpolate=true, width=0.4, height=0.2 )
2.7399999999906868	EXP	Created button_right_2 = Rect( name=button_right_2, win=Window( name=Window, fullscr=true, color=#ffffff, ~), autoDraw=null, autoLog=true, units=height, ori=null, opacity=1, pos=[0.4,-0.3], size=[1,1], lineWidth=1, lineColor=#000000, fillColor=#FFFFFF, vertices=[[-0.2,-0.1],[0.2,-0.1],[0.2,0.1],[-0.2,0.1]], closeShape=true, contrast=1, depth=-3, interpolate=true, width=0.4, height=0.2 )
2.7413800000213087	EXP	Created trial_label_left_2 = TextStim( name=trial_label_left_2, win=Window( name=Window, fullscr=true, color=#ffffff, ~), autoDraw=null, autoLog=true, units=height, ori=null, opacity=1, pos=[-0.4,-0.3], size=undefined, text=a = Nonword, font=Courier New, color=#000000, contrast=1, height=0.05, bold=null, italic=null, alignHoriz=left, alignVert=center, wrapWidth=1, flipHoriz=null, flipVert=null )
2.742454999999609	EXP	Created trial_label_right_2 = TextStim( name=trial_label_right_2, win=Window( name=Window, fullscr=true, color=#ffffff, ~), autoDraw=null, autoLog=true, units=height, ori=null, opacity=1, pos=[0.4,-0.3], size=undefined, text=l = Word, font=Courier New, color=#000000, contrast=1, height=0.05, bold=null, italic=null, alignHoriz=left, alignVert=center, wrapWidth=1, flipHoriz=null, flipVert=null )
2.743804999976419	EXP	Created instructions = TextStim( name=instructions, win=Window( name=Window, fullscr=true, color=#ffffff, ~), autoDraw=null, autoLog=true, units=height, ori=null, opacity=1, pos=[0,0], size=undefined, text=default text, font=Courier New, color=#000000, contrast=1, height=0.035, bold=null, italic=null, alignHoriz=left, alignVert=center, wrapWidth=1, flipHoriz=null, flipVert=null )
2.7475349999731407	EXP	Created instr_done_button = Rect( name=instr_done_button, win=Window( name=Window, fullscr=true, color=#ffffff, ~), autoDraw=null, autoLog=true, units=height, ori=null, opacity=1, pos=[0,-0.4], size=[1,1], lineWidth=1, lineColor=#000000, fillColor=#FFFFFF, vertices=[[-0.2,-0.05],[0.2,-0.05],[0.2,0.05],[-0.2,0.05]], closeShape=true, contrast=1, depth=-2, interpolate=true, width=0.4, height=0.1 )
2.748974999994971	EXP	Created instr_done_label = TextStim( name=instr_done_label, win=Window( name=Window, fullscr=true, color=#ffffff, ~), autoDraw=null, autoLog=true, units=height, ori=null, opacity=1, pos=[0,-0.4], size=undefined, text=Continue, font=Courier New, color=#000000, contrast=1, height=0.05, bold=null, italic=null, alignHoriz=left, alignVert=center, wrapWidth=1, flipHoriz=null, flipVert=null )
2.750579999992624	EXP	Created fixation_mask = TextStim( name=fixation_mask, win=Window( name=Window, fullscr=true, color=#ffffff, ~), autoDraw=null, autoLog=true, units=height, ori=null, opacity=1, pos=[0,0], size=undefined, text=######, font=Courier New, color=#000000, contrast=1, height=0.1, bold=null, italic=null, alignHoriz=left, alignVert=center, wrapWidth=1, flipHoriz=null, flipVert=null )
2.7513100000214763	EXP	Created prime_text = TextStim( name=prime_text, win=Window( name=Window, fullscr=true, color=#ffffff, ~), autoDraw=null, autoLog=true, units=height, ori=null, opacity=1, pos=[0,0], size=undefined, text=default text, font=Courier New, color=#000000, contrast=1, height=0.1, bold=null, italic=null, alignHoriz=left, alignVert=center, wrapWidth=1, flipHoriz=null, flipVert=null )
2.7521149999811314	EXP	Created target = TextStim( name=target, win=Window( name=Window, fullscr=true, color=#ffffff, ~), autoDraw=null, autoLog=true, units=height, ori=null, opacity=1, pos=[0,0], size=undefined, text=default text, font=Arial, color=#000000, contrast=1, height=0.1, bold=null, italic=null, alignHoriz=left, alignVert=center, wrapWidth=1, flipHoriz=null, flipVert=null )
2.7553249999764375	EXP	Created button_left = Rect( name=button_left, win=Window( name=Window, fullscr=true, color=#ffffff, ~), autoDraw=null, autoLog=true, units=height, ori=null, opacity=1, pos=[-0.4,-0.3], size=[1,1], lineWidth=1, lineColor=#000000, fillColor=#FFFFFF, vertices=[[-0.2,-0.1],[0.2,-0.1],[0.2,0.1],[-0.2,0.1]], closeShape=true, contrast=1, depth=-5, interpolate=true, width=0.4, height=0.2 )
2.7574049999821	EXP	Created button_right = Rect( name=button_right, win=Window( name=Window, fullscr=true, color=#ffffff, ~), autoDraw=null, autoLog=true, units=height, ori=null, opacity=1, pos=[0.4,-0.3], size=[1,1], lineWidth=1, lineColor=#000000, fillColor=#FFFFFF, vertices=[[-0.2,-0.1],[0.2,-0.1],[0.2,0.1],[-0.2,0.1]], closeShape=true, contrast=1, depth=-6, interpolate=true, width=0.4, height=0.2 )
2.758105000015348	EXP	Created trial_label_right = TextStim( name=trial_label_right, win=Window( name=Window, fullscr=true, color=#ffffff, ~), autoDraw=null, autoLog=true, units=height, ori=null, opacity=1, pos=[0.4,-0.3], size=undefined, text=l = Word, font=Courier New, color=#000000, contrast=1, height=0.05, bold=null, italic=null, alignHoriz=left, alignVert=center, wrapWidth=1, flipHoriz=null, flipVert=null )
2.759109999984503	EXP	Created trial_label_left_new = TextStim( name=trial_label_left_new, win=Window( name=Window, fullscr=true, color=#ffffff, ~), autoDraw=null, autoLog=true, units=height, ori=null, opacity=1, pos=[-0.4,-0.3], size=undefined, text=a = Nonword, font=Courier New, color=#000000, contrast=1, height=0.05, bold=null, italic=null, alignHoriz=left, alignVert=center, wrapWidth=1, flipHoriz=null, flipVert=null )
2.7599000000045635	EXP	Created feedback_text = TextStim( name=feedback_text, win=Window( name=Window, fullscr=true, color=#ffffff, ~), autoDraw=null, autoLog=true, units=height, ori=null, opacity=1, pos=[0,0], size=undefined, text=default text, font=Courier New, color=#FFFFFF, contrast=1, height=0.05, bold=null, italic=null, alignHoriz=left, alignVert=center, wrapWidth=1, flipHoriz=null, flipVert=null )
2.7623749999911524	EXP	Created button_left_2 = Rect( name=button_left_2, win=Window( name=Window, fullscr=true, color=#ffffff, ~), autoDraw=null, autoLog=true, units=height, ori=null, opacity=1, pos=[-0.4,-0.3], size=[1,1], lineWidth=1, lineColor=#000000, fillColor=#FFFFFF, vertices=[[-0.2,-0.1],[0.2,-0.1],[0.2,0.1],[-0.2,0.1]], closeShape=true, contrast=1, depth=-2, interpolate=true, width=0.4, height=0.2 )
2.764320000016596	EXP	Created button_right_2 = Rect( name=button_right_2, win=Window( name=Window, fullscr=true, color=#ffffff, ~), autoDraw=null, autoLog=true, units=height, ori=null, opacity=1, pos=[0.4,-0.3], size=[1,1], lineWidth=1, lineColor=#000000, fillColor=#FFFFFF, vertices=[[-0.2,-0.1],[0.2,-0.1],[0.2,0.1],[-0.2,0.1]], closeShape=true, contrast=1, depth=-3, interpolate=true, width=0.4, height=0.2 )
2.765094999980647	EXP	Created trial_label_left_2 = TextStim( name=trial_label_left_2, win=Window( name=Window, fullscr=true, color=#ffffff, ~), autoDraw=null, autoLog=true, units=height, ori=null, opacity=1, pos=[-0.4,-0.3], size=undefined, text=a = Nonword, font=Courier New, color=#000000, contrast=1, height=0.05, bold=null, italic=null, alignHoriz=left, alignVert=center, wrapWidth=1, flipHoriz=null, flipVert=null )
2.765819999971427	EXP	Created trial_label_right_2 = TextStim( name=trial_label_right_2, win=Window( name=Window, fullscr=true, color=#ffffff, ~), autoDraw=null, autoLog=true, units=height, ori=null, opacity=1, pos=[0.4,-0.3], size=undefined, text=l = Word, font=Courier New, color=#000000, contrast=1, height=0.05, bold=null, italic=null, alignHoriz=left, alignVert=center, wrapWidth=1, flipHoriz=null, flipVert=null )
2.766509999986738	EXP	Created break_text = TextStim( name=break_text, win=Window( name=Window, fullscr=true, color=#ffffff, ~), autoDraw=null, autoLog=true, units=height, ori=null, opacity=1, pos=[0,0], size=undefined, text=default text, font=Courier New, color=#000000, contrast=1, height=0.05, bold=null, italic=null, alignHoriz=left, alignVert=center, wrapWidth=1, flipHoriz=null, flipVert=null )
2.768709999974817	EXP	Created break_done_button = Rect( name=break_done_button, win=Window( name=Window, fullscr=true, color=#ffffff, ~), autoDraw=null, autoLog=true, units=height, ori=null, opacity=1, pos=[0,-0.4], size=[1,1], lineWidth=1, lineColor=#000000, fillColor=#FFFFFF, vertices=[[-0.2,-0.05],[0.2,-0.05],[0.2,0.05],[-0.2,0.05]], closeShape=true, contrast=1, depth=-4, interpolate=true, width=0.4, height=0.1 )
2.7691650000051595	EXP	Created break_done_button_label = TextStim( name=break_done_button_label, win=Window( name=Window, fullscr=true, color=#ffffff, ~), autoDraw=null, autoLog=true, units=height, ori=null, opacity=1, pos=[0,-0.4], size=undefined, text=Continue, font=Courier New, color=#000000, contrast=1, height=0.05, bold=null, italic=null, alignHoriz=left, alignVert=center, wrapWidth=1, flipHoriz=null, flipVert=null )
2.76958999998169	EXP	Created thank_you = TextStim( name=thank_you, win=Window( name=Window, fullscr=true, color=#ffffff, ~), autoDraw=null, autoLog=true, units=height, ori=null, opacity=1, pos=[0,0], size=undefined, text=This is the end of the experiment.

Please do not ~, font=Courier New, color=#000000, contrast=1, height=1, bold=null, italic=null, alignHoriz=left, alignVert=center, wrapWidth=1, flipHoriz=null, flipVert=null )
2.882485000009183	EXP	instructions: units = "height"
2.882485000009183	EXP	instructions: ori = 0
2.882485000009183	EXP	instructions: opacity = 1
2.882485000009183	EXP	instructions: pos = [0,0]
2.882485000009183	EXP	instructions: size = undefined
2.882485000009183	EXP	instructions: text = "default text"
2.882485000009183	EXP	instructions: font = "Courier New"
2.882485000009183	EXP	instructions: color = {"_hex":"#000000","_rgb":[0,0,0]}
2.882485000009183	EXP	instructions: contrast = 1
2.882485000009183	EXP	instructions: height = 0.035
2.882485000009183	EXP	instructions: bold = false
2.882485000009183	EXP	instructions: italic = false
2.882485000009183	EXP	instructions: alignHoriz = "left"
2.882485000009183	EXP	instructions: alignVert = "center"
2.882485000009183	EXP	instructions: wrapWidth = 1
2.882485000009183	EXP	instructions: flipHoriz = false
2.882485000009183	EXP	instructions: flipVert = false
2.882485000009183	EXP	instr_done_button: units = "height"
2.882485000009183	EXP	instr_done_button: ori = 0
2.882485000009183	EXP	instr_done_button: opacity = 1
2.882485000009183	EXP	instr_done_button: pos = [0,-0.4]
2.882485000009183	EXP	instr_done_button: size = [1,1]
2.882485000009183	EXP	instr_done_button: lineWidth = 1
2.882485000009183	EXP	instr_done_button: lineColor = {"_hex":"#000000","_rgb":[0,0,0]}
2.882485000009183	EXP	instr_done_button: fillColor = {"_hex":"#FFFFFF","_rgb":[1,1,1]}
2.882485000009183	EXP	instr_done_button: vertices = [[-0.5,0],[0,0.5],[0.5,0]]
2.882485000009183	EXP	instr_done_button: closeShape = true
2.882485000009183	EXP	instr_done_button: contrast = 1
2.882485000009183	EXP	instr_done_button: depth = -2
2.882485000009183	EXP	instr_done_button: interpolate = true
2.882485000009183	EXP	instr_done_button: width = 0.4
2.882485000009183	EXP	instr_done_button: vertices = [[-0.2,null],[0.2,null],[0.2,null],[-0.2,null]]
2.882485000009183	EXP	instr_done_button: height = 0.1
2.882485000009183	EXP	instr_done_button: vertices = [[-0.2,-0.05],[0.2,-0.05],[0.2,0.05],[-0.2,0.05]]
2.882485000009183	EXP	instr_done_button: vertices = [[-0.2,-0.05],[0.2,-0.05],[0.2,0.05],[-0.2,0.05]]
2.882485000009183	EXP	instr_done_label: units = "height"
2.882485000009183	EXP	instr_done_label: ori = 0
2.882485000009183	EXP	instr_done_label: opacity = 1
2.882485000009183	EXP	instr_done_label: pos = [0,-0.4]
2.882485000009183	EXP	instr_done_label: size = undefined
2.882485000009183	EXP	instr_done_label: text = "Continue"
2.882485000009183	EXP	instr_done_label: font = "Courier New"
2.882485000009183	EXP	instr_done_label: color = {"_hex":"#000000","_rgb":[0,0,0]}
2.882485000009183	EXP	instr_done_label: contrast = 1
2.882485000009183	EXP	instr_done_label: height = 0.05
2.882485000009183	EXP	instr_done_label: bold = false
2.882485000009183	EXP	instr_done_label: italic = false
2.882485000009183	EXP	instr_done_label: alignHoriz = "left"
2.882485000009183	EXP	instr_done_label: alignVert = "center"
2.882485000009183	EXP	instr_done_label: wrapWidth = 1
2.882485000009183	EXP	instr_done_label: flipHoriz = false
2.882485000009183	EXP	instr_done_label: flipVert = false
2.882485000009183	EXP	fixation_mask: units = "height"
2.882485000009183	EXP	fixation_mask: ori = 0
2.882485000009183	EXP	fixation_mask: opacity = 1
2.882485000009183	EXP	fixation_mask: pos = [0,0]
2.882485000009183	EXP	fixation_mask: size = undefined
2.882485000009183	EXP	fixation_mask: text = "######"
2.882485000009183	EXP	fixation_mask: font = "Courier New"
2.882485000009183	EXP	fixation_mask: color = {"_hex":"#000000","_rgb":[0,0,0]}
2.882485000009183	EXP	fixation_mask: contrast = 1
2.882485000009183	EXP	fixation_mask: height = 0.1
2.882485000009183	EXP	fixation_mask: bold = false
2.882485000009183	EXP	fixation_mask: italic = false
2.882485000009183	EXP	fixation_mask: alignHoriz = "left"
2.882485000009183	EXP	fixation_mask: alignVert = "center"
2.882485000009183	EXP	fixation_mask: wrapWidth = 1
2.882485000009183	EXP	fixation_mask: flipHoriz = false
2.882485000009183	EXP	fixation_mask: flipVert = false
2.882485000009183	EXP	prime_text: units = "height"
2.882485000009183	EXP	prime_text: ori = 0
2.882485000009183	EXP	prime_text: opacity = 1
2.882485000009183	EXP	prime_text: pos = [0,0]
2.882485000009183	EXP	prime_text: size = undefined
2.882485000009183	EXP	prime_text: text = "default text"
2.882485000009183	EXP	prime_text: font = "Courier New"
2.882485000009183	EXP	prime_text: color = {"_hex":"#000000","_rgb":[0,0,0]}
2.882485000009183	EXP	prime_text: contrast = 1
2.882485000009183	EXP	prime_text: height = 0.1
2.882485000009183	EXP	prime_text: bold = false
2.882485000009183	EXP	prime_text: italic = false
2.882485000009183	EXP	prime_text: alignHoriz = "left"
2.882485000009183	EXP	prime_text: alignVert = "center"
2.882485000009183	EXP	prime_text: wrapWidth = 1
2.882485000009183	EXP	prime_text: flipHoriz = false
2.882485000009183	EXP	prime_text: flipVert = false
2.882485000009183	EXP	target: units = "height"
2.882485000009183	EXP	target: ori = 0
2.882485000009183	EXP	target: opacity = 1
2.882485000009183	EXP	target: pos = [0,0]
2.882485000009183	EXP	target: size = undefined
2.882485000009183	EXP	target: text = "default text"
2.882485000009183	EXP	target: font = "Arial"
2.882485000009183	EXP	target: color = {"_hex":"#000000","_rgb":[0,0,0]}
2.882485000009183	EXP	target: contrast = 1
2.882485000009183	EXP	target: height = 0.1
2.882485000009183	EXP	target: bold = false
2.882485000009183	EXP	target: italic = false
2.882485000009183	EXP	target: alignHoriz = "left"
2.882485000009183	EXP	target: alignVert = "center"
2.882485000009183	EXP	target: wrapWidth = 1
2.882485000009183	EXP	target: flipHoriz = false
2.882485000009183	EXP	target: flipVert = false
2.882485000009183	EXP	button_left: units = "height"
2.882485000009183	EXP	button_left: ori = 0
2.882485000009183	EXP	button_left: opacity = 1
2.882485000009183	EXP	button_left: pos = [-0.4,-0.3]
2.882485000009183	EXP	button_left: size = [1,1]
2.882485000009183	EXP	button_left: lineWidth = 1
2.882485000009183	EXP	button_left: lineColor = {"_hex":"#000000","_rgb":[0,0,0]}
2.882485000009183	EXP	button_left: fillColor = {"_hex":"#FFFFFF","_rgb":[1,1,1]}
2.882485000009183	EXP	button_left: vertices = [[-0.5,0],[0,0.5],[0.5,0]]
2.882485000009183	EXP	button_left: closeShape = true
2.882485000009183	EXP	button_left: contrast = 1
2.882485000009183	EXP	button_left: depth = -5
2.882485000009183	EXP	button_left: interpolate = true
2.882485000009183	EXP	button_left: width = 0.4
2.882485000009183	EXP	button_left: vertices = [[-0.2,null],[0.2,null],[0.2,null],[-0.2,null]]
2.882485000009183	EXP	button_left: height = 0.2
2.882485000009183	EXP	button_left: vertices = [[-0.2,-0.1],[0.2,-0.1],[0.2,0.1],[-0.2,0.1]]
2.882485000009183	EXP	button_left: vertices = [[-0.2,-0.1],[0.2,-0.1],[0.2,0.1],[-0.2,0.1]]
2.882485000009183	EXP	button_right: units = "height"
2.882485000009183	EXP	button_right: ori = 0
2.882485000009183	EXP	button_right: opacity = 1
2.882485000009183	EXP	button_right: pos = [0.4,-0.3]
2.882485000009183	EXP	button_right: size = [1,1]
2.882485000009183	EXP	button_right: lineWidth = 1
2.882485000009183	EXP	button_right: lineColor = {"_hex":"#000000","_rgb":[0,0,0]}
2.882485000009183	EXP	button_right: fillColor = {"_hex":"#FFFFFF","_rgb":[1,1,1]}
2.882485000009183	EXP	button_right: vertices = [[-0.5,0],[0,0.5],[0.5,0]]
2.882485000009183	EXP	button_right: closeShape = true
2.882485000009183	EXP	button_right: contrast = 1
2.882485000009183	EXP	button_right: depth = -6
2.882485000009183	EXP	button_right: interpolate = true
2.882485000009183	EXP	button_right: width = 0.4
2.882485000009183	EXP	button_right: vertices = [[-0.2,null],[0.2,null],[0.2,null],[-0.2,null]]
2.882485000009183	EXP	button_right: height = 0.2
2.882485000009183	EXP	button_right: vertices = [[-0.2,-0.1],[0.2,-0.1],[0.2,0.1],[-0.2,0.1]]
2.882485000009183	EXP	button_right: vertices = [[-0.2,-0.1],[0.2,-0.1],[0.2,0.1],[-0.2,0.1]]
2.882485000009183	EXP	trial_label_right: units = "height"
2.882485000009183	EXP	trial_label_right: ori = 0
2.882485000009183	EXP	trial_label_right: opacity = 1
2.882485000009183	EXP	trial_label_right: pos = [0.4,-0.3]
2.882485000009183	EXP	trial_label_right: size = undefined
2.882485000009183	EXP	trial_label_right: text = "l = Word"
2.882485000009183	EXP	trial_label_right: font = "Courier New"
2.882485000009183	EXP	trial_label_right: color = {"_hex":"#000000","_rgb":[0,0,0]}
2.882485000009183	EXP	trial_label_right: contrast = 1
2.882485000009183	EXP	trial_label_right: height = 0.05
2.882485000009183	EXP	trial_label_right: bold = false
2.882485000009183	EXP	trial_label_right: italic = false
2.882485000009183	EXP	trial_label_right: alignHoriz = "left"
2.882485000009183	EXP	trial_label_right: alignVert = "center"
2.882485000009183	EXP	trial_label_right: wrapWidth = 1
2.882485000009183	EXP	trial_label_right: flipHoriz = false
2.882485000009183	EXP	trial_label_right: flipVert = false
2.882485000009183	EXP	trial_label_left_new: units = "height"
2.882485000009183	EXP	trial_label_left_new: ori = 0
2.882485000009183	EXP	trial_label_left_new: opacity = 1
2.882485000009183	EXP	trial_label_left_new: pos = [-0.4,-0.3]
2.882485000009183	EXP	trial_label_left_new: size = undefined
2.882485000009183	EXP	trial_label_left_new: text = "a = Nonword"
2.882485000009183	EXP	trial_label_left_new: font = "Courier New"
2.882485000009183	EXP	trial_label_left_new: color = {"_hex":"#000000","_rgb":[0,0,0]}
2.882485000009183	EXP	trial_label_left_new: contrast = 1
2.882485000009183	EXP	trial_label_left_new: height = 0.05
2.882485000009183	EXP	trial_label_left_new: bold = false
2.882485000009183	EXP	trial_label_left_new: italic = false
2.882485000009183	EXP	trial_label_left_new: alignHoriz = "left"
2.882485000009183	EXP	trial_label_left_new: alignVert = "center"
2.882485000009183	EXP	trial_label_left_new: wrapWidth = 1
2.882485000009183	EXP	trial_label_left_new: flipHoriz = false
2.882485000009183	EXP	trial_label_left_new: flipVert = false
2.882485000009183	EXP	feedback_text: units = "height"
2.882485000009183	EXP	feedback_text: ori = 0
2.882485000009183	EXP	feedback_text: opacity = 1
2.882485000009183	EXP	feedback_text: pos = [0,0]
2.882485000009183	EXP	feedback_text: size = undefined
2.882485000009183	EXP	feedback_text: text = "default text"
2.882485000009183	EXP	feedback_text: font = "Courier New"
2.882485000009183	EXP	feedback_text: color = {"_hex":"#FFFFFF","_rgb":[1,1,1]}
2.882485000009183	EXP	feedback_text: contrast = 1
2.882485000009183	EXP	feedback_text: height = 0.05
2.882485000009183	EXP	feedback_text: bold = false
2.882485000009183	EXP	feedback_text: italic = false
2.882485000009183	EXP	feedback_text: alignHoriz = "left"
2.882485000009183	EXP	feedback_text: alignVert = "center"
2.882485000009183	EXP	feedback_text: wrapWidth = 1
2.882485000009183	EXP	feedback_text: flipHoriz = false
2.882485000009183	EXP	feedback_text: flipVert = false
2.882485000009183	EXP	button_left_2: units = "height"
2.882485000009183	EXP	button_left_2: ori = 0
2.882485000009183	EXP	button_left_2: opacity = 1
2.882485000009183	EXP	button_left_2: pos = [-0.4,-0.3]
2.882485000009183	EXP	button_left_2: size = [1,1]
2.882485000009183	EXP	button_left_2: lineWidth = 1
2.882485000009183	EXP	button_left_2: lineColor = {"_hex":"#000000","_rgb":[0,0,0]}
2.882485000009183	EXP	button_left_2: fillColor = {"_hex":"#FFFFFF","_rgb":[1,1,1]}
2.882485000009183	EXP	button_left_2: vertices = [[-0.5,0],[0,0.5],[0.5,0]]
2.882485000009183	EXP	button_left_2: closeShape = true
2.882485000009183	EXP	button_left_2: contrast = 1
2.882485000009183	EXP	button_left_2: depth = -2
2.882485000009183	EXP	button_left_2: interpolate = true
2.882485000009183	EXP	button_left_2: width = 0.4
2.882485000009183	EXP	button_left_2: vertices = [[-0.2,null],[0.2,null],[0.2,null],[-0.2,null]]
2.882485000009183	EXP	button_left_2: height = 0.2
2.882485000009183	EXP	button_left_2: vertices = [[-0.2,-0.1],[0.2,-0.1],[0.2,0.1],[-0.2,0.1]]
2.882485000009183	EXP	button_left_2: vertices = [[-0.2,-0.1],[0.2,-0.1],[0.2,0.1],[-0.2,0.1]]
2.882485000009183	EXP	button_right_2: units = "height"
2.882485000009183	EXP	button_right_2: ori = 0
2.882485000009183	EXP	button_right_2: opacity = 1
2.882485000009183	EXP	button_right_2: pos = [0.4,-0.3]
2.882485000009183	EXP	button_right_2: size = [1,1]
2.882485000009183	EXP	button_right_2: lineWidth = 1
2.882485000009183	EXP	button_right_2: lineColor = {"_hex":"#000000","_rgb":[0,0,0]}
2.882485000009183	EXP	button_right_2: fillColor = {"_hex":"#FFFFFF","_rgb":[1,1,1]}
2.882485000009183	EXP	button_right_2: vertices = [[-0.5,0],[0,0.5],[0.5,0]]
2.882485000009183	EXP	button_right_2: closeShape = true
2.882485000009183	EXP	button_right_2: contrast = 1
2.882485000009183	EXP	button_right_2: depth = -3
2.882485000009183	EXP	button_right_2: interpolate = true
2.882485000009183	EXP	button_right_2: width = 0.4
2.882485000009183	EXP	button_right_2: vertices = [[-0.2,null],[0.2,null],[0.2,null],[-0.2,null]]
2.882485000009183	EXP	button_right_2: height = 0.2
2.882485000009183	EXP	button_right_2: vertices = [[-0.2,-0.1],[0.2,-0.1],[0.2,0.1],[-0.2,0.1]]
2.882485000009183	EXP	button_right_2: vertices = [[-0.2,-0.1],[0.2,-0.1],[0.2,0.1],[-0.2,0.1]]
2.882485000009183	EXP	trial_label_left_2: units = "height"
2.882485000009183	EXP	trial_label_left_2: ori = 0
2.882485000009183	EXP	trial_label_left_2: opacity = 1
2.882485000009183	EXP	trial_label_left_2: pos = [-0.4,-0.3]
2.882485000009183	EXP	trial_label_left_2: size = undefined
2.882485000009183	EXP	trial_label_left_2: text = "a = Nonword"
2.882485000009183	EXP	trial_label_left_2: font = "Courier New"
2.882485000009183	EXP	trial_label_left_2: color = {"_hex":"#000000","_rgb":[0,0,0]}
2.882485000009183	EXP	trial_label_left_2: contrast = 1
2.882485000009183	EXP	trial_label_left_2: height = 0.05
2.882485000009183	EXP	trial_label_left_2: bold = false
2.882485000009183	EXP	trial_label_left_2: italic = false
2.882485000009183	EXP	trial_label_left_2: alignHoriz = "left"
2.882485000009183	EXP	trial_label_left_2: alignVert = "center"
2.882485000009183	EXP	trial_label_left_2: wrapWidth = 1
2.882485000009183	EXP	trial_label_left_2: flipHoriz = false
2.882485000009183	EXP	trial_label_left_2: flipVert = false
2.882485000009183	EXP	trial_label_right_2: units = "height"
2.882485000009183	EXP	trial_label_right_2: ori = 0
2.882485000009183	EXP	trial_label_right_2: opacity = 1
2.882485000009183	EXP	trial_label_right_2: pos = [0.4,-0.3]
2.882485000009183	EXP	trial_label_right_2: size = undefined
2.882485000009183	EXP	trial_label_right_2: text = "l = Word"
2.882485000009183	EXP	trial_label_right_2: font = "Courier New"
2.882485000009183	EXP	trial_label_right_2: color = {"_hex":"#000000","_rgb":[0,0,0]}
2.882485000009183	EXP	trial_label_right_2: contrast = 1
2.882485000009183	EXP	trial_label_right_2: height = 0.05
2.882485000009183	EXP	trial_label_right_2: bold = false
2.882485000009183	EXP	trial_label_right_2: italic = false
2.882485000009183	EXP	trial_label_right_2: alignHoriz = "left"
2.882485000009183	EXP	trial_label_right_2: alignVert = "center"
2.882485000009183	EXP	trial_label_right_2: wrapWidth = 1
2.882485000009183	EXP	trial_label_right_2: flipHoriz = false
2.882485000009183	EXP	trial_label_right_2: flipVert = false
2.882485000009183	EXP	instructions: units = "height"
2.882485000009183	EXP	instructions: ori = 0
2.882485000009183	EXP	instructions: opacity = 1
2.882485000009183	EXP	instructions: pos = [0,0]
2.882485000009183	EXP	instructions: size = undefined
2.882485000009183	EXP	instructions: text = "default text"
2.882485000009183	EXP	instructions: font = "Courier New"
2.882485000009183	EXP	instructions: color = {"_hex":"#000000","_rgb":[0,0,0]}
2.882485000009183	EXP	instructions: contrast = 1
2.882485000009183	EXP	instructions: height = 0.035
2.882485000009183	EXP	instructions: bold = false
2.882485000009183	EXP	instructions: italic = false
2.882485000009183	EXP	instructions: alignHoriz = "left"
2.882485000009183	EXP	instructions: alignVert = "center"
2.882485000009183	EXP	instructions: wrapWidth = 1
2.882485000009183	EXP	instructions: flipHoriz = false
2.882485000009183	EXP	instructions: flipVert = false
2.882485000009183	EXP	instr_done_button: units = "height"
2.882485000009183	EXP	instr_done_button: ori = 0
2.882485000009183	EXP	instr_done_button: opacity = 1
2.882485000009183	EXP	instr_done_button: pos = [0,-0.4]
2.882485000009183	EXP	instr_done_button: size = [1,1]
2.882485000009183	EXP	instr_done_button: lineWidth = 1
2.882485000009183	EXP	instr_done_button: lineColor = {"_hex":"#000000","_rgb":[0,0,0]}
2.882485000009183	EXP	instr_done_button: fillColor = {"_hex":"#FFFFFF","_rgb":[1,1,1]}
2.882485000009183	EXP	instr_done_button: vertices = [[-0.5,0],[0,0.5],[0.5,0]]
2.882485000009183	EXP	instr_done_button: closeShape = true
2.882485000009183	EXP	instr_done_button: contrast = 1
2.882485000009183	EXP	instr_done_button: depth = -2
2.882485000009183	EXP	instr_done_button: interpolate = true
2.882485000009183	EXP	instr_done_button: width = 0.4
2.882485000009183	EXP	instr_done_button: vertices = [[-0.2,null],[0.2,null],[0.2,null],[-0.2,null]]
2.882485000009183	EXP	instr_done_button: height = 0.1
2.882485000009183	EXP	instr_done_button: vertices = [[-0.2,-0.05],[0.2,-0.05],[0.2,0.05],[-0.2,0.05]]
2.882485000009183	EXP	instr_done_button: vertices = [[-0.2,-0.05],[0.2,-0.05],[0.2,0.05],[-0.2,0.05]]
2.882485000009183	EXP	instr_done_label: units = "height"
2.882485000009183	EXP	instr_done_label: ori = 0
2.882485000009183	EXP	instr_done_label: opacity = 1
2.882485000009183	EXP	instr_done_label: pos = [0,-0.4]
2.882485000009183	EXP	instr_done_label: size = undefined
2.882485000009183	EXP	instr_done_label: text = "Continue"
2.882485000009183	EXP	instr_done_label: font = "Courier New"
2.882485000009183	EXP	instr_done_label: color = {"_hex":"#000000","_rgb":[0,0,0]}
2.882485000009183	EXP	instr_done_label: contrast = 1
2.882485000009183	EXP	instr_done_label: height = 0.05
2.882485000009183	EXP	instr_done_label: bold = false
2.882485000009183	EXP	instr_done_label: italic = false
2.882485000009183	EXP	instr_done_label: alignHoriz = "left"
2.882485000009183	EXP	instr_done_label: alignVert = "center"
2.882485000009183	EXP	instr_done_label: wrapWidth = 1
2.882485000009183	EXP	instr_done_label: flipHoriz = false
2.882485000009183	EXP	instr_done_label: flipVert = false
2.882485000009183	EXP	fixation_mask: units = "height"
2.882485000009183	EXP	fixation_mask: ori = 0
2.882485000009183	EXP	fixation_mask: opacity = 1
2.882485000009183	EXP	fixation_mask: pos = [0,0]
2.882485000009183	EXP	fixation_mask: size = undefined
2.882485000009183	EXP	fixation_mask: text = "######"
2.882485000009183	EXP	fixation_mask: font = "Courier New"
2.882485000009183	EXP	fixation_mask: color = {"_hex":"#000000","_rgb":[0,0,0]}
2.882485000009183	EXP	fixation_mask: contrast = 1
2.882485000009183	EXP	fixation_mask: height = 0.1
2.882485000009183	EXP	fixation_mask: bold = false
2.882485000009183	EXP	fixation_mask: italic = false
2.882485000009183	EXP	fixation_mask: alignHoriz = "left"
2.882485000009183	EXP	fixation_mask: alignVert = "center"
2.882485000009183	EXP	fixation_mask: wrapWidth = 1
2.882485000009183	EXP	fixation_mask: flipHoriz = false
2.882485000009183	EXP	fixation_mask: flipVert = false
2.882485000009183	EXP	prime_text: units = "height"
2.882485000009183	EXP	prime_text: ori = 0
2.882485000009183	EXP	prime_text: opacity = 1
2.882485000009183	EXP	prime_text: pos = [0,0]
2.882485000009183	EXP	prime_text: size = undefined
2.882485000009183	EXP	prime_text: text = "default text"
2.882485000009183	EXP	prime_text: font = "Courier New"
2.882485000009183	EXP	prime_text: color = {"_hex":"#000000","_rgb":[0,0,0]}
2.882485000009183	EXP	prime_text: contrast = 1
2.882485000009183	EXP	prime_text: height = 0.1
2.882485000009183	EXP	prime_text: bold = false
2.882485000009183	EXP	prime_text: italic = false
2.882485000009183	EXP	prime_text: alignHoriz = "left"
2.882485000009183	EXP	prime_text: alignVert = "center"
2.882485000009183	EXP	prime_text: wrapWidth = 1
2.882485000009183	EXP	prime_text: flipHoriz = false
2.882485000009183	EXP	prime_text: flipVert = false
2.882485000009183	EXP	target: units = "height"
2.882485000009183	EXP	target: ori = 0
2.882485000009183	EXP	target: opacity = 1
2.882485000009183	EXP	target: pos = [0,0]
2.882485000009183	EXP	target: size = undefined
2.882485000009183	EXP	target: text = "default text"
2.882485000009183	EXP	target: font = "Arial"
2.882485000009183	EXP	target: color = {"_hex":"#000000","_rgb":[0,0,0]}
2.882485000009183	EXP	target: contrast = 1
2.882485000009183	EXP	target: height = 0.1
2.882485000009183	EXP	target: bold = false
2.882485000009183	EXP	target: italic = false
2.882485000009183	EXP	target: alignHoriz = "left"
2.882485000009183	EXP	target: alignVert = "center"
2.882485000009183	EXP	target: wrapWidth = 1
2.882485000009183	EXP	target: flipHoriz = false
2.882485000009183	EXP	target: flipVert = false
2.882485000009183	EXP	button_left: units = "height"
2.882485000009183	EXP	button_left: ori = 0
2.882485000009183	EXP	button_left: opacity = 1
2.882485000009183	EXP	button_left: pos = [-0.4,-0.3]
2.882485000009183	EXP	button_left: size = [1,1]
2.882485000009183	EXP	button_left: lineWidth = 1
2.882485000009183	EXP	button_left: lineColor = {"_hex":"#000000","_rgb":[0,0,0]}
2.882485000009183	EXP	button_left: fillColor = {"_hex":"#FFFFFF","_rgb":[1,1,1]}
2.882485000009183	EXP	button_left: vertices = [[-0.5,0],[0,0.5],[0.5,0]]
2.882485000009183	EXP	button_left: closeShape = true
2.882485000009183	EXP	button_left: contrast = 1
2.882485000009183	EXP	button_left: depth = -5
2.882485000009183	EXP	button_left: interpolate = true
2.882485000009183	EXP	button_left: width = 0.4
2.882485000009183	EXP	button_left: vertices = [[-0.2,null],[0.2,null],[0.2,null],[-0.2,null]]
2.882485000009183	EXP	button_left: height = 0.2
2.882485000009183	EXP	button_left: vertices = [[-0.2,-0.1],[0.2,-0.1],[0.2,0.1],[-0.2,0.1]]
2.882485000009183	EXP	button_left: vertices = [[-0.2,-0.1],[0.2,-0.1],[0.2,0.1],[-0.2,0.1]]
2.882485000009183	EXP	button_right: units = "height"
2.882485000009183	EXP	button_right: ori = 0
2.882485000009183	EXP	button_right: opacity = 1
2.882485000009183	EXP	button_right: pos = [0.4,-0.3]
2.882485000009183	EXP	button_right: size = [1,1]
2.882485000009183	EXP	button_right: lineWidth = 1
2.882485000009183	EXP	button_right: lineColor = {"_hex":"#000000","_rgb":[0,0,0]}
2.882485000009183	EXP	button_right: fillColor = {"_hex":"#FFFFFF","_rgb":[1,1,1]}
2.882485000009183	EXP	button_right: vertices = [[-0.5,0],[0,0.5],[0.5,0]]
2.882485000009183	EXP	button_right: closeShape = true
2.882485000009183	EXP	button_right: contrast = 1
2.882485000009183	EXP	button_right: depth = -6
2.882485000009183	EXP	button_right: interpolate = true
2.882485000009183	EXP	button_right: width = 0.4
2.882485000009183	EXP	button_right: vertices = [[-0.2,null],[0.2,null],[0.2,null],[-0.2,null]]
2.882485000009183	EXP	button_right: height = 0.2
2.882485000009183	EXP	button_right: vertices = [[-0.2,-0.1],[0.2,-0.1],[0.2,0.1],[-0.2,0.1]]
2.882485000009183	EXP	button_right: vertices = [[-0.2,-0.1],[0.2,-0.1],[0.2,0.1],[-0.2,0.1]]
2.882485000009183	EXP	trial_label_right: units = "height"
2.882485000009183	EXP	trial_label_right: ori = 0
2.882485000009183	EXP	trial_label_right: opacity = 1
2.882485000009183	EXP	trial_label_right: pos = [0.4,-0.3]
2.882485000009183	EXP	trial_label_right: size = undefined
2.882485000009183	EXP	trial_label_right: text = "l = Word"
2.882485000009183	EXP	trial_label_right: font = "Courier New"
2.882485000009183	EXP	trial_label_right: color = {"_hex":"#000000","_rgb":[0,0,0]}
2.882485000009183	EXP	trial_label_right: contrast = 1
2.882485000009183	EXP	trial_label_right: height = 0.05
2.882485000009183	EXP	trial_label_right: bold = false
2.882485000009183	EXP	trial_label_right: italic = false
2.882485000009183	EXP	trial_label_right: alignHoriz = "left"
2.882485000009183	EXP	trial_label_right: alignVert = "center"
2.882485000009183	EXP	trial_label_right: wrapWidth = 1
2.882485000009183	EXP	trial_label_right: flipHoriz = false
2.882485000009183	EXP	trial_label_right: flipVert = false
2.882485000009183	EXP	trial_label_left_new: units = "height"
2.882485000009183	EXP	trial_label_left_new: ori = 0
2.882485000009183	EXP	trial_label_left_new: opacity = 1
2.882485000009183	EXP	trial_label_left_new: pos = [-0.4,-0.3]
2.882485000009183	EXP	trial_label_left_new: size = undefined
2.882485000009183	EXP	trial_label_left_new: text = "a = Nonword"
2.882485000009183	EXP	trial_label_left_new: font = "Courier New"
2.882485000009183	EXP	trial_label_left_new: color = {"_hex":"#000000","_rgb":[0,0,0]}
2.882485000009183	EXP	trial_label_left_new: contrast = 1
2.882485000009183	EXP	trial_label_left_new: height = 0.05
2.882485000009183	EXP	trial_label_left_new: bold = false
2.882485000009183	EXP	trial_label_left_new: italic = false
2.882485000009183	EXP	trial_label_left_new: alignHoriz = "left"
2.882485000009183	EXP	trial_label_left_new: alignVert = "center"
2.882485000009183	EXP	trial_label_left_new: wrapWidth = 1
2.882485000009183	EXP	trial_label_left_new: flipHoriz = false
2.882485000009183	EXP	trial_label_left_new: flipVert = false
2.882485000009183	EXP	feedback_text: units = "height"
2.882485000009183	EXP	feedback_text: ori = 0
2.882485000009183	EXP	feedback_text: opacity = 1
2.882485000009183	EXP	feedback_text: pos = [0,0]
2.882485000009183	EXP	feedback_text: size = undefined
2.882485000009183	EXP	feedback_text: text = "default text"
2.882485000009183	EXP	feedback_text: font = "Courier New"
2.882485000009183	EXP	feedback_text: color = {"_hex":"#FFFFFF","_rgb":[1,1,1]}
2.882485000009183	EXP	feedback_text: contrast = 1
2.882485000009183	EXP	feedback_text: height = 0.05
2.882485000009183	EXP	feedback_text: bold = false
2.882485000009183	EXP	feedback_text: italic = false
2.882485000009183	EXP	feedback_text: alignHoriz = "left"
2.882485000009183	EXP	feedback_text: alignVert = "center"
2.882485000009183	EXP	feedback_text: wrapWidth = 1
2.882485000009183	EXP	feedback_text: flipHoriz = false
2.882485000009183	EXP	feedback_text: flipVert = false
2.882485000009183	EXP	button_left_2: units = "height"
2.882485000009183	EXP	button_left_2: ori = 0
2.882485000009183	EXP	button_left_2: opacity = 1
2.882485000009183	EXP	button_left_2: pos = [-0.4,-0.3]
2.882485000009183	EXP	button_left_2: size = [1,1]
2.882485000009183	EXP	button_left_2: lineWidth = 1
2.882485000009183	EXP	button_left_2: lineColor = {"_hex":"#000000","_rgb":[0,0,0]}
2.882485000009183	EXP	button_left_2: fillColor = {"_hex":"#FFFFFF","_rgb":[1,1,1]}
2.882485000009183	EXP	button_left_2: vertices = [[-0.5,0],[0,0.5],[0.5,0]]
2.882485000009183	EXP	button_left_2: closeShape = true
2.882485000009183	EXP	button_left_2: contrast = 1
2.882485000009183	EXP	button_left_2: depth = -2
2.882485000009183	EXP	button_left_2: interpolate = true
2.882485000009183	EXP	button_left_2: width = 0.4
2.882485000009183	EXP	button_left_2: vertices = [[-0.2,null],[0.2,null],[0.2,null],[-0.2,null]]
2.882485000009183	EXP	button_left_2: height = 0.2
2.882485000009183	EXP	button_left_2: vertices = [[-0.2,-0.1],[0.2,-0.1],[0.2,0.1],[-0.2,0.1]]
2.882485000009183	EXP	button_left_2: vertices = [[-0.2,-0.1],[0.2,-0.1],[0.2,0.1],[-0.2,0.1]]
2.882485000009183	EXP	button_right_2: units = "height"
2.882485000009183	EXP	button_right_2: ori = 0
2.882485000009183	EXP	button_right_2: opacity = 1
2.882485000009183	EXP	button_right_2: pos = [0.4,-0.3]
2.882485000009183	EXP	button_right_2: size = [1,1]
2.882485000009183	EXP	button_right_2: lineWidth = 1
2.882485000009183	EXP	button_right_2: lineColor = {"_hex":"#000000","_rgb":[0,0,0]}
2.882485000009183	EXP	button_right_2: fillColor = {"_hex":"#FFFFFF","_rgb":[1,1,1]}
2.882485000009183	EXP	button_right_2: vertices = [[-0.5,0],[0,0.5],[0.5,0]]
2.882485000009183	EXP	button_right_2: closeShape = true
2.882485000009183	EXP	button_right_2: contrast = 1
2.882485000009183	EXP	button_right_2: depth = -3
2.882485000009183	EXP	button_right_2: interpolate = true
2.882485000009183	EXP	button_right_2: width = 0.4
2.882485000009183	EXP	button_right_2: vertices = [[-0.2,null],[0.2,null],[0.2,null],[-0.2,null]]
2.882485000009183	EXP	button_right_2: height = 0.2
2.882485000009183	EXP	button_right_2: vertices = [[-0.2,-0.1],[0.2,-0.1],[0.2,0.1],[-0.2,0.1]]
2.882485000009183	EXP	button_right_2: vertices = [[-0.2,-0.1],[0.2,-0.1],[0.2,0.1],[-0.2,0.1]]
2.882485000009183	EXP	trial_label_left_2: units = "height"
2.882485000009183	EXP	trial_label_left_2: ori = 0
2.882485000009183	EXP	trial_label_left_2: opacity = 1
2.882485000009183	EXP	trial_label_left_2: pos = [-0.4,-0.3]
2.882485000009183	EXP	trial_label_left_2: size = undefined
2.882485000009183	EXP	trial_label_left_2: text = "a = Nonword"
2.882485000009183	EXP	trial_label_left_2: font = "Courier New"
2.882485000009183	EXP	trial_label_left_2: color = {"_hex":"#000000","_rgb":[0,0,0]}
2.882485000009183	EXP	trial_label_left_2: contrast = 1
2.882485000009183	EXP	trial_label_left_2: height = 0.05
2.882485000009183	EXP	trial_label_left_2: bold = false
2.882485000009183	EXP	trial_label_left_2: italic = false
2.882485000009183	EXP	trial_label_left_2: alignHoriz = "left"
2.882485000009183	EXP	trial_label_left_2: alignVert = "center"
2.882485000009183	EXP	trial_label_left_2: wrapWidth = 1
2.882485000009183	EXP	trial_label_left_2: flipHoriz = false
2.882485000009183	EXP	trial_label_left_2: flipVert = false
2.882485000009183	EXP	trial_label_right_2: units = "height"
2.882485000009183	EXP	trial_label_right_2: ori = 0
2.882485000009183	EXP	trial_label_right_2: opacity = 1
2.882485000009183	EXP	trial_label_right_2: pos = [0.4,-0.3]
2.882485000009183	EXP	trial_label_right_2: size = undefined
2.882485000009183	EXP	trial_label_right_2: text = "l = Word"
2.882485000009183	EXP	trial_label_right_2: font = "Courier New"
2.882485000009183	EXP	trial_label_right_2: color = {"_hex":"#000000","_rgb":[0,0,0]}
2.882485000009183	EXP	trial_label_right_2: contrast = 1
2.882485000009183	EXP	trial_label_right_2: height = 0.05
2.882485000009183	EXP	trial_label_right_2: bold = false
2.882485000009183	EXP	trial_label_right_2: italic = false
2.882485000009183	EXP	trial_label_right_2: alignHoriz = "left"
2.882485000009183	EXP	trial_label_right_2: alignVert = "center"
2.882485000009183	EXP	trial_label_right_2: wrapWidth = 1
2.882485000009183	EXP	trial_label_right_2: flipHoriz = false
2.882485000009183	EXP	trial_label_right_2: flipVert = false
2.882485000009183	EXP	break_text: units = "height"
2.882485000009183	EXP	break_text: ori = 0
2.882485000009183	EXP	break_text: opacity = 1
2.882485000009183	EXP	break_text: pos = [0,0]
2.882485000009183	EXP	break_text: size = undefined
2.882485000009183	EXP	break_text: text = "default text"
2.882485000009183	EXP	break_text: font = "Courier New"
2.882485000009183	EXP	break_text: color = {"_hex":"#000000","_rgb":[0,0,0]}
2.882485000009183	EXP	break_text: contrast = 1
2.882485000009183	EXP	break_text: height = 0.05
2.882485000009183	EXP	break_text: bold = false
2.882485000009183	EXP	break_text: italic = false
2.882485000009183	EXP	break_text: alignHoriz = "left"
2.882485000009183	EXP	break_text: alignVert = "center"
2.882485000009183	EXP	break_text: wrapWidth = 1
2.882485000009183	EXP	break_text: flipHoriz = false
2.882485000009183	EXP	break_text: flipVert = false
2.882485000009183	EXP	break_done_button: units = "height"
2.882485000009183	EXP	break_done_button: ori = 0
2.882485000009183	EXP	break_done_button: opacity = 1
2.882485000009183	EXP	break_done_button: pos = [0,-0.4]
2.882485000009183	EXP	break_done_button: size = [1,1]
2.882485000009183	EXP	break_done_button: lineWidth = 1
2.882485000009183	EXP	break_done_button: lineColor = {"_hex":"#000000","_rgb":[0,0,0]}
2.882485000009183	EXP	break_done_button: fillColor = {"_hex":"#FFFFFF","_rgb":[1,1,1]}
2.882485000009183	EXP	break_done_button: vertices = [[-0.5,0],[0,0.5],[0.5,0]]
2.882485000009183	EXP	break_done_button: closeShape = true
2.882485000009183	EXP	break_done_button: contrast = 1
2.882485000009183	EXP	break_done_button: depth = -4
2.882485000009183	EXP	break_done_button: interpolate = true
2.882485000009183	EXP	break_done_button: width = 0.4
2.882485000009183	EXP	break_done_button: vertices = [[-0.2,null],[0.2,null],[0.2,null],[-0.2,null]]
2.882485000009183	EXP	break_done_button: height = 0.1
2.882485000009183	EXP	break_done_button: vertices = [[-0.2,-0.05],[0.2,-0.05],[0.2,0.05],[-0.2,0.05]]
2.882485000009183	EXP	break_done_button: vertices = [[-0.2,-0.05],[0.2,-0.05],[0.2,0.05],[-0.2,0.05]]
2.882485000009183	EXP	break_done_button_label: units = "height"
2.882485000009183	EXP	break_done_button_label: ori = 0
2.882485000009183	EXP	break_done_button_label: opacity = 1
2.882485000009183	EXP	break_done_button_label: pos = [0,-0.4]
2.882485000009183	EXP	break_done_button_label: size = undefined
2.882485000009183	EXP	break_done_button_label: text = "Continue"
2.882485000009183	EXP	break_done_button_label: font = "Courier New"
2.882485000009183	EXP	break_done_button_label: color = {"_hex":"#000000","_rgb":[0,0,0]}
2.882485000009183	EXP	break_done_button_label: contrast = 1
2.882485000009183	EXP	break_done_button_label: height = 0.05
2.882485000009183	EXP	break_done_button_label: bold = false
2.882485000009183	EXP	break_done_button_label: italic = false
2.882485000009183	EXP	break_done_button_label: alignHoriz = "left"
2.882485000009183	EXP	break_done_button_label: alignVert = "center"
2.882485000009183	EXP	break_done_button_label: wrapWidth = 1
2.882485000009183	EXP	break_done_button_label: flipHoriz = false
2.882485000009183	EXP	break_done_button_label: flipVert = false
2.882485000009183	EXP	thank_you: units = "height"
2.882485000009183	EXP	thank_you: ori = 0
2.882485000009183	EXP	thank_you: opacity = 1
2.882485000009183	EXP	thank_you: pos = [0,0]
2.882485000009183	EXP	thank_you: size = undefined
2.882485000009183	EXP	thank_you: text = "This is the end of the experiment.\n\nPlease do not close this window until you have been redirected to the debriefing page. \n\nYou must go to the debriefing page in order to receive your participation credit."
2.882485000009183	EXP	thank_you: font = "Courier New"
2.882485000009183	EXP	thank_you: color = {"_hex":"#000000","_rgb":[0,0,0]}
2.882485000009183	EXP	thank_you: contrast = 1
2.882485000009183	EXP	thank_you: height = 1
2.882485000009183	EXP	thank_you: bold = false
2.882485000009183	EXP	thank_you: italic = false
2.882485000009183	EXP	thank_you: alignHoriz = "left"
2.882485000009183	EXP	thank_you: alignVert = "center"
2.882485000009183	EXP	thank_you: wrapWidth = 1
2.882485000009183	EXP	thank_you: flipHoriz = false
2.882485000009183	EXP	thank_you: flipVert = false
2.882485000009183	EXP	instructions: text = "INSTRUCTIONS\r\nAt the start of each trial, look at the hash marks (######) in the center of the screen. After a moment, a string of letters will appear. Your task is to indicate if the letter string forms a word or not (i.e., if it is a nonword). For example, AUTHOR is a word while AUTHON is a nonword.\r\n\r\nPress the space bar or click the button below to continue."
2.882485000009183	EXP	instructions: autoDraw = true
2.882485000009183	EXP	instr_done_button: autoDraw = true
2.882485000009183	EXP	instr_done_label: autoDraw = true
4.1605649999692105	DATA	Mouse: wheel shift=(-100,0), pos=(962,950)
4.903569999965839	DATA	Mouse: 0 button down, pos=(912,1005)
4.925210000015795	EXP	instructions: autoDraw = false
4.925210000015795	EXP	instr_done_button: autoDraw = false
4.925210000015795	EXP	instr_done_label: autoDraw = false
4.925210000015795	EXP	instructions: text = "If your device has a keyboard, press the 'a' key for nonwords and the 'l' key for words. If your device does not have a keyboard, touch the left button on the screen for nonwords and the right button for words. Do not use the mouse as this will slow down your response. \r\n\r\nPress the space bar or click the button below to continue."
4.925210000015795	EXP	instructions: autoDraw = true
4.925210000015795	EXP	instr_done_button: autoDraw = true
4.925210000015795	EXP	instr_done_label: autoDraw = true
5.004115000017919	DATA	Mouse: 0 button down, pos=(912,1005)
5.690364999987651	DATA	Mouse: 0 button down, pos=(910,994)
5.707890000019688	EXP	instructions: autoDraw = false
5.707890000019688	EXP	instr_done_button: autoDraw = false
5.707890000019688	EXP	instr_done_label: autoDraw = false
5.707890000019688	EXP	instructions: text = "It is very important that you respond as quickly and accurately as possible, as each letter string will only be on the screen for two seconds. If you do not respond within this time, the message 'Too slow!' will be displayed and the experiment will progress to the next letter string. The first 20 trials will be practice trials and you will receive feedback on your answers. \r\n\r\nPress the space bar or touch the button below to start the practice trials."
5.707890000019688	EXP	instructions: autoDraw = true
5.707890000019688	EXP	instr_done_button: autoDraw = true
5.707890000019688	EXP	instr_done_label: autoDraw = true
5.824380000005476	DATA	Mouse: 0 button down, pos=(910,994)
6.410740000021178	DATA	Mouse: 0 button down, pos=(910,990)
6.523419999983162	EXP	instructions: autoDraw = false
6.523419999983162	EXP	instr_done_button: autoDraw = false
6.523419999983162	EXP	instr_done_label: autoDraw = false
6.523419999983162	EXP	prime_text: text = "abound"
6.523419999983162	EXP	target: text = "SQUEAK"
6.523419999983162	EXP	target: font = "Courier New"
6.523419999983162	EXP	fixation_mask: autoDraw = true
6.523419999983162	EXP	button_left: autoDraw = true
6.523419999983162	EXP	button_right: autoDraw = true
6.523419999983162	EXP	trial_label_right: autoDraw = true
6.523419999983162	EXP	trial_label_left_new: autoDraw = true
6.555739999981597	DATA	Mouse: 0 button down, pos=(910,990)
7.000765000004321	EXP	fixation_mask: autoDraw = false
7.020439999992959	EXP	prime_text: autoDraw = true
7.0341800000169314	EXP	prime_text: autoDraw = false
7.053674999973737	EXP	target: autoDraw = true
7.7386899999692105	DATA	Mouse: 0 button down, pos=(1363,866)
7.7566099999821745	EXP	fixation_mask: autoDraw = false
7.7566099999821745	EXP	prime_text: autoDraw = false
7.7566099999821745	EXP	target: autoDraw = false
7.7566099999821745	EXP	button_left: autoDraw = false
7.7566099999821745	EXP	button_right: autoDraw = false
7.7566099999821745	EXP	trial_label_right: autoDraw = false
7.7566099999821745	EXP	trial_label_left_new: autoDraw = false
7.7566099999821745	EXP	feedback_text: color = {"_hex":"#008000","_rgb":[0,0.5019607843137255,0]}
7.7566099999821745	EXP	feedback_text: text = "Correct"
7.7566099999821745	EXP	feedback_text: autoDraw = true
7.7566099999821745	EXP	button_left_2: autoDraw = true
7.7566099999821745	EXP	button_right_2: autoDraw = true
7.7566099999821745	EXP	trial_label_left_2: autoDraw = true
7.7566099999821745	EXP	trial_label_right_2: autoDraw = true
7.826795000000857	DATA	Mouse: 0 button down, pos=(1363,866)
8.25134000001708	EXP	feedback_text: autoDraw = false
8.25134000001708	EXP	button_left_2: autoDraw = false
8.25134000001708	EXP	button_right_2: autoDraw = false
8.25134000001708	EXP	trial_label_left_2: autoDraw = false
8.25134000001708	EXP	trial_label_right_2: autoDraw = false
8.25134000001708	EXP	feedback_text: autoDraw = false
8.25134000001708	EXP	button_left_2: autoDraw = false
8.25134000001708	EXP	button_right_2: autoDraw = false
8.25134000001708	EXP	trial_label_left_2: autoDraw = false
8.25134000001708	EXP	trial_label_right_2: autoDraw = false
8.25134000001708	EXP	prime_text: text = "adjust"
8.25134000001708	EXP	target: text = "ADJUST"
8.25134000001708	EXP	target: font = "Courier New"
8.25134000001708	EXP	fixation_mask: autoDraw = true
8.25134000001708	EXP	button_left: autoDraw = true
8.25134000001708	EXP	button_right: autoDraw = true
8.25134000001708	EXP	trial_label_right: autoDraw = true
8.25134000001708	EXP	trial_label_left_new: autoDraw = true
8.751319999981206	EXP	fixation_mask: autoDraw = false
8.768745000008494	EXP	prime_text: autoDraw = true
8.784960000019055	EXP	prime_text: autoDraw = false
8.802060000016354	EXP	target: autoDraw = true
9.5189900000114	DATA	Keydown: Escape
