0.13200000000000012	EXP	Created Window = Window( name=Window, fullscr=true, color=#808080, units=height, waitBlanking=true, autoLog=true, size=[1262,641] )
10.248	DATA	Keydown: Shift
10.362	DATA	Keydown: P
10.592	DATA	Keydown: a
11.024	DATA	Keydown: Backspace
11.124	DATA	Keydown: Backspace
11.274	DATA	Keydown: Backspace
11.413	DATA	Keydown: Backspace
11.558	DATA	Keydown: Backspace
11.690999999999999	DATA	Keydown: Backspace
11.793	DATA	Keydown: Backspace
12.278	DATA	Keydown: Shift
12.529	DATA	Keydown: P
12.706999999999999	DATA	Keydown: a
12.813	DATA	Keydown: b
13.020999999999999	DATA	Keydown: l
13.182	DATA	Keydown: o
14.326999999999998	EXP	Created instructions = TextStim( name=instructions, win=Window( name=Window, fullscr=true, color=#808080, ~), autoDraw=null, autoLog=true, units=height, ori=null, opacity=1, pos=[0,0], size=undefined, text=default text, font=Arial, color=#FFFFFF, contrast=1, height=0.035, bold=null, italic=null, alignHoriz=left, alignVert=center, wrapWidth=1, flipHoriz=null, flipVert=null )
14.331	EXP	Created instr_done_button = Rect( name=instr_done_button, win=Window( name=Window, fullscr=true, color=#808080, ~), autoDraw=null, autoLog=true, units=height, ori=null, opacity=1, pos=[0,-0.4], size=[1,1], lineWidth=1, lineColor=#006400, fillColor=#90EE90, vertices=[[-0.2,-0.05],[0.2,-0.05],[0.2,0.05],[-0.2,0.05]], closeShape=true, contrast=1, depth=-2, interpolate=true, width=0.4, height=0.1 )
14.332999999999998	EXP	Created instr_done_label = TextStim( name=instr_done_label, win=Window( name=Window, fullscr=true, color=#808080, ~), autoDraw=null, autoLog=true, units=height, ori=null, opacity=1, pos=[0,-0.4], size=undefined, text=Continue, font=Arial, color=#006400, contrast=1, height=0.05, bold=null, italic=null, alignHoriz=left, alignVert=center, wrapWidth=1, flipHoriz=null, flipVert=null )
14.334	EXP	Created fixation_mask = TextStim( name=fixation_mask, win=Window( name=Window, fullscr=true, color=#808080, ~), autoDraw=null, autoLog=true, units=height, ori=null, opacity=1, pos=[0,0], size=undefined, text=default text, font=Arial, color=#FFFFFF, contrast=1, height=0.1, bold=null, italic=null, alignHoriz=left, alignVert=center, wrapWidth=1, flipHoriz=null, flipVert=null )
14.335	EXP	Created prime_text = TextStim( name=prime_text, win=Window( name=Window, fullscr=true, color=#808080, ~), autoDraw=null, autoLog=true, units=height, ori=null, opacity=1, pos=[0,0], size=undefined, text=default text, font=Arial, color=#FFFFFF, contrast=1, height=0.1, bold=null, italic=null, alignHoriz=left, alignVert=center, wrapWidth=1, flipHoriz=null, flipVert=null )
14.335999999999999	EXP	Created target = TextStim( name=target, win=Window( name=Window, fullscr=true, color=#808080, ~), autoDraw=null, autoLog=true, units=height, ori=null, opacity=1, pos=[0,0], size=undefined, text=default text, font=Arial, color=#FFFFFF, contrast=1, height=0.1, bold=null, italic=null, alignHoriz=left, alignVert=center, wrapWidth=1, flipHoriz=null, flipVert=null )
14.337	EXP	Created button_left = Rect( name=button_left, win=Window( name=Window, fullscr=true, color=#808080, ~), autoDraw=null, autoLog=true, units=height, ori=null, opacity=1, pos=[-0.4,-0.3], size=[1,1], lineWidth=1, lineColor=#006400, fillColor=#90EE90, vertices=[[-0.2,-0.1],[0.2,-0.1],[0.2,0.1],[-0.2,0.1]], closeShape=true, contrast=1, depth=-5, interpolate=true, width=0.4, height=0.2 )
14.338999999999999	EXP	Created button_right = Rect( name=button_right, win=Window( name=Window, fullscr=true, color=#808080, ~), autoDraw=null, autoLog=true, units=height, ori=null, opacity=1, pos=[0.4,-0.3], size=[1,1], lineWidth=1, lineColor=#006400, fillColor=#90EE90, vertices=[[-0.2,-0.1],[0.2,-0.1],[0.2,0.1],[-0.2,0.1]], closeShape=true, contrast=1, depth=-6, interpolate=true, width=0.4, height=0.2 )
14.338999999999999	EXP	Created trial_label_left = TextStim( name=trial_label_left, win=Window( name=Window, fullscr=true, color=#808080, ~), autoDraw=null, autoLog=true, units=height, ori=null, opacity=1, pos=[-0.4,-0.3], size=undefined, text=Nonword, font=Arial, color=#006400, contrast=1, height=0.05, bold=null, italic=null, alignHoriz=left, alignVert=center, wrapWidth=1, flipHoriz=null, flipVert=null )
14.34	EXP	Created trial_label_right = TextStim( name=trial_label_right, win=Window( name=Window, fullscr=true, color=#808080, ~), autoDraw=null, autoLog=true, units=height, ori=null, opacity=1, pos=[0.4,-0.3], size=undefined, text=Word, font=Arial, color=#006400, contrast=1, height=0.05, bold=null, italic=null, alignHoriz=left, alignVert=center, wrapWidth=1, flipHoriz=null, flipVert=null )
14.341000000000001	EXP	Created feedback_text = TextStim( name=feedback_text, win=Window( name=Window, fullscr=true, color=#808080, ~), autoDraw=null, autoLog=true, units=height, ori=null, opacity=1, pos=[0,0], size=undefined, text=default text, font=Arial, color=#FFFFFF, contrast=1, height=0.1, bold=null, italic=null, alignHoriz=left, alignVert=center, wrapWidth=1, flipHoriz=null, flipVert=null )
14.341000000000001	EXP	Created instructions = TextStim( name=instructions, win=Window( name=Window, fullscr=true, color=#808080, ~), autoDraw=null, autoLog=true, units=height, ori=null, opacity=1, pos=[0,0], size=undefined, text=default text, font=Arial, color=#FFFFFF, contrast=1, height=0.035, bold=null, italic=null, alignHoriz=left, alignVert=center, wrapWidth=1, flipHoriz=null, flipVert=null )
14.341999999999999	EXP	Created instr_done_button = Rect( name=instr_done_button, win=Window( name=Window, fullscr=true, color=#808080, ~), autoDraw=null, autoLog=true, units=height, ori=null, opacity=1, pos=[0,-0.4], size=[1,1], lineWidth=1, lineColor=#006400, fillColor=#90EE90, vertices=[[-0.2,-0.05],[0.2,-0.05],[0.2,0.05],[-0.2,0.05]], closeShape=true, contrast=1, depth=-2, interpolate=true, width=0.4, height=0.1 )
14.343	EXP	Created instr_done_label = TextStim( name=instr_done_label, win=Window( name=Window, fullscr=true, color=#808080, ~), autoDraw=null, autoLog=true, units=height, ori=null, opacity=1, pos=[0,-0.4], size=undefined, text=Continue, font=Arial, color=#006400, contrast=1, height=0.05, bold=null, italic=null, alignHoriz=left, alignVert=center, wrapWidth=1, flipHoriz=null, flipVert=null )
14.344000000000001	EXP	Created fixation_mask = TextStim( name=fixation_mask, win=Window( name=Window, fullscr=true, color=#808080, ~), autoDraw=null, autoLog=true, units=height, ori=null, opacity=1, pos=[0,0], size=undefined, text=default text, font=Arial, color=#FFFFFF, contrast=1, height=0.1, bold=null, italic=null, alignHoriz=left, alignVert=center, wrapWidth=1, flipHoriz=null, flipVert=null )
14.344000000000001	EXP	Created prime_text = TextStim( name=prime_text, win=Window( name=Window, fullscr=true, color=#808080, ~), autoDraw=null, autoLog=true, units=height, ori=null, opacity=1, pos=[0,0], size=undefined, text=default text, font=Arial, color=#FFFFFF, contrast=1, height=0.1, bold=null, italic=null, alignHoriz=left, alignVert=center, wrapWidth=1, flipHoriz=null, flipVert=null )
14.344999999999999	EXP	Created target = TextStim( name=target, win=Window( name=Window, fullscr=true, color=#808080, ~), autoDraw=null, autoLog=true, units=height, ori=null, opacity=1, pos=[0,0], size=undefined, text=default text, font=Arial, color=#FFFFFF, contrast=1, height=0.1, bold=null, italic=null, alignHoriz=left, alignVert=center, wrapWidth=1, flipHoriz=null, flipVert=null )
14.346	EXP	Created button_left = Rect( name=button_left, win=Window( name=Window, fullscr=true, color=#808080, ~), autoDraw=null, autoLog=true, units=height, ori=null, opacity=1, pos=[-0.4,-0.3], size=[1,1], lineWidth=1, lineColor=#006400, fillColor=#90EE90, vertices=[[-0.2,-0.1],[0.2,-0.1],[0.2,0.1],[-0.2,0.1]], closeShape=true, contrast=1, depth=-5, interpolate=true, width=0.4, height=0.2 )
14.347000000000001	EXP	Created button_right = Rect( name=button_right, win=Window( name=Window, fullscr=true, color=#808080, ~), autoDraw=null, autoLog=true, units=height, ori=null, opacity=1, pos=[0.4,-0.3], size=[1,1], lineWidth=1, lineColor=#006400, fillColor=#90EE90, vertices=[[-0.2,-0.1],[0.2,-0.1],[0.2,0.1],[-0.2,0.1]], closeShape=true, contrast=1, depth=-6, interpolate=true, width=0.4, height=0.2 )
14.347999999999999	EXP	Created trial_label_left = TextStim( name=trial_label_left, win=Window( name=Window, fullscr=true, color=#808080, ~), autoDraw=null, autoLog=true, units=height, ori=null, opacity=1, pos=[-0.4,-0.3], size=undefined, text=Nonword, font=Arial, color=#006400, contrast=1, height=0.05, bold=null, italic=null, alignHoriz=left, alignVert=center, wrapWidth=1, flipHoriz=null, flipVert=null )
14.347999999999999	EXP	Created trial_label_right = TextStim( name=trial_label_right, win=Window( name=Window, fullscr=true, color=#808080, ~), autoDraw=null, autoLog=true, units=height, ori=null, opacity=1, pos=[0.4,-0.3], size=undefined, text=Word, font=Arial, color=#006400, contrast=1, height=0.05, bold=null, italic=null, alignHoriz=left, alignVert=center, wrapWidth=1, flipHoriz=null, flipVert=null )
14.349	EXP	Created timing_feedback = TextStim( name=timing_feedback, win=Window( name=Window, fullscr=true, color=#808080, ~), autoDraw=null, autoLog=true, units=height, ori=null, opacity=1, pos=[0,0], size=undefined, text=Too slow!, font=vera, color=#FFFFFF, contrast=1, height=0.1, bold=null, italic=null, alignHoriz=left, alignVert=center, wrapWidth=1, flipHoriz=null, flipVert=null )
14.349	EXP	Created thank_you = TextStim( name=thank_you, win=Window( name=Window, fullscr=true, color=#808080, ~), autoDraw=null, autoLog=true, units=height, ori=null, opacity=1, pos=[0,0], size=undefined, text=This is the end of the experiment.

You will now b~, font=vera, color=#FFFFFF, contrast=1, height=1, bold=null, italic=null, alignHoriz=left, alignVert=center, wrapWidth=1, flipHoriz=null, flipVert=null )
14.591999999999999	EXP	instructions: units = "height"
14.591999999999999	EXP	instructions: ori = 0
14.591999999999999	EXP	instructions: opacity = 1
14.591999999999999	EXP	instructions: pos = [0,0]
14.591999999999999	EXP	instructions: size = undefined
14.591999999999999	EXP	instructions: text = "default text"
14.591999999999999	EXP	instructions: font = "Arial"
14.591999999999999	EXP	instructions: color = {"_hex":"#FFFFFF","_rgb":[1,1,1]}
14.591999999999999	EXP	instructions: contrast = 1
14.591999999999999	EXP	instructions: height = 0.035
14.591999999999999	EXP	instructions: bold = false
14.591999999999999	EXP	instructions: italic = false
14.591999999999999	EXP	instructions: alignHoriz = "left"
14.591999999999999	EXP	instructions: alignVert = "center"
14.591999999999999	EXP	instructions: wrapWidth = 1
14.591999999999999	EXP	instructions: flipHoriz = false
14.591999999999999	EXP	instructions: flipVert = false
14.591999999999999	EXP	instr_done_button: units = "height"
14.591999999999999	EXP	instr_done_button: ori = 0
14.591999999999999	EXP	instr_done_button: opacity = 1
14.591999999999999	EXP	instr_done_button: pos = [0,-0.4]
14.591999999999999	EXP	instr_done_button: size = [1,1]
14.591999999999999	EXP	instr_done_button: lineWidth = 1
14.591999999999999	EXP	instr_done_button: lineColor = {"_hex":"#006400","_rgb":[0,0.39215686274509803,0]}
14.591999999999999	EXP	instr_done_button: fillColor = {"_hex":"#90EE90","_rgb":[0.5647058823529412,0.9333333333333333,0.5647058823529412]}
14.591999999999999	EXP	instr_done_button: vertices = [[-0.5,0],[0,0.5],[0.5,0]]
14.591999999999999	EXP	instr_done_button: closeShape = true
14.591999999999999	EXP	instr_done_button: contrast = 1
14.591999999999999	EXP	instr_done_button: depth = -2
14.591999999999999	EXP	instr_done_button: interpolate = true
14.591999999999999	EXP	instr_done_button: width = 0.4
14.591999999999999	EXP	instr_done_button: vertices = [[-0.2,null],[0.2,null],[0.2,null],[-0.2,null]]
14.591999999999999	EXP	instr_done_button: height = 0.1
14.591999999999999	EXP	instr_done_button: vertices = [[-0.2,-0.05],[0.2,-0.05],[0.2,0.05],[-0.2,0.05]]
14.591999999999999	EXP	instr_done_button: vertices = [[-0.2,-0.05],[0.2,-0.05],[0.2,0.05],[-0.2,0.05]]
14.591999999999999	EXP	instr_done_label: units = "height"
14.591999999999999	EXP	instr_done_label: ori = 0
14.591999999999999	EXP	instr_done_label: opacity = 1
14.591999999999999	EXP	instr_done_label: pos = [0,-0.4]
14.591999999999999	EXP	instr_done_label: size = undefined
14.591999999999999	EXP	instr_done_label: text = "Continue"
14.591999999999999	EXP	instr_done_label: font = "Arial"
14.591999999999999	EXP	instr_done_label: color = {"_hex":"#006400","_rgb":[0,0.39215686274509803,0]}
14.591999999999999	EXP	instr_done_label: contrast = 1
14.591999999999999	EXP	instr_done_label: height = 0.05
14.591999999999999	EXP	instr_done_label: bold = false
14.591999999999999	EXP	instr_done_label: italic = false
14.591999999999999	EXP	instr_done_label: alignHoriz = "left"
14.591999999999999	EXP	instr_done_label: alignVert = "center"
14.591999999999999	EXP	instr_done_label: wrapWidth = 1
14.591999999999999	EXP	instr_done_label: flipHoriz = false
14.591999999999999	EXP	instr_done_label: flipVert = false
14.591999999999999	EXP	fixation_mask: units = "height"
14.591999999999999	EXP	fixation_mask: ori = 0
14.591999999999999	EXP	fixation_mask: opacity = 1
14.591999999999999	EXP	fixation_mask: pos = [0,0]
14.591999999999999	EXP	fixation_mask: size = undefined
14.591999999999999	EXP	fixation_mask: text = "default text"
14.591999999999999	EXP	fixation_mask: font = "Arial"
14.591999999999999	EXP	fixation_mask: color = {"_hex":"#FFFFFF","_rgb":[1,1,1]}
14.591999999999999	EXP	fixation_mask: contrast = 1
14.591999999999999	EXP	fixation_mask: height = 0.1
14.591999999999999	EXP	fixation_mask: bold = false
14.591999999999999	EXP	fixation_mask: italic = false
14.591999999999999	EXP	fixation_mask: alignHoriz = "left"
14.591999999999999	EXP	fixation_mask: alignVert = "center"
14.591999999999999	EXP	fixation_mask: wrapWidth = 1
14.591999999999999	EXP	fixation_mask: flipHoriz = false
14.591999999999999	EXP	fixation_mask: flipVert = false
14.591999999999999	EXP	prime_text: units = "height"
14.591999999999999	EXP	prime_text: ori = 0
14.591999999999999	EXP	prime_text: opacity = 1
14.591999999999999	EXP	prime_text: pos = [0,0]
14.591999999999999	EXP	prime_text: size = undefined
14.591999999999999	EXP	prime_text: text = "default text"
14.591999999999999	EXP	prime_text: font = "Arial"
14.591999999999999	EXP	prime_text: color = {"_hex":"#FFFFFF","_rgb":[1,1,1]}
14.591999999999999	EXP	prime_text: contrast = 1
14.591999999999999	EXP	prime_text: height = 0.1
14.591999999999999	EXP	prime_text: bold = false
14.591999999999999	EXP	prime_text: italic = false
14.591999999999999	EXP	prime_text: alignHoriz = "left"
14.591999999999999	EXP	prime_text: alignVert = "center"
14.591999999999999	EXP	prime_text: wrapWidth = 1
14.591999999999999	EXP	prime_text: flipHoriz = false
14.591999999999999	EXP	prime_text: flipVert = false
14.591999999999999	EXP	target: units = "height"
14.591999999999999	EXP	target: ori = 0
14.591999999999999	EXP	target: opacity = 1
14.591999999999999	EXP	target: pos = [0,0]
14.591999999999999	EXP	target: size = undefined
14.591999999999999	EXP	target: text = "default text"
14.591999999999999	EXP	target: font = "Arial"
14.591999999999999	EXP	target: color = {"_hex":"#FFFFFF","_rgb":[1,1,1]}
14.591999999999999	EXP	target: contrast = 1
14.591999999999999	EXP	target: height = 0.1
14.591999999999999	EXP	target: bold = false
14.591999999999999	EXP	target: italic = false
14.591999999999999	EXP	target: alignHoriz = "left"
14.591999999999999	EXP	target: alignVert = "center"
14.591999999999999	EXP	target: wrapWidth = 1
14.591999999999999	EXP	target: flipHoriz = false
14.591999999999999	EXP	target: flipVert = false
14.591999999999999	EXP	button_left: units = "height"
14.591999999999999	EXP	button_left: ori = 0
14.591999999999999	EXP	button_left: opacity = 1
14.591999999999999	EXP	button_left: pos = [-0.4,-0.3]
14.591999999999999	EXP	button_left: size = [1,1]
14.591999999999999	EXP	button_left: lineWidth = 1
14.591999999999999	EXP	button_left: lineColor = {"_hex":"#006400","_rgb":[0,0.39215686274509803,0]}
14.591999999999999	EXP	button_left: fillColor = {"_hex":"#90EE90","_rgb":[0.5647058823529412,0.9333333333333333,0.5647058823529412]}
14.591999999999999	EXP	button_left: vertices = [[-0.5,0],[0,0.5],[0.5,0]]
14.591999999999999	EXP	button_left: closeShape = true
14.591999999999999	EXP	button_left: contrast = 1
14.591999999999999	EXP	button_left: depth = -5
14.591999999999999	EXP	button_left: interpolate = true
14.591999999999999	EXP	button_left: width = 0.4
14.591999999999999	EXP	button_left: vertices = [[-0.2,null],[0.2,null],[0.2,null],[-0.2,null]]
14.591999999999999	EXP	button_left: height = 0.2
14.591999999999999	EXP	button_left: vertices = [[-0.2,-0.1],[0.2,-0.1],[0.2,0.1],[-0.2,0.1]]
14.591999999999999	EXP	button_left: vertices = [[-0.2,-0.1],[0.2,-0.1],[0.2,0.1],[-0.2,0.1]]
14.591999999999999	EXP	button_right: units = "height"
14.591999999999999	EXP	button_right: ori = 0
14.591999999999999	EXP	button_right: opacity = 1
14.591999999999999	EXP	button_right: pos = [0.4,-0.3]
14.591999999999999	EXP	button_right: size = [1,1]
14.591999999999999	EXP	button_right: lineWidth = 1
14.591999999999999	EXP	button_right: lineColor = {"_hex":"#006400","_rgb":[0,0.39215686274509803,0]}
14.591999999999999	EXP	button_right: fillColor = {"_hex":"#90EE90","_rgb":[0.5647058823529412,0.9333333333333333,0.5647058823529412]}
14.591999999999999	EXP	button_right: vertices = [[-0.5,0],[0,0.5],[0.5,0]]
14.591999999999999	EXP	button_right: closeShape = true
14.591999999999999	EXP	button_right: contrast = 1
14.591999999999999	EXP	button_right: depth = -6
14.591999999999999	EXP	button_right: interpolate = true
14.591999999999999	EXP	button_right: width = 0.4
14.591999999999999	EXP	button_right: vertices = [[-0.2,null],[0.2,null],[0.2,null],[-0.2,null]]
14.591999999999999	EXP	button_right: height = 0.2
14.591999999999999	EXP	button_right: vertices = [[-0.2,-0.1],[0.2,-0.1],[0.2,0.1],[-0.2,0.1]]
14.591999999999999	EXP	button_right: vertices = [[-0.2,-0.1],[0.2,-0.1],[0.2,0.1],[-0.2,0.1]]
14.591999999999999	EXP	trial_label_left: units = "height"
14.591999999999999	EXP	trial_label_left: ori = 0
14.591999999999999	EXP	trial_label_left: opacity = 1
14.591999999999999	EXP	trial_label_left: pos = [-0.4,-0.3]
14.591999999999999	EXP	trial_label_left: size = undefined
14.591999999999999	EXP	trial_label_left: text = "Nonword"
14.591999999999999	EXP	trial_label_left: font = "Arial"
14.591999999999999	EXP	trial_label_left: color = {"_hex":"#006400","_rgb":[0,0.39215686274509803,0]}
14.591999999999999	EXP	trial_label_left: contrast = 1
14.591999999999999	EXP	trial_label_left: height = 0.05
14.591999999999999	EXP	trial_label_left: bold = false
14.591999999999999	EXP	trial_label_left: italic = false
14.591999999999999	EXP	trial_label_left: alignHoriz = "left"
14.591999999999999	EXP	trial_label_left: alignVert = "center"
14.591999999999999	EXP	trial_label_left: wrapWidth = 1
14.591999999999999	EXP	trial_label_left: flipHoriz = false
14.591999999999999	EXP	trial_label_left: flipVert = false
14.591999999999999	EXP	trial_label_right: units = "height"
14.591999999999999	EXP	trial_label_right: ori = 0
14.591999999999999	EXP	trial_label_right: opacity = 1
14.591999999999999	EXP	trial_label_right: pos = [0.4,-0.3]
14.591999999999999	EXP	trial_label_right: size = undefined
14.591999999999999	EXP	trial_label_right: text = "Word"
14.591999999999999	EXP	trial_label_right: font = "Arial"
14.591999999999999	EXP	trial_label_right: color = {"_hex":"#006400","_rgb":[0,0.39215686274509803,0]}
14.591999999999999	EXP	trial_label_right: contrast = 1
14.591999999999999	EXP	trial_label_right: height = 0.05
14.591999999999999	EXP	trial_label_right: bold = false
14.591999999999999	EXP	trial_label_right: italic = false
14.591999999999999	EXP	trial_label_right: alignHoriz = "left"
14.591999999999999	EXP	trial_label_right: alignVert = "center"
14.591999999999999	EXP	trial_label_right: wrapWidth = 1
14.591999999999999	EXP	trial_label_right: flipHoriz = false
14.591999999999999	EXP	trial_label_right: flipVert = false
14.591999999999999	EXP	feedback_text: units = "height"
14.591999999999999	EXP	feedback_text: ori = 0
14.591999999999999	EXP	feedback_text: opacity = 1
14.591999999999999	EXP	feedback_text: pos = [0,0]
14.591999999999999	EXP	feedback_text: size = undefined
14.591999999999999	EXP	feedback_text: text = "default text"
14.591999999999999	EXP	feedback_text: font = "Arial"
14.591999999999999	EXP	feedback_text: color = {"_hex":"#FFFFFF","_rgb":[1,1,1]}
14.591999999999999	EXP	feedback_text: contrast = 1
14.591999999999999	EXP	feedback_text: height = 0.1
14.591999999999999	EXP	feedback_text: bold = false
14.591999999999999	EXP	feedback_text: italic = false
14.591999999999999	EXP	feedback_text: alignHoriz = "left"
14.591999999999999	EXP	feedback_text: alignVert = "center"
14.591999999999999	EXP	feedback_text: wrapWidth = 1
14.591999999999999	EXP	feedback_text: flipHoriz = false
14.591999999999999	EXP	feedback_text: flipVert = false
14.591999999999999	EXP	instructions: units = "height"
14.591999999999999	EXP	instructions: ori = 0
14.591999999999999	EXP	instructions: opacity = 1
14.591999999999999	EXP	instructions: pos = [0,0]
14.591999999999999	EXP	instructions: size = undefined
14.591999999999999	EXP	instructions: text = "default text"
14.591999999999999	EXP	instructions: font = "Arial"
14.591999999999999	EXP	instructions: color = {"_hex":"#FFFFFF","_rgb":[1,1,1]}
14.591999999999999	EXP	instructions: contrast = 1
14.591999999999999	EXP	instructions: height = 0.035
14.591999999999999	EXP	instructions: bold = false
14.591999999999999	EXP	instructions: italic = false
14.591999999999999	EXP	instructions: alignHoriz = "left"
14.591999999999999	EXP	instructions: alignVert = "center"
14.591999999999999	EXP	instructions: wrapWidth = 1
14.591999999999999	EXP	instructions: flipHoriz = false
14.591999999999999	EXP	instructions: flipVert = false
14.591999999999999	EXP	instr_done_button: units = "height"
14.591999999999999	EXP	instr_done_button: ori = 0
14.591999999999999	EXP	instr_done_button: opacity = 1
14.591999999999999	EXP	instr_done_button: pos = [0,-0.4]
14.591999999999999	EXP	instr_done_button: size = [1,1]
14.591999999999999	EXP	instr_done_button: lineWidth = 1
14.591999999999999	EXP	instr_done_button: lineColor = {"_hex":"#006400","_rgb":[0,0.39215686274509803,0]}
14.591999999999999	EXP	instr_done_button: fillColor = {"_hex":"#90EE90","_rgb":[0.5647058823529412,0.9333333333333333,0.5647058823529412]}
14.591999999999999	EXP	instr_done_button: vertices = [[-0.5,0],[0,0.5],[0.5,0]]
14.591999999999999	EXP	instr_done_button: closeShape = true
14.591999999999999	EXP	instr_done_button: contrast = 1
14.591999999999999	EXP	instr_done_button: depth = -2
14.591999999999999	EXP	instr_done_button: interpolate = true
14.591999999999999	EXP	instr_done_button: width = 0.4
14.591999999999999	EXP	instr_done_button: vertices = [[-0.2,null],[0.2,null],[0.2,null],[-0.2,null]]
14.591999999999999	EXP	instr_done_button: height = 0.1
14.591999999999999	EXP	instr_done_button: vertices = [[-0.2,-0.05],[0.2,-0.05],[0.2,0.05],[-0.2,0.05]]
14.591999999999999	EXP	instr_done_button: vertices = [[-0.2,-0.05],[0.2,-0.05],[0.2,0.05],[-0.2,0.05]]
14.591999999999999	EXP	instr_done_label: units = "height"
14.591999999999999	EXP	instr_done_label: ori = 0
14.591999999999999	EXP	instr_done_label: opacity = 1
14.591999999999999	EXP	instr_done_label: pos = [0,-0.4]
14.591999999999999	EXP	instr_done_label: size = undefined
14.591999999999999	EXP	instr_done_label: text = "Continue"
14.591999999999999	EXP	instr_done_label: font = "Arial"
14.591999999999999	EXP	instr_done_label: color = {"_hex":"#006400","_rgb":[0,0.39215686274509803,0]}
14.591999999999999	EXP	instr_done_label: contrast = 1
14.591999999999999	EXP	instr_done_label: height = 0.05
14.591999999999999	EXP	instr_done_label: bold = false
14.591999999999999	EXP	instr_done_label: italic = false
14.591999999999999	EXP	instr_done_label: alignHoriz = "left"
14.591999999999999	EXP	instr_done_label: alignVert = "center"
14.591999999999999	EXP	instr_done_label: wrapWidth = 1
14.591999999999999	EXP	instr_done_label: flipHoriz = false
14.591999999999999	EXP	instr_done_label: flipVert = false
14.591999999999999	EXP	fixation_mask: units = "height"
14.591999999999999	EXP	fixation_mask: ori = 0
14.591999999999999	EXP	fixation_mask: opacity = 1
14.591999999999999	EXP	fixation_mask: pos = [0,0]
14.591999999999999	EXP	fixation_mask: size = undefined
14.591999999999999	EXP	fixation_mask: text = "default text"
14.591999999999999	EXP	fixation_mask: font = "Arial"
14.591999999999999	EXP	fixation_mask: color = {"_hex":"#FFFFFF","_rgb":[1,1,1]}
14.591999999999999	EXP	fixation_mask: contrast = 1
14.591999999999999	EXP	fixation_mask: height = 0.1
14.591999999999999	EXP	fixation_mask: bold = false
14.591999999999999	EXP	fixation_mask: italic = false
14.591999999999999	EXP	fixation_mask: alignHoriz = "left"
14.591999999999999	EXP	fixation_mask: alignVert = "center"
14.591999999999999	EXP	fixation_mask: wrapWidth = 1
14.591999999999999	EXP	fixation_mask: flipHoriz = false
14.591999999999999	EXP	fixation_mask: flipVert = false
14.591999999999999	EXP	prime_text: units = "height"
14.591999999999999	EXP	prime_text: ori = 0
14.591999999999999	EXP	prime_text: opacity = 1
14.591999999999999	EXP	prime_text: pos = [0,0]
14.591999999999999	EXP	prime_text: size = undefined
14.591999999999999	EXP	prime_text: text = "default text"
14.591999999999999	EXP	prime_text: font = "Arial"
14.591999999999999	EXP	prime_text: color = {"_hex":"#FFFFFF","_rgb":[1,1,1]}
14.591999999999999	EXP	prime_text: contrast = 1
14.591999999999999	EXP	prime_text: height = 0.1
14.591999999999999	EXP	prime_text: bold = false
14.591999999999999	EXP	prime_text: italic = false
14.591999999999999	EXP	prime_text: alignHoriz = "left"
14.591999999999999	EXP	prime_text: alignVert = "center"
14.591999999999999	EXP	prime_text: wrapWidth = 1
14.591999999999999	EXP	prime_text: flipHoriz = false
14.591999999999999	EXP	prime_text: flipVert = false
14.591999999999999	EXP	target: units = "height"
14.591999999999999	EXP	target: ori = 0
14.591999999999999	EXP	target: opacity = 1
14.591999999999999	EXP	target: pos = [0,0]
14.591999999999999	EXP	target: size = undefined
14.591999999999999	EXP	target: text = "default text"
14.591999999999999	EXP	target: font = "Arial"
14.591999999999999	EXP	target: color = {"_hex":"#FFFFFF","_rgb":[1,1,1]}
14.591999999999999	EXP	target: contrast = 1
14.591999999999999	EXP	target: height = 0.1
14.591999999999999	EXP	target: bold = false
14.591999999999999	EXP	target: italic = false
14.591999999999999	EXP	target: alignHoriz = "left"
14.591999999999999	EXP	target: alignVert = "center"
14.591999999999999	EXP	target: wrapWidth = 1
14.591999999999999	EXP	target: flipHoriz = false
14.591999999999999	EXP	target: flipVert = false
14.591999999999999	EXP	button_left: units = "height"
14.591999999999999	EXP	button_left: ori = 0
14.591999999999999	EXP	button_left: opacity = 1
14.591999999999999	EXP	button_left: pos = [-0.4,-0.3]
14.591999999999999	EXP	button_left: size = [1,1]
14.591999999999999	EXP	button_left: lineWidth = 1
14.591999999999999	EXP	button_left: lineColor = {"_hex":"#006400","_rgb":[0,0.39215686274509803,0]}
14.591999999999999	EXP	button_left: fillColor = {"_hex":"#90EE90","_rgb":[0.5647058823529412,0.9333333333333333,0.5647058823529412]}
14.591999999999999	EXP	button_left: vertices = [[-0.5,0],[0,0.5],[0.5,0]]
14.591999999999999	EXP	button_left: closeShape = true
14.591999999999999	EXP	button_left: contrast = 1
14.591999999999999	EXP	button_left: depth = -5
14.591999999999999	EXP	button_left: interpolate = true
14.591999999999999	EXP	button_left: width = 0.4
14.591999999999999	EXP	button_left: vertices = [[-0.2,null],[0.2,null],[0.2,null],[-0.2,null]]
14.591999999999999	EXP	button_left: height = 0.2
14.591999999999999	EXP	button_left: vertices = [[-0.2,-0.1],[0.2,-0.1],[0.2,0.1],[-0.2,0.1]]
14.591999999999999	EXP	button_left: vertices = [[-0.2,-0.1],[0.2,-0.1],[0.2,0.1],[-0.2,0.1]]
14.591999999999999	EXP	button_right: units = "height"
14.591999999999999	EXP	button_right: ori = 0
14.591999999999999	EXP	button_right: opacity = 1
14.591999999999999	EXP	button_right: pos = [0.4,-0.3]
14.591999999999999	EXP	button_right: size = [1,1]
14.591999999999999	EXP	button_right: lineWidth = 1
14.591999999999999	EXP	button_right: lineColor = {"_hex":"#006400","_rgb":[0,0.39215686274509803,0]}
14.591999999999999	EXP	button_right: fillColor = {"_hex":"#90EE90","_rgb":[0.5647058823529412,0.9333333333333333,0.5647058823529412]}
14.591999999999999	EXP	button_right: vertices = [[-0.5,0],[0,0.5],[0.5,0]]
14.591999999999999	EXP	button_right: closeShape = true
14.591999999999999	EXP	button_right: contrast = 1
14.591999999999999	EXP	button_right: depth = -6
14.591999999999999	EXP	button_right: interpolate = true
14.591999999999999	EXP	button_right: width = 0.4
14.591999999999999	EXP	button_right: vertices = [[-0.2,null],[0.2,null],[0.2,null],[-0.2,null]]
14.591999999999999	EXP	button_right: height = 0.2
14.591999999999999	EXP	button_right: vertices = [[-0.2,-0.1],[0.2,-0.1],[0.2,0.1],[-0.2,0.1]]
14.591999999999999	EXP	button_right: vertices = [[-0.2,-0.1],[0.2,-0.1],[0.2,0.1],[-0.2,0.1]]
14.591999999999999	EXP	trial_label_left: units = "height"
14.591999999999999	EXP	trial_label_left: ori = 0
14.591999999999999	EXP	trial_label_left: opacity = 1
14.591999999999999	EXP	trial_label_left: pos = [-0.4,-0.3]
14.591999999999999	EXP	trial_label_left: size = undefined
14.591999999999999	EXP	trial_label_left: text = "Nonword"
14.591999999999999	EXP	trial_label_left: font = "Arial"
14.591999999999999	EXP	trial_label_left: color = {"_hex":"#006400","_rgb":[0,0.39215686274509803,0]}
14.591999999999999	EXP	trial_label_left: contrast = 1
14.591999999999999	EXP	trial_label_left: height = 0.05
14.591999999999999	EXP	trial_label_left: bold = false
14.591999999999999	EXP	trial_label_left: italic = false
14.591999999999999	EXP	trial_label_left: alignHoriz = "left"
14.591999999999999	EXP	trial_label_left: alignVert = "center"
14.591999999999999	EXP	trial_label_left: wrapWidth = 1
14.591999999999999	EXP	trial_label_left: flipHoriz = false
14.591999999999999	EXP	trial_label_left: flipVert = false
14.591999999999999	EXP	trial_label_right: units = "height"
14.591999999999999	EXP	trial_label_right: ori = 0
14.591999999999999	EXP	trial_label_right: opacity = 1
14.591999999999999	EXP	trial_label_right: pos = [0.4,-0.3]
14.591999999999999	EXP	trial_label_right: size = undefined
14.591999999999999	EXP	trial_label_right: text = "Word"
14.591999999999999	EXP	trial_label_right: font = "Arial"
14.591999999999999	EXP	trial_label_right: color = {"_hex":"#006400","_rgb":[0,0.39215686274509803,0]}
14.591999999999999	EXP	trial_label_right: contrast = 1
14.591999999999999	EXP	trial_label_right: height = 0.05
14.591999999999999	EXP	trial_label_right: bold = false
14.591999999999999	EXP	trial_label_right: italic = false
14.591999999999999	EXP	trial_label_right: alignHoriz = "left"
14.591999999999999	EXP	trial_label_right: alignVert = "center"
14.591999999999999	EXP	trial_label_right: wrapWidth = 1
14.591999999999999	EXP	trial_label_right: flipHoriz = false
14.591999999999999	EXP	trial_label_right: flipVert = false
14.591999999999999	EXP	timing_feedback: units = "height"
14.591999999999999	EXP	timing_feedback: ori = 0
14.591999999999999	EXP	timing_feedback: opacity = 1
14.591999999999999	EXP	timing_feedback: pos = [0,0]
14.591999999999999	EXP	timing_feedback: size = undefined
14.591999999999999	EXP	timing_feedback: text = "Too slow!"
14.591999999999999	EXP	timing_feedback: font = "vera"
14.591999999999999	EXP	timing_feedback: color = {"_hex":"#FFFFFF","_rgb":[1,1,1]}
14.591999999999999	EXP	timing_feedback: contrast = 1
14.591999999999999	EXP	timing_feedback: height = 0.1
14.591999999999999	EXP	timing_feedback: bold = false
14.591999999999999	EXP	timing_feedback: italic = false
14.591999999999999	EXP	timing_feedback: alignHoriz = "left"
14.591999999999999	EXP	timing_feedback: alignVert = "center"
14.591999999999999	EXP	timing_feedback: wrapWidth = 1
14.591999999999999	EXP	timing_feedback: flipHoriz = false
14.591999999999999	EXP	timing_feedback: flipVert = false
14.591999999999999	EXP	thank_you: units = "height"
14.591999999999999	EXP	thank_you: ori = 0
14.591999999999999	EXP	thank_you: opacity = 1
14.591999999999999	EXP	thank_you: pos = [0,0]
14.591999999999999	EXP	thank_you: size = undefined
14.591999999999999	EXP	thank_you: text = "This is the end of the experiment.\n\nYou will now be directed to the debriefing page."
14.591999999999999	EXP	thank_you: font = "vera"
14.591999999999999	EXP	thank_you: color = {"_hex":"#FFFFFF","_rgb":[1,1,1]}
14.591999999999999	EXP	thank_you: contrast = 1
14.591999999999999	EXP	thank_you: height = 1
14.591999999999999	EXP	thank_you: bold = false
14.591999999999999	EXP	thank_you: italic = false
14.591999999999999	EXP	thank_you: alignHoriz = "left"
14.591999999999999	EXP	thank_you: alignVert = "center"
14.591999999999999	EXP	thank_you: wrapWidth = 1
14.591999999999999	EXP	thank_you: flipHoriz = false
14.591999999999999	EXP	thank_you: flipVert = false
14.591999999999999	EXP	instructions: text = "In this task you will judge whether a string of letters forms a word or not (i.e., is a nonword). Look at the cross at the start of each trial. After a second, a string of letters will appear. Your task is to indicate if the letter string forms a word or not (i.e., if it is a nonword). If your device has a keyboard, press the 'a' key for nonwords and the 'l' key for words. If your device does not have a keyboard, touch the left button on the screen for nonwords and the right button for words. Do not use the mouse as this will slow down your response. Press the space bar or click the button below to continue."
14.591999999999999	EXP	instructions: autoDraw = true
14.591999999999999	EXP	instr_done_button: autoDraw = true
14.591999999999999	EXP	instr_done_label: autoDraw = true
17.098	DATA	Mouse: 0 button down, pos=(727,826)
17.209	EXP	instructions: autoDraw = false
17.209	EXP	instr_done_button: autoDraw = false
17.209	EXP	instr_done_label: autoDraw = false
17.209	EXP	fixation_mask: text = "######"
17.209	EXP	prime_text: text = undefined
17.209	EXP	target: text = "STAPLE"
17.209	EXP	target: font = "Arial"
17.209	EXP	fixation_mask: autoDraw = true
17.230999999999998	DATA	Mouse: 0 button down, pos=(727,826)
17.687	EXP	fixation_mask: autoDraw = false
17.708	EXP	prime_text: autoDraw = true
17.722	EXP	prime_text: autoDraw = false
17.772	EXP	target: autoDraw = true
17.772	EXP	button_left: autoDraw = true
17.772	EXP	button_right: autoDraw = true
17.772	EXP	trial_label_left: autoDraw = true
17.772	EXP	trial_label_right: autoDraw = true
22.674	DATA	Keydown: m
25.814	DATA	Mouse: 0 button down, pos=(935,711)
25.837	EXP	fixation_mask: autoDraw = false
25.837	EXP	prime_text: autoDraw = false
25.837	EXP	target: autoDraw = false
25.837	EXP	button_left: autoDraw = false
25.837	EXP	button_right: autoDraw = false
25.837	EXP	trial_label_left: autoDraw = false
25.837	EXP	trial_label_right: autoDraw = false
25.837	EXP	feedback_text: color = {"_hex":"#008000","_rgb":[0,0.5019607843137255,0]}
25.837	EXP	feedback_text: text = "Correct"
25.837	EXP	feedback_text: autoDraw = true
25.940000000000005	DATA	Mouse: 0 button down, pos=(935,711)
26.328	EXP	feedback_text: autoDraw = false
26.328	EXP	feedback_text: autoDraw = false
26.328	EXP	fixation_mask: text = "######"
26.328	EXP	prime_text: text = "staple"
26.328	EXP	target: text = "GARLIC"
26.328	EXP	target: font = "Arial"
26.328	EXP	fixation_mask: autoDraw = true
26.821	EXP	fixation_mask: autoDraw = false
26.843	EXP	prime_text: autoDraw = true
26.869	EXP	prime_text: autoDraw = false
26.869	EXP	target: autoDraw = true
26.869	EXP	button_left: autoDraw = true
26.869	EXP	button_right: autoDraw = true
26.869	EXP	trial_label_left: autoDraw = true
26.869	EXP	trial_label_right: autoDraw = true
28.625999999999998	DATA	Mouse: 0 button down, pos=(935,711)
28.653	EXP	fixation_mask: autoDraw = false
28.653	EXP	prime_text: autoDraw = false
28.653	EXP	target: autoDraw = false
28.653	EXP	button_left: autoDraw = false
28.653	EXP	button_right: autoDraw = false
28.653	EXP	trial_label_left: autoDraw = false
28.653	EXP	trial_label_right: autoDraw = false
28.653	EXP	feedback_text: color = {"_hex":"#008000","_rgb":[0,0.5019607843137255,0]}
28.653	EXP	feedback_text: text = "Correct"
28.653	EXP	feedback_text: autoDraw = true
28.709	DATA	Mouse: 0 button down, pos=(935,711)
29.144	EXP	feedback_text: autoDraw = false
29.144	EXP	feedback_text: autoDraw = false
29.144	EXP	fixation_mask: text = "######"
29.144	EXP	prime_text: text = "garlic"
29.144	EXP	target: text = "DESIGN"
29.144	EXP	target: font = "Arial"
29.144	EXP	fixation_mask: autoDraw = true
29.64	EXP	fixation_mask: autoDraw = false
29.668999999999997	EXP	prime_text: autoDraw = true
29.692999999999998	EXP	prime_text: autoDraw = false
29.692999999999998	EXP	target: autoDraw = true
29.692999999999998	EXP	button_left: autoDraw = true
29.692999999999998	EXP	button_right: autoDraw = true
29.692999999999998	EXP	trial_label_left: autoDraw = true
29.692999999999998	EXP	trial_label_right: autoDraw = true
30.891999999999996	DATA	Mouse: 0 button down, pos=(475,703)
30.92	EXP	fixation_mask: autoDraw = false
30.92	EXP	prime_text: autoDraw = false
30.92	EXP	target: autoDraw = false
30.92	EXP	button_left: autoDraw = false
30.92	EXP	button_right: autoDraw = false
30.92	EXP	trial_label_left: autoDraw = false
30.92	EXP	trial_label_right: autoDraw = false
30.92	EXP	feedback_text: color = {"_hex":"#FF0000","_rgb":[1,0,0]}
30.92	EXP	feedback_text: text = "Incorrect"
30.92	EXP	feedback_text: autoDraw = true
30.979	DATA	Mouse: 0 button down, pos=(475,703)
31.418999999999997	EXP	feedback_text: autoDraw = false
31.418999999999997	EXP	feedback_text: autoDraw = false
31.418999999999997	EXP	fixation_mask: text = "######"
31.418999999999997	EXP	prime_text: text = "design"
31.418999999999997	EXP	target: text = "FLINCH"
31.418999999999997	EXP	target: font = "Arial"
31.418999999999997	EXP	fixation_mask: autoDraw = true
31.905	EXP	fixation_mask: autoDraw = false
31.927	EXP	prime_text: autoDraw = true
31.939	EXP	prime_text: autoDraw = false
31.962000000000003	EXP	target: autoDraw = true
31.962000000000003	EXP	button_left: autoDraw = true
31.962000000000003	EXP	button_right: autoDraw = true
31.962000000000003	EXP	trial_label_left: autoDraw = true
31.962000000000003	EXP	trial_label_right: autoDraw = true
33.641999999999996	DATA	Mouse: 0 button down, pos=(812,148)
33.709	DATA	Mouse: 0 button down, pos=(812,148)
40.102000000000004	DATA	Keydown: Escape
