0.49858499999390915	EXP	Created Window = Window( name=Window, fullscr=true, color=#ffffff, units=height, waitBlanking=true, autoLog=true, size=[1366,625] )
31.132294999988517	EXP	Created instructions = TextStim( name=instructions, win=Window( name=Window, fullscr=true, color=#ffffff, ~), autoDraw=null, autoLog=true, units=height, ori=null, opacity=1, pos=[0,0], size=undefined, text=default text, font=Courier New, color=#000000, contrast=1, height=0.035, bold=null, italic=null, alignHoriz=left, alignVert=center, wrapWidth=1, flipHoriz=null, flipVert=null )
31.164094999985537	EXP	Created instr_done_button = Rect( name=instr_done_button, win=Window( name=Window, fullscr=true, color=#ffffff, ~), autoDraw=null, autoLog=true, units=height, ori=null, opacity=1, pos=[0,-0.4], size=[1,1], lineWidth=1, lineColor=#000000, fillColor=#FFFFFF, vertices=[[-0.2,-0.05],[0.2,-0.05],[0.2,0.05],[-0.2,0.05]], closeShape=true, contrast=1, depth=-2, interpolate=true, width=0.4, height=0.1 )
31.17362499999581	EXP	Created instr_done_label = TextStim( name=instr_done_label, win=Window( name=Window, fullscr=true, color=#ffffff, ~), autoDraw=null, autoLog=true, units=height, ori=null, opacity=1, pos=[0,-0.4], size=undefined, text=Continue, font=Courier New, color=#000000, contrast=1, height=0.05, bold=null, italic=null, alignHoriz=left, alignVert=center, wrapWidth=1, flipHoriz=null, flipVert=null )
31.184680000005756	EXP	Created instructions_image = ImageStim( name=instructions_image, win=Window( name=Window, fullscr=true, color=#ffffff, ~), autoDraw=null, autoLog=true, units=height, ori=null, opacity=1, pos=[0,0], size=[0.4,0.3], image=undefined, mask=undefined, color=#ffffff, contrast=1, texRes=128, interpolate=true, depth=-6, flipHoriz=null, flipVert=null )
31.18962499999907	EXP	Created fixation_mask = TextStim( name=fixation_mask, win=Window( name=Window, fullscr=true, color=#ffffff, ~), autoDraw=null, autoLog=true, units=height, ori=null, opacity=1, pos=[0,0], size=undefined, text=######, font=Courier New, color=#000000, contrast=1, height=0.1, bold=null, italic=null, alignHoriz=left, alignVert=center, wrapWidth=1, flipHoriz=null, flipVert=null )
31.19219499998144	EXP	Created prime_text = TextStim( name=prime_text, win=Window( name=Window, fullscr=true, color=#ffffff, ~), autoDraw=null, autoLog=true, units=height, ori=null, opacity=1, pos=[0,0], size=undefined, text=default text, font=Courier New, color=#000000, contrast=1, height=0.1, bold=null, italic=null, alignHoriz=left, alignVert=center, wrapWidth=1, flipHoriz=null, flipVert=null )
31.194424999994226	EXP	Created target = TextStim( name=target, win=Window( name=Window, fullscr=true, color=#ffffff, ~), autoDraw=null, autoLog=true, units=height, ori=null, opacity=1, pos=[0,0], size=undefined, text=default text, font=Courier New, color=#000000, contrast=1, height=0.1, bold=null, italic=null, alignHoriz=left, alignVert=center, wrapWidth=1, flipHoriz=null, flipVert=null )
31.20640500000445	EXP	Created button_left = Rect( name=button_left, win=Window( name=Window, fullscr=true, color=#ffffff, ~), autoDraw=null, autoLog=true, units=height, ori=null, opacity=1, pos=[-0.4,-0.3], size=[1,1], lineWidth=1, lineColor=#000000, fillColor=#FFFFFF, vertices=[[-0.2,-0.1],[0.2,-0.1],[0.2,0.1],[-0.2,0.1]], closeShape=true, contrast=1, depth=-5, interpolate=true, width=0.4, height=0.2 )
31.21733499999391	EXP	Created button_right = Rect( name=button_right, win=Window( name=Window, fullscr=true, color=#ffffff, ~), autoDraw=null, autoLog=true, units=height, ori=null, opacity=1, pos=[0.4,-0.3], size=[1,1], lineWidth=1, lineColor=#000000, fillColor=#FFFFFF, vertices=[[-0.2,-0.1],[0.2,-0.1],[0.2,0.1],[-0.2,0.1]], closeShape=true, contrast=1, depth=-6, interpolate=true, width=0.4, height=0.2 )
31.21979000000283	EXP	Created trial_label_right = TextStim( name=trial_label_right, win=Window( name=Window, fullscr=true, color=#ffffff, ~), autoDraw=null, autoLog=true, units=height, ori=null, opacity=1, pos=[0.4,-0.3], size=undefined, text=M = Word, font=Courier New, color=#000000, contrast=1, height=0.05, bold=null, italic=null, alignHoriz=left, alignVert=center, wrapWidth=1, flipHoriz=null, flipVert=null )
31.225219999992987	EXP	Created trial_label_left_new = TextStim( name=trial_label_left_new, win=Window( name=Window, fullscr=true, color=#ffffff, ~), autoDraw=null, autoLog=true, units=height, ori=null, opacity=1, pos=[-0.4,-0.3], size=undefined, text=Z = Nonword, font=Courier New, color=#000000, contrast=1, height=0.05, bold=null, italic=null, alignHoriz=left, alignVert=center, wrapWidth=1, flipHoriz=null, flipVert=null )
31.227364999998827	EXP	Created feedback_text = TextStim( name=feedback_text, win=Window( name=Window, fullscr=true, color=#ffffff, ~), autoDraw=null, autoLog=true, units=height, ori=null, opacity=1, pos=[0,0], size=undefined, text=default text, font=Courier New, color=#FFFFFF, contrast=1, height=0.05, bold=null, italic=null, alignHoriz=left, alignVert=center, wrapWidth=1, flipHoriz=null, flipVert=null )
31.235855000006268	EXP	Created button_left_2 = Rect( name=button_left_2, win=Window( name=Window, fullscr=true, color=#ffffff, ~), autoDraw=null, autoLog=true, units=height, ori=null, opacity=1, pos=[-0.4,-0.3], size=[1,1], lineWidth=1, lineColor=#000000, fillColor=#FFFFFF, vertices=[[-0.2,-0.1],[0.2,-0.1],[0.2,0.1],[-0.2,0.1]], closeShape=true, contrast=1, depth=-2, interpolate=true, width=0.4, height=0.2 )
31.250284999987343	EXP	Created button_right_2 = Rect( name=button_right_2, win=Window( name=Window, fullscr=true, color=#ffffff, ~), autoDraw=null, autoLog=true, units=height, ori=null, opacity=1, pos=[0.4,-0.3], size=[1,1], lineWidth=1, lineColor=#000000, fillColor=#FFFFFF, vertices=[[-0.2,-0.1],[0.2,-0.1],[0.2,0.1],[-0.2,0.1]], closeShape=true, contrast=1, depth=-3, interpolate=true, width=0.4, height=0.2 )
31.253249999979744	EXP	Created trial_label_left_2 = TextStim( name=trial_label_left_2, win=Window( name=Window, fullscr=true, color=#ffffff, ~), autoDraw=null, autoLog=true, units=height, ori=null, opacity=1, pos=[-0.4,-0.3], size=undefined, text=Z = Nonword, font=Courier New, color=#000000, contrast=1, height=0.05, bold=null, italic=null, alignHoriz=left, alignVert=center, wrapWidth=1, flipHoriz=null, flipVert=null )
31.259430000005523	EXP	Created trial_label_right_2 = TextStim( name=trial_label_right_2, win=Window( name=Window, fullscr=true, color=#ffffff, ~), autoDraw=null, autoLog=true, units=height, ori=null, opacity=1, pos=[0.4,-0.3], size=undefined, text=M = Word, font=Courier New, color=#000000, contrast=1, height=0.05, bold=null, italic=null, alignHoriz=left, alignVert=center, wrapWidth=1, flipHoriz=null, flipVert=null )
31.265824999980396	EXP	Created instructions = TextStim( name=instructions, win=Window( name=Window, fullscr=true, color=#ffffff, ~), autoDraw=null, autoLog=true, units=height, ori=null, opacity=1, pos=[0,0], size=undefined, text=default text, font=Courier New, color=#000000, contrast=1, height=0.035, bold=null, italic=null, alignHoriz=left, alignVert=center, wrapWidth=1, flipHoriz=null, flipVert=null )
31.302815000002738	EXP	Created instr_done_button = Rect( name=instr_done_button, win=Window( name=Window, fullscr=true, color=#ffffff, ~), autoDraw=null, autoLog=true, units=height, ori=null, opacity=1, pos=[0,-0.4], size=[1,1], lineWidth=1, lineColor=#000000, fillColor=#FFFFFF, vertices=[[-0.2,-0.05],[0.2,-0.05],[0.2,0.05],[-0.2,0.05]], closeShape=true, contrast=1, depth=-2, interpolate=true, width=0.4, height=0.1 )
31.308699999994133	EXP	Created instr_done_label = TextStim( name=instr_done_label, win=Window( name=Window, fullscr=true, color=#ffffff, ~), autoDraw=null, autoLog=true, units=height, ori=null, opacity=1, pos=[0,-0.4], size=undefined, text=Continue, font=Courier New, color=#000000, contrast=1, height=0.05, bold=null, italic=null, alignHoriz=left, alignVert=center, wrapWidth=1, flipHoriz=null, flipVert=null )
31.31805999999051	EXP	Created instructions_image = ImageStim( name=instructions_image, win=Window( name=Window, fullscr=true, color=#ffffff, ~), autoDraw=null, autoLog=true, units=height, ori=null, opacity=1, pos=[0,0], size=[0.4,0.3], image=undefined, mask=undefined, color=#ffffff, contrast=1, texRes=128, interpolate=true, depth=-6, flipHoriz=null, flipVert=null )
31.324250000005122	EXP	Created fixation_mask = TextStim( name=fixation_mask, win=Window( name=Window, fullscr=true, color=#ffffff, ~), autoDraw=null, autoLog=true, units=height, ori=null, opacity=1, pos=[0,0], size=undefined, text=######, font=Courier New, color=#000000, contrast=1, height=0.1, bold=null, italic=null, alignHoriz=left, alignVert=center, wrapWidth=1, flipHoriz=null, flipVert=null )
31.328504999983124	EXP	Created prime_text = TextStim( name=prime_text, win=Window( name=Window, fullscr=true, color=#ffffff, ~), autoDraw=null, autoLog=true, units=height, ori=null, opacity=1, pos=[0,0], size=undefined, text=default text, font=Courier New, color=#000000, contrast=1, height=0.1, bold=null, italic=null, alignHoriz=left, alignVert=center, wrapWidth=1, flipHoriz=null, flipVert=null )
31.33126999999513	EXP	Created target = TextStim( name=target, win=Window( name=Window, fullscr=true, color=#ffffff, ~), autoDraw=null, autoLog=true, units=height, ori=null, opacity=1, pos=[0,0], size=undefined, text=default text, font=Courier New, color=#000000, contrast=1, height=0.1, bold=null, italic=null, alignHoriz=left, alignVert=center, wrapWidth=1, flipHoriz=null, flipVert=null )
31.346114999993006	EXP	Created button_left = Rect( name=button_left, win=Window( name=Window, fullscr=true, color=#ffffff, ~), autoDraw=null, autoLog=true, units=height, ori=null, opacity=1, pos=[-0.4,-0.3], size=[1,1], lineWidth=1, lineColor=#000000, fillColor=#FFFFFF, vertices=[[-0.2,-0.1],[0.2,-0.1],[0.2,0.1],[-0.2,0.1]], closeShape=true, contrast=1, depth=-5, interpolate=true, width=0.4, height=0.2 )
31.364864999981364	EXP	Created button_right = Rect( name=button_right, win=Window( name=Window, fullscr=true, color=#ffffff, ~), autoDraw=null, autoLog=true, units=height, ori=null, opacity=1, pos=[0.4,-0.3], size=[1,1], lineWidth=1, lineColor=#000000, fillColor=#FFFFFF, vertices=[[-0.2,-0.1],[0.2,-0.1],[0.2,0.1],[-0.2,0.1]], closeShape=true, contrast=1, depth=-6, interpolate=true, width=0.4, height=0.2 )
31.376989999989746	EXP	Created trial_label_right = TextStim( name=trial_label_right, win=Window( name=Window, fullscr=true, color=#ffffff, ~), autoDraw=null, autoLog=true, units=height, ori=null, opacity=1, pos=[0.4,-0.3], size=undefined, text=M = Word, font=Courier New, color=#000000, contrast=1, height=0.05, bold=null, italic=null, alignHoriz=left, alignVert=center, wrapWidth=1, flipHoriz=null, flipVert=null )
31.3804999999993	EXP	Created trial_label_left_new = TextStim( name=trial_label_left_new, win=Window( name=Window, fullscr=true, color=#ffffff, ~), autoDraw=null, autoLog=true, units=height, ori=null, opacity=1, pos=[-0.4,-0.3], size=undefined, text=Z = Nonword, font=Courier New, color=#000000, contrast=1, height=0.05, bold=null, italic=null, alignHoriz=left, alignVert=center, wrapWidth=1, flipHoriz=null, flipVert=null )
31.383184999984223	EXP	Created feedback_text = TextStim( name=feedback_text, win=Window( name=Window, fullscr=true, color=#ffffff, ~), autoDraw=null, autoLog=true, units=height, ori=null, opacity=1, pos=[0,0], size=undefined, text=default text, font=Courier New, color=#FFFFFF, contrast=1, height=0.05, bold=null, italic=null, alignHoriz=left, alignVert=center, wrapWidth=1, flipHoriz=null, flipVert=null )
31.401480000000447	EXP	Created button_left_2 = Rect( name=button_left_2, win=Window( name=Window, fullscr=true, color=#ffffff, ~), autoDraw=null, autoLog=true, units=height, ori=null, opacity=1, pos=[-0.4,-0.3], size=[1,1], lineWidth=1, lineColor=#000000, fillColor=#FFFFFF, vertices=[[-0.2,-0.1],[0.2,-0.1],[0.2,0.1],[-0.2,0.1]], closeShape=true, contrast=1, depth=-2, interpolate=true, width=0.4, height=0.2 )
31.415955000004033	EXP	Created button_right_2 = Rect( name=button_right_2, win=Window( name=Window, fullscr=true, color=#ffffff, ~), autoDraw=null, autoLog=true, units=height, ori=null, opacity=1, pos=[0.4,-0.3], size=[1,1], lineWidth=1, lineColor=#000000, fillColor=#FFFFFF, vertices=[[-0.2,-0.1],[0.2,-0.1],[0.2,0.1],[-0.2,0.1]], closeShape=true, contrast=1, depth=-3, interpolate=true, width=0.4, height=0.2 )
31.418624999991152	EXP	Created trial_label_left_2 = TextStim( name=trial_label_left_2, win=Window( name=Window, fullscr=true, color=#ffffff, ~), autoDraw=null, autoLog=true, units=height, ori=null, opacity=1, pos=[-0.4,-0.3], size=undefined, text=Z = Nonword, font=Courier New, color=#000000, contrast=1, height=0.05, bold=null, italic=null, alignHoriz=left, alignVert=center, wrapWidth=1, flipHoriz=null, flipVert=null )
31.422164999996312	EXP	Created trial_label_right_2 = TextStim( name=trial_label_right_2, win=Window( name=Window, fullscr=true, color=#ffffff, ~), autoDraw=null, autoLog=true, units=height, ori=null, opacity=1, pos=[0.4,-0.3], size=undefined, text=M = Word, font=Courier New, color=#000000, contrast=1, height=0.05, bold=null, italic=null, alignHoriz=left, alignVert=center, wrapWidth=1, flipHoriz=null, flipVert=null )
31.42449000000488	EXP	Created break_text = TextStim( name=break_text, win=Window( name=Window, fullscr=true, color=#ffffff, ~), autoDraw=null, autoLog=true, units=height, ori=null, opacity=1, pos=[0,0], size=undefined, text=default text, font=Courier New, color=#000000, contrast=1, height=0.05, bold=null, italic=null, alignHoriz=left, alignVert=center, wrapWidth=1, flipHoriz=null, flipVert=null )
31.437964999990072	EXP	Created break_done_button = Rect( name=break_done_button, win=Window( name=Window, fullscr=true, color=#ffffff, ~), autoDraw=null, autoLog=true, units=height, ori=null, opacity=1, pos=[0,-0.4], size=[1,1], lineWidth=1, lineColor=#000000, fillColor=#FFFFFF, vertices=[[-0.2,-0.05],[0.2,-0.05],[0.2,0.05],[-0.2,0.05]], closeShape=true, contrast=1, depth=-4, interpolate=true, width=0.4, height=0.1 )
31.4406650000019	EXP	Created break_done_button_label = TextStim( name=break_done_button_label, win=Window( name=Window, fullscr=true, color=#ffffff, ~), autoDraw=null, autoLog=true, units=height, ori=null, opacity=1, pos=[0,-0.4], size=undefined, text=Continue, font=Courier New, color=#000000, contrast=1, height=0.05, bold=null, italic=null, alignHoriz=left, alignVert=center, wrapWidth=1, flipHoriz=null, flipVert=null )
31.443115000001853	EXP	Created thank_you = TextStim( name=thank_you, win=Window( name=Window, fullscr=true, color=#ffffff, ~), autoDraw=null, autoLog=true, units=height, ori=null, opacity=1, pos=[0,0], size=undefined, text=This is the end of the experiment.

Please do NOT ~, font=Courier New, color=#000000, contrast=1, height=1, bold=null, italic=null, alignHoriz=left, alignVert=center, wrapWidth=1, flipHoriz=null, flipVert=null )
31.925614999985555	EXP	instructions: units = "height"
31.925614999985555	EXP	instructions: ori = 0
31.925614999985555	EXP	instructions: opacity = 1
31.925614999985555	EXP	instructions: pos = [0,0]
31.925614999985555	EXP	instructions: size = undefined
31.925614999985555	EXP	instructions: text = "default text"
31.925614999985555	EXP	instructions: font = "Courier New"
31.925614999985555	EXP	instructions: color = {"_hex":"#000000","_rgb":[0,0,0]}
31.925614999985555	EXP	instructions: contrast = 1
31.925614999985555	EXP	instructions: height = 0.035
31.925614999985555	EXP	instructions: bold = false
31.925614999985555	EXP	instructions: italic = false
31.925614999985555	EXP	instructions: alignHoriz = "left"
31.925614999985555	EXP	instructions: alignVert = "center"
31.925614999985555	EXP	instructions: wrapWidth = 1
31.925614999985555	EXP	instructions: flipHoriz = false
31.925614999985555	EXP	instructions: flipVert = false
31.925614999985555	EXP	instr_done_button: units = "height"
31.925614999985555	EXP	instr_done_button: ori = 0
31.925614999985555	EXP	instr_done_button: opacity = 1
31.925614999985555	EXP	instr_done_button: pos = [0,-0.4]
31.925614999985555	EXP	instr_done_button: size = [1,1]
31.925614999985555	EXP	instr_done_button: lineWidth = 1
31.925614999985555	EXP	instr_done_button: lineColor = {"_hex":"#000000","_rgb":[0,0,0]}
31.925614999985555	EXP	instr_done_button: fillColor = {"_hex":"#FFFFFF","_rgb":[1,1,1]}
31.925614999985555	EXP	instr_done_button: vertices = [[-0.5,0],[0,0.5],[0.5,0]]
31.925614999985555	EXP	instr_done_button: closeShape = true
31.925614999985555	EXP	instr_done_button: contrast = 1
31.925614999985555	EXP	instr_done_button: depth = -2
31.925614999985555	EXP	instr_done_button: interpolate = true
31.925614999985555	EXP	instr_done_button: width = 0.4
31.925614999985555	EXP	instr_done_button: vertices = [[-0.2,null],[0.2,null],[0.2,null],[-0.2,null]]
31.925614999985555	EXP	instr_done_button: height = 0.1
31.925614999985555	EXP	instr_done_button: vertices = [[-0.2,-0.05],[0.2,-0.05],[0.2,0.05],[-0.2,0.05]]
31.925614999985555	EXP	instr_done_button: vertices = [[-0.2,-0.05],[0.2,-0.05],[0.2,0.05],[-0.2,0.05]]
31.925614999985555	EXP	instr_done_label: units = "height"
31.925614999985555	EXP	instr_done_label: ori = 0
31.925614999985555	EXP	instr_done_label: opacity = 1
31.925614999985555	EXP	instr_done_label: pos = [0,-0.4]
31.925614999985555	EXP	instr_done_label: size = undefined
31.925614999985555	EXP	instr_done_label: text = "Continue"
31.925614999985555	EXP	instr_done_label: font = "Courier New"
31.925614999985555	EXP	instr_done_label: color = {"_hex":"#000000","_rgb":[0,0,0]}
31.925614999985555	EXP	instr_done_label: contrast = 1
31.925614999985555	EXP	instr_done_label: height = 0.05
31.925614999985555	EXP	instr_done_label: bold = false
31.925614999985555	EXP	instr_done_label: italic = false
31.925614999985555	EXP	instr_done_label: alignHoriz = "left"
31.925614999985555	EXP	instr_done_label: alignVert = "center"
31.925614999985555	EXP	instr_done_label: wrapWidth = 1
31.925614999985555	EXP	instr_done_label: flipHoriz = false
31.925614999985555	EXP	instr_done_label: flipVert = false
31.925614999985555	EXP	instructions_image: units = "height"
31.925614999985555	EXP	instructions_image: ori = 0
31.925614999985555	EXP	instructions_image: opacity = 1
31.925614999985555	EXP	instructions_image: pos = [0,0]
31.925614999985555	EXP	instructions_image: size = [0.4,0.3]
31.925614999985555	EXP	instructions_image: image = undefined
31.925614999985555	EXP	instructions_image: mask = undefined
31.925614999985555	EXP	instructions_image: color = {"_rgb":[1,1,1]}
31.925614999985555	EXP	instructions_image: contrast = 1
31.925614999985555	EXP	instructions_image: texRes = 128
31.925614999985555	EXP	instructions_image: interpolate = true
31.925614999985555	EXP	instructions_image: depth = -6
31.925614999985555	EXP	instructions_image: flipHoriz = false
31.925614999985555	EXP	instructions_image: flipVert = false
31.925614999985555	EXP	fixation_mask: units = "height"
31.925614999985555	EXP	fixation_mask: ori = 0
31.925614999985555	EXP	fixation_mask: opacity = 1
31.925614999985555	EXP	fixation_mask: pos = [0,0]
31.925614999985555	EXP	fixation_mask: size = undefined
31.925614999985555	EXP	fixation_mask: text = "######"
31.925614999985555	EXP	fixation_mask: font = "Courier New"
31.925614999985555	EXP	fixation_mask: color = {"_hex":"#000000","_rgb":[0,0,0]}
31.925614999985555	EXP	fixation_mask: contrast = 1
31.925614999985555	EXP	fixation_mask: height = 0.1
31.925614999985555	EXP	fixation_mask: bold = false
31.925614999985555	EXP	fixation_mask: italic = false
31.925614999985555	EXP	fixation_mask: alignHoriz = "left"
31.925614999985555	EXP	fixation_mask: alignVert = "center"
31.925614999985555	EXP	fixation_mask: wrapWidth = 1
31.925614999985555	EXP	fixation_mask: flipHoriz = false
31.925614999985555	EXP	fixation_mask: flipVert = false
31.925614999985555	EXP	prime_text: units = "height"
31.925614999985555	EXP	prime_text: ori = 0
31.925614999985555	EXP	prime_text: opacity = 1
31.925614999985555	EXP	prime_text: pos = [0,0]
31.925614999985555	EXP	prime_text: size = undefined
31.925614999985555	EXP	prime_text: text = "default text"
31.925614999985555	EXP	prime_text: font = "Courier New"
31.925614999985555	EXP	prime_text: color = {"_hex":"#000000","_rgb":[0,0,0]}
31.925614999985555	EXP	prime_text: contrast = 1
31.925614999985555	EXP	prime_text: height = 0.1
31.925614999985555	EXP	prime_text: bold = false
31.925614999985555	EXP	prime_text: italic = false
31.925614999985555	EXP	prime_text: alignHoriz = "left"
31.925614999985555	EXP	prime_text: alignVert = "center"
31.925614999985555	EXP	prime_text: wrapWidth = 1
31.925614999985555	EXP	prime_text: flipHoriz = false
31.925614999985555	EXP	prime_text: flipVert = false
31.925614999985555	EXP	target: units = "height"
31.925614999985555	EXP	target: ori = 0
31.925614999985555	EXP	target: opacity = 1
31.925614999985555	EXP	target: pos = [0,0]
31.925614999985555	EXP	target: size = undefined
31.925614999985555	EXP	target: text = "default text"
31.925614999985555	EXP	target: font = "Courier New"
31.925614999985555	EXP	target: color = {"_hex":"#000000","_rgb":[0,0,0]}
31.925614999985555	EXP	target: contrast = 1
31.925614999985555	EXP	target: height = 0.1
31.925614999985555	EXP	target: bold = false
31.925614999985555	EXP	target: italic = false
31.925614999985555	EXP	target: alignHoriz = "left"
31.925614999985555	EXP	target: alignVert = "center"
31.925614999985555	EXP	target: wrapWidth = 1
31.925614999985555	EXP	target: flipHoriz = false
31.925614999985555	EXP	target: flipVert = false
31.925614999985555	EXP	button_left: units = "height"
31.925614999985555	EXP	button_left: ori = 0
31.925614999985555	EXP	button_left: opacity = 1
31.925614999985555	EXP	button_left: pos = [-0.4,-0.3]
31.925614999985555	EXP	button_left: size = [1,1]
31.925614999985555	EXP	button_left: lineWidth = 1
31.925614999985555	EXP	button_left: lineColor = {"_hex":"#000000","_rgb":[0,0,0]}
31.925614999985555	EXP	button_left: fillColor = {"_hex":"#FFFFFF","_rgb":[1,1,1]}
31.925614999985555	EXP	button_left: vertices = [[-0.5,0],[0,0.5],[0.5,0]]
31.925614999985555	EXP	button_left: closeShape = true
31.925614999985555	EXP	button_left: contrast = 1
31.925614999985555	EXP	button_left: depth = -5
31.925614999985555	EXP	button_left: interpolate = true
31.925614999985555	EXP	button_left: width = 0.4
31.925614999985555	EXP	button_left: vertices = [[-0.2,null],[0.2,null],[0.2,null],[-0.2,null]]
31.925614999985555	EXP	button_left: height = 0.2
31.925614999985555	EXP	button_left: vertices = [[-0.2,-0.1],[0.2,-0.1],[0.2,0.1],[-0.2,0.1]]
31.925614999985555	EXP	button_left: vertices = [[-0.2,-0.1],[0.2,-0.1],[0.2,0.1],[-0.2,0.1]]
31.925614999985555	EXP	button_right: units = "height"
31.925614999985555	EXP	button_right: ori = 0
31.925614999985555	EXP	button_right: opacity = 1
31.925614999985555	EXP	button_right: pos = [0.4,-0.3]
31.925614999985555	EXP	button_right: size = [1,1]
31.925614999985555	EXP	button_right: lineWidth = 1
31.925614999985555	EXP	button_right: lineColor = {"_hex":"#000000","_rgb":[0,0,0]}
31.925614999985555	EXP	button_right: fillColor = {"_hex":"#FFFFFF","_rgb":[1,1,1]}
31.925614999985555	EXP	button_right: vertices = [[-0.5,0],[0,0.5],[0.5,0]]
31.925614999985555	EXP	button_right: closeShape = true
31.925614999985555	EXP	button_right: contrast = 1
31.925614999985555	EXP	button_right: depth = -6
31.925614999985555	EXP	button_right: interpolate = true
31.925614999985555	EXP	button_right: width = 0.4
31.925614999985555	EXP	button_right: vertices = [[-0.2,null],[0.2,null],[0.2,null],[-0.2,null]]
31.925614999985555	EXP	button_right: height = 0.2
31.925614999985555	EXP	button_right: vertices = [[-0.2,-0.1],[0.2,-0.1],[0.2,0.1],[-0.2,0.1]]
31.925614999985555	EXP	button_right: vertices = [[-0.2,-0.1],[0.2,-0.1],[0.2,0.1],[-0.2,0.1]]
31.925614999985555	EXP	trial_label_right: units = "height"
31.925614999985555	EXP	trial_label_right: ori = 0
31.925614999985555	EXP	trial_label_right: opacity = 1
31.925614999985555	EXP	trial_label_right: pos = [0.4,-0.3]
31.925614999985555	EXP	trial_label_right: size = undefined
31.925614999985555	EXP	trial_label_right: text = "M = Word"
31.925614999985555	EXP	trial_label_right: font = "Courier New"
31.925614999985555	EXP	trial_label_right: color = {"_hex":"#000000","_rgb":[0,0,0]}
31.925614999985555	EXP	trial_label_right: contrast = 1
31.925614999985555	EXP	trial_label_right: height = 0.05
31.925614999985555	EXP	trial_label_right: bold = false
31.925614999985555	EXP	trial_label_right: italic = false
31.925614999985555	EXP	trial_label_right: alignHoriz = "left"
31.925614999985555	EXP	trial_label_right: alignVert = "center"
31.925614999985555	EXP	trial_label_right: wrapWidth = 1
31.925614999985555	EXP	trial_label_right: flipHoriz = false
31.925614999985555	EXP	trial_label_right: flipVert = false
31.925614999985555	EXP	trial_label_left_new: units = "height"
31.925614999985555	EXP	trial_label_left_new: ori = 0
31.925614999985555	EXP	trial_label_left_new: opacity = 1
31.925614999985555	EXP	trial_label_left_new: pos = [-0.4,-0.3]
31.925614999985555	EXP	trial_label_left_new: size = undefined
31.925614999985555	EXP	trial_label_left_new: text = "Z = Nonword"
31.925614999985555	EXP	trial_label_left_new: font = "Courier New"
31.925614999985555	EXP	trial_label_left_new: color = {"_hex":"#000000","_rgb":[0,0,0]}
31.925614999985555	EXP	trial_label_left_new: contrast = 1
31.925614999985555	EXP	trial_label_left_new: height = 0.05
31.925614999985555	EXP	trial_label_left_new: bold = false
31.925614999985555	EXP	trial_label_left_new: italic = false
31.925614999985555	EXP	trial_label_left_new: alignHoriz = "left"
31.925614999985555	EXP	trial_label_left_new: alignVert = "center"
31.925614999985555	EXP	trial_label_left_new: wrapWidth = 1
31.925614999985555	EXP	trial_label_left_new: flipHoriz = false
31.925614999985555	EXP	trial_label_left_new: flipVert = false
31.925614999985555	EXP	feedback_text: units = "height"
31.925614999985555	EXP	feedback_text: ori = 0
31.925614999985555	EXP	feedback_text: opacity = 1
31.925614999985555	EXP	feedback_text: pos = [0,0]
31.925614999985555	EXP	feedback_text: size = undefined
31.925614999985555	EXP	feedback_text: text = "default text"
31.925614999985555	EXP	feedback_text: font = "Courier New"
31.925614999985555	EXP	feedback_text: color = {"_hex":"#FFFFFF","_rgb":[1,1,1]}
31.925614999985555	EXP	feedback_text: contrast = 1
31.925614999985555	EXP	feedback_text: height = 0.05
31.925614999985555	EXP	feedback_text: bold = false
31.925614999985555	EXP	feedback_text: italic = false
31.925614999985555	EXP	feedback_text: alignHoriz = "left"
31.925614999985555	EXP	feedback_text: alignVert = "center"
31.925614999985555	EXP	feedback_text: wrapWidth = 1
31.925614999985555	EXP	feedback_text: flipHoriz = false
31.925614999985555	EXP	feedback_text: flipVert = false
31.925614999985555	EXP	button_left_2: units = "height"
31.925614999985555	EXP	button_left_2: ori = 0
31.925614999985555	EXP	button_left_2: opacity = 1
31.925614999985555	EXP	button_left_2: pos = [-0.4,-0.3]
31.925614999985555	EXP	button_left_2: size = [1,1]
31.925614999985555	EXP	button_left_2: lineWidth = 1
31.925614999985555	EXP	button_left_2: lineColor = {"_hex":"#000000","_rgb":[0,0,0]}
31.925614999985555	EXP	button_left_2: fillColor = {"_hex":"#FFFFFF","_rgb":[1,1,1]}
31.925614999985555	EXP	button_left_2: vertices = [[-0.5,0],[0,0.5],[0.5,0]]
31.925614999985555	EXP	button_left_2: closeShape = true
31.925614999985555	EXP	button_left_2: contrast = 1
31.925614999985555	EXP	button_left_2: depth = -2
31.925614999985555	EXP	button_left_2: interpolate = true
31.925614999985555	EXP	button_left_2: width = 0.4
31.925614999985555	EXP	button_left_2: vertices = [[-0.2,null],[0.2,null],[0.2,null],[-0.2,null]]
31.925614999985555	EXP	button_left_2: height = 0.2
31.925614999985555	EXP	button_left_2: vertices = [[-0.2,-0.1],[0.2,-0.1],[0.2,0.1],[-0.2,0.1]]
31.925614999985555	EXP	button_left_2: vertices = [[-0.2,-0.1],[0.2,-0.1],[0.2,0.1],[-0.2,0.1]]
31.925614999985555	EXP	button_right_2: units = "height"
31.925614999985555	EXP	button_right_2: ori = 0
31.925614999985555	EXP	button_right_2: opacity = 1
31.925614999985555	EXP	button_right_2: pos = [0.4,-0.3]
31.925614999985555	EXP	button_right_2: size = [1,1]
31.925614999985555	EXP	button_right_2: lineWidth = 1
31.925614999985555	EXP	button_right_2: lineColor = {"_hex":"#000000","_rgb":[0,0,0]}
31.925614999985555	EXP	button_right_2: fillColor = {"_hex":"#FFFFFF","_rgb":[1,1,1]}
31.925614999985555	EXP	button_right_2: vertices = [[-0.5,0],[0,0.5],[0.5,0]]
31.925614999985555	EXP	button_right_2: closeShape = true
31.925614999985555	EXP	button_right_2: contrast = 1
31.925614999985555	EXP	button_right_2: depth = -3
31.925614999985555	EXP	button_right_2: interpolate = true
31.925614999985555	EXP	button_right_2: width = 0.4
31.925614999985555	EXP	button_right_2: vertices = [[-0.2,null],[0.2,null],[0.2,null],[-0.2,null]]
31.925614999985555	EXP	button_right_2: height = 0.2
31.925614999985555	EXP	button_right_2: vertices = [[-0.2,-0.1],[0.2,-0.1],[0.2,0.1],[-0.2,0.1]]
31.925614999985555	EXP	button_right_2: vertices = [[-0.2,-0.1],[0.2,-0.1],[0.2,0.1],[-0.2,0.1]]
31.925614999985555	EXP	trial_label_left_2: units = "height"
31.925614999985555	EXP	trial_label_left_2: ori = 0
31.925614999985555	EXP	trial_label_left_2: opacity = 1
31.925614999985555	EXP	trial_label_left_2: pos = [-0.4,-0.3]
31.925614999985555	EXP	trial_label_left_2: size = undefined
31.925614999985555	EXP	trial_label_left_2: text = "Z = Nonword"
31.925614999985555	EXP	trial_label_left_2: font = "Courier New"
31.925614999985555	EXP	trial_label_left_2: color = {"_hex":"#000000","_rgb":[0,0,0]}
31.925614999985555	EXP	trial_label_left_2: contrast = 1
31.925614999985555	EXP	trial_label_left_2: height = 0.05
31.925614999985555	EXP	trial_label_left_2: bold = false
31.925614999985555	EXP	trial_label_left_2: italic = false
31.925614999985555	EXP	trial_label_left_2: alignHoriz = "left"
31.925614999985555	EXP	trial_label_left_2: alignVert = "center"
31.925614999985555	EXP	trial_label_left_2: wrapWidth = 1
31.925614999985555	EXP	trial_label_left_2: flipHoriz = false
31.925614999985555	EXP	trial_label_left_2: flipVert = false
31.925614999985555	EXP	trial_label_right_2: units = "height"
31.925614999985555	EXP	trial_label_right_2: ori = 0
31.925614999985555	EXP	trial_label_right_2: opacity = 1
31.925614999985555	EXP	trial_label_right_2: pos = [0.4,-0.3]
31.925614999985555	EXP	trial_label_right_2: size = undefined
31.925614999985555	EXP	trial_label_right_2: text = "M = Word"
31.925614999985555	EXP	trial_label_right_2: font = "Courier New"
31.925614999985555	EXP	trial_label_right_2: color = {"_hex":"#000000","_rgb":[0,0,0]}
31.925614999985555	EXP	trial_label_right_2: contrast = 1
31.925614999985555	EXP	trial_label_right_2: height = 0.05
31.925614999985555	EXP	trial_label_right_2: bold = false
31.925614999985555	EXP	trial_label_right_2: italic = false
31.925614999985555	EXP	trial_label_right_2: alignHoriz = "left"
31.925614999985555	EXP	trial_label_right_2: alignVert = "center"
31.925614999985555	EXP	trial_label_right_2: wrapWidth = 1
31.925614999985555	EXP	trial_label_right_2: flipHoriz = false
31.925614999985555	EXP	trial_label_right_2: flipVert = false
31.925614999985555	EXP	instructions: units = "height"
31.925614999985555	EXP	instructions: ori = 0
31.925614999985555	EXP	instructions: opacity = 1
31.925614999985555	EXP	instructions: pos = [0,0]
31.925614999985555	EXP	instructions: size = undefined
31.925614999985555	EXP	instructions: text = "default text"
31.925614999985555	EXP	instructions: font = "Courier New"
31.925614999985555	EXP	instructions: color = {"_hex":"#000000","_rgb":[0,0,0]}
31.925614999985555	EXP	instructions: contrast = 1
31.925614999985555	EXP	instructions: height = 0.035
31.925614999985555	EXP	instructions: bold = false
31.925614999985555	EXP	instructions: italic = false
31.925614999985555	EXP	instructions: alignHoriz = "left"
31.925614999985555	EXP	instructions: alignVert = "center"
31.925614999985555	EXP	instructions: wrapWidth = 1
31.925614999985555	EXP	instructions: flipHoriz = false
31.925614999985555	EXP	instructions: flipVert = false
31.925614999985555	EXP	instr_done_button: units = "height"
31.925614999985555	EXP	instr_done_button: ori = 0
31.925614999985555	EXP	instr_done_button: opacity = 1
31.925614999985555	EXP	instr_done_button: pos = [0,-0.4]
31.925614999985555	EXP	instr_done_button: size = [1,1]
31.925614999985555	EXP	instr_done_button: lineWidth = 1
31.925614999985555	EXP	instr_done_button: lineColor = {"_hex":"#000000","_rgb":[0,0,0]}
31.925614999985555	EXP	instr_done_button: fillColor = {"_hex":"#FFFFFF","_rgb":[1,1,1]}
31.925614999985555	EXP	instr_done_button: vertices = [[-0.5,0],[0,0.5],[0.5,0]]
31.925614999985555	EXP	instr_done_button: closeShape = true
31.925614999985555	EXP	instr_done_button: contrast = 1
31.925614999985555	EXP	instr_done_button: depth = -2
31.925614999985555	EXP	instr_done_button: interpolate = true
31.925614999985555	EXP	instr_done_button: width = 0.4
31.925614999985555	EXP	instr_done_button: vertices = [[-0.2,null],[0.2,null],[0.2,null],[-0.2,null]]
31.925614999985555	EXP	instr_done_button: height = 0.1
31.925614999985555	EXP	instr_done_button: vertices = [[-0.2,-0.05],[0.2,-0.05],[0.2,0.05],[-0.2,0.05]]
31.925614999985555	EXP	instr_done_button: vertices = [[-0.2,-0.05],[0.2,-0.05],[0.2,0.05],[-0.2,0.05]]
31.925614999985555	EXP	instr_done_label: units = "height"
31.925614999985555	EXP	instr_done_label: ori = 0
31.925614999985555	EXP	instr_done_label: opacity = 1
31.925614999985555	EXP	instr_done_label: pos = [0,-0.4]
31.925614999985555	EXP	instr_done_label: size = undefined
31.925614999985555	EXP	instr_done_label: text = "Continue"
31.925614999985555	EXP	instr_done_label: font = "Courier New"
31.925614999985555	EXP	instr_done_label: color = {"_hex":"#000000","_rgb":[0,0,0]}
31.925614999985555	EXP	instr_done_label: contrast = 1
31.925614999985555	EXP	instr_done_label: height = 0.05
31.925614999985555	EXP	instr_done_label: bold = false
31.925614999985555	EXP	instr_done_label: italic = false
31.925614999985555	EXP	instr_done_label: alignHoriz = "left"
31.925614999985555	EXP	instr_done_label: alignVert = "center"
31.925614999985555	EXP	instr_done_label: wrapWidth = 1
31.925614999985555	EXP	instr_done_label: flipHoriz = false
31.925614999985555	EXP	instr_done_label: flipVert = false
31.925614999985555	EXP	instructions_image: units = "height"
31.925614999985555	EXP	instructions_image: ori = 0
31.925614999985555	EXP	instructions_image: opacity = 1
31.925614999985555	EXP	instructions_image: pos = [0,0]
31.925614999985555	EXP	instructions_image: size = [0.4,0.3]
31.925614999985555	EXP	instructions_image: image = undefined
31.925614999985555	EXP	instructions_image: mask = undefined
31.925614999985555	EXP	instructions_image: color = {"_rgb":[1,1,1]}
31.925614999985555	EXP	instructions_image: contrast = 1
31.925614999985555	EXP	instructions_image: texRes = 128
31.925614999985555	EXP	instructions_image: interpolate = true
31.925614999985555	EXP	instructions_image: depth = -6
31.925614999985555	EXP	instructions_image: flipHoriz = false
31.925614999985555	EXP	instructions_image: flipVert = false
31.925614999985555	EXP	fixation_mask: units = "height"
31.925614999985555	EXP	fixation_mask: ori = 0
31.925614999985555	EXP	fixation_mask: opacity = 1
31.925614999985555	EXP	fixation_mask: pos = [0,0]
31.925614999985555	EXP	fixation_mask: size = undefined
31.925614999985555	EXP	fixation_mask: text = "######"
31.925614999985555	EXP	fixation_mask: font = "Courier New"
31.925614999985555	EXP	fixation_mask: color = {"_hex":"#000000","_rgb":[0,0,0]}
31.925614999985555	EXP	fixation_mask: contrast = 1
31.925614999985555	EXP	fixation_mask: height = 0.1
31.925614999985555	EXP	fixation_mask: bold = false
31.925614999985555	EXP	fixation_mask: italic = false
31.925614999985555	EXP	fixation_mask: alignHoriz = "left"
31.925614999985555	EXP	fixation_mask: alignVert = "center"
31.925614999985555	EXP	fixation_mask: wrapWidth = 1
31.925614999985555	EXP	fixation_mask: flipHoriz = false
31.925614999985555	EXP	fixation_mask: flipVert = false
31.925614999985555	EXP	prime_text: units = "height"
31.925614999985555	EXP	prime_text: ori = 0
31.925614999985555	EXP	prime_text: opacity = 1
31.925614999985555	EXP	prime_text: pos = [0,0]
31.925614999985555	EXP	prime_text: size = undefined
31.925614999985555	EXP	prime_text: text = "default text"
31.925614999985555	EXP	prime_text: font = "Courier New"
31.925614999985555	EXP	prime_text: color = {"_hex":"#000000","_rgb":[0,0,0]}
31.925614999985555	EXP	prime_text: contrast = 1
31.925614999985555	EXP	prime_text: height = 0.1
31.925614999985555	EXP	prime_text: bold = false
31.925614999985555	EXP	prime_text: italic = false
31.925614999985555	EXP	prime_text: alignHoriz = "left"
31.925614999985555	EXP	prime_text: alignVert = "center"
31.925614999985555	EXP	prime_text: wrapWidth = 1
31.925614999985555	EXP	prime_text: flipHoriz = false
31.925614999985555	EXP	prime_text: flipVert = false
31.925614999985555	EXP	target: units = "height"
31.925614999985555	EXP	target: ori = 0
31.925614999985555	EXP	target: opacity = 1
31.925614999985555	EXP	target: pos = [0,0]
31.925614999985555	EXP	target: size = undefined
31.925614999985555	EXP	target: text = "default text"
31.925614999985555	EXP	target: font = "Courier New"
31.925614999985555	EXP	target: color = {"_hex":"#000000","_rgb":[0,0,0]}
31.925614999985555	EXP	target: contrast = 1
31.925614999985555	EXP	target: height = 0.1
31.925614999985555	EXP	target: bold = false
31.925614999985555	EXP	target: italic = false
31.925614999985555	EXP	target: alignHoriz = "left"
31.925614999985555	EXP	target: alignVert = "center"
31.925614999985555	EXP	target: wrapWidth = 1
31.925614999985555	EXP	target: flipHoriz = false
31.925614999985555	EXP	target: flipVert = false
31.925614999985555	EXP	button_left: units = "height"
31.925614999985555	EXP	button_left: ori = 0
31.925614999985555	EXP	button_left: opacity = 1
31.925614999985555	EXP	button_left: pos = [-0.4,-0.3]
31.925614999985555	EXP	button_left: size = [1,1]
31.925614999985555	EXP	button_left: lineWidth = 1
31.925614999985555	EXP	button_left: lineColor = {"_hex":"#000000","_rgb":[0,0,0]}
31.925614999985555	EXP	button_left: fillColor = {"_hex":"#FFFFFF","_rgb":[1,1,1]}
31.925614999985555	EXP	button_left: vertices = [[-0.5,0],[0,0.5],[0.5,0]]
31.925614999985555	EXP	button_left: closeShape = true
31.925614999985555	EXP	button_left: contrast = 1
31.925614999985555	EXP	button_left: depth = -5
31.925614999985555	EXP	button_left: interpolate = true
31.925614999985555	EXP	button_left: width = 0.4
31.925614999985555	EXP	button_left: vertices = [[-0.2,null],[0.2,null],[0.2,null],[-0.2,null]]
31.925614999985555	EXP	button_left: height = 0.2
31.925614999985555	EXP	button_left: vertices = [[-0.2,-0.1],[0.2,-0.1],[0.2,0.1],[-0.2,0.1]]
31.925614999985555	EXP	button_left: vertices = [[-0.2,-0.1],[0.2,-0.1],[0.2,0.1],[-0.2,0.1]]
31.925614999985555	EXP	button_right: units = "height"
31.925614999985555	EXP	button_right: ori = 0
31.925614999985555	EXP	button_right: opacity = 1
31.925614999985555	EXP	button_right: pos = [0.4,-0.3]
31.925614999985555	EXP	button_right: size = [1,1]
31.925614999985555	EXP	button_right: lineWidth = 1
31.925614999985555	EXP	button_right: lineColor = {"_hex":"#000000","_rgb":[0,0,0]}
31.925614999985555	EXP	button_right: fillColor = {"_hex":"#FFFFFF","_rgb":[1,1,1]}
31.925614999985555	EXP	button_right: vertices = [[-0.5,0],[0,0.5],[0.5,0]]
31.925614999985555	EXP	button_right: closeShape = true
31.925614999985555	EXP	button_right: contrast = 1
31.925614999985555	EXP	button_right: depth = -6
31.925614999985555	EXP	button_right: interpolate = true
31.925614999985555	EXP	button_right: width = 0.4
31.925614999985555	EXP	button_right: vertices = [[-0.2,null],[0.2,null],[0.2,null],[-0.2,null]]
31.925614999985555	EXP	button_right: height = 0.2
31.925614999985555	EXP	button_right: vertices = [[-0.2,-0.1],[0.2,-0.1],[0.2,0.1],[-0.2,0.1]]
31.925614999985555	EXP	button_right: vertices = [[-0.2,-0.1],[0.2,-0.1],[0.2,0.1],[-0.2,0.1]]
31.925614999985555	EXP	trial_label_right: units = "height"
31.925614999985555	EXP	trial_label_right: ori = 0
31.925614999985555	EXP	trial_label_right: opacity = 1
31.925614999985555	EXP	trial_label_right: pos = [0.4,-0.3]
31.925614999985555	EXP	trial_label_right: size = undefined
31.925614999985555	EXP	trial_label_right: text = "M = Word"
31.925614999985555	EXP	trial_label_right: font = "Courier New"
31.925614999985555	EXP	trial_label_right: color = {"_hex":"#000000","_rgb":[0,0,0]}
31.925614999985555	EXP	trial_label_right: contrast = 1
31.925614999985555	EXP	trial_label_right: height = 0.05
31.925614999985555	EXP	trial_label_right: bold = false
31.925614999985555	EXP	trial_label_right: italic = false
31.925614999985555	EXP	trial_label_right: alignHoriz = "left"
31.925614999985555	EXP	trial_label_right: alignVert = "center"
31.925614999985555	EXP	trial_label_right: wrapWidth = 1
31.925614999985555	EXP	trial_label_right: flipHoriz = false
31.925614999985555	EXP	trial_label_right: flipVert = false
31.925614999985555	EXP	trial_label_left_new: units = "height"
31.925614999985555	EXP	trial_label_left_new: ori = 0
31.925614999985555	EXP	trial_label_left_new: opacity = 1
31.925614999985555	EXP	trial_label_left_new: pos = [-0.4,-0.3]
31.925614999985555	EXP	trial_label_left_new: size = undefined
31.925614999985555	EXP	trial_label_left_new: text = "Z = Nonword"
31.925614999985555	EXP	trial_label_left_new: font = "Courier New"
31.925614999985555	EXP	trial_label_left_new: color = {"_hex":"#000000","_rgb":[0,0,0]}
31.925614999985555	EXP	trial_label_left_new: contrast = 1
31.925614999985555	EXP	trial_label_left_new: height = 0.05
31.925614999985555	EXP	trial_label_left_new: bold = false
31.925614999985555	EXP	trial_label_left_new: italic = false
31.925614999985555	EXP	trial_label_left_new: alignHoriz = "left"
31.925614999985555	EXP	trial_label_left_new: alignVert = "center"
31.925614999985555	EXP	trial_label_left_new: wrapWidth = 1
31.925614999985555	EXP	trial_label_left_new: flipHoriz = false
31.925614999985555	EXP	trial_label_left_new: flipVert = false
31.925614999985555	EXP	feedback_text: units = "height"
31.925614999985555	EXP	feedback_text: ori = 0
31.925614999985555	EXP	feedback_text: opacity = 1
31.925614999985555	EXP	feedback_text: pos = [0,0]
31.925614999985555	EXP	feedback_text: size = undefined
31.925614999985555	EXP	feedback_text: text = "default text"
31.925614999985555	EXP	feedback_text: font = "Courier New"
31.925614999985555	EXP	feedback_text: color = {"_hex":"#FFFFFF","_rgb":[1,1,1]}
31.925614999985555	EXP	feedback_text: contrast = 1
31.925614999985555	EXP	feedback_text: height = 0.05
31.925614999985555	EXP	feedback_text: bold = false
31.925614999985555	EXP	feedback_text: italic = false
31.925614999985555	EXP	feedback_text: alignHoriz = "left"
31.925614999985555	EXP	feedback_text: alignVert = "center"
31.925614999985555	EXP	feedback_text: wrapWidth = 1
31.925614999985555	EXP	feedback_text: flipHoriz = false
31.925614999985555	EXP	feedback_text: flipVert = false
31.925614999985555	EXP	button_left_2: units = "height"
31.925614999985555	EXP	button_left_2: ori = 0
31.925614999985555	EXP	button_left_2: opacity = 1
31.925614999985555	EXP	button_left_2: pos = [-0.4,-0.3]
31.925614999985555	EXP	button_left_2: size = [1,1]
31.925614999985555	EXP	button_left_2: lineWidth = 1
31.925614999985555	EXP	button_left_2: lineColor = {"_hex":"#000000","_rgb":[0,0,0]}
31.925614999985555	EXP	button_left_2: fillColor = {"_hex":"#FFFFFF","_rgb":[1,1,1]}
31.925614999985555	EXP	button_left_2: vertices = [[-0.5,0],[0,0.5],[0.5,0]]
31.925614999985555	EXP	button_left_2: closeShape = true
31.925614999985555	EXP	button_left_2: contrast = 1
31.925614999985555	EXP	button_left_2: depth = -2
31.925614999985555	EXP	button_left_2: interpolate = true
31.925614999985555	EXP	button_left_2: width = 0.4
31.925614999985555	EXP	button_left_2: vertices = [[-0.2,null],[0.2,null],[0.2,null],[-0.2,null]]
31.925614999985555	EXP	button_left_2: height = 0.2
31.925614999985555	EXP	button_left_2: vertices = [[-0.2,-0.1],[0.2,-0.1],[0.2,0.1],[-0.2,0.1]]
31.925614999985555	EXP	button_left_2: vertices = [[-0.2,-0.1],[0.2,-0.1],[0.2,0.1],[-0.2,0.1]]
31.925614999985555	EXP	button_right_2: units = "height"
31.925614999985555	EXP	button_right_2: ori = 0
31.925614999985555	EXP	button_right_2: opacity = 1
31.925614999985555	EXP	button_right_2: pos = [0.4,-0.3]
31.925614999985555	EXP	button_right_2: size = [1,1]
31.925614999985555	EXP	button_right_2: lineWidth = 1
31.925614999985555	EXP	button_right_2: lineColor = {"_hex":"#000000","_rgb":[0,0,0]}
31.925614999985555	EXP	button_right_2: fillColor = {"_hex":"#FFFFFF","_rgb":[1,1,1]}
31.925614999985555	EXP	button_right_2: vertices = [[-0.5,0],[0,0.5],[0.5,0]]
31.925614999985555	EXP	button_right_2: closeShape = true
31.925614999985555	EXP	button_right_2: contrast = 1
31.925614999985555	EXP	button_right_2: depth = -3
31.925614999985555	EXP	button_right_2: interpolate = true
31.925614999985555	EXP	button_right_2: width = 0.4
31.925614999985555	EXP	button_right_2: vertices = [[-0.2,null],[0.2,null],[0.2,null],[-0.2,null]]
31.925614999985555	EXP	button_right_2: height = 0.2
31.925614999985555	EXP	button_right_2: vertices = [[-0.2,-0.1],[0.2,-0.1],[0.2,0.1],[-0.2,0.1]]
31.925614999985555	EXP	button_right_2: vertices = [[-0.2,-0.1],[0.2,-0.1],[0.2,0.1],[-0.2,0.1]]
31.925614999985555	EXP	trial_label_left_2: units = "height"
31.925614999985555	EXP	trial_label_left_2: ori = 0
31.925614999985555	EXP	trial_label_left_2: opacity = 1
31.925614999985555	EXP	trial_label_left_2: pos = [-0.4,-0.3]
31.925614999985555	EXP	trial_label_left_2: size = undefined
31.925614999985555	EXP	trial_label_left_2: text = "Z = Nonword"
31.925614999985555	EXP	trial_label_left_2: font = "Courier New"
31.925614999985555	EXP	trial_label_left_2: color = {"_hex":"#000000","_rgb":[0,0,0]}
31.925614999985555	EXP	trial_label_left_2: contrast = 1
31.925614999985555	EXP	trial_label_left_2: height = 0.05
31.925614999985555	EXP	trial_label_left_2: bold = false
31.925614999985555	EXP	trial_label_left_2: italic = false
31.925614999985555	EXP	trial_label_left_2: alignHoriz = "left"
31.925614999985555	EXP	trial_label_left_2: alignVert = "center"
31.925614999985555	EXP	trial_label_left_2: wrapWidth = 1
31.925614999985555	EXP	trial_label_left_2: flipHoriz = false
31.925614999985555	EXP	trial_label_left_2: flipVert = false
31.925614999985555	EXP	trial_label_right_2: units = "height"
31.925614999985555	EXP	trial_label_right_2: ori = 0
31.925614999985555	EXP	trial_label_right_2: opacity = 1
31.925614999985555	EXP	trial_label_right_2: pos = [0.4,-0.3]
31.925614999985555	EXP	trial_label_right_2: size = undefined
31.925614999985555	EXP	trial_label_right_2: text = "M = Word"
31.925614999985555	EXP	trial_label_right_2: font = "Courier New"
31.925614999985555	EXP	trial_label_right_2: color = {"_hex":"#000000","_rgb":[0,0,0]}
31.925614999985555	EXP	trial_label_right_2: contrast = 1
31.925614999985555	EXP	trial_label_right_2: height = 0.05
31.925614999985555	EXP	trial_label_right_2: bold = false
31.925614999985555	EXP	trial_label_right_2: italic = false
31.925614999985555	EXP	trial_label_right_2: alignHoriz = "left"
31.925614999985555	EXP	trial_label_right_2: alignVert = "center"
31.925614999985555	EXP	trial_label_right_2: wrapWidth = 1
31.925614999985555	EXP	trial_label_right_2: flipHoriz = false
31.925614999985555	EXP	trial_label_right_2: flipVert = false
31.925614999985555	EXP	break_text: units = "height"
31.925614999985555	EXP	break_text: ori = 0
31.925614999985555	EXP	break_text: opacity = 1
31.925614999985555	EXP	break_text: pos = [0,0]
31.925614999985555	EXP	break_text: size = undefined
31.925614999985555	EXP	break_text: text = "default text"
31.925614999985555	EXP	break_text: font = "Courier New"
31.925614999985555	EXP	break_text: color = {"_hex":"#000000","_rgb":[0,0,0]}
31.925614999985555	EXP	break_text: contrast = 1
31.925614999985555	EXP	break_text: height = 0.05
31.925614999985555	EXP	break_text: bold = false
31.925614999985555	EXP	break_text: italic = false
31.925614999985555	EXP	break_text: alignHoriz = "left"
31.925614999985555	EXP	break_text: alignVert = "center"
31.925614999985555	EXP	break_text: wrapWidth = 1
31.925614999985555	EXP	break_text: flipHoriz = false
31.925614999985555	EXP	break_text: flipVert = false
31.925614999985555	EXP	break_done_button: units = "height"
31.925614999985555	EXP	break_done_button: ori = 0
31.925614999985555	EXP	break_done_button: opacity = 1
31.925614999985555	EXP	break_done_button: pos = [0,-0.4]
31.925614999985555	EXP	break_done_button: size = [1,1]
31.925614999985555	EXP	break_done_button: lineWidth = 1
31.925614999985555	EXP	break_done_button: lineColor = {"_hex":"#000000","_rgb":[0,0,0]}
31.925614999985555	EXP	break_done_button: fillColor = {"_hex":"#FFFFFF","_rgb":[1,1,1]}
31.925614999985555	EXP	break_done_button: vertices = [[-0.5,0],[0,0.5],[0.5,0]]
31.925614999985555	EXP	break_done_button: closeShape = true
31.925614999985555	EXP	break_done_button: contrast = 1
31.925614999985555	EXP	break_done_button: depth = -4
31.925614999985555	EXP	break_done_button: interpolate = true
31.925614999985555	EXP	break_done_button: width = 0.4
31.925614999985555	EXP	break_done_button: vertices = [[-0.2,null],[0.2,null],[0.2,null],[-0.2,null]]
31.925614999985555	EXP	break_done_button: height = 0.1
31.925614999985555	EXP	break_done_button: vertices = [[-0.2,-0.05],[0.2,-0.05],[0.2,0.05],[-0.2,0.05]]
31.925614999985555	EXP	break_done_button: vertices = [[-0.2,-0.05],[0.2,-0.05],[0.2,0.05],[-0.2,0.05]]
31.925614999985555	EXP	break_done_button_label: units = "height"
31.925614999985555	EXP	break_done_button_label: ori = 0
31.925614999985555	EXP	break_done_button_label: opacity = 1
31.925614999985555	EXP	break_done_button_label: pos = [0,-0.4]
31.925614999985555	EXP	break_done_button_label: size = undefined
31.925614999985555	EXP	break_done_button_label: text = "Continue"
31.925614999985555	EXP	break_done_button_label: font = "Courier New"
31.925614999985555	EXP	break_done_button_label: color = {"_hex":"#000000","_rgb":[0,0,0]}
31.925614999985555	EXP	break_done_button_label: contrast = 1
31.925614999985555	EXP	break_done_button_label: height = 0.05
31.925614999985555	EXP	break_done_button_label: bold = false
31.925614999985555	EXP	break_done_button_label: italic = false
31.925614999985555	EXP	break_done_button_label: alignHoriz = "left"
31.925614999985555	EXP	break_done_button_label: alignVert = "center"
31.925614999985555	EXP	break_done_button_label: wrapWidth = 1
31.925614999985555	EXP	break_done_button_label: flipHoriz = false
31.925614999985555	EXP	break_done_button_label: flipVert = false
31.925614999985555	EXP	thank_you: units = "height"
31.925614999985555	EXP	thank_you: ori = 0
31.925614999985555	EXP	thank_you: opacity = 1
31.925614999985555	EXP	thank_you: pos = [0,0]
31.925614999985555	EXP	thank_you: size = undefined
31.925614999985555	EXP	thank_you: text = "This is the end of the experiment.\n\nPlease do NOT close this window until you have been redirected to the debrief page. \n\nPlease wait for the message Thank you for your patience to appear and then click OK to continue to the debrief page.\n\nYou must go to the debrief page in order for your participation to be recorded."
31.925614999985555	EXP	thank_you: font = "Courier New"
31.925614999985555	EXP	thank_you: color = {"_hex":"#000000","_rgb":[0,0,0]}
31.925614999985555	EXP	thank_you: contrast = 1
31.925614999985555	EXP	thank_you: height = 1
31.925614999985555	EXP	thank_you: bold = false
31.925614999985555	EXP	thank_you: italic = false
31.925614999985555	EXP	thank_you: alignHoriz = "left"
31.925614999985555	EXP	thank_you: alignVert = "center"
31.925614999985555	EXP	thank_you: wrapWidth = 1
31.925614999985555	EXP	thank_you: flipHoriz = false
31.925614999985555	EXP	thank_you: flipVert = false
31.925614999985555	EXP	instructions: text = "INSTRUCTIONS\r\nAt the start of each trial, look at the hash marks (######) in the center of the screen. After a moment, a string of letters will appear. Your task is to indicate if the letter string forms a word or not (i.e., if it is a nonword). For example, AUTHOR is a word while AUTHON is a nonword.\r\n\r\nPress the space bar or touch the button below to continue."
31.925614999985555	EXP	instructions_image: image = undefined
31.925614999985555	EXP	instructions: autoDraw = true
31.925614999985555	EXP	instr_done_button: autoDraw = true
31.925614999985555	EXP	instr_done_label: autoDraw = true
50.569224999984726	DATA	Keydown:  
50.72265999999945	EXP	instructions: autoDraw = false
50.72265999999945	EXP	instr_done_button: autoDraw = false
50.72265999999945	EXP	instr_done_label: autoDraw = false
50.72265999999945	EXP	instructions_image: autoDraw = false
50.72265999999945	EXP	instructions: text = "If your device has a keyboard, press the 'Z' key for nonwords and the 'M' key for words.\r\n\r\n\r\n\r\n\r\n\r\nPress the space bar or touch the button below to continue."
50.72265999999945	EXP	instructions_image: image = {}
50.72265999999945	EXP	instructions: autoDraw = true
50.72265999999945	EXP	instr_done_button: autoDraw = true
50.72265999999945	EXP	instr_done_label: autoDraw = true
50.72265999999945	EXP	instructions_image: autoDraw = true
653.6127749999869	DATA	Keydown: Control
658.6647749999829	DATA	Keydown: F11
664.2840549999964	DATA	Keydown:  
664.385340000008	EXP	instructions: autoDraw = false
664.385340000008	EXP	instr_done_button: autoDraw = false
664.385340000008	EXP	instr_done_label: autoDraw = false
664.385340000008	EXP	instructions_image: autoDraw = false
664.385340000008	EXP	instructions: text = "If you are using a touchscreen only device, use the buttons on the screen. Do not use the mouse.\r\n\r\n\r\n\r\n\r\n\r\nPress the space bar or touch the button below to continue."
664.385340000008	EXP	instructions_image: image = {}
664.385340000008	EXP	instructions: autoDraw = true
664.385340000008	EXP	instr_done_button: autoDraw = true
664.385340000008	EXP	instr_done_label: autoDraw = true
664.385340000008	EXP	instructions_image: autoDraw = true
674.1029549999803	DATA	Keydown:  
674.1759350000066	EXP	instructions: autoDraw = false
674.1759350000066	EXP	instr_done_button: autoDraw = false
674.1759350000066	EXP	instr_done_label: autoDraw = false
674.1759350000066	EXP	instructions_image: autoDraw = false
674.1759350000066	EXP	instructions: text = "It is very important that you respond as quickly and accurately as possible, as each letter string will only be on the screen for two seconds. If you do not respond within this time, the message 'Too slow!' will be displayed and the experiment will progress to the next letter string. The first 20 trials will be practice trials and you will receive feedback on your answers. \r\n\r\nPress the space bar or touch the button below to start the practice trials."
674.1759350000066	EXP	instructions_image: image = undefined
674.1759350000066	EXP	instructions: autoDraw = true
674.1759350000066	EXP	instr_done_button: autoDraw = true
674.1759350000066	EXP	instr_done_label: autoDraw = true
687.238394999993	DATA	Keydown: Escape
